Path to Cutadapt set as: 'cutadapt' (default)
Cutadapt seems to be working fine (tested command 'cutadapt --version')
Cutadapt version: 4.1
Could not detect version of Python used by Cutadapt from the first line of Cutadapt (but found this: >>>#!/bin/sh<<<)
Letting the (modified) Cutadapt deal with the Python version instead
Parallel gzip (pigz) detected. Proceeding with multicore (de)compression using 2 cores

No quality encoding type selected. Assuming that the data provided uses Sanger encoded Phred scores (default)

Output will be written into the directory: /workspace/home/nasirja/covid-19-signal/subset_viral_7_results_dir/SC2285/adapter_trimmed/


AUTO-DETECTING ADAPTER TYPE
===========================
Attempting to auto-detect adapter type from the first 1 million sequences of the first file (>> SC2285/host_removal/SC2285_R1.fastq.gz <<)

Found perfect matches for the following adapter sequences:
Adapter type	Count	Sequence	Sequences analysed	Percentage
Illumina	37559	AGATCGGAAGAGC	213934	17.56
Nextera	0	CTGTCTCTTATA	213934	0.00
smallRNA	0	TGGAATTCTCGG	213934	0.00
Using Illumina adapter for trimming (count: 37559). Second best hit was Nextera (count: 0)

Writing report to '/workspace/home/nasirja/covid-19-signal/subset_viral_7_results_dir/SC2285/adapter_trimmed/SC2285_R1.fastq.gz_trimming_report.txt'

SUMMARISING RUN PARAMETERS
==========================
Input filename: SC2285/host_removal/SC2285_R1.fastq.gz
Trimming mode: paired-end
Trim Galore version: 0.6.4_dev
Cutadapt version: 4.1
Python version: could not detect
Number of cores used for trimming: 2
Quality Phred score cutoff: 20
Quality encoding type selected: ASCII+33
Adapter sequence: 'AGATCGGAAGAGC' (Illumina TruSeq, Sanger iPCR; auto-detected)
Maximum trimming error rate: 0.1 (default)
Minimum required adapter overlap (stringency): 1 bp
Minimum required sequence length for both reads before a sequence pair gets removed: 20 bp
Running FastQC on the data once trimming has completed
Output file(s) will be GZIP compressed

Cutadapt seems to be fairly up-to-date (version 4.1). Setting -j 2
Writing final adapter and quality trimmed output to SC2285_R1_trimmed.fq.gz


  >>> Now performing quality (cutoff '-q 20') and adapter trimming in a single pass for the adapter sequence: 'AGATCGGAAGAGC' from file SC2285/host_removal/SC2285_R1.fastq.gz <<< 
This is cutadapt 4.1 with Python 3.9.13
Command line parameters: -j 2 -e 0.1 -q 20 -O 1 -a AGATCGGAAGAGC SC2285/host_removal/SC2285_R1.fastq.gz
Processing single-end reads on 2 cores ...
Finished in 6.48 s (30 µs/read; 1.98 M reads/minute).

=== Summary ===

Total reads processed:                 213,934
Reads with adapters:                    99,356 (46.4%)
Reads written (passing filters):       213,934 (100.0%)

Total basepairs processed:    53,697,434 bp
Quality-trimmed:               2,417,583 bp (4.5%)
Total written (filtered):     48,964,130 bp (91.2%)

=== Adapter 1 ===

Sequence: AGATCGGAAGAGC; Type: regular 3'; Length: 13; Trimmed: 99356 times

Minimum overlap: 1
No. of allowed errors:
1-9 bp: 0; 10-13 bp: 1

Bases preceding removed adapters:
  A: 30.4%
  C: 13.9%
  G: 9.6%
  T: 45.4%
  none/other: 0.7%

Overview of removed sequences
length	count	expect	max.err	error counts
1	39970	53483.5	0	39970
2	12004	13370.9	0	12004
3	968	3342.7	0	968
4	344	835.7	0	344
5	121	208.9	0	121
6	147	52.2	0	147
7	4307	13.1	0	4307
8	177	3.3	0	177
9	417	0.8	0	417
10	532	0.2	1	492 40
11	112	0.1	1	96 16
12	845	0.0	1	814 31
13	601	0.0	1	572 29
14	115	0.0	1	103 12
15	99	0.0	1	89 10
16	84	0.0	1	68 16
17	127	0.0	1	112 15
18	161	0.0	1	152 9
19	153	0.0	1	141 12
20	776	0.0	1	730 46
21	1002	0.0	1	948 54
22	1126	0.0	1	1061 65
23	1237	0.0	1	1192 45
24	532	0.0	1	504 28
25	1357	0.0	1	1294 63
26	675	0.0	1	610 65
27	1027	0.0	1	957 70
28	4867	0.0	1	4670 197
29	1832	0.0	1	1718 114
30	760	0.0	1	721 39
31	306	0.0	1	273 33
32	441	0.0	1	406 35
33	110	0.0	1	95 15
34	315	0.0	1	265 50
35	184	0.0	1	154 30
36	75	0.0	1	59 16
37	138	0.0	1	125 13
38	70	0.0	1	61 9
39	155	0.0	1	137 18
40	327	0.0	1	309 18
41	173	0.0	1	152 21
42	441	0.0	1	410 31
43	671	0.0	1	640 31
44	261	0.0	1	248 13
45	937	0.0	1	912 25
46	714	0.0	1	684 30
47	256	0.0	1	222 34
48	107	0.0	1	90 17
49	163	0.0	1	142 21
50	142	0.0	1	129 13
51	982	0.0	1	937 45
52	140	0.0	1	101 39
53	101	0.0	1	82 19
54	226	0.0	1	184 42
55	334	0.0	1	311 23
56	95	0.0	1	85 10
57	103	0.0	1	89 14
58	102	0.0	1	94 8
59	341	0.0	1	319 22
60	126	0.0	1	118 8
61	159	0.0	1	144 15
62	107	0.0	1	98 9
63	127	0.0	1	113 14
64	90	0.0	1	79 11
65	259	0.0	1	244 15
66	111	0.0	1	93 18
67	49	0.0	1	40 9
68	84	0.0	1	71 13
69	128	0.0	1	101 27
70	99	0.0	1	87 12
71	149	0.0	1	127 22
72	221	0.0	1	194 27
73	308	0.0	1	263 45
74	438	0.0	1	371 67
75	849	0.0	1	766 83
76	2128	0.0	1	2031 97
77	1464	0.0	1	1396 68
78	907	0.0	1	861 46
79	582	0.0	1	552 30
80	378	0.0	1	346 32
81	260	0.0	1	245 15
82	204	0.0	1	190 14
83	142	0.0	1	133 9
84	155	0.0	1	140 15
85	130	0.0	1	117 13
86	125	0.0	1	109 16
87	106	0.0	1	95 11
88	105	0.0	1	88 17
89	103	0.0	1	96 7
90	72	0.0	1	62 10
91	69	0.0	1	63 6
92	100	0.0	1	87 13
93	104	0.0	1	95 9
94	475	0.0	1	458 17
95	75	0.0	1	65 10
96	79	0.0	1	67 12
97	42	0.0	1	36 6
98	39	0.0	1	31 8
99	34	0.0	1	31 3
100	38	0.0	1	33 5
101	41	0.0	1	37 4
102	34	0.0	1	34
103	50	0.0	1	46 4
104	35	0.0	1	32 3
105	27	0.0	1	21 6
106	50	0.0	1	48 2
107	51	0.0	1	42 9
108	54	0.0	1	48 6
109	39	0.0	1	37 2
110	31	0.0	1	24 7
111	35	0.0	1	32 3
112	30	0.0	1	28 2
113	46	0.0	1	43 3
114	57	0.0	1	51 6
115	20	0.0	1	18 2
116	35	0.0	1	32 3
117	33	0.0	1	30 3
118	22	0.0	1	19 3
119	31	0.0	1	29 2
120	22	0.0	1	20 2
121	13	0.0	1	10 3
122	26	0.0	1	24 2
123	49	0.0	1	43 6
124	22	0.0	1	18 4
125	19	0.0	1	15 4
126	29	0.0	1	24 5
127	38	0.0	1	36 2
128	31	0.0	1	28 3
129	36	0.0	1	34 2
130	12	0.0	1	11 1
131	18	0.0	1	14 4
132	15	0.0	1	9 6
133	38	0.0	1	35 3
134	40	0.0	1	35 5
135	25	0.0	1	23 2
136	31	0.0	1	27 4
137	26	0.0	1	23 3
138	17	0.0	1	14 3
139	29	0.0	1	25 4
140	13	0.0	1	8 5
141	16	0.0	1	14 2
142	8	0.0	1	7 1
143	18	0.0	1	16 2
144	11	0.0	1	8 3
145	13	0.0	1	8 5
146	25	0.0	1	22 3
147	37	0.0	1	36 1
148	35	0.0	1	32 3
149	30	0.0	1	23 7
150	9	0.0	1	8 1
151	16	0.0	1	13 3
152	11	0.0	1	9 2
153	22	0.0	1	16 6
154	24	0.0	1	21 3
155	18	0.0	1	17 1
156	25	0.0	1	24 1
157	17	0.0	1	13 4
158	8	0.0	1	7 1
159	11	0.0	1	10 1
160	14	0.0	1	12 2
161	14	0.0	1	12 2
162	17	0.0	1	14 3
163	13	0.0	1	6 7
164	11	0.0	1	10 1
165	13	0.0	1	11 2
166	13	0.0	1	12 1
167	26	0.0	1	21 5
168	19	0.0	1	16 3
169	15	0.0	1	13 2
170	10	0.0	1	10
171	9	0.0	1	6 3
172	12	0.0	1	10 2
173	7	0.0	1	5 2
174	25	0.0	1	21 4
175	15	0.0	1	13 2
176	17	0.0	1	15 2
177	9	0.0	1	6 3
178	8	0.0	1	7 1
179	18	0.0	1	17 1
180	5	0.0	1	3 2
181	13	0.0	1	12 1
182	16	0.0	1	16
183	9	0.0	1	8 1
184	9	0.0	1	9
185	13	0.0	1	11 2
186	12	0.0	1	10 2
187	17	0.0	1	17
188	26	0.0	1	26
189	40	0.0	1	39 1
190	50	0.0	1	48 2
191	30	0.0	1	27 3
192	25	0.0	1	23 2
193	27	0.0	1	23 4
194	18	0.0	1	16 2
195	12	0.0	1	11 1
196	19	0.0	1	18 1
197	21	0.0	1	20 1
198	22	0.0	1	20 2
199	22	0.0	1	20 2
200	25	0.0	1	25
201	20	0.0	1	19 1
202	32	0.0	1	30 2
203	71	0.0	1	70 1
204	44	0.0	1	43 1
205	58	0.0	1	58
206	63	0.0	1	60 3
207	67	0.0	1	65 2
208	65	0.0	1	65
209	78	0.0	1	75 3
210	66	0.0	1	63 3
211	42	0.0	1	41 1
212	20	0.0	1	19 1
213	28	0.0	1	26 2
214	17	0.0	1	17
215	21	0.0	1	20 1
216	10	0.0	1	9 1
217	10	0.0	1	10
218	3	0.0	1	3
219	2	0.0	1	1 1
220	2	0.0	1	2
222	4	0.0	1	3 1
223	2	0.0	1	2
224	2	0.0	1	1 1
225	1	0.0	1	0 1
226	1	0.0	1	1
228	1	0.0	1	1
229	1	0.0	1	1
231	1	0.0	1	1
232	2	0.0	1	1 1
233	1	0.0	1	0 1
236	1	0.0	1	0 1
237	1	0.0	1	0 1
240	2	0.0	1	1 1
242	1	0.0	1	0 1
243	1	0.0	1	0 1
245	1	0.0	1	1
246	1	0.0	1	0 1
247	2	0.0	1	0 2
248	3	0.0	1	0 3
249	6	0.0	1	0 6
250	8	0.0	1	0 8
251	149	0.0	1	0 149

RUN STATISTICS FOR INPUT FILE: SC2285/host_removal/SC2285_R1.fastq.gz
=============================================
213934 sequences processed in total
The length threshold of paired-end sequences gets evaluated later on (in the validation step)

Writing report to '/workspace/home/nasirja/covid-19-signal/subset_viral_7_results_dir/SC2285/adapter_trimmed/SC2285_R2.fastq.gz_trimming_report.txt'

SUMMARISING RUN PARAMETERS
==========================
Input filename: SC2285/host_removal/SC2285_R2.fastq.gz
Trimming mode: paired-end
Trim Galore version: 0.6.4_dev
Cutadapt version: 4.1
Python version: could not detect
Number of cores used for trimming: 2
Quality Phred score cutoff: 20
Quality encoding type selected: ASCII+33
Adapter sequence: 'AGATCGGAAGAGC' (Illumina TruSeq, Sanger iPCR; auto-detected)
Maximum trimming error rate: 0.1 (default)
Minimum required adapter overlap (stringency): 1 bp
Minimum required sequence length for both reads before a sequence pair gets removed: 20 bp
Running FastQC on the data once trimming has completed
Output file(s) will be GZIP compressed

Cutadapt seems to be fairly up-to-date (version 4.1). Setting -j -j 2
Writing final adapter and quality trimmed output to SC2285_R2_trimmed.fq.gz


  >>> Now performing quality (cutoff '-q 20') and adapter trimming in a single pass for the adapter sequence: 'AGATCGGAAGAGC' from file SC2285/host_removal/SC2285_R2.fastq.gz <<< 
This is cutadapt 4.1 with Python 3.9.13
Command line parameters: -j 2 -e 0.1 -q 20 -O 1 -a AGATCGGAAGAGC SC2285/host_removal/SC2285_R2.fastq.gz
Processing single-end reads on 2 cores ...
Finished in 6.53 s (31 µs/read; 1.96 M reads/minute).

=== Summary ===

Total reads processed:                 213,934
Reads with adapters:                    99,425 (46.5%)
Reads written (passing filters):       213,934 (100.0%)

Total basepairs processed:    53,697,434 bp
Quality-trimmed:               4,277,382 bp (8.0%)
Total written (filtered):     47,571,735 bp (88.6%)

=== Adapter 1 ===

Sequence: AGATCGGAAGAGC; Type: regular 3'; Length: 13; Trimmed: 99425 times

Minimum overlap: 1
No. of allowed errors:
1-9 bp: 0; 10-13 bp: 1

Bases preceding removed adapters:
  A: 33.4%
  C: 13.7%
  G: 9.6%
  T: 42.4%
  none/other: 0.9%

Overview of removed sequences
length	count	expect	max.err	error counts
1	42852	53483.5	0	42852
2	12582	13370.9	0	12582
3	1217	3342.7	0	1217
4	319	835.7	0	319
5	84	208.9	0	84
6	134	52.2	0	134
7	4365	13.1	0	4365
8	172	3.3	0	172
9	517	0.8	0	515 2
10	557	0.2	1	516 41
11	146	0.1	1	122 24
12	953	0.0	1	909 44
13	239	0.0	1	218 21
14	372	0.0	1	340 32
15	98	0.0	1	82 16
16	139	0.0	1	125 14
17	356	0.0	1	323 33
18	133	0.0	1	116 17
19	376	0.0	1	353 23
20	885	0.0	1	832 53
21	216	0.0	1	204 12
22	205	0.0	1	192 13
23	2322	0.0	1	2170 152
24	1397	0.0	1	1316 81
25	391	0.0	1	348 43
26	1205	0.0	1	1136 69
27	1224	0.0	1	1135 89
28	5316	0.0	1	5098 218
29	458	0.0	1	403 55
30	1129	0.0	1	1066 63
31	97	0.0	1	78 19
32	588	0.0	1	531 57
33	269	0.0	1	242 27
34	307	0.0	1	285 22
35	129	0.0	1	116 13
36	199	0.0	1	181 18
37	289	0.0	1	269 20
38	395	0.0	1	366 29
39	1113	0.0	1	1067 46
40	515	0.0	1	485 30
41	666	0.0	1	640 26
42	745	0.0	1	716 29
43	684	0.0	1	661 23
44	637	0.0	1	608 29
45	1315	0.0	1	1275 40
46	495	0.0	1	471 24
47	394	0.0	1	382 12
48	184	0.0	1	177 7
49	168	0.0	1	163 5
50	124	0.0	1	120 4
51	368	0.0	1	354 14
52	88	0.0	1	78 10
53	106	0.0	1	98 8
54	247	0.0	1	239 8
55	87	0.0	1	83 4
56	266	0.0	1	247 19
57	354	0.0	1	349 5
58	187	0.0	1	186 1
59	63	0.0	1	61 2
60	79	0.0	1	77 2
61	26	0.0	1	26
62	29	0.0	1	27 2
63	46	0.0	1	43 3
64	21	0.0	1	19 2
65	43	0.0	1	40 3
66	11	0.0	1	9 2
67	10	0.0	1	6 4
68	8	0.0	1	7 1
69	11	0.0	1	8 3
70	14	0.0	1	13 1
71	7	0.0	1	6 1
72	7	0.0	1	5 2
73	21	0.0	1	19 2
74	19	0.0	1	17 2
75	52	0.0	1	43 9
76	253	0.0	1	242 11
77	146	0.0	1	123 23
78	233	0.0	1	204 29
79	335	0.0	1	286 49
80	785	0.0	1	692 93
81	868	0.0	1	776 92
82	703	0.0	1	625 78
83	435	0.0	1	396 39
84	322	0.0	1	292 30
85	190	0.0	1	165 25
86	168	0.0	1	149 19
87	131	0.0	1	109 22
88	101	0.0	1	82 19
89	96	0.0	1	83 13
90	65	0.0	1	57 8
91	79	0.0	1	73 6
92	80	0.0	1	72 8
93	59	0.0	1	48 11
94	378	0.0	1	361 17
95	64	0.0	1	57 7
96	43	0.0	1	38 5
97	39	0.0	1	30 9
98	35	0.0	1	28 7
99	29	0.0	1	26 3
100	22	0.0	1	19 3
101	24	0.0	1	21 3
102	29	0.0	1	24 5
103	23	0.0	1	21 2
104	17	0.0	1	15 2
105	12	0.0	1	11 1
106	14	0.0	1	12 2
107	33	0.0	1	24 9
108	21	0.0	1	14 7
109	27	0.0	1	18 9
110	13	0.0	1	7 6
111	19	0.0	1	13 6
112	25	0.0	1	21 4
113	12	0.0	1	8 4
114	31	0.0	1	27 4
115	10	0.0	1	8 2
116	21	0.0	1	16 5
117	16	0.0	1	12 4
118	17	0.0	1	12 5
119	10	0.0	1	8 2
120	9	0.0	1	5 4
121	10	0.0	1	6 4
122	9	0.0	1	6 3
123	29	0.0	1	26 3
124	10	0.0	1	8 2
125	7	0.0	1	6 1
126	13	0.0	1	9 4
127	23	0.0	1	18 5
128	14	0.0	1	11 3
129	15	0.0	1	10 5
130	10	0.0	1	6 4
131	11	0.0	1	8 3
132	4	0.0	1	3 1
133	10	0.0	1	6 4
134	17	0.0	1	16 1
135	11	0.0	1	3 8
136	14	0.0	1	11 3
137	10	0.0	1	8 2
138	5	0.0	1	1 4
139	8	0.0	1	4 4
140	6	0.0	1	4 2
141	11	0.0	1	9 2
142	5	0.0	1	2 3
143	9	0.0	1	7 2
144	5	0.0	1	1 4
145	12	0.0	1	6 6
146	9	0.0	1	7 2
147	11	0.0	1	9 2
148	22	0.0	1	20 2
149	17	0.0	1	14 3
150	7	0.0	1	6 1
151	9	0.0	1	7 2
152	4	0.0	1	2 2
153	9	0.0	1	6 3
154	13	0.0	1	12 1
155	9	0.0	1	7 2
156	10	0.0	1	7 3
157	7	0.0	1	7
158	7	0.0	1	3 4
159	4	0.0	1	4
160	6	0.0	1	6
161	9	0.0	1	8 1
162	11	0.0	1	9 2
163	6	0.0	1	6
164	1	0.0	1	1
165	4	0.0	1	4
166	9	0.0	1	9
167	10	0.0	1	9 1
168	11	0.0	1	10 1
169	8	0.0	1	7 1
170	10	0.0	1	10
171	2	0.0	1	2
172	5	0.0	1	5
173	5	0.0	1	5
174	16	0.0	1	16
175	9	0.0	1	8 1
176	15	0.0	1	13 2
177	9	0.0	1	8 1
178	4	0.0	1	2 2
179	14	0.0	1	12 2
180	8	0.0	1	7 1
181	9	0.0	1	7 2
182	11	0.0	1	10 1
183	7	0.0	1	6 1
184	13	0.0	1	12 1
185	2	0.0	1	2
186	3	0.0	1	2 1
187	11	0.0	1	11
188	14	0.0	1	13 1
189	26	0.0	1	26
190	33	0.0	1	33
191	23	0.0	1	22 1
192	10	0.0	1	9 1
193	16	0.0	1	12 4
194	16	0.0	1	15 1
195	7	0.0	1	7
196	11	0.0	1	10 1
197	18	0.0	1	18
198	17	0.0	1	17
199	16	0.0	1	16
200	19	0.0	1	19
201	10	0.0	1	10
202	32	0.0	1	30 2
203	49	0.0	1	47 2
204	26	0.0	1	26
205	41	0.0	1	40 1
206	51	0.0	1	49 2
207	42	0.0	1	42
208	47	0.0	1	43 4
209	43	0.0	1	43
210	37	0.0	1	37
211	18	0.0	1	18
212	11	0.0	1	11
213	20	0.0	1	19 1
214	23	0.0	1	23
215	22	0.0	1	21 1
216	6	0.0	1	6
217	16	0.0	1	16
218	5	0.0	1	5
219	1	0.0	1	1
221	1	0.0	1	1
222	3	0.0	1	3
226	1	0.0	1	1
227	1	0.0	1	1
231	1	0.0	1	1
234	2	0.0	1	2
235	1	0.0	1	1
237	1	0.0	1	0 1
247	1	0.0	1	0 1
248	1	0.0	1	0 1
249	2	0.0	1	0 2
250	8	0.0	1	0 8
251	148	0.0	1	0 148

RUN STATISTICS FOR INPUT FILE: SC2285/host_removal/SC2285_R2.fastq.gz
=============================================
213934 sequences processed in total
The length threshold of paired-end sequences gets evaluated later on (in the validation step)

Validate paired-end files SC2285_R1_trimmed.fq.gz and SC2285_R2_trimmed.fq.gz
file_1: SC2285_R1_trimmed.fq.gz, file_2: SC2285_R2_trimmed.fq.gz


>>>>> Now validing the length of the 2 paired-end infiles: SC2285_R1_trimmed.fq.gz and SC2285_R2_trimmed.fq.gz <<<<<
Writing validated paired-end Read 1 reads to SC2285_R1_val_1.fq.gz
Writing validated paired-end Read 2 reads to SC2285_R2_val_2.fq.gz

Total number of sequences analysed: 213934

Number of sequence pairs removed because at least one read was shorter than the length cutoff (20 bp): 1430 (0.67%)


  >>> Now running FastQC on the validated data SC2285_R1_val_1.fq.gz<<<

Started analysis of SC2285_R1_val_1.fq.gz
Approx 5% complete for SC2285_R1_val_1.fq.gz
Approx 10% complete for SC2285_R1_val_1.fq.gz
Approx 15% complete for SC2285_R1_val_1.fq.gz
Approx 20% complete for SC2285_R1_val_1.fq.gz
Approx 25% complete for SC2285_R1_val_1.fq.gz
Approx 30% complete for SC2285_R1_val_1.fq.gz
Approx 35% complete for SC2285_R1_val_1.fq.gz
Approx 40% complete for SC2285_R1_val_1.fq.gz
Approx 45% complete for SC2285_R1_val_1.fq.gz
Approx 50% complete for SC2285_R1_val_1.fq.gz
Approx 55% complete for SC2285_R1_val_1.fq.gz
Approx 60% complete for SC2285_R1_val_1.fq.gz
Approx 65% complete for SC2285_R1_val_1.fq.gz
Approx 70% complete for SC2285_R1_val_1.fq.gz
Approx 75% complete for SC2285_R1_val_1.fq.gz
Approx 80% complete for SC2285_R1_val_1.fq.gz
Approx 85% complete for SC2285_R1_val_1.fq.gz
Approx 90% complete for SC2285_R1_val_1.fq.gz
Approx 95% complete for SC2285_R1_val_1.fq.gz

  >>> Now running FastQC on the validated data SC2285_R2_val_2.fq.gz<<<

Started analysis of SC2285_R2_val_2.fq.gz
Approx 5% complete for SC2285_R2_val_2.fq.gz
Approx 10% complete for SC2285_R2_val_2.fq.gz
Approx 15% complete for SC2285_R2_val_2.fq.gz
Approx 20% complete for SC2285_R2_val_2.fq.gz
Approx 25% complete for SC2285_R2_val_2.fq.gz
Approx 30% complete for SC2285_R2_val_2.fq.gz
Approx 35% complete for SC2285_R2_val_2.fq.gz
Approx 40% complete for SC2285_R2_val_2.fq.gz
Approx 45% complete for SC2285_R2_val_2.fq.gz
Approx 50% complete for SC2285_R2_val_2.fq.gz
Approx 55% complete for SC2285_R2_val_2.fq.gz
Approx 60% complete for SC2285_R2_val_2.fq.gz
Approx 65% complete for SC2285_R2_val_2.fq.gz
Approx 70% complete for SC2285_R2_val_2.fq.gz
Approx 75% complete for SC2285_R2_val_2.fq.gz
Approx 80% complete for SC2285_R2_val_2.fq.gz
Approx 85% complete for SC2285_R2_val_2.fq.gz
Approx 90% complete for SC2285_R2_val_2.fq.gz
Approx 95% complete for SC2285_R2_val_2.fq.gz
Deleting both intermediate output files SC2285_R1_trimmed.fq.gz and SC2285_R2_trimmed.fq.gz

====================================================================================================

