Path to Cutadapt set as: 'cutadapt' (default)
Cutadapt seems to be working fine (tested command 'cutadapt --version')
Cutadapt version: 4.1
Could not detect version of Python used by Cutadapt from the first line of Cutadapt (but found this: >>>#!/bin/sh<<<)
Letting the (modified) Cutadapt deal with the Python version instead
Parallel gzip (pigz) detected. Proceeding with multicore (de)compression using 2 cores

No quality encoding type selected. Assuming that the data provided uses Sanger encoded Phred scores (default)

Output will be written into the directory: /workspace/home/nasirja/covid-19-signal/subset_viral_7_results_dir/SC2274/adapter_trimmed/


AUTO-DETECTING ADAPTER TYPE
===========================
Attempting to auto-detect adapter type from the first 1 million sequences of the first file (>> SC2274/host_removal/SC2274_R1.fastq.gz <<)

Found perfect matches for the following adapter sequences:
Adapter type	Count	Sequence	Sequences analysed	Percentage
Illumina	20008	AGATCGGAAGAGC	694325	2.88
smallRNA	0	TGGAATTCTCGG	694325	0.00
Nextera	0	CTGTCTCTTATA	694325	0.00
Using Illumina adapter for trimming (count: 20008). Second best hit was smallRNA (count: 0)

Writing report to '/workspace/home/nasirja/covid-19-signal/subset_viral_7_results_dir/SC2274/adapter_trimmed/SC2274_R1.fastq.gz_trimming_report.txt'

SUMMARISING RUN PARAMETERS
==========================
Input filename: SC2274/host_removal/SC2274_R1.fastq.gz
Trimming mode: paired-end
Trim Galore version: 0.6.4_dev
Cutadapt version: 4.1
Python version: could not detect
Number of cores used for trimming: 2
Quality Phred score cutoff: 20
Quality encoding type selected: ASCII+33
Adapter sequence: 'AGATCGGAAGAGC' (Illumina TruSeq, Sanger iPCR; auto-detected)
Maximum trimming error rate: 0.1 (default)
Minimum required adapter overlap (stringency): 1 bp
Minimum required sequence length for both reads before a sequence pair gets removed: 20 bp
Running FastQC on the data once trimming has completed
Output file(s) will be GZIP compressed

Cutadapt seems to be fairly up-to-date (version 4.1). Setting -j 2
Writing final adapter and quality trimmed output to SC2274_R1_trimmed.fq.gz


  >>> Now performing quality (cutoff '-q 20') and adapter trimming in a single pass for the adapter sequence: 'AGATCGGAAGAGC' from file SC2274/host_removal/SC2274_R1.fastq.gz <<< 
This is cutadapt 4.1 with Python 3.9.13
Command line parameters: -j 2 -e 0.1 -q 20 -O 1 -a AGATCGGAAGAGC SC2274/host_removal/SC2274_R1.fastq.gz
Processing single-end reads on 2 cores ...
Finished in 24.83 s (36 µs/read; 1.68 M reads/minute).

=== Summary ===

Total reads processed:                 694,325
Reads with adapters:                   253,109 (36.5%)
Reads written (passing filters):       694,325 (100.0%)

Total basepairs processed:   174,275,575 bp
Quality-trimmed:               2,105,017 bp (1.2%)
Total written (filtered):    169,575,997 bp (97.3%)

=== Adapter 1 ===

Sequence: AGATCGGAAGAGC; Type: regular 3'; Length: 13; Trimmed: 253109 times

Minimum overlap: 1
No. of allowed errors:
1-9 bp: 0; 10-13 bp: 1

Bases preceding removed adapters:
  A: 35.5%
  C: 19.0%
  G: 11.8%
  T: 31.8%
  none/other: 1.9%

Overview of removed sequences
length	count	expect	max.err	error counts
1	157245	173581.2	0	157245
2	56434	43395.3	0	56434
3	6186	10848.8	0	6186
4	2589	2712.2	0	2589
5	148	678.1	0	148
6	184	169.5	0	184
7	4006	42.4	0	4006
8	142	10.6	0	142
9	269	2.6	0	269
10	199	0.7	1	189 10
11	99	0.2	1	94 5
12	147	0.0	1	136 11
13	101	0.0	1	95 6
14	68	0.0	1	61 7
15	80	0.0	1	75 5
16	55	0.0	1	49 6
17	93	0.0	1	87 6
18	94	0.0	1	91 3
19	69	0.0	1	62 7
20	91	0.0	1	89 2
21	77	0.0	1	70 7
22	101	0.0	1	90 11
23	82	0.0	1	75 7
24	610	0.0	1	591 19
25	231	0.0	1	219 12
26	71	0.0	1	57 14
27	106	0.0	1	89 17
28	182	0.0	1	164 18
29	91	0.0	1	74 17
30	161	0.0	1	154 7
31	115	0.0	1	105 10
32	134	0.0	1	125 9
33	68	0.0	1	61 7
34	114	0.0	1	98 16
35	282	0.0	1	262 20
36	51	0.0	1	46 5
37	450	0.0	1	428 22
38	23	0.0	1	21 2
39	137	0.0	1	125 12
40	51	0.0	1	48 3
41	88	0.0	1	85 3
42	287	0.0	1	278 9
43	187	0.0	1	175 12
44	73	0.0	1	70 3
45	117	0.0	1	115 2
46	84	0.0	1	77 7
47	118	0.0	1	103 15
48	36	0.0	1	33 3
49	84	0.0	1	75 9
50	36	0.0	1	29 7
51	121	0.0	1	109 12
52	58	0.0	1	52 6
53	66	0.0	1	56 10
54	143	0.0	1	121 22
55	86	0.0	1	77 9
56	46	0.0	1	39 7
57	92	0.0	1	87 5
58	55	0.0	1	54 1
59	116	0.0	1	108 8
60	67	0.0	1	66 1
61	67	0.0	1	65 2
62	44	0.0	1	40 4
63	71	0.0	1	64 7
64	47	0.0	1	41 6
65	73	0.0	1	67 6
66	107	0.0	1	95 12
67	42	0.0	1	32 10
68	94	0.0	1	87 7
69	100	0.0	1	86 14
70	99	0.0	1	86 13
71	151	0.0	1	136 15
72	210	0.0	1	164 46
73	380	0.0	1	295 85
74	644	0.0	1	482 162
75	1241	0.0	1	889 352
76	2850	0.0	1	2447 403
77	2260	0.0	1	1904 356
78	1315	0.0	1	1101 214
79	807	0.0	1	634 173
80	549	0.0	1	447 102
81	394	0.0	1	300 94
82	296	0.0	1	226 70
83	246	0.0	1	172 74
84	193	0.0	1	138 55
85	169	0.0	1	129 40
86	144	0.0	1	104 40
87	145	0.0	1	112 33
88	120	0.0	1	90 30
89	128	0.0	1	101 27
90	99	0.0	1	66 33
91	89	0.0	1	65 24
92	86	0.0	1	64 22
93	110	0.0	1	86 24
94	340	0.0	1	317 23
95	121	0.0	1	86 35
96	155	0.0	1	133 22
97	125	0.0	1	105 20
98	56	0.0	1	46 10
99	56	0.0	1	38 18
100	41	0.0	1	34 7
101	50	0.0	1	39 11
102	48	0.0	1	37 11
103	43	0.0	1	33 10
104	41	0.0	1	27 14
105	87	0.0	1	77 10
106	45	0.0	1	25 20
107	50	0.0	1	41 9
108	48	0.0	1	33 15
109	49	0.0	1	39 10
110	36	0.0	1	26 10
111	71	0.0	1	60 11
112	36	0.0	1	26 10
113	66	0.0	1	52 14
114	50	0.0	1	33 17
115	30	0.0	1	22 8
116	49	0.0	1	31 18
117	72	0.0	1	59 13
118	28	0.0	1	15 13
119	30	0.0	1	23 7
120	24	0.0	1	11 13
121	30	0.0	1	15 15
122	32	0.0	1	19 13
123	59	0.0	1	37 22
124	30	0.0	1	20 10
125	21	0.0	1	9 12
126	35	0.0	1	20 15
127	101	0.0	1	84 17
128	31	0.0	1	16 15
129	31	0.0	1	15 16
130	30	0.0	1	20 10
131	28	0.0	1	19 9
132	27	0.0	1	13 14
133	47	0.0	1	32 15
134	40	0.0	1	23 17
135	36	0.0	1	17 19
136	30	0.0	1	17 13
137	22	0.0	1	8 14
138	25	0.0	1	3 22
139	23	0.0	1	10 13
140	34	0.0	1	16 18
141	63	0.0	1	43 20
142	20	0.0	1	9 11
143	22	0.0	1	12 10
144	21	0.0	1	8 13
145	25	0.0	1	11 14
146	41	0.0	1	33 8
147	46	0.0	1	33 13
148	26	0.0	1	8 18
149	44	0.0	1	20 24
150	31	0.0	1	17 14
151	50	0.0	1	34 16
152	45	0.0	1	28 17
153	57	0.0	1	38 19
154	61	0.0	1	43 18
155	45	0.0	1	30 15
156	81	0.0	1	73 8
157	68	0.0	1	50 18
158	58	0.0	1	39 19
159	58	0.0	1	45 13
160	98	0.0	1	80 18
161	65	0.0	1	50 15
162	73	0.0	1	60 13
163	49	0.0	1	39 10
164	74	0.0	1	60 14
165	25	0.0	1	14 11
166	61	0.0	1	43 18
167	91	0.0	1	70 21
168	65	0.0	1	50 15
169	76	0.0	1	60 16
170	45	0.0	1	32 13
171	27	0.0	1	9 18
172	66	0.0	1	53 13
173	33	0.0	1	24 9
174	40	0.0	1	25 15
175	52	0.0	1	38 14
176	45	0.0	1	33 12
177	28	0.0	1	19 9
178	29	0.0	1	15 14
179	16	0.0	1	13 3
180	39	0.0	1	30 9
181	22	0.0	1	14 8
182	15	0.0	1	8 7
183	23	0.0	1	11 12
184	10	0.0	1	4 6
185	81	0.0	1	73 8
186	14	0.0	1	4 10
187	20	0.0	1	11 9
188	6	0.0	1	4 2
189	16	0.0	1	10 6
190	23	0.0	1	17 6
191	10	0.0	1	7 3
192	27	0.0	1	20 7
193	20	0.0	1	12 8
194	9	0.0	1	3 6
195	8	0.0	1	4 4
196	10	0.0	1	6 4
197	5	0.0	1	3 2
198	13	0.0	1	7 6
199	15	0.0	1	9 6
200	16	0.0	1	12 4
201	9	0.0	1	6 3
202	10	0.0	1	6 4
203	13	0.0	1	7 6
204	8	0.0	1	2 6
205	6	0.0	1	3 3
206	14	0.0	1	8 6
207	15	0.0	1	12 3
208	16	0.0	1	14 2
209	18	0.0	1	14 4
210	17	0.0	1	14 3
211	10	0.0	1	9 1
212	23	0.0	1	14 9
213	12	0.0	1	11 1
214	14	0.0	1	10 4
215	10	0.0	1	8 2
216	4	0.0	1	3 1
217	8	0.0	1	5 3
218	1	0.0	1	0 1
219	7	0.0	1	4 3
220	4	0.0	1	1 3
221	4	0.0	1	3 1
222	3	0.0	1	3
223	3	0.0	1	0 3
224	6	0.0	1	3 3
225	2	0.0	1	1 1
226	3	0.0	1	2 1
227	4	0.0	1	2 2
228	5	0.0	1	1 4
229	5	0.0	1	2 3
230	3	0.0	1	1 2
231	3	0.0	1	1 2
232	2	0.0	1	1 1
234	7	0.0	1	7
235	3	0.0	1	2 1
236	1	0.0	1	0 1
237	3	0.0	1	1 2
239	4	0.0	1	1 3
240	1	0.0	1	0 1
241	5	0.0	1	2 3
242	4	0.0	1	2 2
243	2	0.0	1	0 2
244	5	0.0	1	2 3
245	1	0.0	1	0 1
246	8	0.0	1	1 7
247	9	0.0	1	0 9
248	13	0.0	1	0 13
249	27	0.0	1	0 27
250	64	0.0	1	0 64
251	1043	0.0	1	0 1043

RUN STATISTICS FOR INPUT FILE: SC2274/host_removal/SC2274_R1.fastq.gz
=============================================
694325 sequences processed in total
The length threshold of paired-end sequences gets evaluated later on (in the validation step)

Writing report to '/workspace/home/nasirja/covid-19-signal/subset_viral_7_results_dir/SC2274/adapter_trimmed/SC2274_R2.fastq.gz_trimming_report.txt'

SUMMARISING RUN PARAMETERS
==========================
Input filename: SC2274/host_removal/SC2274_R2.fastq.gz
Trimming mode: paired-end
Trim Galore version: 0.6.4_dev
Cutadapt version: 4.1
Python version: could not detect
Number of cores used for trimming: 2
Quality Phred score cutoff: 20
Quality encoding type selected: ASCII+33
Adapter sequence: 'AGATCGGAAGAGC' (Illumina TruSeq, Sanger iPCR; auto-detected)
Maximum trimming error rate: 0.1 (default)
Minimum required adapter overlap (stringency): 1 bp
Minimum required sequence length for both reads before a sequence pair gets removed: 20 bp
Running FastQC on the data once trimming has completed
Output file(s) will be GZIP compressed

Cutadapt seems to be fairly up-to-date (version 4.1). Setting -j -j 2
Writing final adapter and quality trimmed output to SC2274_R2_trimmed.fq.gz


  >>> Now performing quality (cutoff '-q 20') and adapter trimming in a single pass for the adapter sequence: 'AGATCGGAAGAGC' from file SC2274/host_removal/SC2274_R2.fastq.gz <<< 
This is cutadapt 4.1 with Python 3.9.13
Command line parameters: -j 2 -e 0.1 -q 20 -O 1 -a AGATCGGAAGAGC SC2274/host_removal/SC2274_R2.fastq.gz
Processing single-end reads on 2 cores ...
Finished in 25.87 s (37 µs/read; 1.61 M reads/minute).

=== Summary ===

Total reads processed:                 694,325
Reads with adapters:                   248,878 (35.8%)
Reads written (passing filters):       694,325 (100.0%)

Total basepairs processed:   174,275,575 bp
Quality-trimmed:               3,862,070 bp (2.2%)
Total written (filtered):    168,245,633 bp (96.5%)

=== Adapter 1 ===

Sequence: AGATCGGAAGAGC; Type: regular 3'; Length: 13; Trimmed: 248878 times

Minimum overlap: 1
No. of allowed errors:
1-9 bp: 0; 10-13 bp: 1

Bases preceding removed adapters:
  A: 38.9%
  C: 18.2%
  G: 11.3%
  T: 29.4%
  none/other: 2.2%

Overview of removed sequences
length	count	expect	max.err	error counts
1	161385	173581.2	0	161385
2	48361	43395.3	0	48361
3	7366	10848.8	0	7366
4	1984	2712.2	0	1984
5	143	678.1	0	143
6	152	169.5	0	152
7	4055	42.4	0	4055
8	85	10.6	0	85
9	226	2.6	0	225 1
10	236	0.7	1	226 10
11	62	0.2	1	57 5
12	166	0.0	1	152 14
13	30	0.0	1	26 4
14	140	0.0	1	132 8
15	46	0.0	1	40 6
16	53	0.0	1	48 5
17	130	0.0	1	120 10
18	27	0.0	1	25 2
19	118	0.0	1	112 6
20	85	0.0	1	82 3
21	14	0.0	1	13 1
22	97	0.0	1	89 8
23	108	0.0	1	98 10
24	782	0.0	1	741 41
25	38	0.0	1	34 4
26	122	0.0	1	111 11
27	114	0.0	1	106 8
28	177	0.0	1	169 8
29	55	0.0	1	47 8
30	262	0.0	1	251 11
31	31	0.0	1	21 10
32	226	0.0	1	215 11
33	28	0.0	1	24 4
34	216	0.0	1	203 13
35	116	0.0	1	109 7
36	157	0.0	1	145 12
37	352	0.0	1	335 17
38	240	0.0	1	225 15
39	144	0.0	1	129 15
40	251	0.0	1	219 32
41	496	0.0	1	444 52
42	702	0.0	1	580 122
43	968	0.0	1	877 91
44	1104	0.0	1	957 147
45	831	0.0	1	746 85
46	549	0.0	1	504 45
47	530	0.0	1	484 46
48	384	0.0	1	363 21
49	225	0.0	1	202 23
50	162	0.0	1	133 29
51	180	0.0	1	154 26
52	145	0.0	1	117 28
53	194	0.0	1	163 31
54	360	0.0	1	335 25
55	129	0.0	1	106 23
56	345	0.0	1	268 77
57	808	0.0	1	770 38
58	292	0.0	1	279 13
59	123	0.0	1	96 27
60	210	0.0	1	197 13
61	86	0.0	1	73 13
62	40	0.0	1	32 8
63	79	0.0	1	75 4
64	47	0.0	1	44 3
65	26	0.0	1	22 4
66	29	0.0	1	21 8
67	12	0.0	1	11 1
68	18	0.0	1	16 2
69	14	0.0	1	12 2
70	29	0.0	1	27 2
71	30	0.0	1	28 2
72	27	0.0	1	26 1
73	44	0.0	1	38 6
74	63	0.0	1	53 10
75	82	0.0	1	67 15
76	121	0.0	1	91 30
77	190	0.0	1	130 60
78	326	0.0	1	198 128
79	559	0.0	1	323 236
80	1057	0.0	1	738 319
81	1036	0.0	1	668 368
82	966	0.0	1	541 425
83	725	0.0	1	447 278
84	574	0.0	1	311 263
85	332	0.0	1	172 160
86	259	0.0	1	141 118
87	190	0.0	1	90 100
88	132	0.0	1	65 67
89	144	0.0	1	84 60
90	95	0.0	1	48 47
91	88	0.0	1	46 42
92	71	0.0	1	29 42
93	69	0.0	1	31 38
94	246	0.0	1	206 40
95	79	0.0	1	54 25
96	108	0.0	1	86 22
97	76	0.0	1	56 20
98	55	0.0	1	33 22
99	36	0.0	1	16 20
100	43	0.0	1	17 26
101	32	0.0	1	17 15
102	18	0.0	1	9 9
103	32	0.0	1	16 16
104	30	0.0	1	8 22
105	46	0.0	1	35 11
106	33	0.0	1	15 18
107	29	0.0	1	13 16
108	26	0.0	1	14 12
109	21	0.0	1	7 14
110	28	0.0	1	13 15
111	55	0.0	1	37 18
112	24	0.0	1	7 17
113	41	0.0	1	20 21
114	24	0.0	1	15 9
115	22	0.0	1	9 13
116	31	0.0	1	15 16
117	36	0.0	1	26 10
118	25	0.0	1	10 15
119	17	0.0	1	5 12
120	15	0.0	1	6 9
121	29	0.0	1	11 18
122	25	0.0	1	12 13
123	27	0.0	1	21 6
124	20	0.0	1	8 12
125	17	0.0	1	7 10
126	20	0.0	1	6 14
127	57	0.0	1	44 13
128	29	0.0	1	10 19
129	24	0.0	1	9 15
130	15	0.0	1	6 9
131	28	0.0	1	15 13
132	22	0.0	1	7 15
133	21	0.0	1	10 11
134	25	0.0	1	15 10
135	19	0.0	1	6 13
136	17	0.0	1	5 12
137	16	0.0	1	5 11
138	19	0.0	1	6 13
139	14	0.0	1	3 11
140	20	0.0	1	6 14
141	45	0.0	1	35 10
142	13	0.0	1	7 6
143	15	0.0	1	5 10
144	21	0.0	1	5 16
145	12	0.0	1	5 7
146	30	0.0	1	19 11
147	42	0.0	1	25 17
148	19	0.0	1	7 12
149	19	0.0	1	7 12
150	14	0.0	1	5 9
151	31	0.0	1	21 10
152	34	0.0	1	18 16
153	38	0.0	1	22 16
154	36	0.0	1	30 6
155	32	0.0	1	21 11
156	59	0.0	1	50 9
157	41	0.0	1	29 12
158	37	0.0	1	26 11
159	49	0.0	1	42 7
160	60	0.0	1	55 5
161	38	0.0	1	32 6
162	41	0.0	1	31 10
163	26	0.0	1	17 9
164	51	0.0	1	46 5
165	17	0.0	1	14 3
166	37	0.0	1	31 6
167	41	0.0	1	33 8
168	41	0.0	1	33 8
169	40	0.0	1	31 9
170	28	0.0	1	23 5
171	14	0.0	1	11 3
172	34	0.0	1	29 5
173	21	0.0	1	13 8
174	21	0.0	1	15 6
175	32	0.0	1	25 7
176	28	0.0	1	21 7
177	9	0.0	1	7 2
178	8	0.0	1	4 4
179	9	0.0	1	6 3
180	17	0.0	1	17
181	18	0.0	1	13 5
182	7	0.0	1	4 3
183	9	0.0	1	6 3
184	4	0.0	1	3 1
185	64	0.0	1	61 3
186	5	0.0	1	4 1
187	7	0.0	1	5 2
188	3	0.0	1	2 1
189	10	0.0	1	8 2
190	13	0.0	1	9 4
191	7	0.0	1	6 1
192	15	0.0	1	14 1
193	6	0.0	1	1 5
194	4	0.0	1	1 3
195	12	0.0	1	7 5
196	7	0.0	1	5 2
197	3	0.0	1	3
198	5	0.0	1	4 1
199	5	0.0	1	3 2
200	10	0.0	1	9 1
201	4	0.0	1	4
202	5	0.0	1	4 1
203	2	0.0	1	2
204	4	0.0	1	3 1
205	2	0.0	1	2
206	4	0.0	1	4
207	3	0.0	1	3
208	8	0.0	1	6 2
209	10	0.0	1	10
210	12	0.0	1	10 2
211	8	0.0	1	7 1
212	5	0.0	1	5
213	5	0.0	1	5
214	8	0.0	1	7 1
215	7	0.0	1	7
216	2	0.0	1	1 1
217	5	0.0	1	5
218	1	0.0	1	1
219	2	0.0	1	2
220	1	0.0	1	1
221	2	0.0	1	2
223	3	0.0	1	2 1
224	2	0.0	1	2
225	2	0.0	1	1 1
226	1	0.0	1	1
228	1	0.0	1	1
229	2	0.0	1	2
230	1	0.0	1	1
231	1	0.0	1	1
232	1	0.0	1	1
234	2	0.0	1	2
237	2	0.0	1	1 1
239	1	0.0	1	1
241	2	0.0	1	1 1
242	2	0.0	1	2
243	3	0.0	1	2 1
244	1	0.0	1	0 1
246	2	0.0	1	0 2
247	8	0.0	1	0 8
248	7	0.0	1	0 7
249	5	0.0	1	0 5
250	22	0.0	1	0 22
251	924	0.0	1	0 924

RUN STATISTICS FOR INPUT FILE: SC2274/host_removal/SC2274_R2.fastq.gz
=============================================
694325 sequences processed in total
The length threshold of paired-end sequences gets evaluated later on (in the validation step)

Validate paired-end files SC2274_R1_trimmed.fq.gz and SC2274_R2_trimmed.fq.gz
file_1: SC2274_R1_trimmed.fq.gz, file_2: SC2274_R2_trimmed.fq.gz


>>>>> Now validing the length of the 2 paired-end infiles: SC2274_R1_trimmed.fq.gz and SC2274_R2_trimmed.fq.gz <<<<<
Writing validated paired-end Read 1 reads to SC2274_R1_val_1.fq.gz
Writing validated paired-end Read 2 reads to SC2274_R2_val_2.fq.gz

Total number of sequences analysed: 694325

Number of sequence pairs removed because at least one read was shorter than the length cutoff (20 bp): 7828 (1.13%)


  >>> Now running FastQC on the validated data SC2274_R1_val_1.fq.gz<<<

Started analysis of SC2274_R1_val_1.fq.gz
Approx 5% complete for SC2274_R1_val_1.fq.gz
Approx 10% complete for SC2274_R1_val_1.fq.gz
Approx 15% complete for SC2274_R1_val_1.fq.gz
Approx 20% complete for SC2274_R1_val_1.fq.gz
Approx 25% complete for SC2274_R1_val_1.fq.gz
Approx 30% complete for SC2274_R1_val_1.fq.gz
Approx 35% complete for SC2274_R1_val_1.fq.gz
Approx 40% complete for SC2274_R1_val_1.fq.gz
Approx 45% complete for SC2274_R1_val_1.fq.gz
Approx 50% complete for SC2274_R1_val_1.fq.gz
Approx 55% complete for SC2274_R1_val_1.fq.gz
Approx 60% complete for SC2274_R1_val_1.fq.gz
Approx 65% complete for SC2274_R1_val_1.fq.gz
Approx 70% complete for SC2274_R1_val_1.fq.gz
Approx 75% complete for SC2274_R1_val_1.fq.gz
Approx 80% complete for SC2274_R1_val_1.fq.gz
Approx 85% complete for SC2274_R1_val_1.fq.gz
Approx 90% complete for SC2274_R1_val_1.fq.gz
Approx 95% complete for SC2274_R1_val_1.fq.gz

  >>> Now running FastQC on the validated data SC2274_R2_val_2.fq.gz<<<

Started analysis of SC2274_R2_val_2.fq.gz
Approx 5% complete for SC2274_R2_val_2.fq.gz
Approx 10% complete for SC2274_R2_val_2.fq.gz
Approx 15% complete for SC2274_R2_val_2.fq.gz
Approx 20% complete for SC2274_R2_val_2.fq.gz
Approx 25% complete for SC2274_R2_val_2.fq.gz
Approx 30% complete for SC2274_R2_val_2.fq.gz
Approx 35% complete for SC2274_R2_val_2.fq.gz
Approx 40% complete for SC2274_R2_val_2.fq.gz
Approx 45% complete for SC2274_R2_val_2.fq.gz
Approx 50% complete for SC2274_R2_val_2.fq.gz
Approx 55% complete for SC2274_R2_val_2.fq.gz
Approx 60% complete for SC2274_R2_val_2.fq.gz
Approx 65% complete for SC2274_R2_val_2.fq.gz
Approx 70% complete for SC2274_R2_val_2.fq.gz
Approx 75% complete for SC2274_R2_val_2.fq.gz
Approx 80% complete for SC2274_R2_val_2.fq.gz
Approx 85% complete for SC2274_R2_val_2.fq.gz
Approx 90% complete for SC2274_R2_val_2.fq.gz
Approx 95% complete for SC2274_R2_val_2.fq.gz
Deleting both intermediate output files SC2274_R1_trimmed.fq.gz and SC2274_R2_trimmed.fq.gz

====================================================================================================

