[M::bwa_idx_load_from_disk] read 0 ALT contigs
[M::process] read 79682 sequences (20000182 bp)...
[M::process] read 79682 sequences (20000182 bp)...
[M::mem_pestat] # candidate unique pairs for (FF, FR, RF, RR): (10, 38702, 18, 11)
[M::mem_pestat] analyzing insert size distribution for orientation FF...
[M::mem_pestat] (25, 50, 75) percentile: (4231, 6724, 7637)
[M::mem_pestat] low and high boundaries for computing mean and std.dev: (1, 14449)
[M::mem_pestat] mean and std.dev: (5329.50, 2750.85)
[M::mem_pestat] low and high boundaries for proper pairs: (1, 17855)
[M::mem_pestat] analyzing insert size distribution for orientation FR...
[M::mem_pestat] (25, 50, 75) percentile: (381, 386, 393)
[M::mem_pestat] low and high boundaries for computing mean and std.dev: (357, 417)
[M::mem_pestat] mean and std.dev: (388.66, 10.01)
[M::mem_pestat] low and high boundaries for proper pairs: (345, 429)
[M::mem_pestat] analyzing insert size distribution for orientation RF...
[M::mem_pestat] (25, 50, 75) percentile: (406, 1093, 4868)
[M::mem_pestat] low and high boundaries for computing mean and std.dev: (1, 13792)
[M::mem_pestat] mean and std.dev: (2765.17, 3087.13)
[M::mem_pestat] low and high boundaries for proper pairs: (1, 18254)
[M::mem_pestat] analyzing insert size distribution for orientation RR...
[M::mem_pestat] (25, 50, 75) percentile: (1835, 2057, 2057)
[M::mem_pestat] low and high boundaries for computing mean and std.dev: (1391, 2501)
[M::mem_pestat] mean and std.dev: (2054.29, 174.86)
[M::mem_pestat] low and high boundaries for proper pairs: (1169, 2754)
[M::mem_pestat] skip orientation FF
[M::mem_pestat] skip orientation RF
[M::mem_pestat] skip orientation RR
[M::mem_process_seqs] Processed 79682 reads in 29.456 CPU sec, 17.197 real sec
[M::process] read 79682 sequences (20000182 bp)...
[M::mem_pestat] # candidate unique pairs for (FF, FR, RF, RR): (8, 38640, 16, 8)
[M::mem_pestat] skip orientation FF as there are not enough pairs
[M::mem_pestat] analyzing insert size distribution for orientation FR...
[M::mem_pestat] (25, 50, 75) percentile: (380, 386, 393)
[M::mem_pestat] low and high boundaries for computing mean and std.dev: (354, 419)
[M::mem_pestat] mean and std.dev: (388.93, 10.62)
[M::mem_pestat] low and high boundaries for proper pairs: (341, 432)
[M::mem_pestat] analyzing insert size distribution for orientation RF...
[M::mem_pestat] (25, 50, 75) percentile: (228, 1093, 4455)
[M::mem_pestat] low and high boundaries for computing mean and std.dev: (1, 12909)
[M::mem_pestat] mean and std.dev: (2259.06, 2330.88)
[M::mem_pestat] low and high boundaries for proper pairs: (1, 17136)
[M::mem_pestat] skip orientation RR as there are not enough pairs
[M::mem_pestat] skip orientation RF
[M::mem_process_seqs] Processed 79682 reads in 35.777 CPU sec, 17.756 real sec
[M::process] read 79682 sequences (20000182 bp)...
[M::mem_pestat] # candidate unique pairs for (FF, FR, RF, RR): (8, 38581, 22, 11)
[M::mem_pestat] skip orientation FF as there are not enough pairs
[M::mem_pestat] analyzing insert size distribution for orientation FR...
[M::mem_pestat] (25, 50, 75) percentile: (380, 385, 393)
[M::mem_pestat] low and high boundaries for computing mean and std.dev: (354, 419)
[M::mem_pestat] mean and std.dev: (388.42, 10.75)
[M::mem_pestat] low and high boundaries for proper pairs: (341, 432)
[M::mem_pestat] analyzing insert size distribution for orientation RF...
[M::mem_pestat] (25, 50, 75) percentile: (233, 1093, 5353)
[M::mem_pestat] low and high boundaries for computing mean and std.dev: (1, 15593)
[M::mem_pestat] mean and std.dev: (2541.27, 2735.28)
[M::mem_pestat] low and high boundaries for proper pairs: (1, 20713)
[M::mem_pestat] analyzing insert size distribution for orientation RR...
[M::mem_pestat] (25, 50, 75) percentile: (2057, 2057, 6018)
[M::mem_pestat] low and high boundaries for computing mean and std.dev: (1, 13940)
[M::mem_pestat] mean and std.dev: (3716.00, 2812.72)
[M::mem_pestat] low and high boundaries for proper pairs: (1, 17901)
[M::mem_pestat] skip orientation RF
[M::mem_pestat] skip orientation RR
[M::mem_process_seqs] Processed 79682 reads in 30.111 CPU sec, 14.791 real sec
[M::process] read 79682 sequences (20000182 bp)...
[M::mem_pestat] # candidate unique pairs for (FF, FR, RF, RR): (11, 38603, 16, 11)
[M::mem_pestat] analyzing insert size distribution for orientation FF...
[M::mem_pestat] (25, 50, 75) percentile: (1835, 1887, 7763)
[M::mem_pestat] low and high boundaries for computing mean and std.dev: (1, 19619)
[M::mem_pestat] mean and std.dev: (4267.55, 3098.92)
[M::mem_pestat] low and high boundaries for proper pairs: (1, 25547)
[M::mem_pestat] analyzing insert size distribution for orientation FR...
[M::mem_pestat] (25, 50, 75) percentile: (381, 386, 393)
[M::mem_pestat] low and high boundaries for computing mean and std.dev: (357, 417)
[M::mem_pestat] mean and std.dev: (388.69, 10.04)
[M::mem_pestat] low and high boundaries for proper pairs: (345, 429)
[M::mem_pestat] analyzing insert size distribution for orientation RF...
[M::mem_pestat] (25, 50, 75) percentile: (758, 1093, 2453)
[M::mem_pestat] low and high boundaries for computing mean and std.dev: (1, 5843)
[M::mem_pestat] mean and std.dev: (1523.07, 1524.00)
[M::mem_pestat] low and high boundaries for proper pairs: (1, 7619)
[M::mem_pestat] analyzing insert size distribution for orientation RR...
[M::mem_pestat] (25, 50, 75) percentile: (1224, 1884, 2057)
[M::mem_pestat] low and high boundaries for computing mean and std.dev: (1, 3723)
[M::mem_pestat] mean and std.dev: (1420.56, 676.25)
[M::mem_pestat] low and high boundaries for proper pairs: (1, 4556)
[M::mem_pestat] skip orientation FF
[M::mem_pestat] skip orientation RF
[M::mem_pestat] skip orientation RR
[M::mem_process_seqs] Processed 79682 reads in 35.683 CPU sec, 17.552 real sec
[M::process] read 79682 sequences (20000182 bp)...
[M::mem_pestat] # candidate unique pairs for (FF, FR, RF, RR): (5, 38622, 25, 9)
[M::mem_pestat] skip orientation FF as there are not enough pairs
[M::mem_pestat] analyzing insert size distribution for orientation FR...
[M::mem_pestat] (25, 50, 75) percentile: (380, 386, 393)
[M::mem_pestat] low and high boundaries for computing mean and std.dev: (354, 419)
[M::mem_pestat] mean and std.dev: (388.82, 10.53)
[M::mem_pestat] low and high boundaries for proper pairs: (341, 432)
[M::mem_pestat] analyzing insert size distribution for orientation RF...
[M::mem_pestat] (25, 50, 75) percentile: (823, 872, 4125)
[M::mem_pestat] low and high boundaries for computing mean and std.dev: (1, 10729)
[M::mem_pestat] mean and std.dev: (1910.24, 1929.94)
[M::mem_pestat] low and high boundaries for proper pairs: (1, 14031)
[M::mem_pestat] skip orientation RR as there are not enough pairs
[M::mem_pestat] skip orientation RF
[M::mem_process_seqs] Processed 79682 reads in 30.572 CPU sec, 15.003 real sec
[M::process] read 79682 sequences (20000182 bp)...
[M::mem_pestat] # candidate unique pairs for (FF, FR, RF, RR): (8, 38586, 21, 6)
[M::mem_pestat] skip orientation FF as there are not enough pairs
[M::mem_pestat] analyzing insert size distribution for orientation FR...
[M::mem_pestat] (25, 50, 75) percentile: (380, 385, 393)
[M::mem_pestat] low and high boundaries for computing mean and std.dev: (354, 419)
[M::mem_pestat] mean and std.dev: (388.71, 10.67)
[M::mem_pestat] low and high boundaries for proper pairs: (341, 432)
[M::mem_pestat] analyzing insert size distribution for orientation RF...
[M::mem_pestat] (25, 50, 75) percentile: (610, 1480, 4455)
[M::mem_pestat] low and high boundaries for computing mean and std.dev: (1, 12145)
[M::mem_pestat] mean and std.dev: (2507.29, 2256.49)
[M::mem_pestat] low and high boundaries for proper pairs: (1, 15990)
[M::mem_pestat] skip orientation RR as there are not enough pairs
[M::mem_pestat] skip orientation RF
[M::mem_process_seqs] Processed 79682 reads in 37.367 CPU sec, 18.370 real sec
[M::process] read 79682 sequences (20000182 bp)...
[M::mem_pestat] # candidate unique pairs for (FF, FR, RF, RR): (7, 38702, 15, 8)
[M::mem_pestat] skip orientation FF as there are not enough pairs
[M::mem_pestat] analyzing insert size distribution for orientation FR...
[M::mem_pestat] (25, 50, 75) percentile: (381, 386, 393)
[M::mem_pestat] low and high boundaries for computing mean and std.dev: (357, 417)
[M::mem_pestat] mean and std.dev: (388.75, 10.10)
[M::mem_pestat] low and high boundaries for proper pairs: (345, 429)
[M::mem_pestat] analyzing insert size distribution for orientation RF...
[M::mem_pestat] (25, 50, 75) percentile: (228, 758, 1093)
[M::mem_pestat] low and high boundaries for computing mean and std.dev: (1, 2823)
[M::mem_pestat] mean and std.dev: (684.62, 537.19)
[M::mem_pestat] low and high boundaries for proper pairs: (1, 3688)
[M::mem_pestat] skip orientation RR as there are not enough pairs
[M::mem_pestat] skip orientation RF
[M::mem_process_seqs] Processed 79682 reads in 30.519 CPU sec, 14.988 real sec
[M::process] read 79682 sequences (20000182 bp)...
[M::mem_pestat] # candidate unique pairs for (FF, FR, RF, RR): (1, 38724, 9, 9)
[M::mem_pestat] skip orientation FF as there are not enough pairs
[M::mem_pestat] analyzing insert size distribution for orientation FR...
[M::mem_pestat] (25, 50, 75) percentile: (380, 386, 393)
[M::mem_pestat] low and high boundaries for computing mean and std.dev: (354, 419)
[M::mem_pestat] mean and std.dev: (388.78, 10.65)
[M::mem_pestat] low and high boundaries for proper pairs: (341, 432)
[M::mem_pestat] skip orientation RF as there are not enough pairs
[M::mem_pestat] skip orientation RR as there are not enough pairs
[M::mem_process_seqs] Processed 79682 reads in 32.104 CPU sec, 15.844 real sec
[M::process] read 79682 sequences (20000182 bp)...
[M::mem_pestat] # candidate unique pairs for (FF, FR, RF, RR): (9, 38649, 15, 10)
[M::mem_pestat] skip orientation FF as there are not enough pairs
[M::mem_pestat] analyzing insert size distribution for orientation FR...
[M::mem_pestat] (25, 50, 75) percentile: (380, 385, 393)
[M::mem_pestat] low and high boundaries for computing mean and std.dev: (354, 419)
[M::mem_pestat] mean and std.dev: (388.39, 10.84)
[M::mem_pestat] low and high boundaries for proper pairs: (341, 432)
[M::mem_pestat] analyzing insert size distribution for orientation RF...
[M::mem_pestat] (25, 50, 75) percentile: (313, 823, 1095)
[M::mem_pestat] low and high boundaries for computing mean and std.dev: (1, 2659)
[M::mem_pestat] mean and std.dev: (741.15, 602.51)
[M::mem_pestat] low and high boundaries for proper pairs: (1, 3441)
[M::mem_pestat] analyzing insert size distribution for orientation RR...
[M::mem_pestat] (25, 50, 75) percentile: (1884, 2429, 5870)
[M::mem_pestat] low and high boundaries for computing mean and std.dev: (1, 13842)
[M::mem_pestat] mean and std.dev: (3534.10, 2601.14)
[M::mem_pestat] low and high boundaries for proper pairs: (1, 17828)
[M::mem_pestat] skip orientation RF
[M::mem_pestat] skip orientation RR
[M::mem_process_seqs] Processed 79682 reads in 38.097 CPU sec, 18.795 real sec
[M::process] read 79682 sequences (20000182 bp)...
[M::mem_pestat] # candidate unique pairs for (FF, FR, RF, RR): (8, 38631, 15, 10)
[M::mem_pestat] skip orientation FF as there are not enough pairs
[M::mem_pestat] analyzing insert size distribution for orientation FR...
[M::mem_pestat] (25, 50, 75) percentile: (380, 386, 393)
[M::mem_pestat] low and high boundaries for computing mean and std.dev: (354, 419)
[M::mem_pestat] mean and std.dev: (389.00, 10.65)
[M::mem_pestat] low and high boundaries for proper pairs: (341, 432)
[M::mem_pestat] analyzing insert size distribution for orientation RF...
[M::mem_pestat] (25, 50, 75) percentile: (1093, 1355, 2699)
[M::mem_pestat] low and high boundaries for computing mean and std.dev: (1, 5911)
[M::mem_pestat] mean and std.dev: (1151.42, 702.62)
[M::mem_pestat] low and high boundaries for proper pairs: (1, 7517)
[M::mem_pestat] analyzing insert size distribution for orientation RR...
[M::mem_pestat] (25, 50, 75) percentile: (2057, 3910, 6241)
[M::mem_pestat] low and high boundaries for computing mean and std.dev: (1, 14609)
[M::mem_pestat] mean and std.dev: (4054.30, 2630.21)
[M::mem_pestat] low and high boundaries for proper pairs: (1, 18793)
[M::mem_pestat] skip orientation RF
[M::mem_pestat] skip orientation RR
[M::mem_process_seqs] Processed 79682 reads in 35.713 CPU sec, 17.584 real sec
[M::process] read 79682 sequences (20000182 bp)...
[M::mem_pestat] # candidate unique pairs for (FF, FR, RF, RR): (9, 38598, 13, 14)
[M::mem_pestat] skip orientation FF as there are not enough pairs
[M::mem_pestat] analyzing insert size distribution for orientation FR...
[M::mem_pestat] (25, 50, 75) percentile: (380, 385, 393)
[M::mem_pestat] low and high boundaries for computing mean and std.dev: (354, 419)
[M::mem_pestat] mean and std.dev: (388.52, 10.71)
[M::mem_pestat] low and high boundaries for proper pairs: (341, 432)
[M::mem_pestat] analyzing insert size distribution for orientation RF...
[M::mem_pestat] (25, 50, 75) percentile: (609, 1118, 4466)
[M::mem_pestat] low and high boundaries for computing mean and std.dev: (1, 12180)
[M::mem_pestat] mean and std.dev: (2468.38, 2569.35)
[M::mem_pestat] low and high boundaries for proper pairs: (1, 16037)
[M::mem_pestat] analyzing insert size distribution for orientation RR...
[M::mem_pestat] (25, 50, 75) percentile: (2056, 4840, 8187)
[M::mem_pestat] low and high boundaries for computing mean and std.dev: (1, 20449)
[M::mem_pestat] mean and std.dev: (4843.21, 3348.25)
[M::mem_pestat] low and high boundaries for proper pairs: (1, 26580)
[M::mem_pestat] skip orientation RF
[M::mem_pestat] skip orientation RR
[M::mem_process_seqs] Processed 79682 reads in 36.178 CPU sec, 17.821 real sec
[M::process] read 79682 sequences (20000182 bp)...
[M::mem_pestat] # candidate unique pairs for (FF, FR, RF, RR): (8, 38749, 32, 10)
[M::mem_pestat] skip orientation FF as there are not enough pairs
[M::mem_pestat] analyzing insert size distribution for orientation FR...
[M::mem_pestat] (25, 50, 75) percentile: (381, 386, 393)
[M::mem_pestat] low and high boundaries for computing mean and std.dev: (357, 417)
[M::mem_pestat] mean and std.dev: (388.62, 10.05)
[M::mem_pestat] low and high boundaries for proper pairs: (345, 429)
[M::mem_pestat] analyzing insert size distribution for orientation RF...
[M::mem_pestat] (25, 50, 75) percentile: (230, 1093, 3145)
[M::mem_pestat] low and high boundaries for computing mean and std.dev: (1, 8975)
[M::mem_pestat] mean and std.dev: (1687.03, 1774.24)
[M::mem_pestat] low and high boundaries for proper pairs: (1, 11890)
[M::mem_pestat] analyzing insert size distribution for orientation RR...
[M::mem_pestat] (25, 50, 75) percentile: (931, 2033, 4061)
[M::mem_pestat] low and high boundaries for computing mean and std.dev: (1, 10321)
[M::mem_pestat] mean and std.dev: (2733.30, 2395.82)
[M::mem_pestat] low and high boundaries for proper pairs: (1, 13451)
[M::mem_pestat] skip orientation RF
[M::mem_pestat] skip orientation RR
[M::mem_process_seqs] Processed 79682 reads in 34.789 CPU sec, 17.139 real sec
[M::process] read 79682 sequences (20000182 bp)...
[M::mem_pestat] # candidate unique pairs for (FF, FR, RF, RR): (7, 38702, 23, 7)
[M::mem_pestat] skip orientation FF as there are not enough pairs
[M::mem_pestat] analyzing insert size distribution for orientation FR...
[M::mem_pestat] (25, 50, 75) percentile: (380, 386, 393)
[M::mem_pestat] low and high boundaries for computing mean and std.dev: (354, 419)
[M::mem_pestat] mean and std.dev: (388.98, 10.55)
[M::mem_pestat] low and high boundaries for proper pairs: (341, 432)
[M::mem_pestat] analyzing insert size distribution for orientation RF...
[M::mem_pestat] (25, 50, 75) percentile: (823, 1518, 3204)
[M::mem_pestat] low and high boundaries for computing mean and std.dev: (1, 7966)
[M::mem_pestat] mean and std.dev: (2043.27, 1679.93)
[M::mem_pestat] low and high boundaries for proper pairs: (1, 10347)
[M::mem_pestat] skip orientation RR as there are not enough pairs
[M::mem_pestat] skip orientation RF
[M::mem_process_seqs] Processed 79682 reads in 34.188 CPU sec, 16.817 real sec
[M::process] read 79682 sequences (20000182 bp)...
[M::mem_pestat] # candidate unique pairs for (FF, FR, RF, RR): (3, 38689, 12, 8)
[M::mem_pestat] skip orientation FF as there are not enough pairs
[M::mem_pestat] analyzing insert size distribution for orientation FR...
[M::mem_pestat] (25, 50, 75) percentile: (380, 385, 393)
[M::mem_pestat] low and high boundaries for computing mean and std.dev: (354, 419)
[M::mem_pestat] mean and std.dev: (388.26, 10.82)
[M::mem_pestat] low and high boundaries for proper pairs: (341, 432)
[M::mem_pestat] analyzing insert size distribution for orientation RF...
[M::mem_pestat] (25, 50, 75) percentile: (823, 830, 2669)
[M::mem_pestat] low and high boundaries for computing mean and std.dev: (1, 6361)
[M::mem_pestat] mean and std.dev: (1514.18, 1556.05)
[M::mem_pestat] low and high boundaries for proper pairs: (1, 8207)
[M::mem_pestat] skip orientation RR as there are not enough pairs
[M::mem_pestat] skip orientation RF
[M::mem_process_seqs] Processed 79682 reads in 34.222 CPU sec, 16.838 real sec
[M::process] read 79682 sequences (20000182 bp)...
[M::mem_pestat] # candidate unique pairs for (FF, FR, RF, RR): (1, 38608, 12, 7)
[M::mem_pestat] skip orientation FF as there are not enough pairs
[M::mem_pestat] analyzing insert size distribution for orientation FR...
[M::mem_pestat] (25, 50, 75) percentile: (380, 386, 393)
[M::mem_pestat] low and high boundaries for computing mean and std.dev: (354, 419)
[M::mem_pestat] mean and std.dev: (389.04, 10.59)
[M::mem_pestat] low and high boundaries for proper pairs: (341, 432)
[M::mem_pestat] analyzing insert size distribution for orientation RF...
[M::mem_pestat] (25, 50, 75) percentile: (1117, 5182, 5563)
[M::mem_pestat] low and high boundaries for computing mean and std.dev: (1, 14455)
[M::mem_pestat] mean and std.dev: (3799.17, 2473.99)
[M::mem_pestat] low and high boundaries for proper pairs: (1, 18901)
[M::mem_pestat] skip orientation RR as there are not enough pairs
[M::mem_pestat] skip orientation RF
[M::mem_process_seqs] Processed 79682 reads in 29.003 CPU sec, 14.235 real sec
[M::process] read 79682 sequences (20000182 bp)...
[M::mem_pestat] # candidate unique pairs for (FF, FR, RF, RR): (9, 38641, 17, 9)
[M::mem_pestat] skip orientation FF as there are not enough pairs
[M::mem_pestat] analyzing insert size distribution for orientation FR...
[M::mem_pestat] (25, 50, 75) percentile: (380, 386, 393)
[M::mem_pestat] low and high boundaries for computing mean and std.dev: (354, 419)
[M::mem_pestat] mean and std.dev: (389.02, 10.68)
[M::mem_pestat] low and high boundaries for proper pairs: (341, 432)
[M::mem_pestat] analyzing insert size distribution for orientation RF...
[M::mem_pestat] (25, 50, 75) percentile: (253, 867, 4458)
[M::mem_pestat] low and high boundaries for computing mean and std.dev: (1, 12868)
[M::mem_pestat] mean and std.dev: (2411.65, 2678.11)
[M::mem_pestat] low and high boundaries for proper pairs: (1, 17073)
[M::mem_pestat] skip orientation RR as there are not enough pairs
[M::mem_pestat] skip orientation RF
[M::mem_process_seqs] Processed 79682 reads in 27.662 CPU sec, 13.564 real sec
[M::process] read 79682 sequences (20000182 bp)...
[M::mem_pestat] # candidate unique pairs for (FF, FR, RF, RR): (7, 38589, 17, 12)
[M::mem_pestat] skip orientation FF as there are not enough pairs
[M::mem_pestat] analyzing insert size distribution for orientation FR...
[M::mem_pestat] (25, 50, 75) percentile: (380, 385, 393)
[M::mem_pestat] low and high boundaries for computing mean and std.dev: (354, 419)
[M::mem_pestat] mean and std.dev: (388.77, 10.67)
[M::mem_pestat] low and high boundaries for proper pairs: (341, 432)
[M::mem_pestat] analyzing insert size distribution for orientation RF...
[M::mem_pestat] (25, 50, 75) percentile: (610, 1093, 4823)
[M::mem_pestat] low and high boundaries for computing mean and std.dev: (1, 13249)
[M::mem_pestat] mean and std.dev: (2315.47, 2421.28)
[M::mem_pestat] low and high boundaries for proper pairs: (1, 17462)
[M::mem_pestat] analyzing insert size distribution for orientation RR...
[M::mem_pestat] (25, 50, 75) percentile: (2054, 2057, 4783)
[M::mem_pestat] low and high boundaries for computing mean and std.dev: (1, 10241)
[M::mem_pestat] mean and std.dev: (2968.42, 2278.89)
[M::mem_pestat] low and high boundaries for proper pairs: (1, 12970)
[M::mem_pestat] skip orientation RF
[M::mem_pestat] skip orientation RR
[M::mem_process_seqs] Processed 79682 reads in 30.754 CPU sec, 15.114 real sec
[M::process] read 79682 sequences (20000182 bp)...
[M::mem_pestat] # candidate unique pairs for (FF, FR, RF, RR): (5, 38772, 19, 14)
[M::mem_pestat] skip orientation FF as there are not enough pairs
[M::mem_pestat] analyzing insert size distribution for orientation FR...
[M::mem_pestat] (25, 50, 75) percentile: (381, 386, 393)
[M::mem_pestat] low and high boundaries for computing mean and std.dev: (357, 417)
[M::mem_pestat] mean and std.dev: (388.70, 10.14)
[M::mem_pestat] low and high boundaries for proper pairs: (345, 429)
[M::mem_pestat] analyzing insert size distribution for orientation RF...
[M::mem_pestat] (25, 50, 75) percentile: (377, 825, 2840)
[M::mem_pestat] low and high boundaries for computing mean and std.dev: (1, 7766)
[M::mem_pestat] mean and std.dev: (1320.94, 1488.01)
[M::mem_pestat] low and high boundaries for proper pairs: (1, 10229)
[M::mem_pestat] analyzing insert size distribution for orientation RR...
[M::mem_pestat] (25, 50, 75) percentile: (2057, 2057, 7232)
[M::mem_pestat] low and high boundaries for computing mean and std.dev: (1, 17582)
[M::mem_pestat] mean and std.dev: (4000.79, 3080.19)
[M::mem_pestat] low and high boundaries for proper pairs: (1, 22757)
[M::mem_pestat] skip orientation RF
[M::mem_pestat] skip orientation RR
[M::mem_process_seqs] Processed 79682 reads in 27.618 CPU sec, 13.540 real sec
[M::process] read 79682 sequences (20000182 bp)...
[M::mem_pestat] # candidate unique pairs for (FF, FR, RF, RR): (5, 38763, 14, 8)
[M::mem_pestat] skip orientation FF as there are not enough pairs
[M::mem_pestat] analyzing insert size distribution for orientation FR...
[M::mem_pestat] (25, 50, 75) percentile: (380, 386, 393)
[M::mem_pestat] low and high boundaries for computing mean and std.dev: (354, 419)
[M::mem_pestat] mean and std.dev: (388.91, 10.66)
[M::mem_pestat] low and high boundaries for proper pairs: (341, 432)
[M::mem_pestat] analyzing insert size distribution for orientation RF...
[M::mem_pestat] (25, 50, 75) percentile: (824, 1522, 2774)
[M::mem_pestat] low and high boundaries for computing mean and std.dev: (1, 6674)
[M::mem_pestat] mean and std.dev: (1853.23, 1586.55)
[M::mem_pestat] low and high boundaries for proper pairs: (1, 8624)
[M::mem_pestat] skip orientation RR as there are not enough pairs
[M::mem_pestat] skip orientation RF
[M::mem_process_seqs] Processed 79682 reads in 27.480 CPU sec, 13.479 real sec
[M::process] read 79682 sequences (20000182 bp)...
[M::mem_pestat] # candidate unique pairs for (FF, FR, RF, RR): (8, 38719, 20, 11)
[M::mem_pestat] skip orientation FF as there are not enough pairs
[M::mem_pestat] analyzing insert size distribution for orientation FR...
[M::mem_pestat] (25, 50, 75) percentile: (380, 385, 393)
[M::mem_pestat] low and high boundaries for computing mean and std.dev: (354, 419)
[M::mem_pestat] mean and std.dev: (388.66, 10.61)
[M::mem_pestat] low and high boundaries for proper pairs: (341, 432)
[M::mem_pestat] analyzing insert size distribution for orientation RF...
[M::mem_pestat] (25, 50, 75) percentile: (228, 824, 1093)
[M::mem_pestat] low and high boundaries for computing mean and std.dev: (1, 2823)
[M::mem_pestat] mean and std.dev: (843.11, 711.15)
[M::mem_pestat] low and high boundaries for proper pairs: (1, 3688)
[M::mem_pestat] analyzing insert size distribution for orientation RR...
[M::mem_pestat] (25, 50, 75) percentile: (2057, 2174, 7027)
[M::mem_pestat] low and high boundaries for computing mean and std.dev: (1, 16967)
[M::mem_pestat] mean and std.dev: (3874.09, 2670.84)
[M::mem_pestat] low and high boundaries for proper pairs: (1, 21937)
[M::mem_pestat] skip orientation RF
[M::mem_pestat] skip orientation RR
[M::mem_process_seqs] Processed 79682 reads in 29.121 CPU sec, 14.633 real sec
[M::process] read 79682 sequences (20000182 bp)...
[M::mem_pestat] # candidate unique pairs for (FF, FR, RF, RR): (3, 38600, 17, 6)
[M::mem_pestat] skip orientation FF as there are not enough pairs
[M::mem_pestat] analyzing insert size distribution for orientation FR...
[M::mem_pestat] (25, 50, 75) percentile: (381, 386, 393)
[M::mem_pestat] low and high boundaries for computing mean and std.dev: (357, 417)
[M::mem_pestat] mean and std.dev: (388.68, 10.04)
[M::mem_pestat] low and high boundaries for proper pairs: (345, 429)
[M::mem_pestat] analyzing insert size distribution for orientation RF...
[M::mem_pestat] (25, 50, 75) percentile: (1093, 1701, 2722)
[M::mem_pestat] low and high boundaries for computing mean and std.dev: (1, 5980)
[M::mem_pestat] mean and std.dev: (1718.13, 767.76)
[M::mem_pestat] low and high boundaries for proper pairs: (1, 7609)
[M::mem_pestat] skip orientation RR as there are not enough pairs
[M::mem_pestat] skip orientation RF
[M::mem_process_seqs] Processed 79682 reads in 31.103 CPU sec, 15.275 real sec
[M::process] read 27860 sequences (6992860 bp)...
[M::mem_pestat] # candidate unique pairs for (FF, FR, RF, RR): (13, 38626, 15, 8)
[M::mem_pestat] analyzing insert size distribution for orientation FF...
[M::mem_pestat] (25, 50, 75) percentile: (1230, 1884, 3490)
[M::mem_pestat] low and high boundaries for computing mean and std.dev: (1, 8010)
[M::mem_pestat] mean and std.dev: (1899.25, 1024.38)
[M::mem_pestat] low and high boundaries for proper pairs: (1, 10270)
[M::mem_pestat] analyzing insert size distribution for orientation FR...
[M::mem_pestat] (25, 50, 75) percentile: (380, 386, 393)
[M::mem_pestat] low and high boundaries for computing mean and std.dev: (354, 419)
[M::mem_pestat] mean and std.dev: (388.86, 10.66)
[M::mem_pestat] low and high boundaries for proper pairs: (341, 432)
[M::mem_pestat] analyzing insert size distribution for orientation RF...
[M::mem_pestat] (25, 50, 75) percentile: (823, 931, 4511)
[M::mem_pestat] low and high boundaries for computing mean and std.dev: (1, 11887)
[M::mem_pestat] mean and std.dev: (2613.13, 2586.24)
[M::mem_pestat] low and high boundaries for proper pairs: (1, 15575)
[M::mem_pestat] skip orientation RR as there are not enough pairs
[M::mem_pestat] skip orientation FF
[M::mem_pestat] skip orientation RF
[M::mem_process_seqs] Processed 79682 reads in 31.030 CPU sec, 15.392 real sec
[M::mem_pestat] # candidate unique pairs for (FF, FR, RF, RR): (2, 13531, 4, 3)
[M::mem_pestat] skip orientation FF as there are not enough pairs
[M::mem_pestat] analyzing insert size distribution for orientation FR...
[M::mem_pestat] (25, 50, 75) percentile: (380, 385, 393)
[M::mem_pestat] low and high boundaries for computing mean and std.dev: (354, 419)
[M::mem_pestat] mean and std.dev: (388.25, 10.64)
[M::mem_pestat] low and high boundaries for proper pairs: (341, 432)
[M::mem_pestat] skip orientation RF as there are not enough pairs
[M::mem_pestat] skip orientation RR as there are not enough pairs
[M::mem_process_seqs] Processed 27860 reads in 12.480 CPU sec, 6.172 real sec
[main] Version: 0.7.17-r1188
[main] CMD: bwa mem -t 2 /workspace/home/nasirja/covid-19-signal/data/composite_human_viral_reference.fna SC2264/raw_fastq/SC2264_R1.fastq.gz SC2264/raw_fastq/SC2264_R2.fastq.gz
[main] Real time: 364.841 sec; CPU: 727.218 sec
viral read count = 1705835 (95.79%)
human read count = 31254 (1.75%) 
unmapped read count = 43775 (2.46%)
