Path to Cutadapt set as: 'cutadapt' (default)
Cutadapt seems to be working fine (tested command 'cutadapt --version')
Cutadapt version: 4.1
Could not detect version of Python used by Cutadapt from the first line of Cutadapt (but found this: >>>#!/bin/sh<<<)
Letting the (modified) Cutadapt deal with the Python version instead
Parallel gzip (pigz) detected. Proceeding with multicore (de)compression using 2 cores

No quality encoding type selected. Assuming that the data provided uses Sanger encoded Phred scores (default)

Output will be written into the directory: /workspace/home/nasirja/covid-19-signal/subset_viral_7_results_dir/SC2253/adapter_trimmed/


AUTO-DETECTING ADAPTER TYPE
===========================
Attempting to auto-detect adapter type from the first 1 million sequences of the first file (>> SC2253/host_removal/SC2253_R1.fastq.gz <<)

Found perfect matches for the following adapter sequences:
Adapter type	Count	Sequence	Sequences analysed	Percentage
Illumina	23289	AGATCGGAAGAGC	944497	2.47
smallRNA	0	TGGAATTCTCGG	944497	0.00
Nextera	0	CTGTCTCTTATA	944497	0.00
Using Illumina adapter for trimming (count: 23289). Second best hit was smallRNA (count: 0)

Writing report to '/workspace/home/nasirja/covid-19-signal/subset_viral_7_results_dir/SC2253/adapter_trimmed/SC2253_R1.fastq.gz_trimming_report.txt'

SUMMARISING RUN PARAMETERS
==========================
Input filename: SC2253/host_removal/SC2253_R1.fastq.gz
Trimming mode: paired-end
Trim Galore version: 0.6.4_dev
Cutadapt version: 4.1
Python version: could not detect
Number of cores used for trimming: 2
Quality Phred score cutoff: 20
Quality encoding type selected: ASCII+33
Adapter sequence: 'AGATCGGAAGAGC' (Illumina TruSeq, Sanger iPCR; auto-detected)
Maximum trimming error rate: 0.1 (default)
Minimum required adapter overlap (stringency): 1 bp
Minimum required sequence length for both reads before a sequence pair gets removed: 20 bp
Running FastQC on the data once trimming has completed
Output file(s) will be GZIP compressed

Cutadapt seems to be fairly up-to-date (version 4.1). Setting -j 2
Writing final adapter and quality trimmed output to SC2253_R1_trimmed.fq.gz


  >>> Now performing quality (cutoff '-q 20') and adapter trimming in a single pass for the adapter sequence: 'AGATCGGAAGAGC' from file SC2253/host_removal/SC2253_R1.fastq.gz <<< 
This is cutadapt 4.1 with Python 3.9.13
Command line parameters: -j 2 -e 0.1 -q 20 -O 1 -a AGATCGGAAGAGC SC2253/host_removal/SC2253_R1.fastq.gz
Processing single-end reads on 2 cores ...
Finished in 41.02 s (43 µs/read; 1.38 M reads/minute).

=== Summary ===

Total reads processed:                 944,497
Reads with adapters:                   331,950 (35.1%)
Reads written (passing filters):       944,497 (100.0%)

Total basepairs processed:   237,068,747 bp
Quality-trimmed:               2,479,183 bp (1.0%)
Total written (filtered):    231,960,915 bp (97.8%)

=== Adapter 1 ===

Sequence: AGATCGGAAGAGC; Type: regular 3'; Length: 13; Trimmed: 331950 times

Minimum overlap: 1
No. of allowed errors:
1-9 bp: 0; 10-13 bp: 1

Bases preceding removed adapters:
  A: 35.2%
  C: 17.8%
  G: 12.0%
  T: 34.2%
  none/other: 0.8%

Overview of removed sequences
length	count	expect	max.err	error counts
1	213552	236124.2	0	213552
2	76956	59031.1	0	76956
3	5735	14757.8	0	5735
4	1901	3689.4	0	1901
5	172	922.4	0	172
6	207	230.6	0	207
7	5652	57.6	0	5652
8	157	14.4	0	157
9	254	3.6	0	254
10	251	0.9	1	244 7
11	82	0.2	1	78 4
12	206	0.1	1	191 15
13	99	0.0	1	93 6
14	66	0.0	1	56 10
15	89	0.0	1	82 7
16	50	0.0	1	44 6
17	59	0.0	1	51 8
18	91	0.0	1	84 7
19	51	0.0	1	48 3
20	150	0.0	1	135 15
21	173	0.0	1	165 8
22	118	0.0	1	109 9
23	123	0.0	1	119 4
24	1274	0.0	1	1224 50
25	269	0.0	1	252 17
26	98	0.0	1	82 16
27	157	0.0	1	133 24
28	263	0.0	1	249 14
29	127	0.0	1	106 21
30	84	0.0	1	77 7
31	120	0.0	1	106 14
32	225	0.0	1	204 21
33	73	0.0	1	57 16
34	106	0.0	1	82 24
35	106	0.0	1	98 8
36	919	0.0	1	880 39
37	297	0.0	1	281 16
38	148	0.0	1	143 5
39	99	0.0	1	91 8
40	132	0.0	1	126 6
41	97	0.0	1	83 14
42	93	0.0	1	82 11
43	303	0.0	1	281 22
44	101	0.0	1	90 11
45	105	0.0	1	95 10
46	145	0.0	1	132 13
47	103	0.0	1	86 17
48	33	0.0	1	27 6
49	95	0.0	1	86 9
50	51	0.0	1	41 10
51	107	0.0	1	95 12
52	93	0.0	1	83 10
53	78	0.0	1	64 14
54	164	0.0	1	135 29
55	120	0.0	1	102 18
56	53	0.0	1	45 8
57	88	0.0	1	79 9
58	55	0.0	1	50 5
59	145	0.0	1	143 2
60	63	0.0	1	59 4
61	73	0.0	1	67 6
62	55	0.0	1	48 7
63	76	0.0	1	67 9
64	49	0.0	1	46 3
65	112	0.0	1	102 10
66	96	0.0	1	83 13
67	52	0.0	1	43 9
68	90	0.0	1	78 12
69	272	0.0	1	243 29
70	112	0.0	1	103 9
71	128	0.0	1	114 14
72	206	0.0	1	181 25
73	331	0.0	1	267 64
74	545	0.0	1	461 84
75	1125	0.0	1	893 232
76	2793	0.0	1	2534 259
77	2244	0.0	1	2026 218
78	1377	0.0	1	1226 151
79	831	0.0	1	729 102
80	575	0.0	1	510 65
81	416	0.0	1	359 57
82	322	0.0	1	283 39
83	235	0.0	1	199 36
84	220	0.0	1	178 42
85	154	0.0	1	136 18
86	150	0.0	1	123 27
87	143	0.0	1	119 24
88	116	0.0	1	94 22
89	109	0.0	1	92 17
90	109	0.0	1	94 15
91	101	0.0	1	79 22
92	86	0.0	1	73 13
93	101	0.0	1	82 19
94	501	0.0	1	480 21
95	104	0.0	1	93 11
96	168	0.0	1	152 16
97	58	0.0	1	53 5
98	60	0.0	1	51 9
99	55	0.0	1	40 15
100	53	0.0	1	46 7
101	40	0.0	1	36 4
102	32	0.0	1	20 12
103	43	0.0	1	37 6
104	47	0.0	1	38 9
105	79	0.0	1	72 7
106	39	0.0	1	32 7
107	44	0.0	1	31 13
108	47	0.0	1	35 12
109	56	0.0	1	48 8
110	32	0.0	1	26 6
111	41	0.0	1	35 6
112	35	0.0	1	31 4
113	59	0.0	1	48 11
114	53	0.0	1	43 10
115	29	0.0	1	23 6
116	39	0.0	1	30 9
117	57	0.0	1	47 10
118	32	0.0	1	23 9
119	23	0.0	1	17 6
120	29	0.0	1	26 3
121	38	0.0	1	23 15
122	26	0.0	1	19 7
123	46	0.0	1	39 7
124	27	0.0	1	16 11
125	29	0.0	1	21 8
126	30	0.0	1	21 9
127	92	0.0	1	85 7
128	21	0.0	1	13 8
129	24	0.0	1	17 7
130	26	0.0	1	15 11
131	14	0.0	1	8 6
132	26	0.0	1	17 9
133	52	0.0	1	45 7
134	27	0.0	1	22 5
135	20	0.0	1	13 7
136	31	0.0	1	23 8
137	25	0.0	1	18 7
138	17	0.0	1	6 11
139	17	0.0	1	6 11
140	24	0.0	1	15 9
141	49	0.0	1	38 11
142	22	0.0	1	12 10
143	25	0.0	1	18 7
144	17	0.0	1	9 8
145	20	0.0	1	12 8
146	26	0.0	1	17 9
147	52	0.0	1	44 8
148	33	0.0	1	26 7
149	34	0.0	1	31 3
150	23	0.0	1	12 11
151	42	0.0	1	32 10
152	16	0.0	1	11 5
153	49	0.0	1	39 10
154	59	0.0	1	54 5
155	34	0.0	1	28 6
156	123	0.0	1	118 5
157	67	0.0	1	57 10
158	41	0.0	1	34 7
159	40	0.0	1	33 7
160	85	0.0	1	74 11
161	77	0.0	1	68 9
162	64	0.0	1	52 12
163	41	0.0	1	34 7
164	74	0.0	1	66 8
165	34	0.0	1	26 8
166	90	0.0	1	81 9
167	80	0.0	1	71 9
168	66	0.0	1	51 15
169	31	0.0	1	24 7
170	33	0.0	1	23 10
171	24	0.0	1	18 6
172	68	0.0	1	57 11
173	44	0.0	1	31 13
174	31	0.0	1	29 2
175	95	0.0	1	84 11
176	45	0.0	1	37 8
177	36	0.0	1	30 6
178	26	0.0	1	15 11
179	21	0.0	1	15 6
180	54	0.0	1	48 6
181	48	0.0	1	40 8
182	15	0.0	1	9 6
183	19	0.0	1	14 5
184	12	0.0	1	8 4
185	63	0.0	1	56 7
186	15	0.0	1	8 7
187	20	0.0	1	13 7
188	11	0.0	1	8 3
189	13	0.0	1	12 1
190	26	0.0	1	24 2
191	14	0.0	1	10 4
192	39	0.0	1	33 6
193	17	0.0	1	16 1
194	10	0.0	1	6 4
195	9	0.0	1	8 1
196	12	0.0	1	9 3
197	12	0.0	1	8 4
198	9	0.0	1	8 1
199	8	0.0	1	7 1
200	12	0.0	1	10 2
201	11	0.0	1	9 2
202	10	0.0	1	8 2
203	25	0.0	1	20 5
204	16	0.0	1	9 7
205	14	0.0	1	13 1
206	11	0.0	1	10 1
207	28	0.0	1	28
208	21	0.0	1	20 1
209	27	0.0	1	26 1
210	26	0.0	1	24 2
211	16	0.0	1	15 1
212	24	0.0	1	21 3
213	12	0.0	1	11 1
214	21	0.0	1	21
215	26	0.0	1	25 1
216	5	0.0	1	5
217	12	0.0	1	8 4
218	6	0.0	1	3 3
219	2	0.0	1	1 1
220	5	0.0	1	3 2
222	1	0.0	1	0 1
223	1	0.0	1	0 1
224	2	0.0	1	1 1
225	3	0.0	1	0 3
226	1	0.0	1	1
227	1	0.0	1	1
228	3	0.0	1	2 1
229	1	0.0	1	0 1
230	3	0.0	1	2 1
231	2	0.0	1	0 2
232	3	0.0	1	1 2
233	2	0.0	1	2
235	4	0.0	1	1 3
236	3	0.0	1	3
237	1	0.0	1	0 1
239	4	0.0	1	2 2
241	4	0.0	1	1 3
243	2	0.0	1	0 2
244	1	0.0	1	0 1
245	1	0.0	1	0 1
246	5	0.0	1	0 5
247	8	0.0	1	1 7
248	5	0.0	1	0 5
249	13	0.0	1	0 13
250	42	0.0	1	0 42
251	587	0.0	1	1 586

RUN STATISTICS FOR INPUT FILE: SC2253/host_removal/SC2253_R1.fastq.gz
=============================================
944497 sequences processed in total
The length threshold of paired-end sequences gets evaluated later on (in the validation step)

Writing report to '/workspace/home/nasirja/covid-19-signal/subset_viral_7_results_dir/SC2253/adapter_trimmed/SC2253_R2.fastq.gz_trimming_report.txt'

SUMMARISING RUN PARAMETERS
==========================
Input filename: SC2253/host_removal/SC2253_R2.fastq.gz
Trimming mode: paired-end
Trim Galore version: 0.6.4_dev
Cutadapt version: 4.1
Python version: could not detect
Number of cores used for trimming: 2
Quality Phred score cutoff: 20
Quality encoding type selected: ASCII+33
Adapter sequence: 'AGATCGGAAGAGC' (Illumina TruSeq, Sanger iPCR; auto-detected)
Maximum trimming error rate: 0.1 (default)
Minimum required adapter overlap (stringency): 1 bp
Minimum required sequence length for both reads before a sequence pair gets removed: 20 bp
Running FastQC on the data once trimming has completed
Output file(s) will be GZIP compressed

Cutadapt seems to be fairly up-to-date (version 4.1). Setting -j -j 2
Writing final adapter and quality trimmed output to SC2253_R2_trimmed.fq.gz


  >>> Now performing quality (cutoff '-q 20') and adapter trimming in a single pass for the adapter sequence: 'AGATCGGAAGAGC' from file SC2253/host_removal/SC2253_R2.fastq.gz <<< 
This is cutadapt 4.1 with Python 3.9.13
Command line parameters: -j 2 -e 0.1 -q 20 -O 1 -a AGATCGGAAGAGC SC2253/host_removal/SC2253_R2.fastq.gz
Processing single-end reads on 2 cores ...
Finished in 45.51 s (48 µs/read; 1.25 M reads/minute).

=== Summary ===

Total reads processed:                 944,497
Reads with adapters:                   325,643 (34.5%)
Reads written (passing filters):       944,497 (100.0%)

Total basepairs processed:   237,068,747 bp
Quality-trimmed:               4,959,274 bp (2.1%)
Total written (filtered):    229,943,502 bp (97.0%)

=== Adapter 1 ===

Sequence: AGATCGGAAGAGC; Type: regular 3'; Length: 13; Trimmed: 325643 times

Minimum overlap: 1
No. of allowed errors:
1-9 bp: 0; 10-13 bp: 1

Bases preceding removed adapters:
  A: 38.5%
  C: 17.2%
  G: 11.4%
  T: 31.8%
  none/other: 1.0%

Overview of removed sequences
length	count	expect	max.err	error counts
1	219588	236124.2	0	219588
2	66163	59031.1	0	66163
3	6531	14757.8	0	6531
4	1441	3689.4	0	1441
5	167	922.4	0	167
6	174	230.6	0	174
7	5627	57.6	0	5627
8	91	14.4	0	91
9	252	3.6	0	251 1
10	219	0.9	1	201 18
11	78	0.2	1	73 5
12	207	0.1	1	195 12
13	36	0.0	1	30 6
14	137	0.0	1	129 8
15	60	0.0	1	56 4
16	57	0.0	1	50 7
17	111	0.0	1	99 12
18	29	0.0	1	27 2
19	109	0.0	1	100 9
20	167	0.0	1	162 5
21	31	0.0	1	26 5
22	81	0.0	1	77 4
23	174	0.0	1	157 17
24	1467	0.0	1	1403 64
25	53	0.0	1	48 5
26	158	0.0	1	144 14
27	173	0.0	1	159 14
28	297	0.0	1	277 20
29	65	0.0	1	61 4
30	205	0.0	1	191 14
31	50	0.0	1	44 6
32	301	0.0	1	282 19
33	82	0.0	1	77 5
34	332	0.0	1	315 17
35	99	0.0	1	88 11
36	495	0.0	1	477 18
37	413	0.0	1	391 22
38	349	0.0	1	328 21
39	165	0.0	1	154 11
40	173	0.0	1	158 15
41	180	0.0	1	156 24
42	580	0.0	1	488 92
43	1203	0.0	1	1125 78
44	1158	0.0	1	1051 107
45	996	0.0	1	946 50
46	467	0.0	1	438 29
47	590	0.0	1	557 33
48	319	0.0	1	305 14
49	214	0.0	1	193 21
50	163	0.0	1	142 21
51	176	0.0	1	160 16
52	136	0.0	1	123 13
53	205	0.0	1	183 22
54	364	0.0	1	356 8
55	179	0.0	1	155 24
56	358	0.0	1	304 54
57	769	0.0	1	749 20
58	270	0.0	1	260 10
59	97	0.0	1	85 12
60	240	0.0	1	234 6
61	56	0.0	1	51 5
62	44	0.0	1	41 3
63	84	0.0	1	80 4
64	33	0.0	1	31 2
65	37	0.0	1	33 4
66	16	0.0	1	13 3
67	19	0.0	1	13 6
68	16	0.0	1	13 3
69	46	0.0	1	41 5
70	17	0.0	1	14 3
71	11	0.0	1	8 3
72	23	0.0	1	20 3
73	29	0.0	1	21 8
74	37	0.0	1	32 5
75	61	0.0	1	47 14
76	71	0.0	1	57 14
77	123	0.0	1	98 25
78	224	0.0	1	173 51
79	394	0.0	1	283 111
80	742	0.0	1	589 153
81	896	0.0	1	670 226
82	880	0.0	1	662 218
83	706	0.0	1	535 171
84	529	0.0	1	386 143
85	441	0.0	1	316 125
86	289	0.0	1	203 86
87	231	0.0	1	161 70
88	148	0.0	1	95 53
89	156	0.0	1	110 46
90	111	0.0	1	84 27
91	80	0.0	1	51 29
92	77	0.0	1	37 40
93	69	0.0	1	47 22
94	416	0.0	1	381 35
95	84	0.0	1	67 17
96	113	0.0	1	93 20
97	42	0.0	1	29 13
98	33	0.0	1	20 13
99	20	0.0	1	13 7
100	28	0.0	1	12 16
101	25	0.0	1	18 7
102	25	0.0	1	12 13
103	23	0.0	1	16 7
104	24	0.0	1	17 7
105	54	0.0	1	46 8
106	16	0.0	1	9 7
107	23	0.0	1	14 9
108	22	0.0	1	9 13
109	35	0.0	1	23 12
110	12	0.0	1	9 3
111	32	0.0	1	27 5
112	25	0.0	1	13 12
113	25	0.0	1	20 5
114	26	0.0	1	16 10
115	17	0.0	1	7 10
116	25	0.0	1	8 17
117	57	0.0	1	37 20
118	25	0.0	1	13 12
119	18	0.0	1	5 13
120	15	0.0	1	4 11
121	9	0.0	1	3 6
122	16	0.0	1	6 10
123	26	0.0	1	17 9
124	20	0.0	1	9 11
125	16	0.0	1	7 9
126	23	0.0	1	12 11
127	77	0.0	1	63 14
128	17	0.0	1	9 8
129	13	0.0	1	5 8
130	9	0.0	1	5 4
131	15	0.0	1	7 8
132	13	0.0	1	8 5
133	27	0.0	1	20 7
134	19	0.0	1	13 6
135	16	0.0	1	5 11
136	18	0.0	1	10 8
137	16	0.0	1	9 7
138	12	0.0	1	4 8
139	11	0.0	1	4 7
140	9	0.0	1	1 8
141	30	0.0	1	26 4
142	7	0.0	1	2 5
143	14	0.0	1	8 6
144	11	0.0	1	2 9
145	13	0.0	1	5 8
146	16	0.0	1	10 6
147	37	0.0	1	29 8
148	15	0.0	1	9 6
149	16	0.0	1	11 5
150	20	0.0	1	13 7
151	23	0.0	1	18 5
152	14	0.0	1	8 6
153	39	0.0	1	29 10
154	57	0.0	1	46 11
155	17	0.0	1	9 8
156	93	0.0	1	78 15
157	49	0.0	1	42 7
158	24	0.0	1	20 4
159	35	0.0	1	30 5
160	48	0.0	1	44 4
161	31	0.0	1	24 7
162	28	0.0	1	22 6
163	29	0.0	1	22 7
164	41	0.0	1	36 5
165	24	0.0	1	19 5
166	66	0.0	1	57 9
167	43	0.0	1	39 4
168	54	0.0	1	45 9
169	26	0.0	1	25 1
170	13	0.0	1	10 3
171	11	0.0	1	9 2
172	59	0.0	1	54 5
173	23	0.0	1	23
174	16	0.0	1	14 2
175	51	0.0	1	46 5
176	28	0.0	1	26 2
177	18	0.0	1	14 4
178	16	0.0	1	15 1
179	10	0.0	1	6 4
180	40	0.0	1	35 5
181	29	0.0	1	27 2
182	5	0.0	1	3 2
183	15	0.0	1	12 3
184	4	0.0	1	3 1
185	51	0.0	1	47 4
186	5	0.0	1	4 1
187	16	0.0	1	15 1
188	7	0.0	1	7
189	7	0.0	1	7
190	18	0.0	1	16 2
191	2	0.0	1	1 1
192	30	0.0	1	27 3
193	15	0.0	1	15
194	3	0.0	1	3
195	2	0.0	1	2
196	5	0.0	1	3 2
197	6	0.0	1	6
198	13	0.0	1	11 2
199	5	0.0	1	4 1
200	9	0.0	1	7 2
201	10	0.0	1	8 2
202	9	0.0	1	7 2
203	14	0.0	1	14
204	5	0.0	1	5
205	13	0.0	1	12 1
206	12	0.0	1	12
207	17	0.0	1	16 1
208	19	0.0	1	19
209	24	0.0	1	22 2
210	18	0.0	1	18
211	13	0.0	1	12 1
212	9	0.0	1	8 1
213	9	0.0	1	9
214	14	0.0	1	14
215	12	0.0	1	12
216	2	0.0	1	2
217	5	0.0	1	4 1
218	2	0.0	1	1 1
219	3	0.0	1	3
220	3	0.0	1	2 1
222	1	0.0	1	0 1
223	1	0.0	1	1
225	2	0.0	1	2
227	2	0.0	1	1 1
231	2	0.0	1	2
232	1	0.0	1	1
234	1	0.0	1	1
235	2	0.0	1	2
244	1	0.0	1	0 1
246	1	0.0	1	0 1
247	2	0.0	1	0 2
248	4	0.0	1	0 4
249	6	0.0	1	0 6
250	25	0.0	1	0 25
251	518	0.0	1	1 517

RUN STATISTICS FOR INPUT FILE: SC2253/host_removal/SC2253_R2.fastq.gz
=============================================
944497 sequences processed in total
The length threshold of paired-end sequences gets evaluated later on (in the validation step)

Validate paired-end files SC2253_R1_trimmed.fq.gz and SC2253_R2_trimmed.fq.gz
file_1: SC2253_R1_trimmed.fq.gz, file_2: SC2253_R2_trimmed.fq.gz


>>>>> Now validing the length of the 2 paired-end infiles: SC2253_R1_trimmed.fq.gz and SC2253_R2_trimmed.fq.gz <<<<<
Writing validated paired-end Read 1 reads to SC2253_R1_val_1.fq.gz
Writing validated paired-end Read 2 reads to SC2253_R2_val_2.fq.gz

Total number of sequences analysed: 944497

Number of sequence pairs removed because at least one read was shorter than the length cutoff (20 bp): 5714 (0.60%)


  >>> Now running FastQC on the validated data SC2253_R1_val_1.fq.gz<<<

Started analysis of SC2253_R1_val_1.fq.gz
Approx 5% complete for SC2253_R1_val_1.fq.gz
Approx 10% complete for SC2253_R1_val_1.fq.gz
Approx 15% complete for SC2253_R1_val_1.fq.gz
Approx 20% complete for SC2253_R1_val_1.fq.gz
Approx 25% complete for SC2253_R1_val_1.fq.gz
Approx 30% complete for SC2253_R1_val_1.fq.gz
Approx 35% complete for SC2253_R1_val_1.fq.gz
Approx 40% complete for SC2253_R1_val_1.fq.gz
Approx 45% complete for SC2253_R1_val_1.fq.gz
Approx 50% complete for SC2253_R1_val_1.fq.gz
Approx 55% complete for SC2253_R1_val_1.fq.gz
Approx 60% complete for SC2253_R1_val_1.fq.gz
Approx 65% complete for SC2253_R1_val_1.fq.gz
Approx 70% complete for SC2253_R1_val_1.fq.gz
Approx 75% complete for SC2253_R1_val_1.fq.gz
Approx 80% complete for SC2253_R1_val_1.fq.gz
Approx 85% complete for SC2253_R1_val_1.fq.gz
Approx 90% complete for SC2253_R1_val_1.fq.gz
Approx 95% complete for SC2253_R1_val_1.fq.gz

  >>> Now running FastQC on the validated data SC2253_R2_val_2.fq.gz<<<

Started analysis of SC2253_R2_val_2.fq.gz
Approx 5% complete for SC2253_R2_val_2.fq.gz
Approx 10% complete for SC2253_R2_val_2.fq.gz
Approx 15% complete for SC2253_R2_val_2.fq.gz
Approx 20% complete for SC2253_R2_val_2.fq.gz
Approx 25% complete for SC2253_R2_val_2.fq.gz
Approx 30% complete for SC2253_R2_val_2.fq.gz
Approx 35% complete for SC2253_R2_val_2.fq.gz
Approx 40% complete for SC2253_R2_val_2.fq.gz
Approx 45% complete for SC2253_R2_val_2.fq.gz
Approx 50% complete for SC2253_R2_val_2.fq.gz
Approx 55% complete for SC2253_R2_val_2.fq.gz
Approx 60% complete for SC2253_R2_val_2.fq.gz
Approx 65% complete for SC2253_R2_val_2.fq.gz
Approx 70% complete for SC2253_R2_val_2.fq.gz
Approx 75% complete for SC2253_R2_val_2.fq.gz
Approx 80% complete for SC2253_R2_val_2.fq.gz
Approx 85% complete for SC2253_R2_val_2.fq.gz
Approx 90% complete for SC2253_R2_val_2.fq.gz
Approx 95% complete for SC2253_R2_val_2.fq.gz
Deleting both intermediate output files SC2253_R1_trimmed.fq.gz and SC2253_R2_trimmed.fq.gz

====================================================================================================

