Path to Cutadapt set as: 'cutadapt' (default)
Cutadapt seems to be working fine (tested command 'cutadapt --version')
Cutadapt version: 4.8
Could not detect version of Python used by Cutadapt from the first line of Cutadapt (but found this: >>>#!/bin/sh<<<)
Letting the (modified) Cutadapt deal with the Python version instead
Parallel gzip (pigz) detected. Proceeding with multicore (de)compression using 2 cores

No quality encoding type selected. Assuming that the data provided uses Sanger encoded Phred scores (default)

Output will be written into the directory: /workspace/lab/mcarthurlab/nasirja/covid-19-signal/benchmark_output/PRJNA689621_subset-input_results_dir/E31/adapter_trimmed/


AUTO-DETECTING ADAPTER TYPE
===========================
Attempting to auto-detect adapter type from the first 1 million sequences of the first file (>> E31/host_removal/E31_R1.fastq.gz <<)

Found perfect matches for the following adapter sequences:
Adapter type	Count	Sequence	Sequences analysed	Percentage
Illumina	2147	AGATCGGAAGAGC	391993	0.55
smallRNA	0	TGGAATTCTCGG	391993	0.00
Nextera	0	CTGTCTCTTATA	391993	0.00
Using Illumina adapter for trimming (count: 2147). Second best hit was smallRNA (count: 0)

Writing report to '/workspace/lab/mcarthurlab/nasirja/covid-19-signal/benchmark_output/PRJNA689621_subset-input_results_dir/E31/adapter_trimmed/E31_R1.fastq.gz_trimming_report.txt'

SUMMARISING RUN PARAMETERS
==========================
Input filename: E31/host_removal/E31_R1.fastq.gz
Trimming mode: paired-end
Trim Galore version: 0.6.4_dev
Cutadapt version: 4.8
Python version: could not detect
Number of cores used for trimming: 2
Quality Phred score cutoff: 20
Quality encoding type selected: ASCII+33
Adapter sequence: 'AGATCGGAAGAGC' (Illumina TruSeq, Sanger iPCR; auto-detected)
Maximum trimming error rate: 0.1 (default)
Minimum required adapter overlap (stringency): 1 bp
Minimum required sequence length for both reads before a sequence pair gets removed: 20 bp
Running FastQC on the data once trimming has completed
Output file(s) will be GZIP compressed

Cutadapt seems to be fairly up-to-date (version 4.8). Setting -j 2
Writing final adapter and quality trimmed output to E31_R1_trimmed.fq.gz


  >>> Now performing quality (cutoff '-q 20') and adapter trimming in a single pass for the adapter sequence: 'AGATCGGAAGAGC' from file E31/host_removal/E31_R1.fastq.gz <<< 
This is cutadapt 4.8 with Python 3.12.3
Command line parameters: -j 2 -e 0.1 -q 20 -O 1 -a AGATCGGAAGAGC E31/host_removal/E31_R1.fastq.gz
Processing single-end reads on 2 cores ...
Finished in 16.861 s (43.014 µs/read; 1.39 M reads/minute).

=== Summary ===

Total reads processed:                 391,993
Reads with adapters:                   133,138 (34.0%)
Reads written (passing filters):       391,993 (100.0%)

Total basepairs processed:    98,390,243 bp
Quality-trimmed:                 347,404 bp (0.4%)
Total written (filtered):     97,723,573 bp (99.3%)

=== Adapter 1 ===

Sequence: AGATCGGAAGAGC; Type: regular 3'; Length: 13; Trimmed: 133138 times

Minimum overlap: 1
No. of allowed errors:
1-9 bp: 0; 10-13 bp: 1

Bases preceding removed adapters:
  A: 35.8%
  C: 18.3%
  G: 10.0%
  T: 35.9%
  none/other: 0.0%

Overview of removed sequences
length	count	expect	max.err	error counts
1	94539	97998.2	0	94539
2	32873	24499.6	0	32873
3	2015	6124.9	0	2015
4	424	1531.2	0	424
5	79	382.8	0	79
6	32	95.7	0	32
7	698	23.9	0	698
8	34	6.0	0	34
9	51	1.5	0	51
10	29	0.4	1	28 1
11	9	0.1	1	8 1
12	25	0.0	1	23 2
13	24	0.0	1	23 1
14	12	0.0	1	12
15	14	0.0	1	12 2
16	10	0.0	1	7 3
17	7	0.0	1	5 2
18	14	0.0	1	12 2
19	4	0.0	1	3 1
20	8	0.0	1	7 1
21	8	0.0	1	5 3
22	10	0.0	1	9 1
23	7	0.0	1	5 2
24	30	0.0	1	28 2
25	22	0.0	1	17 5
26	5	0.0	1	4 1
27	19	0.0	1	10 9
28	20	0.0	1	15 5
29	17	0.0	1	13 4
30	11	0.0	1	9 2
31	14	0.0	1	12 2
32	15	0.0	1	11 4
33	13	0.0	1	10 3
34	38	0.0	1	29 9
35	31	0.0	1	27 4
36	38	0.0	1	34 4
37	330	0.0	1	324 6
38	25	0.0	1	24 1
39	19	0.0	1	18 1
40	5	0.0	1	4 1
41	11	0.0	1	8 3
42	30	0.0	1	27 3
43	25	0.0	1	20 5
44	6	0.0	1	5 1
45	16	0.0	1	13 3
46	6	0.0	1	4 2
47	23	0.0	1	16 7
48	9	0.0	1	7 2
49	20	0.0	1	16 4
50	5	0.0	1	4 1
51	12	0.0	1	10 2
52	12	0.0	1	9 3
53	12	0.0	1	11 1
54	27	0.0	1	20 7
55	17	0.0	1	15 2
56	8	0.0	1	8
57	4	0.0	1	4
58	3	0.0	1	3
59	11	0.0	1	9 2
60	7	0.0	1	7
61	6	0.0	1	6
62	9	0.0	1	8 1
63	9	0.0	1	8 1
64	12	0.0	1	9 3
65	6	0.0	1	5 1
66	16	0.0	1	12 4
67	10	0.0	1	9 1
68	17	0.0	1	13 4
69	37	0.0	1	32 5
70	11	0.0	1	8 3
71	23	0.0	1	20 3
72	99	0.0	1	95 4
73	52	0.0	1	44 8
74	36	0.0	1	33 3
75	91	0.0	1	86 5
76	249	0.0	1	235 14
77	168	0.0	1	162 6
78	95	0.0	1	91 4
79	28	0.0	1	28
80	26	0.0	1	25 1
81	17	0.0	1	16 1
82	7	0.0	1	5 2
83	5	0.0	1	4 1
84	4	0.0	1	4
85	5	0.0	1	4 1
86	11	0.0	1	10 1
87	10	0.0	1	9 1
88	4	0.0	1	3 1
89	10	0.0	1	9 1
90	4	0.0	1	4
91	2	0.0	1	2
92	4	0.0	1	4
93	12	0.0	1	11 1
94	69	0.0	1	65 4
95	10	0.0	1	10
96	6	0.0	1	5 1
97	1	0.0	1	1
98	6	0.0	1	4 2
99	2	0.0	1	1 1
100	2	0.0	1	2
101	5	0.0	1	5
103	2	0.0	1	2
105	2	0.0	1	2
106	2	0.0	1	2
107	3	0.0	1	3
108	2	0.0	1	2
109	7	0.0	1	7
110	1	0.0	1	1
111	3	0.0	1	3
112	2	0.0	1	2
113	2	0.0	1	2
114	5	0.0	1	5
115	1	0.0	1	0 1
116	4	0.0	1	3 1
118	1	0.0	1	1
120	1	0.0	1	1
121	2	0.0	1	2
122	1	0.0	1	1
123	1	0.0	1	1
124	2	0.0	1	2
125	1	0.0	1	1
127	2	0.0	1	2
128	2	0.0	1	2
129	2	0.0	1	2
131	2	0.0	1	1 1
132	1	0.0	1	1
133	2	0.0	1	2
134	1	0.0	1	0 1
135	2	0.0	1	1 1
136	1	0.0	1	1
140	2	0.0	1	0 2
141	1	0.0	1	0 1
143	1	0.0	1	1
146	1	0.0	1	1
147	2	0.0	1	2
149	1	0.0	1	1
154	2	0.0	1	2
156	1	0.0	1	1
157	1	0.0	1	1
159	1	0.0	1	1
166	3	0.0	1	3
168	1	0.0	1	0 1
173	1	0.0	1	1
183	1	0.0	1	1
187	1	0.0	1	1
189	1	0.0	1	1
190	1	0.0	1	1
197	3	0.0	1	3
200	1	0.0	1	1
203	1	0.0	1	1
207	1	0.0	1	1
209	1	0.0	1	1
210	2	0.0	1	2
215	1	0.0	1	1
251	8	0.0	1	0 8

RUN STATISTICS FOR INPUT FILE: E31/host_removal/E31_R1.fastq.gz
=============================================
391993 sequences processed in total
The length threshold of paired-end sequences gets evaluated later on (in the validation step)

Writing report to '/workspace/lab/mcarthurlab/nasirja/covid-19-signal/benchmark_output/PRJNA689621_subset-input_results_dir/E31/adapter_trimmed/E31_R2.fastq.gz_trimming_report.txt'

SUMMARISING RUN PARAMETERS
==========================
Input filename: E31/host_removal/E31_R2.fastq.gz
Trimming mode: paired-end
Trim Galore version: 0.6.4_dev
Cutadapt version: 4.8
Python version: could not detect
Number of cores used for trimming: 2
Quality Phred score cutoff: 20
Quality encoding type selected: ASCII+33
Adapter sequence: 'AGATCGGAAGAGC' (Illumina TruSeq, Sanger iPCR; auto-detected)
Maximum trimming error rate: 0.1 (default)
Minimum required adapter overlap (stringency): 1 bp
Minimum required sequence length for both reads before a sequence pair gets removed: 20 bp
Running FastQC on the data once trimming has completed
Output file(s) will be GZIP compressed

Cutadapt seems to be fairly up-to-date (version 4.8). Setting -j -j 2
Writing final adapter and quality trimmed output to E31_R2_trimmed.fq.gz


  >>> Now performing quality (cutoff '-q 20') and adapter trimming in a single pass for the adapter sequence: 'AGATCGGAAGAGC' from file E31/host_removal/E31_R2.fastq.gz <<< 
This is cutadapt 4.8 with Python 3.12.3
Command line parameters: -j 2 -e 0.1 -q 20 -O 1 -a AGATCGGAAGAGC E31/host_removal/E31_R2.fastq.gz
Processing single-end reads on 2 cores ...
Finished in 17.797 s (45.402 µs/read; 1.32 M reads/minute).

=== Summary ===

Total reads processed:                 391,993
Reads with adapters:                   134,041 (34.2%)
Reads written (passing filters):       391,993 (100.0%)

Total basepairs processed:    98,390,243 bp
Quality-trimmed:               1,230,347 bp (1.3%)
Total written (filtered):     96,896,157 bp (98.5%)

=== Adapter 1 ===

Sequence: AGATCGGAAGAGC; Type: regular 3'; Length: 13; Trimmed: 134041 times

Minimum overlap: 1
No. of allowed errors:
1-9 bp: 0; 10-13 bp: 1

Bases preceding removed adapters:
  A: 41.6%
  C: 17.1%
  G: 9.7%
  T: 31.5%
  none/other: 0.0%

Overview of removed sequences
length	count	expect	max.err	error counts
1	102620	97998.2	0	102620
2	25565	24499.6	0	25565
3	2689	6124.9	0	2689
4	519	1531.2	0	519
5	75	382.8	0	75
6	30	95.7	0	30
7	664	23.9	0	664
8	20	6.0	0	20
9	56	1.5	0	56
10	21	0.4	1	17 4
11	10	0.1	1	4 6
12	36	0.0	1	32 4
13	8	0.0	1	4 4
14	20	0.0	1	19 1
15	10	0.0	1	9 1
16	7	0.0	1	6 1
17	11	0.0	1	10 1
18	3	0.0	1	2 1
19	5	0.0	1	3 2
20	2	0.0	1	2
21	1	0.0	1	0 1
22	5	0.0	1	5
23	9	0.0	1	8 1
24	46	0.0	1	41 5
25	4	0.0	1	3 1
26	13	0.0	1	13
27	9	0.0	1	8 1
28	23	0.0	1	19 4
29	5	0.0	1	4 1
30	31	0.0	1	30 1
31	10	0.0	1	8 2
32	29	0.0	1	23 6
33	27	0.0	1	27
34	16	0.0	1	16
35	21	0.0	1	19 2
36	136	0.0	1	132 4
37	192	0.0	1	186 6
38	21	0.0	1	21
39	15	0.0	1	15
40	33	0.0	1	29 4
41	22	0.0	1	20 2
42	44	0.0	1	43 1
43	45	0.0	1	44 1
44	45	0.0	1	45
45	56	0.0	1	55 1
46	29	0.0	1	29
47	41	0.0	1	41
48	19	0.0	1	19
49	13	0.0	1	13
50	7	0.0	1	7
51	10	0.0	1	10
52	7	0.0	1	7
53	21	0.0	1	19 2
54	41	0.0	1	41
55	7	0.0	1	7
56	21	0.0	1	21
57	46	0.0	1	46
58	40	0.0	1	39 1
59	5	0.0	1	5
60	18	0.0	1	17 1
61	9	0.0	1	8 1
62	3	0.0	1	2 1
63	10	0.0	1	10
64	1	0.0	1	1
65	2	0.0	1	2
66	4	0.0	1	4
67	3	0.0	1	3
68	1	0.0	1	1
69	5	0.0	1	4 1
70	4	0.0	1	4
72	40	0.0	1	39 1
73	11	0.0	1	9 2
74	1	0.0	1	1
75	17	0.0	1	17
76	6	0.0	1	4 2
77	23	0.0	1	23
78	18	0.0	1	18
79	25	0.0	1	22 3
80	44	0.0	1	39 5
81	50	0.0	1	44 6
82	19	0.0	1	18 1
83	21	0.0	1	16 5
84	7	0.0	1	6 1
85	6	0.0	1	6
86	3	0.0	1	2 1
87	2	0.0	1	1 1
88	1	0.0	1	1
89	3	0.0	1	1 2
90	2	0.0	1	1 1
91	3	0.0	1	2 1
93	7	0.0	1	5 2
94	57	0.0	1	56 1
95	6	0.0	1	6
96	6	0.0	1	6
97	4	0.0	1	4
100	1	0.0	1	1
101	1	0.0	1	0 1
102	1	0.0	1	0 1
105	1	0.0	1	1
107	4	0.0	1	1 3
109	2	0.0	1	2
110	1	0.0	1	0 1
111	1	0.0	1	1
113	1	0.0	1	0 1
114	5	0.0	1	4 1
116	2	0.0	1	0 2
118	2	0.0	1	1 1
121	2	0.0	1	2
123	1	0.0	1	1
127	2	0.0	1	2
129	1	0.0	1	1
130	1	0.0	1	1
131	1	0.0	1	0 1
133	1	0.0	1	1
134	1	0.0	1	1
136	1	0.0	1	1
146	1	0.0	1	0 1
149	1	0.0	1	1
152	1	0.0	1	1
156	4	0.0	1	4
157	1	0.0	1	1
158	1	0.0	1	0 1
160	2	0.0	1	2
164	1	0.0	1	0 1
166	1	0.0	1	1
195	1	0.0	1	1
197	1	0.0	1	1
198	1	0.0	1	1
203	1	0.0	1	1
208	1	0.0	1	1
209	3	0.0	1	3
211	1	0.0	1	1
251	8	0.0	1	0 8

RUN STATISTICS FOR INPUT FILE: E31/host_removal/E31_R2.fastq.gz
=============================================
391993 sequences processed in total
The length threshold of paired-end sequences gets evaluated later on (in the validation step)

Validate paired-end files E31_R1_trimmed.fq.gz and E31_R2_trimmed.fq.gz
file_1: E31_R1_trimmed.fq.gz, file_2: E31_R2_trimmed.fq.gz


>>>>> Now validing the length of the 2 paired-end infiles: E31_R1_trimmed.fq.gz and E31_R2_trimmed.fq.gz <<<<<
Writing validated paired-end Read 1 reads to E31_R1_val_1.fq.gz
Writing validated paired-end Read 2 reads to E31_R2_val_2.fq.gz

Total number of sequences analysed: 391993

Number of sequence pairs removed because at least one read was shorter than the length cutoff (20 bp): 532 (0.14%)


  >>> Now running FastQC on the validated data E31_R1_val_1.fq.gz<<<

Started analysis of E31_R1_val_1.fq.gz
Approx 5% complete for E31_R1_val_1.fq.gz
Approx 10% complete for E31_R1_val_1.fq.gz
Approx 15% complete for E31_R1_val_1.fq.gz
Approx 20% complete for E31_R1_val_1.fq.gz
Approx 25% complete for E31_R1_val_1.fq.gz
Approx 30% complete for E31_R1_val_1.fq.gz
Approx 35% complete for E31_R1_val_1.fq.gz
Approx 40% complete for E31_R1_val_1.fq.gz
Approx 45% complete for E31_R1_val_1.fq.gz
Approx 50% complete for E31_R1_val_1.fq.gz
Approx 55% complete for E31_R1_val_1.fq.gz
Approx 60% complete for E31_R1_val_1.fq.gz
Approx 65% complete for E31_R1_val_1.fq.gz
Approx 70% complete for E31_R1_val_1.fq.gz
Approx 75% complete for E31_R1_val_1.fq.gz
Approx 80% complete for E31_R1_val_1.fq.gz
Approx 85% complete for E31_R1_val_1.fq.gz
Approx 90% complete for E31_R1_val_1.fq.gz
Approx 95% complete for E31_R1_val_1.fq.gz

  >>> Now running FastQC on the validated data E31_R2_val_2.fq.gz<<<

Started analysis of E31_R2_val_2.fq.gz
Approx 5% complete for E31_R2_val_2.fq.gz
Approx 10% complete for E31_R2_val_2.fq.gz
Approx 15% complete for E31_R2_val_2.fq.gz
Approx 20% complete for E31_R2_val_2.fq.gz
Approx 25% complete for E31_R2_val_2.fq.gz
Approx 30% complete for E31_R2_val_2.fq.gz
Approx 35% complete for E31_R2_val_2.fq.gz
Approx 40% complete for E31_R2_val_2.fq.gz
Approx 45% complete for E31_R2_val_2.fq.gz
Approx 50% complete for E31_R2_val_2.fq.gz
Approx 55% complete for E31_R2_val_2.fq.gz
Approx 60% complete for E31_R2_val_2.fq.gz
Approx 65% complete for E31_R2_val_2.fq.gz
Approx 70% complete for E31_R2_val_2.fq.gz
Approx 75% complete for E31_R2_val_2.fq.gz
Approx 80% complete for E31_R2_val_2.fq.gz
Approx 85% complete for E31_R2_val_2.fq.gz
Approx 90% complete for E31_R2_val_2.fq.gz
Approx 95% complete for E31_R2_val_2.fq.gz
Deleting both intermediate output files E31_R1_trimmed.fq.gz and E31_R2_trimmed.fq.gz

====================================================================================================

