================================================================================
breseq 0.35.0     http://barricklab.org/breseq

Active Developers: Barrick JE, Deatherage DE
Contact:           <jeffrey.e.barrick@gmail.com>

breseq is free software; you can redistribute it and/or modify it under the
terms the GNU General Public License as published by the Free Software 
Foundation; either version 2, or (at your option) any later version.

Copyright (c) 2008-2010 Michigan State University
Copyright (c) 2011-2017 The University of Texas at Austin

If you use breseq in your research, please cite:

  Deatherage, D.E., Barrick, J.E. (2014) Identification of mutations
  in laboratory-evolved microbes from next-generation sequencing
  data using breseq. Methods Mol. Biol. 1151: 165–188.

If you use structural variation (junction) predictions, please cite:

  Barrick, J.E., Colburn, G., Deatherage D.E., Traverse, C.C.,
  Strand, M.D., Borges, J.J., Knoester, D.B., Reba, A., Meyer, A.G. 
  (2014) Identifying structural variation in haploid microbial genomes 
  from short-read resequencing data using breseq. BMC Genomics 15:1039.
================================================================================
---> bowtie2  :: version 2.4.5 [/workspace/home/nasirja/covid-19-signal/.snakemake/conda/1f267c8dfdaa0356ebaad13adc66d00a/bin/bowtie2]
---> R        :: version 3.5.1 [/workspace/home/nasirja/covid-19-signal/.snakemake/conda/1f267c8dfdaa0356ebaad13adc66d00a/bin/R]
+++   NOW PROCESSING Read and reference sequence file input
  READ FILE::SC2250_R1
    Converting/filtering FASTQ file...
    Original base quality format: SANGER New format: SANGER
    Original reads: 8174 bases: 2043018
    Filtered reads: none
    Analyzed reads: 8174 bases: 2043018
  READ FILE::SC2250_R2
    Converting/filtering FASTQ file...
    Original base quality format: SANGER New format: SANGER
    Original reads: 8174 bases: 2039746
    Filtered reads: none
    Analyzed reads: 8174 bases: 2039746
  ::TOTAL::
    Original reads: 16348 bases: 4082764
    Analyzed reads: 16348 bases: 4082764
[samtools] faidx SC2250/breseq/data/reference.fasta
  REFERENCE: MN908947
  LENGTH: 29903
+++   NOW PROCESSING Read alignment to reference genome
[system] bowtie2-build -q SC2250/breseq/data/reference.fasta SC2250/breseq/02_reference_alignment/reference
Renaming SC2250/breseq/02_reference_alignment/reference.3.bt2.tmp to SC2250/breseq/02_reference_alignment/reference.3.bt2
Renaming SC2250/breseq/02_reference_alignment/reference.4.bt2.tmp to SC2250/breseq/02_reference_alignment/reference.4.bt2
Renaming SC2250/breseq/02_reference_alignment/reference.1.bt2.tmp to SC2250/breseq/02_reference_alignment/reference.1.bt2
Renaming SC2250/breseq/02_reference_alignment/reference.2.bt2.tmp to SC2250/breseq/02_reference_alignment/reference.2.bt2
Renaming SC2250/breseq/02_reference_alignment/reference.rev.1.bt2.tmp to SC2250/breseq/02_reference_alignment/reference.rev.1.bt2
Renaming SC2250/breseq/02_reference_alignment/reference.rev.2.bt2.tmp to SC2250/breseq/02_reference_alignment/reference.rev.2.bt2
[system] bowtie2 -t --no-unal -p 4 -L 31 --ma 1 --mp 3 --np 0 --rdg 2,3 --rfg 2,3 --ignore-quals --local -i S,1,0.25 --score-min L,1,0.9 -k 2000 --reorder -x SC2250/breseq/02_reference_alignment/reference -U SC2250/breseq/01_sequence_conversion/SC2250_R1.converted.fastq -S SC2250/breseq/02_reference_alignment/SC2250_R1.stage1.sam --un SC2250/breseq/02_reference_alignment/SC2250_R1.stage1.unmatched.fastq
Time loading reference: 00:00:00
Time loading forward index: 00:00:00
Time loading mirror index: 00:00:00
Multiseed full-index search: 00:00:01
8174 reads; of these:
  8174 (100.00%) were unpaired; of these:
    105 (1.28%) aligned 0 times
    8069 (98.72%) aligned exactly 1 time
    0 (0.00%) aligned >1 times
98.72% overall alignment rate
Time searching: 00:00:01
Overall time: 00:00:01
[system] bowtie2 -t --no-unal -p 4 -L 29 --ma 1 --mp 3 --np 0 --rdg 2,3 --rfg 2,3 --ignore-quals --local -i S,1,0.25 --score-min L,6,0.2 -k 2000 --reorder -x SC2250/breseq/02_reference_alignment/reference -U SC2250/breseq/02_reference_alignment/SC2250_R1.stage1.unmatched.fastq -S SC2250/breseq/02_reference_alignment/SC2250_R1.stage2.matched.sam
Time loading reference: 00:00:00
Time loading forward index: 00:00:00
Time loading mirror index: 00:00:00
Multiseed full-index search: 00:00:00
105 reads; of these:
  105 (100.00%) were unpaired; of these:
    0 (0.00%) aligned 0 times
    86 (81.90%) aligned exactly 1 time
    19 (18.10%) aligned >1 times
100.00% overall alignment rate
Time searching: 00:00:00
Overall time: 00:00:00
[system] bowtie2 -t --no-unal -p 4 -L 31 --ma 1 --mp 3 --np 0 --rdg 2,3 --rfg 2,3 --ignore-quals --local -i S,1,0.25 --score-min L,1,0.9 -k 2000 --reorder -x SC2250/breseq/02_reference_alignment/reference -U SC2250/breseq/01_sequence_conversion/SC2250_R2.converted.fastq -S SC2250/breseq/02_reference_alignment/SC2250_R2.stage1.sam --un SC2250/breseq/02_reference_alignment/SC2250_R2.stage1.unmatched.fastq
Time loading reference: 00:00:00
Time loading forward index: 00:00:00
Time loading mirror index: 00:00:00
Multiseed full-index search: 00:00:00
8174 reads; of these:
  8174 (100.00%) were unpaired; of these:
    204 (2.50%) aligned 0 times
    7970 (97.50%) aligned exactly 1 time
    0 (0.00%) aligned >1 times
97.50% overall alignment rate
Time searching: 00:00:00
Overall time: 00:00:00
[system] bowtie2 -t --no-unal -p 4 -L 29 --ma 1 --mp 3 --np 0 --rdg 2,3 --rfg 2,3 --ignore-quals --local -i S,1,0.25 --score-min L,6,0.2 -k 2000 --reorder -x SC2250/breseq/02_reference_alignment/reference -U SC2250/breseq/02_reference_alignment/SC2250_R2.stage1.unmatched.fastq -S SC2250/breseq/02_reference_alignment/SC2250_R2.stage2.matched.sam
Time loading reference: 00:00:00
Time loading forward index: 00:00:00
Time loading mirror index: 00:00:00
Multiseed full-index search: 00:00:00
204 reads; of these:
  204 (100.00%) were unpaired; of these:
    0 (0.00%) aligned 0 times
    188 (92.16%) aligned exactly 1 time
    16 (7.84%) aligned >1 times
100.00% overall alignment rate
Time searching: 00:00:00
Overall time: 00:00:00
[system] rm -f SC2250/breseq/02_reference_alignment/reference*
[system] rm -f SC2250/breseq/02_reference_alignment/SC2250_R1.stage1.unmatched.fastq
[system] rm -f SC2250/breseq/02_reference_alignment/SC2250_R1.stage1.sam
[system] rm -f SC2250/breseq/02_reference_alignment/SC2250_R1.stage2.matched.sam
[system] rm -f SC2250/breseq/02_reference_alignment/SC2250_R2.stage1.unmatched.fastq
[system] rm -f SC2250/breseq/02_reference_alignment/SC2250_R2.stage1.sam
[system] rm -f SC2250/breseq/02_reference_alignment/SC2250_R2.stage2.matched.sam
+++   NOW PROCESSING Preprocessing alignments for candidate junction identification
Preprocessing alignments.
  READ FILE::SC2250_R1
  READ FILE::SC2250_R2
  Summary... 
  Aligned reads:                                16348
  Read alignments:                              16385
  Alignments split on indels:                      66
  Reads with alignments split on indels:           66
  Split alignments:                               204
  Reads with split alignments:                    101
+++   NOW PROCESSING Preliminary analysis of coverage distribution
[samtools] import SC2250/breseq/data/reference.fasta.fai SC2250/breseq/03_candidate_junctions/best.sam SC2250/breseq/03_candidate_junctions/best.unsorted.bam
[samtools] sort --threads 4 -o SC2250/breseq/03_candidate_junctions/best.bam -T SC2250/breseq/03_candidate_junctions/best.bam SC2250/breseq/03_candidate_junctions/best.unsorted.bam
[samtools] index SC2250/breseq/03_candidate_junctions/best.bam SC2250/breseq/03_candidate_junctions/best.bam.bai
  REFERENCE: MN908947
  LENGTH: 29903
    POSITION:10000
    POSITION:20000
[system] R --vanilla < /workspace/home/nasirja/covid-19-signal/.snakemake/conda/1f267c8dfdaa0356ebaad13adc66d00a/bin/../share/breseq/coverage_distribution.r > SC2250/breseq/03_candidate_junctions/0.unique_only_coverage_distribution.tab.r.log distribution_file=SC2250/breseq/03_candidate_junctions/0.unique_only_coverage_distribution.tab plot_file=SC2250/breseq/03_candidate_junctions/0.coverage.pdf deletion_propagation_pr_cutoff=0.000289143
[system] rm -f SC2250/breseq/03_candidate_junctions/best.unsorted.bam
[system] rm -f SC2250/breseq/03_candidate_junctions/best.sam
[system] rm -f SC2250/breseq/03_candidate_junctions/best.bam
[system] rm -f SC2250/breseq/03_candidate_junctions/best.bam.bai
[system] rm -f SC2250/breseq/03_candidate_junctions/0.coverage.pdf
[system] rm -f SC2250/breseq/03_candidate_junctions/0.unique_only_coverage_distribution.tab
[system] rm -f SC2250/breseq/03_candidate_junctions/0.unique_only_coverage_distribution.tab.r.log
+++   NOW PROCESSING Identifying junction candidates
  READ FILE::SC2250_R1
  READ FILE::SC2250_R2
  Passed alignment pairs examined: 62
  Taking top candidate junctions...
  Minimum number to keep:     100 
  Maximum number to keep:    5000 
  Maximum length to keep:    2990 bases
    Initial: Number = 4, Cumulative Length = 1752 bases
      Testing Pos Hash Score =    3, Num =      2, Length =    831
      Testing Pos Hash Score =    2, Num =      2, Length =    921
    Accepted: Number = 4, Pos Hash Score >= 2, Cumulative Length = 1752 bases
[samtools] faidx SC2250/breseq/03_candidate_junctions/candidate_junction.fasta
[system] rm -f SC2250/breseq/03_candidate_junctions/SC2250_R1.split.sam
[system] rm -f SC2250/breseq/03_candidate_junctions/SC2250_R2.split.sam
+++   NOW PROCESSING Re-alignment to junction candidates
[system] bowtie2-build -q SC2250/breseq/03_candidate_junctions/candidate_junction.fasta SC2250/breseq/04_candidate_junction_alignment/candidate_junction
Renaming SC2250/breseq/04_candidate_junction_alignment/candidate_junction.3.bt2.tmp to SC2250/breseq/04_candidate_junction_alignment/candidate_junction.3.bt2
Renaming SC2250/breseq/04_candidate_junction_alignment/candidate_junction.4.bt2.tmp to SC2250/breseq/04_candidate_junction_alignment/candidate_junction.4.bt2
Renaming SC2250/breseq/04_candidate_junction_alignment/candidate_junction.1.bt2.tmp to SC2250/breseq/04_candidate_junction_alignment/candidate_junction.1.bt2
Renaming SC2250/breseq/04_candidate_junction_alignment/candidate_junction.2.bt2.tmp to SC2250/breseq/04_candidate_junction_alignment/candidate_junction.2.bt2
Renaming SC2250/breseq/04_candidate_junction_alignment/candidate_junction.rev.1.bt2.tmp to SC2250/breseq/04_candidate_junction_alignment/candidate_junction.rev.1.bt2
Renaming SC2250/breseq/04_candidate_junction_alignment/candidate_junction.rev.2.bt2.tmp to SC2250/breseq/04_candidate_junction_alignment/candidate_junction.rev.2.bt2
[system] bowtie2 -t --no-unal -p 4 --local  -L 31 --ma 1 --mp 3 --np 0 --rdg 2,3 --rfg 2,3 --ignore-quals --local -i S,1,0.25 --score-min L,1,0.70 -k 2000 --reorder -x SC2250/breseq/04_candidate_junction_alignment/candidate_junction -U SC2250/breseq/01_sequence_conversion/SC2250_R1.converted.fastq -S SC2250/breseq/04_candidate_junction_alignment/SC2250_R1.candidate_junction.sam
Time loading reference: 00:00:00
Time loading forward index: 00:00:00
Time loading mirror index: 00:00:00
Multiseed full-index search: 00:00:00
8174 reads; of these:
  8174 (100.00%) were unpaired; of these:
    7408 (90.63%) aligned 0 times
    766 (9.37%) aligned exactly 1 time
    0 (0.00%) aligned >1 times
9.37% overall alignment rate
Time searching: 00:00:00
Overall time: 00:00:00
[system] bowtie2 -t --no-unal -p 4 --local  -L 31 --ma 1 --mp 3 --np 0 --rdg 2,3 --rfg 2,3 --ignore-quals --local -i S,1,0.25 --score-min L,1,0.70 -k 2000 --reorder -x SC2250/breseq/04_candidate_junction_alignment/candidate_junction -U SC2250/breseq/01_sequence_conversion/SC2250_R2.converted.fastq -S SC2250/breseq/04_candidate_junction_alignment/SC2250_R2.candidate_junction.sam
Time loading reference: 00:00:00
Time loading forward index: 00:00:00
Time loading mirror index: 00:00:00
Multiseed full-index search: 00:00:01
8174 reads; of these:
  8174 (100.00%) were unpaired; of these:
    7434 (90.95%) aligned 0 times
    740 (9.05%) aligned exactly 1 time
    0 (0.00%) aligned >1 times
9.05% overall alignment rate
Time searching: 00:00:01
Overall time: 00:00:01
[system] rm -f SC2250/breseq/04_candidate_junction_alignment/candidate_junction*
+++   NOW PROCESSING Resolving best read alignments
  READ FILE:SC2250_R1
  READ FILE:SC2250_R2
    READS:10000
[system] rm -f SC2250/breseq/01_sequence_conversion/SC2250_R1.converted.fastq
[system] rm -f SC2250/breseq/01_sequence_conversion/SC2250_R2.converted.fastq
[system] rm -f SC2250/breseq/02_reference_alignment/SC2250_R1.reference.sam
[system] rm -f SC2250/breseq/02_reference_alignment/SC2250_R2.reference.sam
[system] rm -f SC2250/breseq/04_candidate_junction_alignment/SC2250_R1.candidate_junction.sam*
[system] rm -f SC2250/breseq/04_candidate_junction_alignment/SC2250_R2.candidate_junction.sam*
+++   NOW PROCESSING Creating BAM files
[samtools] import SC2250/breseq/03_candidate_junctions/candidate_junction.fasta.fai SC2250/breseq/05_alignment_correction/junction.sam SC2250/breseq/06_bam/junction.unsorted.bam
[samtools] sort --threads 4 -o SC2250/breseq/06_bam/junction.bam -T SC2250/breseq/06_bam/junction.bam SC2250/breseq/06_bam/junction.unsorted.bam
[system] rm -f SC2250/breseq/06_bam/junction.unsorted.bam
[samtools] index SC2250/breseq/06_bam/junction.bam SC2250/breseq/06_bam/junction.bam.bai
[samtools] import SC2250/breseq/data/reference.fasta.fai SC2250/breseq/05_alignment_correction/reference.sam SC2250/breseq/06_bam/reference.unsorted.bam
[samtools] sort --threads 4 -o SC2250/breseq/data/reference.bam -T SC2250/breseq/data/reference.bam SC2250/breseq/06_bam/reference.unsorted.bam
[system] rm -f SC2250/breseq/06_bam/reference.unsorted.bam
[samtools] index SC2250/breseq/data/reference.bam SC2250/breseq/data/reference.bam.bai
[system] rm -f SC2250/breseq/05_alignment_correction/reference.sam
[system] rm -f SC2250/breseq/05_alignment_correction/junction.sam
+++   NOW PROCESSING Tabulating error counts
  REFERENCE: MN908947
  LENGTH: 29903
    POSITION:10000
    POSITION:20000
+++   NOW PROCESSING Re-calibrating base error rates
[system] R --vanilla < /workspace/home/nasirja/covid-19-signal/.snakemake/conda/1f267c8dfdaa0356ebaad13adc66d00a/bin/../share/breseq/coverage_distribution.r > SC2250/breseq/07_error_calibration/0.unique_only_coverage_distribution.tab.r.log distribution_file=SC2250/breseq/07_error_calibration/0.unique_only_coverage_distribution.tab plot_file=SC2250/breseq/output/calibration/0.unique_coverage.pdf deletion_propagation_pr_cutoff=0.000289143
----------------------------------> WARNING <-----------------------------------
Failed to fit coverage distribution for some reference sequences. This may degrade the quality of predicting mutations from new sequence junctions (JC evidence). You may want to set --deletion-coverage-propagation-cutoff to improve the quality of deletion prediction (MC evidence).

Failed fit seq ids: MN908947
--------------------------------------------------------------------------------
[system] R --vanilla in_file=SC2250/breseq/07_error_calibration/base_qual_error_prob.SC2250_R1.tab out_file=SC2250/breseq/output/calibration/SC2250_R1.error_rates.pdf < /workspace/home/nasirja/covid-19-signal/.snakemake/conda/1f267c8dfdaa0356ebaad13adc66d00a/bin/../share/breseq/plot_error_rate.r > SC2250/breseq/07_error_calibration/SC2250_R1.plot_error_rate.log
[system] R --vanilla in_file=SC2250/breseq/07_error_calibration/base_qual_error_prob.SC2250_R2.tab out_file=SC2250/breseq/output/calibration/SC2250_R2.error_rates.pdf < /workspace/home/nasirja/covid-19-signal/.snakemake/conda/1f267c8dfdaa0356ebaad13adc66d00a/bin/../share/breseq/plot_error_rate.r > SC2250/breseq/07_error_calibration/SC2250_R2.plot_error_rate.log
+++   NOW PROCESSING Examining read alignment evidence
  REFERENCE: MN908947
  LENGTH: 29903
    POSITION:10000
    POSITION:20000
+++   NOW PROCESSING Polymorphism statistics
[system] R --vanilla total_length=29903 in_file=SC2250/breseq/08_mutation_identification/polymorphism_statistics_input.tab out_file=SC2250/breseq/08_mutation_identification/polymorphism_statistics_output.tab qual_file=SC2250/breseq/08_mutation_identification/error_counts.tab < /workspace/home/nasirja/covid-19-signal/.snakemake/conda/1f267c8dfdaa0356ebaad13adc66d00a/bin/../share/breseq/polymorphism_statistics.r > SC2250/breseq/08_mutation_identification/polymorphism_statistics_output.log
+++   NOW PROCESSING Output
Creating merged genome diff evidence file...
Predicting mutations from evidence...
  Preparing junctions...
  Predicting mobile element insertions...
  Predicting large deletions...
  Predicting small indels and substitutions from junctions...
  Predicting small indels and substitutions from alignments...
  Making final adjustments to mutations...
  Writing final GD file...
  Writing final VCF file...
Annotating mutations...
Drawing coverage plots...
Creating coverage plot for region: MN908947:1-29903
Creating index HTML table...
[system] rm -f SC2250/breseq/01_sequence_conversion/*.trims
[system] rm -f SC2250/breseq/03_candidate_junctions/candidate_junction.fasta
[system] rm -f SC2250/breseq/03_candidate_junctions/candidate_junction.fasta.fai
[system] rm -f SC2250/breseq/05_alignment_correction/jc_evidence.gd
[system] rm -f SC2250/breseq/06_bam/junction.bam
[system] rm -f SC2250/breseq/06_bam/junction.bam.bai
+++   SUCCESSFULLY COMPLETED
