[M::bwa_idx_load_from_disk] read 0 ALT contigs
[M::process] read 81326 sequences (20000450 bp)...
[M::process] read 81360 sequences (20000213 bp)...
[M::mem_pestat] # candidate unique pairs for (FF, FR, RF, RR): (9, 39832, 12, 11)
[M::mem_pestat] skip orientation FF as there are not enough pairs
[M::mem_pestat] analyzing insert size distribution for orientation FR...
[M::mem_pestat] (25, 50, 75) percentile: (381, 386, 393)
[M::mem_pestat] low and high boundaries for computing mean and std.dev: (357, 417)
[M::mem_pestat] mean and std.dev: (388.67, 10.01)
[M::mem_pestat] low and high boundaries for proper pairs: (345, 429)
[M::mem_pestat] analyzing insert size distribution for orientation RF...
[M::mem_pestat] (25, 50, 75) percentile: (888, 4868, 7834)
[M::mem_pestat] low and high boundaries for computing mean and std.dev: (1, 21726)
[M::mem_pestat] mean and std.dev: (4383.58, 3238.99)
[M::mem_pestat] low and high boundaries for proper pairs: (1, 28672)
[M::mem_pestat] analyzing insert size distribution for orientation RR...
[M::mem_pestat] (25, 50, 75) percentile: (1835, 2057, 2057)
[M::mem_pestat] low and high boundaries for computing mean and std.dev: (1391, 2501)
[M::mem_pestat] mean and std.dev: (2054.29, 174.86)
[M::mem_pestat] low and high boundaries for proper pairs: (1169, 2754)
[M::mem_pestat] skip orientation RF
[M::mem_pestat] skip orientation RR
[M::mem_process_seqs] Processed 81326 reads in 5.506 CPU sec, 2.712 real sec
[M::mem_pestat] # candidate unique pairs for (FF, FR, RF, RR): (8, 39800, 8, 10)
[M::mem_pestat] skip orientation FF as there are not enough pairs
[M::mem_pestat] analyzing insert size distribution for orientation FR...
[M::mem_pestat] (25, 50, 75) percentile: (381, 386, 393)
[M::mem_pestat] low and high boundaries for computing mean and std.dev: (357, 417)
[M::mem_pestat] mean and std.dev: (388.55, 10.11)
[M::mem_pestat] low and high boundaries for proper pairs: (345, 429)
[M::mem_pestat] skip orientation RF as there are not enough pairs
[M::mem_pestat] analyzing insert size distribution for orientation RR...
[M::mem_pestat] (25, 50, 75) percentile: (1855, 2057, 5110)
[M::mem_pestat] low and high boundaries for computing mean and std.dev: (1, 11620)
[M::mem_pestat] mean and std.dev: (3154.30, 2221.50)
[M::mem_pestat] low and high boundaries for proper pairs: (1, 14875)
[M::mem_pestat] skip orientation RR
[M::mem_process_seqs] Processed 81360 reads in 5.666 CPU sec, 2.769 real sec
[M::process] read 81464 sequences (20000485 bp)...
[M::mem_pestat] # candidate unique pairs for (FF, FR, RF, RR): (5, 39825, 21, 7)
[M::mem_pestat] skip orientation FF as there are not enough pairs
[M::mem_pestat] analyzing insert size distribution for orientation FR...
[M::mem_pestat] (25, 50, 75) percentile: (380, 385, 393)
[M::mem_pestat] low and high boundaries for computing mean and std.dev: (354, 419)
[M::mem_pestat] mean and std.dev: (388.55, 10.75)
[M::mem_pestat] low and high boundaries for proper pairs: (341, 432)
[M::mem_pestat] analyzing insert size distribution for orientation RF...
[M::mem_pestat] (25, 50, 75) percentile: (233, 823, 5353)
[M::mem_pestat] low and high boundaries for computing mean and std.dev: (1, 15593)
[M::mem_pestat] mean and std.dev: (2557.43, 2811.56)
[M::mem_pestat] low and high boundaries for proper pairs: (1, 20713)
[M::mem_pestat] skip orientation RR as there are not enough pairs
[M::mem_pestat] skip orientation RF
[M::mem_process_seqs] Processed 81464 reads in 5.881 CPU sec, 2.860 real sec
[M::process] read 81286 sequences (20000151 bp)...
[M::mem_pestat] # candidate unique pairs for (FF, FR, RF, RR): (9, 39788, 14, 12)
[M::mem_pestat] skip orientation FF as there are not enough pairs
[M::mem_pestat] analyzing insert size distribution for orientation FR...
[M::mem_pestat] (25, 50, 75) percentile: (381, 386, 393)
[M::mem_pestat] low and high boundaries for computing mean and std.dev: (357, 417)
[M::mem_pestat] mean and std.dev: (388.66, 10.01)
[M::mem_pestat] low and high boundaries for proper pairs: (345, 429)
[M::mem_pestat] analyzing insert size distribution for orientation RF...
[M::mem_pestat] (25, 50, 75) percentile: (512, 824, 1348)
[M::mem_pestat] low and high boundaries for computing mean and std.dev: (1, 3020)
[M::mem_pestat] mean and std.dev: (664.55, 333.19)
[M::mem_pestat] low and high boundaries for proper pairs: (1, 3856)
[M::mem_pestat] analyzing insert size distribution for orientation RR...
[M::mem_pestat] (25, 50, 75) percentile: (1224, 2057, 2057)
[M::mem_pestat] low and high boundaries for computing mean and std.dev: (1, 3723)
[M::mem_pestat] mean and std.dev: (1484.20, 669.36)
[M::mem_pestat] low and high boundaries for proper pairs: (1, 4556)
[M::mem_pestat] skip orientation RF
[M::mem_pestat] skip orientation RR
[M::mem_process_seqs] Processed 81286 reads in 5.095 CPU sec, 2.496 real sec
[M::process] read 81312 sequences (20000424 bp)...
[M::mem_pestat] # candidate unique pairs for (FF, FR, RF, RR): (2, 39842, 18, 7)
[M::mem_pestat] skip orientation FF as there are not enough pairs
[M::mem_pestat] analyzing insert size distribution for orientation FR...
[M::mem_pestat] (25, 50, 75) percentile: (380, 386, 393)
[M::mem_pestat] low and high boundaries for computing mean and std.dev: (354, 419)
[M::mem_pestat] mean and std.dev: (388.74, 10.53)
[M::mem_pestat] low and high boundaries for proper pairs: (341, 432)
[M::mem_pestat] analyzing insert size distribution for orientation RF...
[M::mem_pestat] (25, 50, 75) percentile: (824, 1497, 4455)
[M::mem_pestat] low and high boundaries for computing mean and std.dev: (1, 11717)
[M::mem_pestat] mean and std.dev: (2545.22, 2084.99)
[M::mem_pestat] low and high boundaries for proper pairs: (1, 15348)
[M::mem_pestat] skip orientation RR as there are not enough pairs
[M::mem_pestat] skip orientation RF
[M::mem_process_seqs] Processed 81312 reads in 5.118 CPU sec, 2.519 real sec
[M::process] read 81322 sequences (20000088 bp)...
[M::mem_pestat] # candidate unique pairs for (FF, FR, RF, RR): (7, 39828, 16, 6)
[M::mem_pestat] skip orientation FF as there are not enough pairs
[M::mem_pestat] analyzing insert size distribution for orientation FR...
[M::mem_pestat] (25, 50, 75) percentile: (381, 386, 393)
[M::mem_pestat] low and high boundaries for computing mean and std.dev: (357, 417)
[M::mem_pestat] mean and std.dev: (388.52, 10.14)
[M::mem_pestat] low and high boundaries for proper pairs: (345, 429)
[M::mem_pestat] analyzing insert size distribution for orientation RF...
[M::mem_pestat] (25, 50, 75) percentile: (487, 823, 4455)
[M::mem_pestat] low and high boundaries for computing mean and std.dev: (1, 12391)
[M::mem_pestat] mean and std.dev: (2153.25, 2252.73)
[M::mem_pestat] low and high boundaries for proper pairs: (1, 16359)
[M::mem_pestat] skip orientation RR as there are not enough pairs
[M::mem_pestat] skip orientation RF
[M::mem_process_seqs] Processed 81322 reads in 5.324 CPU sec, 2.604 real sec
[M::process] read 81182 sequences (20000025 bp)...
[M::mem_pestat] # candidate unique pairs for (FF, FR, RF, RR): (7, 39776, 10, 7)
[M::mem_pestat] skip orientation FF as there are not enough pairs
[M::mem_pestat] analyzing insert size distribution for orientation FR...
[M::mem_pestat] (25, 50, 75) percentile: (381, 386, 393)
[M::mem_pestat] low and high boundaries for computing mean and std.dev: (357, 417)
[M::mem_pestat] mean and std.dev: (388.72, 10.09)
[M::mem_pestat] low and high boundaries for proper pairs: (345, 429)
[M::mem_pestat] analyzing insert size distribution for orientation RF...
[M::mem_pestat] (25, 50, 75) percentile: (224, 470, 2074)
[M::mem_pestat] low and high boundaries for computing mean and std.dev: (1, 5774)
[M::mem_pestat] mean and std.dev: (1349.50, 1658.84)
[M::mem_pestat] low and high boundaries for proper pairs: (1, 7985)
[M::mem_pestat] skip orientation RR as there are not enough pairs
[M::mem_pestat] skip orientation RF
[M::mem_process_seqs] Processed 81182 reads in 5.352 CPU sec, 2.586 real sec
[M::process] read 81128 sequences (20000461 bp)...
[M::mem_pestat] # candidate unique pairs for (FF, FR, RF, RR): (1, 39760, 7, 8)
[M::mem_pestat] skip orientation FF as there are not enough pairs
[M::mem_pestat] analyzing insert size distribution for orientation FR...
[M::mem_pestat] (25, 50, 75) percentile: (380, 385, 393)
[M::mem_pestat] low and high boundaries for computing mean and std.dev: (354, 419)
[M::mem_pestat] mean and std.dev: (388.11, 10.85)
[M::mem_pestat] low and high boundaries for proper pairs: (341, 432)
[M::mem_pestat] skip orientation RF as there are not enough pairs
[M::mem_pestat] skip orientation RR as there are not enough pairs
[M::mem_process_seqs] Processed 81128 reads in 5.985 CPU sec, 2.855 real sec
[M::process] read 81206 sequences (20000263 bp)...
[M::mem_pestat] # candidate unique pairs for (FF, FR, RF, RR): (10, 39764, 9, 11)
[M::mem_pestat] analyzing insert size distribution for orientation FF...
[M::mem_pestat] (25, 50, 75) percentile: (3410, 5751, 6643)
[M::mem_pestat] low and high boundaries for computing mean and std.dev: (1, 13109)
[M::mem_pestat] mean and std.dev: (4809.50, 1900.95)
[M::mem_pestat] low and high boundaries for proper pairs: (1, 16342)
[M::mem_pestat] analyzing insert size distribution for orientation FR...
[M::mem_pestat] (25, 50, 75) percentile: (381, 386, 393)
[M::mem_pestat] low and high boundaries for computing mean and std.dev: (357, 417)
[M::mem_pestat] mean and std.dev: (388.73, 10.05)
[M::mem_pestat] low and high boundaries for proper pairs: (345, 429)
[M::mem_pestat] skip orientation RF as there are not enough pairs
[M::mem_pestat] analyzing insert size distribution for orientation RR...
[M::mem_pestat] (25, 50, 75) percentile: (2056, 2057, 5870)
[M::mem_pestat] low and high boundaries for computing mean and std.dev: (1, 13498)
[M::mem_pestat] mean and std.dev: (3697.64, 2607.47)
[M::mem_pestat] low and high boundaries for proper pairs: (1, 17312)
[M::mem_pestat] skip orientation FF
[M::mem_pestat] skip orientation RR
[M::mem_process_seqs] Processed 81206 reads in 5.631 CPU sec, 2.720 real sec
[M::process] read 81180 sequences (20000180 bp)...
[M::mem_pestat] # candidate unique pairs for (FF, FR, RF, RR): (6, 39783, 9, 8)
[M::mem_pestat] skip orientation FF as there are not enough pairs
[M::mem_pestat] analyzing insert size distribution for orientation FR...
[M::mem_pestat] (25, 50, 75) percentile: (381, 386, 393)
[M::mem_pestat] low and high boundaries for computing mean and std.dev: (357, 417)
[M::mem_pestat] mean and std.dev: (388.51, 10.12)
[M::mem_pestat] low and high boundaries for proper pairs: (345, 429)
[M::mem_pestat] skip orientation RF as there are not enough pairs
[M::mem_pestat] skip orientation RR as there are not enough pairs
[M::mem_process_seqs] Processed 81180 reads in 5.673 CPU sec, 2.746 real sec
[M::process] read 81340 sequences (20000189 bp)...
[M::mem_pestat] # candidate unique pairs for (FF, FR, RF, RR): (5, 39791, 17, 14)
[M::mem_pestat] skip orientation FF as there are not enough pairs
[M::mem_pestat] analyzing insert size distribution for orientation FR...
[M::mem_pestat] (25, 50, 75) percentile: (380, 385, 393)
[M::mem_pestat] low and high boundaries for computing mean and std.dev: (354, 419)
[M::mem_pestat] mean and std.dev: (388.61, 10.64)
[M::mem_pestat] low and high boundaries for proper pairs: (341, 432)
[M::mem_pestat] analyzing insert size distribution for orientation RF...
[M::mem_pestat] (25, 50, 75) percentile: (223, 2048, 4498)
[M::mem_pestat] low and high boundaries for computing mean and std.dev: (1, 13048)
[M::mem_pestat] mean and std.dev: (2719.53, 2580.37)
[M::mem_pestat] low and high boundaries for proper pairs: (1, 17323)
[M::mem_pestat] analyzing insert size distribution for orientation RR...
[M::mem_pestat] (25, 50, 75) percentile: (2047, 2057, 7137)
[M::mem_pestat] low and high boundaries for computing mean and std.dev: (1, 17317)
[M::mem_pestat] mean and std.dev: (3942.93, 2602.58)
[M::mem_pestat] low and high boundaries for proper pairs: (1, 22407)
[M::mem_pestat] skip orientation RF
[M::mem_pestat] skip orientation RR
[M::mem_process_seqs] Processed 81340 reads in 5.977 CPU sec, 2.858 real sec
[M::process] read 81332 sequences (20000069 bp)...
[M::mem_pestat] # candidate unique pairs for (FF, FR, RF, RR): (8, 39868, 19, 7)
[M::mem_pestat] skip orientation FF as there are not enough pairs
[M::mem_pestat] analyzing insert size distribution for orientation FR...
[M::mem_pestat] (25, 50, 75) percentile: (381, 386, 393)
[M::mem_pestat] low and high boundaries for computing mean and std.dev: (357, 417)
[M::mem_pestat] mean and std.dev: (388.72, 10.04)
[M::mem_pestat] low and high boundaries for proper pairs: (345, 429)
[M::mem_pestat] analyzing insert size distribution for orientation RF...
[M::mem_pestat] (25, 50, 75) percentile: (823, 867, 3315)
[M::mem_pestat] low and high boundaries for computing mean and std.dev: (1, 8299)
[M::mem_pestat] mean and std.dev: (1900.37, 1760.20)
[M::mem_pestat] low and high boundaries for proper pairs: (1, 10791)
[M::mem_pestat] skip orientation RR as there are not enough pairs
[M::mem_pestat] skip orientation RF
[M::mem_process_seqs] Processed 81332 reads in 5.285 CPU sec, 2.560 real sec
[M::process] read 81430 sequences (20000148 bp)...
[M::mem_pestat] # candidate unique pairs for (FF, FR, RF, RR): (3, 39900, 11, 9)
[M::mem_pestat] skip orientation FF as there are not enough pairs
[M::mem_pestat] analyzing insert size distribution for orientation FR...
[M::mem_pestat] (25, 50, 75) percentile: (380, 385, 393)
[M::mem_pestat] low and high boundaries for computing mean and std.dev: (354, 419)
[M::mem_pestat] mean and std.dev: (388.53, 10.72)
[M::mem_pestat] low and high boundaries for proper pairs: (341, 432)
[M::mem_pestat] analyzing insert size distribution for orientation RF...
[M::mem_pestat] (25, 50, 75) percentile: (756, 2669, 6700)
[M::mem_pestat] low and high boundaries for computing mean and std.dev: (1, 18588)
[M::mem_pestat] mean and std.dev: (3434.00, 3221.09)
[M::mem_pestat] low and high boundaries for proper pairs: (1, 24532)
[M::mem_pestat] skip orientation RR as there are not enough pairs
[M::mem_pestat] skip orientation RF
[M::mem_process_seqs] Processed 81430 reads in 5.532 CPU sec, 2.657 real sec
[M::process] read 81350 sequences (20000042 bp)...
[M::mem_pestat] # candidate unique pairs for (FF, FR, RF, RR): (4, 39802, 11, 6)
[M::mem_pestat] skip orientation FF as there are not enough pairs
[M::mem_pestat] analyzing insert size distribution for orientation FR...
[M::mem_pestat] (25, 50, 75) percentile: (380, 386, 393)
[M::mem_pestat] low and high boundaries for computing mean and std.dev: (354, 419)
[M::mem_pestat] mean and std.dev: (388.80, 10.66)
[M::mem_pestat] low and high boundaries for proper pairs: (341, 432)
[M::mem_pestat] analyzing insert size distribution for orientation RF...
[M::mem_pestat] (25, 50, 75) percentile: (823, 825, 4648)
[M::mem_pestat] low and high boundaries for computing mean and std.dev: (1, 12298)
[M::mem_pestat] mean and std.dev: (2428.73, 2446.86)
[M::mem_pestat] low and high boundaries for proper pairs: (1, 16123)
[M::mem_pestat] skip orientation RR as there are not enough pairs
[M::mem_pestat] skip orientation RF
[M::mem_process_seqs] Processed 81350 reads in 5.637 CPU sec, 2.738 real sec
[M::process] read 81246 sequences (20000420 bp)...
[M::mem_pestat] # candidate unique pairs for (FF, FR, RF, RR): (5, 39796, 14, 10)
[M::mem_pestat] skip orientation FF as there are not enough pairs
[M::mem_pestat] analyzing insert size distribution for orientation FR...
[M::mem_pestat] (25, 50, 75) percentile: (381, 386, 393)
[M::mem_pestat] low and high boundaries for computing mean and std.dev: (357, 417)
[M::mem_pestat] mean and std.dev: (388.64, 10.09)
[M::mem_pestat] low and high boundaries for proper pairs: (345, 429)
[M::mem_pestat] analyzing insert size distribution for orientation RF...
[M::mem_pestat] (25, 50, 75) percentile: (224, 4458, 5563)
[M::mem_pestat] low and high boundaries for computing mean and std.dev: (1, 16241)
[M::mem_pestat] mean and std.dev: (3413.07, 2873.73)
[M::mem_pestat] low and high boundaries for proper pairs: (1, 21580)
[M::mem_pestat] analyzing insert size distribution for orientation RR...
[M::mem_pestat] (25, 50, 75) percentile: (2057, 2057, 2424)
[M::mem_pestat] low and high boundaries for computing mean and std.dev: (1323, 3158)
[M::mem_pestat] mean and std.dev: (2051.75, 194.21)
[M::mem_pestat] low and high boundaries for proper pairs: (956, 3525)
[M::mem_pestat] skip orientation RF
[M::mem_pestat] skip orientation RR
[M::mem_process_seqs] Processed 81246 reads in 5.420 CPU sec, 2.608 real sec
[M::process] read 81390 sequences (20000028 bp)...
[M::mem_pestat] # candidate unique pairs for (FF, FR, RF, RR): (6, 39856, 14, 10)
[M::mem_pestat] skip orientation FF as there are not enough pairs
[M::mem_pestat] analyzing insert size distribution for orientation FR...
[M::mem_pestat] (25, 50, 75) percentile: (380, 385, 393)
[M::mem_pestat] low and high boundaries for computing mean and std.dev: (354, 419)
[M::mem_pestat] mean and std.dev: (388.71, 10.68)
[M::mem_pestat] low and high boundaries for proper pairs: (341, 432)
[M::mem_pestat] analyzing insert size distribution for orientation RF...
[M::mem_pestat] (25, 50, 75) percentile: (823, 867, 4576)
[M::mem_pestat] low and high boundaries for computing mean and std.dev: (1, 12082)
[M::mem_pestat] mean and std.dev: (2328.50, 2447.98)
[M::mem_pestat] low and high boundaries for proper pairs: (1, 15835)
[M::mem_pestat] analyzing insert size distribution for orientation RR...
[M::mem_pestat] (25, 50, 75) percentile: (1288, 2054, 2057)
[M::mem_pestat] low and high boundaries for computing mean and std.dev: (1, 3595)
[M::mem_pestat] mean and std.dev: (1683.00, 511.37)
[M::mem_pestat] low and high boundaries for proper pairs: (1, 4364)
[M::mem_pestat] skip orientation RF
[M::mem_pestat] skip orientation RR
[M::mem_process_seqs] Processed 81390 reads in 5.547 CPU sec, 2.681 real sec
[M::process] read 81132 sequences (20000112 bp)...
[M::mem_pestat] # candidate unique pairs for (FF, FR, RF, RR): (4, 39737, 14, 12)
[M::mem_pestat] skip orientation FF as there are not enough pairs
[M::mem_pestat] analyzing insert size distribution for orientation FR...
[M::mem_pestat] (25, 50, 75) percentile: (381, 386, 393)
[M::mem_pestat] low and high boundaries for computing mean and std.dev: (357, 417)
[M::mem_pestat] mean and std.dev: (388.73, 10.13)
[M::mem_pestat] low and high boundaries for proper pairs: (345, 429)
[M::mem_pestat] analyzing insert size distribution for orientation RF...
[M::mem_pestat] (25, 50, 75) percentile: (230, 824, 1806)
[M::mem_pestat] low and high boundaries for computing mean and std.dev: (1, 4958)
[M::mem_pestat] mean and std.dev: (1157.77, 1279.18)
[M::mem_pestat] low and high boundaries for proper pairs: (1, 6534)
[M::mem_pestat] analyzing insert size distribution for orientation RR...
[M::mem_pestat] (25, 50, 75) percentile: (2057, 2057, 7232)
[M::mem_pestat] low and high boundaries for computing mean and std.dev: (1, 17582)
[M::mem_pestat] mean and std.dev: (3648.67, 2830.28)
[M::mem_pestat] low and high boundaries for proper pairs: (1, 22757)
[M::mem_pestat] skip orientation RF
[M::mem_pestat] skip orientation RR
[M::mem_process_seqs] Processed 81132 reads in 5.558 CPU sec, 2.681 real sec
[M::process] read 81226 sequences (20000236 bp)...
[M::mem_pestat] # candidate unique pairs for (FF, FR, RF, RR): (6, 39806, 12, 7)
[M::mem_pestat] skip orientation FF as there are not enough pairs
[M::mem_pestat] analyzing insert size distribution for orientation FR...
[M::mem_pestat] (25, 50, 75) percentile: (381, 386, 393)
[M::mem_pestat] low and high boundaries for computing mean and std.dev: (357, 417)
[M::mem_pestat] mean and std.dev: (388.62, 10.08)
[M::mem_pestat] low and high boundaries for proper pairs: (345, 429)
[M::mem_pestat] analyzing insert size distribution for orientation RF...
[M::mem_pestat] (25, 50, 75) percentile: (824, 1492, 5135)
[M::mem_pestat] low and high boundaries for computing mean and std.dev: (1, 13757)
[M::mem_pestat] mean and std.dev: (2447.75, 2630.82)
[M::mem_pestat] low and high boundaries for proper pairs: (1, 18068)
[M::mem_pestat] skip orientation RR as there are not enough pairs
[M::mem_pestat] skip orientation RF
[M::mem_process_seqs] Processed 81226 reads in 5.126 CPU sec, 2.484 real sec
[M::process] read 81220 sequences (20000301 bp)...
[M::mem_pestat] # candidate unique pairs for (FF, FR, RF, RR): (7, 39843, 15, 10)
[M::mem_pestat] skip orientation FF as there are not enough pairs
[M::mem_pestat] analyzing insert size distribution for orientation FR...
[M::mem_pestat] (25, 50, 75) percentile: (380, 385, 393)
[M::mem_pestat] low and high boundaries for computing mean and std.dev: (354, 419)
[M::mem_pestat] mean and std.dev: (388.61, 10.63)
[M::mem_pestat] low and high boundaries for proper pairs: (341, 432)
[M::mem_pestat] analyzing insert size distribution for orientation RF...
[M::mem_pestat] (25, 50, 75) percentile: (223, 823, 824)
[M::mem_pestat] low and high boundaries for computing mean and std.dev: (1, 2026)
[M::mem_pestat] mean and std.dev: (614.92, 450.54)
[M::mem_pestat] low and high boundaries for proper pairs: (1, 2627)
[M::mem_pestat] analyzing insert size distribution for orientation RR...
[M::mem_pestat] (25, 50, 75) percentile: (2057, 2057, 6897)
[M::mem_pestat] low and high boundaries for computing mean and std.dev: (1, 16577)
[M::mem_pestat] mean and std.dev: (3930.00, 2761.67)
[M::mem_pestat] low and high boundaries for proper pairs: (1, 21417)
[M::mem_pestat] skip orientation RF
[M::mem_pestat] skip orientation RR
[M::mem_process_seqs] Processed 81220 reads in 5.566 CPU sec, 2.615 real sec
[M::process] read 81190 sequences (20000342 bp)...
[M::mem_pestat] # candidate unique pairs for (FF, FR, RF, RR): (3, 39773, 12, 6)
[M::mem_pestat] skip orientation FF as there are not enough pairs
[M::mem_pestat] analyzing insert size distribution for orientation FR...
[M::mem_pestat] (25, 50, 75) percentile: (381, 386, 393)
[M::mem_pestat] low and high boundaries for computing mean and std.dev: (357, 417)
[M::mem_pestat] mean and std.dev: (388.70, 10.03)
[M::mem_pestat] low and high boundaries for proper pairs: (345, 429)
[M::mem_pestat] analyzing insert size distribution for orientation RF...
[M::mem_pestat] (25, 50, 75) percentile: (1492, 2694, 8341)
[M::mem_pestat] low and high boundaries for computing mean and std.dev: (1, 22039)
[M::mem_pestat] mean and std.dev: (3495.00, 3229.95)
[M::mem_pestat] low and high boundaries for proper pairs: (1, 28888)
[M::mem_pestat] skip orientation RR as there are not enough pairs
[M::mem_pestat] skip orientation RF
[M::mem_process_seqs] Processed 81190 reads in 5.083 CPU sec, 2.465 real sec
[M::process] read 81170 sequences (20000355 bp)...
[M::mem_pestat] # candidate unique pairs for (FF, FR, RF, RR): (9, 39832, 12, 8)
[M::mem_pestat] skip orientation FF as there are not enough pairs
[M::mem_pestat] analyzing insert size distribution for orientation FR...
[M::mem_pestat] (25, 50, 75) percentile: (381, 386, 393)
[M::mem_pestat] low and high boundaries for computing mean and std.dev: (357, 417)
[M::mem_pestat] mean and std.dev: (388.51, 10.10)
[M::mem_pestat] low and high boundaries for proper pairs: (345, 429)
[M::mem_pestat] analyzing insert size distribution for orientation RF...
[M::mem_pestat] (25, 50, 75) percentile: (823, 931, 4511)
[M::mem_pestat] low and high boundaries for computing mean and std.dev: (1, 11887)
[M::mem_pestat] mean and std.dev: (2157.92, 2134.78)
[M::mem_pestat] low and high boundaries for proper pairs: (1, 15575)
[M::mem_pestat] skip orientation RR as there are not enough pairs
[M::mem_pestat] skip orientation RF
[M::mem_process_seqs] Processed 81170 reads in 5.195 CPU sec, 2.518 real sec
[M::process] read 32236 sequences (7939802 bp)...
[M::mem_pestat] # candidate unique pairs for (FF, FR, RF, RR): (1, 15796, 6, 2)
[M::mem_pestat] skip orientation FF as there are not enough pairs
[M::mem_pestat] analyzing insert size distribution for orientation FR...
[M::mem_pestat] (25, 50, 75) percentile: (380, 385, 393)
[M::mem_pestat] low and high boundaries for computing mean and std.dev: (354, 419)
[M::mem_pestat] mean and std.dev: (388.32, 10.63)
[M::mem_pestat] low and high boundaries for proper pairs: (341, 432)
[M::mem_pestat] skip orientation RF as there are not enough pairs
[M::mem_pestat] skip orientation RR as there are not enough pairs
[M::mem_process_seqs] Processed 32236 reads in 2.420 CPU sec, 1.178 real sec
[main] Version: 0.7.17-r1188
[main] CMD: bwa mem -t 2 SC2264/core/viral_reference SC2264/adapter_trimmed/SC2264_R1_val_1_posttrim_filter.fq.gz SC2264/adapter_trimmed/SC2264_R2_val_2_posttrim_filter.fq.gz
[main] Real time: 68.324 sec; CPU: 123.951 sec
[bam_sort_core] merging from 0 files and 2 in-memory blocks...
