Path to Cutadapt set as: 'cutadapt' (default)
Cutadapt seems to be working fine (tested command 'cutadapt --version')
Cutadapt version: 4.8
Could not detect version of Python used by Cutadapt from the first line of Cutadapt (but found this: >>>#!/bin/sh<<<)
Letting the (modified) Cutadapt deal with the Python version instead
Parallel gzip (pigz) detected. Proceeding with multicore (de)compression using 2 cores

No quality encoding type selected. Assuming that the data provided uses Sanger encoded Phred scores (default)

Output will be written into the directory: /workspace/lab/mcarthurlab/nasirja/covid-19-signal/benchmark_output/PRJNA689621_subset-input_results_dir/E62/adapter_trimmed/


AUTO-DETECTING ADAPTER TYPE
===========================
Attempting to auto-detect adapter type from the first 1 million sequences of the first file (>> E62/host_removal/E62_R1.fastq.gz <<)

Found perfect matches for the following adapter sequences:
Adapter type	Count	Sequence	Sequences analysed	Percentage
Illumina	3371	AGATCGGAAGAGC	475262	0.71
Nextera	0	CTGTCTCTTATA	475262	0.00
smallRNA	0	TGGAATTCTCGG	475262	0.00
Using Illumina adapter for trimming (count: 3371). Second best hit was Nextera (count: 0)

Writing report to '/workspace/lab/mcarthurlab/nasirja/covid-19-signal/benchmark_output/PRJNA689621_subset-input_results_dir/E62/adapter_trimmed/E62_R1.fastq.gz_trimming_report.txt'

SUMMARISING RUN PARAMETERS
==========================
Input filename: E62/host_removal/E62_R1.fastq.gz
Trimming mode: paired-end
Trim Galore version: 0.6.4_dev
Cutadapt version: 4.8
Python version: could not detect
Number of cores used for trimming: 2
Quality Phred score cutoff: 20
Quality encoding type selected: ASCII+33
Adapter sequence: 'AGATCGGAAGAGC' (Illumina TruSeq, Sanger iPCR; auto-detected)
Maximum trimming error rate: 0.1 (default)
Minimum required adapter overlap (stringency): 1 bp
Minimum required sequence length for both reads before a sequence pair gets removed: 20 bp
Running FastQC on the data once trimming has completed
Output file(s) will be GZIP compressed

Cutadapt seems to be fairly up-to-date (version 4.8). Setting -j 2
Writing final adapter and quality trimmed output to E62_R1_trimmed.fq.gz


  >>> Now performing quality (cutoff '-q 20') and adapter trimming in a single pass for the adapter sequence: 'AGATCGGAAGAGC' from file E62/host_removal/E62_R1.fastq.gz <<< 
This is cutadapt 4.8 with Python 3.12.3
Command line parameters: -j 2 -e 0.1 -q 20 -O 1 -a AGATCGGAAGAGC E62/host_removal/E62_R1.fastq.gz
Processing single-end reads on 2 cores ...
Finished in 18.146 s (38.181 µs/read; 1.57 M reads/minute).

=== Summary ===

Total reads processed:                 475,262
Reads with adapters:                   166,397 (35.0%)
Reads written (passing filters):       475,262 (100.0%)

Total basepairs processed:   119,290,762 bp
Quality-trimmed:                 632,398 bp (0.5%)
Total written (filtered):    118,212,031 bp (99.1%)

=== Adapter 1 ===

Sequence: AGATCGGAAGAGC; Type: regular 3'; Length: 13; Trimmed: 166397 times

Minimum overlap: 1
No. of allowed errors:
1-9 bp: 0; 10-13 bp: 1

Bases preceding removed adapters:
  A: 34.0%
  C: 18.9%
  G: 11.4%
  T: 35.6%
  none/other: 0.0%

Overview of removed sequences
length	count	expect	max.err	error counts
1	116186	118815.5	0	116186
2	40233	29703.9	0	40233
3	2522	7426.0	0	2522
4	733	1856.5	0	733
5	67	464.1	0	67
6	71	116.0	0	71
7	2608	29.0	0	2608
8	77	7.3	0	77
9	88	1.8	0	88
10	90	0.5	1	89 1
11	42	0.1	1	39 3
12	60	0.0	1	53 7
13	32	0.0	1	30 2
14	27	0.0	1	24 3
15	26	0.0	1	25 1
16	16	0.0	1	13 3
17	15	0.0	1	12 3
18	42	0.0	1	36 6
19	12	0.0	1	10 2
20	19	0.0	1	18 1
21	11	0.0	1	9 2
22	37	0.0	1	30 7
23	32	0.0	1	31 1
24	278	0.0	1	271 7
25	48	0.0	1	43 5
26	18	0.0	1	16 2
27	35	0.0	1	22 13
28	46	0.0	1	37 9
29	24	0.0	1	18 6
30	34	0.0	1	30 4
31	30	0.0	1	24 6
32	24	0.0	1	21 3
33	19	0.0	1	15 4
34	39	0.0	1	30 9
35	34	0.0	1	29 5
36	41	0.0	1	35 6
37	202	0.0	1	198 4
38	63	0.0	1	58 5
39	35	0.0	1	31 4
40	15	0.0	1	13 2
41	41	0.0	1	31 10
42	44	0.0	1	37 7
43	68	0.0	1	59 9
44	21	0.0	1	19 2
45	57	0.0	1	53 4
46	49	0.0	1	44 5
47	38	0.0	1	30 8
48	16	0.0	1	11 5
49	25	0.0	1	22 3
50	5	0.0	1	5
51	17	0.0	1	15 2
52	16	0.0	1	10 6
53	19	0.0	1	18 1
54	50	0.0	1	43 7
55	23	0.0	1	18 5
56	16	0.0	1	12 4
57	17	0.0	1	14 3
58	10	0.0	1	10
59	47	0.0	1	45 2
60	17	0.0	1	14 3
61	7	0.0	1	7
62	9	0.0	1	9
63	10	0.0	1	7 3
64	17	0.0	1	15 2
65	14	0.0	1	12 2
66	23	0.0	1	21 2
67	7	0.0	1	5 2
68	13	0.0	1	9 4
69	39	0.0	1	39
70	21	0.0	1	18 3
71	12	0.0	1	11 1
72	34	0.0	1	31 3
73	43	0.0	1	38 5
74	63	0.0	1	54 9
75	88	0.0	1	78 10
76	381	0.0	1	367 14
77	243	0.0	1	237 6
78	94	0.0	1	91 3
79	72	0.0	1	67 5
80	32	0.0	1	31 1
81	31	0.0	1	31
82	29	0.0	1	28 1
83	16	0.0	1	16
84	8	0.0	1	8
85	11	0.0	1	11
86	12	0.0	1	12
87	27	0.0	1	25 2
88	6	0.0	1	5 1
89	14	0.0	1	13 1
90	8	0.0	1	6 2
91	6	0.0	1	6
92	7	0.0	1	7
93	13	0.0	1	11 2
94	101	0.0	1	98 3
95	28	0.0	1	27 1
96	12	0.0	1	11 1
97	7	0.0	1	7
98	3	0.0	1	3
99	7	0.0	1	7
100	1	0.0	1	1
101	3	0.0	1	2 1
102	6	0.0	1	6
103	3	0.0	1	3
105	1	0.0	1	1
106	1	0.0	1	1
107	9	0.0	1	7 2
108	4	0.0	1	4
109	6	0.0	1	6
110	2	0.0	1	2
111	2	0.0	1	2
113	4	0.0	1	3 1
114	8	0.0	1	8
115	2	0.0	1	2
116	1	0.0	1	1
117	3	0.0	1	3
120	3	0.0	1	3
121	4	0.0	1	3 1
122	2	0.0	1	2
123	1	0.0	1	1
124	2	0.0	1	2
125	1	0.0	1	1
126	1	0.0	1	1
127	13	0.0	1	12 1
128	5	0.0	1	4 1
129	5	0.0	1	3 2
130	2	0.0	1	1 1
133	2	0.0	1	2
134	1	0.0	1	1
135	1	0.0	1	1
136	4	0.0	1	4
137	1	0.0	1	1
138	2	0.0	1	2
140	1	0.0	1	1
142	1	0.0	1	1
143	1	0.0	1	1
145	2	0.0	1	1 1
146	1	0.0	1	1
147	3	0.0	1	3
149	5	0.0	1	5
150	1	0.0	1	1
151	1	0.0	1	1
152	3	0.0	1	3
153	1	0.0	1	1
154	2	0.0	1	2
155	1	0.0	1	1
156	9	0.0	1	9
157	2	0.0	1	2
158	2	0.0	1	2
159	4	0.0	1	4
161	2	0.0	1	2
162	2	0.0	1	2
164	1	0.0	1	1
165	2	0.0	1	2
166	1	0.0	1	1
167	1	0.0	1	1
170	1	0.0	1	1
172	4	0.0	1	3 1
174	3	0.0	1	3
175	4	0.0	1	3 1
178	1	0.0	1	0 1
179	1	0.0	1	1
180	2	0.0	1	2
182	1	0.0	1	1
183	1	0.0	1	1
187	1	0.0	1	1
189	1	0.0	1	1
191	1	0.0	1	1
192	1	0.0	1	1
195	2	0.0	1	1 1
200	1	0.0	1	1
203	2	0.0	1	2
204	2	0.0	1	2
205	3	0.0	1	2 1
209	1	0.0	1	1
210	1	0.0	1	1
215	1	0.0	1	1
217	1	0.0	1	1
251	11	0.0	1	0 11

RUN STATISTICS FOR INPUT FILE: E62/host_removal/E62_R1.fastq.gz
=============================================
475262 sequences processed in total
The length threshold of paired-end sequences gets evaluated later on (in the validation step)

Writing report to '/workspace/lab/mcarthurlab/nasirja/covid-19-signal/benchmark_output/PRJNA689621_subset-input_results_dir/E62/adapter_trimmed/E62_R2.fastq.gz_trimming_report.txt'

SUMMARISING RUN PARAMETERS
==========================
Input filename: E62/host_removal/E62_R2.fastq.gz
Trimming mode: paired-end
Trim Galore version: 0.6.4_dev
Cutadapt version: 4.8
Python version: could not detect
Number of cores used for trimming: 2
Quality Phred score cutoff: 20
Quality encoding type selected: ASCII+33
Adapter sequence: 'AGATCGGAAGAGC' (Illumina TruSeq, Sanger iPCR; auto-detected)
Maximum trimming error rate: 0.1 (default)
Minimum required adapter overlap (stringency): 1 bp
Minimum required sequence length for both reads before a sequence pair gets removed: 20 bp
Running FastQC on the data once trimming has completed
Output file(s) will be GZIP compressed

Cutadapt seems to be fairly up-to-date (version 4.8). Setting -j -j 2
Writing final adapter and quality trimmed output to E62_R2_trimmed.fq.gz


  >>> Now performing quality (cutoff '-q 20') and adapter trimming in a single pass for the adapter sequence: 'AGATCGGAAGAGC' from file E62/host_removal/E62_R2.fastq.gz <<< 
This is cutadapt 4.8 with Python 3.12.3
Command line parameters: -j 2 -e 0.1 -q 20 -O 1 -a AGATCGGAAGAGC E62/host_removal/E62_R2.fastq.gz
Processing single-end reads on 2 cores ...
Finished in 19.449 s (40.922 µs/read; 1.47 M reads/minute).

=== Summary ===

Total reads processed:                 475,262
Reads with adapters:                   162,305 (34.2%)
Reads written (passing filters):       475,262 (100.0%)

Total basepairs processed:   119,290,762 bp
Quality-trimmed:               1,976,604 bp (1.7%)
Total written (filtered):    116,939,902 bp (98.0%)

=== Adapter 1 ===

Sequence: AGATCGGAAGAGC; Type: regular 3'; Length: 13; Trimmed: 162305 times

Minimum overlap: 1
No. of allowed errors:
1-9 bp: 0; 10-13 bp: 1

Bases preceding removed adapters:
  A: 39.9%
  C: 17.7%
  G: 10.7%
  T: 31.6%
  none/other: 0.0%

Overview of removed sequences
length	count	expect	max.err	error counts
1	120947	118815.5	0	120947
2	31587	29703.9	0	31587
3	3241	7426.0	0	3241
4	812	1856.5	0	812
5	70	464.1	0	70
6	75	116.0	0	75
7	2495	29.0	0	2495
8	30	7.3	0	30
9	94	1.8	0	94
10	82	0.5	1	72 10
11	21	0.1	1	20 1
12	55	0.0	1	51 4
13	8	0.0	1	7 1
14	45	0.0	1	41 4
15	10	0.0	1	10
16	9	0.0	1	6 3
17	33	0.0	1	28 5
18	15	0.0	1	13 2
19	15	0.0	1	13 2
20	6	0.0	1	6
21	10	0.0	1	10
22	25	0.0	1	23 2
23	34	0.0	1	32 2
24	294	0.0	1	284 10
25	15	0.0	1	12 3
26	30	0.0	1	24 6
27	39	0.0	1	37 2
28	36	0.0	1	32 4
29	16	0.0	1	15 1
30	60	0.0	1	57 3
31	2	0.0	1	2
32	36	0.0	1	32 4
33	4	0.0	1	3 1
34	43	0.0	1	41 2
35	32	0.0	1	31 1
36	164	0.0	1	156 8
37	69	0.0	1	68 1
38	46	0.0	1	45 1
39	14	0.0	1	14
40	16	0.0	1	16
41	26	0.0	1	26
42	29	0.0	1	26 3
43	29	0.0	1	27 2
44	27	0.0	1	26 1
45	92	0.0	1	92
46	34	0.0	1	31 3
47	32	0.0	1	30 2
48	22	0.0	1	22
49	22	0.0	1	20 2
50	17	0.0	1	16 1
51	19	0.0	1	19
52	8	0.0	1	8
53	14	0.0	1	14
54	63	0.0	1	63
55	8	0.0	1	8
56	23	0.0	1	22 1
57	40	0.0	1	40
58	46	0.0	1	46
59	15	0.0	1	14 1
60	30	0.0	1	29 1
61	7	0.0	1	7
62	10	0.0	1	10
63	39	0.0	1	38 1
64	15	0.0	1	15
65	6	0.0	1	6
66	3	0.0	1	3
67	6	0.0	1	5 1
68	4	0.0	1	4
69	10	0.0	1	10
70	11	0.0	1	11
71	5	0.0	1	4 1
72	10	0.0	1	9 1
73	16	0.0	1	15 1
74	32	0.0	1	30 2
75	22	0.0	1	22
76	34	0.0	1	33 1
77	42	0.0	1	42
78	65	0.0	1	64 1
79	81	0.0	1	79 2
80	192	0.0	1	184 8
81	101	0.0	1	97 4
82	39	0.0	1	36 3
83	22	0.0	1	21 1
84	14	0.0	1	13 1
85	11	0.0	1	8 3
86	6	0.0	1	6
87	15	0.0	1	14 1
88	4	0.0	1	3 1
89	7	0.0	1	7
90	4	0.0	1	4
91	4	0.0	1	3 1
92	4	0.0	1	3 1
93	8	0.0	1	7 1
94	70	0.0	1	65 5
95	8	0.0	1	7 1
96	7	0.0	1	6 1
97	6	0.0	1	6
98	2	0.0	1	2
99	4	0.0	1	4
100	2	0.0	1	2
102	3	0.0	1	3
103	1	0.0	1	1
104	1	0.0	1	1
105	1	0.0	1	0 1
106	3	0.0	1	2 1
107	2	0.0	1	2
108	1	0.0	1	1
109	2	0.0	1	0 2
110	1	0.0	1	1
111	1	0.0	1	1
112	2	0.0	1	2
113	4	0.0	1	3 1
114	1	0.0	1	0 1
115	3	0.0	1	3
116	5	0.0	1	2 3
117	1	0.0	1	1
120	1	0.0	1	1
121	2	0.0	1	0 2
124	1	0.0	1	1
126	2	0.0	1	2
127	10	0.0	1	10
128	1	0.0	1	1
129	2	0.0	1	1 1
130	2	0.0	1	2
132	1	0.0	1	0 1
133	1	0.0	1	1
135	3	0.0	1	3
136	2	0.0	1	1 1
138	1	0.0	1	1
140	1	0.0	1	1
142	1	0.0	1	1
147	1	0.0	1	1
148	1	0.0	1	1
149	3	0.0	1	3
152	1	0.0	1	1
155	2	0.0	1	1 1
156	9	0.0	1	8 1
158	3	0.0	1	3
159	1	0.0	1	1
160	1	0.0	1	1
162	2	0.0	1	2
164	3	0.0	1	2 1
166	2	0.0	1	2
168	1	0.0	1	1
169	1	0.0	1	0 1
170	1	0.0	1	1
172	1	0.0	1	1
175	1	0.0	1	1
177	2	0.0	1	2
179	1	0.0	1	1
180	1	0.0	1	1
185	1	0.0	1	1
190	1	0.0	1	1
199	1	0.0	1	1
202	2	0.0	1	1 1
203	2	0.0	1	2
206	1	0.0	1	1
207	1	0.0	1	1
209	2	0.0	1	2
212	1	0.0	1	1
214	1	0.0	1	1
216	1	0.0	1	0 1
218	1	0.0	1	0 1
227	1	0.0	1	1
245	1	0.0	1	0 1
248	1	0.0	1	0 1
250	1	0.0	1	1
251	6	0.0	1	0 6

RUN STATISTICS FOR INPUT FILE: E62/host_removal/E62_R2.fastq.gz
=============================================
475262 sequences processed in total
The length threshold of paired-end sequences gets evaluated later on (in the validation step)

Validate paired-end files E62_R1_trimmed.fq.gz and E62_R2_trimmed.fq.gz
file_1: E62_R1_trimmed.fq.gz, file_2: E62_R2_trimmed.fq.gz


>>>>> Now validing the length of the 2 paired-end infiles: E62_R1_trimmed.fq.gz and E62_R2_trimmed.fq.gz <<<<<
Writing validated paired-end Read 1 reads to E62_R1_val_1.fq.gz
Writing validated paired-end Read 2 reads to E62_R2_val_2.fq.gz

Total number of sequences analysed: 475262

Number of sequence pairs removed because at least one read was shorter than the length cutoff (20 bp): 616 (0.13%)


  >>> Now running FastQC on the validated data E62_R1_val_1.fq.gz<<<

Started analysis of E62_R1_val_1.fq.gz
Approx 5% complete for E62_R1_val_1.fq.gz
Approx 10% complete for E62_R1_val_1.fq.gz
Approx 15% complete for E62_R1_val_1.fq.gz
Approx 20% complete for E62_R1_val_1.fq.gz
Approx 25% complete for E62_R1_val_1.fq.gz
Approx 30% complete for E62_R1_val_1.fq.gz
Approx 35% complete for E62_R1_val_1.fq.gz
Approx 40% complete for E62_R1_val_1.fq.gz
Approx 45% complete for E62_R1_val_1.fq.gz
Approx 50% complete for E62_R1_val_1.fq.gz
Approx 55% complete for E62_R1_val_1.fq.gz
Approx 60% complete for E62_R1_val_1.fq.gz
Approx 65% complete for E62_R1_val_1.fq.gz
Approx 70% complete for E62_R1_val_1.fq.gz
Approx 75% complete for E62_R1_val_1.fq.gz
Approx 80% complete for E62_R1_val_1.fq.gz
Approx 85% complete for E62_R1_val_1.fq.gz
Approx 90% complete for E62_R1_val_1.fq.gz
Approx 95% complete for E62_R1_val_1.fq.gz

  >>> Now running FastQC on the validated data E62_R2_val_2.fq.gz<<<

Started analysis of E62_R2_val_2.fq.gz
Approx 5% complete for E62_R2_val_2.fq.gz
Approx 10% complete for E62_R2_val_2.fq.gz
Approx 15% complete for E62_R2_val_2.fq.gz
Approx 20% complete for E62_R2_val_2.fq.gz
Approx 25% complete for E62_R2_val_2.fq.gz
Approx 30% complete for E62_R2_val_2.fq.gz
Approx 35% complete for E62_R2_val_2.fq.gz
Approx 40% complete for E62_R2_val_2.fq.gz
Approx 45% complete for E62_R2_val_2.fq.gz
Approx 50% complete for E62_R2_val_2.fq.gz
Approx 55% complete for E62_R2_val_2.fq.gz
Approx 60% complete for E62_R2_val_2.fq.gz
Approx 65% complete for E62_R2_val_2.fq.gz
Approx 70% complete for E62_R2_val_2.fq.gz
Approx 75% complete for E62_R2_val_2.fq.gz
Approx 80% complete for E62_R2_val_2.fq.gz
Approx 85% complete for E62_R2_val_2.fq.gz
Approx 90% complete for E62_R2_val_2.fq.gz
Approx 95% complete for E62_R2_val_2.fq.gz
Deleting both intermediate output files E62_R1_trimmed.fq.gz and E62_R2_trimmed.fq.gz

====================================================================================================

