[M::bwa_idx_load_from_disk] read 0 ALT contigs
[M::process] read 79682 sequences (20000182 bp)...
[M::process] read 79682 sequences (20000182 bp)...
[M::mem_pestat] # candidate unique pairs for (FF, FR, RF, RR): (13, 38198, 30, 15)
[M::mem_pestat] analyzing insert size distribution for orientation FF...
[M::mem_pestat] (25, 50, 75) percentile: (1096, 1096, 1884)
[M::mem_pestat] low and high boundaries for computing mean and std.dev: (1, 3460)
[M::mem_pestat] mean and std.dev: (1170.92, 386.50)
[M::mem_pestat] low and high boundaries for proper pairs: (1, 4248)
[M::mem_pestat] analyzing insert size distribution for orientation FR...
[M::mem_pestat] (25, 50, 75) percentile: (382, 387, 394)
[M::mem_pestat] low and high boundaries for computing mean and std.dev: (358, 418)
[M::mem_pestat] mean and std.dev: (390.21, 10.93)
[M::mem_pestat] low and high boundaries for proper pairs: (346, 434)
[M::mem_pestat] analyzing insert size distribution for orientation RF...
[M::mem_pestat] (25, 50, 75) percentile: (215, 774, 866)
[M::mem_pestat] low and high boundaries for computing mean and std.dev: (1, 2168)
[M::mem_pestat] mean and std.dev: (708.70, 448.30)
[M::mem_pestat] low and high boundaries for proper pairs: (1, 2819)
[M::mem_pestat] analyzing insert size distribution for orientation RR...
[M::mem_pestat] (25, 50, 75) percentile: (1095, 1096, 1098)
[M::mem_pestat] low and high boundaries for computing mean and std.dev: (1089, 1104)
[M::mem_pestat] mean and std.dev: (1096.12, 0.78)
[M::mem_pestat] low and high boundaries for proper pairs: (1086, 1107)
[M::mem_pestat] skip orientation FF
[M::mem_pestat] skip orientation RF
[M::mem_pestat] skip orientation RR
[M::mem_process_seqs] Processed 79682 reads in 30.039 CPU sec, 15.425 real sec
[M::process] read 79682 sequences (20000182 bp)...
[M::mem_pestat] # candidate unique pairs for (FF, FR, RF, RR): (15, 38315, 20, 19)
[M::mem_pestat] analyzing insert size distribution for orientation FF...
[M::mem_pestat] (25, 50, 75) percentile: (1096, 2436, 7063)
[M::mem_pestat] low and high boundaries for computing mean and std.dev: (1, 18997)
[M::mem_pestat] mean and std.dev: (3661.07, 2981.01)
[M::mem_pestat] low and high boundaries for proper pairs: (1, 24964)
[M::mem_pestat] analyzing insert size distribution for orientation FR...
[M::mem_pestat] (25, 50, 75) percentile: (382, 387, 394)
[M::mem_pestat] low and high boundaries for computing mean and std.dev: (358, 418)
[M::mem_pestat] mean and std.dev: (390.36, 10.93)
[M::mem_pestat] low and high boundaries for proper pairs: (346, 434)
[M::mem_pestat] analyzing insert size distribution for orientation RF...
[M::mem_pestat] (25, 50, 75) percentile: (774, 774, 866)
[M::mem_pestat] low and high boundaries for computing mean and std.dev: (590, 1050)
[M::mem_pestat] mean and std.dev: (797.20, 38.41)
[M::mem_pestat] low and high boundaries for proper pairs: (498, 1142)
[M::mem_pestat] analyzing insert size distribution for orientation RR...
[M::mem_pestat] (25, 50, 75) percentile: (1096, 1209, 7281)
[M::mem_pestat] low and high boundaries for computing mean and std.dev: (1, 19651)
[M::mem_pestat] mean and std.dev: (4162.16, 3232.68)
[M::mem_pestat] low and high boundaries for proper pairs: (1, 25836)
[M::mem_pestat] skip orientation FF
[M::mem_pestat] skip orientation RF
[M::mem_pestat] skip orientation RR
[M::mem_process_seqs] Processed 79682 reads in 24.524 CPU sec, 12.026 real sec
[M::process] read 79682 sequences (20000182 bp)...
[M::mem_pestat] # candidate unique pairs for (FF, FR, RF, RR): (12, 38326, 26, 15)
[M::mem_pestat] analyzing insert size distribution for orientation FF...
[M::mem_pestat] (25, 50, 75) percentile: (1099, 1905, 7281)
[M::mem_pestat] low and high boundaries for computing mean and std.dev: (1, 19645)
[M::mem_pestat] mean and std.dev: (3488.42, 2701.42)
[M::mem_pestat] low and high boundaries for proper pairs: (1, 25827)
[M::mem_pestat] analyzing insert size distribution for orientation FR...
[M::mem_pestat] (25, 50, 75) percentile: (382, 387, 394)
[M::mem_pestat] low and high boundaries for computing mean and std.dev: (358, 418)
[M::mem_pestat] mean and std.dev: (390.45, 10.95)
[M::mem_pestat] low and high boundaries for proper pairs: (346, 434)
[M::mem_pestat] analyzing insert size distribution for orientation RF...
[M::mem_pestat] (25, 50, 75) percentile: (215, 800, 1532)
[M::mem_pestat] low and high boundaries for computing mean and std.dev: (1, 4166)
[M::mem_pestat] mean and std.dev: (1102.88, 978.02)
[M::mem_pestat] low and high boundaries for proper pairs: (1, 5483)
[M::mem_pestat] analyzing insert size distribution for orientation RR...
[M::mem_pestat] (25, 50, 75) percentile: (1096, 1098, 6426)
[M::mem_pestat] low and high boundaries for computing mean and std.dev: (1, 17086)
[M::mem_pestat] mean and std.dev: (3089.60, 2828.09)
[M::mem_pestat] low and high boundaries for proper pairs: (1, 22416)
[M::mem_pestat] skip orientation FF
[M::mem_pestat] skip orientation RF
[M::mem_pestat] skip orientation RR
[M::mem_process_seqs] Processed 79682 reads in 21.624 CPU sec, 10.590 real sec
[M::process] read 79682 sequences (20000182 bp)...
[M::mem_pestat] # candidate unique pairs for (FF, FR, RF, RR): (14, 38259, 27, 15)
[M::mem_pestat] analyzing insert size distribution for orientation FF...
[M::mem_pestat] (25, 50, 75) percentile: (1096, 1614, 5145)
[M::mem_pestat] low and high boundaries for computing mean and std.dev: (1, 13243)
[M::mem_pestat] mean and std.dev: (2929.36, 2481.88)
[M::mem_pestat] low and high boundaries for proper pairs: (1, 17292)
[M::mem_pestat] analyzing insert size distribution for orientation FR...
[M::mem_pestat] (25, 50, 75) percentile: (382, 387, 394)
[M::mem_pestat] low and high boundaries for computing mean and std.dev: (358, 418)
[M::mem_pestat] mean and std.dev: (390.39, 10.93)
[M::mem_pestat] low and high boundaries for proper pairs: (346, 434)
[M::mem_pestat] analyzing insert size distribution for orientation RF...
[M::mem_pestat] (25, 50, 75) percentile: (774, 774, 866)
[M::mem_pestat] low and high boundaries for computing mean and std.dev: (590, 1050)
[M::mem_pestat] mean and std.dev: (793.06, 34.71)
[M::mem_pestat] low and high boundaries for proper pairs: (498, 1142)
[M::mem_pestat] analyzing insert size distribution for orientation RR...
[M::mem_pestat] (25, 50, 75) percentile: (1096, 1188, 7281)
[M::mem_pestat] low and high boundaries for computing mean and std.dev: (1, 19651)
[M::mem_pestat] mean and std.dev: (3564.00, 3151.95)
[M::mem_pestat] low and high boundaries for proper pairs: (1, 25836)
[M::mem_pestat] skip orientation FF
[M::mem_pestat] skip orientation RF
[M::mem_pestat] skip orientation RR
[M::mem_process_seqs] Processed 79682 reads in 20.466 CPU sec, 9.990 real sec
[M::process] read 79682 sequences (20000182 bp)...
[M::mem_pestat] # candidate unique pairs for (FF, FR, RF, RR): (13, 38144, 15, 15)
[M::mem_pestat] analyzing insert size distribution for orientation FF...
[M::mem_pestat] (25, 50, 75) percentile: (1096, 1099, 7281)
[M::mem_pestat] low and high boundaries for computing mean and std.dev: (1, 19651)
[M::mem_pestat] mean and std.dev: (3015.00, 2871.94)
[M::mem_pestat] low and high boundaries for proper pairs: (1, 25836)
[M::mem_pestat] analyzing insert size distribution for orientation FR...
[M::mem_pestat] (25, 50, 75) percentile: (382, 387, 394)
[M::mem_pestat] low and high boundaries for computing mean and std.dev: (358, 418)
[M::mem_pestat] mean and std.dev: (390.33, 10.96)
[M::mem_pestat] low and high boundaries for proper pairs: (346, 434)
[M::mem_pestat] analyzing insert size distribution for orientation RF...
[M::mem_pestat] (25, 50, 75) percentile: (774, 778, 874)
[M::mem_pestat] low and high boundaries for computing mean and std.dev: (574, 1074)
[M::mem_pestat] mean and std.dev: (819.64, 49.89)
[M::mem_pestat] low and high boundaries for proper pairs: (474, 1174)
[M::mem_pestat] analyzing insert size distribution for orientation RR...
[M::mem_pestat] (25, 50, 75) percentile: (1096, 1199, 7281)
[M::mem_pestat] low and high boundaries for computing mean and std.dev: (1, 19651)
[M::mem_pestat] mean and std.dev: (3419.53, 2808.10)
[M::mem_pestat] low and high boundaries for proper pairs: (1, 25836)
[M::mem_pestat] skip orientation FF
[M::mem_pestat] skip orientation RF
[M::mem_pestat] skip orientation RR
[M::mem_process_seqs] Processed 79682 reads in 24.791 CPU sec, 12.137 real sec
[M::process] read 79682 sequences (20000182 bp)...
[M::mem_pestat] # candidate unique pairs for (FF, FR, RF, RR): (12, 38183, 21, 13)
[M::mem_pestat] analyzing insert size distribution for orientation FF...
[M::mem_pestat] (25, 50, 75) percentile: (1099, 4061, 7281)
[M::mem_pestat] low and high boundaries for computing mean and std.dev: (1, 19645)
[M::mem_pestat] mean and std.dev: (4455.00, 2903.98)
[M::mem_pestat] low and high boundaries for proper pairs: (1, 25827)
[M::mem_pestat] analyzing insert size distribution for orientation FR...
[M::mem_pestat] (25, 50, 75) percentile: (382, 387, 394)
[M::mem_pestat] low and high boundaries for computing mean and std.dev: (358, 418)
[M::mem_pestat] mean and std.dev: (390.35, 10.95)
[M::mem_pestat] low and high boundaries for proper pairs: (346, 434)
[M::mem_pestat] analyzing insert size distribution for orientation RF...
[M::mem_pestat] (25, 50, 75) percentile: (774, 774, 2766)
[M::mem_pestat] low and high boundaries for computing mean and std.dev: (1, 6750)
[M::mem_pestat] mean and std.dev: (1601.05, 1531.05)
[M::mem_pestat] low and high boundaries for proper pairs: (1, 8742)
[M::mem_pestat] analyzing insert size distribution for orientation RR...
[M::mem_pestat] (25, 50, 75) percentile: (1096, 1096, 7281)
[M::mem_pestat] low and high boundaries for computing mean and std.dev: (1, 19651)
[M::mem_pestat] mean and std.dev: (2614.31, 2570.38)
[M::mem_pestat] low and high boundaries for proper pairs: (1, 25836)
[M::mem_pestat] skip orientation FF
[M::mem_pestat] skip orientation RF
[M::mem_pestat] skip orientation RR
[M::mem_process_seqs] Processed 79682 reads in 21.474 CPU sec, 10.501 real sec
[M::process] read 79682 sequences (20000182 bp)...
[M::mem_pestat] # candidate unique pairs for (FF, FR, RF, RR): (8, 38262, 22, 10)
[M::mem_pestat] skip orientation FF as there are not enough pairs
[M::mem_pestat] analyzing insert size distribution for orientation FR...
[M::mem_pestat] (25, 50, 75) percentile: (382, 387, 394)
[M::mem_pestat] low and high boundaries for computing mean and std.dev: (358, 418)
[M::mem_pestat] mean and std.dev: (390.37, 10.89)
[M::mem_pestat] low and high boundaries for proper pairs: (346, 434)
[M::mem_pestat] analyzing insert size distribution for orientation RF...
[M::mem_pestat] (25, 50, 75) percentile: (206, 774, 788)
[M::mem_pestat] low and high boundaries for computing mean and std.dev: (1, 1952)
[M::mem_pestat] mean and std.dev: (536.63, 360.28)
[M::mem_pestat] low and high boundaries for proper pairs: (1, 2534)
[M::mem_pestat] analyzing insert size distribution for orientation RR...
[M::mem_pestat] (25, 50, 75) percentile: (1096, 1096, 4713)
[M::mem_pestat] low and high boundaries for computing mean and std.dev: (1, 11947)
[M::mem_pestat] mean and std.dev: (2976.30, 2503.09)
[M::mem_pestat] low and high boundaries for proper pairs: (1, 15564)
[M::mem_pestat] skip orientation RF
[M::mem_pestat] skip orientation RR
[M::mem_process_seqs] Processed 79682 reads in 27.513 CPU sec, 13.522 real sec
[M::process] read 18802 sequences (4719302 bp)...
[M::mem_pestat] # candidate unique pairs for (FF, FR, RF, RR): (16, 38214, 26, 14)
[M::mem_pestat] analyzing insert size distribution for orientation FF...
[M::mem_pestat] (25, 50, 75) percentile: (1096, 5145, 7282)
[M::mem_pestat] low and high boundaries for computing mean and std.dev: (1, 19654)
[M::mem_pestat] mean and std.dev: (4337.00, 3350.70)
[M::mem_pestat] low and high boundaries for proper pairs: (1, 25840)
[M::mem_pestat] analyzing insert size distribution for orientation FR...
[M::mem_pestat] (25, 50, 75) percentile: (382, 387, 394)
[M::mem_pestat] low and high boundaries for computing mean and std.dev: (358, 418)
[M::mem_pestat] mean and std.dev: (390.34, 10.85)
[M::mem_pestat] low and high boundaries for proper pairs: (346, 434)
[M::mem_pestat] analyzing insert size distribution for orientation RF...
[M::mem_pestat] (25, 50, 75) percentile: (774, 774, 844)
[M::mem_pestat] low and high boundaries for computing mean and std.dev: (634, 984)
[M::mem_pestat] mean and std.dev: (802.00, 54.57)
[M::mem_pestat] low and high boundaries for proper pairs: (564, 1054)
[M::mem_pestat] analyzing insert size distribution for orientation RR...
[M::mem_pestat] (25, 50, 75) percentile: (1096, 1104, 3362)
[M::mem_pestat] low and high boundaries for computing mean and std.dev: (1, 7894)
[M::mem_pestat] mean and std.dev: (1936.15, 1402.04)
[M::mem_pestat] low and high boundaries for proper pairs: (1, 10160)
[M::mem_pestat] skip orientation FF
[M::mem_pestat] skip orientation RF
[M::mem_pestat] skip orientation RR
[M::mem_process_seqs] Processed 79682 reads in 25.677 CPU sec, 12.765 real sec
[M::mem_pestat] # candidate unique pairs for (FF, FR, RF, RR): (3, 9015, 5, 2)
[M::mem_pestat] skip orientation FF as there are not enough pairs
[M::mem_pestat] analyzing insert size distribution for orientation FR...
[M::mem_pestat] (25, 50, 75) percentile: (382, 387, 394)
[M::mem_pestat] low and high boundaries for computing mean and std.dev: (358, 418)
[M::mem_pestat] mean and std.dev: (390.27, 10.73)
[M::mem_pestat] low and high boundaries for proper pairs: (346, 433)
[M::mem_pestat] skip orientation RF as there are not enough pairs
[M::mem_pestat] skip orientation RR as there are not enough pairs
[M::mem_process_seqs] Processed 18802 reads in 6.533 CPU sec, 3.217 real sec
[main] Version: 0.7.17-r1188
[main] CMD: bwa mem -t 2 /workspace/lab/mcarthurlab/nasirja/covid-19-signal/data/composite_human_viral_reference.fna E35/raw_fastq/E35_R1.fastq.gz E35/raw_fastq/E35_R2.fastq.gz
[main] Real time: 107.339 sec; CPU: 207.957 sec
viral read count = 630944 (96.14%)
human read count = 2 (0.00%) 
unmapped read count = 25312 (3.86%)
