[M::bwa_idx_load_from_disk] read 0 ALT contigs
[M::process] read 48718 sequences (12228218 bp)...
[M::mem_pestat] # candidate unique pairs for (FF, FR, RF, RR): (36, 3481, 28, 42)
[M::mem_pestat] analyzing insert size distribution for orientation FF...
[M::mem_pestat] (25, 50, 75) percentile: (2990, 6027, 9000)
[M::mem_pestat] low and high boundaries for computing mean and std.dev: (1, 21020)
[M::mem_pestat] mean and std.dev: (5744.69, 3022.14)
[M::mem_pestat] low and high boundaries for proper pairs: (1, 27030)
[M::mem_pestat] analyzing insert size distribution for orientation FR...
[M::mem_pestat] (25, 50, 75) percentile: (27, 27, 28)
[M::mem_pestat] low and high boundaries for computing mean and std.dev: (25, 30)
[M::mem_pestat] mean and std.dev: (27.07, 0.79)
[M::mem_pestat] low and high boundaries for proper pairs: (24, 31)
[M::mem_pestat] analyzing insert size distribution for orientation RF...
[M::mem_pestat] (25, 50, 75) percentile: (1545, 2182, 5949)
[M::mem_pestat] low and high boundaries for computing mean and std.dev: (1, 14757)
[M::mem_pestat] mean and std.dev: (3270.39, 2704.42)
[M::mem_pestat] low and high boundaries for proper pairs: (1, 19161)
[M::mem_pestat] analyzing insert size distribution for orientation RR...
[M::mem_pestat] (25, 50, 75) percentile: (4296, 8460, 9000)
[M::mem_pestat] low and high boundaries for computing mean and std.dev: (1, 18408)
[M::mem_pestat] mean and std.dev: (6856.76, 2706.65)
[M::mem_pestat] low and high boundaries for proper pairs: (1, 23112)
[M::mem_pestat] skip orientation FF
[M::mem_pestat] skip orientation RF
[M::mem_pestat] skip orientation RR
[M::mem_process_seqs] Processed 48718 reads in 40.296 CPU sec, 22.141 real sec
[main] Version: 0.7.17-r1188
[main] CMD: bwa mem -t 2 /workspace/home/nasirja/covid-19-signal/data/composite_human_viral_reference.fna Plate4BLANK1/raw_fastq/Plate4BLANK1_R1.fastq.gz Plate4BLANK1/raw_fastq/Plate4BLANK1_R2.fastq.gz
[main] Real time: 28.231 sec; CPU: 45.808 sec
viral read count = 20590 (42.26%)
human read count = 433 (0.89%) 
unmapped read count = 27695 (56.85%)
