[M::bwa_idx_load_from_disk] read 0 ALT contigs
[M::process] read 79682 sequences (20000182 bp)...
[M::process] read 79682 sequences (20000182 bp)...
[M::mem_pestat] # candidate unique pairs for (FF, FR, RF, RR): (6, 38876, 22, 4)
[M::mem_pestat] skip orientation FF as there are not enough pairs
[M::mem_pestat] analyzing insert size distribution for orientation FR...
[M::mem_pestat] (25, 50, 75) percentile: (380, 385, 393)
[M::mem_pestat] low and high boundaries for computing mean and std.dev: (354, 419)
[M::mem_pestat] mean and std.dev: (388.70, 10.65)
[M::mem_pestat] low and high boundaries for proper pairs: (341, 432)
[M::mem_pestat] analyzing insert size distribution for orientation RF...
[M::mem_pestat] (25, 50, 75) percentile: (210, 824, 2118)
[M::mem_pestat] low and high boundaries for computing mean and std.dev: (1, 5934)
[M::mem_pestat] mean and std.dev: (1120.70, 1206.20)
[M::mem_pestat] low and high boundaries for proper pairs: (1, 7842)
[M::mem_pestat] skip orientation RR as there are not enough pairs
[M::mem_pestat] skip orientation RF
[M::mem_process_seqs] Processed 79682 reads in 17.831 CPU sec, 10.413 real sec
[M::process] read 79682 sequences (20000182 bp)...
[M::mem_pestat] # candidate unique pairs for (FF, FR, RF, RR): (5, 38855, 30, 5)
[M::mem_pestat] skip orientation FF as there are not enough pairs
[M::mem_pestat] analyzing insert size distribution for orientation FR...
[M::mem_pestat] (25, 50, 75) percentile: (380, 385, 393)
[M::mem_pestat] low and high boundaries for computing mean and std.dev: (354, 419)
[M::mem_pestat] mean and std.dev: (388.68, 10.67)
[M::mem_pestat] low and high boundaries for proper pairs: (341, 432)
[M::mem_pestat] analyzing insert size distribution for orientation RF...
[M::mem_pestat] (25, 50, 75) percentile: (401, 857, 3912)
[M::mem_pestat] low and high boundaries for computing mean and std.dev: (1, 10934)
[M::mem_pestat] mean and std.dev: (2249.23, 2309.62)
[M::mem_pestat] low and high boundaries for proper pairs: (1, 14445)
[M::mem_pestat] skip orientation RR as there are not enough pairs
[M::mem_pestat] skip orientation RF
[M::mem_process_seqs] Processed 79682 reads in 20.131 CPU sec, 9.882 real sec
[M::process] read 79682 sequences (20000182 bp)...
[M::mem_pestat] # candidate unique pairs for (FF, FR, RF, RR): (5, 38784, 15, 8)
[M::mem_pestat] skip orientation FF as there are not enough pairs
[M::mem_pestat] analyzing insert size distribution for orientation FR...
[M::mem_pestat] (25, 50, 75) percentile: (380, 385, 393)
[M::mem_pestat] low and high boundaries for computing mean and std.dev: (354, 419)
[M::mem_pestat] mean and std.dev: (387.90, 10.70)
[M::mem_pestat] low and high boundaries for proper pairs: (341, 432)
[M::mem_pestat] analyzing insert size distribution for orientation RF...
[M::mem_pestat] (25, 50, 75) percentile: (229, 286, 1954)
[M::mem_pestat] low and high boundaries for computing mean and std.dev: (1, 5404)
[M::mem_pestat] mean and std.dev: (821.08, 1050.48)
[M::mem_pestat] low and high boundaries for proper pairs: (1, 7129)
[M::mem_pestat] skip orientation RR as there are not enough pairs
[M::mem_pestat] skip orientation RF
[M::mem_process_seqs] Processed 79682 reads in 20.610 CPU sec, 10.109 real sec
[M::process] read 79682 sequences (20000182 bp)...
[M::mem_pestat] # candidate unique pairs for (FF, FR, RF, RR): (7, 38815, 26, 16)
[M::mem_pestat] skip orientation FF as there are not enough pairs
[M::mem_pestat] analyzing insert size distribution for orientation FR...
[M::mem_pestat] (25, 50, 75) percentile: (380, 385, 393)
[M::mem_pestat] low and high boundaries for computing mean and std.dev: (354, 419)
[M::mem_pestat] mean and std.dev: (388.74, 10.69)
[M::mem_pestat] low and high boundaries for proper pairs: (341, 432)
[M::mem_pestat] analyzing insert size distribution for orientation RF...
[M::mem_pestat] (25, 50, 75) percentile: (237, 841, 4406)
[M::mem_pestat] low and high boundaries for computing mean and std.dev: (1, 12744)
[M::mem_pestat] mean and std.dev: (2739.69, 3226.80)
[M::mem_pestat] low and high boundaries for proper pairs: (1, 16913)
[M::mem_pestat] analyzing insert size distribution for orientation RR...
[M::mem_pestat] (25, 50, 75) percentile: (1810, 2176, 5313)
[M::mem_pestat] low and high boundaries for computing mean and std.dev: (1, 12319)
[M::mem_pestat] mean and std.dev: (3376.81, 2398.09)
[M::mem_pestat] low and high boundaries for proper pairs: (1, 15822)
[M::mem_pestat] skip orientation RF
[M::mem_pestat] skip orientation RR
[M::mem_process_seqs] Processed 79682 reads in 16.088 CPU sec, 7.838 real sec
[M::process] read 79682 sequences (20000182 bp)...
[M::mem_pestat] # candidate unique pairs for (FF, FR, RF, RR): (9, 38768, 26, 9)
[M::mem_pestat] skip orientation FF as there are not enough pairs
[M::mem_pestat] analyzing insert size distribution for orientation FR...
[M::mem_pestat] (25, 50, 75) percentile: (380, 385, 393)
[M::mem_pestat] low and high boundaries for computing mean and std.dev: (354, 419)
[M::mem_pestat] mean and std.dev: (388.48, 10.66)
[M::mem_pestat] low and high boundaries for proper pairs: (341, 432)
[M::mem_pestat] analyzing insert size distribution for orientation RF...
[M::mem_pestat] (25, 50, 75) percentile: (230, 857, 2066)
[M::mem_pestat] low and high boundaries for computing mean and std.dev: (1, 5738)
[M::mem_pestat] mean and std.dev: (1501.24, 1754.06)
[M::mem_pestat] low and high boundaries for proper pairs: (1, 8517)
[M::mem_pestat] skip orientation RR as there are not enough pairs
[M::mem_pestat] skip orientation RF
[M::mem_process_seqs] Processed 79682 reads in 17.774 CPU sec, 8.693 real sec
[M::process] read 79682 sequences (20000182 bp)...
[M::mem_pestat] # candidate unique pairs for (FF, FR, RF, RR): (3, 38841, 32, 11)
[M::mem_pestat] skip orientation FF as there are not enough pairs
[M::mem_pestat] analyzing insert size distribution for orientation FR...
[M::mem_pestat] (25, 50, 75) percentile: (380, 385, 393)
[M::mem_pestat] low and high boundaries for computing mean and std.dev: (354, 419)
[M::mem_pestat] mean and std.dev: (388.28, 10.65)
[M::mem_pestat] low and high boundaries for proper pairs: (341, 432)
[M::mem_pestat] analyzing insert size distribution for orientation RF...
[M::mem_pestat] (25, 50, 75) percentile: (214, 825, 3351)
[M::mem_pestat] low and high boundaries for computing mean and std.dev: (1, 9625)
[M::mem_pestat] mean and std.dev: (1897.97, 2273.15)
[M::mem_pestat] low and high boundaries for proper pairs: (1, 12762)
[M::mem_pestat] analyzing insert size distribution for orientation RR...
[M::mem_pestat] (25, 50, 75) percentile: (2057, 2057, 4056)
[M::mem_pestat] low and high boundaries for computing mean and std.dev: (1, 8054)
[M::mem_pestat] mean and std.dev: (1981.78, 975.15)
[M::mem_pestat] low and high boundaries for proper pairs: (1, 10053)
[M::mem_pestat] skip orientation RF
[M::mem_pestat] skip orientation RR
[M::mem_process_seqs] Processed 79682 reads in 18.225 CPU sec, 8.880 real sec
[M::process] read 79682 sequences (20000182 bp)...
[M::mem_pestat] # candidate unique pairs for (FF, FR, RF, RR): (8, 38861, 28, 11)
[M::mem_pestat] skip orientation FF as there are not enough pairs
[M::mem_pestat] analyzing insert size distribution for orientation FR...
[M::mem_pestat] (25, 50, 75) percentile: (380, 385, 393)
[M::mem_pestat] low and high boundaries for computing mean and std.dev: (354, 419)
[M::mem_pestat] mean and std.dev: (388.68, 10.65)
[M::mem_pestat] low and high boundaries for proper pairs: (341, 432)
[M::mem_pestat] analyzing insert size distribution for orientation RF...
[M::mem_pestat] (25, 50, 75) percentile: (250, 823, 3834)
[M::mem_pestat] low and high boundaries for computing mean and std.dev: (1, 11002)
[M::mem_pestat] mean and std.dev: (2270.75, 2473.13)
[M::mem_pestat] low and high boundaries for proper pairs: (1, 14586)
[M::mem_pestat] analyzing insert size distribution for orientation RR...
[M::mem_pestat] (25, 50, 75) percentile: (1188, 2057, 7401)
[M::mem_pestat] low and high boundaries for computing mean and std.dev: (1, 19827)
[M::mem_pestat] mean and std.dev: (3180.73, 3120.03)
[M::mem_pestat] low and high boundaries for proper pairs: (1, 26040)
[M::mem_pestat] skip orientation RF
[M::mem_pestat] skip orientation RR
[M::mem_process_seqs] Processed 79682 reads in 15.222 CPU sec, 7.417 real sec
[M::process] read 79682 sequences (20000182 bp)...
[M::mem_pestat] # candidate unique pairs for (FF, FR, RF, RR): (5, 38945, 23, 9)
[M::mem_pestat] skip orientation FF as there are not enough pairs
[M::mem_pestat] analyzing insert size distribution for orientation FR...
[M::mem_pestat] (25, 50, 75) percentile: (380, 385, 393)
[M::mem_pestat] low and high boundaries for computing mean and std.dev: (354, 419)
[M::mem_pestat] mean and std.dev: (388.35, 10.68)
[M::mem_pestat] low and high boundaries for proper pairs: (341, 432)
[M::mem_pestat] analyzing insert size distribution for orientation RF...
[M::mem_pestat] (25, 50, 75) percentile: (208, 614, 1954)
[M::mem_pestat] low and high boundaries for computing mean and std.dev: (1, 5446)
[M::mem_pestat] mean and std.dev: (1180.52, 1367.64)
[M::mem_pestat] low and high boundaries for proper pairs: (1, 7192)
[M::mem_pestat] skip orientation RR as there are not enough pairs
[M::mem_pestat] skip orientation RF
[M::mem_process_seqs] Processed 79682 reads in 15.946 CPU sec, 7.771 real sec
[M::process] read 79682 sequences (20000182 bp)...
[M::mem_pestat] # candidate unique pairs for (FF, FR, RF, RR): (1, 38878, 29, 9)
[M::mem_pestat] skip orientation FF as there are not enough pairs
[M::mem_pestat] analyzing insert size distribution for orientation FR...
[M::mem_pestat] (25, 50, 75) percentile: (380, 385, 393)
[M::mem_pestat] low and high boundaries for computing mean and std.dev: (354, 419)
[M::mem_pestat] mean and std.dev: (388.02, 10.89)
[M::mem_pestat] low and high boundaries for proper pairs: (341, 432)
[M::mem_pestat] analyzing insert size distribution for orientation RF...
[M::mem_pestat] (25, 50, 75) percentile: (522, 841, 4613)
[M::mem_pestat] low and high boundaries for computing mean and std.dev: (1, 12795)
[M::mem_pestat] mean and std.dev: (2116.83, 2509.25)
[M::mem_pestat] low and high boundaries for proper pairs: (1, 16886)
[M::mem_pestat] skip orientation RR as there are not enough pairs
[M::mem_pestat] skip orientation RF
[M::mem_process_seqs] Processed 79682 reads in 17.960 CPU sec, 8.782 real sec
[M::process] read 79682 sequences (20000182 bp)...
[M::mem_pestat] # candidate unique pairs for (FF, FR, RF, RR): (7, 38765, 27, 3)
[M::mem_pestat] skip orientation FF as there are not enough pairs
[M::mem_pestat] analyzing insert size distribution for orientation FR...
[M::mem_pestat] (25, 50, 75) percentile: (380, 385, 393)
[M::mem_pestat] low and high boundaries for computing mean and std.dev: (354, 419)
[M::mem_pestat] mean and std.dev: (388.70, 10.65)
[M::mem_pestat] low and high boundaries for proper pairs: (341, 432)
[M::mem_pestat] analyzing insert size distribution for orientation RF...
[M::mem_pestat] (25, 50, 75) percentile: (808, 1453, 3820)
[M::mem_pestat] low and high boundaries for computing mean and std.dev: (1, 9844)
[M::mem_pestat] mean and std.dev: (2381.70, 2201.79)
[M::mem_pestat] low and high boundaries for proper pairs: (1, 12856)
[M::mem_pestat] skip orientation RR as there are not enough pairs
[M::mem_pestat] skip orientation RF
[M::mem_process_seqs] Processed 79682 reads in 17.640 CPU sec, 8.607 real sec
[M::process] read 79682 sequences (20000182 bp)...
[M::mem_pestat] # candidate unique pairs for (FF, FR, RF, RR): (4, 38847, 18, 6)
[M::mem_pestat] skip orientation FF as there are not enough pairs
[M::mem_pestat] analyzing insert size distribution for orientation FR...
[M::mem_pestat] (25, 50, 75) percentile: (380, 385, 393)
[M::mem_pestat] low and high boundaries for computing mean and std.dev: (354, 419)
[M::mem_pestat] mean and std.dev: (388.05, 10.73)
[M::mem_pestat] low and high boundaries for proper pairs: (341, 432)
[M::mem_pestat] analyzing insert size distribution for orientation RF...
[M::mem_pestat] (25, 50, 75) percentile: (205, 609, 3539)
[M::mem_pestat] low and high boundaries for computing mean and std.dev: (1, 10207)
[M::mem_pestat] mean and std.dev: (2284.56, 3058.30)
[M::mem_pestat] low and high boundaries for proper pairs: (1, 14518)
[M::mem_pestat] skip orientation RR as there are not enough pairs
[M::mem_pestat] skip orientation RF
[M::mem_process_seqs] Processed 79682 reads in 18.668 CPU sec, 9.125 real sec
[M::process] read 79682 sequences (20000182 bp)...
[M::mem_pestat] # candidate unique pairs for (FF, FR, RF, RR): (10, 38920, 27, 13)
[M::mem_pestat] analyzing insert size distribution for orientation FF...
[M::mem_pestat] (25, 50, 75) percentile: (2097, 6377, 7723)
[M::mem_pestat] low and high boundaries for computing mean and std.dev: (1, 18975)
[M::mem_pestat] mean and std.dev: (5374.40, 2784.59)
[M::mem_pestat] low and high boundaries for proper pairs: (1, 24601)
[M::mem_pestat] analyzing insert size distribution for orientation FR...
[M::mem_pestat] (25, 50, 75) percentile: (380, 385, 393)
[M::mem_pestat] low and high boundaries for computing mean and std.dev: (354, 419)
[M::mem_pestat] mean and std.dev: (388.79, 10.76)
[M::mem_pestat] low and high boundaries for proper pairs: (341, 432)
[M::mem_pestat] analyzing insert size distribution for orientation RF...
[M::mem_pestat] (25, 50, 75) percentile: (525, 857, 3912)
[M::mem_pestat] low and high boundaries for computing mean and std.dev: (1, 10686)
[M::mem_pestat] mean and std.dev: (2398.56, 2513.41)
[M::mem_pestat] low and high boundaries for proper pairs: (1, 14073)
[M::mem_pestat] analyzing insert size distribution for orientation RR...
[M::mem_pestat] (25, 50, 75) percentile: (627, 2031, 6993)
[M::mem_pestat] low and high boundaries for computing mean and std.dev: (1, 19725)
[M::mem_pestat] mean and std.dev: (2902.31, 2743.81)
[M::mem_pestat] low and high boundaries for proper pairs: (1, 26091)
[M::mem_pestat] skip orientation FF
[M::mem_pestat] skip orientation RF
[M::mem_pestat] skip orientation RR
[M::mem_process_seqs] Processed 79682 reads in 18.782 CPU sec, 9.206 real sec
[M::process] read 79682 sequences (20000182 bp)...
[M::mem_pestat] # candidate unique pairs for (FF, FR, RF, RR): (9, 38929, 25, 6)
[M::mem_pestat] skip orientation FF as there are not enough pairs
[M::mem_pestat] analyzing insert size distribution for orientation FR...
[M::mem_pestat] (25, 50, 75) percentile: (380, 385, 393)
[M::mem_pestat] low and high boundaries for computing mean and std.dev: (354, 419)
[M::mem_pestat] mean and std.dev: (388.63, 10.65)
[M::mem_pestat] low and high boundaries for proper pairs: (341, 432)
[M::mem_pestat] analyzing insert size distribution for orientation RF...
[M::mem_pestat] (25, 50, 75) percentile: (841, 1756, 4407)
[M::mem_pestat] low and high boundaries for computing mean and std.dev: (1, 11539)
[M::mem_pestat] mean and std.dev: (2629.60, 2332.54)
[M::mem_pestat] low and high boundaries for proper pairs: (1, 15105)
[M::mem_pestat] skip orientation RR as there are not enough pairs
[M::mem_pestat] skip orientation RF
[M::mem_process_seqs] Processed 79682 reads in 20.768 CPU sec, 10.181 real sec
[M::process] read 79682 sequences (20000182 bp)...
[M::mem_pestat] # candidate unique pairs for (FF, FR, RF, RR): (6, 38899, 24, 8)
[M::mem_pestat] skip orientation FF as there are not enough pairs
[M::mem_pestat] analyzing insert size distribution for orientation FR...
[M::mem_pestat] (25, 50, 75) percentile: (380, 385, 393)
[M::mem_pestat] low and high boundaries for computing mean and std.dev: (354, 419)
[M::mem_pestat] mean and std.dev: (387.96, 10.88)
[M::mem_pestat] low and high boundaries for proper pairs: (341, 432)
[M::mem_pestat] analyzing insert size distribution for orientation RF...
[M::mem_pestat] (25, 50, 75) percentile: (802, 1479, 2759)
[M::mem_pestat] low and high boundaries for computing mean and std.dev: (1, 6673)
[M::mem_pestat] mean and std.dev: (1488.62, 1520.99)
[M::mem_pestat] low and high boundaries for proper pairs: (1, 8630)
[M::mem_pestat] skip orientation RR as there are not enough pairs
[M::mem_pestat] skip orientation RF
[M::mem_process_seqs] Processed 79682 reads in 22.000 CPU sec, 10.736 real sec
[M::process] read 79682 sequences (20000182 bp)...
[M::mem_pestat] # candidate unique pairs for (FF, FR, RF, RR): (7, 38772, 30, 8)
[M::mem_pestat] skip orientation FF as there are not enough pairs
[M::mem_pestat] analyzing insert size distribution for orientation FR...
[M::mem_pestat] (25, 50, 75) percentile: (380, 385, 393)
[M::mem_pestat] low and high boundaries for computing mean and std.dev: (354, 419)
[M::mem_pestat] mean and std.dev: (388.77, 10.67)
[M::mem_pestat] low and high boundaries for proper pairs: (341, 432)
[M::mem_pestat] analyzing insert size distribution for orientation RF...
[M::mem_pestat] (25, 50, 75) percentile: (204, 814, 2722)
[M::mem_pestat] low and high boundaries for computing mean and std.dev: (1, 7758)
[M::mem_pestat] mean and std.dev: (1615.87, 1986.30)
[M::mem_pestat] low and high boundaries for proper pairs: (1, 10276)
[M::mem_pestat] skip orientation RR as there are not enough pairs
[M::mem_pestat] skip orientation RF
[M::mem_process_seqs] Processed 79682 reads in 22.242 CPU sec, 10.910 real sec
[M::process] read 79682 sequences (20000182 bp)...
[M::mem_pestat] # candidate unique pairs for (FF, FR, RF, RR): (8, 38788, 17, 8)
[M::mem_pestat] skip orientation FF as there are not enough pairs
[M::mem_pestat] analyzing insert size distribution for orientation FR...
[M::mem_pestat] (25, 50, 75) percentile: (380, 385, 393)
[M::mem_pestat] low and high boundaries for computing mean and std.dev: (354, 419)
[M::mem_pestat] mean and std.dev: (388.62, 10.62)
[M::mem_pestat] low and high boundaries for proper pairs: (341, 432)
[M::mem_pestat] analyzing insert size distribution for orientation RF...
[M::mem_pestat] (25, 50, 75) percentile: (204, 226, 2605)
[M::mem_pestat] low and high boundaries for computing mean and std.dev: (1, 7407)
[M::mem_pestat] mean and std.dev: (1419.06, 2062.91)
[M::mem_pestat] low and high boundaries for proper pairs: (1, 9808)
[M::mem_pestat] skip orientation RR as there are not enough pairs
[M::mem_pestat] skip orientation RF
[M::mem_process_seqs] Processed 79682 reads in 17.054 CPU sec, 8.333 real sec
[M::process] read 79682 sequences (20000182 bp)...
[M::mem_pestat] # candidate unique pairs for (FF, FR, RF, RR): (9, 38842, 20, 13)
[M::mem_pestat] skip orientation FF as there are not enough pairs
[M::mem_pestat] analyzing insert size distribution for orientation FR...
[M::mem_pestat] (25, 50, 75) percentile: (380, 385, 393)
[M::mem_pestat] low and high boundaries for computing mean and std.dev: (354, 419)
[M::mem_pestat] mean and std.dev: (388.25, 10.67)
[M::mem_pestat] low and high boundaries for proper pairs: (341, 432)
[M::mem_pestat] analyzing insert size distribution for orientation RF...
[M::mem_pestat] (25, 50, 75) percentile: (534, 836, 2543)
[M::mem_pestat] low and high boundaries for computing mean and std.dev: (1, 6561)
[M::mem_pestat] mean and std.dev: (1574.50, 1677.21)
[M::mem_pestat] low and high boundaries for proper pairs: (1, 8570)
[M::mem_pestat] analyzing insert size distribution for orientation RR...
[M::mem_pestat] (25, 50, 75) percentile: (1593, 2589, 6627)
[M::mem_pestat] low and high boundaries for computing mean and std.dev: (1, 16695)
[M::mem_pestat] mean and std.dev: (3420.23, 2481.34)
[M::mem_pestat] low and high boundaries for proper pairs: (1, 21729)
[M::mem_pestat] skip orientation RF
[M::mem_pestat] skip orientation RR
[M::mem_process_seqs] Processed 79682 reads in 20.548 CPU sec, 10.082 real sec
[M::process] read 79682 sequences (20000182 bp)...
[M::mem_pestat] # candidate unique pairs for (FF, FR, RF, RR): (10, 38966, 22, 18)
[M::mem_pestat] analyzing insert size distribution for orientation FF...
[M::mem_pestat] (25, 50, 75) percentile: (858, 3953, 5602)
[M::mem_pestat] low and high boundaries for computing mean and std.dev: (1, 15090)
[M::mem_pestat] mean and std.dev: (3608.30, 2895.09)
[M::mem_pestat] low and high boundaries for proper pairs: (1, 19834)
[M::mem_pestat] analyzing insert size distribution for orientation FR...
[M::mem_pestat] (25, 50, 75) percentile: (380, 385, 393)
[M::mem_pestat] low and high boundaries for computing mean and std.dev: (354, 419)
[M::mem_pestat] mean and std.dev: (388.74, 10.66)
[M::mem_pestat] low and high boundaries for proper pairs: (341, 432)
[M::mem_pestat] analyzing insert size distribution for orientation RF...
[M::mem_pestat] (25, 50, 75) percentile: (204, 814, 1176)
[M::mem_pestat] low and high boundaries for computing mean and std.dev: (1, 3120)
[M::mem_pestat] mean and std.dev: (462.71, 358.41)
[M::mem_pestat] low and high boundaries for proper pairs: (1, 4092)
[M::mem_pestat] analyzing insert size distribution for orientation RR...
[M::mem_pestat] (25, 50, 75) percentile: (1206, 2060, 5110)
[M::mem_pestat] low and high boundaries for computing mean and std.dev: (1, 12918)
[M::mem_pestat] mean and std.dev: (3137.50, 2453.53)
[M::mem_pestat] low and high boundaries for proper pairs: (1, 16822)
[M::mem_pestat] skip orientation FF
[M::mem_pestat] skip orientation RF
[M::mem_pestat] skip orientation RR
[M::mem_process_seqs] Processed 79682 reads in 20.292 CPU sec, 9.942 real sec
[M::process] read 79682 sequences (20000182 bp)...
[M::mem_pestat] # candidate unique pairs for (FF, FR, RF, RR): (4, 38969, 22, 11)
[M::mem_pestat] skip orientation FF as there are not enough pairs
[M::mem_pestat] analyzing insert size distribution for orientation FR...
[M::mem_pestat] (25, 50, 75) percentile: (380, 385, 393)
[M::mem_pestat] low and high boundaries for computing mean and std.dev: (354, 419)
[M::mem_pestat] mean and std.dev: (388.50, 10.72)
[M::mem_pestat] low and high boundaries for proper pairs: (341, 432)
[M::mem_pestat] analyzing insert size distribution for orientation RF...
[M::mem_pestat] (25, 50, 75) percentile: (204, 815, 1598)
[M::mem_pestat] low and high boundaries for computing mean and std.dev: (1, 4386)
[M::mem_pestat] mean and std.dev: (905.95, 980.74)
[M::mem_pestat] low and high boundaries for proper pairs: (1, 5780)
[M::mem_pestat] analyzing insert size distribution for orientation RR...
[M::mem_pestat] (25, 50, 75) percentile: (4060, 5421, 6790)
[M::mem_pestat] low and high boundaries for computing mean and std.dev: (1, 12250)
[M::mem_pestat] mean and std.dev: (5066.55, 2634.13)
[M::mem_pestat] low and high boundaries for proper pairs: (1, 15603)
[M::mem_pestat] skip orientation RF
[M::mem_pestat] skip orientation RR
[M::mem_process_seqs] Processed 79682 reads in 19.258 CPU sec, 9.431 real sec
[M::process] read 79682 sequences (20000182 bp)...
[M::mem_pestat] # candidate unique pairs for (FF, FR, RF, RR): (11, 38876, 37, 11)
[M::mem_pestat] analyzing insert size distribution for orientation FF...
[M::mem_pestat] (25, 50, 75) percentile: (1569, 2862, 7027)
[M::mem_pestat] low and high boundaries for computing mean and std.dev: (1, 17943)
[M::mem_pestat] mean and std.dev: (4130.91, 2998.38)
[M::mem_pestat] low and high boundaries for proper pairs: (1, 23401)
[M::mem_pestat] analyzing insert size distribution for orientation FR...
[M::mem_pestat] (25, 50, 75) percentile: (380, 385, 393)
[M::mem_pestat] low and high boundaries for computing mean and std.dev: (354, 419)
[M::mem_pestat] mean and std.dev: (388.43, 10.71)
[M::mem_pestat] low and high boundaries for proper pairs: (341, 432)
[M::mem_pestat] analyzing insert size distribution for orientation RF...
[M::mem_pestat] (25, 50, 75) percentile: (218, 820, 3242)
[M::mem_pestat] low and high boundaries for computing mean and std.dev: (1, 9290)
[M::mem_pestat] mean and std.dev: (1678.03, 1802.93)
[M::mem_pestat] low and high boundaries for proper pairs: (1, 12314)
[M::mem_pestat] analyzing insert size distribution for orientation RR...
[M::mem_pestat] (25, 50, 75) percentile: (1262, 1881, 3077)
[M::mem_pestat] low and high boundaries for computing mean and std.dev: (1, 6707)
[M::mem_pestat] mean and std.dev: (2051.50, 1503.99)
[M::mem_pestat] low and high boundaries for proper pairs: (1, 8522)
[M::mem_pestat] skip orientation FF
[M::mem_pestat] skip orientation RF
[M::mem_pestat] skip orientation RR
[M::mem_process_seqs] Processed 79682 reads in 17.887 CPU sec, 8.744 real sec
[M::process] read 79682 sequences (20000182 bp)...
[M::mem_pestat] # candidate unique pairs for (FF, FR, RF, RR): (6, 38830, 28, 8)
[M::mem_pestat] skip orientation FF as there are not enough pairs
[M::mem_pestat] analyzing insert size distribution for orientation FR...
[M::mem_pestat] (25, 50, 75) percentile: (380, 385, 393)
[M::mem_pestat] low and high boundaries for computing mean and std.dev: (354, 419)
[M::mem_pestat] mean and std.dev: (388.61, 10.67)
[M::mem_pestat] low and high boundaries for proper pairs: (341, 432)
[M::mem_pestat] analyzing insert size distribution for orientation RF...
[M::mem_pestat] (25, 50, 75) percentile: (233, 760, 3269)
[M::mem_pestat] low and high boundaries for computing mean and std.dev: (1, 9341)
[M::mem_pestat] mean and std.dev: (1478.11, 1687.61)
[M::mem_pestat] low and high boundaries for proper pairs: (1, 12377)
[M::mem_pestat] skip orientation RR as there are not enough pairs
[M::mem_pestat] skip orientation RF
[M::mem_process_seqs] Processed 79682 reads in 16.363 CPU sec, 7.972 real sec
[M::process] read 22600 sequences (5672600 bp)...
[M::mem_pestat] # candidate unique pairs for (FF, FR, RF, RR): (8, 38871, 20, 10)
[M::mem_pestat] skip orientation FF as there are not enough pairs
[M::mem_pestat] analyzing insert size distribution for orientation FR...
[M::mem_pestat] (25, 50, 75) percentile: (380, 385, 393)
[M::mem_pestat] low and high boundaries for computing mean and std.dev: (354, 419)
[M::mem_pestat] mean and std.dev: (388.36, 10.65)
[M::mem_pestat] low and high boundaries for proper pairs: (341, 432)
[M::mem_pestat] analyzing insert size distribution for orientation RF...
[M::mem_pestat] (25, 50, 75) percentile: (214, 808, 3255)
[M::mem_pestat] low and high boundaries for computing mean and std.dev: (1, 9337)
[M::mem_pestat] mean and std.dev: (1660.40, 1959.97)
[M::mem_pestat] low and high boundaries for proper pairs: (1, 12378)
[M::mem_pestat] analyzing insert size distribution for orientation RR...
[M::mem_pestat] (25, 50, 75) percentile: (1476, 2057, 5440)
[M::mem_pestat] low and high boundaries for computing mean and std.dev: (1, 13368)
[M::mem_pestat] mean and std.dev: (3650.20, 2779.70)
[M::mem_pestat] low and high boundaries for proper pairs: (1, 17332)
[M::mem_pestat] skip orientation RF
[M::mem_pestat] skip orientation RR
[M::mem_process_seqs] Processed 79682 reads in 17.370 CPU sec, 8.568 real sec
[M::mem_pestat] # candidate unique pairs for (FF, FR, RF, RR): (2, 10984, 7, 5)
[M::mem_pestat] skip orientation FF as there are not enough pairs
[M::mem_pestat] analyzing insert size distribution for orientation FR...
[M::mem_pestat] (25, 50, 75) percentile: (379, 384, 393)
[M::mem_pestat] low and high boundaries for computing mean and std.dev: (351, 421)
[M::mem_pestat] mean and std.dev: (387.79, 10.69)
[M::mem_pestat] low and high boundaries for proper pairs: (337, 435)
[M::mem_pestat] skip orientation RF as there are not enough pairs
[M::mem_pestat] skip orientation RR as there are not enough pairs
[M::mem_process_seqs] Processed 22600 reads in 5.848 CPU sec, 2.840 real sec
[main] Version: 0.7.17-r1188
[main] CMD: bwa mem -t 2 /workspace/home/nasirja/covid-19-signal/data/composite_human_viral_reference.fna SC2201/raw_fastq/SC2201_R1.fastq.gz SC2201/raw_fastq/SC2201_R2.fastq.gz
[main] Real time: 209.345 sec; CPU: 419.006 sec
viral read count = 1726982 (97.26%)
human read count = 15634 (0.88%) 
unmapped read count = 32988 (1.86%)
