[M::bwa_idx_load_from_disk] read 0 ALT contigs
[M::process] read 80868 sequences (20000483 bp)...
[M::process] read 80910 sequences (20000025 bp)...
[M::mem_pestat] # candidate unique pairs for (FF, FR, RF, RR): (6, 40061, 24, 8)
[M::mem_pestat] skip orientation FF as there are not enough pairs
[M::mem_pestat] analyzing insert size distribution for orientation FR...
[M::mem_pestat] (25, 50, 75) percentile: (380, 386, 394)
[M::mem_pestat] low and high boundaries for computing mean and std.dev: (352, 422)
[M::mem_pestat] mean and std.dev: (388.50, 10.41)
[M::mem_pestat] low and high boundaries for proper pairs: (338, 436)
[M::mem_pestat] analyzing insert size distribution for orientation RF...
[M::mem_pestat] (25, 50, 75) percentile: (225, 273, 1665)
[M::mem_pestat] low and high boundaries for computing mean and std.dev: (1, 4545)
[M::mem_pestat] mean and std.dev: (647.86, 801.98)
[M::mem_pestat] low and high boundaries for proper pairs: (1, 5985)
[M::mem_pestat] skip orientation RR as there are not enough pairs
[M::mem_pestat] skip orientation RF
[M::mem_process_seqs] Processed 80868 reads in 5.585 CPU sec, 2.653 real sec
[M::mem_pestat] # candidate unique pairs for (FF, FR, RF, RR): (2, 40081, 30, 4)
[M::mem_pestat] skip orientation FF as there are not enough pairs
[M::mem_pestat] analyzing insert size distribution for orientation FR...
[M::mem_pestat] (25, 50, 75) percentile: (380, 385, 393)
[M::mem_pestat] low and high boundaries for computing mean and std.dev: (354, 419)
[M::mem_pestat] mean and std.dev: (388.28, 10.29)
[M::mem_pestat] low and high boundaries for proper pairs: (341, 432)
[M::mem_pestat] analyzing insert size distribution for orientation RF...
[M::mem_pestat] (25, 50, 75) percentile: (217, 609, 1665)
[M::mem_pestat] low and high boundaries for computing mean and std.dev: (1, 4561)
[M::mem_pestat] mean and std.dev: (747.85, 745.88)
[M::mem_pestat] low and high boundaries for proper pairs: (1, 6009)
[M::mem_pestat] skip orientation RR as there are not enough pairs
[M::mem_pestat] skip orientation RF
[M::mem_process_seqs] Processed 80910 reads in 5.819 CPU sec, 2.830 real sec
[M::process] read 80962 sequences (20000242 bp)...
[M::mem_pestat] # candidate unique pairs for (FF, FR, RF, RR): (5, 40106, 16, 1)
[M::mem_pestat] skip orientation FF as there are not enough pairs
[M::mem_pestat] analyzing insert size distribution for orientation FR...
[M::mem_pestat] (25, 50, 75) percentile: (380, 385, 393)
[M::mem_pestat] low and high boundaries for computing mean and std.dev: (354, 419)
[M::mem_pestat] mean and std.dev: (387.90, 10.53)
[M::mem_pestat] low and high boundaries for proper pairs: (341, 432)
[M::mem_pestat] analyzing insert size distribution for orientation RF...
[M::mem_pestat] (25, 50, 75) percentile: (230, 646, 1445)
[M::mem_pestat] low and high boundaries for computing mean and std.dev: (1, 3875)
[M::mem_pestat] mean and std.dev: (783.40, 689.55)
[M::mem_pestat] low and high boundaries for proper pairs: (1, 5090)
[M::mem_pestat] skip orientation RR as there are not enough pairs
[M::mem_pestat] skip orientation RF
[M::mem_process_seqs] Processed 80962 reads in 5.802 CPU sec, 2.812 real sec
[M::process] read 80868 sequences (20000070 bp)...
[M::mem_pestat] # candidate unique pairs for (FF, FR, RF, RR): (3, 40049, 22, 2)
[M::mem_pestat] skip orientation FF as there are not enough pairs
[M::mem_pestat] analyzing insert size distribution for orientation FR...
[M::mem_pestat] (25, 50, 75) percentile: (380, 386, 394)
[M::mem_pestat] low and high boundaries for computing mean and std.dev: (352, 422)
[M::mem_pestat] mean and std.dev: (388.59, 10.44)
[M::mem_pestat] low and high boundaries for proper pairs: (338, 436)
[M::mem_pestat] analyzing insert size distribution for orientation RF...
[M::mem_pestat] (25, 50, 75) percentile: (230, 931, 2693)
[M::mem_pestat] low and high boundaries for computing mean and std.dev: (1, 7619)
[M::mem_pestat] mean and std.dev: (1318.85, 1342.30)
[M::mem_pestat] low and high boundaries for proper pairs: (1, 10082)
[M::mem_pestat] skip orientation RR as there are not enough pairs
[M::mem_pestat] skip orientation RF
[M::mem_process_seqs] Processed 80868 reads in 5.350 CPU sec, 2.599 real sec
[M::process] read 80894 sequences (20000421 bp)...
[M::mem_pestat] # candidate unique pairs for (FF, FR, RF, RR): (1, 40070, 22, 5)
[M::mem_pestat] skip orientation FF as there are not enough pairs
[M::mem_pestat] analyzing insert size distribution for orientation FR...
[M::mem_pestat] (25, 50, 75) percentile: (380, 385, 394)
[M::mem_pestat] low and high boundaries for computing mean and std.dev: (352, 422)
[M::mem_pestat] mean and std.dev: (388.34, 10.46)
[M::mem_pestat] low and high boundaries for proper pairs: (338, 436)
[M::mem_pestat] analyzing insert size distribution for orientation RF...
[M::mem_pestat] (25, 50, 75) percentile: (215, 575, 1665)
[M::mem_pestat] low and high boundaries for computing mean and std.dev: (1, 4565)
[M::mem_pestat] mean and std.dev: (667.85, 617.62)
[M::mem_pestat] low and high boundaries for proper pairs: (1, 6015)
[M::mem_pestat] skip orientation RR as there are not enough pairs
[M::mem_pestat] skip orientation RF
[M::mem_process_seqs] Processed 80894 reads in 5.628 CPU sec, 2.717 real sec
[M::process] read 80932 sequences (20000072 bp)...
[M::mem_pestat] # candidate unique pairs for (FF, FR, RF, RR): (4, 40063, 29, 3)
[M::mem_pestat] skip orientation FF as there are not enough pairs
[M::mem_pestat] analyzing insert size distribution for orientation FR...
[M::mem_pestat] (25, 50, 75) percentile: (380, 385, 393)
[M::mem_pestat] low and high boundaries for computing mean and std.dev: (354, 419)
[M::mem_pestat] mean and std.dev: (388.20, 10.41)
[M::mem_pestat] low and high boundaries for proper pairs: (341, 432)
[M::mem_pestat] analyzing insert size distribution for orientation RF...
[M::mem_pestat] (25, 50, 75) percentile: (223, 246, 877)
[M::mem_pestat] low and high boundaries for computing mean and std.dev: (1, 2185)
[M::mem_pestat] mean and std.dev: (371.24, 359.90)
[M::mem_pestat] low and high boundaries for proper pairs: (1, 2839)
[M::mem_pestat] skip orientation RR as there are not enough pairs
[M::mem_pestat] skip orientation RF
[M::mem_process_seqs] Processed 80932 reads in 6.042 CPU sec, 2.927 real sec
[M::process] read 80774 sequences (20000130 bp)...
[M::mem_pestat] # candidate unique pairs for (FF, FR, RF, RR): (2, 40007, 22, 5)
[M::mem_pestat] skip orientation FF as there are not enough pairs
[M::mem_pestat] analyzing insert size distribution for orientation FR...
[M::mem_pestat] (25, 50, 75) percentile: (380, 386, 394)
[M::mem_pestat] low and high boundaries for computing mean and std.dev: (352, 422)
[M::mem_pestat] mean and std.dev: (388.54, 10.41)
[M::mem_pestat] low and high boundaries for proper pairs: (338, 436)
[M::mem_pestat] analyzing insert size distribution for orientation RF...
[M::mem_pestat] (25, 50, 75) percentile: (246, 1665, 2693)
[M::mem_pestat] low and high boundaries for computing mean and std.dev: (1, 7587)
[M::mem_pestat] mean and std.dev: (1682.67, 1809.70)
[M::mem_pestat] low and high boundaries for proper pairs: (1, 10034)
[M::mem_pestat] skip orientation RR as there are not enough pairs
[M::mem_pestat] skip orientation RF
[M::mem_process_seqs] Processed 80774 reads in 4.986 CPU sec, 2.449 real sec
[M::process] read 80798 sequences (20000025 bp)...
[M::mem_pestat] # candidate unique pairs for (FF, FR, RF, RR): (2, 40056, 24, 7)
[M::mem_pestat] skip orientation FF as there are not enough pairs
[M::mem_pestat] analyzing insert size distribution for orientation FR...
[M::mem_pestat] (25, 50, 75) percentile: (380, 385, 393)
[M::mem_pestat] low and high boundaries for computing mean and std.dev: (354, 419)
[M::mem_pestat] mean and std.dev: (388.15, 10.40)
[M::mem_pestat] low and high boundaries for proper pairs: (341, 432)
[M::mem_pestat] analyzing insert size distribution for orientation RF...
[M::mem_pestat] (25, 50, 75) percentile: (223, 236, 987)
[M::mem_pestat] low and high boundaries for computing mean and std.dev: (1, 2515)
[M::mem_pestat] mean and std.dev: (583.04, 575.18)
[M::mem_pestat] low and high boundaries for proper pairs: (1, 3279)
[M::mem_pestat] skip orientation RR as there are not enough pairs
[M::mem_pestat] skip orientation RF
[M::mem_process_seqs] Processed 80798 reads in 5.457 CPU sec, 2.677 real sec
[M::process] read 80826 sequences (20000379 bp)...
[M::mem_pestat] # candidate unique pairs for (FF, FR, RF, RR): (0, 39995, 25, 3)
[M::mem_pestat] skip orientation FF as there are not enough pairs
[M::mem_pestat] analyzing insert size distribution for orientation FR...
[M::mem_pestat] (25, 50, 75) percentile: (380, 385, 393)
[M::mem_pestat] low and high boundaries for computing mean and std.dev: (354, 419)
[M::mem_pestat] mean and std.dev: (387.79, 10.55)
[M::mem_pestat] low and high boundaries for proper pairs: (341, 432)
[M::mem_pestat] analyzing insert size distribution for orientation RF...
[M::mem_pestat] (25, 50, 75) percentile: (225, 610, 841)
[M::mem_pestat] low and high boundaries for computing mean and std.dev: (1, 2073)
[M::mem_pestat] mean and std.dev: (560.82, 440.59)
[M::mem_pestat] low and high boundaries for proper pairs: (1, 2689)
[M::mem_pestat] skip orientation RR as there are not enough pairs
[M::mem_pestat] skip orientation RF
[M::mem_process_seqs] Processed 80826 reads in 6.563 CPU sec, 3.112 real sec
[M::process] read 80840 sequences (20000450 bp)...
[M::mem_pestat] # candidate unique pairs for (FF, FR, RF, RR): (3, 40042, 16, 8)
[M::mem_pestat] skip orientation FF as there are not enough pairs
[M::mem_pestat] analyzing insert size distribution for orientation FR...
[M::mem_pestat] (25, 50, 75) percentile: (380, 386, 394)
[M::mem_pestat] low and high boundaries for computing mean and std.dev: (352, 422)
[M::mem_pestat] mean and std.dev: (388.46, 10.38)
[M::mem_pestat] low and high boundaries for proper pairs: (338, 436)
[M::mem_pestat] analyzing insert size distribution for orientation RF...
[M::mem_pestat] (25, 50, 75) percentile: (225, 814, 4918)
[M::mem_pestat] low and high boundaries for computing mean and std.dev: (1, 14304)
[M::mem_pestat] mean and std.dev: (1992.69, 2412.91)
[M::mem_pestat] low and high boundaries for proper pairs: (1, 18997)
[M::mem_pestat] skip orientation RR as there are not enough pairs
[M::mem_pestat] skip orientation RF
[M::mem_process_seqs] Processed 80840 reads in 5.503 CPU sec, 2.684 real sec
[M::process] read 80796 sequences (20000167 bp)...
[M::mem_pestat] # candidate unique pairs for (FF, FR, RF, RR): (4, 40048, 21, 2)
[M::mem_pestat] skip orientation FF as there are not enough pairs
[M::mem_pestat] analyzing insert size distribution for orientation FR...
[M::mem_pestat] (25, 50, 75) percentile: (380, 385, 393)
[M::mem_pestat] low and high boundaries for computing mean and std.dev: (354, 419)
[M::mem_pestat] mean and std.dev: (388.02, 10.42)
[M::mem_pestat] low and high boundaries for proper pairs: (341, 432)
[M::mem_pestat] analyzing insert size distribution for orientation RF...
[M::mem_pestat] (25, 50, 75) percentile: (208, 230, 856)
[M::mem_pestat] low and high boundaries for computing mean and std.dev: (1, 2152)
[M::mem_pestat] mean and std.dev: (384.89, 349.03)
[M::mem_pestat] low and high boundaries for proper pairs: (1, 2800)
[M::mem_pestat] skip orientation RR as there are not enough pairs
[M::mem_pestat] skip orientation RF
[M::mem_process_seqs] Processed 80796 reads in 6.256 CPU sec, 2.920 real sec
[M::process] read 80926 sequences (20000146 bp)...
[M::mem_pestat] # candidate unique pairs for (FF, FR, RF, RR): (1, 40115, 23, 12)
[M::mem_pestat] skip orientation FF as there are not enough pairs
[M::mem_pestat] analyzing insert size distribution for orientation FR...
[M::mem_pestat] (25, 50, 75) percentile: (380, 386, 394)
[M::mem_pestat] low and high boundaries for computing mean and std.dev: (352, 422)
[M::mem_pestat] mean and std.dev: (388.43, 10.42)
[M::mem_pestat] low and high boundaries for proper pairs: (338, 436)
[M::mem_pestat] analyzing insert size distribution for orientation RF...
[M::mem_pestat] (25, 50, 75) percentile: (237, 610, 2296)
[M::mem_pestat] low and high boundaries for computing mean and std.dev: (1, 6414)
[M::mem_pestat] mean and std.dev: (1025.24, 958.05)
[M::mem_pestat] low and high boundaries for proper pairs: (1, 8473)
[M::mem_pestat] analyzing insert size distribution for orientation RR...
[M::mem_pestat] (25, 50, 75) percentile: (455, 843, 5741)
[M::mem_pestat] low and high boundaries for computing mean and std.dev: (1, 16313)
[M::mem_pestat] mean and std.dev: (2480.83, 2693.12)
[M::mem_pestat] low and high boundaries for proper pairs: (1, 21599)
[M::mem_pestat] skip orientation RF
[M::mem_pestat] skip orientation RR
[M::mem_process_seqs] Processed 80926 reads in 5.373 CPU sec, 2.603 real sec
[M::process] read 80908 sequences (20000333 bp)...
[M::mem_pestat] # candidate unique pairs for (FF, FR, RF, RR): (2, 40052, 30, 5)
[M::mem_pestat] skip orientation FF as there are not enough pairs
[M::mem_pestat] analyzing insert size distribution for orientation FR...
[M::mem_pestat] (25, 50, 75) percentile: (380, 386, 394)
[M::mem_pestat] low and high boundaries for computing mean and std.dev: (352, 422)
[M::mem_pestat] mean and std.dev: (388.45, 10.46)
[M::mem_pestat] low and high boundaries for proper pairs: (338, 436)
[M::mem_pestat] analyzing insert size distribution for orientation RF...
[M::mem_pestat] (25, 50, 75) percentile: (206, 306, 1667)
[M::mem_pestat] low and high boundaries for computing mean and std.dev: (1, 4589)
[M::mem_pestat] mean and std.dev: (611.52, 616.75)
[M::mem_pestat] low and high boundaries for proper pairs: (1, 6050)
[M::mem_pestat] skip orientation RR as there are not enough pairs
[M::mem_pestat] skip orientation RF
[M::mem_process_seqs] Processed 80908 reads in 5.180 CPU sec, 2.514 real sec
[M::process] read 80990 sequences (20000181 bp)...
[M::mem_pestat] # candidate unique pairs for (FF, FR, RF, RR): (4, 40071, 22, 7)
[M::mem_pestat] skip orientation FF as there are not enough pairs
[M::mem_pestat] analyzing insert size distribution for orientation FR...
[M::mem_pestat] (25, 50, 75) percentile: (379, 385, 393)
[M::mem_pestat] low and high boundaries for computing mean and std.dev: (351, 421)
[M::mem_pestat] mean and std.dev: (387.61, 10.63)
[M::mem_pestat] low and high boundaries for proper pairs: (337, 435)
[M::mem_pestat] analyzing insert size distribution for orientation RF...
[M::mem_pestat] (25, 50, 75) percentile: (232, 823, 1665)
[M::mem_pestat] low and high boundaries for computing mean and std.dev: (1, 4531)
[M::mem_pestat] mean and std.dev: (866.00, 833.28)
[M::mem_pestat] low and high boundaries for proper pairs: (1, 5964)
[M::mem_pestat] skip orientation RR as there are not enough pairs
[M::mem_pestat] skip orientation RF
[M::mem_process_seqs] Processed 80990 reads in 6.028 CPU sec, 2.913 real sec
[M::process] read 80872 sequences (20000078 bp)...
[M::mem_pestat] # candidate unique pairs for (FF, FR, RF, RR): (2, 40067, 24, 6)
[M::mem_pestat] skip orientation FF as there are not enough pairs
[M::mem_pestat] analyzing insert size distribution for orientation FR...
[M::mem_pestat] (25, 50, 75) percentile: (380, 386, 394)
[M::mem_pestat] low and high boundaries for computing mean and std.dev: (352, 422)
[M::mem_pestat] mean and std.dev: (388.48, 10.51)
[M::mem_pestat] low and high boundaries for proper pairs: (338, 436)
[M::mem_pestat] analyzing insert size distribution for orientation RF...
[M::mem_pestat] (25, 50, 75) percentile: (211, 239, 824)
[M::mem_pestat] low and high boundaries for computing mean and std.dev: (1, 2050)
[M::mem_pestat] mean and std.dev: (407.82, 397.13)
[M::mem_pestat] low and high boundaries for proper pairs: (1, 2663)
[M::mem_pestat] skip orientation RR as there are not enough pairs
[M::mem_pestat] skip orientation RF
[M::mem_process_seqs] Processed 80872 reads in 5.589 CPU sec, 2.720 real sec
[M::process] read 80858 sequences (20000055 bp)...
[M::mem_pestat] # candidate unique pairs for (FF, FR, RF, RR): (1, 40045, 25, 6)
[M::mem_pestat] skip orientation FF as there are not enough pairs
[M::mem_pestat] analyzing insert size distribution for orientation FR...
[M::mem_pestat] (25, 50, 75) percentile: (380, 386, 394)
[M::mem_pestat] low and high boundaries for computing mean and std.dev: (352, 422)
[M::mem_pestat] mean and std.dev: (388.53, 10.49)
[M::mem_pestat] low and high boundaries for proper pairs: (338, 436)
[M::mem_pestat] analyzing insert size distribution for orientation RF...
[M::mem_pestat] (25, 50, 75) percentile: (249, 817, 2693)
[M::mem_pestat] low and high boundaries for computing mean and std.dev: (1, 7581)
[M::mem_pestat] mean and std.dev: (1817.32, 2118.79)
[M::mem_pestat] low and high boundaries for proper pairs: (1, 10292)
[M::mem_pestat] skip orientation RR as there are not enough pairs
[M::mem_pestat] skip orientation RF
[M::mem_process_seqs] Processed 80858 reads in 5.309 CPU sec, 2.557 real sec
[M::process] read 80976 sequences (20000366 bp)...
[M::mem_pestat] # candidate unique pairs for (FF, FR, RF, RR): (1, 40107, 17, 2)
[M::mem_pestat] skip orientation FF as there are not enough pairs
[M::mem_pestat] analyzing insert size distribution for orientation FR...
[M::mem_pestat] (25, 50, 75) percentile: (380, 385, 393)
[M::mem_pestat] low and high boundaries for computing mean and std.dev: (354, 419)
[M::mem_pestat] mean and std.dev: (388.06, 10.42)
[M::mem_pestat] low and high boundaries for proper pairs: (341, 432)
[M::mem_pestat] analyzing insert size distribution for orientation RF...
[M::mem_pestat] (25, 50, 75) percentile: (226, 610, 3034)
[M::mem_pestat] low and high boundaries for computing mean and std.dev: (1, 8650)
[M::mem_pestat] mean and std.dev: (2054.71, 2532.45)
[M::mem_pestat] low and high boundaries for proper pairs: (1, 12184)
[M::mem_pestat] skip orientation RR as there are not enough pairs
[M::mem_pestat] skip orientation RF
[M::mem_process_seqs] Processed 80976 reads in 5.900 CPU sec, 2.878 real sec
[M::process] read 80762 sequences (20000387 bp)...
[M::mem_pestat] # candidate unique pairs for (FF, FR, RF, RR): (3, 40029, 23, 4)
[M::mem_pestat] skip orientation FF as there are not enough pairs
[M::mem_pestat] analyzing insert size distribution for orientation FR...
[M::mem_pestat] (25, 50, 75) percentile: (380, 386, 394)
[M::mem_pestat] low and high boundaries for computing mean and std.dev: (352, 422)
[M::mem_pestat] mean and std.dev: (388.49, 10.50)
[M::mem_pestat] low and high boundaries for proper pairs: (338, 436)
[M::mem_pestat] analyzing insert size distribution for orientation RF...
[M::mem_pestat] (25, 50, 75) percentile: (243, 1140, 2084)
[M::mem_pestat] low and high boundaries for computing mean and std.dev: (1, 5766)
[M::mem_pestat] mean and std.dev: (1273.41, 1013.02)
[M::mem_pestat] low and high boundaries for proper pairs: (1, 7607)
[M::mem_pestat] skip orientation RR as there are not enough pairs
[M::mem_pestat] skip orientation RF
[M::mem_process_seqs] Processed 80762 reads in 6.056 CPU sec, 2.963 real sec
[M::process] read 80810 sequences (20000463 bp)...
[M::mem_pestat] # candidate unique pairs for (FF, FR, RF, RR): (3, 40055, 22, 4)
[M::mem_pestat] skip orientation FF as there are not enough pairs
[M::mem_pestat] analyzing insert size distribution for orientation FR...
[M::mem_pestat] (25, 50, 75) percentile: (380, 386, 394)
[M::mem_pestat] low and high boundaries for computing mean and std.dev: (352, 422)
[M::mem_pestat] mean and std.dev: (388.40, 10.44)
[M::mem_pestat] low and high boundaries for proper pairs: (338, 436)
[M::mem_pestat] analyzing insert size distribution for orientation RF...
[M::mem_pestat] (25, 50, 75) percentile: (198, 241, 1665)
[M::mem_pestat] low and high boundaries for computing mean and std.dev: (1, 4599)
[M::mem_pestat] mean and std.dev: (685.71, 763.68)
[M::mem_pestat] low and high boundaries for proper pairs: (1, 6066)
[M::mem_pestat] skip orientation RR as there are not enough pairs
[M::mem_pestat] skip orientation RF
[M::mem_process_seqs] Processed 80810 reads in 5.657 CPU sec, 2.762 real sec
[M::process] read 80824 sequences (20000090 bp)...
[M::mem_pestat] # candidate unique pairs for (FF, FR, RF, RR): (5, 40058, 20, 2)
[M::mem_pestat] skip orientation FF as there are not enough pairs
[M::mem_pestat] analyzing insert size distribution for orientation FR...
[M::mem_pestat] (25, 50, 75) percentile: (380, 386, 394)
[M::mem_pestat] low and high boundaries for computing mean and std.dev: (352, 422)
[M::mem_pestat] mean and std.dev: (388.29, 10.54)
[M::mem_pestat] low and high boundaries for proper pairs: (338, 436)
[M::mem_pestat] analyzing insert size distribution for orientation RF...
[M::mem_pestat] (25, 50, 75) percentile: (224, 412, 1668)
[M::mem_pestat] low and high boundaries for computing mean and std.dev: (1, 4556)
[M::mem_pestat] mean and std.dev: (766.28, 745.54)
[M::mem_pestat] low and high boundaries for proper pairs: (1, 6000)
[M::mem_pestat] skip orientation RR as there are not enough pairs
[M::mem_pestat] skip orientation RF
[M::mem_process_seqs] Processed 80824 reads in 5.840 CPU sec, 2.850 real sec
[M::process] read 80736 sequences (20000496 bp)...
[M::mem_pestat] # candidate unique pairs for (FF, FR, RF, RR): (4, 39997, 30, 3)
[M::mem_pestat] skip orientation FF as there are not enough pairs
[M::mem_pestat] analyzing insert size distribution for orientation FR...
[M::mem_pestat] (25, 50, 75) percentile: (380, 386, 394)
[M::mem_pestat] low and high boundaries for computing mean and std.dev: (352, 422)
[M::mem_pestat] mean and std.dev: (388.56, 10.42)
[M::mem_pestat] low and high boundaries for proper pairs: (338, 436)
[M::mem_pestat] analyzing insert size distribution for orientation RF...
[M::mem_pestat] (25, 50, 75) percentile: (224, 611, 1665)
[M::mem_pestat] low and high boundaries for computing mean and std.dev: (1, 4547)
[M::mem_pestat] mean and std.dev: (766.07, 815.22)
[M::mem_pestat] low and high boundaries for proper pairs: (1, 5988)
[M::mem_pestat] skip orientation RR as there are not enough pairs
[M::mem_pestat] skip orientation RF
[M::mem_process_seqs] Processed 80736 reads in 5.353 CPU sec, 2.592 real sec
[M::process] read 80788 sequences (20000392 bp)...
[M::mem_pestat] # candidate unique pairs for (FF, FR, RF, RR): (2, 40049, 23, 6)
[M::mem_pestat] skip orientation FF as there are not enough pairs
[M::mem_pestat] analyzing insert size distribution for orientation FR...
[M::mem_pestat] (25, 50, 75) percentile: (380, 386, 394)
[M::mem_pestat] low and high boundaries for computing mean and std.dev: (352, 422)
[M::mem_pestat] mean and std.dev: (388.34, 10.32)
[M::mem_pestat] low and high boundaries for proper pairs: (338, 436)
[M::mem_pestat] analyzing insert size distribution for orientation RF...
[M::mem_pestat] (25, 50, 75) percentile: (223, 823, 1421)
[M::mem_pestat] low and high boundaries for computing mean and std.dev: (1, 3817)
[M::mem_pestat] mean and std.dev: (656.47, 623.17)
[M::mem_pestat] low and high boundaries for proper pairs: (1, 5015)
[M::mem_pestat] skip orientation RR as there are not enough pairs
[M::mem_pestat] skip orientation RF
[M::mem_process_seqs] Processed 80788 reads in 5.640 CPU sec, 2.779 real sec
[M::process] read 50184 sequences (12418956 bp)...
[M::mem_pestat] # candidate unique pairs for (FF, FR, RF, RR): (0, 24875, 16, 2)
[M::mem_pestat] skip orientation FF as there are not enough pairs
[M::mem_pestat] analyzing insert size distribution for orientation FR...
[M::mem_pestat] (25, 50, 75) percentile: (380, 385, 393)
[M::mem_pestat] low and high boundaries for computing mean and std.dev: (354, 419)
[M::mem_pestat] mean and std.dev: (387.85, 10.52)
[M::mem_pestat] low and high boundaries for proper pairs: (341, 432)
[M::mem_pestat] analyzing insert size distribution for orientation RF...
[M::mem_pestat] (25, 50, 75) percentile: (225, 880, 2449)
[M::mem_pestat] low and high boundaries for computing mean and std.dev: (1, 6897)
[M::mem_pestat] mean and std.dev: (1185.25, 1052.40)
[M::mem_pestat] low and high boundaries for proper pairs: (1, 9121)
[M::mem_pestat] skip orientation RR as there are not enough pairs
[M::mem_pestat] skip orientation RF
[M::mem_process_seqs] Processed 50184 reads in 3.679 CPU sec, 1.793 real sec
[main] Version: 0.7.17-r1188
[main] CMD: bwa mem -t 2 SC2220/core/viral_reference SC2220/adapter_trimmed/SC2220_R1_val_1_posttrim_filter.fq.gz SC2220/adapter_trimmed/SC2220_R2_val_2_posttrim_filter.fq.gz
[main] Real time: 77.307 sec; CPU: 135.602 sec
[bam_sort_core] merging from 0 files and 2 in-memory blocks...
