[M::bwa_idx_load_from_disk] read 0 ALT contigs
[M::process] read 81082 sequences (20000077 bp)...
[M::process] read 81096 sequences (20000115 bp)...
[M::mem_pestat] # candidate unique pairs for (FF, FR, RF, RR): (11, 39719, 34, 4)
[M::mem_pestat] analyzing insert size distribution for orientation FF...
[M::mem_pestat] (25, 50, 75) percentile: (1881, 1884, 3292)
[M::mem_pestat] low and high boundaries for computing mean and std.dev: (1, 6114)
[M::mem_pestat] mean and std.dev: (2576.91, 1495.33)
[M::mem_pestat] low and high boundaries for proper pairs: (1, 8558)
[M::mem_pestat] analyzing insert size distribution for orientation FR...
[M::mem_pestat] (25, 50, 75) percentile: (381, 386, 393)
[M::mem_pestat] low and high boundaries for computing mean and std.dev: (357, 417)
[M::mem_pestat] mean and std.dev: (388.80, 10.01)
[M::mem_pestat] low and high boundaries for proper pairs: (345, 429)
[M::mem_pestat] analyzing insert size distribution for orientation RF...
[M::mem_pestat] (25, 50, 75) percentile: (215, 223, 2117)
[M::mem_pestat] low and high boundaries for computing mean and std.dev: (1, 5921)
[M::mem_pestat] mean and std.dev: (1038.75, 1400.65)
[M::mem_pestat] low and high boundaries for proper pairs: (1, 7823)
[M::mem_pestat] skip orientation RR as there are not enough pairs
[M::mem_pestat] skip orientation FF
[M::mem_pestat] skip orientation RF
[M::mem_process_seqs] Processed 81082 reads in 6.114 CPU sec, 2.919 real sec
[M::mem_pestat] # candidate unique pairs for (FF, FR, RF, RR): (6, 39715, 33, 7)
[M::mem_pestat] skip orientation FF as there are not enough pairs
[M::mem_pestat] analyzing insert size distribution for orientation FR...
[M::mem_pestat] (25, 50, 75) percentile: (381, 386, 393)
[M::mem_pestat] low and high boundaries for computing mean and std.dev: (357, 417)
[M::mem_pestat] mean and std.dev: (388.91, 10.03)
[M::mem_pestat] low and high boundaries for proper pairs: (345, 429)
[M::mem_pestat] analyzing insert size distribution for orientation RF...
[M::mem_pestat] (25, 50, 75) percentile: (223, 223, 867)
[M::mem_pestat] low and high boundaries for computing mean and std.dev: (1, 2155)
[M::mem_pestat] mean and std.dev: (393.43, 403.15)
[M::mem_pestat] low and high boundaries for proper pairs: (1, 2799)
[M::mem_pestat] skip orientation RR as there are not enough pairs
[M::mem_pestat] skip orientation RF
[M::mem_process_seqs] Processed 81096 reads in 5.961 CPU sec, 2.908 real sec
[M::process] read 81048 sequences (20000318 bp)...
[M::mem_pestat] # candidate unique pairs for (FF, FR, RF, RR): (7, 39709, 40, 4)
[M::mem_pestat] skip orientation FF as there are not enough pairs
[M::mem_pestat] analyzing insert size distribution for orientation FR...
[M::mem_pestat] (25, 50, 75) percentile: (380, 386, 393)
[M::mem_pestat] low and high boundaries for computing mean and std.dev: (354, 419)
[M::mem_pestat] mean and std.dev: (388.61, 10.78)
[M::mem_pestat] low and high boundaries for proper pairs: (341, 432)
[M::mem_pestat] analyzing insert size distribution for orientation RF...
[M::mem_pestat] (25, 50, 75) percentile: (223, 223, 254)
[M::mem_pestat] low and high boundaries for computing mean and std.dev: (161, 316)
[M::mem_pestat] mean and std.dev: (224.39, 8.82)
[M::mem_pestat] low and high boundaries for proper pairs: (130, 347)
[M::mem_pestat] skip orientation RR as there are not enough pairs
[M::mem_pestat] skip orientation RF
[M::mem_process_seqs] Processed 81048 reads in 6.078 CPU sec, 2.899 real sec
[M::process] read 81156 sequences (20000396 bp)...
[M::mem_pestat] # candidate unique pairs for (FF, FR, RF, RR): (4, 39771, 34, 11)
[M::mem_pestat] skip orientation FF as there are not enough pairs
[M::mem_pestat] analyzing insert size distribution for orientation FR...
[M::mem_pestat] (25, 50, 75) percentile: (381, 386, 393)
[M::mem_pestat] low and high boundaries for computing mean and std.dev: (357, 417)
[M::mem_pestat] mean and std.dev: (388.85, 10.07)
[M::mem_pestat] low and high boundaries for proper pairs: (345, 429)
[M::mem_pestat] analyzing insert size distribution for orientation RF...
[M::mem_pestat] (25, 50, 75) percentile: (215, 223, 241)
[M::mem_pestat] low and high boundaries for computing mean and std.dev: (163, 293)
[M::mem_pestat] mean and std.dev: (218.79, 13.22)
[M::mem_pestat] low and high boundaries for proper pairs: (137, 319)
[M::mem_pestat] analyzing insert size distribution for orientation RR...
[M::mem_pestat] (25, 50, 75) percentile: (2057, 2057, 2057)
[M::mem_pestat] low and high boundaries for computing mean and std.dev: (2057, 2057)
[M::mem_pestat] mean and std.dev: (2057.00, 0.00)
[M::mem_pestat] low and high boundaries for proper pairs: (2057, 2057)
[M::mem_pestat] skip orientation RF
[M::mem_pestat] skip orientation RR
[M::mem_process_seqs] Processed 81156 reads in 5.560 CPU sec, 2.694 real sec
[M::process] read 81060 sequences (20000349 bp)...
[M::process] read 81076 sequences (20000454 bp)...
[M::mem_pestat] # candidate unique pairs for (FF, FR, RF, RR): (9, 39750, 33, 8)
[M::mem_pestat] skip orientation FF as there are not enough pairs
[M::mem_pestat] analyzing insert size distribution for orientation FR...
[M::mem_pestat] (25, 50, 75) percentile: (381, 386, 393)
[M::mem_pestat] low and high boundaries for computing mean and std.dev: (357, 417)
[M::mem_pestat] mean and std.dev: (388.75, 10.03)
[M::mem_pestat] low and high boundaries for proper pairs: (345, 429)
[M::mem_pestat] analyzing insert size distribution for orientation RF...
[M::mem_pestat] (25, 50, 75) percentile: (215, 223, 2088)
[M::mem_pestat] low and high boundaries for computing mean and std.dev: (1, 5834)
[M::mem_pestat] mean and std.dev: (746.40, 986.08)
[M::mem_pestat] low and high boundaries for proper pairs: (1, 7707)
[M::mem_pestat] skip orientation RR as there are not enough pairs
[M::mem_pestat] skip orientation RF
[M::mem_process_seqs] Processed 81060 reads in 5.589 CPU sec, 2.646 real sec
[M::mem_pestat] # candidate unique pairs for (FF, FR, RF, RR): (6, 39694, 35, 6)
[M::mem_pestat] skip orientation FF as there are not enough pairs
[M::mem_pestat] analyzing insert size distribution for orientation FR...
[M::mem_pestat] (25, 50, 75) percentile: (381, 386, 393)
[M::mem_pestat] low and high boundaries for computing mean and std.dev: (357, 417)
[M::mem_pestat] mean and std.dev: (388.62, 10.07)
[M::mem_pestat] low and high boundaries for proper pairs: (345, 429)
[M::mem_pestat] analyzing insert size distribution for orientation RF...
[M::mem_pestat] (25, 50, 75) percentile: (223, 223, 237)
[M::mem_pestat] low and high boundaries for computing mean and std.dev: (195, 265)
[M::mem_pestat] mean and std.dev: (222.74, 6.31)
[M::mem_pestat] low and high boundaries for proper pairs: (181, 279)
[M::mem_pestat] skip orientation RR as there are not enough pairs
[M::mem_pestat] skip orientation RF
[M::mem_process_seqs] Processed 81076 reads in 5.822 CPU sec, 2.827 real sec
[M::process] read 81052 sequences (20000070 bp)...
[M::mem_pestat] # candidate unique pairs for (FF, FR, RF, RR): (8, 39712, 32, 10)
[M::mem_pestat] skip orientation FF as there are not enough pairs
[M::mem_pestat] analyzing insert size distribution for orientation FR...
[M::mem_pestat] (25, 50, 75) percentile: (381, 386, 393)
[M::mem_pestat] low and high boundaries for computing mean and std.dev: (357, 417)
[M::mem_pestat] mean and std.dev: (388.58, 10.15)
[M::mem_pestat] low and high boundaries for proper pairs: (345, 429)
[M::mem_pestat] analyzing insert size distribution for orientation RF...
[M::mem_pestat] (25, 50, 75) percentile: (223, 223, 234)
[M::mem_pestat] low and high boundaries for computing mean and std.dev: (201, 256)
[M::mem_pestat] mean and std.dev: (221.70, 5.71)
[M::mem_pestat] low and high boundaries for proper pairs: (190, 267)
[M::mem_pestat] analyzing insert size distribution for orientation RR...
[M::mem_pestat] (25, 50, 75) percentile: (607, 2057, 2057)
[M::mem_pestat] low and high boundaries for computing mean and std.dev: (1, 4957)
[M::mem_pestat] mean and std.dev: (1653.78, 1073.58)
[M::mem_pestat] low and high boundaries for proper pairs: (1, 6407)
[M::mem_pestat] skip orientation RF
[M::mem_pestat] skip orientation RR
[M::mem_process_seqs] Processed 81052 reads in 5.765 CPU sec, 2.811 real sec
[M::process] read 80938 sequences (20000000 bp)...
[M::mem_pestat] # candidate unique pairs for (FF, FR, RF, RR): (8, 39690, 42, 8)
[M::mem_pestat] skip orientation FF as there are not enough pairs
[M::mem_pestat] analyzing insert size distribution for orientation FR...
[M::mem_pestat] (25, 50, 75) percentile: (381, 386, 393)
[M::mem_pestat] low and high boundaries for computing mean and std.dev: (357, 417)
[M::mem_pestat] mean and std.dev: (388.85, 10.03)
[M::mem_pestat] low and high boundaries for proper pairs: (345, 429)
[M::mem_pestat] analyzing insert size distribution for orientation RF...
[M::mem_pestat] (25, 50, 75) percentile: (223, 223, 241)
[M::mem_pestat] low and high boundaries for computing mean and std.dev: (187, 277)
[M::mem_pestat] mean and std.dev: (223.50, 6.05)
[M::mem_pestat] low and high boundaries for proper pairs: (169, 295)
[M::mem_pestat] skip orientation RR as there are not enough pairs
[M::mem_pestat] skip orientation RF
[M::mem_process_seqs] Processed 80938 reads in 5.659 CPU sec, 2.747 real sec
[M::process] read 80874 sequences (20000358 bp)...
[M::mem_pestat] # candidate unique pairs for (FF, FR, RF, RR): (4, 39703, 41, 10)
[M::mem_pestat] skip orientation FF as there are not enough pairs
[M::mem_pestat] analyzing insert size distribution for orientation FR...
[M::mem_pestat] (25, 50, 75) percentile: (381, 386, 393)
[M::mem_pestat] low and high boundaries for computing mean and std.dev: (357, 417)
[M::mem_pestat] mean and std.dev: (388.57, 10.09)
[M::mem_pestat] low and high boundaries for proper pairs: (345, 429)
[M::mem_pestat] analyzing insert size distribution for orientation RF...
[M::mem_pestat] (25, 50, 75) percentile: (220, 223, 274)
[M::mem_pestat] low and high boundaries for computing mean and std.dev: (112, 382)
[M::mem_pestat] mean and std.dev: (225.55, 11.87)
[M::mem_pestat] low and high boundaries for proper pairs: (58, 436)
[M::mem_pestat] analyzing insert size distribution for orientation RR...
[M::mem_pestat] (25, 50, 75) percentile: (843, 2473, 4226)
[M::mem_pestat] low and high boundaries for computing mean and std.dev: (1, 10992)
[M::mem_pestat] mean and std.dev: (3001.90, 2393.08)
[M::mem_pestat] low and high boundaries for proper pairs: (1, 14375)
[M::mem_pestat] skip orientation RF
[M::mem_pestat] skip orientation RR
[M::mem_process_seqs] Processed 80874 reads in 6.112 CPU sec, 2.927 real sec
[M::process] read 80932 sequences (20000462 bp)...
[M::mem_pestat] # candidate unique pairs for (FF, FR, RF, RR): (8, 39692, 39, 10)
[M::mem_pestat] skip orientation FF as there are not enough pairs
[M::mem_pestat] analyzing insert size distribution for orientation FR...
[M::mem_pestat] (25, 50, 75) percentile: (380, 386, 393)
[M::mem_pestat] low and high boundaries for computing mean and std.dev: (354, 419)
[M::mem_pestat] mean and std.dev: (388.55, 10.96)
[M::mem_pestat] low and high boundaries for proper pairs: (341, 432)
[M::mem_pestat] analyzing insert size distribution for orientation RF...
[M::mem_pestat] (25, 50, 75) percentile: (223, 223, 534)
[M::mem_pestat] low and high boundaries for computing mean and std.dev: (1, 1156)
[M::mem_pestat] mean and std.dev: (271.97, 168.40)
[M::mem_pestat] low and high boundaries for proper pairs: (1, 1467)
[M::mem_pestat] analyzing insert size distribution for orientation RR...
[M::mem_pestat] (25, 50, 75) percentile: (674, 2057, 7179)
[M::mem_pestat] low and high boundaries for computing mean and std.dev: (1, 20189)
[M::mem_pestat] mean and std.dev: (3417.30, 3251.33)
[M::mem_pestat] low and high boundaries for proper pairs: (1, 26694)
[M::mem_pestat] skip orientation RF
[M::mem_pestat] skip orientation RR
[M::mem_process_seqs] Processed 80932 reads in 6.931 CPU sec, 3.254 real sec
[M::process] read 80972 sequences (20000161 bp)...
[M::mem_pestat] # candidate unique pairs for (FF, FR, RF, RR): (5, 39689, 37, 11)
[M::mem_pestat] skip orientation FF as there are not enough pairs
[M::mem_pestat] analyzing insert size distribution for orientation FR...
[M::mem_pestat] (25, 50, 75) percentile: (381, 386, 393)
[M::mem_pestat] low and high boundaries for computing mean and std.dev: (357, 417)
[M::mem_pestat] mean and std.dev: (388.90, 10.02)
[M::mem_pestat] low and high boundaries for proper pairs: (345, 429)
[M::mem_pestat] analyzing insert size distribution for orientation RF...
[M::mem_pestat] (25, 50, 75) percentile: (223, 223, 2075)
[M::mem_pestat] low and high boundaries for computing mean and std.dev: (1, 5779)
[M::mem_pestat] mean and std.dev: (871.26, 1201.67)
[M::mem_pestat] low and high boundaries for proper pairs: (1, 7631)
[M::mem_pestat] analyzing insert size distribution for orientation RR...
[M::mem_pestat] (25, 50, 75) percentile: (2057, 2057, 2057)
[M::mem_pestat] low and high boundaries for computing mean and std.dev: (2057, 2057)
[M::mem_pestat] mean and std.dev: (2057.00, 0.00)
[M::mem_pestat] low and high boundaries for proper pairs: (2057, 2057)
[M::mem_pestat] skip orientation RF
[M::mem_pestat] skip orientation RR
[M::mem_process_seqs] Processed 80972 reads in 5.866 CPU sec, 2.843 real sec
[M::process] read 80934 sequences (20000316 bp)...
[M::mem_pestat] # candidate unique pairs for (FF, FR, RF, RR): (2, 39702, 40, 7)
[M::mem_pestat] skip orientation FF as there are not enough pairs
[M::mem_pestat] analyzing insert size distribution for orientation FR...
[M::mem_pestat] (25, 50, 75) percentile: (381, 386, 393)
[M::mem_pestat] low and high boundaries for computing mean and std.dev: (357, 417)
[M::mem_pestat] mean and std.dev: (388.70, 9.98)
[M::mem_pestat] low and high boundaries for proper pairs: (345, 429)
[M::mem_pestat] analyzing insert size distribution for orientation RF...
[M::mem_pestat] (25, 50, 75) percentile: (223, 223, 1822)
[M::mem_pestat] low and high boundaries for computing mean and std.dev: (1, 5020)
[M::mem_pestat] mean and std.dev: (987.23, 1402.00)
[M::mem_pestat] low and high boundaries for proper pairs: (1, 6619)
[M::mem_pestat] skip orientation RR as there are not enough pairs
[M::mem_pestat] skip orientation RF
[M::mem_process_seqs] Processed 80934 reads in 6.562 CPU sec, 3.050 real sec
[M::process] read 81040 sequences (20000353 bp)...
[M::mem_pestat] # candidate unique pairs for (FF, FR, RF, RR): (4, 39723, 33, 6)
[M::mem_pestat] skip orientation FF as there are not enough pairs
[M::mem_pestat] analyzing insert size distribution for orientation FR...
[M::mem_pestat] (25, 50, 75) percentile: (380, 386, 393)
[M::mem_pestat] low and high boundaries for computing mean and std.dev: (354, 419)
[M::mem_pestat] mean and std.dev: (388.85, 10.77)
[M::mem_pestat] low and high boundaries for proper pairs: (341, 432)
[M::mem_pestat] analyzing insert size distribution for orientation RF...
[M::mem_pestat] (25, 50, 75) percentile: (215, 223, 879)
[M::mem_pestat] low and high boundaries for computing mean and std.dev: (1, 2207)
[M::mem_pestat] mean and std.dev: (479.20, 529.69)
[M::mem_pestat] low and high boundaries for proper pairs: (1, 2871)
[M::mem_pestat] skip orientation RR as there are not enough pairs
[M::mem_pestat] skip orientation RF
[M::mem_process_seqs] Processed 81040 reads in 6.282 CPU sec, 3.071 real sec
[M::process] read 81100 sequences (20000019 bp)...
[M::mem_pestat] # candidate unique pairs for (FF, FR, RF, RR): (7, 39742, 48, 6)
[M::mem_pestat] skip orientation FF as there are not enough pairs
[M::mem_pestat] analyzing insert size distribution for orientation FR...
[M::mem_pestat] (25, 50, 75) percentile: (381, 386, 393)
[M::mem_pestat] low and high boundaries for computing mean and std.dev: (357, 417)
[M::mem_pestat] mean and std.dev: (388.89, 10.06)
[M::mem_pestat] low and high boundaries for proper pairs: (345, 429)
[M::mem_pestat] analyzing insert size distribution for orientation RF...
[M::mem_pestat] (25, 50, 75) percentile: (223, 241, 2633)
[M::mem_pestat] low and high boundaries for computing mean and std.dev: (1, 7453)
[M::mem_pestat] mean and std.dev: (1345.64, 1620.15)
[M::mem_pestat] low and high boundaries for proper pairs: (1, 9863)
[M::mem_pestat] skip orientation RR as there are not enough pairs
[M::mem_pestat] skip orientation RF
[M::mem_process_seqs] Processed 81100 reads in 5.859 CPU sec, 2.869 real sec
[M::process] read 81038 sequences (20000404 bp)...
[M::mem_pestat] # candidate unique pairs for (FF, FR, RF, RR): (5, 39748, 43, 5)
[M::mem_pestat] skip orientation FF as there are not enough pairs
[M::mem_pestat] analyzing insert size distribution for orientation FR...
[M::mem_pestat] (25, 50, 75) percentile: (381, 386, 393)
[M::mem_pestat] low and high boundaries for computing mean and std.dev: (357, 417)
[M::mem_pestat] mean and std.dev: (388.72, 9.99)
[M::mem_pestat] low and high boundaries for proper pairs: (345, 429)
[M::mem_pestat] analyzing insert size distribution for orientation RF...
[M::mem_pestat] (25, 50, 75) percentile: (218, 223, 1406)
[M::mem_pestat] low and high boundaries for computing mean and std.dev: (1, 3782)
[M::mem_pestat] mean and std.dev: (299.29, 370.08)
[M::mem_pestat] low and high boundaries for proper pairs: (1, 4970)
[M::mem_pestat] skip orientation RR as there are not enough pairs
[M::mem_pestat] skip orientation RF
[M::mem_process_seqs] Processed 81038 reads in 6.146 CPU sec, 2.951 real sec
[M::process] read 81148 sequences (20000044 bp)...
[M::mem_pestat] # candidate unique pairs for (FF, FR, RF, RR): (9, 39733, 43, 12)
[M::mem_pestat] skip orientation FF as there are not enough pairs
[M::mem_pestat] analyzing insert size distribution for orientation FR...
[M::mem_pestat] (25, 50, 75) percentile: (380, 385, 393)
[M::mem_pestat] low and high boundaries for computing mean and std.dev: (354, 419)
[M::mem_pestat] mean and std.dev: (388.37, 10.85)
[M::mem_pestat] low and high boundaries for proper pairs: (341, 432)
[M::mem_pestat] analyzing insert size distribution for orientation RF...
[M::mem_pestat] (25, 50, 75) percentile: (223, 226, 817)
[M::mem_pestat] low and high boundaries for computing mean and std.dev: (1, 2005)
[M::mem_pestat] mean and std.dev: (303.18, 315.55)
[M::mem_pestat] low and high boundaries for proper pairs: (1, 2599)
[M::mem_pestat] analyzing insert size distribution for orientation RR...
[M::mem_pestat] (25, 50, 75) percentile: (2057, 2085, 3896)
[M::mem_pestat] low and high boundaries for computing mean and std.dev: (1, 7574)
[M::mem_pestat] mean and std.dev: (2199.80, 783.86)
[M::mem_pestat] low and high boundaries for proper pairs: (1, 9413)
[M::mem_pestat] skip orientation RF
[M::mem_pestat] skip orientation RR
[M::mem_process_seqs] Processed 81148 reads in 6.282 CPU sec, 3.015 real sec
[M::process] read 80992 sequences (20000405 bp)...
[M::mem_pestat] # candidate unique pairs for (FF, FR, RF, RR): (9, 39756, 47, 10)
[M::mem_pestat] skip orientation FF as there are not enough pairs
[M::mem_pestat] analyzing insert size distribution for orientation FR...
[M::mem_pestat] (25, 50, 75) percentile: (381, 386, 393)
[M::mem_pestat] low and high boundaries for computing mean and std.dev: (357, 417)
[M::mem_pestat] mean and std.dev: (388.89, 10.02)
[M::mem_pestat] low and high boundaries for proper pairs: (345, 429)
[M::mem_pestat] analyzing insert size distribution for orientation RF...
[M::mem_pestat] (25, 50, 75) percentile: (223, 223, 2117)
[M::mem_pestat] low and high boundaries for computing mean and std.dev: (1, 5905)
[M::mem_pestat] mean and std.dev: (1060.58, 1446.33)
[M::mem_pestat] low and high boundaries for proper pairs: (1, 7799)
[M::mem_pestat] analyzing insert size distribution for orientation RR...
[M::mem_pestat] (25, 50, 75) percentile: (1416, 2057, 2057)
[M::mem_pestat] low and high boundaries for computing mean and std.dev: (134, 3339)
[M::mem_pestat] mean and std.dev: (1698.11, 838.71)
[M::mem_pestat] low and high boundaries for proper pairs: (1, 5053)
[M::mem_pestat] skip orientation RF
[M::mem_pestat] skip orientation RR
[M::mem_process_seqs] Processed 80992 reads in 6.091 CPU sec, 2.948 real sec
[M::process] read 80990 sequences (20000291 bp)...
[M::mem_pestat] # candidate unique pairs for (FF, FR, RF, RR): (6, 39741, 50, 8)
[M::mem_pestat] skip orientation FF as there are not enough pairs
[M::mem_pestat] analyzing insert size distribution for orientation FR...
[M::mem_pestat] (25, 50, 75) percentile: (381, 386, 393)
[M::mem_pestat] low and high boundaries for computing mean and std.dev: (357, 417)
[M::mem_pestat] mean and std.dev: (388.79, 9.97)
[M::mem_pestat] low and high boundaries for proper pairs: (345, 429)
[M::mem_pestat] analyzing insert size distribution for orientation RF...
[M::mem_pestat] (25, 50, 75) percentile: (215, 223, 234)
[M::mem_pestat] low and high boundaries for computing mean and std.dev: (177, 272)
[M::mem_pestat] mean and std.dev: (221.47, 5.47)
[M::mem_pestat] low and high boundaries for proper pairs: (158, 291)
[M::mem_pestat] skip orientation RR as there are not enough pairs
[M::mem_pestat] skip orientation RF
[M::mem_process_seqs] Processed 80990 reads in 5.773 CPU sec, 2.818 real sec
[M::process] read 81084 sequences (20000379 bp)...
[M::mem_pestat] # candidate unique pairs for (FF, FR, RF, RR): (9, 39705, 43, 10)
[M::mem_pestat] skip orientation FF as there are not enough pairs
[M::mem_pestat] analyzing insert size distribution for orientation FR...
[M::mem_pestat] (25, 50, 75) percentile: (380, 386, 393)
[M::mem_pestat] low and high boundaries for computing mean and std.dev: (354, 419)
[M::mem_pestat] mean and std.dev: (388.81, 10.63)
[M::mem_pestat] low and high boundaries for proper pairs: (341, 432)
[M::mem_pestat] analyzing insert size distribution for orientation RF...
[M::mem_pestat] (25, 50, 75) percentile: (218, 223, 3815)
[M::mem_pestat] low and high boundaries for computing mean and std.dev: (1, 11009)
[M::mem_pestat] mean and std.dev: (1525.21, 2324.07)
[M::mem_pestat] low and high boundaries for proper pairs: (1, 14606)
[M::mem_pestat] analyzing insert size distribution for orientation RR...
[M::mem_pestat] (25, 50, 75) percentile: (2057, 2057, 2450)
[M::mem_pestat] low and high boundaries for computing mean and std.dev: (1271, 3236)
[M::mem_pestat] mean and std.dev: (2131.43, 137.48)
[M::mem_pestat] low and high boundaries for proper pairs: (878, 3629)
[M::mem_pestat] skip orientation RF
[M::mem_pestat] skip orientation RR
[M::mem_process_seqs] Processed 81084 reads in 5.819 CPU sec, 2.829 real sec
[M::process] read 80904 sequences (20000060 bp)...
[M::mem_pestat] # candidate unique pairs for (FF, FR, RF, RR): (4, 39724, 44, 8)
[M::mem_pestat] skip orientation FF as there are not enough pairs
[M::mem_pestat] analyzing insert size distribution for orientation FR...
[M::mem_pestat] (25, 50, 75) percentile: (381, 386, 393)
[M::mem_pestat] low and high boundaries for computing mean and std.dev: (357, 417)
[M::mem_pestat] mean and std.dev: (388.86, 9.98)
[M::mem_pestat] low and high boundaries for proper pairs: (345, 429)
[M::mem_pestat] analyzing insert size distribution for orientation RF...
[M::mem_pestat] (25, 50, 75) percentile: (223, 223, 879)
[M::mem_pestat] low and high boundaries for computing mean and std.dev: (1, 2191)
[M::mem_pestat] mean and std.dev: (525.10, 605.45)
[M::mem_pestat] low and high boundaries for proper pairs: (1, 2947)
[M::mem_pestat] skip orientation RR as there are not enough pairs
[M::mem_pestat] skip orientation RF
[M::mem_process_seqs] Processed 80904 reads in 5.865 CPU sec, 2.824 real sec
[M::process] read 80920 sequences (20000182 bp)...
[M::mem_pestat] # candidate unique pairs for (FF, FR, RF, RR): (12, 39706, 42, 6)
[M::mem_pestat] analyzing insert size distribution for orientation FF...
[M::mem_pestat] (25, 50, 75) percentile: (2957, 4176, 6724)
[M::mem_pestat] low and high boundaries for computing mean and std.dev: (1, 14258)
[M::mem_pestat] mean and std.dev: (4271.92, 2561.95)
[M::mem_pestat] low and high boundaries for proper pairs: (1, 18025)
[M::mem_pestat] analyzing insert size distribution for orientation FR...
[M::mem_pestat] (25, 50, 75) percentile: (381, 386, 393)
[M::mem_pestat] low and high boundaries for computing mean and std.dev: (357, 417)
[M::mem_pestat] mean and std.dev: (388.81, 10.02)
[M::mem_pestat] low and high boundaries for proper pairs: (345, 429)
[M::mem_pestat] analyzing insert size distribution for orientation RF...
[M::mem_pestat] (25, 50, 75) percentile: (215, 223, 247)
[M::mem_pestat] low and high boundaries for computing mean and std.dev: (151, 311)
[M::mem_pestat] mean and std.dev: (219.59, 13.47)
[M::mem_pestat] low and high boundaries for proper pairs: (119, 343)
[M::mem_pestat] skip orientation RR as there are not enough pairs
[M::mem_pestat] skip orientation FF
[M::mem_pestat] skip orientation RF
[M::mem_process_seqs] Processed 80920 reads in 5.899 CPU sec, 2.783 real sec
[M::process] read 80942 sequences (20000476 bp)...
[M::mem_pestat] # candidate unique pairs for (FF, FR, RF, RR): (6, 39719, 47, 8)
[M::mem_pestat] skip orientation FF as there are not enough pairs
[M::mem_pestat] analyzing insert size distribution for orientation FR...
[M::mem_pestat] (25, 50, 75) percentile: (380, 386, 393)
[M::mem_pestat] low and high boundaries for computing mean and std.dev: (354, 419)
[M::mem_pestat] mean and std.dev: (388.88, 10.66)
[M::mem_pestat] low and high boundaries for proper pairs: (341, 432)
[M::mem_pestat] analyzing insert size distribution for orientation RF...
[M::mem_pestat] (25, 50, 75) percentile: (223, 223, 243)
[M::mem_pestat] low and high boundaries for computing mean and std.dev: (183, 283)
[M::mem_pestat] mean and std.dev: (223.55, 8.20)
[M::mem_pestat] low and high boundaries for proper pairs: (163, 303)
[M::mem_pestat] skip orientation RR as there are not enough pairs
[M::mem_pestat] skip orientation RF
[M::mem_process_seqs] Processed 80942 reads in 5.820 CPU sec, 2.834 real sec
[M::process] read 80948 sequences (20000433 bp)...
[M::mem_pestat] # candidate unique pairs for (FF, FR, RF, RR): (3, 39698, 45, 9)
[M::mem_pestat] skip orientation FF as there are not enough pairs
[M::mem_pestat] analyzing insert size distribution for orientation FR...
[M::mem_pestat] (25, 50, 75) percentile: (381, 386, 393)
[M::mem_pestat] low and high boundaries for computing mean and std.dev: (357, 417)
[M::mem_pestat] mean and std.dev: (388.83, 10.12)
[M::mem_pestat] low and high boundaries for proper pairs: (345, 429)
[M::mem_pestat] analyzing insert size distribution for orientation RF...
[M::mem_pestat] (25, 50, 75) percentile: (218, 223, 522)
[M::mem_pestat] low and high boundaries for computing mean and std.dev: (1, 1130)
[M::mem_pestat] mean and std.dev: (242.42, 114.97)
[M::mem_pestat] low and high boundaries for proper pairs: (1, 1434)
[M::mem_pestat] skip orientation RR as there are not enough pairs
[M::mem_pestat] skip orientation RF
[M::mem_process_seqs] Processed 80948 reads in 6.017 CPU sec, 2.847 real sec
[M::process] read 80874 sequences (20000323 bp)...
[M::mem_pestat] # candidate unique pairs for (FF, FR, RF, RR): (2, 39709, 44, 10)
[M::mem_pestat] skip orientation FF as there are not enough pairs
[M::mem_pestat] analyzing insert size distribution for orientation FR...
[M::mem_pestat] (25, 50, 75) percentile: (381, 386, 393)
[M::mem_pestat] low and high boundaries for computing mean and std.dev: (357, 417)
[M::mem_pestat] mean and std.dev: (388.88, 10.07)
[M::mem_pestat] low and high boundaries for proper pairs: (345, 429)
[M::mem_pestat] analyzing insert size distribution for orientation RF...
[M::mem_pestat] (25, 50, 75) percentile: (218, 223, 2310)
[M::mem_pestat] low and high boundaries for computing mean and std.dev: (1, 6494)
[M::mem_pestat] mean and std.dev: (1296.07, 1927.13)
[M::mem_pestat] low and high boundaries for proper pairs: (1, 9005)
[M::mem_pestat] analyzing insert size distribution for orientation RR...
[M::mem_pestat] (25, 50, 75) percentile: (2057, 5110, 7348)
[M::mem_pestat] low and high boundaries for computing mean and std.dev: (1, 17930)
[M::mem_pestat] mean and std.dev: (4927.80, 2566.64)
[M::mem_pestat] low and high boundaries for proper pairs: (1, 23221)
[M::mem_pestat] skip orientation RF
[M::mem_pestat] skip orientation RR
[M::mem_process_seqs] Processed 80874 reads in 5.598 CPU sec, 2.714 real sec
[M::process] read 80906 sequences (20000045 bp)...
[M::mem_pestat] # candidate unique pairs for (FF, FR, RF, RR): (4, 39686, 46, 5)
[M::mem_pestat] skip orientation FF as there are not enough pairs
[M::mem_pestat] analyzing insert size distribution for orientation FR...
[M::mem_pestat] (25, 50, 75) percentile: (381, 386, 393)
[M::mem_pestat] low and high boundaries for computing mean and std.dev: (357, 417)
[M::mem_pestat] mean and std.dev: (388.56, 10.10)
[M::mem_pestat] low and high boundaries for proper pairs: (345, 429)
[M::mem_pestat] analyzing insert size distribution for orientation RF...
[M::mem_pestat] (25, 50, 75) percentile: (223, 223, 359)
[M::mem_pestat] low and high boundaries for computing mean and std.dev: (1, 631)
[M::mem_pestat] mean and std.dev: (228.43, 24.56)
[M::mem_pestat] low and high boundaries for proper pairs: (1, 767)
[M::mem_pestat] skip orientation RR as there are not enough pairs
[M::mem_pestat] skip orientation RF
[M::mem_process_seqs] Processed 80906 reads in 5.726 CPU sec, 2.770 real sec
[M::process] read 35772 sequences (8835055 bp)...
[M::mem_pestat] # candidate unique pairs for (FF, FR, RF, RR): (1, 17550, 16, 1)
[M::mem_pestat] skip orientation FF as there are not enough pairs
[M::mem_pestat] analyzing insert size distribution for orientation FR...
[M::mem_pestat] (25, 50, 75) percentile: (380, 385, 393)
[M::mem_pestat] low and high boundaries for computing mean and std.dev: (354, 419)
[M::mem_pestat] mean and std.dev: (388.49, 10.80)
[M::mem_pestat] low and high boundaries for proper pairs: (341, 432)
[M::mem_pestat] analyzing insert size distribution for orientation RF...
[M::mem_pestat] (25, 50, 75) percentile: (223, 223, 1482)
[M::mem_pestat] low and high boundaries for computing mean and std.dev: (1, 4000)
[M::mem_pestat] mean and std.dev: (391.23, 403.67)
[M::mem_pestat] low and high boundaries for proper pairs: (1, 5259)
[M::mem_pestat] skip orientation RR as there are not enough pairs
[M::mem_pestat] skip orientation RF
[M::mem_process_seqs] Processed 35772 reads in 2.751 CPU sec, 1.335 real sec
[main] Version: 0.7.17-r1188
[main] CMD: bwa mem -t 2 SC2212/core/viral_reference SC2212/adapter_trimmed/SC2212_R1_val_1_posttrim_filter.fq.gz SC2212/adapter_trimmed/SC2212_R2_val_2_posttrim_filter.fq.gz
[main] Real time: 86.306 sec; CPU: 158.783 sec
[bam_sort_core] merging from 0 files and 2 in-memory blocks...
