Path to Cutadapt set as: 'cutadapt' (default)
Cutadapt seems to be working fine (tested command 'cutadapt --version')
Cutadapt version: 4.1
Could not detect version of Python used by Cutadapt from the first line of Cutadapt (but found this: >>>#!/bin/sh<<<)
Letting the (modified) Cutadapt deal with the Python version instead
Parallel gzip (pigz) detected. Proceeding with multicore (de)compression using 2 cores

No quality encoding type selected. Assuming that the data provided uses Sanger encoded Phred scores (default)

Output will be written into the directory: /workspace/home/nasirja/covid-19-signal/subset_viral_7_results_dir/Plate3BLANK3/adapter_trimmed/


AUTO-DETECTING ADAPTER TYPE
===========================
Attempting to auto-detect adapter type from the first 1 million sequences of the first file (>> Plate3BLANK3/host_removal/Plate3BLANK3_R1.fastq.gz <<)

Found perfect matches for the following adapter sequences:
Adapter type	Count	Sequence	Sequences analysed	Percentage
Illumina	31958	AGATCGGAAGAGC	111635	28.63
Nextera	0	CTGTCTCTTATA	111635	0.00
smallRNA	0	TGGAATTCTCGG	111635	0.00
Using Illumina adapter for trimming (count: 31958). Second best hit was Nextera (count: 0)

Writing report to '/workspace/home/nasirja/covid-19-signal/subset_viral_7_results_dir/Plate3BLANK3/adapter_trimmed/Plate3BLANK3_R1.fastq.gz_trimming_report.txt'

SUMMARISING RUN PARAMETERS
==========================
Input filename: Plate3BLANK3/host_removal/Plate3BLANK3_R1.fastq.gz
Trimming mode: paired-end
Trim Galore version: 0.6.4_dev
Cutadapt version: 4.1
Python version: could not detect
Number of cores used for trimming: 2
Quality Phred score cutoff: 20
Quality encoding type selected: ASCII+33
Adapter sequence: 'AGATCGGAAGAGC' (Illumina TruSeq, Sanger iPCR; auto-detected)
Maximum trimming error rate: 0.1 (default)
Minimum required adapter overlap (stringency): 1 bp
Minimum required sequence length for both reads before a sequence pair gets removed: 20 bp
Running FastQC on the data once trimming has completed
Output file(s) will be GZIP compressed

Cutadapt seems to be fairly up-to-date (version 4.1). Setting -j 2
Writing final adapter and quality trimmed output to Plate3BLANK3_R1_trimmed.fq.gz


  >>> Now performing quality (cutoff '-q 20') and adapter trimming in a single pass for the adapter sequence: 'AGATCGGAAGAGC' from file Plate3BLANK3/host_removal/Plate3BLANK3_R1.fastq.gz <<< 
This is cutadapt 4.1 with Python 3.9.13
Command line parameters: -j 2 -e 0.1 -q 20 -O 1 -a AGATCGGAAGAGC Plate3BLANK3/host_removal/Plate3BLANK3_R1.fastq.gz
Processing single-end reads on 2 cores ...
Finished in 1.61 s (14 µs/read; 4.15 M reads/minute).

=== Summary ===

Total reads processed:                 111,635
Reads with adapters:                    63,463 (56.8%)
Reads written (passing filters):       111,635 (100.0%)

Total basepairs processed:    28,020,385 bp
Quality-trimmed:               6,747,260 bp (24.1%)
Total written (filtered):     18,284,804 bp (65.3%)

=== Adapter 1 ===

Sequence: AGATCGGAAGAGC; Type: regular 3'; Length: 13; Trimmed: 63463 times

Minimum overlap: 1
No. of allowed errors:
1-9 bp: 0; 10-13 bp: 1

Bases preceding removed adapters:
  A: 15.1%
  C: 31.2%
  G: 23.2%
  T: 30.2%
  none/other: 0.4%

Overview of removed sequences
length	count	expect	max.err	error counts
1	19667	27908.8	0	19667
2	3969	6977.2	0	3969
3	1710	1744.3	0	1710
4	420	436.1	0	420
5	128	109.0	0	128
6	74	27.3	0	74
7	75	6.8	0	75
8	45	1.7	0	45
9	137	0.4	0	135 2
10	110	0.1	1	67 43
11	118	0.0	1	59 59
12	103	0.0	1	52 51
13	79	0.0	1	28 51
14	74	0.0	1	40 34
15	89	0.0	1	38 51
16	95	0.0	1	55 40
17	116	0.0	1	65 51
18	96	0.0	1	58 38
19	47	0.0	1	29 18
20	67	0.0	1	41 26
21	41	0.0	1	19 22
22	62	0.0	1	32 30
23	54	0.0	1	32 22
24	126	0.0	1	76 50
25	223	0.0	1	122 101
26	124	0.0	1	55 69
27	244	0.0	1	113 131
28	240	0.0	1	114 126
29	227	0.0	1	128 99
30	110	0.0	1	63 47
31	112	0.0	1	68 44
32	164	0.0	1	91 73
33	140	0.0	1	69 71
34	225	0.0	1	119 106
35	173	0.0	1	103 70
36	315	0.0	1	178 137
37	151	0.0	1	99 52
38	228	0.0	1	145 83
39	386	0.0	1	254 132
40	326	0.0	1	209 117
41	289	0.0	1	192 97
42	343	0.0	1	235 108
43	514	0.0	1	337 177
44	137	0.0	1	81 56
45	151	0.0	1	92 59
46	141	0.0	1	73 68
47	377	0.0	1	217 160
48	176	0.0	1	111 65
49	207	0.0	1	129 78
50	233	0.0	1	165 68
51	230	0.0	1	151 79
52	264	0.0	1	180 84
53	333	0.0	1	229 104
54	633	0.0	1	417 216
55	311	0.0	1	227 84
56	235	0.0	1	169 66
57	257	0.0	1	199 58
58	155	0.0	1	125 30
59	119	0.0	1	102 17
60	192	0.0	1	156 36
61	122	0.0	1	89 33
62	193	0.0	1	151 42
63	240	0.0	1	198 42
64	172	0.0	1	139 33
65	212	0.0	1	152 60
66	386	0.0	1	301 85
67	258	0.0	1	161 97
68	368	0.0	1	254 114
69	486	0.0	1	353 133
70	346	0.0	1	288 58
71	470	0.0	1	401 69
72	719	0.0	1	599 120
73	1090	0.0	1	887 203
74	1392	0.0	1	1195 197
75	1859	0.0	1	1637 222
76	3405	0.0	1	3187 218
77	2443	0.0	1	2362 81
78	1431	0.0	1	1375 56
79	859	0.0	1	819 40
80	592	0.0	1	577 15
81	462	0.0	1	435 27
82	328	0.0	1	316 12
83	287	0.0	1	271 16
84	220	0.0	1	202 18
85	213	0.0	1	198 15
86	307	0.0	1	262 45
87	315	0.0	1	270 45
88	235	0.0	1	202 33
89	241	0.0	1	211 30
90	131	0.0	1	122 9
91	128	0.0	1	116 12
92	107	0.0	1	98 9
93	213	0.0	1	180 33
94	234	0.0	1	183 51
95	181	0.0	1	141 40
96	196	0.0	1	151 45
97	84	0.0	1	71 13
98	59	0.0	1	52 7
99	64	0.0	1	59 5
100	69	0.0	1	61 8
101	71	0.0	1	63 8
102	49	0.0	1	46 3
103	39	0.0	1	36 3
104	50	0.0	1	47 3
105	68	0.0	1	61 7
106	109	0.0	1	89 20
107	188	0.0	1	166 22
108	139	0.0	1	115 24
109	146	0.0	1	127 19
110	66	0.0	1	58 8
111	46	0.0	1	42 4
112	58	0.0	1	52 6
113	136	0.0	1	118 18
114	196	0.0	1	167 29
115	136	0.0	1	114 22
116	136	0.0	1	126 10
117	63	0.0	1	54 9
118	38	0.0	1	34 4
119	31	0.0	1	28 3
120	40	0.0	1	36 4
121	31	0.0	1	27 4
122	35	0.0	1	33 2
123	26	0.0	1	19 7
124	33	0.0	1	32 1
125	35	0.0	1	32 3
126	80	0.0	1	74 6
127	149	0.0	1	140 9
128	97	0.0	1	79 18
129	116	0.0	1	101 15
130	42	0.0	1	39 3
131	36	0.0	1	33 3
132	35	0.0	1	30 5
133	66	0.0	1	62 4
134	133	0.0	1	127 6
135	67	0.0	1	62 5
136	118	0.0	1	106 12
137	49	0.0	1	46 3
138	27	0.0	1	24 3
139	26	0.0	1	26
140	26	0.0	1	22 4
141	16	0.0	1	14 2
142	23	0.0	1	21 2
143	9	0.0	1	9
144	15	0.0	1	15
145	26	0.0	1	25 1
146	34	0.0	1	30 4
147	137	0.0	1	135 2
148	53	0.0	1	50 3
149	97	0.0	1	90 7
150	22	0.0	1	21 1
151	24	0.0	1	22 2
152	21	0.0	1	17 4
153	25	0.0	1	23 2
154	123	0.0	1	115 8
155	45	0.0	1	41 4
156	115	0.0	1	109 6
157	18	0.0	1	18
158	24	0.0	1	24
159	22	0.0	1	21 1
160	30	0.0	1	30
161	17	0.0	1	17
162	15	0.0	1	15
163	16	0.0	1	16
164	17	0.0	1	15 2
165	21	0.0	1	20 1
166	28	0.0	1	28
167	81	0.0	1	80 1
168	46	0.0	1	46
169	48	0.0	1	44 4
170	45	0.0	1	43 2
171	18	0.0	1	17 1
172	34	0.0	1	33 1
173	21	0.0	1	20 1
174	34	0.0	1	34
175	31	0.0	1	28 3
176	39	0.0	1	36 3
177	15	0.0	1	15
178	12	0.0	1	11 1
179	17	0.0	1	17
180	16	0.0	1	15 1
181	12	0.0	1	10 2
182	35	0.0	1	33 2
183	16	0.0	1	16
184	47	0.0	1	45 2
185	19	0.0	1	18 1
186	27	0.0	1	27
187	35	0.0	1	34 1
188	47	0.0	1	45 2
189	100	0.0	1	95 5
190	90	0.0	1	88 2
191	72	0.0	1	69 3
192	39	0.0	1	38 1
193	34	0.0	1	34
194	29	0.0	1	27 2
195	33	0.0	1	32 1
196	22	0.0	1	22
197	43	0.0	1	42 1
198	54	0.0	1	51 3
199	46	0.0	1	43 3
200	48	0.0	1	47 1
201	25	0.0	1	24 1
202	58	0.0	1	55 3
203	64	0.0	1	62 2
204	35	0.0	1	33 2
205	48	0.0	1	48
206	80	0.0	1	78 2
207	60	0.0	1	60
208	75	0.0	1	71 4
209	63	0.0	1	62 1
210	58	0.0	1	57 1
211	30	0.0	1	29 1
212	23	0.0	1	23
213	18	0.0	1	18
214	22	0.0	1	21 1
215	53	0.0	1	53
216	9	0.0	1	7 2
217	33	0.0	1	30 3
218	5	0.0	1	5
219	2	0.0	1	2
220	4	0.0	1	3 1
221	2	0.0	1	1 1
222	1	0.0	1	1
223	1	0.0	1	1
234	1	0.0	1	0 1
246	1	0.0	1	0 1
250	3	0.0	1	0 3
251	55	0.0	1	0 55

RUN STATISTICS FOR INPUT FILE: Plate3BLANK3/host_removal/Plate3BLANK3_R1.fastq.gz
=============================================
111635 sequences processed in total
The length threshold of paired-end sequences gets evaluated later on (in the validation step)

Writing report to '/workspace/home/nasirja/covid-19-signal/subset_viral_7_results_dir/Plate3BLANK3/adapter_trimmed/Plate3BLANK3_R2.fastq.gz_trimming_report.txt'

SUMMARISING RUN PARAMETERS
==========================
Input filename: Plate3BLANK3/host_removal/Plate3BLANK3_R2.fastq.gz
Trimming mode: paired-end
Trim Galore version: 0.6.4_dev
Cutadapt version: 4.1
Python version: could not detect
Number of cores used for trimming: 2
Quality Phred score cutoff: 20
Quality encoding type selected: ASCII+33
Adapter sequence: 'AGATCGGAAGAGC' (Illumina TruSeq, Sanger iPCR; auto-detected)
Maximum trimming error rate: 0.1 (default)
Minimum required adapter overlap (stringency): 1 bp
Minimum required sequence length for both reads before a sequence pair gets removed: 20 bp
Running FastQC on the data once trimming has completed
Output file(s) will be GZIP compressed

Cutadapt seems to be fairly up-to-date (version 4.1). Setting -j -j 2
Writing final adapter and quality trimmed output to Plate3BLANK3_R2_trimmed.fq.gz


  >>> Now performing quality (cutoff '-q 20') and adapter trimming in a single pass for the adapter sequence: 'AGATCGGAAGAGC' from file Plate3BLANK3/host_removal/Plate3BLANK3_R2.fastq.gz <<< 
This is cutadapt 4.1 with Python 3.9.13
Command line parameters: -j 2 -e 0.1 -q 20 -O 1 -a AGATCGGAAGAGC Plate3BLANK3/host_removal/Plate3BLANK3_R2.fastq.gz
Processing single-end reads on 2 cores ...
Finished in 1.52 s (14 µs/read; 4.40 M reads/minute).

=== Summary ===

Total reads processed:                 111,635
Reads with adapters:                    51,974 (46.6%)
Reads written (passing filters):       111,635 (100.0%)

Total basepairs processed:    28,020,385 bp
Quality-trimmed:              13,330,267 bp (47.6%)
Total written (filtered):     13,311,559 bp (47.5%)

=== Adapter 1 ===

Sequence: AGATCGGAAGAGC; Type: regular 3'; Length: 13; Trimmed: 51974 times

Minimum overlap: 1
No. of allowed errors:
1-9 bp: 0; 10-13 bp: 1

Bases preceding removed adapters:
  A: 18.0%
  C: 35.2%
  G: 28.1%
  T: 18.2%
  none/other: 0.6%

Overview of removed sequences
length	count	expect	max.err	error counts
1	21910	27908.8	0	21910
2	9381	6977.2	0	9381
3	2262	1744.3	0	2262
4	315	436.1	0	315
5	52	109.0	0	52
6	31	27.3	0	31
7	48	6.8	0	48
8	20	1.7	0	20
9	52	0.4	0	50 2
10	100	0.1	1	49 51
11	73	0.0	1	34 39
12	100	0.0	1	54 46
13	49	0.0	1	24 25
14	91	0.0	1	48 43
15	46	0.0	1	24 22
16	50	0.0	1	22 28
17	72	0.0	1	31 41
18	21	0.0	1	10 11
19	34	0.0	1	10 24
20	24	0.0	1	14 10
21	16	0.0	1	7 9
22	44	0.0	1	17 27
23	53	0.0	1	24 29
24	202	0.0	1	101 101
25	76	0.0	1	30 46
26	117	0.0	1	79 38
27	115	0.0	1	72 43
28	175	0.0	1	112 63
29	132	0.0	1	73 59
30	202	0.0	1	133 69
31	90	0.0	1	57 33
32	211	0.0	1	141 70
33	114	0.0	1	73 41
34	320	0.0	1	212 108
35	111	0.0	1	67 44
36	164	0.0	1	119 45
37	213	0.0	1	154 59
38	407	0.0	1	311 96
39	223	0.0	1	174 49
40	272	0.0	1	218 54
41	256	0.0	1	192 64
42	547	0.0	1	467 80
43	749	0.0	1	677 72
44	727	0.0	1	653 74
45	595	0.0	1	535 60
46	331	0.0	1	305 26
47	333	0.0	1	302 31
48	193	0.0	1	182 11
49	121	0.0	1	110 11
50	103	0.0	1	94 9
51	135	0.0	1	126 9
52	97	0.0	1	89 8
53	127	0.0	1	117 10
54	154	0.0	1	146 8
55	86	0.0	1	76 10
56	167	0.0	1	155 12
57	368	0.0	1	350 18
58	148	0.0	1	135 13
59	55	0.0	1	53 2
60	113	0.0	1	108 5
61	47	0.0	1	44 3
62	32	0.0	1	31 1
63	47	0.0	1	41 6
64	25	0.0	1	18 7
65	17	0.0	1	15 2
66	14	0.0	1	11 3
67	10	0.0	1	6 4
68	16	0.0	1	12 4
69	12	0.0	1	10 2
70	15	0.0	1	10 5
71	6	0.0	1	3 3
72	15	0.0	1	6 9
73	20	0.0	1	6 14
74	32	0.0	1	22 10
75	31	0.0	1	23 8
76	49	0.0	1	43 6
77	78	0.0	1	70 8
78	123	0.0	1	109 14
79	265	0.0	1	254 11
80	465	0.0	1	442 23
81	566	0.0	1	539 27
82	635	0.0	1	599 36
83	575	0.0	1	556 19
84	493	0.0	1	469 24
85	332	0.0	1	316 16
86	302	0.0	1	280 22
87	209	0.0	1	194 15
88	143	0.0	1	122 21
89	142	0.0	1	124 18
90	88	0.0	1	81 7
91	90	0.0	1	76 14
92	76	0.0	1	70 6
93	94	0.0	1	72 22
94	97	0.0	1	61 36
95	68	0.0	1	50 18
96	46	0.0	1	34 12
97	50	0.0	1	42 8
98	24	0.0	1	20 4
99	29	0.0	1	26 3
100	30	0.0	1	26 4
101	26	0.0	1	23 3
102	37	0.0	1	35 2
103	15	0.0	1	14 1
104	23	0.0	1	17 6
105	32	0.0	1	25 7
106	49	0.0	1	27 22
107	65	0.0	1	39 26
108	32	0.0	1	16 16
109	56	0.0	1	34 22
110	15	0.0	1	11 4
111	20	0.0	1	19 1
112	14	0.0	1	12 2
113	48	0.0	1	32 16
114	69	0.0	1	48 21
115	34	0.0	1	24 10
116	40	0.0	1	25 15
117	16	0.0	1	10 6
118	8	0.0	1	5 3
119	22	0.0	1	18 4
120	24	0.0	1	15 9
121	9	0.0	1	7 2
122	13	0.0	1	11 2
123	15	0.0	1	12 3
124	13	0.0	1	10 3
125	14	0.0	1	10 4
126	26	0.0	1	21 5
127	75	0.0	1	50 25
128	36	0.0	1	27 9
129	62	0.0	1	46 16
130	17	0.0	1	12 5
131	15	0.0	1	11 4
132	16	0.0	1	13 3
133	31	0.0	1	23 8
134	78	0.0	1	58 20
135	39	0.0	1	29 10
136	72	0.0	1	51 21
137	17	0.0	1	11 6
138	8	0.0	1	6 2
139	6	0.0	1	6
140	9	0.0	1	7 2
141	7	0.0	1	5 2
142	4	0.0	1	2 2
143	5	0.0	1	3 2
144	6	0.0	1	6
145	10	0.0	1	8 2
146	10	0.0	1	10
147	101	0.0	1	83 18
148	20	0.0	1	18 2
149	65	0.0	1	59 6
150	11	0.0	1	11
151	4	0.0	1	4
152	13	0.0	1	11 2
153	17	0.0	1	13 4
154	80	0.0	1	69 11
155	21	0.0	1	17 4
156	74	0.0	1	64 10
157	9	0.0	1	8 1
158	16	0.0	1	12 4
159	8	0.0	1	7 1
160	18	0.0	1	18
161	4	0.0	1	4
162	8	0.0	1	4 4
163	8	0.0	1	8
164	12	0.0	1	11 1
165	18	0.0	1	18
166	13	0.0	1	12 1
167	52	0.0	1	48 4
168	20	0.0	1	17 3
169	32	0.0	1	29 3
170	21	0.0	1	20 1
171	7	0.0	1	4 3
172	8	0.0	1	7 1
173	10	0.0	1	10
174	27	0.0	1	24 3
175	23	0.0	1	22 1
176	28	0.0	1	28
177	11	0.0	1	11
178	8	0.0	1	8
179	14	0.0	1	14
180	8	0.0	1	8
181	3	0.0	1	3
182	27	0.0	1	25 2
183	8	0.0	1	8
184	25	0.0	1	24 1
185	14	0.0	1	12 2
186	16	0.0	1	15 1
187	29	0.0	1	28 1
188	41	0.0	1	39 2
189	60	0.0	1	58 2
190	50	0.0	1	48 2
191	49	0.0	1	49
192	31	0.0	1	30 1
193	26	0.0	1	25 1
194	13	0.0	1	13
195	27	0.0	1	25 2
196	16	0.0	1	15 1
197	30	0.0	1	29 1
198	34	0.0	1	33 1
199	25	0.0	1	23 2
200	18	0.0	1	18
201	21	0.0	1	21
202	22	0.0	1	22
203	47	0.0	1	45 2
204	20	0.0	1	20
205	33	0.0	1	33
206	39	0.0	1	39
207	41	0.0	1	41
208	57	0.0	1	54 3
209	43	0.0	1	43
210	48	0.0	1	47 1
211	24	0.0	1	23 1
212	9	0.0	1	9
213	9	0.0	1	9
214	10	0.0	1	9 1
215	50	0.0	1	46 4
216	7	0.0	1	6 1
217	22	0.0	1	17 5
218	3	0.0	1	3
219	2	0.0	1	2
220	1	0.0	1	1
221	2	0.0	1	2
222	3	0.0	1	3
225	1	0.0	1	1
227	2	0.0	1	2
234	1	0.0	1	1
236	1	0.0	1	1
239	2	0.0	1	2
249	1	0.0	1	0 1
250	4	0.0	1	0 4
251	59	0.0	1	0 59

RUN STATISTICS FOR INPUT FILE: Plate3BLANK3/host_removal/Plate3BLANK3_R2.fastq.gz
=============================================
111635 sequences processed in total
The length threshold of paired-end sequences gets evaluated later on (in the validation step)

Validate paired-end files Plate3BLANK3_R1_trimmed.fq.gz and Plate3BLANK3_R2_trimmed.fq.gz
file_1: Plate3BLANK3_R1_trimmed.fq.gz, file_2: Plate3BLANK3_R2_trimmed.fq.gz


>>>>> Now validing the length of the 2 paired-end infiles: Plate3BLANK3_R1_trimmed.fq.gz and Plate3BLANK3_R2_trimmed.fq.gz <<<<<
Writing validated paired-end Read 1 reads to Plate3BLANK3_R1_val_1.fq.gz
Writing validated paired-end Read 2 reads to Plate3BLANK3_R2_val_2.fq.gz

Total number of sequences analysed: 111635

Number of sequence pairs removed because at least one read was shorter than the length cutoff (20 bp): 593 (0.53%)


  >>> Now running FastQC on the validated data Plate3BLANK3_R1_val_1.fq.gz<<<

Started analysis of Plate3BLANK3_R1_val_1.fq.gz
Approx 5% complete for Plate3BLANK3_R1_val_1.fq.gz
Approx 10% complete for Plate3BLANK3_R1_val_1.fq.gz
Approx 15% complete for Plate3BLANK3_R1_val_1.fq.gz
Approx 20% complete for Plate3BLANK3_R1_val_1.fq.gz
Approx 25% complete for Plate3BLANK3_R1_val_1.fq.gz
Approx 30% complete for Plate3BLANK3_R1_val_1.fq.gz
Approx 35% complete for Plate3BLANK3_R1_val_1.fq.gz
Approx 40% complete for Plate3BLANK3_R1_val_1.fq.gz
Approx 45% complete for Plate3BLANK3_R1_val_1.fq.gz
Approx 50% complete for Plate3BLANK3_R1_val_1.fq.gz
Approx 55% complete for Plate3BLANK3_R1_val_1.fq.gz
Approx 60% complete for Plate3BLANK3_R1_val_1.fq.gz
Approx 65% complete for Plate3BLANK3_R1_val_1.fq.gz
Approx 70% complete for Plate3BLANK3_R1_val_1.fq.gz
Approx 75% complete for Plate3BLANK3_R1_val_1.fq.gz
Approx 80% complete for Plate3BLANK3_R1_val_1.fq.gz
Approx 85% complete for Plate3BLANK3_R1_val_1.fq.gz
Approx 90% complete for Plate3BLANK3_R1_val_1.fq.gz
Approx 95% complete for Plate3BLANK3_R1_val_1.fq.gz

  >>> Now running FastQC on the validated data Plate3BLANK3_R2_val_2.fq.gz<<<

Started analysis of Plate3BLANK3_R2_val_2.fq.gz
Approx 5% complete for Plate3BLANK3_R2_val_2.fq.gz
Approx 10% complete for Plate3BLANK3_R2_val_2.fq.gz
Approx 15% complete for Plate3BLANK3_R2_val_2.fq.gz
Approx 20% complete for Plate3BLANK3_R2_val_2.fq.gz
Approx 25% complete for Plate3BLANK3_R2_val_2.fq.gz
Approx 30% complete for Plate3BLANK3_R2_val_2.fq.gz
Approx 35% complete for Plate3BLANK3_R2_val_2.fq.gz
Approx 40% complete for Plate3BLANK3_R2_val_2.fq.gz
Approx 45% complete for Plate3BLANK3_R2_val_2.fq.gz
Approx 50% complete for Plate3BLANK3_R2_val_2.fq.gz
Approx 55% complete for Plate3BLANK3_R2_val_2.fq.gz
Approx 60% complete for Plate3BLANK3_R2_val_2.fq.gz
Approx 65% complete for Plate3BLANK3_R2_val_2.fq.gz
Approx 70% complete for Plate3BLANK3_R2_val_2.fq.gz
Approx 75% complete for Plate3BLANK3_R2_val_2.fq.gz
Approx 80% complete for Plate3BLANK3_R2_val_2.fq.gz
Approx 85% complete for Plate3BLANK3_R2_val_2.fq.gz
Approx 90% complete for Plate3BLANK3_R2_val_2.fq.gz
Approx 95% complete for Plate3BLANK3_R2_val_2.fq.gz
Deleting both intermediate output files Plate3BLANK3_R1_trimmed.fq.gz and Plate3BLANK3_R2_trimmed.fq.gz

====================================================================================================

