Path to Cutadapt set as: 'cutadapt' (default)
Cutadapt seems to be working fine (tested command 'cutadapt --version')
Cutadapt version: 4.1
Could not detect version of Python used by Cutadapt from the first line of Cutadapt (but found this: >>>#!/bin/sh<<<)
Letting the (modified) Cutadapt deal with the Python version instead
Parallel gzip (pigz) detected. Proceeding with multicore (de)compression using 2 cores

No quality encoding type selected. Assuming that the data provided uses Sanger encoded Phred scores (default)

Output will be written into the directory: /workspace/home/nasirja/covid-19-signal/subset_viral_7_results_dir/SC2228/adapter_trimmed/


AUTO-DETECTING ADAPTER TYPE
===========================
Attempting to auto-detect adapter type from the first 1 million sequences of the first file (>> SC2228/host_removal/SC2228_R1.fastq.gz <<)

Found perfect matches for the following adapter sequences:
Adapter type	Count	Sequence	Sequences analysed	Percentage
Illumina	17856	AGATCGGAAGAGC	831538	2.15
Nextera	0	CTGTCTCTTATA	831538	0.00
smallRNA	0	TGGAATTCTCGG	831538	0.00
Using Illumina adapter for trimming (count: 17856). Second best hit was Nextera (count: 0)

Writing report to '/workspace/home/nasirja/covid-19-signal/subset_viral_7_results_dir/SC2228/adapter_trimmed/SC2228_R1.fastq.gz_trimming_report.txt'

SUMMARISING RUN PARAMETERS
==========================
Input filename: SC2228/host_removal/SC2228_R1.fastq.gz
Trimming mode: paired-end
Trim Galore version: 0.6.4_dev
Cutadapt version: 4.1
Python version: could not detect
Number of cores used for trimming: 2
Quality Phred score cutoff: 20
Quality encoding type selected: ASCII+33
Adapter sequence: 'AGATCGGAAGAGC' (Illumina TruSeq, Sanger iPCR; auto-detected)
Maximum trimming error rate: 0.1 (default)
Minimum required adapter overlap (stringency): 1 bp
Minimum required sequence length for both reads before a sequence pair gets removed: 20 bp
Running FastQC on the data once trimming has completed
Output file(s) will be GZIP compressed

Cutadapt seems to be fairly up-to-date (version 4.1). Setting -j 2
Writing final adapter and quality trimmed output to SC2228_R1_trimmed.fq.gz


  >>> Now performing quality (cutoff '-q 20') and adapter trimming in a single pass for the adapter sequence: 'AGATCGGAAGAGC' from file SC2228/host_removal/SC2228_R1.fastq.gz <<< 
This is cutadapt 4.1 with Python 3.9.13
Command line parameters: -j 2 -e 0.1 -q 20 -O 1 -a AGATCGGAAGAGC SC2228/host_removal/SC2228_R1.fastq.gz
Processing single-end reads on 2 cores ...
Finished in 31.30 s (38 µs/read; 1.59 M reads/minute).

=== Summary ===

Total reads processed:                 831,538
Reads with adapters:                   289,464 (34.8%)
Reads written (passing filters):       831,538 (100.0%)

Total basepairs processed:   208,716,038 bp
Quality-trimmed:               1,908,755 bp (0.9%)
Total written (filtered):    204,738,685 bp (98.1%)

=== Adapter 1 ===

Sequence: AGATCGGAAGAGC; Type: regular 3'; Length: 13; Trimmed: 289464 times

Minimum overlap: 1
No. of allowed errors:
1-9 bp: 0; 10-13 bp: 1

Bases preceding removed adapters:
  A: 36.3%
  C: 18.2%
  G: 11.7%
  T: 32.9%
  none/other: 0.8%

Overview of removed sequences
length	count	expect	max.err	error counts
1	188024	207884.5	0	188024
2	65899	51971.1	0	65899
3	6538	12992.8	0	6538
4	2348	3248.2	0	2348
5	127	812.0	0	127
6	175	203.0	0	175
7	4598	50.8	0	4598
8	144	12.7	0	144
9	213	3.2	0	213
10	186	0.8	1	178 8
11	90	0.2	1	85 5
12	161	0.0	1	157 4
13	82	0.0	1	75 7
14	78	0.0	1	68 10
15	85	0.0	1	77 8
16	55	0.0	1	52 3
17	56	0.0	1	50 6
18	71	0.0	1	65 6
19	33	0.0	1	30 3
20	73	0.0	1	69 4
21	48	0.0	1	43 5
22	73	0.0	1	68 5
23	128	0.0	1	115 13
24	1705	0.0	1	1654 51
25	318	0.0	1	303 15
26	82	0.0	1	70 12
27	102	0.0	1	93 9
28	118	0.0	1	105 13
29	59	0.0	1	48 11
30	67	0.0	1	60 7
31	76	0.0	1	69 7
32	80	0.0	1	71 9
33	35	0.0	1	25 10
34	75	0.0	1	63 12
35	62	0.0	1	51 11
36	140	0.0	1	124 16
37	669	0.0	1	649 20
38	173	0.0	1	151 22
39	86	0.0	1	73 13
40	60	0.0	1	51 9
41	156	0.0	1	133 23
42	138	0.0	1	119 19
43	344	0.0	1	324 20
44	74	0.0	1	68 6
45	52	0.0	1	51 1
46	30	0.0	1	23 7
47	76	0.0	1	62 14
48	37	0.0	1	30 7
49	64	0.0	1	59 5
50	55	0.0	1	44 11
51	76	0.0	1	64 12
52	48	0.0	1	40 8
53	76	0.0	1	58 18
54	111	0.0	1	82 29
55	75	0.0	1	64 11
56	39	0.0	1	33 6
57	74	0.0	1	69 5
58	33	0.0	1	30 3
59	72	0.0	1	66 6
60	53	0.0	1	49 4
61	35	0.0	1	34 1
62	42	0.0	1	36 6
63	66	0.0	1	60 6
64	28	0.0	1	21 7
65	58	0.0	1	48 10
66	52	0.0	1	48 4
67	42	0.0	1	36 6
68	59	0.0	1	53 6
69	90	0.0	1	81 9
70	77	0.0	1	70 7
71	104	0.0	1	91 13
72	196	0.0	1	175 21
73	290	0.0	1	240 50
74	433	0.0	1	354 79
75	882	0.0	1	708 174
76	2122	0.0	1	1913 209
77	1816	0.0	1	1631 185
78	991	0.0	1	869 122
79	627	0.0	1	523 104
80	379	0.0	1	315 64
81	308	0.0	1	258 50
82	202	0.0	1	173 29
83	195	0.0	1	163 32
84	141	0.0	1	114 27
85	133	0.0	1	104 29
86	114	0.0	1	86 28
87	122	0.0	1	97 25
88	103	0.0	1	77 26
89	114	0.0	1	89 25
90	66	0.0	1	54 12
91	73	0.0	1	60 13
92	63	0.0	1	52 11
93	109	0.0	1	88 21
94	509	0.0	1	493 16
95	129	0.0	1	106 23
96	113	0.0	1	98 15
97	58	0.0	1	51 7
98	47	0.0	1	37 10
99	30	0.0	1	27 3
100	28	0.0	1	20 8
101	35	0.0	1	28 7
102	35	0.0	1	27 8
103	32	0.0	1	26 6
104	28	0.0	1	17 11
105	74	0.0	1	64 10
106	21	0.0	1	14 7
107	31	0.0	1	24 7
108	35	0.0	1	26 9
109	32	0.0	1	24 8
110	26	0.0	1	18 8
111	43	0.0	1	35 8
112	25	0.0	1	21 4
113	47	0.0	1	41 6
114	39	0.0	1	34 5
115	24	0.0	1	16 8
116	34	0.0	1	25 9
117	40	0.0	1	29 11
118	27	0.0	1	15 12
119	15	0.0	1	12 3
120	10	0.0	1	6 4
121	23	0.0	1	16 7
122	23	0.0	1	14 9
123	28	0.0	1	23 5
124	27	0.0	1	19 8
125	20	0.0	1	14 6
126	19	0.0	1	14 5
127	64	0.0	1	49 15
128	22	0.0	1	12 10
129	25	0.0	1	16 9
130	22	0.0	1	11 11
131	17	0.0	1	15 2
132	12	0.0	1	4 8
133	33	0.0	1	27 6
134	23	0.0	1	16 7
135	18	0.0	1	10 8
136	19	0.0	1	14 5
137	24	0.0	1	14 10
138	13	0.0	1	8 5
139	16	0.0	1	8 8
140	14	0.0	1	6 8
141	37	0.0	1	30 7
142	12	0.0	1	7 5
143	14	0.0	1	6 8
144	13	0.0	1	3 10
145	15	0.0	1	9 6
146	27	0.0	1	15 12
147	34	0.0	1	27 7
148	19	0.0	1	11 8
149	23	0.0	1	21 2
150	9	0.0	1	7 2
151	28	0.0	1	18 10
152	9	0.0	1	6 3
153	45	0.0	1	33 12
154	45	0.0	1	37 8
155	33	0.0	1	26 7
156	75	0.0	1	68 7
157	45	0.0	1	34 11
158	36	0.0	1	27 9
159	51	0.0	1	45 6
160	76	0.0	1	67 9
161	38	0.0	1	30 8
162	41	0.0	1	31 10
163	29	0.0	1	19 10
164	46	0.0	1	37 9
165	31	0.0	1	24 7
166	41	0.0	1	37 4
167	40	0.0	1	37 3
168	50	0.0	1	45 5
169	30	0.0	1	28 2
170	14	0.0	1	10 4
171	17	0.0	1	9 8
172	52	0.0	1	46 6
173	33	0.0	1	27 6
174	28	0.0	1	20 8
175	42	0.0	1	36 6
176	31	0.0	1	25 6
177	20	0.0	1	15 5
178	13	0.0	1	10 3
179	20	0.0	1	14 6
180	20	0.0	1	19 1
181	45	0.0	1	40 5
182	6	0.0	1	1 5
183	11	0.0	1	7 4
184	11	0.0	1	6 5
185	62	0.0	1	58 4
186	12	0.0	1	7 5
187	20	0.0	1	12 8
188	11	0.0	1	9 2
189	12	0.0	1	8 4
190	17	0.0	1	14 3
191	13	0.0	1	10 3
192	24	0.0	1	20 4
193	14	0.0	1	12 2
194	7	0.0	1	4 3
195	11	0.0	1	10 1
196	3	0.0	1	3
197	4	0.0	1	2 2
198	9	0.0	1	4 5
199	7	0.0	1	4 3
200	8	0.0	1	4 4
201	4	0.0	1	3 1
202	5	0.0	1	3 2
203	13	0.0	1	13
204	3	0.0	1	3
205	9	0.0	1	9
206	16	0.0	1	11 5
207	7	0.0	1	5 2
208	17	0.0	1	14 3
209	16	0.0	1	11 5
210	17	0.0	1	16 1
211	13	0.0	1	11 2
212	10	0.0	1	10
213	14	0.0	1	12 2
214	10	0.0	1	9 1
215	13	0.0	1	12 1
216	4	0.0	1	1 3
217	7	0.0	1	6 1
218	4	0.0	1	1 3
219	3	0.0	1	1 2
220	2	0.0	1	2
221	5	0.0	1	2 3
222	1	0.0	1	1
223	2	0.0	1	0 2
224	5	0.0	1	4 1
225	4	0.0	1	2 2
227	4	0.0	1	1 3
228	3	0.0	1	2 1
229	4	0.0	1	1 3
230	2	0.0	1	1 1
231	5	0.0	1	3 2
232	1	0.0	1	0 1
233	3	0.0	1	1 2
235	3	0.0	1	2 1
236	1	0.0	1	1
237	1	0.0	1	0 1
238	1	0.0	1	0 1
239	3	0.0	1	0 3
240	2	0.0	1	1 1
241	2	0.0	1	0 2
243	4	0.0	1	0 4
244	2	0.0	1	0 2
245	4	0.0	1	1 3
246	3	0.0	1	0 3
247	3	0.0	1	0 3
248	7	0.0	1	1 6
249	17	0.0	1	0 17
250	23	0.0	1	0 23
251	537	0.0	1	0 537

RUN STATISTICS FOR INPUT FILE: SC2228/host_removal/SC2228_R1.fastq.gz
=============================================
831538 sequences processed in total
The length threshold of paired-end sequences gets evaluated later on (in the validation step)

Writing report to '/workspace/home/nasirja/covid-19-signal/subset_viral_7_results_dir/SC2228/adapter_trimmed/SC2228_R2.fastq.gz_trimming_report.txt'

SUMMARISING RUN PARAMETERS
==========================
Input filename: SC2228/host_removal/SC2228_R2.fastq.gz
Trimming mode: paired-end
Trim Galore version: 0.6.4_dev
Cutadapt version: 4.1
Python version: could not detect
Number of cores used for trimming: 2
Quality Phred score cutoff: 20
Quality encoding type selected: ASCII+33
Adapter sequence: 'AGATCGGAAGAGC' (Illumina TruSeq, Sanger iPCR; auto-detected)
Maximum trimming error rate: 0.1 (default)
Minimum required adapter overlap (stringency): 1 bp
Minimum required sequence length for both reads before a sequence pair gets removed: 20 bp
Running FastQC on the data once trimming has completed
Output file(s) will be GZIP compressed

Cutadapt seems to be fairly up-to-date (version 4.1). Setting -j -j 2
Writing final adapter and quality trimmed output to SC2228_R2_trimmed.fq.gz


  >>> Now performing quality (cutoff '-q 20') and adapter trimming in a single pass for the adapter sequence: 'AGATCGGAAGAGC' from file SC2228/host_removal/SC2228_R2.fastq.gz <<< 
This is cutadapt 4.1 with Python 3.9.13
Command line parameters: -j 2 -e 0.1 -q 20 -O 1 -a AGATCGGAAGAGC SC2228/host_removal/SC2228_R2.fastq.gz
Processing single-end reads on 2 cores ...
Finished in 32.25 s (39 µs/read; 1.55 M reads/minute).

=== Summary ===

Total reads processed:                 831,538
Reads with adapters:                   280,311 (33.7%)
Reads written (passing filters):       831,538 (100.0%)

Total basepairs processed:   208,716,038 bp
Quality-trimmed:               3,632,600 bp (1.7%)
Total written (filtered):    203,295,132 bp (97.4%)

=== Adapter 1 ===

Sequence: AGATCGGAAGAGC; Type: regular 3'; Length: 13; Trimmed: 280311 times

Minimum overlap: 1
No. of allowed errors:
1-9 bp: 0; 10-13 bp: 1

Bases preceding removed adapters:
  A: 39.7%
  C: 17.3%
  G: 11.1%
  T: 30.9%
  none/other: 1.0%

Overview of removed sequences
length	count	expect	max.err	error counts
1	187644	207884.5	0	187644
2	58006	51971.1	0	58006
3	7334	12992.8	0	7334
4	1945	3248.2	0	1945
5	115	812.0	0	115
6	143	203.0	0	143
7	4674	50.8	0	4674
8	97	12.7	0	97
9	177	3.2	0	177
10	245	0.8	1	223 22
11	48	0.2	1	45 3
12	183	0.0	1	175 8
13	28	0.0	1	24 4
14	140	0.0	1	134 6
15	43	0.0	1	40 3
16	38	0.0	1	37 1
17	77	0.0	1	73 4
18	18	0.0	1	15 3
19	75	0.0	1	71 4
20	59	0.0	1	58 1
21	17	0.0	1	12 5
22	56	0.0	1	54 2
23	120	0.0	1	110 10
24	1950	0.0	1	1878 72
25	36	0.0	1	34 2
26	146	0.0	1	138 8
27	110	0.0	1	104 6
28	115	0.0	1	105 10
29	30	0.0	1	20 10
30	125	0.0	1	119 6
31	26	0.0	1	22 4
32	68	0.0	1	62 6
33	36	0.0	1	34 2
34	97	0.0	1	87 10
35	80	0.0	1	69 11
36	656	0.0	1	626 30
37	293	0.0	1	279 14
38	142	0.0	1	133 9
39	94	0.0	1	84 10
40	142	0.0	1	131 11
41	246	0.0	1	231 15
42	254	0.0	1	225 29
43	514	0.0	1	492 22
44	369	0.0	1	339 30
45	401	0.0	1	383 18
46	362	0.0	1	346 16
47	284	0.0	1	271 13
48	219	0.0	1	207 12
49	134	0.0	1	131 3
50	91	0.0	1	85 6
51	105	0.0	1	100 5
52	83	0.0	1	74 9
53	129	0.0	1	118 11
54	288	0.0	1	279 9
55	86	0.0	1	81 5
56	198	0.0	1	177 21
57	474	0.0	1	459 15
58	253	0.0	1	242 11
59	65	0.0	1	64 1
60	148	0.0	1	147 1
61	64	0.0	1	57 7
62	34	0.0	1	30 4
63	94	0.0	1	91 3
64	48	0.0	1	46 2
65	16	0.0	1	15 1
66	18	0.0	1	18
67	9	0.0	1	9
68	13	0.0	1	12 1
69	14	0.0	1	14
70	21	0.0	1	21
71	6	0.0	1	4 2
72	27	0.0	1	25 2
73	39	0.0	1	37 2
74	41	0.0	1	38 3
75	80	0.0	1	71 9
76	89	0.0	1	76 13
77	169	0.0	1	142 27
78	315	0.0	1	247 68
79	615	0.0	1	448 167
80	1269	0.0	1	1025 244
81	1230	0.0	1	961 269
82	867	0.0	1	604 263
83	575	0.0	1	403 172
84	387	0.0	1	249 138
85	242	0.0	1	162 80
86	199	0.0	1	115 84
87	147	0.0	1	78 69
88	97	0.0	1	66 31
89	120	0.0	1	77 43
90	78	0.0	1	49 29
91	66	0.0	1	38 28
92	45	0.0	1	22 23
93	68	0.0	1	41 27
94	402	0.0	1	378 24
95	78	0.0	1	60 18
96	104	0.0	1	84 20
97	42	0.0	1	24 18
98	21	0.0	1	9 12
99	26	0.0	1	13 13
100	22	0.0	1	11 11
101	24	0.0	1	11 13
102	25	0.0	1	16 9
103	20	0.0	1	14 6
104	12	0.0	1	5 7
105	43	0.0	1	35 8
106	17	0.0	1	9 8
107	25	0.0	1	13 12
108	24	0.0	1	16 8
109	30	0.0	1	12 18
110	12	0.0	1	5 7
111	28	0.0	1	20 8
112	22	0.0	1	8 14
113	27	0.0	1	16 11
114	24	0.0	1	7 17
115	12	0.0	1	3 9
116	23	0.0	1	14 9
117	30	0.0	1	20 10
118	7	0.0	1	2 5
119	17	0.0	1	10 7
120	14	0.0	1	2 12
121	12	0.0	1	7 5
122	5	0.0	1	3 2
123	21	0.0	1	10 11
124	15	0.0	1	7 8
125	11	0.0	1	5 6
126	9	0.0	1	5 4
127	36	0.0	1	28 8
128	14	0.0	1	7 7
129	12	0.0	1	6 6
130	13	0.0	1	4 9
131	9	0.0	1	7 2
132	12	0.0	1	4 8
133	29	0.0	1	17 12
134	20	0.0	1	9 11
135	6	0.0	1	4 2
136	12	0.0	1	4 8
137	15	0.0	1	4 11
138	11	0.0	1	2 9
139	8	0.0	1	1 7
140	11	0.0	1	5 6
141	26	0.0	1	22 4
142	8	0.0	1	3 5
143	22	0.0	1	10 12
144	5	0.0	1	2 3
145	9	0.0	1	5 4
146	23	0.0	1	12 11
147	24	0.0	1	21 3
148	8	0.0	1	3 5
149	13	0.0	1	10 3
150	8	0.0	1	4 4
151	26	0.0	1	17 9
152	12	0.0	1	8 4
153	30	0.0	1	21 9
154	37	0.0	1	29 8
155	20	0.0	1	13 7
156	61	0.0	1	53 8
157	31	0.0	1	22 9
158	22	0.0	1	19 3
159	20	0.0	1	17 3
160	56	0.0	1	53 3
161	27	0.0	1	25 2
162	38	0.0	1	29 9
163	21	0.0	1	15 6
164	26	0.0	1	21 5
165	15	0.0	1	7 8
166	30	0.0	1	23 7
167	25	0.0	1	22 3
168	30	0.0	1	26 4
169	25	0.0	1	19 6
170	14	0.0	1	11 3
171	11	0.0	1	10 1
172	29	0.0	1	25 4
173	17	0.0	1	16 1
174	13	0.0	1	11 2
175	24	0.0	1	23 1
176	21	0.0	1	18 3
177	18	0.0	1	16 2
178	22	0.0	1	18 4
179	5	0.0	1	3 2
180	15	0.0	1	15
181	21	0.0	1	20 1
182	1	0.0	1	1
183	5	0.0	1	4 1
184	7	0.0	1	6 1
185	40	0.0	1	39 1
186	4	0.0	1	3 1
187	10	0.0	1	10
188	2	0.0	1	2
189	2	0.0	1	2
190	10	0.0	1	10
191	4	0.0	1	3 1
192	11	0.0	1	11
193	10	0.0	1	9 1
194	1	0.0	1	0 1
195	11	0.0	1	7 4
196	4	0.0	1	3 1
197	4	0.0	1	4
198	7	0.0	1	7
200	3	0.0	1	3
201	3	0.0	1	3
202	5	0.0	1	5
203	5	0.0	1	5
204	4	0.0	1	3 1
205	3	0.0	1	3
206	4	0.0	1	3 1
207	6	0.0	1	5 1
208	10	0.0	1	9 1
209	9	0.0	1	9
210	15	0.0	1	14 1
211	3	0.0	1	3
212	4	0.0	1	4
213	7	0.0	1	6 1
214	6	0.0	1	5 1
215	7	0.0	1	7
216	1	0.0	1	1
217	3	0.0	1	3
218	1	0.0	1	1
219	2	0.0	1	2
220	2	0.0	1	1 1
221	1	0.0	1	1
222	1	0.0	1	1
224	2	0.0	1	2
225	2	0.0	1	2
227	1	0.0	1	1
228	2	0.0	1	2
231	1	0.0	1	1
233	1	0.0	1	1
237	1	0.0	1	0 1
241	1	0.0	1	1
242	1	0.0	1	1
244	2	0.0	1	1 1
245	2	0.0	1	2
246	1	0.0	1	0 1
247	3	0.0	1	0 3
248	1	0.0	1	0 1
249	2	0.0	1	0 2
250	12	0.0	1	0 12
251	485	0.0	1	0 485

RUN STATISTICS FOR INPUT FILE: SC2228/host_removal/SC2228_R2.fastq.gz
=============================================
831538 sequences processed in total
The length threshold of paired-end sequences gets evaluated later on (in the validation step)

Validate paired-end files SC2228_R1_trimmed.fq.gz and SC2228_R2_trimmed.fq.gz
file_1: SC2228_R1_trimmed.fq.gz, file_2: SC2228_R2_trimmed.fq.gz


>>>>> Now validing the length of the 2 paired-end infiles: SC2228_R1_trimmed.fq.gz and SC2228_R2_trimmed.fq.gz <<<<<
Writing validated paired-end Read 1 reads to SC2228_R1_val_1.fq.gz
Writing validated paired-end Read 2 reads to SC2228_R2_val_2.fq.gz

Total number of sequences analysed: 831538

Number of sequence pairs removed because at least one read was shorter than the length cutoff (20 bp): 5224 (0.63%)


  >>> Now running FastQC on the validated data SC2228_R1_val_1.fq.gz<<<

Started analysis of SC2228_R1_val_1.fq.gz
Approx 5% complete for SC2228_R1_val_1.fq.gz
Approx 10% complete for SC2228_R1_val_1.fq.gz
Approx 15% complete for SC2228_R1_val_1.fq.gz
Approx 20% complete for SC2228_R1_val_1.fq.gz
Approx 25% complete for SC2228_R1_val_1.fq.gz
Approx 30% complete for SC2228_R1_val_1.fq.gz
Approx 35% complete for SC2228_R1_val_1.fq.gz
Approx 40% complete for SC2228_R1_val_1.fq.gz
Approx 45% complete for SC2228_R1_val_1.fq.gz
Approx 50% complete for SC2228_R1_val_1.fq.gz
Approx 55% complete for SC2228_R1_val_1.fq.gz
Approx 60% complete for SC2228_R1_val_1.fq.gz
Approx 65% complete for SC2228_R1_val_1.fq.gz
Approx 70% complete for SC2228_R1_val_1.fq.gz
Approx 75% complete for SC2228_R1_val_1.fq.gz
Approx 80% complete for SC2228_R1_val_1.fq.gz
Approx 85% complete for SC2228_R1_val_1.fq.gz
Approx 90% complete for SC2228_R1_val_1.fq.gz
Approx 95% complete for SC2228_R1_val_1.fq.gz

  >>> Now running FastQC on the validated data SC2228_R2_val_2.fq.gz<<<

Started analysis of SC2228_R2_val_2.fq.gz
Approx 5% complete for SC2228_R2_val_2.fq.gz
Approx 10% complete for SC2228_R2_val_2.fq.gz
Approx 15% complete for SC2228_R2_val_2.fq.gz
Approx 20% complete for SC2228_R2_val_2.fq.gz
Approx 25% complete for SC2228_R2_val_2.fq.gz
Approx 30% complete for SC2228_R2_val_2.fq.gz
Approx 35% complete for SC2228_R2_val_2.fq.gz
Approx 40% complete for SC2228_R2_val_2.fq.gz
Approx 45% complete for SC2228_R2_val_2.fq.gz
Approx 50% complete for SC2228_R2_val_2.fq.gz
Approx 55% complete for SC2228_R2_val_2.fq.gz
Approx 60% complete for SC2228_R2_val_2.fq.gz
Approx 65% complete for SC2228_R2_val_2.fq.gz
Approx 70% complete for SC2228_R2_val_2.fq.gz
Approx 75% complete for SC2228_R2_val_2.fq.gz
Approx 80% complete for SC2228_R2_val_2.fq.gz
Approx 85% complete for SC2228_R2_val_2.fq.gz
Approx 90% complete for SC2228_R2_val_2.fq.gz
Approx 95% complete for SC2228_R2_val_2.fq.gz
Deleting both intermediate output files SC2228_R1_trimmed.fq.gz and SC2228_R2_trimmed.fq.gz

====================================================================================================

