[M::bwa_idx_load_from_disk] read 0 ALT contigs
[M::process] read 81868 sequences (20000216 bp)...
[M::process] read 81890 sequences (20000373 bp)...
[M::mem_pestat] # candidate unique pairs for (FF, FR, RF, RR): (4, 39623, 53, 16)
[M::mem_pestat] skip orientation FF as there are not enough pairs
[M::mem_pestat] analyzing insert size distribution for orientation FR...
[M::mem_pestat] (25, 50, 75) percentile: (381, 386, 393)
[M::mem_pestat] low and high boundaries for computing mean and std.dev: (357, 417)
[M::mem_pestat] mean and std.dev: (388.59, 9.81)
[M::mem_pestat] low and high boundaries for proper pairs: (345, 429)
[M::mem_pestat] analyzing insert size distribution for orientation RF...
[M::mem_pestat] (25, 50, 75) percentile: (215, 825, 1444)
[M::mem_pestat] low and high boundaries for computing mean and std.dev: (1, 3902)
[M::mem_pestat] mean and std.dev: (880.31, 613.01)
[M::mem_pestat] low and high boundaries for proper pairs: (1, 5131)
[M::mem_pestat] analyzing insert size distribution for orientation RR...
[M::mem_pestat] (25, 50, 75) percentile: (2057, 2057, 5072)
[M::mem_pestat] low and high boundaries for computing mean and std.dev: (1, 11102)
[M::mem_pestat] mean and std.dev: (3099.56, 2096.90)
[M::mem_pestat] low and high boundaries for proper pairs: (1, 14117)
[M::mem_pestat] skip orientation RF
[M::mem_pestat] skip orientation RR
[M::mem_process_seqs] Processed 81868 reads in 5.824 CPU sec, 2.760 real sec
[M::mem_pestat] # candidate unique pairs for (FF, FR, RF, RR): (7, 39608, 53, 8)
[M::mem_pestat] skip orientation FF as there are not enough pairs
[M::mem_pestat] analyzing insert size distribution for orientation FR...
[M::mem_pestat] (25, 50, 75) percentile: (381, 386, 393)
[M::mem_pestat] low and high boundaries for computing mean and std.dev: (357, 417)
[M::mem_pestat] mean and std.dev: (388.61, 9.88)
[M::mem_pestat] low and high boundaries for proper pairs: (345, 429)
[M::mem_pestat] analyzing insert size distribution for orientation RF...
[M::mem_pestat] (25, 50, 75) percentile: (206, 243, 1433)
[M::mem_pestat] low and high boundaries for computing mean and std.dev: (1, 3887)
[M::mem_pestat] mean and std.dev: (626.84, 576.29)
[M::mem_pestat] low and high boundaries for proper pairs: (1, 5114)
[M::mem_pestat] skip orientation RR as there are not enough pairs
[M::mem_pestat] skip orientation RF
[M::mem_process_seqs] Processed 81890 reads in 6.022 CPU sec, 2.918 real sec
[M::process] read 82074 sequences (20000009 bp)...
[M::mem_pestat] # candidate unique pairs for (FF, FR, RF, RR): (10, 39646, 49, 11)
[M::mem_pestat] analyzing insert size distribution for orientation FF...
[M::mem_pestat] (25, 50, 75) percentile: (627, 1884, 6724)
[M::mem_pestat] low and high boundaries for computing mean and std.dev: (1, 18918)
[M::mem_pestat] mean and std.dev: (3438.10, 3426.21)
[M::mem_pestat] low and high boundaries for proper pairs: (1, 25015)
[M::mem_pestat] analyzing insert size distribution for orientation FR...
[M::mem_pestat] (25, 50, 75) percentile: (380, 385, 393)
[M::mem_pestat] low and high boundaries for computing mean and std.dev: (354, 419)
[M::mem_pestat] mean and std.dev: (388.41, 10.70)
[M::mem_pestat] low and high boundaries for proper pairs: (341, 432)
[M::mem_pestat] analyzing insert size distribution for orientation RF...
[M::mem_pestat] (25, 50, 75) percentile: (218, 851, 1438)
[M::mem_pestat] low and high boundaries for computing mean and std.dev: (1, 3878)
[M::mem_pestat] mean and std.dev: (783.12, 571.15)
[M::mem_pestat] low and high boundaries for proper pairs: (1, 5098)
[M::mem_pestat] analyzing insert size distribution for orientation RR...
[M::mem_pestat] (25, 50, 75) percentile: (2057, 2057, 6066)
[M::mem_pestat] low and high boundaries for computing mean and std.dev: (1, 14084)
[M::mem_pestat] mean and std.dev: (3289.45, 2591.78)
[M::mem_pestat] low and high boundaries for proper pairs: (1, 18093)
[M::mem_pestat] skip orientation FF
[M::mem_pestat] skip orientation RF
[M::mem_pestat] skip orientation RR
[M::mem_process_seqs] Processed 82074 reads in 6.404 CPU sec, 3.046 real sec
[M::process] read 81866 sequences (20000349 bp)...
[M::mem_pestat] # candidate unique pairs for (FF, FR, RF, RR): (11, 39628, 46, 7)
[M::mem_pestat] analyzing insert size distribution for orientation FF...
[M::mem_pestat] (25, 50, 75) percentile: (1634, 1884, 9138)
[M::mem_pestat] low and high boundaries for computing mean and std.dev: (1, 24146)
[M::mem_pestat] mean and std.dev: (4213.27, 3440.83)
[M::mem_pestat] low and high boundaries for proper pairs: (1, 31650)
[M::mem_pestat] analyzing insert size distribution for orientation FR...
[M::mem_pestat] (25, 50, 75) percentile: (381, 386, 393)
[M::mem_pestat] low and high boundaries for computing mean and std.dev: (357, 417)
[M::mem_pestat] mean and std.dev: (388.67, 9.83)
[M::mem_pestat] low and high boundaries for proper pairs: (345, 429)
[M::mem_pestat] analyzing insert size distribution for orientation RF...
[M::mem_pestat] (25, 50, 75) percentile: (213, 814, 1433)
[M::mem_pestat] low and high boundaries for computing mean and std.dev: (1, 3873)
[M::mem_pestat] mean and std.dev: (823.14, 694.39)
[M::mem_pestat] low and high boundaries for proper pairs: (1, 5093)
[M::mem_pestat] skip orientation RR as there are not enough pairs
[M::mem_pestat] skip orientation FF
[M::mem_pestat] skip orientation RF
[M::mem_process_seqs] Processed 81866 reads in 5.855 CPU sec, 2.830 real sec
[M::process] read 81896 sequences (20000092 bp)...
[M::mem_pestat] # candidate unique pairs for (FF, FR, RF, RR): (6, 39623, 43, 9)
[M::mem_pestat] skip orientation FF as there are not enough pairs
[M::mem_pestat] analyzing insert size distribution for orientation FR...
[M::mem_pestat] (25, 50, 75) percentile: (380, 386, 393)
[M::mem_pestat] low and high boundaries for computing mean and std.dev: (354, 419)
[M::mem_pestat] mean and std.dev: (389.01, 10.56)
[M::mem_pestat] low and high boundaries for proper pairs: (341, 432)
[M::mem_pestat] analyzing insert size distribution for orientation RF...
[M::mem_pestat] (25, 50, 75) percentile: (204, 352, 870)
[M::mem_pestat] low and high boundaries for computing mean and std.dev: (1, 2202)
[M::mem_pestat] mean and std.dev: (567.00, 442.67)
[M::mem_pestat] low and high boundaries for proper pairs: (1, 2868)
[M::mem_pestat] skip orientation RR as there are not enough pairs
[M::mem_pestat] skip orientation RF
[M::mem_process_seqs] Processed 81896 reads in 6.263 CPU sec, 2.970 real sec
[M::process] read 81976 sequences (20000289 bp)...
[M::mem_pestat] # candidate unique pairs for (FF, FR, RF, RR): (8, 39612, 52, 9)
[M::mem_pestat] skip orientation FF as there are not enough pairs
[M::mem_pestat] analyzing insert size distribution for orientation FR...
[M::mem_pestat] (25, 50, 75) percentile: (380, 385, 393)
[M::mem_pestat] low and high boundaries for computing mean and std.dev: (354, 419)
[M::mem_pestat] mean and std.dev: (388.74, 10.71)
[M::mem_pestat] low and high boundaries for proper pairs: (341, 432)
[M::mem_pestat] analyzing insert size distribution for orientation RF...
[M::mem_pestat] (25, 50, 75) percentile: (215, 814, 1433)
[M::mem_pestat] low and high boundaries for computing mean and std.dev: (1, 3869)
[M::mem_pestat] mean and std.dev: (713.21, 626.66)
[M::mem_pestat] low and high boundaries for proper pairs: (1, 5087)
[M::mem_pestat] skip orientation RR as there are not enough pairs
[M::mem_pestat] skip orientation RF
[M::mem_process_seqs] Processed 81976 reads in 6.214 CPU sec, 3.031 real sec
[M::process] read 81784 sequences (20000233 bp)...
[M::mem_pestat] # candidate unique pairs for (FF, FR, RF, RR): (13, 39574, 52, 14)
[M::mem_pestat] analyzing insert size distribution for orientation FF...
[M::mem_pestat] (25, 50, 75) percentile: (1884, 2919, 7890)
[M::mem_pestat] low and high boundaries for computing mean and std.dev: (1, 19902)
[M::mem_pestat] mean and std.dev: (4052.85, 3025.87)
[M::mem_pestat] low and high boundaries for proper pairs: (1, 25908)
[M::mem_pestat] analyzing insert size distribution for orientation FR...
[M::mem_pestat] (25, 50, 75) percentile: (381, 386, 393)
[M::mem_pestat] low and high boundaries for computing mean and std.dev: (357, 417)
[M::mem_pestat] mean and std.dev: (388.70, 9.80)
[M::mem_pestat] low and high boundaries for proper pairs: (345, 429)
[M::mem_pestat] analyzing insert size distribution for orientation RF...
[M::mem_pestat] (25, 50, 75) percentile: (204, 294, 879)
[M::mem_pestat] low and high boundaries for computing mean and std.dev: (1, 2229)
[M::mem_pestat] mean and std.dev: (603.41, 512.41)
[M::mem_pestat] low and high boundaries for proper pairs: (1, 2904)
[M::mem_pestat] analyzing insert size distribution for orientation RR...
[M::mem_pestat] (25, 50, 75) percentile: (1412, 2057, 3409)
[M::mem_pestat] low and high boundaries for computing mean and std.dev: (1, 7403)
[M::mem_pestat] mean and std.dev: (2541.50, 1685.68)
[M::mem_pestat] low and high boundaries for proper pairs: (1, 9400)
[M::mem_pestat] skip orientation FF
[M::mem_pestat] skip orientation RF
[M::mem_pestat] skip orientation RR
[M::mem_process_seqs] Processed 81784 reads in 5.813 CPU sec, 2.810 real sec
[M::process] read 81758 sequences (20000307 bp)...
[M::mem_pestat] # candidate unique pairs for (FF, FR, RF, RR): (5, 39554, 51, 7)
[M::mem_pestat] skip orientation FF as there are not enough pairs
[M::mem_pestat] analyzing insert size distribution for orientation FR...
[M::mem_pestat] (25, 50, 75) percentile: (380, 386, 393)
[M::mem_pestat] low and high boundaries for computing mean and std.dev: (354, 419)
[M::mem_pestat] mean and std.dev: (388.81, 10.61)
[M::mem_pestat] low and high boundaries for proper pairs: (341, 432)
[M::mem_pestat] analyzing insert size distribution for orientation RF...
[M::mem_pestat] (25, 50, 75) percentile: (215, 825, 1433)
[M::mem_pestat] low and high boundaries for computing mean and std.dev: (1, 3869)
[M::mem_pestat] mean and std.dev: (730.24, 555.50)
[M::mem_pestat] low and high boundaries for proper pairs: (1, 5087)
[M::mem_pestat] skip orientation RR as there are not enough pairs
[M::mem_pestat] skip orientation RF
[M::mem_process_seqs] Processed 81758 reads in 6.106 CPU sec, 2.929 real sec
[M::process] read 81708 sequences (20000107 bp)...
[M::mem_pestat] # candidate unique pairs for (FF, FR, RF, RR): (9, 39533, 55, 6)
[M::mem_pestat] skip orientation FF as there are not enough pairs
[M::mem_pestat] analyzing insert size distribution for orientation FR...
[M::mem_pestat] (25, 50, 75) percentile: (380, 385, 393)
[M::mem_pestat] low and high boundaries for computing mean and std.dev: (354, 419)
[M::mem_pestat] mean and std.dev: (388.54, 10.95)
[M::mem_pestat] low and high boundaries for proper pairs: (341, 432)
[M::mem_pestat] analyzing insert size distribution for orientation RF...
[M::mem_pestat] (25, 50, 75) percentile: (204, 215, 1433)
[M::mem_pestat] low and high boundaries for computing mean and std.dev: (1, 3891)
[M::mem_pestat] mean and std.dev: (506.68, 508.84)
[M::mem_pestat] low and high boundaries for proper pairs: (1, 5120)
[M::mem_pestat] skip orientation RR as there are not enough pairs
[M::mem_pestat] skip orientation RF
[M::mem_process_seqs] Processed 81708 reads in 6.643 CPU sec, 3.146 real sec
[M::process] read 81816 sequences (20000064 bp)...
[M::mem_pestat] # candidate unique pairs for (FF, FR, RF, RR): (12, 39591, 45, 8)
[M::mem_pestat] analyzing insert size distribution for orientation FF...
[M::mem_pestat] (25, 50, 75) percentile: (4209, 6724, 9000)
[M::mem_pestat] low and high boundaries for computing mean and std.dev: (1, 18582)
[M::mem_pestat] mean and std.dev: (5653.50, 3039.86)
[M::mem_pestat] low and high boundaries for proper pairs: (1, 23373)
[M::mem_pestat] analyzing insert size distribution for orientation FR...
[M::mem_pestat] (25, 50, 75) percentile: (381, 386, 393)
[M::mem_pestat] low and high boundaries for computing mean and std.dev: (357, 417)
[M::mem_pestat] mean and std.dev: (388.48, 9.74)
[M::mem_pestat] low and high boundaries for proper pairs: (345, 429)
[M::mem_pestat] analyzing insert size distribution for orientation RF...
[M::mem_pestat] (25, 50, 75) percentile: (214, 825, 1443)
[M::mem_pestat] low and high boundaries for computing mean and std.dev: (1, 3901)
[M::mem_pestat] mean and std.dev: (810.79, 614.33)
[M::mem_pestat] low and high boundaries for proper pairs: (1, 5130)
[M::mem_pestat] skip orientation RR as there are not enough pairs
[M::mem_pestat] skip orientation FF
[M::mem_pestat] skip orientation RF
[M::mem_process_seqs] Processed 81816 reads in 6.029 CPU sec, 2.923 real sec
[M::process] read 81766 sequences (20000117 bp)...
[M::mem_pestat] # candidate unique pairs for (FF, FR, RF, RR): (10, 39561, 55, 6)
[M::mem_pestat] analyzing insert size distribution for orientation FF...
[M::mem_pestat] (25, 50, 75) percentile: (626, 1884, 2878)
[M::mem_pestat] low and high boundaries for computing mean and std.dev: (1, 7382)
[M::mem_pestat] mean and std.dev: (2296.60, 1757.83)
[M::mem_pestat] low and high boundaries for proper pairs: (1, 9634)
[M::mem_pestat] analyzing insert size distribution for orientation FR...
[M::mem_pestat] (25, 50, 75) percentile: (380, 385, 393)
[M::mem_pestat] low and high boundaries for computing mean and std.dev: (354, 419)
[M::mem_pestat] mean and std.dev: (388.64, 10.69)
[M::mem_pestat] low and high boundaries for proper pairs: (341, 432)
[M::mem_pestat] analyzing insert size distribution for orientation RF...
[M::mem_pestat] (25, 50, 75) percentile: (218, 825, 1433)
[M::mem_pestat] low and high boundaries for computing mean and std.dev: (1, 3863)
[M::mem_pestat] mean and std.dev: (771.90, 694.55)
[M::mem_pestat] low and high boundaries for proper pairs: (1, 5078)
[M::mem_pestat] skip orientation RR as there are not enough pairs
[M::mem_pestat] skip orientation FF
[M::mem_pestat] skip orientation RF
[M::mem_process_seqs] Processed 81766 reads in 6.317 CPU sec, 3.073 real sec
[M::process] read 81832 sequences (20000304 bp)...
[M::mem_pestat] # candidate unique pairs for (FF, FR, RF, RR): (5, 39691, 43, 4)
[M::mem_pestat] skip orientation FF as there are not enough pairs
[M::mem_pestat] analyzing insert size distribution for orientation FR...
[M::mem_pestat] (25, 50, 75) percentile: (381, 386, 393)
[M::mem_pestat] low and high boundaries for computing mean and std.dev: (357, 417)
[M::mem_pestat] mean and std.dev: (388.58, 9.86)
[M::mem_pestat] low and high boundaries for proper pairs: (345, 429)
[M::mem_pestat] analyzing insert size distribution for orientation RF...
[M::mem_pestat] (25, 50, 75) percentile: (214, 814, 1433)
[M::mem_pestat] low and high boundaries for computing mean and std.dev: (1, 3871)
[M::mem_pestat] mean and std.dev: (679.88, 656.08)
[M::mem_pestat] low and high boundaries for proper pairs: (1, 5090)
[M::mem_pestat] skip orientation RR as there are not enough pairs
[M::mem_pestat] skip orientation RF
[M::mem_process_seqs] Processed 81832 reads in 5.982 CPU sec, 2.935 real sec
[M::process] read 81846 sequences (20000407 bp)...
[M::mem_pestat] # candidate unique pairs for (FF, FR, RF, RR): (11, 39630, 59, 5)
[M::mem_pestat] analyzing insert size distribution for orientation FF...
[M::mem_pestat] (25, 50, 75) percentile: (1615, 1884, 7962)
[M::mem_pestat] low and high boundaries for computing mean and std.dev: (1, 20656)
[M::mem_pestat] mean and std.dev: (3677.55, 3503.50)
[M::mem_pestat] low and high boundaries for proper pairs: (1, 27003)
[M::mem_pestat] analyzing insert size distribution for orientation FR...
[M::mem_pestat] (25, 50, 75) percentile: (381, 386, 393)
[M::mem_pestat] low and high boundaries for computing mean and std.dev: (357, 417)
[M::mem_pestat] mean and std.dev: (388.49, 9.87)
[M::mem_pestat] low and high boundaries for proper pairs: (345, 429)
[M::mem_pestat] analyzing insert size distribution for orientation RF...
[M::mem_pestat] (25, 50, 75) percentile: (204, 223, 893)
[M::mem_pestat] low and high boundaries for computing mean and std.dev: (1, 2271)
[M::mem_pestat] mean and std.dev: (574.66, 514.11)
[M::mem_pestat] low and high boundaries for proper pairs: (1, 2960)
[M::mem_pestat] skip orientation RR as there are not enough pairs
[M::mem_pestat] skip orientation FF
[M::mem_pestat] skip orientation RF
[M::mem_process_seqs] Processed 81846 reads in 6.050 CPU sec, 2.960 real sec
[M::process] read 82028 sequences (20000455 bp)...
[M::mem_pestat] # candidate unique pairs for (FF, FR, RF, RR): (5, 39618, 50, 11)
[M::mem_pestat] skip orientation FF as there are not enough pairs
[M::mem_pestat] analyzing insert size distribution for orientation FR...
[M::mem_pestat] (25, 50, 75) percentile: (380, 385, 393)
[M::mem_pestat] low and high boundaries for computing mean and std.dev: (354, 419)
[M::mem_pestat] mean and std.dev: (388.18, 10.76)
[M::mem_pestat] low and high boundaries for proper pairs: (341, 432)
[M::mem_pestat] analyzing insert size distribution for orientation RF...
[M::mem_pestat] (25, 50, 75) percentile: (204, 216, 1433)
[M::mem_pestat] low and high boundaries for computing mean and std.dev: (1, 3891)
[M::mem_pestat] mean and std.dev: (672.45, 683.69)
[M::mem_pestat] low and high boundaries for proper pairs: (1, 5120)
[M::mem_pestat] analyzing insert size distribution for orientation RR...
[M::mem_pestat] (25, 50, 75) percentile: (2057, 4061, 6075)
[M::mem_pestat] low and high boundaries for computing mean and std.dev: (1, 14111)
[M::mem_pestat] mean and std.dev: (3755.36, 2535.61)
[M::mem_pestat] low and high boundaries for proper pairs: (1, 18129)
[M::mem_pestat] skip orientation RF
[M::mem_pestat] skip orientation RR
[M::mem_process_seqs] Processed 82028 reads in 6.154 CPU sec, 2.910 real sec
[M::process] read 81758 sequences (20000360 bp)...
[M::mem_pestat] # candidate unique pairs for (FF, FR, RF, RR): (16, 39688, 47, 9)
[M::mem_pestat] analyzing insert size distribution for orientation FF...
[M::mem_pestat] (25, 50, 75) percentile: (1643, 2841, 6724)
[M::mem_pestat] low and high boundaries for computing mean and std.dev: (1, 16886)
[M::mem_pestat] mean and std.dev: (3889.94, 2808.96)
[M::mem_pestat] low and high boundaries for proper pairs: (1, 21967)
[M::mem_pestat] analyzing insert size distribution for orientation FR...
[M::mem_pestat] (25, 50, 75) percentile: (381, 386, 393)
[M::mem_pestat] low and high boundaries for computing mean and std.dev: (357, 417)
[M::mem_pestat] mean and std.dev: (388.59, 9.79)
[M::mem_pestat] low and high boundaries for proper pairs: (345, 429)
[M::mem_pestat] analyzing insert size distribution for orientation RF...
[M::mem_pestat] (25, 50, 75) percentile: (204, 814, 1097)
[M::mem_pestat] low and high boundaries for computing mean and std.dev: (1, 2883)
[M::mem_pestat] mean and std.dev: (655.43, 538.44)
[M::mem_pestat] low and high boundaries for proper pairs: (1, 3776)
[M::mem_pestat] skip orientation RR as there are not enough pairs
[M::mem_pestat] skip orientation FF
[M::mem_pestat] skip orientation RF
[M::mem_process_seqs] Processed 81758 reads in 5.504 CPU sec, 2.697 real sec
[M::process] read 81828 sequences (20000122 bp)...
[M::mem_pestat] # candidate unique pairs for (FF, FR, RF, RR): (7, 39605, 38, 10)
[M::mem_pestat] skip orientation FF as there are not enough pairs
[M::mem_pestat] analyzing insert size distribution for orientation FR...
[M::mem_pestat] (25, 50, 75) percentile: (381, 386, 393)
[M::mem_pestat] low and high boundaries for computing mean and std.dev: (357, 417)
[M::mem_pestat] mean and std.dev: (388.54, 9.81)
[M::mem_pestat] low and high boundaries for proper pairs: (345, 429)
[M::mem_pestat] analyzing insert size distribution for orientation RF...
[M::mem_pestat] (25, 50, 75) percentile: (204, 223, 862)
[M::mem_pestat] low and high boundaries for computing mean and std.dev: (1, 2178)
[M::mem_pestat] mean and std.dev: (598.50, 518.05)
[M::mem_pestat] low and high boundaries for proper pairs: (1, 2836)
[M::mem_pestat] analyzing insert size distribution for orientation RR...
[M::mem_pestat] (25, 50, 75) percentile: (2057, 2057, 8141)
[M::mem_pestat] low and high boundaries for computing mean and std.dev: (1, 20309)
[M::mem_pestat] mean and std.dev: (4298.80, 3267.98)
[M::mem_pestat] low and high boundaries for proper pairs: (1, 26393)
[M::mem_pestat] skip orientation RF
[M::mem_pestat] skip orientation RR
[M::mem_process_seqs] Processed 81828 reads in 5.688 CPU sec, 2.770 real sec
[M::process] read 81890 sequences (20000380 bp)...
[M::mem_pestat] # candidate unique pairs for (FF, FR, RF, RR): (9, 39553, 52, 10)
[M::mem_pestat] skip orientation FF as there are not enough pairs
[M::mem_pestat] analyzing insert size distribution for orientation FR...
[M::mem_pestat] (25, 50, 75) percentile: (380, 385, 393)
[M::mem_pestat] low and high boundaries for computing mean and std.dev: (354, 419)
[M::mem_pestat] mean and std.dev: (388.79, 10.65)
[M::mem_pestat] low and high boundaries for proper pairs: (341, 432)
[M::mem_pestat] analyzing insert size distribution for orientation RF...
[M::mem_pestat] (25, 50, 75) percentile: (215, 825, 1434)
[M::mem_pestat] low and high boundaries for computing mean and std.dev: (1, 3872)
[M::mem_pestat] mean and std.dev: (888.90, 722.14)
[M::mem_pestat] low and high boundaries for proper pairs: (1, 5091)
[M::mem_pestat] analyzing insert size distribution for orientation RR...
[M::mem_pestat] (25, 50, 75) percentile: (2057, 2057, 3390)
[M::mem_pestat] low and high boundaries for computing mean and std.dev: (1, 6056)
[M::mem_pestat] mean and std.dev: (2356.00, 1209.35)
[M::mem_pestat] low and high boundaries for proper pairs: (1, 7389)
[M::mem_pestat] skip orientation RF
[M::mem_pestat] skip orientation RR
[M::mem_process_seqs] Processed 81890 reads in 6.016 CPU sec, 2.934 real sec
[M::process] read 81702 sequences (20000318 bp)...
[M::mem_pestat] # candidate unique pairs for (FF, FR, RF, RR): (6, 39618, 46, 6)
[M::mem_pestat] skip orientation FF as there are not enough pairs
[M::mem_pestat] analyzing insert size distribution for orientation FR...
[M::mem_pestat] (25, 50, 75) percentile: (381, 386, 393)
[M::mem_pestat] low and high boundaries for computing mean and std.dev: (357, 417)
[M::mem_pestat] mean and std.dev: (388.66, 9.83)
[M::mem_pestat] low and high boundaries for proper pairs: (345, 429)
[M::mem_pestat] analyzing insert size distribution for orientation RF...
[M::mem_pestat] (25, 50, 75) percentile: (204, 522, 825)
[M::mem_pestat] low and high boundaries for computing mean and std.dev: (1, 2067)
[M::mem_pestat] mean and std.dev: (545.20, 434.90)
[M::mem_pestat] low and high boundaries for proper pairs: (1, 2688)
[M::mem_pestat] skip orientation RR as there are not enough pairs
[M::mem_pestat] skip orientation RF
[M::mem_process_seqs] Processed 81702 reads in 6.142 CPU sec, 3.003 real sec
[M::process] read 81784 sequences (20000396 bp)...
[M::mem_pestat] # candidate unique pairs for (FF, FR, RF, RR): (8, 39593, 41, 7)
[M::mem_pestat] skip orientation FF as there are not enough pairs
[M::mem_pestat] analyzing insert size distribution for orientation FR...
[M::mem_pestat] (25, 50, 75) percentile: (380, 386, 393)
[M::mem_pestat] low and high boundaries for computing mean and std.dev: (354, 419)
[M::mem_pestat] mean and std.dev: (389.09, 10.67)
[M::mem_pestat] low and high boundaries for proper pairs: (341, 432)
[M::mem_pestat] analyzing insert size distribution for orientation RF...
[M::mem_pestat] (25, 50, 75) percentile: (215, 814, 1469)
[M::mem_pestat] low and high boundaries for computing mean and std.dev: (1, 3977)
[M::mem_pestat] mean and std.dev: (621.91, 520.56)
[M::mem_pestat] low and high boundaries for proper pairs: (1, 5231)
[M::mem_pestat] skip orientation RR as there are not enough pairs
[M::mem_pestat] skip orientation RF
[M::mem_process_seqs] Processed 81784 reads in 5.760 CPU sec, 2.804 real sec
[M::process] read 81846 sequences (20000464 bp)...
[M::mem_pestat] # candidate unique pairs for (FF, FR, RF, RR): (9, 39601, 59, 7)
[M::mem_pestat] skip orientation FF as there are not enough pairs
[M::mem_pestat] analyzing insert size distribution for orientation FR...
[M::mem_pestat] (25, 50, 75) percentile: (380, 385, 393)
[M::mem_pestat] low and high boundaries for computing mean and std.dev: (354, 419)
[M::mem_pestat] mean and std.dev: (388.81, 10.68)
[M::mem_pestat] low and high boundaries for proper pairs: (341, 432)
[M::mem_pestat] analyzing insert size distribution for orientation RF...
[M::mem_pestat] (25, 50, 75) percentile: (230, 829, 1433)
[M::mem_pestat] low and high boundaries for computing mean and std.dev: (1, 3839)
[M::mem_pestat] mean and std.dev: (876.91, 512.94)
[M::mem_pestat] low and high boundaries for proper pairs: (1, 5042)
[M::mem_pestat] skip orientation RR as there are not enough pairs
[M::mem_pestat] skip orientation RF
[M::mem_process_seqs] Processed 81846 reads in 6.640 CPU sec, 3.116 real sec
[M::process] read 81734 sequences (20000135 bp)...
[M::mem_pestat] # candidate unique pairs for (FF, FR, RF, RR): (11, 39566, 66, 11)
[M::mem_pestat] analyzing insert size distribution for orientation FF...
[M::mem_pestat] (25, 50, 75) percentile: (1614, 1884, 3558)
[M::mem_pestat] low and high boundaries for computing mean and std.dev: (1, 7446)
[M::mem_pestat] mean and std.dev: (2589.91, 2006.02)
[M::mem_pestat] low and high boundaries for proper pairs: (1, 10614)
[M::mem_pestat] analyzing insert size distribution for orientation FR...
[M::mem_pestat] (25, 50, 75) percentile: (381, 386, 393)
[M::mem_pestat] low and high boundaries for computing mean and std.dev: (357, 417)
[M::mem_pestat] mean and std.dev: (388.66, 9.84)
[M::mem_pestat] low and high boundaries for proper pairs: (345, 429)
[M::mem_pestat] analyzing insert size distribution for orientation RF...
[M::mem_pestat] (25, 50, 75) percentile: (215, 818, 1433)
[M::mem_pestat] low and high boundaries for computing mean and std.dev: (1, 3869)
[M::mem_pestat] mean and std.dev: (712.23, 573.70)
[M::mem_pestat] low and high boundaries for proper pairs: (1, 5087)
[M::mem_pestat] analyzing insert size distribution for orientation RR...
[M::mem_pestat] (25, 50, 75) percentile: (1182, 2057, 2508)
[M::mem_pestat] low and high boundaries for computing mean and std.dev: (1, 5160)
[M::mem_pestat] mean and std.dev: (1778.90, 1202.27)
[M::mem_pestat] low and high boundaries for proper pairs: (1, 6588)
[M::mem_pestat] skip orientation FF
[M::mem_pestat] skip orientation RF
[M::mem_pestat] skip orientation RR
[M::mem_process_seqs] Processed 81734 reads in 5.533 CPU sec, 2.713 real sec
[M::process] read 81708 sequences (20000084 bp)...
[M::mem_pestat] # candidate unique pairs for (FF, FR, RF, RR): (4, 39576, 50, 8)
[M::mem_pestat] skip orientation FF as there are not enough pairs
[M::mem_pestat] analyzing insert size distribution for orientation FR...
[M::mem_pestat] (25, 50, 75) percentile: (380, 385, 393)
[M::mem_pestat] low and high boundaries for computing mean and std.dev: (354, 419)
[M::mem_pestat] mean and std.dev: (389.05, 10.68)
[M::mem_pestat] low and high boundaries for proper pairs: (341, 432)
[M::mem_pestat] analyzing insert size distribution for orientation RF...
[M::mem_pestat] (25, 50, 75) percentile: (204, 522, 1433)
[M::mem_pestat] low and high boundaries for computing mean and std.dev: (1, 3891)
[M::mem_pestat] mean and std.dev: (706.57, 628.30)
[M::mem_pestat] low and high boundaries for proper pairs: (1, 5120)
[M::mem_pestat] skip orientation RR as there are not enough pairs
[M::mem_pestat] skip orientation RF
[M::mem_process_seqs] Processed 81708 reads in 5.538 CPU sec, 2.673 real sec
[M::process] read 43496 sequences (10646178 bp)...
[M::mem_pestat] # candidate unique pairs for (FF, FR, RF, RR): (1, 21072, 28, 3)
[M::mem_pestat] skip orientation FF as there are not enough pairs
[M::mem_pestat] analyzing insert size distribution for orientation FR...
[M::mem_pestat] (25, 50, 75) percentile: (380, 385, 393)
[M::mem_pestat] low and high boundaries for computing mean and std.dev: (354, 419)
[M::mem_pestat] mean and std.dev: (388.31, 10.66)
[M::mem_pestat] low and high boundaries for proper pairs: (341, 432)
[M::mem_pestat] analyzing insert size distribution for orientation RF...
[M::mem_pestat] (25, 50, 75) percentile: (226, 825, 1444)
[M::mem_pestat] low and high boundaries for computing mean and std.dev: (1, 3880)
[M::mem_pestat] mean and std.dev: (858.30, 633.28)
[M::mem_pestat] low and high boundaries for proper pairs: (1, 5098)
[M::mem_pestat] skip orientation RR as there are not enough pairs
[M::mem_pestat] skip orientation RF
[M::mem_process_seqs] Processed 43496 reads in 3.365 CPU sec, 1.640 real sec
[main] Version: 0.7.17-r1188
[main] CMD: bwa mem -t 2 SC2205/core/viral_reference SC2205/adapter_trimmed/SC2205_R1_val_1_posttrim_filter.fq.gz SC2205/adapter_trimmed/SC2205_R2_val_2_posttrim_filter.fq.gz
[main] Real time: 77.312 sec; CPU: 142.268 sec
[bam_sort_core] merging from 0 files and 2 in-memory blocks...
