[M::bwa_idx_load_from_disk] read 0 ALT contigs
[M::process] read 79682 sequences (20000182 bp)...
[M::process] read 79682 sequences (20000182 bp)...
[M::mem_pestat] # candidate unique pairs for (FF, FR, RF, RR): (3, 38322, 4, 6)
[M::mem_pestat] skip orientation FF as there are not enough pairs
[M::mem_pestat] analyzing insert size distribution for orientation FR...
[M::mem_pestat] (25, 50, 75) percentile: (382, 387, 397)
[M::mem_pestat] low and high boundaries for computing mean and std.dev: (352, 427)
[M::mem_pestat] mean and std.dev: (390.66, 11.42)
[M::mem_pestat] low and high boundaries for proper pairs: (337, 442)
[M::mem_pestat] skip orientation RF as there are not enough pairs
[M::mem_pestat] skip orientation RR as there are not enough pairs
[M::mem_process_seqs] Processed 79682 reads in 28.137 CPU sec, 17.148 real sec
[M::process] read 79682 sequences (20000182 bp)...
[M::mem_pestat] # candidate unique pairs for (FF, FR, RF, RR): (2, 38382, 3, 5)
[M::mem_pestat] skip orientation FF as there are not enough pairs
[M::mem_pestat] analyzing insert size distribution for orientation FR...
[M::mem_pestat] (25, 50, 75) percentile: (382, 387, 397)
[M::mem_pestat] low and high boundaries for computing mean and std.dev: (352, 427)
[M::mem_pestat] mean and std.dev: (390.66, 11.43)
[M::mem_pestat] low and high boundaries for proper pairs: (337, 442)
[M::mem_pestat] skip orientation RF as there are not enough pairs
[M::mem_pestat] skip orientation RR as there are not enough pairs
[M::mem_process_seqs] Processed 79682 reads in 19.118 CPU sec, 9.270 real sec
[M::process] read 79682 sequences (20000182 bp)...
[M::mem_pestat] # candidate unique pairs for (FF, FR, RF, RR): (0, 38386, 2, 7)
[M::mem_pestat] skip orientation FF as there are not enough pairs
[M::mem_pestat] analyzing insert size distribution for orientation FR...
[M::mem_pestat] (25, 50, 75) percentile: (382, 387, 397)
[M::mem_pestat] low and high boundaries for computing mean and std.dev: (352, 427)
[M::mem_pestat] mean and std.dev: (390.66, 11.41)
[M::mem_pestat] low and high boundaries for proper pairs: (337, 442)
[M::mem_pestat] skip orientation RF as there are not enough pairs
[M::mem_pestat] skip orientation RR as there are not enough pairs
[M::mem_process_seqs] Processed 79682 reads in 22.994 CPU sec, 11.209 real sec
[M::process] read 79682 sequences (20000182 bp)...
[M::mem_pestat] # candidate unique pairs for (FF, FR, RF, RR): (2, 38338, 5, 5)
[M::mem_pestat] skip orientation FF as there are not enough pairs
[M::mem_pestat] analyzing insert size distribution for orientation FR...
[M::mem_pestat] (25, 50, 75) percentile: (382, 386, 397)
[M::mem_pestat] low and high boundaries for computing mean and std.dev: (352, 427)
[M::mem_pestat] mean and std.dev: (390.53, 11.45)
[M::mem_pestat] low and high boundaries for proper pairs: (337, 442)
[M::mem_pestat] skip orientation RF as there are not enough pairs
[M::mem_pestat] skip orientation RR as there are not enough pairs
[M::mem_process_seqs] Processed 79682 reads in 17.289 CPU sec, 8.344 real sec
[M::process] read 79682 sequences (20000182 bp)...
[M::mem_pestat] # candidate unique pairs for (FF, FR, RF, RR): (4, 38290, 4, 1)
[M::mem_pestat] skip orientation FF as there are not enough pairs
[M::mem_pestat] analyzing insert size distribution for orientation FR...
[M::mem_pestat] (25, 50, 75) percentile: (382, 387, 397)
[M::mem_pestat] low and high boundaries for computing mean and std.dev: (352, 427)
[M::mem_pestat] mean and std.dev: (390.57, 11.39)
[M::mem_pestat] low and high boundaries for proper pairs: (337, 442)
[M::mem_pestat] skip orientation RF as there are not enough pairs
[M::mem_pestat] skip orientation RR as there are not enough pairs
[M::mem_process_seqs] Processed 79682 reads in 18.011 CPU sec, 8.778 real sec
[M::process] read 79682 sequences (20000182 bp)...
[M::mem_pestat] # candidate unique pairs for (FF, FR, RF, RR): (5, 38198, 4, 8)
[M::mem_pestat] skip orientation FF as there are not enough pairs
[M::mem_pestat] analyzing insert size distribution for orientation FR...
[M::mem_pestat] (25, 50, 75) percentile: (382, 387, 396)
[M::mem_pestat] low and high boundaries for computing mean and std.dev: (354, 424)
[M::mem_pestat] mean and std.dev: (390.50, 11.35)
[M::mem_pestat] low and high boundaries for proper pairs: (340, 438)
[M::mem_pestat] skip orientation RF as there are not enough pairs
[M::mem_pestat] skip orientation RR as there are not enough pairs
[M::mem_process_seqs] Processed 79682 reads in 18.117 CPU sec, 8.818 real sec
[M::process] read 79682 sequences (20000182 bp)...
[M::mem_pestat] # candidate unique pairs for (FF, FR, RF, RR): (2, 38357, 2, 4)
[M::mem_pestat] skip orientation FF as there are not enough pairs
[M::mem_pestat] analyzing insert size distribution for orientation FR...
[M::mem_pestat] (25, 50, 75) percentile: (382, 387, 397)
[M::mem_pestat] low and high boundaries for computing mean and std.dev: (352, 427)
[M::mem_pestat] mean and std.dev: (390.56, 11.45)
[M::mem_pestat] low and high boundaries for proper pairs: (337, 442)
[M::mem_pestat] skip orientation RF as there are not enough pairs
[M::mem_pestat] skip orientation RR as there are not enough pairs
[M::mem_process_seqs] Processed 79682 reads in 21.992 CPU sec, 10.718 real sec
[M::process] read 63440 sequences (15923440 bp)...
[M::mem_pestat] # candidate unique pairs for (FF, FR, RF, RR): (3, 38249, 3, 3)
[M::mem_pestat] skip orientation FF as there are not enough pairs
[M::mem_pestat] analyzing insert size distribution for orientation FR...
[M::mem_pestat] (25, 50, 75) percentile: (382, 387, 397)
[M::mem_pestat] low and high boundaries for computing mean and std.dev: (352, 427)
[M::mem_pestat] mean and std.dev: (390.61, 11.44)
[M::mem_pestat] low and high boundaries for proper pairs: (337, 442)
[M::mem_pestat] skip orientation RF as there are not enough pairs
[M::mem_pestat] skip orientation RR as there are not enough pairs
[M::mem_process_seqs] Processed 79682 reads in 19.602 CPU sec, 9.571 real sec
[M::mem_pestat] # candidate unique pairs for (FF, FR, RF, RR): (3, 30541, 2, 3)
[M::mem_pestat] skip orientation FF as there are not enough pairs
[M::mem_pestat] analyzing insert size distribution for orientation FR...
[M::mem_pestat] (25, 50, 75) percentile: (382, 387, 397)
[M::mem_pestat] low and high boundaries for computing mean and std.dev: (352, 427)
[M::mem_pestat] mean and std.dev: (390.60, 11.42)
[M::mem_pestat] low and high boundaries for proper pairs: (337, 442)
[M::mem_pestat] skip orientation RF as there are not enough pairs
[M::mem_pestat] skip orientation RR as there are not enough pairs
[M::mem_process_seqs] Processed 63440 reads in 14.364 CPU sec, 7.114 real sec
[main] Version: 0.7.17-r1188
[main] CMD: bwa mem -t 2 /workspace/lab/mcarthurlab/nasirja/covid-19-signal/data/composite_human_viral_reference.fna E22/raw_fastq/E22_R1.fastq.gz E22/raw_fastq/E22_R2.fastq.gz
[main] Real time: 99.273 sec; CPU: 185.122 sec
viral read count = 672619 (95.97%)
human read count = 2 (0.00%) 
unmapped read count = 28275 (4.03%)
