Path to Cutadapt set as: 'cutadapt' (default)
Cutadapt seems to be working fine (tested command 'cutadapt --version')
Cutadapt version: 4.1
Could not detect version of Python used by Cutadapt from the first line of Cutadapt (but found this: >>>#!/bin/sh<<<)
Letting the (modified) Cutadapt deal with the Python version instead
Parallel gzip (pigz) detected. Proceeding with multicore (de)compression using 2 cores

No quality encoding type selected. Assuming that the data provided uses Sanger encoded Phred scores (default)

Output will be written into the directory: /workspace/home/nasirja/covid-19-signal/subset_viral_7_results_dir/SC2287/adapter_trimmed/


AUTO-DETECTING ADAPTER TYPE
===========================
Attempting to auto-detect adapter type from the first 1 million sequences of the first file (>> SC2287/host_removal/SC2287_R1.fastq.gz <<)

Found perfect matches for the following adapter sequences:
Adapter type	Count	Sequence	Sequences analysed	Percentage
Illumina	13598	AGATCGGAAGAGC	655553	2.07
Nextera	0	CTGTCTCTTATA	655553	0.00
smallRNA	0	TGGAATTCTCGG	655553	0.00
Using Illumina adapter for trimming (count: 13598). Second best hit was Nextera (count: 0)

Writing report to '/workspace/home/nasirja/covid-19-signal/subset_viral_7_results_dir/SC2287/adapter_trimmed/SC2287_R1.fastq.gz_trimming_report.txt'

SUMMARISING RUN PARAMETERS
==========================
Input filename: SC2287/host_removal/SC2287_R1.fastq.gz
Trimming mode: paired-end
Trim Galore version: 0.6.4_dev
Cutadapt version: 4.1
Python version: could not detect
Number of cores used for trimming: 2
Quality Phred score cutoff: 20
Quality encoding type selected: ASCII+33
Adapter sequence: 'AGATCGGAAGAGC' (Illumina TruSeq, Sanger iPCR; auto-detected)
Maximum trimming error rate: 0.1 (default)
Minimum required adapter overlap (stringency): 1 bp
Minimum required sequence length for both reads before a sequence pair gets removed: 20 bp
Running FastQC on the data once trimming has completed
Output file(s) will be GZIP compressed

Cutadapt seems to be fairly up-to-date (version 4.1). Setting -j 2
Writing final adapter and quality trimmed output to SC2287_R1_trimmed.fq.gz


  >>> Now performing quality (cutoff '-q 20') and adapter trimming in a single pass for the adapter sequence: 'AGATCGGAAGAGC' from file SC2287/host_removal/SC2287_R1.fastq.gz <<< 
This is cutadapt 4.1 with Python 3.9.13
Command line parameters: -j 2 -e 0.1 -q 20 -O 1 -a AGATCGGAAGAGC SC2287/host_removal/SC2287_R1.fastq.gz
Processing single-end reads on 2 cores ...
Finished in 24.17 s (37 µs/read; 1.63 M reads/minute).

=== Summary ===

Total reads processed:                 655,553
Reads with adapters:                   238,738 (36.4%)
Reads written (passing filters):       655,553 (100.0%)

Total basepairs processed:   164,543,803 bp
Quality-trimmed:               1,052,262 bp (0.6%)
Total written (filtered):    162,078,978 bp (98.5%)

=== Adapter 1 ===

Sequence: AGATCGGAAGAGC; Type: regular 3'; Length: 13; Trimmed: 238738 times

Minimum overlap: 1
No. of allowed errors:
1-9 bp: 0; 10-13 bp: 1

Bases preceding removed adapters:
  A: 37.5%
  C: 20.5%
  G: 11.9%
  T: 29.6%
  none/other: 0.5%

Overview of removed sequences
length	count	expect	max.err	error counts
1	153254	163888.2	0	153254
2	56457	40972.1	0	56457
3	7546	10243.0	0	7546
4	3700	2560.8	0	3700
5	135	640.2	0	135
6	123	160.0	0	123
7	1671	40.0	0	1671
8	83	10.0	0	83
9	175	2.5	0	175
10	179	0.6	1	170 9
11	109	0.2	1	100 9
12	219	0.0	1	210 9
13	111	0.0	1	104 7
14	78	0.0	1	74 4
15	120	0.0	1	117 3
16	59	0.0	1	55 4
17	113	0.0	1	110 3
18	72	0.0	1	69 3
19	74	0.0	1	68 6
20	111	0.0	1	107 4
21	103	0.0	1	97 6
22	107	0.0	1	100 7
23	90	0.0	1	86 4
24	621	0.0	1	606 15
25	274	0.0	1	267 7
26	74	0.0	1	68 6
27	131	0.0	1	115 16
28	176	0.0	1	169 7
29	64	0.0	1	56 8
30	99	0.0	1	95 4
31	123	0.0	1	121 2
32	146	0.0	1	141 5
33	41	0.0	1	34 7
34	139	0.0	1	128 11
35	152	0.0	1	144 8
36	52	0.0	1	48 4
37	236	0.0	1	226 10
38	72	0.0	1	70 2
39	73	0.0	1	68 5
40	95	0.0	1	89 6
41	93	0.0	1	86 7
42	492	0.0	1	479 13
43	364	0.0	1	346 18
44	71	0.0	1	64 7
45	94	0.0	1	93 1
46	46	0.0	1	41 5
47	119	0.0	1	115 4
48	56	0.0	1	53 3
49	110	0.0	1	103 7
50	47	0.0	1	41 6
51	82	0.0	1	78 4
52	62	0.0	1	54 8
53	66	0.0	1	58 8
54	146	0.0	1	130 16
55	97	0.0	1	95 2
56	48	0.0	1	40 8
57	87	0.0	1	81 6
58	62	0.0	1	58 4
59	87	0.0	1	82 5
60	53	0.0	1	48 5
61	68	0.0	1	66 2
62	34	0.0	1	34
63	81	0.0	1	76 5
64	22	0.0	1	21 1
65	68	0.0	1	64 4
66	68	0.0	1	59 9
67	25	0.0	1	20 5
68	63	0.0	1	59 4
69	83	0.0	1	77 6
70	68	0.0	1	65 3
71	68	0.0	1	63 5
72	133	0.0	1	113 20
73	190	0.0	1	172 18
74	349	0.0	1	302 47
75	585	0.0	1	500 85
76	1467	0.0	1	1344 123
77	1147	0.0	1	1059 88
78	632	0.0	1	564 68
79	358	0.0	1	314 44
80	239	0.0	1	211 28
81	167	0.0	1	142 25
82	135	0.0	1	121 14
83	89	0.0	1	82 7
84	91	0.0	1	73 18
85	82	0.0	1	71 11
86	67	0.0	1	51 16
87	58	0.0	1	49 9
88	49	0.0	1	37 12
89	69	0.0	1	60 9
90	34	0.0	1	28 6
91	35	0.0	1	24 11
92	38	0.0	1	36 2
93	55	0.0	1	48 7
94	313	0.0	1	301 12
95	67	0.0	1	60 7
96	73	0.0	1	66 7
97	68	0.0	1	62 6
98	39	0.0	1	36 3
99	27	0.0	1	23 4
100	23	0.0	1	21 2
101	21	0.0	1	17 4
102	33	0.0	1	27 6
103	18	0.0	1	16 2
104	18	0.0	1	14 4
105	34	0.0	1	30 4
106	20	0.0	1	16 4
107	16	0.0	1	15 1
108	24	0.0	1	21 3
109	15	0.0	1	12 3
110	14	0.0	1	9 5
111	8	0.0	1	7 1
112	16	0.0	1	10 6
113	17	0.0	1	13 4
114	21	0.0	1	14 7
115	17	0.0	1	12 5
116	14	0.0	1	11 3
117	30	0.0	1	28 2
118	15	0.0	1	14 1
119	7	0.0	1	6 1
120	8	0.0	1	5 3
121	13	0.0	1	11 2
122	8	0.0	1	7 1
123	18	0.0	1	13 5
124	17	0.0	1	12 5
125	6	0.0	1	2 4
126	14	0.0	1	7 7
127	24	0.0	1	21 3
128	14	0.0	1	8 6
129	5	0.0	1	4 1
130	9	0.0	1	6 3
131	17	0.0	1	14 3
132	8	0.0	1	7 1
133	13	0.0	1	10 3
134	10	0.0	1	7 3
135	12	0.0	1	5 7
136	11	0.0	1	6 5
137	12	0.0	1	5 7
138	4	0.0	1	2 2
139	14	0.0	1	8 6
140	7	0.0	1	6 1
141	39	0.0	1	34 5
142	8	0.0	1	6 2
143	9	0.0	1	7 2
144	8	0.0	1	3 5
145	13	0.0	1	11 2
146	21	0.0	1	20 1
147	16	0.0	1	13 3
148	8	0.0	1	3 5
149	3	0.0	1	2 1
150	11	0.0	1	7 4
151	9	0.0	1	6 3
152	14	0.0	1	8 6
153	16	0.0	1	12 4
154	23	0.0	1	18 5
155	13	0.0	1	10 3
156	39	0.0	1	35 4
157	21	0.0	1	18 3
158	32	0.0	1	30 2
159	21	0.0	1	18 3
160	41	0.0	1	37 4
161	27	0.0	1	24 3
162	35	0.0	1	32 3
163	27	0.0	1	19 8
164	20	0.0	1	17 3
165	7	0.0	1	5 2
166	22	0.0	1	16 6
167	24	0.0	1	22 2
168	33	0.0	1	31 2
169	30	0.0	1	29 1
170	28	0.0	1	24 4
171	18	0.0	1	15 3
172	14	0.0	1	12 2
173	28	0.0	1	24 4
174	8	0.0	1	8
175	22	0.0	1	18 4
176	18	0.0	1	14 4
177	9	0.0	1	7 2
178	4	0.0	1	2 2
179	11	0.0	1	9 2
180	9	0.0	1	7 2
181	15	0.0	1	12 3
182	2	0.0	1	2
183	4	0.0	1	3 1
184	6	0.0	1	1 5
185	33	0.0	1	29 4
186	5	0.0	1	3 2
187	9	0.0	1	5 4
188	4	0.0	1	3 1
189	7	0.0	1	4 3
190	6	0.0	1	4 2
191	4	0.0	1	3 1
192	2	0.0	1	1 1
193	5	0.0	1	3 2
194	1	0.0	1	1
195	7	0.0	1	6 1
196	5	0.0	1	3 2
197	4	0.0	1	4
198	3	0.0	1	3
199	3	0.0	1	0 3
200	9	0.0	1	6 3
201	4	0.0	1	4
202	2	0.0	1	2
203	2	0.0	1	2
204	1	0.0	1	1
206	7	0.0	1	6 1
207	1	0.0	1	0 1
208	3	0.0	1	1 2
209	1	0.0	1	0 1
210	4	0.0	1	4
211	1	0.0	1	0 1
212	3	0.0	1	3
213	2	0.0	1	2
214	2	0.0	1	2
215	4	0.0	1	2 2
216	4	0.0	1	3 1
218	2	0.0	1	1 1
219	5	0.0	1	4 1
221	1	0.0	1	1
222	3	0.0	1	2 1
223	1	0.0	1	1
224	2	0.0	1	1 1
225	2	0.0	1	1 1
226	3	0.0	1	3
227	4	0.0	1	4
228	2	0.0	1	2
229	1	0.0	1	0 1
230	4	0.0	1	4
231	5	0.0	1	5
233	2	0.0	1	2
234	1	0.0	1	1
235	2	0.0	1	1 1
236	1	0.0	1	0 1
238	4	0.0	1	3 1
239	3	0.0	1	1 2
240	2	0.0	1	0 2
241	1	0.0	1	0 1
242	1	0.0	1	0 1
244	2	0.0	1	2
245	2	0.0	1	1 1
246	4	0.0	1	0 4
247	2	0.0	1	0 2
248	1	0.0	1	0 1
249	6	0.0	1	0 6
250	11	0.0	1	0 11
251	256	0.0	1	1 255

RUN STATISTICS FOR INPUT FILE: SC2287/host_removal/SC2287_R1.fastq.gz
=============================================
655553 sequences processed in total
The length threshold of paired-end sequences gets evaluated later on (in the validation step)

Writing report to '/workspace/home/nasirja/covid-19-signal/subset_viral_7_results_dir/SC2287/adapter_trimmed/SC2287_R2.fastq.gz_trimming_report.txt'

SUMMARISING RUN PARAMETERS
==========================
Input filename: SC2287/host_removal/SC2287_R2.fastq.gz
Trimming mode: paired-end
Trim Galore version: 0.6.4_dev
Cutadapt version: 4.1
Python version: could not detect
Number of cores used for trimming: 2
Quality Phred score cutoff: 20
Quality encoding type selected: ASCII+33
Adapter sequence: 'AGATCGGAAGAGC' (Illumina TruSeq, Sanger iPCR; auto-detected)
Maximum trimming error rate: 0.1 (default)
Minimum required adapter overlap (stringency): 1 bp
Minimum required sequence length for both reads before a sequence pair gets removed: 20 bp
Running FastQC on the data once trimming has completed
Output file(s) will be GZIP compressed

Cutadapt seems to be fairly up-to-date (version 4.1). Setting -j -j 2
Writing final adapter and quality trimmed output to SC2287_R2_trimmed.fq.gz


  >>> Now performing quality (cutoff '-q 20') and adapter trimming in a single pass for the adapter sequence: 'AGATCGGAAGAGC' from file SC2287/host_removal/SC2287_R2.fastq.gz <<< 
This is cutadapt 4.1 with Python 3.9.13
Command line parameters: -j 2 -e 0.1 -q 20 -O 1 -a AGATCGGAAGAGC SC2287/host_removal/SC2287_R2.fastq.gz
Processing single-end reads on 2 cores ...
Finished in 24.95 s (38 µs/read; 1.58 M reads/minute).

=== Summary ===

Total reads processed:                 655,553
Reads with adapters:                   233,026 (35.5%)
Reads written (passing filters):       655,553 (100.0%)

Total basepairs processed:   164,543,803 bp
Quality-trimmed:               2,212,599 bp (1.3%)
Total written (filtered):    161,133,803 bp (97.9%)

=== Adapter 1 ===

Sequence: AGATCGGAAGAGC; Type: regular 3'; Length: 13; Trimmed: 233026 times

Minimum overlap: 1
No. of allowed errors:
1-9 bp: 0; 10-13 bp: 1

Bases preceding removed adapters:
  A: 40.1%
  C: 19.5%
  G: 11.8%
  T: 28.0%
  none/other: 0.6%

Overview of removed sequences
length	count	expect	max.err	error counts
1	151818	163888.2	0	151818
2	52487	40972.1	0	52487
3	8364	10243.0	0	8364
4	3144	2560.8	0	3144
5	117	640.2	0	117
6	112	160.0	0	112
7	1668	40.0	0	1668
8	77	10.0	0	77
9	177	2.5	0	177
10	191	0.6	1	179 12
11	84	0.2	1	75 9
12	237	0.0	1	228 9
13	39	0.0	1	33 6
14	176	0.0	1	167 9
15	61	0.0	1	56 5
16	61	0.0	1	58 3
17	147	0.0	1	144 3
18	34	0.0	1	33 1
19	121	0.0	1	120 1
20	87	0.0	1	84 3
21	16	0.0	1	14 2
22	85	0.0	1	84 1
23	124	0.0	1	116 8
24	834	0.0	1	798 36
25	39	0.0	1	30 9
26	131	0.0	1	126 5
27	166	0.0	1	159 7
28	191	0.0	1	182 9
29	33	0.0	1	29 4
30	227	0.0	1	215 12
31	36	0.0	1	31 5
32	131	0.0	1	125 6
33	100	0.0	1	93 7
34	71	0.0	1	67 4
35	226	0.0	1	215 11
36	292	0.0	1	277 15
37	192	0.0	1	176 16
38	235	0.0	1	223 12
39	107	0.0	1	99 8
40	183	0.0	1	171 12
41	441	0.0	1	423 18
42	535	0.0	1	490 45
43	830	0.0	1	799 31
44	829	0.0	1	776 53
45	776	0.0	1	762 14
46	325	0.0	1	304 21
47	330	0.0	1	322 8
48	191	0.0	1	183 8
49	103	0.0	1	100 3
50	70	0.0	1	66 4
51	95	0.0	1	91 4
52	87	0.0	1	81 6
53	95	0.0	1	86 9
54	183	0.0	1	179 4
55	64	0.0	1	60 4
56	135	0.0	1	122 13
57	334	0.0	1	323 11
58	120	0.0	1	117 3
59	40	0.0	1	35 5
60	55	0.0	1	54 1
61	21	0.0	1	19 2
62	16	0.0	1	14 2
63	13	0.0	1	12 1
64	6	0.0	1	6
65	11	0.0	1	11
66	11	0.0	1	10 1
67	7	0.0	1	7
68	12	0.0	1	11 1
69	16	0.0	1	15 1
70	15	0.0	1	14 1
71	5	0.0	1	5
72	18	0.0	1	17 1
73	20	0.0	1	19 1
74	27	0.0	1	26 1
75	41	0.0	1	38 3
76	47	0.0	1	35 12
77	52	0.0	1	44 8
78	82	0.0	1	68 14
79	160	0.0	1	131 29
80	295	0.0	1	221 74
81	418	0.0	1	329 89
82	416	0.0	1	303 113
83	379	0.0	1	277 102
84	289	0.0	1	204 85
85	188	0.0	1	124 64
86	131	0.0	1	93 38
87	97	0.0	1	66 31
88	92	0.0	1	65 27
89	63	0.0	1	46 17
90	35	0.0	1	25 10
91	38	0.0	1	22 16
92	34	0.0	1	20 14
93	44	0.0	1	33 11
94	235	0.0	1	217 18
95	51	0.0	1	43 8
96	55	0.0	1	48 7
97	54	0.0	1	48 6
98	26	0.0	1	20 6
99	12	0.0	1	10 2
100	18	0.0	1	12 6
101	11	0.0	1	7 4
102	20	0.0	1	19 1
103	14	0.0	1	8 6
104	8	0.0	1	6 2
105	12	0.0	1	8 4
106	16	0.0	1	11 5
107	19	0.0	1	10 9
108	10	0.0	1	8 2
109	15	0.0	1	10 5
110	11	0.0	1	5 6
111	5	0.0	1	4 1
112	6	0.0	1	2 4
113	11	0.0	1	8 3
114	13	0.0	1	5 8
115	5	0.0	1	4 1
116	10	0.0	1	4 6
117	12	0.0	1	10 2
118	12	0.0	1	7 5
119	9	0.0	1	5 4
120	4	0.0	1	4
121	10	0.0	1	2 8
122	5	0.0	1	3 2
123	13	0.0	1	11 2
124	6	0.0	1	4 2
125	7	0.0	1	1 6
126	10	0.0	1	6 4
127	13	0.0	1	7 6
128	7	0.0	1	6 1
129	4	0.0	1	1 3
130	1	0.0	1	1
131	6	0.0	1	5 1
132	9	0.0	1	6 3
133	6	0.0	1	3 3
134	7	0.0	1	5 2
135	1	0.0	1	0 1
136	6	0.0	1	2 4
137	10	0.0	1	3 7
138	7	0.0	1	1 6
139	3	0.0	1	2 1
140	3	0.0	1	0 3
141	23	0.0	1	20 3
142	6	0.0	1	5 1
143	8	0.0	1	4 4
144	5	0.0	1	0 5
145	6	0.0	1	2 4
146	12	0.0	1	11 1
147	11	0.0	1	8 3
148	5	0.0	1	3 2
149	4	0.0	1	0 4
150	3	0.0	1	2 1
151	3	0.0	1	3
152	6	0.0	1	3 3
153	14	0.0	1	10 4
154	20	0.0	1	15 5
155	6	0.0	1	6
156	33	0.0	1	24 9
157	9	0.0	1	5 4
158	14	0.0	1	13 1
159	15	0.0	1	13 2
160	21	0.0	1	19 2
161	21	0.0	1	18 3
162	20	0.0	1	19 1
163	16	0.0	1	13 3
164	18	0.0	1	16 2
165	6	0.0	1	5 1
166	17	0.0	1	14 3
167	19	0.0	1	18 1
168	20	0.0	1	20
169	21	0.0	1	18 3
170	12	0.0	1	10 2
171	8	0.0	1	6 2
172	14	0.0	1	12 2
173	10	0.0	1	10
174	10	0.0	1	7 3
175	14	0.0	1	14
176	14	0.0	1	14
177	6	0.0	1	5 1
178	5	0.0	1	2 3
179	5	0.0	1	5
180	5	0.0	1	4 1
181	7	0.0	1	7
183	6	0.0	1	5 1
184	2	0.0	1	1 1
185	23	0.0	1	22 1
186	5	0.0	1	4 1
187	6	0.0	1	5 1
189	1	0.0	1	1
190	8	0.0	1	7 1
191	2	0.0	1	2
192	3	0.0	1	3
193	7	0.0	1	7
194	1	0.0	1	0 1
195	3	0.0	1	2 1
196	2	0.0	1	2
197	2	0.0	1	2
198	3	0.0	1	2 1
200	5	0.0	1	4 1
201	2	0.0	1	2
202	1	0.0	1	1
203	2	0.0	1	2
204	1	0.0	1	1
205	2	0.0	1	1 1
206	1	0.0	1	1
208	1	0.0	1	1
209	2	0.0	1	1 1
210	5	0.0	1	5
211	2	0.0	1	1 1
212	1	0.0	1	1
213	1	0.0	1	1
214	1	0.0	1	1
215	2	0.0	1	1 1
216	3	0.0	1	3
217	1	0.0	1	1
218	2	0.0	1	2
219	1	0.0	1	1
220	1	0.0	1	1
221	1	0.0	1	1
222	3	0.0	1	3
223	1	0.0	1	1
224	3	0.0	1	3
227	4	0.0	1	4
228	1	0.0	1	1
229	1	0.0	1	1
230	1	0.0	1	0 1
231	1	0.0	1	1
232	1	0.0	1	1
233	2	0.0	1	2
234	2	0.0	1	2
235	2	0.0	1	2
237	1	0.0	1	1
238	1	0.0	1	1
239	1	0.0	1	0 1
240	2	0.0	1	2
241	1	0.0	1	1
242	1	0.0	1	1
243	1	0.0	1	1
245	1	0.0	1	1
248	1	0.0	1	0 1
249	1	0.0	1	1
250	6	0.0	1	0 6
251	217	0.0	1	0 217

RUN STATISTICS FOR INPUT FILE: SC2287/host_removal/SC2287_R2.fastq.gz
=============================================
655553 sequences processed in total
The length threshold of paired-end sequences gets evaluated later on (in the validation step)

Validate paired-end files SC2287_R1_trimmed.fq.gz and SC2287_R2_trimmed.fq.gz
file_1: SC2287_R1_trimmed.fq.gz, file_2: SC2287_R2_trimmed.fq.gz


>>>>> Now validing the length of the 2 paired-end infiles: SC2287_R1_trimmed.fq.gz and SC2287_R2_trimmed.fq.gz <<<<<
Writing validated paired-end Read 1 reads to SC2287_R1_val_1.fq.gz
Writing validated paired-end Read 2 reads to SC2287_R2_val_2.fq.gz

Total number of sequences analysed: 655553

Number of sequence pairs removed because at least one read was shorter than the length cutoff (20 bp): 3030 (0.46%)


  >>> Now running FastQC on the validated data SC2287_R1_val_1.fq.gz<<<

Started analysis of SC2287_R1_val_1.fq.gz
Approx 5% complete for SC2287_R1_val_1.fq.gz
Approx 10% complete for SC2287_R1_val_1.fq.gz
Approx 15% complete for SC2287_R1_val_1.fq.gz
Approx 20% complete for SC2287_R1_val_1.fq.gz
Approx 25% complete for SC2287_R1_val_1.fq.gz
Approx 30% complete for SC2287_R1_val_1.fq.gz
Approx 35% complete for SC2287_R1_val_1.fq.gz
Approx 40% complete for SC2287_R1_val_1.fq.gz
Approx 45% complete for SC2287_R1_val_1.fq.gz
Approx 50% complete for SC2287_R1_val_1.fq.gz
Approx 55% complete for SC2287_R1_val_1.fq.gz
Approx 60% complete for SC2287_R1_val_1.fq.gz
Approx 65% complete for SC2287_R1_val_1.fq.gz
Approx 70% complete for SC2287_R1_val_1.fq.gz
Approx 75% complete for SC2287_R1_val_1.fq.gz
Approx 80% complete for SC2287_R1_val_1.fq.gz
Approx 85% complete for SC2287_R1_val_1.fq.gz
Approx 90% complete for SC2287_R1_val_1.fq.gz
Approx 95% complete for SC2287_R1_val_1.fq.gz

  >>> Now running FastQC on the validated data SC2287_R2_val_2.fq.gz<<<

Started analysis of SC2287_R2_val_2.fq.gz
Approx 5% complete for SC2287_R2_val_2.fq.gz
Approx 10% complete for SC2287_R2_val_2.fq.gz
Approx 15% complete for SC2287_R2_val_2.fq.gz
Approx 20% complete for SC2287_R2_val_2.fq.gz
Approx 25% complete for SC2287_R2_val_2.fq.gz
Approx 30% complete for SC2287_R2_val_2.fq.gz
Approx 35% complete for SC2287_R2_val_2.fq.gz
Approx 40% complete for SC2287_R2_val_2.fq.gz
Approx 45% complete for SC2287_R2_val_2.fq.gz
Approx 50% complete for SC2287_R2_val_2.fq.gz
Approx 55% complete for SC2287_R2_val_2.fq.gz
Approx 60% complete for SC2287_R2_val_2.fq.gz
Approx 65% complete for SC2287_R2_val_2.fq.gz
Approx 70% complete for SC2287_R2_val_2.fq.gz
Approx 75% complete for SC2287_R2_val_2.fq.gz
Approx 80% complete for SC2287_R2_val_2.fq.gz
Approx 85% complete for SC2287_R2_val_2.fq.gz
Approx 90% complete for SC2287_R2_val_2.fq.gz
Approx 95% complete for SC2287_R2_val_2.fq.gz
Deleting both intermediate output files SC2287_R1_trimmed.fq.gz and SC2287_R2_trimmed.fq.gz

====================================================================================================

