Aligning contigs to reference...
	Aligning contigs to the reference
Filtering alignments...
Parsing coords...
Loading reference...
	Loaded [MN908947.3]
	Total Regions: 1
	Total Region Length: 29903
Analyzing contigs...
CONTIG: SC2186 (29902bp)
Best alignment score: 19268.5 (LEN: 19282, IDY: 99.93), Total number of alignments: 2
			Looking for the best set of alignments (out of 2 total alignments)
			The best set is below. Score: 29518.2, number of alignments: 2, unaligned bases: 354
		This contig is misassembled.
			Real Alignment 1: 16 19298 | 16 19297 | 19283 19282 | 99.93 | MN908947.3 SC2186
			  Incorrectly estimated size of scaffold gap between these two alignments: gap length difference = -190 (local)
			Real Alignment 2: 19571 29836 | 19570 29835 | 10266 10266 | 99.89 | MN908947.3 SC2186

Analyzing coverage...
Writing SNPs into /workspace/home/nasirja/covid-19-signal/subset_viral_7_results_dir/SC2186/freebayes/quast/contigs_reports/minimap_output/SC2186-consensus.used_snps.gz

Analysis is finished!
Founded SNPs were written into /workspace/home/nasirja/covid-19-signal/subset_viral_7_results_dir/SC2186/freebayes/quast/contigs_reports/minimap_output/SC2186-consensus.used_snps.gz

Results:
	Local Misassemblies: 0
	Misassemblies: 0
		Relocations: 0
		Translocations: 0
		Inversions: 0
	Scaffold gap extensive misassemblies: 0
	Scaffold gap local misassemblies: 1
	Misassembled Contigs: 0
	Misassembled Contig Bases: 0
	Misassemblies Inter-Contig Overlap: 0
Unaligned Contigs: 0 + 0 part
Half Unaligned Contigs with Misassemblies: 0
Unaligned Contig Bases: 0

Ambiguously Mapped Contigs: 0
Total Bases in Ambiguously Mapped Contigs: 0
Extra Bases in Ambiguously Mapped Contigs: 0
Note that --allow-ambiguity option was set to "one" and only first alignment per each of these contigs was used.

	Covered Bases: 29549

	SNPs: 23
	Insertions: 0
	Deletions: 1

