[M::bwa_idx_load_from_disk] read 0 ALT contigs
[M::process] read 81326 sequences (20000053 bp)...
[M::process] read 81332 sequences (20000378 bp)...
[M::mem_pestat] # candidate unique pairs for (FF, FR, RF, RR): (5, 39806, 21, 4)
[M::mem_pestat] skip orientation FF as there are not enough pairs
[M::mem_pestat] analyzing insert size distribution for orientation FR...
[M::mem_pestat] (25, 50, 75) percentile: (381, 386, 393)
[M::mem_pestat] low and high boundaries for computing mean and std.dev: (357, 417)
[M::mem_pestat] mean and std.dev: (388.65, 9.94)
[M::mem_pestat] low and high boundaries for proper pairs: (345, 429)
[M::mem_pestat] analyzing insert size distribution for orientation RF...
[M::mem_pestat] (25, 50, 75) percentile: (249, 867, 3306)
[M::mem_pestat] low and high boundaries for computing mean and std.dev: (1, 9420)
[M::mem_pestat] mean and std.dev: (1957.48, 2537.76)
[M::mem_pestat] low and high boundaries for proper pairs: (1, 12477)
[M::mem_pestat] skip orientation RR as there are not enough pairs
[M::mem_pestat] skip orientation RF
[M::mem_process_seqs] Processed 81326 reads in 6.192 CPU sec, 2.947 real sec
[M::mem_pestat] # candidate unique pairs for (FF, FR, RF, RR): (6, 39810, 13, 8)
[M::mem_pestat] skip orientation FF as there are not enough pairs
[M::mem_pestat] analyzing insert size distribution for orientation FR...
[M::mem_pestat] (25, 50, 75) percentile: (381, 386, 393)
[M::mem_pestat] low and high boundaries for computing mean and std.dev: (357, 417)
[M::mem_pestat] mean and std.dev: (388.45, 9.88)
[M::mem_pestat] low and high boundaries for proper pairs: (345, 429)
[M::mem_pestat] analyzing insert size distribution for orientation RF...
[M::mem_pestat] (25, 50, 75) percentile: (249, 894, 2699)
[M::mem_pestat] low and high boundaries for computing mean and std.dev: (1, 7599)
[M::mem_pestat] mean and std.dev: (1440.69, 1597.36)
[M::mem_pestat] low and high boundaries for proper pairs: (1, 10049)
[M::mem_pestat] skip orientation RR as there are not enough pairs
[M::mem_pestat] skip orientation RF
[M::mem_process_seqs] Processed 81332 reads in 6.054 CPU sec, 2.945 real sec
[M::process] read 81390 sequences (20000480 bp)...
[M::mem_pestat] # candidate unique pairs for (FF, FR, RF, RR): (6, 39826, 18, 10)
[M::mem_pestat] skip orientation FF as there are not enough pairs
[M::mem_pestat] analyzing insert size distribution for orientation FR...
[M::mem_pestat] (25, 50, 75) percentile: (380, 386, 393)
[M::mem_pestat] low and high boundaries for computing mean and std.dev: (354, 419)
[M::mem_pestat] mean and std.dev: (388.17, 10.51)
[M::mem_pestat] low and high boundaries for proper pairs: (341, 432)
[M::mem_pestat] analyzing insert size distribution for orientation RF...
[M::mem_pestat] (25, 50, 75) percentile: (223, 879, 4455)
[M::mem_pestat] low and high boundaries for computing mean and std.dev: (1, 12919)
[M::mem_pestat] mean and std.dev: (2066.61, 2217.23)
[M::mem_pestat] low and high boundaries for proper pairs: (1, 17151)
[M::mem_pestat] analyzing insert size distribution for orientation RR...
[M::mem_pestat] (25, 50, 75) percentile: (2056, 2057, 2057)
[M::mem_pestat] low and high boundaries for computing mean and std.dev: (2054, 2059)
[M::mem_pestat] mean and std.dev: (2056.88, 0.33)
[M::mem_pestat] low and high boundaries for proper pairs: (2053, 2060)
[M::mem_pestat] skip orientation RF
[M::mem_pestat] skip orientation RR
[M::mem_process_seqs] Processed 81390 reads in 6.452 CPU sec, 3.058 real sec
[M::process] read 81208 sequences (20000428 bp)...
[M::mem_pestat] # candidate unique pairs for (FF, FR, RF, RR): (10, 39840, 13, 9)
[M::mem_pestat] analyzing insert size distribution for orientation FF...
[M::mem_pestat] (25, 50, 75) percentile: (1041, 1664, 2151)
[M::mem_pestat] low and high boundaries for computing mean and std.dev: (1, 4371)
[M::mem_pestat] mean and std.dev: (1399.33, 565.02)
[M::mem_pestat] low and high boundaries for proper pairs: (1, 5481)
[M::mem_pestat] analyzing insert size distribution for orientation FR...
[M::mem_pestat] (25, 50, 75) percentile: (381, 386, 393)
[M::mem_pestat] low and high boundaries for computing mean and std.dev: (357, 417)
[M::mem_pestat] mean and std.dev: (388.76, 9.98)
[M::mem_pestat] low and high boundaries for proper pairs: (345, 429)
[M::mem_pestat] analyzing insert size distribution for orientation RF...
[M::mem_pestat] (25, 50, 75) percentile: (223, 919, 4455)
[M::mem_pestat] low and high boundaries for computing mean and std.dev: (1, 12919)
[M::mem_pestat] mean and std.dev: (1950.23, 2501.50)
[M::mem_pestat] low and high boundaries for proper pairs: (1, 17151)
[M::mem_pestat] skip orientation RR as there are not enough pairs
[M::mem_pestat] skip orientation FF
[M::mem_pestat] skip orientation RF
[M::mem_process_seqs] Processed 81208 reads in 5.782 CPU sec, 2.795 real sec
[M::process] read 81294 sequences (20000360 bp)...
[M::mem_pestat] # candidate unique pairs for (FF, FR, RF, RR): (5, 39789, 12, 5)
[M::mem_pestat] skip orientation FF as there are not enough pairs
[M::mem_pestat] analyzing insert size distribution for orientation FR...
[M::mem_pestat] (25, 50, 75) percentile: (381, 386, 393)
[M::mem_pestat] low and high boundaries for computing mean and std.dev: (357, 417)
[M::mem_pestat] mean and std.dev: (388.47, 10.01)
[M::mem_pestat] low and high boundaries for proper pairs: (345, 429)
[M::mem_pestat] analyzing insert size distribution for orientation RF...
[M::mem_pestat] (25, 50, 75) percentile: (249, 530, 2168)
[M::mem_pestat] low and high boundaries for computing mean and std.dev: (1, 6006)
[M::mem_pestat] mean and std.dev: (921.91, 893.00)
[M::mem_pestat] low and high boundaries for proper pairs: (1, 7925)
[M::mem_pestat] skip orientation RR as there are not enough pairs
[M::mem_pestat] skip orientation RF
[M::mem_process_seqs] Processed 81294 reads in 5.765 CPU sec, 2.834 real sec
[M::process] read 81404 sequences (20000334 bp)...
[M::mem_pestat] # candidate unique pairs for (FF, FR, RF, RR): (2, 39767, 16, 10)
[M::mem_pestat] skip orientation FF as there are not enough pairs
[M::mem_pestat] analyzing insert size distribution for orientation FR...
[M::mem_pestat] (25, 50, 75) percentile: (381, 386, 393)
[M::mem_pestat] low and high boundaries for computing mean and std.dev: (357, 417)
[M::mem_pestat] mean and std.dev: (388.33, 10.02)
[M::mem_pestat] low and high boundaries for proper pairs: (345, 429)
[M::mem_pestat] analyzing insert size distribution for orientation RF...
[M::mem_pestat] (25, 50, 75) percentile: (252, 870, 6347)
[M::mem_pestat] low and high boundaries for computing mean and std.dev: (1, 18537)
[M::mem_pestat] mean and std.dev: (3010.00, 3326.86)
[M::mem_pestat] low and high boundaries for proper pairs: (1, 24632)
[M::mem_pestat] analyzing insert size distribution for orientation RR...
[M::mem_pestat] (25, 50, 75) percentile: (2057, 2057, 2057)
[M::mem_pestat] low and high boundaries for computing mean and std.dev: (2057, 2057)
[M::mem_pestat] mean and std.dev: (2057.00, 0.00)
[M::mem_pestat] low and high boundaries for proper pairs: (2057, 2057)
[M::mem_pestat] skip orientation RF
[M::mem_pestat] skip orientation RR
[M::mem_process_seqs] Processed 81404 reads in 6.644 CPU sec, 3.166 real sec
[M::process] read 81136 sequences (20000372 bp)...
[M::mem_pestat] # candidate unique pairs for (FF, FR, RF, RR): (8, 39797, 19, 4)
[M::mem_pestat] skip orientation FF as there are not enough pairs
[M::mem_pestat] analyzing insert size distribution for orientation FR...
[M::mem_pestat] (25, 50, 75) percentile: (381, 386, 393)
[M::mem_pestat] low and high boundaries for computing mean and std.dev: (357, 417)
[M::mem_pestat] mean and std.dev: (388.61, 9.92)
[M::mem_pestat] low and high boundaries for proper pairs: (345, 429)
[M::mem_pestat] analyzing insert size distribution for orientation RF...
[M::mem_pestat] (25, 50, 75) percentile: (223, 249, 1315)
[M::mem_pestat] low and high boundaries for computing mean and std.dev: (1, 3499)
[M::mem_pestat] mean and std.dev: (557.81, 681.74)
[M::mem_pestat] low and high boundaries for proper pairs: (1, 4591)
[M::mem_pestat] skip orientation RR as there are not enough pairs
[M::mem_pestat] skip orientation RF
[M::mem_process_seqs] Processed 81136 reads in 5.800 CPU sec, 2.810 real sec
[M::process] read 81130 sequences (20000291 bp)...
[M::process] read 81220 sequences (20000090 bp)...
[M::mem_pestat] # candidate unique pairs for (FF, FR, RF, RR): (7, 39752, 30, 13)
[M::mem_pestat] skip orientation FF as there are not enough pairs
[M::mem_pestat] analyzing insert size distribution for orientation FR...
[M::mem_pestat] (25, 50, 75) percentile: (381, 386, 393)
[M::mem_pestat] low and high boundaries for computing mean and std.dev: (357, 417)
[M::mem_pestat] mean and std.dev: (388.31, 10.09)
[M::mem_pestat] low and high boundaries for proper pairs: (345, 429)
[M::mem_pestat] analyzing insert size distribution for orientation RF...
[M::mem_pestat] (25, 50, 75) percentile: (226, 867, 1627)
[M::mem_pestat] low and high boundaries for computing mean and std.dev: (1, 4429)
[M::mem_pestat] mean and std.dev: (850.54, 754.91)
[M::mem_pestat] low and high boundaries for proper pairs: (1, 5830)
[M::mem_pestat] analyzing insert size distribution for orientation RR...
[M::mem_pestat] (25, 50, 75) percentile: (2053, 2057, 2057)
[M::mem_pestat] low and high boundaries for computing mean and std.dev: (2045, 2065)
[M::mem_pestat] mean and std.dev: (2056.50, 1.32)
[M::mem_pestat] low and high boundaries for proper pairs: (2041, 2069)
[M::mem_pestat] skip orientation RF
[M::mem_pestat] skip orientation RR
[M::mem_process_seqs] Processed 81130 reads in 5.771 CPU sec, 2.681 real sec
[M::mem_pestat] # candidate unique pairs for (FF, FR, RF, RR): (13, 39743, 25, 13)
[M::mem_pestat] analyzing insert size distribution for orientation FF...
[M::mem_pestat] (25, 50, 75) percentile: (1835, 1884, 6750)
[M::mem_pestat] low and high boundaries for computing mean and std.dev: (1, 16580)
[M::mem_pestat] mean and std.dev: (3220.54, 2759.99)
[M::mem_pestat] low and high boundaries for proper pairs: (1, 21495)
[M::mem_pestat] analyzing insert size distribution for orientation FR...
[M::mem_pestat] (25, 50, 75) percentile: (380, 386, 393)
[M::mem_pestat] low and high boundaries for computing mean and std.dev: (354, 419)
[M::mem_pestat] mean and std.dev: (388.17, 10.60)
[M::mem_pestat] low and high boundaries for proper pairs: (341, 432)
[M::mem_pestat] analyzing insert size distribution for orientation RF...
[M::mem_pestat] (25, 50, 75) percentile: (223, 270, 2064)
[M::mem_pestat] low and high boundaries for computing mean and std.dev: (1, 5746)
[M::mem_pestat] mean and std.dev: (1167.64, 1455.34)
[M::mem_pestat] low and high boundaries for proper pairs: (1, 7587)
[M::mem_pestat] analyzing insert size distribution for orientation RR...
[M::mem_pestat] (25, 50, 75) percentile: (843, 2057, 2057)
[M::mem_pestat] low and high boundaries for computing mean and std.dev: (1, 4485)
[M::mem_pestat] mean and std.dev: (1715.31, 931.37)
[M::mem_pestat] low and high boundaries for proper pairs: (1, 5699)
[M::mem_pestat] skip orientation FF
[M::mem_pestat] skip orientation RF
[M::mem_pestat] skip orientation RR
[M::mem_process_seqs] Processed 81220 reads in 6.052 CPU sec, 2.934 real sec
[M::process] read 81110 sequences (20000287 bp)...
[M::mem_pestat] # candidate unique pairs for (FF, FR, RF, RR): (10, 39751, 18, 4)
[M::mem_pestat] analyzing insert size distribution for orientation FF...
[M::mem_pestat] (25, 50, 75) percentile: (1407, 2345, 7004)
[M::mem_pestat] low and high boundaries for computing mean and std.dev: (1, 18198)
[M::mem_pestat] mean and std.dev: (4037.50, 3418.35)
[M::mem_pestat] low and high boundaries for proper pairs: (1, 23795)
[M::mem_pestat] analyzing insert size distribution for orientation FR...
[M::mem_pestat] (25, 50, 75) percentile: (381, 386, 393)
[M::mem_pestat] low and high boundaries for computing mean and std.dev: (357, 417)
[M::mem_pestat] mean and std.dev: (388.64, 9.90)
[M::mem_pestat] low and high boundaries for proper pairs: (345, 429)
[M::mem_pestat] analyzing insert size distribution for orientation RF...
[M::mem_pestat] (25, 50, 75) percentile: (223, 814, 1315)
[M::mem_pestat] low and high boundaries for computing mean and std.dev: (1, 3499)
[M::mem_pestat] mean and std.dev: (712.31, 672.34)
[M::mem_pestat] low and high boundaries for proper pairs: (1, 4591)
[M::mem_pestat] skip orientation RR as there are not enough pairs
[M::mem_pestat] skip orientation FF
[M::mem_pestat] skip orientation RF
[M::mem_process_seqs] Processed 81110 reads in 6.058 CPU sec, 2.873 real sec
[M::process] read 81116 sequences (20000297 bp)...
[M::mem_pestat] # candidate unique pairs for (FF, FR, RF, RR): (11, 39780, 18, 12)
[M::mem_pestat] analyzing insert size distribution for orientation FF...
[M::mem_pestat] (25, 50, 75) percentile: (631, 1614, 5246)
[M::mem_pestat] low and high boundaries for computing mean and std.dev: (1, 14476)
[M::mem_pestat] mean and std.dev: (2568.09, 2612.95)
[M::mem_pestat] low and high boundaries for proper pairs: (1, 19091)
[M::mem_pestat] analyzing insert size distribution for orientation FR...
[M::mem_pestat] (25, 50, 75) percentile: (381, 386, 393)
[M::mem_pestat] low and high boundaries for computing mean and std.dev: (357, 417)
[M::mem_pestat] mean and std.dev: (388.22, 10.02)
[M::mem_pestat] low and high boundaries for proper pairs: (345, 429)
[M::mem_pestat] analyzing insert size distribution for orientation RF...
[M::mem_pestat] (25, 50, 75) percentile: (923, 2699, 4663)
[M::mem_pestat] low and high boundaries for computing mean and std.dev: (1, 12143)
[M::mem_pestat] mean and std.dev: (3087.50, 2554.66)
[M::mem_pestat] low and high boundaries for proper pairs: (1, 15883)
[M::mem_pestat] analyzing insert size distribution for orientation RR...
[M::mem_pestat] (25, 50, 75) percentile: (1702, 2057, 4061)
[M::mem_pestat] low and high boundaries for computing mean and std.dev: (1, 8779)
[M::mem_pestat] mean and std.dev: (2733.83, 2176.67)
[M::mem_pestat] low and high boundaries for proper pairs: (1, 11441)
[M::mem_pestat] skip orientation FF
[M::mem_pestat] skip orientation RF
[M::mem_pestat] skip orientation RR
[M::mem_process_seqs] Processed 81116 reads in 6.096 CPU sec, 2.934 real sec
[M::process] read 81294 sequences (20000458 bp)...
[M::mem_pestat] # candidate unique pairs for (FF, FR, RF, RR): (8, 39871, 14, 16)
[M::mem_pestat] skip orientation FF as there are not enough pairs
[M::mem_pestat] analyzing insert size distribution for orientation FR...
[M::mem_pestat] (25, 50, 75) percentile: (381, 386, 393)
[M::mem_pestat] low and high boundaries for computing mean and std.dev: (357, 417)
[M::mem_pestat] mean and std.dev: (388.50, 9.96)
[M::mem_pestat] low and high boundaries for proper pairs: (345, 429)
[M::mem_pestat] analyzing insert size distribution for orientation RF...
[M::mem_pestat] (25, 50, 75) percentile: (249, 1117, 2699)
[M::mem_pestat] low and high boundaries for computing mean and std.dev: (1, 7599)
[M::mem_pestat] mean and std.dev: (1804.43, 2036.08)
[M::mem_pestat] low and high boundaries for proper pairs: (1, 10049)
[M::mem_pestat] analyzing insert size distribution for orientation RR...
[M::mem_pestat] (25, 50, 75) percentile: (2057, 2057, 2992)
[M::mem_pestat] low and high boundaries for computing mean and std.dev: (187, 4862)
[M::mem_pestat] mean and std.dev: (2256.00, 865.43)
[M::mem_pestat] low and high boundaries for proper pairs: (1, 5797)
[M::mem_pestat] skip orientation RF
[M::mem_pestat] skip orientation RR
[M::mem_process_seqs] Processed 81294 reads in 5.760 CPU sec, 2.811 real sec
[M::process] read 81274 sequences (20000280 bp)...
[M::mem_pestat] # candidate unique pairs for (FF, FR, RF, RR): (9, 39796, 24, 13)
[M::mem_pestat] skip orientation FF as there are not enough pairs
[M::mem_pestat] analyzing insert size distribution for orientation FR...
[M::mem_pestat] (25, 50, 75) percentile: (381, 386, 393)
[M::mem_pestat] low and high boundaries for computing mean and std.dev: (357, 417)
[M::mem_pestat] mean and std.dev: (388.55, 9.91)
[M::mem_pestat] low and high boundaries for proper pairs: (345, 429)
[M::mem_pestat] analyzing insert size distribution for orientation RF...
[M::mem_pestat] (25, 50, 75) percentile: (249, 1315, 6339)
[M::mem_pestat] low and high boundaries for computing mean and std.dev: (1, 18519)
[M::mem_pestat] mean and std.dev: (2684.50, 2918.68)
[M::mem_pestat] low and high boundaries for proper pairs: (1, 24609)
[M::mem_pestat] analyzing insert size distribution for orientation RR...
[M::mem_pestat] (25, 50, 75) percentile: (843, 2057, 4861)
[M::mem_pestat] low and high boundaries for computing mean and std.dev: (1, 12897)
[M::mem_pestat] mean and std.dev: (2943.62, 2750.96)
[M::mem_pestat] low and high boundaries for proper pairs: (1, 16915)
[M::mem_pestat] skip orientation RF
[M::mem_pestat] skip orientation RR
[M::mem_process_seqs] Processed 81274 reads in 5.781 CPU sec, 2.829 real sec
[M::process] read 81344 sequences (20000057 bp)...
[M::mem_pestat] # candidate unique pairs for (FF, FR, RF, RR): (4, 39827, 25, 14)
[M::mem_pestat] skip orientation FF as there are not enough pairs
[M::mem_pestat] analyzing insert size distribution for orientation FR...
[M::mem_pestat] (25, 50, 75) percentile: (380, 385, 393)
[M::mem_pestat] low and high boundaries for computing mean and std.dev: (354, 419)
[M::mem_pestat] mean and std.dev: (387.98, 10.50)
[M::mem_pestat] low and high boundaries for proper pairs: (341, 432)
[M::mem_pestat] analyzing insert size distribution for orientation RF...
[M::mem_pestat] (25, 50, 75) percentile: (228, 870, 4756)
[M::mem_pestat] low and high boundaries for computing mean and std.dev: (1, 13812)
[M::mem_pestat] mean and std.dev: (2391.64, 2717.47)
[M::mem_pestat] low and high boundaries for proper pairs: (1, 18340)
[M::mem_pestat] analyzing insert size distribution for orientation RR...
[M::mem_pestat] (25, 50, 75) percentile: (843, 2057, 7064)
[M::mem_pestat] low and high boundaries for computing mean and std.dev: (1, 19506)
[M::mem_pestat] mean and std.dev: (3321.93, 3072.82)
[M::mem_pestat] low and high boundaries for proper pairs: (1, 25727)
[M::mem_pestat] skip orientation RF
[M::mem_pestat] skip orientation RR
[M::mem_process_seqs] Processed 81344 reads in 5.964 CPU sec, 2.915 real sec
[M::process] read 81268 sequences (20000315 bp)...
[M::mem_pestat] # candidate unique pairs for (FF, FR, RF, RR): (9, 39812, 13, 9)
[M::mem_pestat] skip orientation FF as there are not enough pairs
[M::mem_pestat] analyzing insert size distribution for orientation FR...
[M::mem_pestat] (25, 50, 75) percentile: (381, 386, 393)
[M::mem_pestat] low and high boundaries for computing mean and std.dev: (357, 417)
[M::mem_pestat] mean and std.dev: (388.66, 10.00)
[M::mem_pestat] low and high boundaries for proper pairs: (345, 429)
[M::mem_pestat] analyzing insert size distribution for orientation RF...
[M::mem_pestat] (25, 50, 75) percentile: (253, 1355, 5969)
[M::mem_pestat] low and high boundaries for computing mean and std.dev: (1, 17401)
[M::mem_pestat] mean and std.dev: (2476.54, 2457.09)
[M::mem_pestat] low and high boundaries for proper pairs: (1, 23117)
[M::mem_pestat] skip orientation RR as there are not enough pairs
[M::mem_pestat] skip orientation RF
[M::mem_process_seqs] Processed 81268 reads in 5.859 CPU sec, 2.830 real sec
[M::process] read 81300 sequences (20000398 bp)...
[M::mem_pestat] # candidate unique pairs for (FF, FR, RF, RR): (6, 39848, 21, 8)
[M::mem_pestat] skip orientation FF as there are not enough pairs
[M::mem_pestat] analyzing insert size distribution for orientation FR...
[M::mem_pestat] (25, 50, 75) percentile: (381, 386, 393)
[M::mem_pestat] low and high boundaries for computing mean and std.dev: (357, 417)
[M::mem_pestat] mean and std.dev: (388.59, 9.92)
[M::mem_pestat] low and high boundaries for proper pairs: (345, 429)
[M::mem_pestat] analyzing insert size distribution for orientation RF...
[M::mem_pestat] (25, 50, 75) percentile: (249, 867, 1315)
[M::mem_pestat] low and high boundaries for computing mean and std.dev: (1, 3447)
[M::mem_pestat] mean and std.dev: (870.16, 849.60)
[M::mem_pestat] low and high boundaries for proper pairs: (1, 4513)
[M::mem_pestat] skip orientation RR as there are not enough pairs
[M::mem_pestat] skip orientation RF
[M::mem_process_seqs] Processed 81300 reads in 5.800 CPU sec, 2.810 real sec
[M::process] read 81288 sequences (20000177 bp)...
[M::mem_pestat] # candidate unique pairs for (FF, FR, RF, RR): (6, 39827, 17, 11)
[M::mem_pestat] skip orientation FF as there are not enough pairs
[M::mem_pestat] analyzing insert size distribution for orientation FR...
[M::mem_pestat] (25, 50, 75) percentile: (381, 386, 393)
[M::mem_pestat] low and high boundaries for computing mean and std.dev: (357, 417)
[M::mem_pestat] mean and std.dev: (388.20, 9.92)
[M::mem_pestat] low and high boundaries for proper pairs: (345, 429)
[M::mem_pestat] analyzing insert size distribution for orientation RF...
[M::mem_pestat] (25, 50, 75) percentile: (249, 1435, 2699)
[M::mem_pestat] low and high boundaries for computing mean and std.dev: (1, 7599)
[M::mem_pestat] mean and std.dev: (1530.38, 1385.12)
[M::mem_pestat] low and high boundaries for proper pairs: (1, 10049)
[M::mem_pestat] analyzing insert size distribution for orientation RR...
[M::mem_pestat] (25, 50, 75) percentile: (1266, 2057, 2057)
[M::mem_pestat] low and high boundaries for computing mean and std.dev: (1, 3639)
[M::mem_pestat] mean and std.dev: (1509.67, 637.80)
[M::mem_pestat] low and high boundaries for proper pairs: (1, 4430)
[M::mem_pestat] skip orientation RF
[M::mem_pestat] skip orientation RR
[M::mem_process_seqs] Processed 81288 reads in 6.146 CPU sec, 2.957 real sec
[M::process] read 81126 sequences (20000199 bp)...
[M::mem_pestat] # candidate unique pairs for (FF, FR, RF, RR): (3, 39797, 13, 12)
[M::mem_pestat] skip orientation FF as there are not enough pairs
[M::mem_pestat] analyzing insert size distribution for orientation FR...
[M::mem_pestat] (25, 50, 75) percentile: (381, 386, 393)
[M::mem_pestat] low and high boundaries for computing mean and std.dev: (357, 417)
[M::mem_pestat] mean and std.dev: (388.65, 10.00)
[M::mem_pestat] low and high boundaries for proper pairs: (345, 429)
[M::mem_pestat] analyzing insert size distribution for orientation RF...
[M::mem_pestat] (25, 50, 75) percentile: (223, 2097, 6339)
[M::mem_pestat] low and high boundaries for computing mean and std.dev: (1, 18571)
[M::mem_pestat] mean and std.dev: (3117.00, 3119.73)
[M::mem_pestat] low and high boundaries for proper pairs: (1, 24687)
[M::mem_pestat] analyzing insert size distribution for orientation RR...
[M::mem_pestat] (25, 50, 75) percentile: (843, 2057, 2057)
[M::mem_pestat] low and high boundaries for computing mean and std.dev: (1, 4485)
[M::mem_pestat] mean and std.dev: (1700.91, 969.81)
[M::mem_pestat] low and high boundaries for proper pairs: (1, 5699)
[M::mem_pestat] skip orientation RF
[M::mem_pestat] skip orientation RR
[M::mem_process_seqs] Processed 81126 reads in 6.110 CPU sec, 2.978 real sec
[M::process] read 81146 sequences (20000376 bp)...
[M::mem_pestat] # candidate unique pairs for (FF, FR, RF, RR): (5, 39758, 15, 9)
[M::mem_pestat] skip orientation FF as there are not enough pairs
[M::mem_pestat] analyzing insert size distribution for orientation FR...
[M::process] read 81176 sequences (20000004 bp)...
[M::mem_pestat] (25, 50, 75) percentile: (381, 386, 393)
[M::mem_pestat] low and high boundaries for computing mean and std.dev: (357, 417)
[M::mem_pestat] mean and std.dev: (388.59, 9.90)
[M::mem_pestat] low and high boundaries for proper pairs: (345, 429)
[M::mem_pestat] analyzing insert size distribution for orientation RF...
[M::mem_pestat] (25, 50, 75) percentile: (249, 2140, 4468)
[M::mem_pestat] low and high boundaries for computing mean and std.dev: (1, 12906)
[M::mem_pestat] mean and std.dev: (2568.73, 2299.27)
[M::mem_pestat] low and high boundaries for proper pairs: (1, 17125)
[M::mem_pestat] skip orientation RR as there are not enough pairs
[M::mem_pestat] skip orientation RF
[M::mem_process_seqs] Processed 81146 reads in 5.587 CPU sec, 6.277 real sec
[M::mem_pestat] # candidate unique pairs for (FF, FR, RF, RR): (7, 39794, 12, 12)
[M::mem_pestat] skip orientation FF as there are not enough pairs
[M::mem_pestat] analyzing insert size distribution for orientation FR...
[M::mem_pestat] (25, 50, 75) percentile: (381, 386, 393)
[M::mem_pestat] low and high boundaries for computing mean and std.dev: (357, 417)
[M::mem_pestat] mean and std.dev: (388.31, 10.02)
[M::mem_pestat] low and high boundaries for proper pairs: (345, 429)
[M::mem_pestat] analyzing insert size distribution for orientation RF...
[M::mem_pestat] (25, 50, 75) percentile: (226, 920, 2699)
[M::mem_pestat] low and high boundaries for computing mean and std.dev: (1, 7645)
[M::mem_pestat] mean and std.dev: (1482.50, 1573.19)
[M::mem_pestat] low and high boundaries for proper pairs: (1, 10118)
[M::mem_pestat] analyzing insert size distribution for orientation RR...
[M::mem_pestat] (25, 50, 75) percentile: (2056, 3525, 7468)
[M::mem_pestat] low and high boundaries for computing mean and std.dev: (1, 18292)
[M::mem_pestat] mean and std.dev: (3750.58, 2778.00)
[M::mem_pestat] low and high boundaries for proper pairs: (1, 23704)
[M::mem_pestat] skip orientation RF
[M::mem_pestat] skip orientation RR
[M::mem_process_seqs] Processed 81176 reads in 5.597 CPU sec, 2.707 real sec
[M::process] read 81110 sequences (20000408 bp)...
[M::mem_pestat] # candidate unique pairs for (FF, FR, RF, RR): (12, 39748, 19, 16)
[M::mem_pestat] analyzing insert size distribution for orientation FF...
[M::mem_pestat] (25, 50, 75) percentile: (1221, 3409, 7087)
[M::mem_pestat] low and high boundaries for computing mean and std.dev: (1, 18819)
[M::mem_pestat] mean and std.dev: (3472.33, 2875.44)
[M::mem_pestat] low and high boundaries for proper pairs: (1, 24685)
[M::mem_pestat] analyzing insert size distribution for orientation FR...
[M::mem_pestat] (25, 50, 75) percentile: (381, 386, 393)
[M::mem_pestat] low and high boundaries for computing mean and std.dev: (357, 417)
[M::mem_pestat] mean and std.dev: (388.75, 9.96)
[M::mem_pestat] low and high boundaries for proper pairs: (345, 429)
[M::mem_pestat] analyzing insert size distribution for orientation RF...
[M::mem_pestat] (25, 50, 75) percentile: (880, 1435, 2633)
[M::mem_pestat] low and high boundaries for computing mean and std.dev: (1, 6139)
[M::mem_pestat] mean and std.dev: (1602.41, 1117.38)
[M::mem_pestat] low and high boundaries for proper pairs: (1, 7892)
[M::mem_pestat] analyzing insert size distribution for orientation RR...
[M::mem_pestat] (25, 50, 75) percentile: (2024, 2057, 2768)
[M::mem_pestat] low and high boundaries for computing mean and std.dev: (536, 4256)
[M::mem_pestat] mean and std.dev: (2164.86, 760.13)
[M::mem_pestat] low and high boundaries for proper pairs: (1, 5205)
[M::mem_pestat] skip orientation FF
[M::mem_pestat] skip orientation RF
[M::mem_pestat] skip orientation RR
[M::mem_process_seqs] Processed 81110 reads in 5.368 CPU sec, 2.620 real sec
[M::process] read 81086 sequences (20000143 bp)...
[M::mem_pestat] # candidate unique pairs for (FF, FR, RF, RR): (6, 39775, 15, 11)
[M::mem_pestat] skip orientation FF as there are not enough pairs
[M::mem_pestat] analyzing insert size distribution for orientation FR...
[M::mem_pestat] (25, 50, 75) percentile: (381, 386, 393)
[M::mem_pestat] low and high boundaries for computing mean and std.dev: (357, 417)
[M::mem_pestat] mean and std.dev: (388.53, 9.89)
[M::mem_pestat] low and high boundaries for proper pairs: (345, 429)
[M::mem_pestat] analyzing insert size distribution for orientation RF...
[M::mem_pestat] (25, 50, 75) percentile: (223, 806, 2140)
[M::mem_pestat] low and high boundaries for computing mean and std.dev: (1, 5974)
[M::mem_pestat] mean and std.dev: (1056.93, 1197.10)
[M::mem_pestat] low and high boundaries for proper pairs: (1, 7891)
[M::mem_pestat] analyzing insert size distribution for orientation RR...
[M::mem_pestat] (25, 50, 75) percentile: (2057, 2057, 4843)
[M::mem_pestat] low and high boundaries for computing mean and std.dev: (1, 10415)
[M::mem_pestat] mean and std.dev: (3195.18, 2448.83)
[M::mem_pestat] low and high boundaries for proper pairs: (1, 13201)
[M::mem_pestat] skip orientation RF
[M::mem_pestat] skip orientation RR
[M::mem_process_seqs] Processed 81086 reads in 5.691 CPU sec, 2.764 real sec
[M::process] read 51008 sequences (12570166 bp)...
[M::mem_pestat] # candidate unique pairs for (FF, FR, RF, RR): (4, 25015, 12, 3)
[M::mem_pestat] skip orientation FF as there are not enough pairs
[M::mem_pestat] analyzing insert size distribution for orientation FR...
[M::mem_pestat] (25, 50, 75) percentile: (380, 386, 393)
[M::mem_pestat] low and high boundaries for computing mean and std.dev: (354, 419)
[M::mem_pestat] mean and std.dev: (388.27, 10.51)
[M::mem_pestat] low and high boundaries for proper pairs: (341, 432)
[M::mem_pestat] analyzing insert size distribution for orientation RF...
[M::mem_pestat] (25, 50, 75) percentile: (259, 1315, 7985)
[M::mem_pestat] low and high boundaries for computing mean and std.dev: (1, 23437)
[M::mem_pestat] mean and std.dev: (3190.67, 3553.52)
[M::mem_pestat] low and high boundaries for proper pairs: (1, 31163)
[M::mem_pestat] skip orientation RR as there are not enough pairs
[M::mem_pestat] skip orientation RF
[M::mem_process_seqs] Processed 51008 reads in 3.788 CPU sec, 1.859 real sec
[main] Version: 0.7.17-r1188
[main] CMD: bwa mem -t 2 SC2273/core/viral_reference SC2273/adapter_trimmed/SC2273_R1_val_1_posttrim_filter.fq.gz SC2273/adapter_trimmed/SC2273_R2_val_2_posttrim_filter.fq.gz
[main] Real time: 79.965 sec; CPU: 140.620 sec
[bam_sort_core] merging from 0 files and 2 in-memory blocks...
