[M::bwa_idx_load_from_disk] read 0 ALT contigs
[M::process] read 80660 sequences (20000185 bp)...
[M::process] read 80674 sequences (20000078 bp)...
[M::mem_pestat] # candidate unique pairs for (FF, FR, RF, RR): (36, 39458, 127, 27)
[M::mem_pestat] analyzing insert size distribution for orientation FF...
[M::mem_pestat] (25, 50, 75) percentile: (957, 3823, 7375)
[M::mem_pestat] low and high boundaries for computing mean and std.dev: (1, 20211)
[M::mem_pestat] mean and std.dev: (4183.97, 3015.56)
[M::mem_pestat] low and high boundaries for proper pairs: (1, 26629)
[M::mem_pestat] analyzing insert size distribution for orientation FR...
[M::mem_pestat] (25, 50, 75) percentile: (381, 386, 397)
[M::mem_pestat] low and high boundaries for computing mean and std.dev: (349, 429)
[M::mem_pestat] mean and std.dev: (389.84, 11.07)
[M::mem_pestat] low and high boundaries for proper pairs: (333, 445)
[M::mem_pestat] analyzing insert size distribution for orientation RF...
[M::mem_pestat] (25, 50, 75) percentile: (207, 231, 869)
[M::mem_pestat] low and high boundaries for computing mean and std.dev: (1, 2193)
[M::mem_pestat] mean and std.dev: (485.47, 467.45)
[M::mem_pestat] low and high boundaries for proper pairs: (1, 2855)
[M::mem_pestat] analyzing insert size distribution for orientation RR...
[M::mem_pestat] (25, 50, 75) percentile: (2457, 3619, 5568)
[M::mem_pestat] low and high boundaries for computing mean and std.dev: (1, 11790)
[M::mem_pestat] mean and std.dev: (4211.19, 2714.57)
[M::mem_pestat] low and high boundaries for proper pairs: (1, 15069)
[M::mem_pestat] skip orientation FF
[M::mem_pestat] skip orientation RF
[M::mem_pestat] skip orientation RR
[M::mem_process_seqs] Processed 80660 reads in 5.445 CPU sec, 2.575 real sec
[M::mem_pestat] # candidate unique pairs for (FF, FR, RF, RR): (27, 39560, 98, 19)
[M::mem_pestat] analyzing insert size distribution for orientation FF...
[M::mem_pestat] (25, 50, 75) percentile: (1530, 5071, 6956)
[M::mem_pestat] low and high boundaries for computing mean and std.dev: (1, 17808)
[M::mem_pestat] mean and std.dev: (4598.85, 2981.86)
[M::mem_pestat] low and high boundaries for proper pairs: (1, 23234)
[M::mem_pestat] analyzing insert size distribution for orientation FR...
[M::mem_pestat] (25, 50, 75) percentile: (381, 386, 396)
[M::mem_pestat] low and high boundaries for computing mean and std.dev: (351, 426)
[M::mem_pestat] mean and std.dev: (389.49, 11.18)
[M::mem_pestat] low and high boundaries for proper pairs: (336, 441)
[M::mem_pestat] analyzing insert size distribution for orientation RF...
[M::mem_pestat] (25, 50, 75) percentile: (210, 228, 1457)
[M::mem_pestat] low and high boundaries for computing mean and std.dev: (1, 3951)
[M::mem_pestat] mean and std.dev: (709.11, 938.38)
[M::mem_pestat] low and high boundaries for proper pairs: (1, 5198)
[M::mem_pestat] analyzing insert size distribution for orientation RR...
[M::mem_pestat] (25, 50, 75) percentile: (2821, 5109, 8053)
[M::mem_pestat] low and high boundaries for computing mean and std.dev: (1, 18517)
[M::mem_pestat] mean and std.dev: (4810.42, 3002.52)
[M::mem_pestat] low and high boundaries for proper pairs: (1, 23749)
[M::mem_pestat] skip orientation FF
[M::mem_pestat] skip orientation RF
[M::mem_pestat] skip orientation RR
[M::mem_process_seqs] Processed 80674 reads in 5.722 CPU sec, 2.783 real sec
[M::process] read 80640 sequences (20000306 bp)...
[M::mem_pestat] # candidate unique pairs for (FF, FR, RF, RR): (43, 39486, 108, 41)
[M::mem_pestat] analyzing insert size distribution for orientation FF...
[M::mem_pestat] (25, 50, 75) percentile: (3957, 4797, 7014)
[M::mem_pestat] low and high boundaries for computing mean and std.dev: (1, 13128)
[M::mem_pestat] mean and std.dev: (4959.60, 2297.78)
[M::mem_pestat] low and high boundaries for proper pairs: (1, 16185)
[M::mem_pestat] analyzing insert size distribution for orientation FR...
[M::mem_pestat] (25, 50, 75) percentile: (381, 386, 397)
[M::mem_pestat] low and high boundaries for computing mean and std.dev: (349, 429)
[M::mem_pestat] mean and std.dev: (389.84, 11.12)
[M::mem_pestat] low and high boundaries for proper pairs: (333, 445)
[M::mem_pestat] analyzing insert size distribution for orientation RF...
[M::mem_pestat] (25, 50, 75) percentile: (214, 230, 848)
[M::mem_pestat] low and high boundaries for computing mean and std.dev: (1, 2116)
[M::mem_pestat] mean and std.dev: (390.92, 305.91)
[M::mem_pestat] low and high boundaries for proper pairs: (1, 2750)
[M::mem_pestat] analyzing insert size distribution for orientation RR...
[M::mem_pestat] (25, 50, 75) percentile: (1574, 4768, 7476)
[M::mem_pestat] low and high boundaries for computing mean and std.dev: (1, 19280)
[M::mem_pestat] mean and std.dev: (4557.15, 2971.94)
[M::mem_pestat] low and high boundaries for proper pairs: (1, 25182)
[M::mem_pestat] skip orientation FF
[M::mem_pestat] skip orientation RF
[M::mem_pestat] skip orientation RR
[M::mem_process_seqs] Processed 80640 reads in 5.349 CPU sec, 2.608 real sec
[M::process] read 80630 sequences (20000401 bp)...
[M::mem_pestat] # candidate unique pairs for (FF, FR, RF, RR): (20, 39506, 95, 33)
[M::mem_pestat] analyzing insert size distribution for orientation FF...
[M::mem_pestat] (25, 50, 75) percentile: (3331, 6602, 8243)
[M::mem_pestat] low and high boundaries for computing mean and std.dev: (1, 18067)
[M::mem_pestat] mean and std.dev: (5389.55, 2896.69)
[M::mem_pestat] low and high boundaries for proper pairs: (1, 22979)
[M::mem_pestat] analyzing insert size distribution for orientation FR...
[M::mem_pestat] (25, 50, 75) percentile: (381, 386, 396)
[M::mem_pestat] low and high boundaries for computing mean and std.dev: (351, 426)
[M::mem_pestat] mean and std.dev: (389.52, 11.07)
[M::mem_pestat] low and high boundaries for proper pairs: (336, 441)
[M::mem_pestat] analyzing insert size distribution for orientation RF...
[M::mem_pestat] (25, 50, 75) percentile: (214, 303, 1117)
[M::mem_pestat] low and high boundaries for computing mean and std.dev: (1, 2923)
[M::mem_pestat] mean and std.dev: (578.79, 633.54)
[M::mem_pestat] low and high boundaries for proper pairs: (1, 3826)
[M::mem_pestat] analyzing insert size distribution for orientation RR...
[M::mem_pestat] (25, 50, 75) percentile: (625, 3663, 7229)
[M::mem_pestat] low and high boundaries for computing mean and std.dev: (1, 20437)
[M::mem_pestat] mean and std.dev: (3987.67, 2999.41)
[M::mem_pestat] low and high boundaries for proper pairs: (1, 27041)
[M::mem_pestat] skip orientation FF
[M::mem_pestat] skip orientation RF
[M::mem_pestat] skip orientation RR
[M::mem_process_seqs] Processed 80630 reads in 5.704 CPU sec, 2.738 real sec
[M::process] read 80614 sequences (20000112 bp)...
[M::mem_pestat] # candidate unique pairs for (FF, FR, RF, RR): (27, 39499, 87, 41)
[M::mem_pestat] analyzing insert size distribution for orientation FF...
[M::mem_pestat] (25, 50, 75) percentile: (3093, 5499, 7157)
[M::mem_pestat] low and high boundaries for computing mean and std.dev: (1, 15285)
[M::mem_pestat] mean and std.dev: (5053.70, 2850.43)
[M::mem_pestat] low and high boundaries for proper pairs: (1, 19349)
[M::mem_pestat] analyzing insert size distribution for orientation FR...
[M::mem_pestat] (25, 50, 75) percentile: (381, 386, 397)
[M::mem_pestat] low and high boundaries for computing mean and std.dev: (349, 429)
[M::mem_pestat] mean and std.dev: (389.89, 11.15)
[M::mem_pestat] low and high boundaries for proper pairs: (333, 445)
[M::mem_pestat] analyzing insert size distribution for orientation RF...
[M::mem_pestat] (25, 50, 75) percentile: (207, 215, 1225)
[M::mem_pestat] low and high boundaries for computing mean and std.dev: (1, 3261)
[M::mem_pestat] mean and std.dev: (566.39, 705.88)
[M::mem_pestat] low and high boundaries for proper pairs: (1, 4279)
[M::mem_pestat] analyzing insert size distribution for orientation RR...
[M::mem_pestat] (25, 50, 75) percentile: (2485, 5465, 6814)
[M::mem_pestat] low and high boundaries for computing mean and std.dev: (1, 15472)
[M::mem_pestat] mean and std.dev: (5073.54, 2641.32)
[M::mem_pestat] low and high boundaries for proper pairs: (1, 19801)
[M::mem_pestat] skip orientation FF
[M::mem_pestat] skip orientation RF
[M::mem_pestat] skip orientation RR
[M::mem_process_seqs] Processed 80614 reads in 5.181 CPU sec, 2.539 real sec
[M::process] read 80536 sequences (20000068 bp)...
[M::mem_pestat] # candidate unique pairs for (FF, FR, RF, RR): (25, 39480, 102, 28)
[M::mem_pestat] analyzing insert size distribution for orientation FF...
[M::mem_pestat] (25, 50, 75) percentile: (2791, 3737, 6426)
[M::mem_pestat] low and high boundaries for computing mean and std.dev: (1, 13696)
[M::mem_pestat] mean and std.dev: (4315.12, 2411.32)
[M::mem_pestat] low and high boundaries for proper pairs: (1, 17331)
[M::mem_pestat] analyzing insert size distribution for orientation FR...
[M::mem_pestat] (25, 50, 75) percentile: (381, 386, 396)
[M::mem_pestat] low and high boundaries for computing mean and std.dev: (351, 426)
[M::mem_pestat] mean and std.dev: (389.58, 11.15)
[M::mem_pestat] low and high boundaries for proper pairs: (336, 441)
[M::mem_pestat] analyzing insert size distribution for orientation RF...
[M::mem_pestat] (25, 50, 75) percentile: (214, 295, 2001)
[M::mem_pestat] low and high boundaries for computing mean and std.dev: (1, 5575)
[M::mem_pestat] mean and std.dev: (992.65, 1339.02)
[M::mem_pestat] low and high boundaries for proper pairs: (1, 7362)
[M::mem_pestat] analyzing insert size distribution for orientation RR...
[M::mem_pestat] (25, 50, 75) percentile: (2657, 4312, 5505)
[M::mem_pestat] low and high boundaries for computing mean and std.dev: (1, 11201)
[M::mem_pestat] mean and std.dev: (4097.71, 2221.32)
[M::mem_pestat] low and high boundaries for proper pairs: (1, 14049)
[M::mem_pestat] skip orientation FF
[M::mem_pestat] skip orientation RF
[M::mem_pestat] skip orientation RR
[M::mem_process_seqs] Processed 80536 reads in 5.522 CPU sec, 2.667 real sec
[M::process] read 80566 sequences (20000366 bp)...
[M::mem_pestat] # candidate unique pairs for (FF, FR, RF, RR): (35, 39424, 120, 43)
[M::mem_pestat] analyzing insert size distribution for orientation FF...
[M::mem_pestat] (25, 50, 75) percentile: (2464, 3318, 6660)
[M::mem_pestat] low and high boundaries for computing mean and std.dev: (1, 15052)
[M::mem_pestat] mean and std.dev: (4487.97, 2996.81)
[M::mem_pestat] low and high boundaries for proper pairs: (1, 19248)
[M::mem_pestat] analyzing insert size distribution for orientation FR...
[M::mem_pestat] (25, 50, 75) percentile: (381, 386, 397)
[M::mem_pestat] low and high boundaries for computing mean and std.dev: (349, 429)
[M::mem_pestat] mean and std.dev: (389.66, 11.20)
[M::mem_pestat] low and high boundaries for proper pairs: (333, 445)
[M::mem_pestat] analyzing insert size distribution for orientation RF...
[M::mem_pestat] (25, 50, 75) percentile: (207, 303, 1024)
[M::mem_pestat] low and high boundaries for computing mean and std.dev: (1, 2658)
[M::mem_pestat] mean and std.dev: (532.13, 547.40)
[M::mem_pestat] low and high boundaries for proper pairs: (1, 3475)
[M::mem_pestat] analyzing insert size distribution for orientation RR...
[M::mem_pestat] (25, 50, 75) percentile: (1253, 3353, 6092)
[M::mem_pestat] low and high boundaries for computing mean and std.dev: (1, 15770)
[M::mem_pestat] mean and std.dev: (3795.33, 2853.63)
[M::mem_pestat] low and high boundaries for proper pairs: (1, 20609)
[M::mem_pestat] skip orientation FF
[M::mem_pestat] skip orientation RF
[M::mem_pestat] skip orientation RR
[M::mem_process_seqs] Processed 80566 reads in 5.947 CPU sec, 2.907 real sec
[M::process] read 80496 sequences (20000231 bp)...
[M::mem_pestat] # candidate unique pairs for (FF, FR, RF, RR): (22, 39511, 92, 27)
[M::mem_pestat] analyzing insert size distribution for orientation FF...
[M::mem_pestat] (25, 50, 75) percentile: (1874, 4166, 6390)
[M::mem_pestat] low and high boundaries for computing mean and std.dev: (1, 15422)
[M::mem_pestat] mean and std.dev: (4325.23, 2658.12)
[M::mem_pestat] low and high boundaries for proper pairs: (1, 19938)
[M::mem_pestat] analyzing insert size distribution for orientation FR...
[M::mem_pestat] (25, 50, 75) percentile: (381, 386, 396)
[M::mem_pestat] low and high boundaries for computing mean and std.dev: (351, 426)
[M::mem_pestat] mean and std.dev: (389.60, 11.12)
[M::mem_pestat] low and high boundaries for proper pairs: (336, 441)
[M::mem_pestat] analyzing insert size distribution for orientation RF...
[M::mem_pestat] (25, 50, 75) percentile: (214, 233, 1469)
[M::mem_pestat] low and high boundaries for computing mean and std.dev: (1, 3979)
[M::mem_pestat] mean and std.dev: (695.41, 839.19)
[M::mem_pestat] low and high boundaries for proper pairs: (1, 5234)
[M::mem_pestat] analyzing insert size distribution for orientation RR...
[M::mem_pestat] (25, 50, 75) percentile: (1552, 3396, 6363)
[M::mem_pestat] low and high boundaries for computing mean and std.dev: (1, 15985)
[M::mem_pestat] mean and std.dev: (4053.81, 2727.53)
[M::mem_pestat] low and high boundaries for proper pairs: (1, 20796)
[M::mem_pestat] skip orientation FF
[M::mem_pestat] skip orientation RF
[M::mem_pestat] skip orientation RR
[M::mem_process_seqs] Processed 80496 reads in 5.616 CPU sec, 2.734 real sec
[M::process] read 80698 sequences (20000405 bp)...
[M::mem_pestat] # candidate unique pairs for (FF, FR, RF, RR): (35, 39485, 105, 33)
[M::mem_pestat] analyzing insert size distribution for orientation FF...
[M::mem_pestat] (25, 50, 75) percentile: (2905, 5101, 7476)
[M::mem_pestat] low and high boundaries for computing mean and std.dev: (1, 16618)
[M::mem_pestat] mean and std.dev: (4988.94, 2732.37)
[M::mem_pestat] low and high boundaries for proper pairs: (1, 21189)
[M::mem_pestat] analyzing insert size distribution for orientation FR...
[M::mem_pestat] (25, 50, 75) percentile: (381, 386, 396)
[M::mem_pestat] low and high boundaries for computing mean and std.dev: (351, 426)
[M::mem_pestat] mean and std.dev: (389.65, 11.11)
[M::mem_pestat] low and high boundaries for proper pairs: (336, 441)
[M::mem_pestat] analyzing insert size distribution for orientation RF...
[M::mem_pestat] (25, 50, 75) percentile: (208, 243, 2115)
[M::mem_pestat] low and high boundaries for computing mean and std.dev: (1, 5929)
[M::mem_pestat] mean and std.dev: (1059.40, 1452.37)
[M::mem_pestat] low and high boundaries for proper pairs: (1, 7836)
[M::mem_pestat] analyzing insert size distribution for orientation RR...
[M::mem_pestat] (25, 50, 75) percentile: (2412, 5402, 7655)
[M::mem_pestat] low and high boundaries for computing mean and std.dev: (1, 18141)
[M::mem_pestat] mean and std.dev: (5015.36, 2865.60)
[M::mem_pestat] low and high boundaries for proper pairs: (1, 23384)
[M::mem_pestat] skip orientation FF
[M::mem_pestat] skip orientation RF
[M::mem_pestat] skip orientation RR
[M::mem_process_seqs] Processed 80698 reads in 5.590 CPU sec, 2.723 real sec
[M::process] read 80628 sequences (20000020 bp)...
[M::mem_pestat] # candidate unique pairs for (FF, FR, RF, RR): (30, 39502, 108, 36)
[M::mem_pestat] analyzing insert size distribution for orientation FF...
[M::mem_pestat] (25, 50, 75) percentile: (1223, 2824, 7426)
[M::mem_pestat] low and high boundaries for computing mean and std.dev: (1, 19832)
[M::mem_pestat] mean and std.dev: (4211.17, 3222.61)
[M::mem_pestat] low and high boundaries for proper pairs: (1, 26035)
[M::mem_pestat] analyzing insert size distribution for orientation FR...
[M::mem_pestat] (25, 50, 75) percentile: (381, 386, 397)
[M::mem_pestat] low and high boundaries for computing mean and std.dev: (349, 429)
[M::mem_pestat] mean and std.dev: (389.65, 11.26)
[M::mem_pestat] low and high boundaries for proper pairs: (333, 445)
[M::mem_pestat] analyzing insert size distribution for orientation RF...
[M::mem_pestat] (25, 50, 75) percentile: (214, 541, 2117)
[M::mem_pestat] low and high boundaries for computing mean and std.dev: (1, 5923)
[M::mem_pestat] mean and std.dev: (889.75, 1249.71)
[M::mem_pestat] low and high boundaries for proper pairs: (1, 7826)
[M::mem_pestat] analyzing insert size distribution for orientation RR...
[M::mem_pestat] (25, 50, 75) percentile: (2999, 4031, 5744)
[M::mem_pestat] low and high boundaries for computing mean and std.dev: (1, 11234)
[M::mem_pestat] mean and std.dev: (4045.72, 2257.44)
[M::mem_pestat] low and high boundaries for proper pairs: (1, 13979)
[M::mem_pestat] skip orientation FF
[M::mem_pestat] skip orientation RF
[M::mem_pestat] skip orientation RR
[M::mem_process_seqs] Processed 80628 reads in 5.365 CPU sec, 2.623 real sec
[M::process] read 80630 sequences (20000423 bp)...
[M::mem_pestat] # candidate unique pairs for (FF, FR, RF, RR): (27, 39543, 84, 37)
[M::mem_pestat] analyzing insert size distribution for orientation FF...
[M::mem_pestat] (25, 50, 75) percentile: (3621, 6355, 8543)
[M::mem_pestat] low and high boundaries for computing mean and std.dev: (1, 18387)
[M::mem_pestat] mean and std.dev: (5778.37, 2670.78)
[M::mem_pestat] low and high boundaries for proper pairs: (1, 23309)
[M::mem_pestat] analyzing insert size distribution for orientation FR...
[M::mem_pestat] (25, 50, 75) percentile: (381, 386, 397)
[M::mem_pestat] low and high boundaries for computing mean and std.dev: (349, 429)
[M::mem_pestat] mean and std.dev: (389.65, 11.14)
[M::mem_pestat] low and high boundaries for proper pairs: (333, 445)
[M::mem_pestat] analyzing insert size distribution for orientation RF...
[M::mem_pestat] (25, 50, 75) percentile: (207, 223, 1195)
[M::mem_pestat] low and high boundaries for computing mean and std.dev: (1, 3171)
[M::mem_pestat] mean and std.dev: (574.58, 681.69)
[M::mem_pestat] low and high boundaries for proper pairs: (1, 4159)
[M::mem_pestat] analyzing insert size distribution for orientation RR...
[M::mem_pestat] (25, 50, 75) percentile: (952, 2498, 5964)
[M::mem_pestat] low and high boundaries for computing mean and std.dev: (1, 15988)
[M::mem_pestat] mean and std.dev: (3450.51, 2638.38)
[M::mem_pestat] low and high boundaries for proper pairs: (1, 21000)
[M::mem_pestat] skip orientation FF
[M::mem_pestat] skip orientation RF
[M::mem_pestat] skip orientation RR
[M::mem_process_seqs] Processed 80630 reads in 5.432 CPU sec, 2.644 real sec
[M::process] read 80624 sequences (20000355 bp)...
[M::mem_pestat] # candidate unique pairs for (FF, FR, RF, RR): (32, 39489, 97, 27)
[M::mem_pestat] analyzing insert size distribution for orientation FF...
[M::mem_pestat] (25, 50, 75) percentile: (1614, 5004, 6996)
[M::mem_pestat] low and high boundaries for computing mean and std.dev: (1, 17760)
[M::mem_pestat] mean and std.dev: (4519.38, 3021.95)
[M::mem_pestat] low and high boundaries for proper pairs: (1, 23142)
[M::mem_pestat] analyzing insert size distribution for orientation FR...
[M::mem_pestat] (25, 50, 75) percentile: (381, 386, 396)
[M::mem_pestat] low and high boundaries for computing mean and std.dev: (351, 426)
[M::mem_pestat] mean and std.dev: (389.74, 11.08)
[M::mem_pestat] low and high boundaries for proper pairs: (336, 441)
[M::mem_pestat] analyzing insert size distribution for orientation RF...
[M::mem_pestat] (25, 50, 75) percentile: (207, 223, 2117)
[M::mem_pestat] low and high boundaries for computing mean and std.dev: (1, 5937)
[M::mem_pestat] mean and std.dev: (954.01, 1380.74)
[M::mem_pestat] low and high boundaries for proper pairs: (1, 7847)
[M::mem_pestat] analyzing insert size distribution for orientation RR...
[M::mem_pestat] (25, 50, 75) percentile: (2481, 4956, 7315)
[M::mem_pestat] low and high boundaries for computing mean and std.dev: (1, 16983)
[M::mem_pestat] mean and std.dev: (4752.52, 3029.38)
[M::mem_pestat] low and high boundaries for proper pairs: (1, 21817)
[M::mem_pestat] skip orientation FF
[M::mem_pestat] skip orientation RF
[M::mem_pestat] skip orientation RR
[M::mem_process_seqs] Processed 80624 reads in 4.978 CPU sec, 2.399 real sec
[M::process] read 80624 sequences (20000327 bp)...
[M::mem_pestat] # candidate unique pairs for (FF, FR, RF, RR): (20, 39486, 115, 29)
[M::mem_pestat] analyzing insert size distribution for orientation FF...
[M::mem_pestat] (25, 50, 75) percentile: (2460, 4558, 6404)
[M::mem_pestat] low and high boundaries for computing mean and std.dev: (1, 14292)
[M::mem_pestat] mean and std.dev: (4749.90, 2601.21)
[M::mem_pestat] low and high boundaries for proper pairs: (1, 18236)
[M::mem_pestat] analyzing insert size distribution for orientation FR...
[M::mem_pestat] (25, 50, 75) percentile: (381, 386, 396)
[M::mem_pestat] low and high boundaries for computing mean and std.dev: (351, 426)
[M::mem_pestat] mean and std.dev: (389.59, 11.06)
[M::mem_pestat] low and high boundaries for proper pairs: (336, 441)
[M::mem_pestat] analyzing insert size distribution for orientation RF...
[M::mem_pestat] (25, 50, 75) percentile: (207, 215, 826)
[M::mem_pestat] low and high boundaries for computing mean and std.dev: (1, 2064)
[M::mem_pestat] mean and std.dev: (351.94, 335.96)
[M::mem_pestat] low and high boundaries for proper pairs: (1, 2683)
[M::mem_pestat] analyzing insert size distribution for orientation RR...
[M::mem_pestat] (25, 50, 75) percentile: (3221, 5958, 7064)
[M::mem_pestat] low and high boundaries for computing mean and std.dev: (1, 14750)
[M::mem_pestat] mean and std.dev: (4958.55, 2624.66)
[M::mem_pestat] low and high boundaries for proper pairs: (1, 18593)
[M::mem_pestat] skip orientation FF
[M::mem_pestat] skip orientation RF
[M::mem_pestat] skip orientation RR
[M::mem_process_seqs] Processed 80624 reads in 5.509 CPU sec, 2.672 real sec
[M::process] read 80508 sequences (20000091 bp)...
[M::mem_pestat] # candidate unique pairs for (FF, FR, RF, RR): (35, 39450, 121, 34)
[M::mem_pestat] analyzing insert size distribution for orientation FF...
[M::mem_pestat] (25, 50, 75) percentile: (2788, 4959, 7541)
[M::mem_pestat] low and high boundaries for computing mean and std.dev: (1, 17047)
[M::mem_pestat] mean and std.dev: (5093.69, 2650.96)
[M::mem_pestat] low and high boundaries for proper pairs: (1, 21800)
[M::mem_pestat] analyzing insert size distribution for orientation FR...
[M::mem_pestat] (25, 50, 75) percentile: (381, 386, 397)
[M::mem_pestat] low and high boundaries for computing mean and std.dev: (349, 429)
[M::mem_pestat] mean and std.dev: (389.73, 11.07)
[M::mem_pestat] low and high boundaries for proper pairs: (333, 445)
[M::mem_pestat] analyzing insert size distribution for orientation RF...
[M::mem_pestat] (25, 50, 75) percentile: (207, 217, 825)
[M::mem_pestat] low and high boundaries for computing mean and std.dev: (1, 2061)
[M::mem_pestat] mean and std.dev: (398.22, 354.21)
[M::mem_pestat] low and high boundaries for proper pairs: (1, 2679)
[M::mem_pestat] analyzing insert size distribution for orientation RR...
[M::mem_pestat] (25, 50, 75) percentile: (1527, 5188, 7321)
[M::mem_pestat] low and high boundaries for computing mean and std.dev: (1, 18909)
[M::mem_pestat] mean and std.dev: (4667.32, 3016.74)
[M::mem_pestat] low and high boundaries for proper pairs: (1, 24703)
[M::mem_pestat] skip orientation FF
[M::mem_pestat] skip orientation RF
[M::mem_pestat] skip orientation RR
[M::mem_process_seqs] Processed 80508 reads in 5.418 CPU sec, 2.612 real sec
[M::process] read 80586 sequences (20000005 bp)...
[M::mem_pestat] # candidate unique pairs for (FF, FR, RF, RR): (31, 39483, 104, 36)
[M::mem_pestat] analyzing insert size distribution for orientation FF...
[M::mem_pestat] (25, 50, 75) percentile: (2648, 5225, 7325)
[M::mem_pestat] low and high boundaries for computing mean and std.dev: (1, 16679)
[M::mem_pestat] mean and std.dev: (5218.45, 2705.44)
[M::mem_pestat] low and high boundaries for proper pairs: (1, 21356)
[M::mem_pestat] analyzing insert size distribution for orientation FR...
[M::mem_pestat] (25, 50, 75) percentile: (381, 386, 396)
[M::mem_pestat] low and high boundaries for computing mean and std.dev: (351, 426)
[M::mem_pestat] mean and std.dev: (389.68, 11.11)
[M::mem_pestat] low and high boundaries for proper pairs: (336, 441)
[M::mem_pestat] analyzing insert size distribution for orientation RF...
[M::mem_pestat] (25, 50, 75) percentile: (207, 218, 2075)
[M::mem_pestat] low and high boundaries for computing mean and std.dev: (1, 5811)
[M::mem_pestat] mean and std.dev: (925.97, 1450.87)
[M::mem_pestat] low and high boundaries for proper pairs: (1, 7679)
[M::mem_pestat] analyzing insert size distribution for orientation RR...
[M::mem_pestat] (25, 50, 75) percentile: (1902, 6411, 7616)
[M::mem_pestat] low and high boundaries for computing mean and std.dev: (1, 19044)
[M::mem_pestat] mean and std.dev: (5198.19, 2957.89)
[M::mem_pestat] low and high boundaries for proper pairs: (1, 24758)
[M::mem_pestat] skip orientation FF
[M::mem_pestat] skip orientation RF
[M::mem_pestat] skip orientation RR
[M::mem_process_seqs] Processed 80586 reads in 5.439 CPU sec, 2.649 real sec
[M::process] read 80522 sequences (20000276 bp)...
[M::mem_pestat] # candidate unique pairs for (FF, FR, RF, RR): (30, 39470, 100, 25)
[M::mem_pestat] analyzing insert size distribution for orientation FF...
[M::mem_pestat] (25, 50, 75) percentile: (4622, 6355, 7292)
[M::mem_pestat] low and high boundaries for computing mean and std.dev: (1, 12632)
[M::mem_pestat] mean and std.dev: (5828.80, 2638.39)
[M::mem_pestat] low and high boundaries for proper pairs: (1, 16382)
[M::mem_pestat] analyzing insert size distribution for orientation FR...
[M::mem_pestat] (25, 50, 75) percentile: (381, 386, 397)
[M::mem_pestat] low and high boundaries for computing mean and std.dev: (349, 429)
[M::mem_pestat] mean and std.dev: (389.83, 11.14)
[M::mem_pestat] low and high boundaries for proper pairs: (333, 445)
[M::mem_pestat] analyzing insert size distribution for orientation RF...
[M::mem_pestat] (25, 50, 75) percentile: (207, 231, 1497)
[M::mem_pestat] low and high boundaries for computing mean and std.dev: (1, 4077)
[M::mem_pestat] mean and std.dev: (656.37, 759.19)
[M::mem_pestat] low and high boundaries for proper pairs: (1, 5367)
[M::mem_pestat] analyzing insert size distribution for orientation RR...
[M::mem_pestat] (25, 50, 75) percentile: (1206, 4325, 8362)
[M::mem_pestat] low and high boundaries for computing mean and std.dev: (1, 22674)
[M::mem_pestat] mean and std.dev: (4501.84, 3221.84)
[M::mem_pestat] low and high boundaries for proper pairs: (1, 29830)
[M::mem_pestat] skip orientation FF
[M::mem_pestat] skip orientation RF
[M::mem_pestat] skip orientation RR
[M::mem_process_seqs] Processed 80522 reads in 5.533 CPU sec, 2.695 real sec
[M::process] read 44368 sequences (11022332 bp)...
[M::mem_pestat] # candidate unique pairs for (FF, FR, RF, RR): (12, 21796, 49, 14)
[M::mem_pestat] analyzing insert size distribution for orientation FF...
[M::mem_pestat] (25, 50, 75) percentile: (2124, 4325, 4489)
[M::mem_pestat] low and high boundaries for computing mean and std.dev: (1, 9219)
[M::mem_pestat] mean and std.dev: (3495.42, 2093.53)
[M::mem_pestat] low and high boundaries for proper pairs: (1, 11870)
[M::mem_pestat] analyzing insert size distribution for orientation FR...
[M::mem_pestat] (25, 50, 75) percentile: (381, 386, 394)
[M::mem_pestat] low and high boundaries for computing mean and std.dev: (355, 420)
[M::mem_pestat] mean and std.dev: (389.33, 11.05)
[M::mem_pestat] low and high boundaries for proper pairs: (342, 434)
[M::mem_pestat] analyzing insert size distribution for orientation RF...
[M::mem_pestat] (25, 50, 75) percentile: (207, 303, 1460)
[M::mem_pestat] low and high boundaries for computing mean and std.dev: (1, 3966)
[M::mem_pestat] mean and std.dev: (753.51, 850.37)
[M::mem_pestat] low and high boundaries for proper pairs: (1, 5219)
[M::mem_pestat] analyzing insert size distribution for orientation RR...
[M::mem_pestat] (25, 50, 75) percentile: (623, 3523, 7634)
[M::mem_pestat] low and high boundaries for computing mean and std.dev: (1, 21656)
[M::mem_pestat] mean and std.dev: (3981.43, 3554.18)
[M::mem_pestat] low and high boundaries for proper pairs: (1, 28667)
[M::mem_pestat] skip orientation FF
[M::mem_pestat] skip orientation RF
[M::mem_pestat] skip orientation RR
[M::mem_process_seqs] Processed 44368 reads in 3.081 CPU sec, 1.490 real sec
[main] Version: 0.7.17-r1188
[main] CMD: bwa mem -t 2 SC2190/core/viral_reference SC2190/adapter_trimmed/SC2190_R1_val_1_posttrim_filter.fq.gz SC2190/adapter_trimmed/SC2190_R2_val_2_posttrim_filter.fq.gz
[main] Real time: 55.470 sec; CPU: 96.157 sec
[bam_sort_core] merging from 0 files and 2 in-memory blocks...
