Path to Cutadapt set as: 'cutadapt' (default)
Cutadapt seems to be working fine (tested command 'cutadapt --version')
Cutadapt version: 4.1
Could not detect version of Python used by Cutadapt from the first line of Cutadapt (but found this: >>>#!/bin/sh<<<)
Letting the (modified) Cutadapt deal with the Python version instead
Parallel gzip (pigz) detected. Proceeding with multicore (de)compression using 2 cores

No quality encoding type selected. Assuming that the data provided uses Sanger encoded Phred scores (default)

Output will be written into the directory: /workspace/home/nasirja/covid-19-signal/subset_viral_7_results_dir/SC2293/adapter_trimmed/


AUTO-DETECTING ADAPTER TYPE
===========================
Attempting to auto-detect adapter type from the first 1 million sequences of the first file (>> SC2293/host_removal/SC2293_R1.fastq.gz <<)

Found perfect matches for the following adapter sequences:
Adapter type	Count	Sequence	Sequences analysed	Percentage
Illumina	21140	AGATCGGAAGAGC	947445	2.23
Nextera	0	CTGTCTCTTATA	947445	0.00
smallRNA	0	TGGAATTCTCGG	947445	0.00
Using Illumina adapter for trimming (count: 21140). Second best hit was Nextera (count: 0)

Writing report to '/workspace/home/nasirja/covid-19-signal/subset_viral_7_results_dir/SC2293/adapter_trimmed/SC2293_R1.fastq.gz_trimming_report.txt'

SUMMARISING RUN PARAMETERS
==========================
Input filename: SC2293/host_removal/SC2293_R1.fastq.gz
Trimming mode: paired-end
Trim Galore version: 0.6.4_dev
Cutadapt version: 4.1
Python version: could not detect
Number of cores used for trimming: 2
Quality Phred score cutoff: 20
Quality encoding type selected: ASCII+33
Adapter sequence: 'AGATCGGAAGAGC' (Illumina TruSeq, Sanger iPCR; auto-detected)
Maximum trimming error rate: 0.1 (default)
Minimum required adapter overlap (stringency): 1 bp
Minimum required sequence length for both reads before a sequence pair gets removed: 20 bp
Running FastQC on the data once trimming has completed
Output file(s) will be GZIP compressed

Cutadapt seems to be fairly up-to-date (version 4.1). Setting -j 2
Writing final adapter and quality trimmed output to SC2293_R1_trimmed.fq.gz


  >>> Now performing quality (cutoff '-q 20') and adapter trimming in a single pass for the adapter sequence: 'AGATCGGAAGAGC' from file SC2293/host_removal/SC2293_R1.fastq.gz <<< 
This is cutadapt 4.1 with Python 3.9.13
Command line parameters: -j 2 -e 0.1 -q 20 -O 1 -a AGATCGGAAGAGC SC2293/host_removal/SC2293_R1.fastq.gz
Processing single-end reads on 2 cores ...
Finished in 38.56 s (41 µs/read; 1.47 M reads/minute).

=== Summary ===

Total reads processed:                 947,445
Reads with adapters:                   329,470 (34.8%)
Reads written (passing filters):       947,445 (100.0%)

Total basepairs processed:   237,808,695 bp
Quality-trimmed:               2,161,425 bp (0.9%)
Total written (filtered):    233,285,173 bp (98.1%)

=== Adapter 1 ===

Sequence: AGATCGGAAGAGC; Type: regular 3'; Length: 13; Trimmed: 329470 times

Minimum overlap: 1
No. of allowed errors:
1-9 bp: 0; 10-13 bp: 1

Bases preceding removed adapters:
  A: 35.0%
  C: 18.7%
  G: 11.4%
  T: 34.4%
  none/other: 0.6%

Overview of removed sequences
length	count	expect	max.err	error counts
1	212067	236861.2	0	212067
2	73471	59215.3	0	73471
3	5855	14803.8	0	5855
4	1816	3701.0	0	1816
5	209	925.2	0	209
6	408	231.3	0	408
7	10269	57.8	0	10269
8	286	14.5	0	286
9	419	3.6	0	418 1
10	348	0.9	1	337 11
11	183	0.2	1	175 8
12	244	0.1	1	235 9
13	99	0.0	1	87 12
14	87	0.0	1	75 12
15	115	0.0	1	106 9
16	79	0.0	1	70 9
17	172	0.0	1	157 15
18	106	0.0	1	95 11
19	58	0.0	1	52 6
20	163	0.0	1	147 16
21	120	0.0	1	104 16
22	118	0.0	1	113 5
23	83	0.0	1	81 2
24	1166	0.0	1	1132 34
25	237	0.0	1	228 9
26	42	0.0	1	38 4
27	112	0.0	1	100 12
28	330	0.0	1	312 18
29	154	0.0	1	138 16
30	134	0.0	1	127 7
31	80	0.0	1	73 7
32	166	0.0	1	149 17
33	42	0.0	1	30 12
34	182	0.0	1	171 11
35	137	0.0	1	120 17
36	105	0.0	1	94 11
37	1445	0.0	1	1389 56
38	161	0.0	1	155 6
39	92	0.0	1	89 3
40	75	0.0	1	71 4
41	79	0.0	1	73 6
42	148	0.0	1	138 10
43	240	0.0	1	224 16
44	65	0.0	1	61 4
45	53	0.0	1	47 6
46	61	0.0	1	51 10
47	78	0.0	1	69 9
48	39	0.0	1	34 5
49	104	0.0	1	90 14
50	57	0.0	1	51 6
51	77	0.0	1	68 9
52	62	0.0	1	48 14
53	50	0.0	1	40 10
54	112	0.0	1	97 15
55	71	0.0	1	66 5
56	39	0.0	1	31 8
57	59	0.0	1	54 5
58	28	0.0	1	23 5
59	92	0.0	1	87 5
60	46	0.0	1	43 3
61	68	0.0	1	62 6
62	46	0.0	1	44 2
63	54	0.0	1	47 7
64	31	0.0	1	27 4
65	58	0.0	1	49 9
66	57	0.0	1	47 10
67	31	0.0	1	31
68	42	0.0	1	33 9
69	84	0.0	1	76 8
70	82	0.0	1	77 5
71	130	0.0	1	117 13
72	179	0.0	1	163 16
73	311	0.0	1	264 47
74	423	0.0	1	359 64
75	899	0.0	1	754 145
76	2515	0.0	1	2281 234
77	2029	0.0	1	1865 164
78	1269	0.0	1	1143 126
79	719	0.0	1	626 93
80	509	0.0	1	440 69
81	313	0.0	1	277 36
82	261	0.0	1	230 31
83	215	0.0	1	185 30
84	161	0.0	1	146 15
85	145	0.0	1	122 23
86	154	0.0	1	127 27
87	107	0.0	1	93 14
88	104	0.0	1	91 13
89	116	0.0	1	99 17
90	89	0.0	1	77 12
91	68	0.0	1	58 10
92	82	0.0	1	73 9
93	118	0.0	1	107 11
94	614	0.0	1	595 19
95	103	0.0	1	88 15
96	150	0.0	1	135 15
97	59	0.0	1	49 10
98	54	0.0	1	49 5
99	53	0.0	1	44 9
100	40	0.0	1	35 5
101	35	0.0	1	30 5
102	46	0.0	1	39 7
103	44	0.0	1	38 6
104	32	0.0	1	26 6
105	69	0.0	1	61 8
106	30	0.0	1	23 7
107	58	0.0	1	50 8
108	49	0.0	1	42 7
109	28	0.0	1	25 3
110	32	0.0	1	25 7
111	64	0.0	1	56 8
112	26	0.0	1	20 6
113	53	0.0	1	43 10
114	27	0.0	1	23 4
115	37	0.0	1	28 9
116	37	0.0	1	26 11
117	50	0.0	1	43 7
118	23	0.0	1	15 8
119	15	0.0	1	12 3
120	20	0.0	1	14 6
121	24	0.0	1	19 5
122	19	0.0	1	15 4
123	45	0.0	1	37 8
124	25	0.0	1	19 6
125	13	0.0	1	10 3
126	26	0.0	1	19 7
127	26	0.0	1	23 3
128	22	0.0	1	17 5
129	26	0.0	1	21 5
130	16	0.0	1	11 5
131	20	0.0	1	14 6
132	15	0.0	1	10 5
133	38	0.0	1	30 8
134	30	0.0	1	18 12
135	17	0.0	1	13 4
136	19	0.0	1	15 4
137	13	0.0	1	8 5
138	13	0.0	1	6 7
139	12	0.0	1	6 6
140	20	0.0	1	12 8
141	26	0.0	1	23 3
142	12	0.0	1	6 6
143	20	0.0	1	13 7
144	12	0.0	1	10 2
145	17	0.0	1	7 10
146	17	0.0	1	13 4
147	48	0.0	1	39 9
148	19	0.0	1	11 8
149	29	0.0	1	25 4
150	16	0.0	1	12 4
151	27	0.0	1	22 5
152	30	0.0	1	19 11
153	47	0.0	1	41 6
154	54	0.0	1	44 10
155	37	0.0	1	32 5
156	112	0.0	1	106 6
157	58	0.0	1	47 11
158	40	0.0	1	35 5
159	43	0.0	1	40 3
160	71	0.0	1	61 10
161	37	0.0	1	32 5
162	45	0.0	1	41 4
163	34	0.0	1	28 6
164	43	0.0	1	40 3
165	41	0.0	1	33 8
166	70	0.0	1	65 5
167	57	0.0	1	56 1
168	52	0.0	1	46 6
169	29	0.0	1	27 2
170	16	0.0	1	12 4
171	20	0.0	1	14 6
172	64	0.0	1	54 10
173	20	0.0	1	16 4
174	24	0.0	1	21 3
175	73	0.0	1	68 5
176	27	0.0	1	22 5
177	35	0.0	1	28 7
178	29	0.0	1	22 7
179	10	0.0	1	6 4
180	18	0.0	1	13 5
181	42	0.0	1	37 5
182	12	0.0	1	9 3
183	17	0.0	1	13 4
184	13	0.0	1	10 3
185	73	0.0	1	69 4
186	8	0.0	1	5 3
187	24	0.0	1	17 7
188	11	0.0	1	6 5
189	21	0.0	1	19 2
190	24	0.0	1	21 3
191	15	0.0	1	13 2
192	32	0.0	1	29 3
193	21	0.0	1	19 2
194	10	0.0	1	8 2
195	14	0.0	1	11 3
196	8	0.0	1	5 3
197	10	0.0	1	7 3
198	14	0.0	1	11 3
199	8	0.0	1	7 1
200	15	0.0	1	15
201	10	0.0	1	8 2
202	13	0.0	1	9 4
203	29	0.0	1	27 2
204	7	0.0	1	7
205	23	0.0	1	20 3
206	17	0.0	1	12 5
207	39	0.0	1	37 2
208	24	0.0	1	23 1
209	36	0.0	1	34 2
210	26	0.0	1	23 3
211	20	0.0	1	18 2
212	13	0.0	1	13
213	12	0.0	1	10 2
214	7	0.0	1	7
215	10	0.0	1	9 1
216	3	0.0	1	2 1
217	14	0.0	1	13 1
218	2	0.0	1	2
219	2	0.0	1	2
220	3	0.0	1	2 1
221	3	0.0	1	1 2
222	1	0.0	1	1
223	3	0.0	1	2 1
225	1	0.0	1	1
226	1	0.0	1	1
227	2	0.0	1	0 2
228	2	0.0	1	1 1
229	2	0.0	1	0 2
230	4	0.0	1	4
232	3	0.0	1	0 3
234	2	0.0	1	1 1
238	1	0.0	1	0 1
239	2	0.0	1	1 1
240	3	0.0	1	2 1
241	2	0.0	1	1 1
242	2	0.0	1	1 1
243	4	0.0	1	0 4
244	4	0.0	1	0 4
245	2	0.0	1	0 2
247	7	0.0	1	0 7
248	3	0.0	1	0 3
249	8	0.0	1	0 8
250	35	0.0	1	0 35
251	441	0.0	1	0 441

RUN STATISTICS FOR INPUT FILE: SC2293/host_removal/SC2293_R1.fastq.gz
=============================================
947445 sequences processed in total
The length threshold of paired-end sequences gets evaluated later on (in the validation step)

Writing report to '/workspace/home/nasirja/covid-19-signal/subset_viral_7_results_dir/SC2293/adapter_trimmed/SC2293_R2.fastq.gz_trimming_report.txt'

SUMMARISING RUN PARAMETERS
==========================
Input filename: SC2293/host_removal/SC2293_R2.fastq.gz
Trimming mode: paired-end
Trim Galore version: 0.6.4_dev
Cutadapt version: 4.1
Python version: could not detect
Number of cores used for trimming: 2
Quality Phred score cutoff: 20
Quality encoding type selected: ASCII+33
Adapter sequence: 'AGATCGGAAGAGC' (Illumina TruSeq, Sanger iPCR; auto-detected)
Maximum trimming error rate: 0.1 (default)
Minimum required adapter overlap (stringency): 1 bp
Minimum required sequence length for both reads before a sequence pair gets removed: 20 bp
Running FastQC on the data once trimming has completed
Output file(s) will be GZIP compressed

Cutadapt seems to be fairly up-to-date (version 4.1). Setting -j -j 2
Writing final adapter and quality trimmed output to SC2293_R2_trimmed.fq.gz


  >>> Now performing quality (cutoff '-q 20') and adapter trimming in a single pass for the adapter sequence: 'AGATCGGAAGAGC' from file SC2293/host_removal/SC2293_R2.fastq.gz <<< 
This is cutadapt 4.1 with Python 3.9.13
Command line parameters: -j 2 -e 0.1 -q 20 -O 1 -a AGATCGGAAGAGC SC2293/host_removal/SC2293_R2.fastq.gz
Processing single-end reads on 2 cores ...
Finished in 37.87 s (40 µs/read; 1.50 M reads/minute).

=== Summary ===

Total reads processed:                 947,445
Reads with adapters:                   328,154 (34.6%)
Reads written (passing filters):       947,445 (100.0%)

Total basepairs processed:   237,808,695 bp
Quality-trimmed:               4,954,373 bp (2.1%)
Total written (filtered):    230,944,585 bp (97.1%)

=== Adapter 1 ===

Sequence: AGATCGGAAGAGC; Type: regular 3'; Length: 13; Trimmed: 328154 times

Minimum overlap: 1
No. of allowed errors:
1-9 bp: 0; 10-13 bp: 1

Bases preceding removed adapters:
  A: 38.0%
  C: 18.5%
  G: 11.2%
  T: 31.6%
  none/other: 0.7%

Overview of removed sequences
length	count	expect	max.err	error counts
1	223525	236861.2	0	223525
2	61928	59215.3	0	61928
3	6595	14803.8	0	6595
4	1937	3701.0	0	1937
5	253	925.2	0	253
6	369	231.3	0	369
7	9827	57.8	0	9827
8	173	14.5	0	173
9	373	3.6	0	373
10	339	0.9	1	302 37
11	99	0.2	1	82 17
12	245	0.1	1	223 22
13	45	0.0	1	31 14
14	188	0.0	1	170 18
15	54	0.0	1	51 3
16	88	0.0	1	81 7
17	185	0.0	1	170 15
18	36	0.0	1	31 5
19	96	0.0	1	87 9
20	106	0.0	1	100 6
21	31	0.0	1	29 2
22	119	0.0	1	114 5
23	107	0.0	1	90 17
24	1340	0.0	1	1267 73
25	51	0.0	1	43 8
26	121	0.0	1	114 7
27	174	0.0	1	152 22
28	332	0.0	1	309 23
29	85	0.0	1	78 7
30	224	0.0	1	207 17
31	31	0.0	1	28 3
32	138	0.0	1	124 14
33	115	0.0	1	99 16
34	136	0.0	1	122 14
35	316	0.0	1	290 26
36	353	0.0	1	324 29
37	1213	0.0	1	1161 52
38	253	0.0	1	227 26
39	277	0.0	1	236 41
40	673	0.0	1	602 71
41	776	0.0	1	696 80
42	1057	0.0	1	994 63
43	650	0.0	1	591 59
44	859	0.0	1	804 55
45	832	0.0	1	791 41
46	348	0.0	1	326 22
47	401	0.0	1	388 13
48	248	0.0	1	242 6
49	171	0.0	1	164 7
50	113	0.0	1	94 19
51	124	0.0	1	114 10
52	101	0.0	1	90 11
53	140	0.0	1	130 10
54	279	0.0	1	267 12
55	88	0.0	1	81 7
56	196	0.0	1	170 26
57	512	0.0	1	502 10
58	201	0.0	1	192 9
59	85	0.0	1	77 8
60	135	0.0	1	129 6
61	40	0.0	1	37 3
62	32	0.0	1	29 3
63	46	0.0	1	45 1
64	19	0.0	1	19
65	19	0.0	1	19
66	21	0.0	1	18 3
67	7	0.0	1	6 1
68	5	0.0	1	5
69	20	0.0	1	18 2
70	15	0.0	1	11 4
71	11	0.0	1	9 2
72	18	0.0	1	15 3
73	50	0.0	1	48 2
74	27	0.0	1	21 6
75	42	0.0	1	35 7
76	79	0.0	1	63 16
77	142	0.0	1	101 41
78	246	0.0	1	188 58
79	399	0.0	1	275 124
80	825	0.0	1	633 192
81	871	0.0	1	654 217
82	658	0.0	1	503 155
83	448	0.0	1	338 110
84	293	0.0	1	204 89
85	186	0.0	1	136 50
86	133	0.0	1	91 42
87	98	0.0	1	60 38
88	85	0.0	1	61 24
89	89	0.0	1	63 26
90	62	0.0	1	44 18
91	44	0.0	1	23 21
92	57	0.0	1	35 22
93	69	0.0	1	49 20
94	465	0.0	1	442 23
95	72	0.0	1	59 13
96	77	0.0	1	63 14
97	38	0.0	1	33 5
98	40	0.0	1	28 12
99	36	0.0	1	22 14
100	17	0.0	1	12 5
101	7	0.0	1	6 1
102	11	0.0	1	6 5
103	25	0.0	1	21 4
104	18	0.0	1	11 7
105	40	0.0	1	34 6
106	20	0.0	1	13 7
107	18	0.0	1	12 6
108	31	0.0	1	18 13
109	9	0.0	1	3 6
110	6	0.0	1	4 2
111	48	0.0	1	45 3
112	20	0.0	1	10 10
113	32	0.0	1	24 8
114	9	0.0	1	5 4
115	21	0.0	1	10 11
116	12	0.0	1	5 7
117	31	0.0	1	21 10
118	6	0.0	1	5 1
119	8	0.0	1	2 6
120	7	0.0	1	3 4
121	14	0.0	1	5 9
122	16	0.0	1	10 6
123	23	0.0	1	18 5
124	7	0.0	1	5 2
125	7	0.0	1	3 4
126	18	0.0	1	9 9
127	31	0.0	1	22 9
128	8	0.0	1	3 5
129	17	0.0	1	8 9
130	6	0.0	1	2 4
131	9	0.0	1	8 1
132	5	0.0	1	3 2
133	17	0.0	1	14 3
134	10	0.0	1	7 3
135	16	0.0	1	7 9
136	7	0.0	1	3 4
137	6	0.0	1	2 4
138	10	0.0	1	6 4
139	11	0.0	1	6 5
140	8	0.0	1	3 5
141	14	0.0	1	12 2
142	10	0.0	1	3 7
143	9	0.0	1	6 3
144	6	0.0	1	3 3
145	13	0.0	1	7 6
146	8	0.0	1	4 4
147	29	0.0	1	23 6
148	9	0.0	1	5 4
149	9	0.0	1	7 2
150	8	0.0	1	3 5
151	26	0.0	1	21 5
152	15	0.0	1	13 2
153	23	0.0	1	19 4
154	48	0.0	1	42 6
155	14	0.0	1	12 2
156	91	0.0	1	79 12
157	31	0.0	1	27 4
158	22	0.0	1	16 6
159	18	0.0	1	16 2
160	32	0.0	1	31 1
161	41	0.0	1	36 5
162	30	0.0	1	26 4
163	20	0.0	1	15 5
164	27	0.0	1	25 2
165	22	0.0	1	17 5
166	51	0.0	1	46 5
167	40	0.0	1	36 4
168	30	0.0	1	26 4
169	20	0.0	1	17 3
170	11	0.0	1	9 2
171	11	0.0	1	8 3
172	47	0.0	1	42 5
173	14	0.0	1	11 3
174	14	0.0	1	12 2
175	40	0.0	1	38 2
176	22	0.0	1	21 1
177	29	0.0	1	24 5
178	16	0.0	1	15 1
179	6	0.0	1	6
180	16	0.0	1	15 1
181	34	0.0	1	27 7
182	7	0.0	1	5 2
183	6	0.0	1	4 2
184	7	0.0	1	6 1
185	38	0.0	1	35 3
186	7	0.0	1	4 3
187	8	0.0	1	8
188	3	0.0	1	3
189	12	0.0	1	12
190	18	0.0	1	18
191	12	0.0	1	12
192	19	0.0	1	15 4
193	10	0.0	1	8 2
194	4	0.0	1	3 1
195	9	0.0	1	9
196	5	0.0	1	5
197	4	0.0	1	3 1
198	9	0.0	1	9
199	7	0.0	1	5 2
200	10	0.0	1	9 1
201	10	0.0	1	10
202	5	0.0	1	4 1
203	17	0.0	1	17
204	8	0.0	1	7 1
205	6	0.0	1	5 1
206	12	0.0	1	12
207	17	0.0	1	17
208	10	0.0	1	10
209	25	0.0	1	23 2
210	20	0.0	1	18 2
211	14	0.0	1	14
212	6	0.0	1	4 2
213	1	0.0	1	1
214	9	0.0	1	9
215	9	0.0	1	7 2
216	3	0.0	1	2 1
217	6	0.0	1	5 1
218	1	0.0	1	1
220	1	0.0	1	1
221	1	0.0	1	1
222	2	0.0	1	2
223	1	0.0	1	1
228	1	0.0	1	0 1
229	1	0.0	1	1
230	1	0.0	1	1
233	1	0.0	1	1
235	1	0.0	1	1
237	1	0.0	1	1
239	3	0.0	1	2 1
245	1	0.0	1	0 1
247	2	0.0	1	0 2
248	1	0.0	1	0 1
249	6	0.0	1	0 6
250	9	0.0	1	0 9
251	379	0.0	1	0 379

RUN STATISTICS FOR INPUT FILE: SC2293/host_removal/SC2293_R2.fastq.gz
=============================================
947445 sequences processed in total
The length threshold of paired-end sequences gets evaluated later on (in the validation step)

Validate paired-end files SC2293_R1_trimmed.fq.gz and SC2293_R2_trimmed.fq.gz
file_1: SC2293_R1_trimmed.fq.gz, file_2: SC2293_R2_trimmed.fq.gz


>>>>> Now validing the length of the 2 paired-end infiles: SC2293_R1_trimmed.fq.gz and SC2293_R2_trimmed.fq.gz <<<<<
Writing validated paired-end Read 1 reads to SC2293_R1_val_1.fq.gz
Writing validated paired-end Read 2 reads to SC2293_R2_val_2.fq.gz

Total number of sequences analysed: 947445

Number of sequence pairs removed because at least one read was shorter than the length cutoff (20 bp): 4892 (0.52%)


  >>> Now running FastQC on the validated data SC2293_R1_val_1.fq.gz<<<

Started analysis of SC2293_R1_val_1.fq.gz
Approx 5% complete for SC2293_R1_val_1.fq.gz
Approx 10% complete for SC2293_R1_val_1.fq.gz
Approx 15% complete for SC2293_R1_val_1.fq.gz
Approx 20% complete for SC2293_R1_val_1.fq.gz
Approx 25% complete for SC2293_R1_val_1.fq.gz
Approx 30% complete for SC2293_R1_val_1.fq.gz
Approx 35% complete for SC2293_R1_val_1.fq.gz
Approx 40% complete for SC2293_R1_val_1.fq.gz
Approx 45% complete for SC2293_R1_val_1.fq.gz
Approx 50% complete for SC2293_R1_val_1.fq.gz
Approx 55% complete for SC2293_R1_val_1.fq.gz
Approx 60% complete for SC2293_R1_val_1.fq.gz
Approx 65% complete for SC2293_R1_val_1.fq.gz
Approx 70% complete for SC2293_R1_val_1.fq.gz
Approx 75% complete for SC2293_R1_val_1.fq.gz
Approx 80% complete for SC2293_R1_val_1.fq.gz
Approx 85% complete for SC2293_R1_val_1.fq.gz
Approx 90% complete for SC2293_R1_val_1.fq.gz
Approx 95% complete for SC2293_R1_val_1.fq.gz

  >>> Now running FastQC on the validated data SC2293_R2_val_2.fq.gz<<<

Started analysis of SC2293_R2_val_2.fq.gz
Approx 5% complete for SC2293_R2_val_2.fq.gz
Approx 10% complete for SC2293_R2_val_2.fq.gz
Approx 15% complete for SC2293_R2_val_2.fq.gz
Approx 20% complete for SC2293_R2_val_2.fq.gz
Approx 25% complete for SC2293_R2_val_2.fq.gz
Approx 30% complete for SC2293_R2_val_2.fq.gz
Approx 35% complete for SC2293_R2_val_2.fq.gz
Approx 40% complete for SC2293_R2_val_2.fq.gz
Approx 45% complete for SC2293_R2_val_2.fq.gz
Approx 50% complete for SC2293_R2_val_2.fq.gz
Approx 55% complete for SC2293_R2_val_2.fq.gz
Approx 60% complete for SC2293_R2_val_2.fq.gz
Approx 65% complete for SC2293_R2_val_2.fq.gz
Approx 70% complete for SC2293_R2_val_2.fq.gz
Approx 75% complete for SC2293_R2_val_2.fq.gz
Approx 80% complete for SC2293_R2_val_2.fq.gz
Approx 85% complete for SC2293_R2_val_2.fq.gz
Approx 90% complete for SC2293_R2_val_2.fq.gz
Approx 95% complete for SC2293_R2_val_2.fq.gz
Deleting both intermediate output files SC2293_R1_trimmed.fq.gz and SC2293_R2_trimmed.fq.gz

====================================================================================================

