[M::bwa_idx_load_from_disk] read 0 ALT contigs
[M::process] read 79682 sequences (20000182 bp)...
[M::process] read 79682 sequences (20000182 bp)...
[M::mem_pestat] # candidate unique pairs for (FF, FR, RF, RR): (2, 39658, 14, 6)
[M::mem_pestat] skip orientation FF as there are not enough pairs
[M::mem_pestat] analyzing insert size distribution for orientation FR...
[M::mem_pestat] (25, 50, 75) percentile: (381, 387, 397)
[M::mem_pestat] low and high boundaries for computing mean and std.dev: (349, 429)
[M::mem_pestat] mean and std.dev: (390.04, 10.88)
[M::mem_pestat] low and high boundaries for proper pairs: (333, 445)
[M::mem_pestat] analyzing insert size distribution for orientation RF...
[M::mem_pestat] (25, 50, 75) percentile: (610, 829, 1180)
[M::mem_pestat] low and high boundaries for computing mean and std.dev: (1, 2320)
[M::mem_pestat] mean and std.dev: (835.54, 393.67)
[M::mem_pestat] low and high boundaries for proper pairs: (1, 2890)
[M::mem_pestat] skip orientation RR as there are not enough pairs
[M::mem_pestat] skip orientation RF
[M::mem_process_seqs] Processed 79682 reads in 18.611 CPU sec, 12.328 real sec
[M::process] read 79682 sequences (20000182 bp)...
[M::mem_pestat] # candidate unique pairs for (FF, FR, RF, RR): (3, 39644, 15, 5)
[M::mem_pestat] skip orientation FF as there are not enough pairs
[M::mem_pestat] analyzing insert size distribution for orientation FR...
[M::mem_pestat] (25, 50, 75) percentile: (381, 387, 397)
[M::mem_pestat] low and high boundaries for computing mean and std.dev: (349, 429)
[M::mem_pestat] mean and std.dev: (390.09, 10.94)
[M::mem_pestat] low and high boundaries for proper pairs: (333, 445)
[M::mem_pestat] analyzing insert size distribution for orientation RF...
[M::mem_pestat] (25, 50, 75) percentile: (610, 814, 1435)
[M::mem_pestat] low and high boundaries for computing mean and std.dev: (1, 3085)
[M::mem_pestat] mean and std.dev: (798.62, 601.95)
[M::mem_pestat] low and high boundaries for proper pairs: (1, 3910)
[M::mem_pestat] skip orientation RR as there are not enough pairs
[M::mem_pestat] skip orientation RF
[M::mem_process_seqs] Processed 79682 reads in 16.440 CPU sec, 7.930 real sec
[M::process] read 79682 sequences (20000182 bp)...
[M::mem_pestat] # candidate unique pairs for (FF, FR, RF, RR): (4, 39693, 12, 3)
[M::mem_pestat] skip orientation FF as there are not enough pairs
[M::mem_pestat] analyzing insert size distribution for orientation FR...
[M::mem_pestat] (25, 50, 75) percentile: (381, 387, 397)
[M::mem_pestat] low and high boundaries for computing mean and std.dev: (349, 429)
[M::mem_pestat] mean and std.dev: (390.02, 10.93)
[M::mem_pestat] low and high boundaries for proper pairs: (333, 445)
[M::mem_pestat] analyzing insert size distribution for orientation RF...
[M::mem_pestat] (25, 50, 75) percentile: (716, 835, 2097)
[M::mem_pestat] low and high boundaries for computing mean and std.dev: (1, 4859)
[M::mem_pestat] mean and std.dev: (1082.09, 805.75)
[M::mem_pestat] low and high boundaries for proper pairs: (1, 6240)
[M::mem_pestat] skip orientation RR as there are not enough pairs
[M::mem_pestat] skip orientation RF
[M::mem_process_seqs] Processed 79682 reads in 17.618 CPU sec, 8.490 real sec
[M::process] read 79682 sequences (20000182 bp)...
[M::mem_pestat] # candidate unique pairs for (FF, FR, RF, RR): (3, 39624, 17, 7)
[M::mem_pestat] skip orientation FF as there are not enough pairs
[M::mem_pestat] analyzing insert size distribution for orientation FR...
[M::mem_pestat] (25, 50, 75) percentile: (381, 387, 397)
[M::mem_pestat] low and high boundaries for computing mean and std.dev: (349, 429)
[M::mem_pestat] mean and std.dev: (390.04, 10.92)
[M::mem_pestat] low and high boundaries for proper pairs: (333, 445)
[M::mem_pestat] analyzing insert size distribution for orientation RF...
[M::mem_pestat] (25, 50, 75) percentile: (224, 233, 1633)
[M::mem_pestat] low and high boundaries for computing mean and std.dev: (1, 4451)
[M::mem_pestat] mean and std.dev: (416.79, 401.84)
[M::mem_pestat] low and high boundaries for proper pairs: (1, 5860)
[M::mem_pestat] skip orientation RR as there are not enough pairs
[M::mem_pestat] skip orientation RF
[M::mem_process_seqs] Processed 79682 reads in 17.635 CPU sec, 8.521 real sec
[M::process] read 79682 sequences (20000182 bp)...
[M::mem_pestat] # candidate unique pairs for (FF, FR, RF, RR): (3, 39617, 19, 2)
[M::mem_pestat] skip orientation FF as there are not enough pairs
[M::mem_pestat] analyzing insert size distribution for orientation FR...
[M::mem_pestat] (25, 50, 75) percentile: (381, 387, 397)
[M::mem_pestat] low and high boundaries for computing mean and std.dev: (349, 429)
[M::mem_pestat] mean and std.dev: (389.98, 10.97)
[M::mem_pestat] low and high boundaries for proper pairs: (333, 445)
[M::mem_pestat] analyzing insert size distribution for orientation RF...
[M::mem_pestat] (25, 50, 75) percentile: (215, 241, 830)
[M::mem_pestat] low and high boundaries for computing mean and std.dev: (1, 2060)
[M::mem_pestat] mean and std.dev: (479.47, 357.68)
[M::mem_pestat] low and high boundaries for proper pairs: (1, 2675)
[M::mem_pestat] skip orientation RR as there are not enough pairs
[M::mem_pestat] skip orientation RF
[M::mem_process_seqs] Processed 79682 reads in 17.525 CPU sec, 8.454 real sec
[M::process] read 79682 sequences (20000182 bp)...
[M::mem_pestat] # candidate unique pairs for (FF, FR, RF, RR): (2, 39570, 20, 2)
[M::mem_pestat] skip orientation FF as there are not enough pairs
[M::mem_pestat] analyzing insert size distribution for orientation FR...
[M::mem_pestat] (25, 50, 75) percentile: (381, 387, 397)
[M::mem_pestat] low and high boundaries for computing mean and std.dev: (349, 429)
[M::mem_pestat] mean and std.dev: (389.95, 10.91)
[M::mem_pestat] low and high boundaries for proper pairs: (333, 445)
[M::mem_pestat] analyzing insert size distribution for orientation RF...
[M::mem_pestat] (25, 50, 75) percentile: (215, 237, 609)
[M::mem_pestat] low and high boundaries for computing mean and std.dev: (1, 1397)
[M::mem_pestat] mean and std.dev: (308.65, 184.45)
[M::mem_pestat] low and high boundaries for proper pairs: (1, 1791)
[M::mem_pestat] skip orientation RR as there are not enough pairs
[M::mem_pestat] skip orientation RF
[M::mem_process_seqs] Processed 79682 reads in 16.129 CPU sec, 7.773 real sec
[M::process] read 79682 sequences (20000182 bp)...
[M::mem_pestat] # candidate unique pairs for (FF, FR, RF, RR): (5, 39557, 26, 6)
[M::mem_pestat] skip orientation FF as there are not enough pairs
[M::mem_pestat] analyzing insert size distribution for orientation FR...
[M::mem_pestat] (25, 50, 75) percentile: (381, 387, 397)
[M::mem_pestat] low and high boundaries for computing mean and std.dev: (349, 429)
[M::mem_pestat] mean and std.dev: (389.90, 10.82)
[M::mem_pestat] low and high boundaries for proper pairs: (333, 445)
[M::mem_pestat] analyzing insert size distribution for orientation RF...
[M::mem_pestat] (25, 50, 75) percentile: (230, 848, 2669)
[M::mem_pestat] low and high boundaries for computing mean and std.dev: (1, 7547)
[M::mem_pestat] mean and std.dev: (979.36, 989.63)
[M::mem_pestat] low and high boundaries for proper pairs: (1, 9986)
[M::mem_pestat] skip orientation RR as there are not enough pairs
[M::mem_pestat] skip orientation RF
[M::mem_process_seqs] Processed 79682 reads in 16.782 CPU sec, 8.079 real sec
[M::process] read 79682 sequences (20000182 bp)...
[M::mem_pestat] # candidate unique pairs for (FF, FR, RF, RR): (3, 39617, 20, 2)
[M::mem_pestat] skip orientation FF as there are not enough pairs
[M::mem_pestat] analyzing insert size distribution for orientation FR...
[M::mem_pestat] (25, 50, 75) percentile: (381, 387, 397)
[M::mem_pestat] low and high boundaries for computing mean and std.dev: (349, 429)
[M::mem_pestat] mean and std.dev: (390.02, 10.97)
[M::mem_pestat] low and high boundaries for proper pairs: (333, 445)
[M::mem_pestat] analyzing insert size distribution for orientation RF...
[M::mem_pestat] (25, 50, 75) percentile: (466, 779, 1208)
[M::mem_pestat] low and high boundaries for computing mean and std.dev: (1, 2692)
[M::mem_pestat] mean and std.dev: (681.11, 389.23)
[M::mem_pestat] low and high boundaries for proper pairs: (1, 3434)
[M::mem_pestat] skip orientation RR as there are not enough pairs
[M::mem_pestat] skip orientation RF
[M::mem_process_seqs] Processed 79682 reads in 18.917 CPU sec, 9.173 real sec
[M::process] read 79682 sequences (20000182 bp)...
[M::mem_pestat] # candidate unique pairs for (FF, FR, RF, RR): (2, 39673, 17, 6)
[M::mem_pestat] skip orientation FF as there are not enough pairs
[M::mem_pestat] analyzing insert size distribution for orientation FR...
[M::mem_pestat] (25, 50, 75) percentile: (381, 387, 397)
[M::mem_pestat] low and high boundaries for computing mean and std.dev: (349, 429)
[M::mem_pestat] mean and std.dev: (389.98, 10.91)
[M::mem_pestat] low and high boundaries for proper pairs: (333, 445)
[M::mem_pestat] analyzing insert size distribution for orientation RF...
[M::mem_pestat] (25, 50, 75) percentile: (233, 750, 1490)
[M::mem_pestat] low and high boundaries for computing mean and std.dev: (1, 4004)
[M::mem_pestat] mean and std.dev: (729.31, 640.27)
[M::mem_pestat] low and high boundaries for proper pairs: (1, 5261)
[M::mem_pestat] skip orientation RR as there are not enough pairs
[M::mem_pestat] skip orientation RF
[M::mem_process_seqs] Processed 79682 reads in 18.092 CPU sec, 8.763 real sec
[M::process] read 79682 sequences (20000182 bp)...
[M::mem_pestat] # candidate unique pairs for (FF, FR, RF, RR): (0, 39660, 19, 3)
[M::mem_pestat] skip orientation FF as there are not enough pairs
[M::mem_pestat] analyzing insert size distribution for orientation FR...
[M::mem_pestat] (25, 50, 75) percentile: (381, 387, 397)
[M::mem_pestat] low and high boundaries for computing mean and std.dev: (349, 429)
[M::mem_pestat] mean and std.dev: (390.04, 11.01)
[M::mem_pestat] low and high boundaries for proper pairs: (333, 445)
[M::mem_pestat] analyzing insert size distribution for orientation RF...
[M::mem_pestat] (25, 50, 75) percentile: (515, 857, 3172)
[M::mem_pestat] low and high boundaries for computing mean and std.dev: (1, 8486)
[M::mem_pestat] mean and std.dev: (2043.95, 2041.57)
[M::mem_pestat] low and high boundaries for proper pairs: (1, 11143)
[M::mem_pestat] skip orientation RR as there are not enough pairs
[M::mem_pestat] skip orientation RF
[M::mem_process_seqs] Processed 79682 reads in 18.078 CPU sec, 8.734 real sec
[M::process] read 79682 sequences (20000182 bp)...
[M::mem_pestat] # candidate unique pairs for (FF, FR, RF, RR): (2, 39653, 15, 2)
[M::mem_pestat] skip orientation FF as there are not enough pairs
[M::mem_pestat] analyzing insert size distribution for orientation FR...
[M::mem_pestat] (25, 50, 75) percentile: (381, 387, 397)
[M::mem_pestat] low and high boundaries for computing mean and std.dev: (349, 429)
[M::mem_pestat] mean and std.dev: (390.08, 10.94)
[M::mem_pestat] low and high boundaries for proper pairs: (333, 445)
[M::mem_pestat] analyzing insert size distribution for orientation RF...
[M::mem_pestat] (25, 50, 75) percentile: (610, 798, 1490)
[M::mem_pestat] low and high boundaries for computing mean and std.dev: (1, 3250)
[M::mem_pestat] mean and std.dev: (870.62, 785.92)
[M::mem_pestat] low and high boundaries for proper pairs: (1, 4130)
[M::mem_pestat] skip orientation RR as there are not enough pairs
[M::mem_pestat] skip orientation RF
[M::mem_process_seqs] Processed 79682 reads in 23.272 CPU sec, 20.915 real sec
[M::process] read 79682 sequences (20000182 bp)...
[M::mem_pestat] # candidate unique pairs for (FF, FR, RF, RR): (6, 39552, 16, 1)
[M::mem_pestat] skip orientation FF as there are not enough pairs
[M::mem_pestat] analyzing insert size distribution for orientation FR...
[M::mem_pestat] (25, 50, 75) percentile: (381, 387, 397)
[M::mem_pestat] low and high boundaries for computing mean and std.dev: (349, 429)
[M::mem_pestat] mean and std.dev: (390.02, 10.92)
[M::mem_pestat] low and high boundaries for proper pairs: (333, 445)
[M::mem_pestat] analyzing insert size distribution for orientation RF...
[M::mem_pestat] (25, 50, 75) percentile: (233, 767, 866)
[M::mem_pestat] low and high boundaries for computing mean and std.dev: (1, 2132)
[M::mem_pestat] mean and std.dev: (583.53, 361.82)
[M::mem_pestat] low and high boundaries for proper pairs: (1, 2765)
[M::mem_pestat] skip orientation RR as there are not enough pairs
[M::mem_pestat] skip orientation RF
[M::mem_process_seqs] Processed 79682 reads in 20.936 CPU sec, 10.188 real sec
[M::process] read 11386 sequences (2857886 bp)...
[M::mem_pestat] # candidate unique pairs for (FF, FR, RF, RR): (4, 39573, 20, 0)
[M::mem_pestat] skip orientation FF as there are not enough pairs
[M::mem_pestat] analyzing insert size distribution for orientation FR...
[M::mem_pestat] (25, 50, 75) percentile: (381, 387, 397)
[M::mem_pestat] low and high boundaries for computing mean and std.dev: (349, 429)
[M::mem_pestat] mean and std.dev: (390.05, 10.95)
[M::mem_pestat] low and high boundaries for proper pairs: (333, 445)
[M::mem_pestat] analyzing insert size distribution for orientation RF...
[M::mem_pestat] (25, 50, 75) percentile: (220, 610, 2669)
[M::mem_pestat] low and high boundaries for computing mean and std.dev: (1, 7567)
[M::mem_pestat] mean and std.dev: (1169.11, 1302.47)
[M::mem_pestat] low and high boundaries for proper pairs: (1, 10016)
[M::mem_pestat] skip orientation RR as there are not enough pairs
[M::mem_pestat] skip orientation RF
[M::mem_process_seqs] Processed 79682 reads in 16.084 CPU sec, 7.963 real sec
[M::mem_pestat] # candidate unique pairs for (FF, FR, RF, RR): (0, 5639, 1, 0)
[M::mem_pestat] skip orientation FF as there are not enough pairs
[M::mem_pestat] analyzing insert size distribution for orientation FR...
[M::mem_pestat] (25, 50, 75) percentile: (381, 387, 397)
[M::mem_pestat] low and high boundaries for computing mean and std.dev: (349, 429)
[M::mem_pestat] mean and std.dev: (390.15, 11.02)
[M::mem_pestat] low and high boundaries for proper pairs: (333, 445)
[M::mem_pestat] skip orientation RF as there are not enough pairs
[M::mem_pestat] skip orientation RR as there are not enough pairs
[M::mem_process_seqs] Processed 11386 reads in 2.404 CPU sec, 1.188 real sec
[main] Version: 0.7.17-r1188
[main] CMD: bwa mem -t 2 /workspace/lab/mcarthurlab/nasirja/covid-19-signal/data/composite_human_viral_reference.fna E74/raw_fastq/E74_R1.fastq.gz E74/raw_fastq/E74_R2.fastq.gz
[main] Real time: 137.891 sec; CPU: 243.934 sec
viral read count = 1044476 (99.73%)
human read count = 0 (0.00%) 
unmapped read count = 2776 (0.27%)
