Aligning contigs to reference...
	Aligning contigs to the reference
Filtering alignments...
Parsing coords...
Loading reference...
	Loaded [MN908947.3]
	Total Regions: 1
	Total Region Length: 29903
Analyzing contigs...
CONTIG: Consensus_SC2276.consensus_threshold_0.75_quality_20 (29901bp)
Best alignment score: 22868.1 (LEN: 22875, IDY: 99.97), Total number of alignments: 2
			Looking for the best set of alignments (out of 2 total alignments)
			The best set is below. Score: 29562.1, number of alignments: 2, unaligned bases: 317
		This contig is misassembled.
			Real Alignment 1: 31 22905 | 31 22905 | 22875 22875 | 99.97 | MN908947.3 Consensus_SC2276.consensus_threshold_0.75_quality_20
			  Incorrectly estimated size of scaffold gap between these two alignments: gap length difference = -123 (local)
			Real Alignment 2: 23126 29836 | 23126 29834 | 6711 6709 | 99.85 | MN908947.3 Consensus_SC2276.consensus_threshold_0.75_quality_20

Analyzing coverage...
Writing SNPs into /workspace/home/nasirja/covid-19-signal/subset_viral_7_results_dir/SC2276/quast/contigs_reports/minimap_output/SC2276-consensus.used_snps.gz

Analysis is finished!
Founded SNPs were written into /workspace/home/nasirja/covid-19-signal/subset_viral_7_results_dir/SC2276/quast/contigs_reports/minimap_output/SC2276-consensus.used_snps.gz

Results:
	Local Misassemblies: 0
	Misassemblies: 0
		Relocations: 0
		Translocations: 0
		Inversions: 0
	Scaffold gap extensive misassemblies: 0
	Scaffold gap local misassemblies: 1
	Misassembled Contigs: 0
	Misassembled Contig Bases: 0
	Misassemblies Inter-Contig Overlap: 0
Unaligned Contigs: 0 + 0 part
Half Unaligned Contigs with Misassemblies: 0
Unaligned Contig Bases: 0

Ambiguously Mapped Contigs: 0
Total Bases in Ambiguously Mapped Contigs: 0
Extra Bases in Ambiguously Mapped Contigs: 0
Note that --allow-ambiguity option was set to "one" and only first alignment per each of these contigs was used.

	Covered Bases: 29586

	SNPs: 16
	Insertions: 0
	Deletions: 2

