[M::bwa_idx_load_from_disk] read 0 ALT contigs
[M::process] read 79682 sequences (20000182 bp)...
[M::process] read 79682 sequences (20000182 bp)...
[M::mem_pestat] # candidate unique pairs for (FF, FR, RF, RR): (9, 38358, 4, 2)
[M::mem_pestat] skip orientation FF as there are not enough pairs
[M::mem_pestat] analyzing insert size distribution for orientation FR...
[M::mem_pestat] (25, 50, 75) percentile: (382, 387, 397)
[M::mem_pestat] low and high boundaries for computing mean and std.dev: (352, 427)
[M::mem_pestat] mean and std.dev: (390.59, 11.64)
[M::mem_pestat] low and high boundaries for proper pairs: (337, 442)
[M::mem_pestat] skip orientation RF as there are not enough pairs
[M::mem_pestat] skip orientation RR as there are not enough pairs
[M::mem_process_seqs] Processed 79682 reads in 22.298 CPU sec, 14.246 real sec
[M::process] read 79682 sequences (20000182 bp)...
[M::mem_pestat] # candidate unique pairs for (FF, FR, RF, RR): (7, 38275, 5, 4)
[M::mem_pestat] skip orientation FF as there are not enough pairs
[M::mem_pestat] analyzing insert size distribution for orientation FR...
[M::mem_pestat] (25, 50, 75) percentile: (382, 387, 397)
[M::mem_pestat] low and high boundaries for computing mean and std.dev: (352, 427)
[M::mem_pestat] mean and std.dev: (390.48, 11.55)
[M::mem_pestat] low and high boundaries for proper pairs: (337, 442)
[M::mem_pestat] skip orientation RF as there are not enough pairs
[M::mem_pestat] skip orientation RR as there are not enough pairs
[M::mem_process_seqs] Processed 79682 reads in 20.911 CPU sec, 10.238 real sec
[M::process] read 79682 sequences (20000182 bp)...
[M::mem_pestat] # candidate unique pairs for (FF, FR, RF, RR): (6, 38364, 9, 4)
[M::mem_pestat] skip orientation FF as there are not enough pairs
[M::mem_pestat] analyzing insert size distribution for orientation FR...
[M::mem_pestat] (25, 50, 75) percentile: (382, 387, 397)
[M::mem_pestat] low and high boundaries for computing mean and std.dev: (352, 427)
[M::mem_pestat] mean and std.dev: (390.69, 11.64)
[M::mem_pestat] low and high boundaries for proper pairs: (337, 442)
[M::mem_pestat] skip orientation RF as there are not enough pairs
[M::mem_pestat] skip orientation RR as there are not enough pairs
[M::mem_process_seqs] Processed 79682 reads in 20.423 CPU sec, 9.892 real sec
[M::process] read 79682 sequences (20000182 bp)...
[M::mem_pestat] # candidate unique pairs for (FF, FR, RF, RR): (7, 38274, 3, 5)
[M::mem_pestat] skip orientation FF as there are not enough pairs
[M::mem_pestat] analyzing insert size distribution for orientation FR...
[M::mem_pestat] (25, 50, 75) percentile: (382, 387, 397)
[M::mem_pestat] low and high boundaries for computing mean and std.dev: (352, 427)
[M::mem_pestat] mean and std.dev: (390.62, 11.67)
[M::mem_pestat] low and high boundaries for proper pairs: (337, 442)
[M::mem_pestat] skip orientation RF as there are not enough pairs
[M::mem_pestat] skip orientation RR as there are not enough pairs
[M::mem_process_seqs] Processed 79682 reads in 18.657 CPU sec, 9.021 real sec
[M::process] read 79682 sequences (20000182 bp)...
[M::mem_pestat] # candidate unique pairs for (FF, FR, RF, RR): (8, 38373, 5, 4)
[M::mem_pestat] skip orientation FF as there are not enough pairs
[M::mem_pestat] analyzing insert size distribution for orientation FR...
[M::mem_pestat] (25, 50, 75) percentile: (382, 387, 397)
[M::mem_pestat] low and high boundaries for computing mean and std.dev: (352, 427)
[M::mem_pestat] mean and std.dev: (390.65, 11.63)
[M::mem_pestat] low and high boundaries for proper pairs: (337, 442)
[M::mem_pestat] skip orientation RF as there are not enough pairs
[M::mem_pestat] skip orientation RR as there are not enough pairs
[M::mem_process_seqs] Processed 79682 reads in 18.833 CPU sec, 9.127 real sec
[M::process] read 79682 sequences (20000182 bp)...
[M::mem_pestat] # candidate unique pairs for (FF, FR, RF, RR): (6, 38343, 9, 4)
[M::mem_pestat] skip orientation FF as there are not enough pairs
[M::mem_pestat] analyzing insert size distribution for orientation FR...
[M::mem_pestat] (25, 50, 75) percentile: (382, 387, 397)
[M::mem_pestat] low and high boundaries for computing mean and std.dev: (352, 427)
[M::mem_pestat] mean and std.dev: (390.66, 11.63)
[M::mem_pestat] low and high boundaries for proper pairs: (337, 442)
[M::mem_pestat] skip orientation RF as there are not enough pairs
[M::mem_pestat] skip orientation RR as there are not enough pairs
[M::mem_process_seqs] Processed 79682 reads in 19.732 CPU sec, 9.599 real sec
[M::process] read 79682 sequences (20000182 bp)...
[M::mem_pestat] # candidate unique pairs for (FF, FR, RF, RR): (6, 38262, 4, 6)
[M::mem_pestat] skip orientation FF as there are not enough pairs
[M::mem_pestat] analyzing insert size distribution for orientation FR...
[M::mem_pestat] (25, 50, 75) percentile: (382, 387, 397)
[M::mem_pestat] low and high boundaries for computing mean and std.dev: (352, 427)
[M::mem_pestat] mean and std.dev: (390.60, 11.57)
[M::mem_pestat] low and high boundaries for proper pairs: (337, 442)
[M::mem_pestat] skip orientation RF as there are not enough pairs
[M::mem_pestat] skip orientation RR as there are not enough pairs
[M::mem_process_seqs] Processed 79682 reads in 19.818 CPU sec, 9.705 real sec
[M::process] read 79682 sequences (20000182 bp)...
[M::mem_pestat] # candidate unique pairs for (FF, FR, RF, RR): (3, 38279, 9, 2)
[M::mem_pestat] skip orientation FF as there are not enough pairs
[M::mem_pestat] analyzing insert size distribution for orientation FR...
[M::mem_pestat] (25, 50, 75) percentile: (382, 387, 397)
[M::mem_pestat] low and high boundaries for computing mean and std.dev: (352, 427)
[M::mem_pestat] mean and std.dev: (390.60, 11.67)
[M::mem_pestat] low and high boundaries for proper pairs: (337, 442)
[M::mem_pestat] skip orientation RF as there are not enough pairs
[M::mem_pestat] skip orientation RR as there are not enough pairs
[M::mem_process_seqs] Processed 79682 reads in 21.167 CPU sec, 10.377 real sec
[M::process] read 79682 sequences (20000182 bp)...
[M::mem_pestat] # candidate unique pairs for (FF, FR, RF, RR): (3, 38205, 7, 3)
[M::mem_pestat] skip orientation FF as there are not enough pairs
[M::mem_pestat] analyzing insert size distribution for orientation FR...
[M::mem_pestat] (25, 50, 75) percentile: (382, 387, 397)
[M::mem_pestat] low and high boundaries for computing mean and std.dev: (352, 427)
[M::mem_pestat] mean and std.dev: (390.56, 11.60)
[M::mem_pestat] low and high boundaries for proper pairs: (337, 442)
[M::mem_pestat] skip orientation RF as there are not enough pairs
[M::mem_pestat] skip orientation RR as there are not enough pairs
[M::mem_process_seqs] Processed 79682 reads in 20.021 CPU sec, 9.739 real sec
[M::process] read 79682 sequences (20000182 bp)...
[M::mem_pestat] # candidate unique pairs for (FF, FR, RF, RR): (8, 38219, 8, 6)
[M::mem_pestat] skip orientation FF as there are not enough pairs
[M::mem_pestat] analyzing insert size distribution for orientation FR...
[M::mem_pestat] (25, 50, 75) percentile: (382, 387, 397)
[M::mem_pestat] low and high boundaries for computing mean and std.dev: (352, 427)
[M::mem_pestat] mean and std.dev: (390.53, 11.65)
[M::mem_pestat] low and high boundaries for proper pairs: (337, 442)
[M::mem_pestat] skip orientation RF as there are not enough pairs
[M::mem_pestat] skip orientation RR as there are not enough pairs
[M::mem_process_seqs] Processed 79682 reads in 21.008 CPU sec, 10.229 real sec
[M::process] read 79682 sequences (20000182 bp)...
[M::mem_pestat] # candidate unique pairs for (FF, FR, RF, RR): (8, 38159, 4, 2)
[M::mem_pestat] skip orientation FF as there are not enough pairs
[M::mem_pestat] analyzing insert size distribution for orientation FR...
[M::mem_pestat] (25, 50, 75) percentile: (382, 387, 397)
[M::mem_pestat] low and high boundaries for computing mean and std.dev: (352, 427)
[M::mem_pestat] mean and std.dev: (390.53, 11.61)
[M::mem_pestat] low and high boundaries for proper pairs: (337, 442)
[M::mem_pestat] skip orientation RF as there are not enough pairs
[M::mem_pestat] skip orientation RR as there are not enough pairs
[M::mem_process_seqs] Processed 79682 reads in 22.391 CPU sec, 10.976 real sec
[M::process] read 79682 sequences (20000182 bp)...
[M::mem_pestat] # candidate unique pairs for (FF, FR, RF, RR): (4, 38301, 2, 8)
[M::mem_pestat] skip orientation FF as there are not enough pairs
[M::mem_pestat] analyzing insert size distribution for orientation FR...
[M::mem_pestat] (25, 50, 75) percentile: (382, 387, 397)
[M::mem_pestat] low and high boundaries for computing mean and std.dev: (352, 427)
[M::mem_pestat] mean and std.dev: (390.58, 11.67)
[M::mem_pestat] low and high boundaries for proper pairs: (337, 442)
[M::mem_pestat] skip orientation RF as there are not enough pairs
[M::mem_pestat] skip orientation RR as there are not enough pairs
[M::mem_process_seqs] Processed 79682 reads in 22.313 CPU sec, 10.874 real sec
[M::process] read 79682 sequences (20000182 bp)...
[M::mem_pestat] # candidate unique pairs for (FF, FR, RF, RR): (3, 38349, 4, 7)
[M::mem_pestat] skip orientation FF as there are not enough pairs
[M::mem_pestat] analyzing insert size distribution for orientation FR...
[M::mem_pestat] (25, 50, 75) percentile: (382, 387, 397)
[M::mem_pestat] low and high boundaries for computing mean and std.dev: (352, 427)
[M::mem_pestat] mean and std.dev: (390.52, 11.53)
[M::mem_pestat] low and high boundaries for proper pairs: (337, 442)
[M::mem_pestat] skip orientation RF as there are not enough pairs
[M::mem_pestat] skip orientation RR as there are not enough pairs
[M::mem_process_seqs] Processed 79682 reads in 19.913 CPU sec, 9.668 real sec
[M::process] read 79682 sequences (20000182 bp)...
[M::mem_pestat] # candidate unique pairs for (FF, FR, RF, RR): (9, 38398, 4, 6)
[M::mem_pestat] skip orientation FF as there are not enough pairs
[M::mem_pestat] analyzing insert size distribution for orientation FR...
[M::mem_pestat] (25, 50, 75) percentile: (382, 387, 397)
[M::mem_pestat] low and high boundaries for computing mean and std.dev: (352, 427)
[M::mem_pestat] mean and std.dev: (390.58, 11.68)
[M::mem_pestat] low and high boundaries for proper pairs: (337, 442)
[M::mem_pestat] skip orientation RF as there are not enough pairs
[M::mem_pestat] skip orientation RR as there are not enough pairs
[M::mem_process_seqs] Processed 79682 reads in 20.820 CPU sec, 10.197 real sec
[M::process] read 79682 sequences (20000182 bp)...
[M::mem_pestat] # candidate unique pairs for (FF, FR, RF, RR): (4, 38357, 5, 3)
[M::mem_pestat] skip orientation FF as there are not enough pairs
[M::mem_pestat] analyzing insert size distribution for orientation FR...
[M::mem_pestat] (25, 50, 75) percentile: (382, 387, 397)
[M::mem_pestat] low and high boundaries for computing mean and std.dev: (352, 427)
[M::mem_pestat] mean and std.dev: (390.56, 11.59)
[M::mem_pestat] low and high boundaries for proper pairs: (337, 442)
[M::mem_pestat] skip orientation RF as there are not enough pairs
[M::mem_pestat] skip orientation RR as there are not enough pairs
[M::mem_process_seqs] Processed 79682 reads in 22.976 CPU sec, 11.224 real sec
[M::process] read 79682 sequences (20000182 bp)...
[M::mem_pestat] # candidate unique pairs for (FF, FR, RF, RR): (7, 38250, 4, 6)
[M::mem_pestat] skip orientation FF as there are not enough pairs
[M::mem_pestat] analyzing insert size distribution for orientation FR...
[M::mem_pestat] (25, 50, 75) percentile: (382, 387, 397)
[M::mem_pestat] low and high boundaries for computing mean and std.dev: (352, 427)
[M::mem_pestat] mean and std.dev: (390.52, 11.52)
[M::mem_pestat] low and high boundaries for proper pairs: (337, 442)
[M::mem_pestat] skip orientation RF as there are not enough pairs
[M::mem_pestat] skip orientation RR as there are not enough pairs
[M::mem_process_seqs] Processed 79682 reads in 21.973 CPU sec, 10.708 real sec
[M::process] read 79682 sequences (20000182 bp)...
[M::mem_pestat] # candidate unique pairs for (FF, FR, RF, RR): (7, 38303, 14, 3)
[M::mem_pestat] skip orientation FF as there are not enough pairs
[M::mem_pestat] analyzing insert size distribution for orientation FR...
[M::mem_pestat] (25, 50, 75) percentile: (382, 387, 397)
[M::mem_pestat] low and high boundaries for computing mean and std.dev: (352, 427)
[M::mem_pestat] mean and std.dev: (390.57, 11.61)
[M::mem_pestat] low and high boundaries for proper pairs: (337, 442)
[M::mem_pestat] analyzing insert size distribution for orientation RF...
[M::mem_pestat] (25, 50, 75) percentile: (867, 1719, 3311)
[M::mem_pestat] low and high boundaries for computing mean and std.dev: (1, 8199)
[M::mem_pestat] mean and std.dev: (2533.21, 1939.86)
[M::mem_pestat] low and high boundaries for proper pairs: (1, 10643)
[M::mem_pestat] skip orientation RR as there are not enough pairs
[M::mem_pestat] skip orientation RF
[M::mem_process_seqs] Processed 79682 reads in 20.794 CPU sec, 10.123 real sec
[M::process] read 16532 sequences (4149532 bp)...
[M::mem_pestat] # candidate unique pairs for (FF, FR, RF, RR): (6, 38263, 7, 6)
[M::mem_pestat] skip orientation FF as there are not enough pairs
[M::mem_pestat] analyzing insert size distribution for orientation FR...
[M::mem_pestat] (25, 50, 75) percentile: (382, 387, 397)
[M::mem_pestat] low and high boundaries for computing mean and std.dev: (352, 427)
[M::mem_pestat] mean and std.dev: (390.44, 11.60)
[M::mem_pestat] low and high boundaries for proper pairs: (337, 442)
[M::mem_pestat] skip orientation RF as there are not enough pairs
[M::mem_pestat] skip orientation RR as there are not enough pairs
[M::mem_process_seqs] Processed 79682 reads in 17.524 CPU sec, 8.697 real sec
[M::mem_pestat] # candidate unique pairs for (FF, FR, RF, RR): (1, 7922, 0, 1)
[M::mem_pestat] skip orientation FF as there are not enough pairs
[M::mem_pestat] analyzing insert size distribution for orientation FR...
[M::mem_pestat] (25, 50, 75) percentile: (382, 387, 395)
[M::mem_pestat] low and high boundaries for computing mean and std.dev: (356, 421)
[M::mem_pestat] mean and std.dev: (390.54, 11.38)
[M::mem_pestat] low and high boundaries for proper pairs: (343, 436)
[M::mem_pestat] skip orientation RF as there are not enough pairs
[M::mem_pestat] skip orientation RR as there are not enough pairs
[M::mem_process_seqs] Processed 16532 reads in 3.461 CPU sec, 4.397 real sec
[main] Version: 0.7.17-r1188
[main] CMD: bwa mem -t 2 /workspace/lab/mcarthurlab/nasirja/covid-19-signal/data/composite_human_viral_reference.fna E52/raw_fastq/E52_R1.fastq.gz E52/raw_fastq/E52_R2.fastq.gz
[main] Real time: 195.173 sec; CPU: 380.089 sec
viral read count = 1395796 (96.21%)
human read count = 0 (0.00%) 
unmapped read count = 55012 (3.79%)
