================================================================================
breseq 0.35.0     http://barricklab.org/breseq

Active Developers: Barrick JE, Deatherage DE
Contact:           <jeffrey.e.barrick@gmail.com>

breseq is free software; you can redistribute it and/or modify it under the
terms the GNU General Public License as published by the Free Software 
Foundation; either version 2, or (at your option) any later version.

Copyright (c) 2008-2010 Michigan State University
Copyright (c) 2011-2017 The University of Texas at Austin

If you use breseq in your research, please cite:

  Deatherage, D.E., Barrick, J.E. (2014) Identification of mutations
  in laboratory-evolved microbes from next-generation sequencing
  data using breseq. Methods Mol. Biol. 1151: 165–188.

If you use structural variation (junction) predictions, please cite:

  Barrick, J.E., Colburn, G., Deatherage D.E., Traverse, C.C.,
  Strand, M.D., Borges, J.J., Knoester, D.B., Reba, A., Meyer, A.G. 
  (2014) Identifying structural variation in haploid microbial genomes 
  from short-read resequencing data using breseq. BMC Genomics 15:1039.
================================================================================
---> bowtie2  :: version 2.4.5 [/workspace/lab/mcarthurlab/nasirja/covid-19-signal/.snakemake/conda/b7ebc969cbb19fe5c84690f1718327cb_/bin/bowtie2]
---> R        :: version 4.0.2 [/workspace/lab/mcarthurlab/nasirja/covid-19-signal/.snakemake/conda/b7ebc969cbb19fe5c84690f1718327cb_/bin/R]
+++   NOW PROCESSING Read and reference sequence file input
  READ FILE::E22_R1
    Converting/filtering FASTQ file...
    Original base quality format: SANGER New format: SANGER
    Original reads: 323128 bases: 80746772
    Filtered reads:      1 bases:      247 (≥90.0% same base)
    Analyzed reads: 323127 bases: 80746525
  READ FILE::E22_R2
    Converting/filtering FASTQ file...
    Original base quality format: SANGER New format: SANGER
    Original reads: 323128 bases: 80343693
    Filtered reads: none
    Analyzed reads: 323128 bases: 80343693
  ::TOTAL::
    Original reads: 646256 bases: 161090465
    Analyzed reads: 646255 bases: 161090218
[samtools] faidx E22/breseq/data/reference.fasta
  REFERENCE: MN908947
  LENGTH: 29903
+++   NOW PROCESSING Read alignment to reference genome
[system] bowtie2-build -q E22/breseq/data/reference.fasta E22/breseq/02_reference_alignment/reference
Renaming E22/breseq/02_reference_alignment/reference.3.bt2.tmp to E22/breseq/02_reference_alignment/reference.3.bt2
Renaming E22/breseq/02_reference_alignment/reference.4.bt2.tmp to E22/breseq/02_reference_alignment/reference.4.bt2
Renaming E22/breseq/02_reference_alignment/reference.1.bt2.tmp to E22/breseq/02_reference_alignment/reference.1.bt2
Renaming E22/breseq/02_reference_alignment/reference.2.bt2.tmp to E22/breseq/02_reference_alignment/reference.2.bt2
Renaming E22/breseq/02_reference_alignment/reference.rev.1.bt2.tmp to E22/breseq/02_reference_alignment/reference.rev.1.bt2
Renaming E22/breseq/02_reference_alignment/reference.rev.2.bt2.tmp to E22/breseq/02_reference_alignment/reference.rev.2.bt2
[system] bowtie2 -t --no-unal -p 4 -L 31 --ma 1 --mp 3 --np 0 --rdg 2,3 --rfg 2,3 --ignore-quals --local -i S,1,0.25 --score-min L,1,0.9 -k 2000 --reorder -x E22/breseq/02_reference_alignment/reference -U E22/breseq/01_sequence_conversion/E22_R1.converted.fastq -S E22/breseq/02_reference_alignment/E22_R1.stage1.sam --un E22/breseq/02_reference_alignment/E22_R1.stage1.unmatched.fastq
Time loading reference: 00:00:00
Time loading forward index: 00:00:00
Time loading mirror index: 00:00:00
Multiseed full-index search: 00:00:20
323127 reads; of these:
  323127 (100.00%) were unpaired; of these:
    3364 (1.04%) aligned 0 times
    319763 (98.96%) aligned exactly 1 time
    0 (0.00%) aligned >1 times
98.96% overall alignment rate
Time searching: 00:00:20
Overall time: 00:00:20
[system] bowtie2 -t --no-unal -p 4 -L 29 --ma 1 --mp 3 --np 0 --rdg 2,3 --rfg 2,3 --ignore-quals --local -i S,1,0.25 --score-min L,6,0.2 -k 2000 --reorder -x E22/breseq/02_reference_alignment/reference -U E22/breseq/02_reference_alignment/E22_R1.stage1.unmatched.fastq -S E22/breseq/02_reference_alignment/E22_R1.stage2.matched.sam
Time loading reference: 00:00:00
Time loading forward index: 00:00:00
Time loading mirror index: 00:00:00
Multiseed full-index search: 00:00:01
3364 reads; of these:
  3364 (100.00%) were unpaired; of these:
    20 (0.59%) aligned 0 times
    2431 (72.27%) aligned exactly 1 time
    913 (27.14%) aligned >1 times
99.41% overall alignment rate
Time searching: 00:00:01
Overall time: 00:00:01
[system] bowtie2 -t --no-unal -p 4 -L 31 --ma 1 --mp 3 --np 0 --rdg 2,3 --rfg 2,3 --ignore-quals --local -i S,1,0.25 --score-min L,1,0.9 -k 2000 --reorder -x E22/breseq/02_reference_alignment/reference -U E22/breseq/01_sequence_conversion/E22_R2.converted.fastq -S E22/breseq/02_reference_alignment/E22_R2.stage1.sam --un E22/breseq/02_reference_alignment/E22_R2.stage1.unmatched.fastq
Time loading reference: 00:00:00
Time loading forward index: 00:00:00
Time loading mirror index: 00:00:00
Multiseed full-index search: 00:00:20
323128 reads; of these:
  323128 (100.00%) were unpaired; of these:
    7524 (2.33%) aligned 0 times
    315604 (97.67%) aligned exactly 1 time
    0 (0.00%) aligned >1 times
97.67% overall alignment rate
Time searching: 00:00:20
Overall time: 00:00:20
[system] bowtie2 -t --no-unal -p 4 -L 29 --ma 1 --mp 3 --np 0 --rdg 2,3 --rfg 2,3 --ignore-quals --local -i S,1,0.25 --score-min L,6,0.2 -k 2000 --reorder -x E22/breseq/02_reference_alignment/reference -U E22/breseq/02_reference_alignment/E22_R2.stage1.unmatched.fastq -S E22/breseq/02_reference_alignment/E22_R2.stage2.matched.sam
Time loading reference: 00:00:00
Time loading forward index: 00:00:00
Time loading mirror index: 00:00:00
Multiseed full-index search: 00:00:01
7524 reads; of these:
  7524 (100.00%) were unpaired; of these:
    26 (0.35%) aligned 0 times
    6591 (87.60%) aligned exactly 1 time
    907 (12.05%) aligned >1 times
99.65% overall alignment rate
Time searching: 00:00:01
Overall time: 00:00:01
[system] rm -f E22/breseq/02_reference_alignment/reference*
[system] rm -f E22/breseq/02_reference_alignment/E22_R1.stage1.unmatched.fastq
[system] rm -f E22/breseq/02_reference_alignment/E22_R1.stage1.sam
[system] rm -f E22/breseq/02_reference_alignment/E22_R1.stage2.matched.sam
[system] rm -f E22/breseq/02_reference_alignment/E22_R2.stage1.unmatched.fastq
[system] rm -f E22/breseq/02_reference_alignment/E22_R2.stage1.sam
[system] rm -f E22/breseq/02_reference_alignment/E22_R2.stage2.matched.sam
+++   NOW PROCESSING Preprocessing alignments for candidate junction identification
Preprocessing alignments.
  READ FILE::E22_R1
    ALIGNED READ:100000
    ALIGNED READ:200000
    ALIGNED READ:300000
  READ FILE::E22_R2
    ALIGNED READ:400000
    ALIGNED READ:500000
    ALIGNED READ:600000
  Summary... 
  Aligned reads:                               646209
  Read alignments:                             648030
  Alignments split on indels:                    4469
  Reads with alignments split on indels:         4469
  Split alignments:                             12578
  Reads with split alignments:                   6288
+++   NOW PROCESSING Preliminary analysis of coverage distribution
[samtools] import E22/breseq/data/reference.fasta.fai E22/breseq/03_candidate_junctions/best.sam E22/breseq/03_candidate_junctions/best.unsorted.bam
[samtools] sort --threads 4 -o E22/breseq/03_candidate_junctions/best.bam -T E22/breseq/03_candidate_junctions/best.bam E22/breseq/03_candidate_junctions/best.unsorted.bam
[samtools] index E22/breseq/03_candidate_junctions/best.bam E22/breseq/03_candidate_junctions/best.bam.bai
  REFERENCE: MN908947
  LENGTH: 29903
    POSITION:10000
    POSITION:20000
[system] R --vanilla < /workspace/lab/mcarthurlab/nasirja/covid-19-signal/.snakemake/conda/b7ebc969cbb19fe5c84690f1718327cb_/bin/../share/breseq/coverage_distribution.r > E22/breseq/03_candidate_junctions/0.unique_only_coverage_distribution.tab.r.log distribution_file=E22/breseq/03_candidate_junctions/0.unique_only_coverage_distribution.tab plot_file=E22/breseq/03_candidate_junctions/0.coverage.pdf deletion_propagation_pr_cutoff=0.000289143
[system] rm -f E22/breseq/03_candidate_junctions/best.unsorted.bam
[system] rm -f E22/breseq/03_candidate_junctions/best.sam
[system] rm -f E22/breseq/03_candidate_junctions/best.bam
[system] rm -f E22/breseq/03_candidate_junctions/best.bam.bai
[system] rm -f E22/breseq/03_candidate_junctions/0.coverage.pdf
[system] rm -f E22/breseq/03_candidate_junctions/0.unique_only_coverage_distribution.tab
[system] rm -f E22/breseq/03_candidate_junctions/0.unique_only_coverage_distribution.tab.r.log
+++   NOW PROCESSING Identifying junction candidates
  READ FILE::E22_R1
  READ FILE::E22_R2
  Passed alignment pairs examined: 4475
  Taking top candidate junctions...
  Minimum number to keep:     100 
  Maximum number to keep:    5000 
  Maximum length to keep:    2990 bases
    Initial: Number = 19, Cumulative Length = 9456 bases
      Testing Pos Hash Score =   12, Num =      2, Length =    831
      Testing Pos Hash Score =    7, Num =      1, Length =    505
      Testing Pos Hash Score =    6, Num =      1, Length =    504
      Testing Pos Hash Score =    5, Num =      1, Length =    503
      Testing Pos Hash Score =    4, Num =      2, Length =   1013
      Testing Pos Hash Score =    3, Num =      2, Length =   1021
      Testing Pos Hash Score =    2, Num =     10, Length =   5079
    Accepted: Number = 19, Pos Hash Score >= 2, Cumulative Length = 9456 bases
[samtools] faidx E22/breseq/03_candidate_junctions/candidate_junction.fasta
[system] rm -f E22/breseq/03_candidate_junctions/E22_R1.split.sam
[system] rm -f E22/breseq/03_candidate_junctions/E22_R2.split.sam
+++   NOW PROCESSING Re-alignment to junction candidates
[system] bowtie2-build -q E22/breseq/03_candidate_junctions/candidate_junction.fasta E22/breseq/04_candidate_junction_alignment/candidate_junction
Renaming E22/breseq/04_candidate_junction_alignment/candidate_junction.3.bt2.tmp to E22/breseq/04_candidate_junction_alignment/candidate_junction.3.bt2
Renaming E22/breseq/04_candidate_junction_alignment/candidate_junction.4.bt2.tmp to E22/breseq/04_candidate_junction_alignment/candidate_junction.4.bt2
Renaming E22/breseq/04_candidate_junction_alignment/candidate_junction.1.bt2.tmp to E22/breseq/04_candidate_junction_alignment/candidate_junction.1.bt2
Renaming E22/breseq/04_candidate_junction_alignment/candidate_junction.2.bt2.tmp to E22/breseq/04_candidate_junction_alignment/candidate_junction.2.bt2
Renaming E22/breseq/04_candidate_junction_alignment/candidate_junction.rev.1.bt2.tmp to E22/breseq/04_candidate_junction_alignment/candidate_junction.rev.1.bt2
Renaming E22/breseq/04_candidate_junction_alignment/candidate_junction.rev.2.bt2.tmp to E22/breseq/04_candidate_junction_alignment/candidate_junction.rev.2.bt2
[system] bowtie2 -t --no-unal -p 4 --local  -L 31 --ma 1 --mp 3 --np 0 --rdg 2,3 --rfg 2,3 --ignore-quals --local -i S,1,0.25 --score-min L,1,0.70 -k 2000 --reorder -x E22/breseq/04_candidate_junction_alignment/candidate_junction -U E22/breseq/01_sequence_conversion/E22_R1.converted.fastq -S E22/breseq/04_candidate_junction_alignment/E22_R1.candidate_junction.sam
Time loading reference: 00:00:00
Time loading forward index: 00:00:00
Time loading mirror index: 00:00:00
Multiseed full-index search: 00:00:12
323127 reads; of these:
  323127 (100.00%) were unpaired; of these:
    270863 (83.83%) aligned 0 times
    41782 (12.93%) aligned exactly 1 time
    10482 (3.24%) aligned >1 times
16.17% overall alignment rate
Time searching: 00:00:12
Overall time: 00:00:12
[system] bowtie2 -t --no-unal -p 4 --local  -L 31 --ma 1 --mp 3 --np 0 --rdg 2,3 --rfg 2,3 --ignore-quals --local -i S,1,0.25 --score-min L,1,0.70 -k 2000 --reorder -x E22/breseq/04_candidate_junction_alignment/candidate_junction -U E22/breseq/01_sequence_conversion/E22_R2.converted.fastq -S E22/breseq/04_candidate_junction_alignment/E22_R2.candidate_junction.sam
Time loading reference: 00:00:00
Time loading forward index: 00:00:00
Time loading mirror index: 00:00:00
Multiseed full-index search: 00:00:12
323128 reads; of these:
  323128 (100.00%) were unpaired; of these:
    271535 (84.03%) aligned 0 times
    41299 (12.78%) aligned exactly 1 time
    10294 (3.19%) aligned >1 times
15.97% overall alignment rate
Time searching: 00:00:12
Overall time: 00:00:12
[system] rm -f E22/breseq/04_candidate_junction_alignment/candidate_junction*
+++   NOW PROCESSING Resolving best read alignments
  READ FILE:E22_R1
    READS:10000
    READS:20000
    READS:30000
    READS:40000
    READS:50000
    READS:60000
    READS:70000
    READS:80000
    READS:90000
    READS:100000
    READS:110000
    READS:120000
    READS:130000
    READS:140000
    READS:150000
    READS:160000
    READS:170000
    READS:180000
    READS:190000
    READS:200000
    READS:210000
    READS:220000
    READS:230000
    READS:240000
    READS:250000
    READS:260000
    READS:270000
    READS:280000
    READS:290000
    READS:300000
    READS:310000
    READS:320000
  READ FILE:E22_R2
    READS:330000
    READS:340000
    READS:350000
    READS:360000
    READS:370000
    READS:380000
    READS:390000
    READS:400000
    READS:410000
    READS:420000
    READS:430000
    READS:440000
    READS:450000
    READS:460000
    READS:470000
    READS:480000
    READS:490000
    READS:500000
    READS:510000
    READS:520000
    READS:530000
    READS:540000
    READS:550000
    READS:560000
    READS:570000
    READS:580000
    READS:590000
    READS:600000
    READS:610000
    READS:620000
    READS:630000
    READS:640000
[system] rm -f E22/breseq/01_sequence_conversion/E22_R1.converted.fastq
[system] rm -f E22/breseq/01_sequence_conversion/E22_R2.converted.fastq
[system] rm -f E22/breseq/02_reference_alignment/E22_R1.reference.sam
[system] rm -f E22/breseq/02_reference_alignment/E22_R2.reference.sam
[system] rm -f E22/breseq/04_candidate_junction_alignment/E22_R1.candidate_junction.sam*
[system] rm -f E22/breseq/04_candidate_junction_alignment/E22_R2.candidate_junction.sam*
+++   NOW PROCESSING Creating BAM files
[samtools] import E22/breseq/03_candidate_junctions/candidate_junction.fasta.fai E22/breseq/05_alignment_correction/junction.sam E22/breseq/06_bam/junction.unsorted.bam
[samtools] sort --threads 4 -o E22/breseq/06_bam/junction.bam -T E22/breseq/06_bam/junction.bam E22/breseq/06_bam/junction.unsorted.bam
[system] rm -f E22/breseq/06_bam/junction.unsorted.bam
[samtools] index E22/breseq/06_bam/junction.bam E22/breseq/06_bam/junction.bam.bai
[samtools] import E22/breseq/data/reference.fasta.fai E22/breseq/05_alignment_correction/reference.sam E22/breseq/06_bam/reference.unsorted.bam
[samtools] sort --threads 4 -o E22/breseq/data/reference.bam -T E22/breseq/data/reference.bam E22/breseq/06_bam/reference.unsorted.bam
[system] rm -f E22/breseq/06_bam/reference.unsorted.bam
[samtools] index E22/breseq/data/reference.bam E22/breseq/data/reference.bam.bai
[system] rm -f E22/breseq/05_alignment_correction/reference.sam
[system] rm -f E22/breseq/05_alignment_correction/junction.sam
+++   NOW PROCESSING Tabulating error counts
  REFERENCE: MN908947
  LENGTH: 29903
    POSITION:10000
    POSITION:20000
+++   NOW PROCESSING Re-calibrating base error rates
[system] R --vanilla < /workspace/lab/mcarthurlab/nasirja/covid-19-signal/.snakemake/conda/b7ebc969cbb19fe5c84690f1718327cb_/bin/../share/breseq/coverage_distribution.r > E22/breseq/07_error_calibration/0.unique_only_coverage_distribution.tab.r.log distribution_file=E22/breseq/07_error_calibration/0.unique_only_coverage_distribution.tab plot_file=E22/breseq/output/calibration/0.unique_coverage.pdf deletion_propagation_pr_cutoff=0.000289143
[system] R --vanilla in_file=E22/breseq/07_error_calibration/base_qual_error_prob.E22_R1.tab out_file=E22/breseq/output/calibration/E22_R1.error_rates.pdf < /workspace/lab/mcarthurlab/nasirja/covid-19-signal/.snakemake/conda/b7ebc969cbb19fe5c84690f1718327cb_/bin/../share/breseq/plot_error_rate.r > E22/breseq/07_error_calibration/E22_R1.plot_error_rate.log
[system] R --vanilla in_file=E22/breseq/07_error_calibration/base_qual_error_prob.E22_R2.tab out_file=E22/breseq/output/calibration/E22_R2.error_rates.pdf < /workspace/lab/mcarthurlab/nasirja/covid-19-signal/.snakemake/conda/b7ebc969cbb19fe5c84690f1718327cb_/bin/../share/breseq/plot_error_rate.r > E22/breseq/07_error_calibration/E22_R2.plot_error_rate.log
+++   NOW PROCESSING Examining read alignment evidence
  REFERENCE: MN908947
  LENGTH: 29903
    POSITION:10000
    POSITION:20000
+++   NOW PROCESSING Polymorphism statistics
[system] R --vanilla total_length=29903 in_file=E22/breseq/08_mutation_identification/polymorphism_statistics_input.tab out_file=E22/breseq/08_mutation_identification/polymorphism_statistics_output.tab qual_file=E22/breseq/08_mutation_identification/error_counts.tab < /workspace/lab/mcarthurlab/nasirja/covid-19-signal/.snakemake/conda/b7ebc969cbb19fe5c84690f1718327cb_/bin/../share/breseq/polymorphism_statistics.r > E22/breseq/08_mutation_identification/polymorphism_statistics_output.log
+++   NOW PROCESSING Output
Creating merged genome diff evidence file...
Predicting mutations from evidence...
----------------------------------> WARNING <-----------------------------------
Large number of differences detected between the sample and the reference sequence (67 evidence items, suggesting approximately 0.22% sequence divergence). If this is unexpected, check that you are using the closest available reference sequence for this sample (for example, the correct strain of a bacterial species). Mutation prediction can become less accurate with too much divergence from the reference sequence. It may also take a long time to predict mutations and generate output files.
--------------------------------------------------------------------------------
  Preparing junctions...
  Predicting mobile element insertions...
  Predicting large deletions...
  Predicting small indels and substitutions from junctions...
  Predicting small indels and substitutions from alignments...
  Making final adjustments to mutations...
  Writing final GD file...
  Writing final VCF file...
Annotating mutations...
Drawing coverage plots...
Creating coverage plot for region: MN908947:1-29903
Creating index HTML table...
[system] rm -f E22/breseq/01_sequence_conversion/*.trims
[system] rm -f E22/breseq/03_candidate_junctions/candidate_junction.fasta
[system] rm -f E22/breseq/03_candidate_junctions/candidate_junction.fasta.fai
[system] rm -f E22/breseq/05_alignment_correction/jc_evidence.gd
[system] rm -f E22/breseq/06_bam/junction.bam
[system] rm -f E22/breseq/06_bam/junction.bam.bai
+++   SUCCESSFULLY COMPLETED
