Path to Cutadapt set as: 'cutadapt' (default)
Cutadapt seems to be working fine (tested command 'cutadapt --version')
Cutadapt version: 4.1
Could not detect version of Python used by Cutadapt from the first line of Cutadapt (but found this: >>>#!/bin/sh<<<)
Letting the (modified) Cutadapt deal with the Python version instead
Parallel gzip (pigz) detected. Proceeding with multicore (de)compression using 2 cores

No quality encoding type selected. Assuming that the data provided uses Sanger encoded Phred scores (default)

Output will be written into the directory: /workspace/home/nasirja/covid-19-signal/subset_viral_7_results_dir/SC2199/adapter_trimmed/


AUTO-DETECTING ADAPTER TYPE
===========================
Attempting to auto-detect adapter type from the first 1 million sequences of the first file (>> SC2199/host_removal/SC2199_R1.fastq.gz <<)

Found perfect matches for the following adapter sequences:
Adapter type	Count	Sequence	Sequences analysed	Percentage
Illumina	11346	AGATCGGAAGAGC	473489	2.40
Nextera	0	CTGTCTCTTATA	473489	0.00
smallRNA	0	TGGAATTCTCGG	473489	0.00
Using Illumina adapter for trimming (count: 11346). Second best hit was Nextera (count: 0)

Writing report to '/workspace/home/nasirja/covid-19-signal/subset_viral_7_results_dir/SC2199/adapter_trimmed/SC2199_R1.fastq.gz_trimming_report.txt'

SUMMARISING RUN PARAMETERS
==========================
Input filename: SC2199/host_removal/SC2199_R1.fastq.gz
Trimming mode: paired-end
Trim Galore version: 0.6.4_dev
Cutadapt version: 4.1
Python version: could not detect
Number of cores used for trimming: 2
Quality Phred score cutoff: 20
Quality encoding type selected: ASCII+33
Adapter sequence: 'AGATCGGAAGAGC' (Illumina TruSeq, Sanger iPCR; auto-detected)
Maximum trimming error rate: 0.1 (default)
Minimum required adapter overlap (stringency): 1 bp
Minimum required sequence length for both reads before a sequence pair gets removed: 20 bp
Running FastQC on the data once trimming has completed
Output file(s) will be GZIP compressed

Cutadapt seems to be fairly up-to-date (version 4.1). Setting -j 2
Writing final adapter and quality trimmed output to SC2199_R1_trimmed.fq.gz


  >>> Now performing quality (cutoff '-q 20') and adapter trimming in a single pass for the adapter sequence: 'AGATCGGAAGAGC' from file SC2199/host_removal/SC2199_R1.fastq.gz <<< 
This is cutadapt 4.1 with Python 3.9.13
Command line parameters: -j 2 -e 0.1 -q 20 -O 1 -a AGATCGGAAGAGC SC2199/host_removal/SC2199_R1.fastq.gz
Processing single-end reads on 2 cores ...
Finished in 15.71 s (33 µs/read; 1.81 M reads/minute).

=== Summary ===

Total reads processed:                 473,489
Reads with adapters:                   164,714 (34.8%)
Reads written (passing filters):       473,489 (100.0%)

Total basepairs processed:   118,845,739 bp
Quality-trimmed:               1,082,795 bp (0.9%)
Total written (filtered):    116,568,940 bp (98.1%)

=== Adapter 1 ===

Sequence: AGATCGGAAGAGC; Type: regular 3'; Length: 13; Trimmed: 164714 times

Minimum overlap: 1
No. of allowed errors:
1-9 bp: 0; 10-13 bp: 1

Bases preceding removed adapters:
  A: 36.9%
  C: 18.6%
  G: 11.3%
  T: 32.9%
  none/other: 0.3%

Overview of removed sequences
length	count	expect	max.err	error counts
1	105653	118372.2	0	105653
2	36818	29593.1	0	36818
3	3396	7398.3	0	3396
4	1550	1849.6	0	1550
5	77	462.4	0	77
6	176	115.6	0	176
7	4085	28.9	0	4085
8	122	7.2	0	122
9	169	1.8	0	168 1
10	134	0.5	1	130 4
11	88	0.1	1	80 8
12	203	0.0	1	194 9
13	94	0.0	1	88 6
14	58	0.0	1	55 3
15	47	0.0	1	41 6
16	35	0.0	1	32 3
17	52	0.0	1	49 3
18	38	0.0	1	32 6
19	33	0.0	1	28 5
20	33	0.0	1	31 2
21	29	0.0	1	26 3
22	76	0.0	1	68 8
23	51	0.0	1	47 4
24	635	0.0	1	615 20
25	158	0.0	1	152 6
26	27	0.0	1	22 5
27	62	0.0	1	52 10
28	92	0.0	1	77 15
29	36	0.0	1	29 7
30	55	0.0	1	50 5
31	39	0.0	1	34 5
32	51	0.0	1	41 10
33	42	0.0	1	30 12
34	66	0.0	1	48 18
35	37	0.0	1	27 10
36	303	0.0	1	286 17
37	80	0.0	1	72 8
38	57	0.0	1	47 10
39	33	0.0	1	29 4
40	69	0.0	1	63 6
41	73	0.0	1	67 6
42	88	0.0	1	81 7
43	186	0.0	1	177 9
44	40	0.0	1	37 3
45	41	0.0	1	37 4
46	27	0.0	1	23 4
47	44	0.0	1	39 5
48	41	0.0	1	37 4
49	46	0.0	1	41 5
50	37	0.0	1	35 2
51	56	0.0	1	52 4
52	45	0.0	1	37 8
53	33	0.0	1	29 4
54	67	0.0	1	50 17
55	65	0.0	1	59 6
56	18	0.0	1	18
57	27	0.0	1	25 2
58	15	0.0	1	14 1
59	28	0.0	1	26 2
60	23	0.0	1	21 2
61	20	0.0	1	19 1
62	25	0.0	1	23 2
63	23	0.0	1	20 3
64	13	0.0	1	12 1
65	36	0.0	1	31 5
66	38	0.0	1	37 1
67	27	0.0	1	20 7
68	33	0.0	1	27 6
69	53	0.0	1	46 7
70	56	0.0	1	53 3
71	78	0.0	1	76 2
72	100	0.0	1	89 11
73	145	0.0	1	130 15
74	252	0.0	1	223 29
75	526	0.0	1	470 56
76	1399	0.0	1	1330 69
77	1135	0.0	1	1062 73
78	686	0.0	1	656 30
79	397	0.0	1	374 23
80	282	0.0	1	265 17
81	198	0.0	1	177 21
82	147	0.0	1	139 8
83	134	0.0	1	122 12
84	87	0.0	1	78 9
85	78	0.0	1	70 8
86	73	0.0	1	66 7
87	79	0.0	1	73 6
88	51	0.0	1	49 2
89	59	0.0	1	52 7
90	50	0.0	1	42 8
91	40	0.0	1	35 5
92	48	0.0	1	46 2
93	63	0.0	1	61 2
94	277	0.0	1	267 10
95	46	0.0	1	42 4
96	92	0.0	1	84 8
97	42	0.0	1	41 1
98	29	0.0	1	26 3
99	31	0.0	1	29 2
100	23	0.0	1	21 2
101	19	0.0	1	16 3
102	14	0.0	1	14
103	17	0.0	1	17
104	21	0.0	1	19 2
105	50	0.0	1	43 7
106	15	0.0	1	14 1
107	16	0.0	1	12 4
108	17	0.0	1	17
109	17	0.0	1	14 3
110	18	0.0	1	16 2
111	20	0.0	1	17 3
112	16	0.0	1	12 4
113	23	0.0	1	21 2
114	18	0.0	1	17 1
115	15	0.0	1	13 2
116	24	0.0	1	20 4
117	24	0.0	1	22 2
118	5	0.0	1	5
119	14	0.0	1	13 1
120	6	0.0	1	4 2
121	8	0.0	1	6 2
122	8	0.0	1	8
123	16	0.0	1	12 4
124	8	0.0	1	4 4
125	7	0.0	1	7
126	6	0.0	1	5 1
127	37	0.0	1	35 2
128	6	0.0	1	4 2
129	10	0.0	1	7 3
130	8	0.0	1	6 2
131	7	0.0	1	4 3
132	4	0.0	1	4
133	20	0.0	1	20
134	21	0.0	1	19 2
135	7	0.0	1	3 4
136	14	0.0	1	13 1
137	4	0.0	1	1 3
138	7	0.0	1	5 2
139	5	0.0	1	2 3
140	7	0.0	1	6 1
141	25	0.0	1	24 1
142	13	0.0	1	11 2
143	6	0.0	1	4 2
144	10	0.0	1	9 1
145	10	0.0	1	7 3
146	8	0.0	1	7 1
147	35	0.0	1	32 3
148	8	0.0	1	5 3
149	15	0.0	1	11 4
150	4	0.0	1	4
151	26	0.0	1	23 3
152	9	0.0	1	9
153	29	0.0	1	25 4
154	43	0.0	1	41 2
155	17	0.0	1	14 3
156	77	0.0	1	71 6
157	33	0.0	1	30 3
158	17	0.0	1	17
159	37	0.0	1	34 3
160	38	0.0	1	37 1
161	32	0.0	1	29 3
162	36	0.0	1	33 3
163	15	0.0	1	12 3
164	26	0.0	1	26
165	12	0.0	1	12
166	34	0.0	1	32 2
167	42	0.0	1	40 2
168	40	0.0	1	39 1
169	25	0.0	1	25
170	19	0.0	1	14 5
171	5	0.0	1	5
172	43	0.0	1	41 2
173	18	0.0	1	15 3
174	15	0.0	1	12 3
175	28	0.0	1	28
176	25	0.0	1	24 1
177	10	0.0	1	10
178	8	0.0	1	8
179	7	0.0	1	7
180	19	0.0	1	17 2
181	29	0.0	1	26 3
182	6	0.0	1	5 1
183	11	0.0	1	10 1
184	2	0.0	1	2
185	47	0.0	1	44 3
186	5	0.0	1	3 2
187	5	0.0	1	5
188	6	0.0	1	5 1
189	5	0.0	1	5
190	9	0.0	1	8 1
191	2	0.0	1	2
192	18	0.0	1	17 1
193	9	0.0	1	7 2
194	3	0.0	1	3
195	5	0.0	1	3 2
196	1	0.0	1	1
197	2	0.0	1	2
198	3	0.0	1	2 1
199	4	0.0	1	3 1
200	2	0.0	1	2
201	2	0.0	1	2
202	3	0.0	1	1 2
203	2	0.0	1	2
204	1	0.0	1	1
205	4	0.0	1	3 1
206	1	0.0	1	1
207	4	0.0	1	4
208	9	0.0	1	7 2
209	4	0.0	1	3 1
210	7	0.0	1	7
211	6	0.0	1	5 1
212	4	0.0	1	4
213	2	0.0	1	2
214	5	0.0	1	5
215	4	0.0	1	4
216	1	0.0	1	1
217	2	0.0	1	2
218	1	0.0	1	1
220	2	0.0	1	1 1
221	2	0.0	1	1 1
223	1	0.0	1	0 1
224	2	0.0	1	2
228	1	0.0	1	1
229	3	0.0	1	2 1
230	1	0.0	1	0 1
231	4	0.0	1	4
233	1	0.0	1	1
236	1	0.0	1	0 1
240	1	0.0	1	0 1
241	1	0.0	1	0 1
246	2	0.0	1	1 1
248	3	0.0	1	2 1
250	9	0.0	1	0 9
251	116	0.0	1	0 116

RUN STATISTICS FOR INPUT FILE: SC2199/host_removal/SC2199_R1.fastq.gz
=============================================
473489 sequences processed in total
The length threshold of paired-end sequences gets evaluated later on (in the validation step)

Writing report to '/workspace/home/nasirja/covid-19-signal/subset_viral_7_results_dir/SC2199/adapter_trimmed/SC2199_R2.fastq.gz_trimming_report.txt'

SUMMARISING RUN PARAMETERS
==========================
Input filename: SC2199/host_removal/SC2199_R2.fastq.gz
Trimming mode: paired-end
Trim Galore version: 0.6.4_dev
Cutadapt version: 4.1
Python version: could not detect
Number of cores used for trimming: 2
Quality Phred score cutoff: 20
Quality encoding type selected: ASCII+33
Adapter sequence: 'AGATCGGAAGAGC' (Illumina TruSeq, Sanger iPCR; auto-detected)
Maximum trimming error rate: 0.1 (default)
Minimum required adapter overlap (stringency): 1 bp
Minimum required sequence length for both reads before a sequence pair gets removed: 20 bp
Running FastQC on the data once trimming has completed
Output file(s) will be GZIP compressed

Cutadapt seems to be fairly up-to-date (version 4.1). Setting -j -j 2
Writing final adapter and quality trimmed output to SC2199_R2_trimmed.fq.gz


  >>> Now performing quality (cutoff '-q 20') and adapter trimming in a single pass for the adapter sequence: 'AGATCGGAAGAGC' from file SC2199/host_removal/SC2199_R2.fastq.gz <<< 
This is cutadapt 4.1 with Python 3.9.13
Command line parameters: -j 2 -e 0.1 -q 20 -O 1 -a AGATCGGAAGAGC SC2199/host_removal/SC2199_R2.fastq.gz
Processing single-end reads on 2 cores ...
Finished in 16.58 s (35 µs/read; 1.71 M reads/minute).

=== Summary ===

Total reads processed:                 473,489
Reads with adapters:                   161,888 (34.2%)
Reads written (passing filters):       473,489 (100.0%)

Total basepairs processed:   118,845,739 bp
Quality-trimmed:               2,290,388 bp (1.9%)
Total written (filtered):    115,569,216 bp (97.2%)

=== Adapter 1 ===

Sequence: AGATCGGAAGAGC; Type: regular 3'; Length: 13; Trimmed: 161888 times

Minimum overlap: 1
No. of allowed errors:
1-9 bp: 0; 10-13 bp: 1

Bases preceding removed adapters:
  A: 39.9%
  C: 18.1%
  G: 11.4%
  T: 30.2%
  none/other: 0.4%

Overview of removed sequences
length	count	expect	max.err	error counts
1	107919	118372.2	0	107919
2	33002	29593.1	0	33002
3	3852	7398.3	0	3852
4	1138	1849.6	0	1138
5	74	462.4	0	74
6	153	115.6	0	153
7	4029	28.9	0	4029
8	74	7.2	0	74
9	143	1.8	0	143
10	165	0.5	1	156 9
11	56	0.1	1	47 9
12	208	0.0	1	195 13
13	26	0.0	1	23 3
14	95	0.0	1	88 7
15	31	0.0	1	23 8
16	24	0.0	1	23 1
17	53	0.0	1	50 3
18	7	0.0	1	6 1
19	45	0.0	1	42 3
20	19	0.0	1	19
21	10	0.0	1	9 1
22	63	0.0	1	58 5
23	47	0.0	1	42 5
24	750	0.0	1	716 34
25	21	0.0	1	19 2
26	69	0.0	1	64 5
27	69	0.0	1	64 5
28	71	0.0	1	62 9
29	16	0.0	1	14 2
30	83	0.0	1	74 9
31	15	0.0	1	14 1
32	52	0.0	1	48 4
33	48	0.0	1	43 5
34	30	0.0	1	25 5
35	75	0.0	1	62 13
36	355	0.0	1	337 18
37	88	0.0	1	80 8
38	44	0.0	1	43 1
39	61	0.0	1	55 6
40	77	0.0	1	66 11
41	154	0.0	1	144 10
42	326	0.0	1	309 17
43	103	0.0	1	97 6
44	253	0.0	1	242 11
45	228	0.0	1	222 6
46	174	0.0	1	165 9
47	259	0.0	1	252 7
48	148	0.0	1	141 7
49	91	0.0	1	88 3
50	70	0.0	1	68 2
51	56	0.0	1	52 4
52	37	0.0	1	33 4
53	83	0.0	1	79 4
54	216	0.0	1	214 2
55	62	0.0	1	62
56	142	0.0	1	133 9
57	400	0.0	1	398 2
58	204	0.0	1	202 2
59	48	0.0	1	46 2
60	169	0.0	1	165 4
61	58	0.0	1	55 3
62	44	0.0	1	41 3
63	123	0.0	1	121 2
64	55	0.0	1	54 1
65	25	0.0	1	23 2
66	27	0.0	1	26 1
67	25	0.0	1	24 1
68	20	0.0	1	18 2
69	17	0.0	1	16 1
70	23	0.0	1	23
71	12	0.0	1	12
72	20	0.0	1	16 4
73	37	0.0	1	35 2
74	63	0.0	1	56 7
75	89	0.0	1	85 4
76	141	0.0	1	131 10
77	243	0.0	1	228 15
78	356	0.0	1	312 44
79	548	0.0	1	450 98
80	862	0.0	1	755 107
81	552	0.0	1	498 54
82	258	0.0	1	219 39
83	126	0.0	1	104 22
84	86	0.0	1	70 16
85	57	0.0	1	46 11
86	36	0.0	1	27 9
87	46	0.0	1	38 8
88	33	0.0	1	27 6
89	29	0.0	1	23 6
90	22	0.0	1	19 3
91	20	0.0	1	16 4
92	15	0.0	1	12 3
93	26	0.0	1	23 3
94	180	0.0	1	168 12
95	28	0.0	1	26 2
96	35	0.0	1	32 3
97	16	0.0	1	15 1
98	12	0.0	1	10 2
99	11	0.0	1	7 4
100	8	0.0	1	3 5
101	5	0.0	1	5
102	8	0.0	1	7 1
103	4	0.0	1	3 1
104	9	0.0	1	8 1
105	35	0.0	1	34 1
106	5	0.0	1	4 1
107	4	0.0	1	1 3
108	6	0.0	1	5 1
109	6	0.0	1	4 2
110	7	0.0	1	2 5
111	7	0.0	1	5 2
112	5	0.0	1	3 2
113	7	0.0	1	5 2
114	8	0.0	1	4 4
115	9	0.0	1	6 3
116	13	0.0	1	7 6
117	8	0.0	1	6 2
118	3	0.0	1	1 2
119	6	0.0	1	4 2
121	6	0.0	1	4 2
122	2	0.0	1	1 1
123	19	0.0	1	17 2
124	4	0.0	1	4
125	1	0.0	1	1
126	6	0.0	1	5 1
127	14	0.0	1	12 2
128	2	0.0	1	2
129	3	0.0	1	0 3
130	1	0.0	1	1
131	2	0.0	1	2
132	2	0.0	1	0 2
133	9	0.0	1	8 1
134	7	0.0	1	6 1
136	12	0.0	1	8 4
137	5	0.0	1	3 2
138	1	0.0	1	1
139	4	0.0	1	1 3
141	10	0.0	1	10
142	1	0.0	1	1
143	2	0.0	1	1 1
144	3	0.0	1	1 2
145	9	0.0	1	6 3
146	8	0.0	1	5 3
147	26	0.0	1	21 5
148	7	0.0	1	4 3
149	8	0.0	1	7 1
150	3	0.0	1	1 2
151	13	0.0	1	11 2
152	6	0.0	1	6
153	20	0.0	1	20
154	22	0.0	1	19 3
155	7	0.0	1	6 1
156	59	0.0	1	54 5
157	36	0.0	1	33 3
158	17	0.0	1	17
159	17	0.0	1	16 1
160	26	0.0	1	25 1
161	15	0.0	1	14 1
162	14	0.0	1	13 1
163	13	0.0	1	12 1
164	27	0.0	1	24 3
165	5	0.0	1	5
166	28	0.0	1	27 1
167	25	0.0	1	23 2
168	24	0.0	1	24
169	14	0.0	1	12 2
170	7	0.0	1	7
171	10	0.0	1	10
172	21	0.0	1	21
173	12	0.0	1	10 2
174	11	0.0	1	9 2
175	22	0.0	1	19 3
176	10	0.0	1	9 1
177	5	0.0	1	5
178	4	0.0	1	3 1
179	6	0.0	1	6
180	17	0.0	1	17
181	23	0.0	1	23
182	2	0.0	1	2
183	3	0.0	1	3
184	4	0.0	1	4
185	44	0.0	1	42 2
186	2	0.0	1	2
187	5	0.0	1	4 1
188	2	0.0	1	1 1
189	2	0.0	1	2
190	3	0.0	1	2 1
192	7	0.0	1	7
193	10	0.0	1	10
194	3	0.0	1	2 1
195	4	0.0	1	4
196	1	0.0	1	0 1
197	1	0.0	1	1
198	3	0.0	1	3
199	2	0.0	1	2
200	2	0.0	1	2
201	2	0.0	1	2
202	2	0.0	1	1 1
203	1	0.0	1	1
204	1	0.0	1	1
205	2	0.0	1	2
206	1	0.0	1	1
207	5	0.0	1	5
208	3	0.0	1	3
209	1	0.0	1	1
210	7	0.0	1	6 1
211	3	0.0	1	3
212	6	0.0	1	6
213	1	0.0	1	1
215	3	0.0	1	2 1
217	2	0.0	1	2
220	1	0.0	1	0 1
225	1	0.0	1	1
226	1	0.0	1	1
227	3	0.0	1	3
229	1	0.0	1	1
230	1	0.0	1	1
248	1	0.0	1	1
250	6	0.0	1	0 6
251	101	0.0	1	0 101

RUN STATISTICS FOR INPUT FILE: SC2199/host_removal/SC2199_R2.fastq.gz
=============================================
473489 sequences processed in total
The length threshold of paired-end sequences gets evaluated later on (in the validation step)

Validate paired-end files SC2199_R1_trimmed.fq.gz and SC2199_R2_trimmed.fq.gz
file_1: SC2199_R1_trimmed.fq.gz, file_2: SC2199_R2_trimmed.fq.gz


>>>>> Now validing the length of the 2 paired-end infiles: SC2199_R1_trimmed.fq.gz and SC2199_R2_trimmed.fq.gz <<<<<
Writing validated paired-end Read 1 reads to SC2199_R1_val_1.fq.gz
Writing validated paired-end Read 2 reads to SC2199_R2_val_2.fq.gz

Total number of sequences analysed: 473489

Number of sequence pairs removed because at least one read was shorter than the length cutoff (20 bp): 1775 (0.37%)


  >>> Now running FastQC on the validated data SC2199_R1_val_1.fq.gz<<<

Started analysis of SC2199_R1_val_1.fq.gz
Approx 5% complete for SC2199_R1_val_1.fq.gz
Approx 10% complete for SC2199_R1_val_1.fq.gz
Approx 15% complete for SC2199_R1_val_1.fq.gz
Approx 20% complete for SC2199_R1_val_1.fq.gz
Approx 25% complete for SC2199_R1_val_1.fq.gz
Approx 30% complete for SC2199_R1_val_1.fq.gz
Approx 35% complete for SC2199_R1_val_1.fq.gz
Approx 40% complete for SC2199_R1_val_1.fq.gz
Approx 45% complete for SC2199_R1_val_1.fq.gz
Approx 50% complete for SC2199_R1_val_1.fq.gz
Approx 55% complete for SC2199_R1_val_1.fq.gz
Approx 60% complete for SC2199_R1_val_1.fq.gz
Approx 65% complete for SC2199_R1_val_1.fq.gz
Approx 70% complete for SC2199_R1_val_1.fq.gz
Approx 75% complete for SC2199_R1_val_1.fq.gz
Approx 80% complete for SC2199_R1_val_1.fq.gz
Approx 85% complete for SC2199_R1_val_1.fq.gz
Approx 90% complete for SC2199_R1_val_1.fq.gz
Approx 95% complete for SC2199_R1_val_1.fq.gz

  >>> Now running FastQC on the validated data SC2199_R2_val_2.fq.gz<<<

Started analysis of SC2199_R2_val_2.fq.gz
Approx 5% complete for SC2199_R2_val_2.fq.gz
Approx 10% complete for SC2199_R2_val_2.fq.gz
Approx 15% complete for SC2199_R2_val_2.fq.gz
Approx 20% complete for SC2199_R2_val_2.fq.gz
Approx 25% complete for SC2199_R2_val_2.fq.gz
Approx 30% complete for SC2199_R2_val_2.fq.gz
Approx 35% complete for SC2199_R2_val_2.fq.gz
Approx 40% complete for SC2199_R2_val_2.fq.gz
Approx 45% complete for SC2199_R2_val_2.fq.gz
Approx 50% complete for SC2199_R2_val_2.fq.gz
Approx 55% complete for SC2199_R2_val_2.fq.gz
Approx 60% complete for SC2199_R2_val_2.fq.gz
Approx 65% complete for SC2199_R2_val_2.fq.gz
Approx 70% complete for SC2199_R2_val_2.fq.gz
Approx 75% complete for SC2199_R2_val_2.fq.gz
Approx 80% complete for SC2199_R2_val_2.fq.gz
Approx 85% complete for SC2199_R2_val_2.fq.gz
Approx 90% complete for SC2199_R2_val_2.fq.gz
Approx 95% complete for SC2199_R2_val_2.fq.gz
Deleting both intermediate output files SC2199_R1_trimmed.fq.gz and SC2199_R2_trimmed.fq.gz

====================================================================================================

