[M::bwa_idx_load_from_disk] read 0 ALT contigs
[M::process] read 80748 sequences (20000013 bp)...
[M::process] read 80862 sequences (20000164 bp)...
[M::mem_pestat] # candidate unique pairs for (FF, FR, RF, RR): (1, 40197, 16, 8)
[M::mem_pestat] skip orientation FF as there are not enough pairs
[M::mem_pestat] analyzing insert size distribution for orientation FR...
[M::mem_pestat] (25, 50, 75) percentile: (380, 386, 395)
[M::mem_pestat] low and high boundaries for computing mean and std.dev: (350, 425)
[M::mem_pestat] mean and std.dev: (388.13, 10.26)
[M::mem_pestat] low and high boundaries for proper pairs: (335, 440)
[M::mem_pestat] analyzing insert size distribution for orientation RF...
[M::mem_pestat] (25, 50, 75) percentile: (400, 609, 2291)
[M::mem_pestat] low and high boundaries for computing mean and std.dev: (1, 6073)
[M::mem_pestat] mean and std.dev: (1142.00, 998.19)
[M::mem_pestat] low and high boundaries for proper pairs: (1, 7964)
[M::mem_pestat] skip orientation RR as there are not enough pairs
[M::mem_pestat] skip orientation RF
[M::mem_process_seqs] Processed 80748 reads in 5.224 CPU sec, 2.472 real sec
[M::mem_pestat] # candidate unique pairs for (FF, FR, RF, RR): (2, 40213, 13, 5)
[M::mem_pestat] skip orientation FF as there are not enough pairs
[M::mem_pestat] analyzing insert size distribution for orientation FR...
[M::mem_pestat] (25, 50, 75) percentile: (380, 386, 394)
[M::mem_pestat] low and high boundaries for computing mean and std.dev: (352, 422)
[M::mem_pestat] mean and std.dev: (387.81, 10.33)
[M::mem_pestat] low and high boundaries for proper pairs: (338, 436)
[M::mem_pestat] analyzing insert size distribution for orientation RF...
[M::mem_pestat] (25, 50, 75) percentile: (225, 1756, 3600)
[M::mem_pestat] low and high boundaries for computing mean and std.dev: (1, 10350)
[M::mem_pestat] mean and std.dev: (2107.46, 1775.35)
[M::mem_pestat] low and high boundaries for proper pairs: (1, 13725)
[M::mem_pestat] skip orientation RR as there are not enough pairs
[M::mem_pestat] skip orientation RF
[M::mem_process_seqs] Processed 80862 reads in 5.446 CPU sec, 2.651 real sec
[M::process] read 80740 sequences (20000375 bp)...
[M::mem_pestat] # candidate unique pairs for (FF, FR, RF, RR): (2, 40142, 17, 10)
[M::mem_pestat] skip orientation FF as there are not enough pairs
[M::mem_pestat] analyzing insert size distribution for orientation FR...
[M::mem_pestat] (25, 50, 75) percentile: (380, 386, 395)
[M::mem_pestat] low and high boundaries for computing mean and std.dev: (350, 425)
[M::mem_pestat] mean and std.dev: (388.17, 10.33)
[M::mem_pestat] low and high boundaries for proper pairs: (335, 440)
[M::mem_pestat] analyzing insert size distribution for orientation RF...
[M::mem_pestat] (25, 50, 75) percentile: (748, 1015, 5951)
[M::mem_pestat] low and high boundaries for computing mean and std.dev: (1, 16357)
[M::mem_pestat] mean and std.dev: (2696.71, 2973.19)
[M::mem_pestat] low and high boundaries for proper pairs: (1, 21560)
[M::mem_pestat] analyzing insert size distribution for orientation RR...
[M::mem_pestat] (25, 50, 75) percentile: (385, 922, 2057)
[M::mem_pestat] low and high boundaries for computing mean and std.dev: (1, 5401)
[M::mem_pestat] mean and std.dev: (1091.00, 982.18)
[M::mem_pestat] low and high boundaries for proper pairs: (1, 7073)
[M::mem_pestat] skip orientation RF
[M::mem_pestat] skip orientation RR
[M::mem_process_seqs] Processed 80740 reads in 5.080 CPU sec, 2.457 real sec
[M::process] read 80798 sequences (20000446 bp)...
[M::mem_pestat] # candidate unique pairs for (FF, FR, RF, RR): (2, 40203, 14, 4)
[M::mem_pestat] skip orientation FF as there are not enough pairs
[M::mem_pestat] analyzing insert size distribution for orientation FR...
[M::mem_pestat] (25, 50, 75) percentile: (380, 386, 395)
[M::mem_pestat] low and high boundaries for computing mean and std.dev: (350, 425)
[M::mem_pestat] mean and std.dev: (388.00, 10.41)
[M::mem_pestat] low and high boundaries for proper pairs: (335, 440)
[M::mem_pestat] analyzing insert size distribution for orientation RF...
[M::mem_pestat] (25, 50, 75) percentile: (223, 717, 3258)
[M::mem_pestat] low and high boundaries for computing mean and std.dev: (1, 9328)
[M::mem_pestat] mean and std.dev: (1725.14, 2055.29)
[M::mem_pestat] low and high boundaries for proper pairs: (1, 12363)
[M::mem_pestat] skip orientation RR as there are not enough pairs
[M::mem_pestat] skip orientation RF
[M::mem_process_seqs] Processed 80798 reads in 5.310 CPU sec, 2.568 real sec
[M::process] read 80630 sequences (20000473 bp)...
[M::mem_pestat] # candidate unique pairs for (FF, FR, RF, RR): (5, 40123, 15, 8)
[M::mem_pestat] skip orientation FF as there are not enough pairs
[M::mem_pestat] analyzing insert size distribution for orientation FR...
[M::mem_pestat] (25, 50, 75) percentile: (380, 386, 395)
[M::mem_pestat] low and high boundaries for computing mean and std.dev: (350, 425)
[M::mem_pestat] mean and std.dev: (388.10, 10.31)
[M::mem_pestat] low and high boundaries for proper pairs: (335, 440)
[M::mem_pestat] analyzing insert size distribution for orientation RF...
[M::mem_pestat] (25, 50, 75) percentile: (235, 814, 5272)
[M::mem_pestat] low and high boundaries for computing mean and std.dev: (1, 15346)
[M::mem_pestat] mean and std.dev: (2510.60, 3139.43)
[M::mem_pestat] low and high boundaries for proper pairs: (1, 20383)
[M::mem_pestat] skip orientation RR as there are not enough pairs
[M::mem_pestat] skip orientation RF
[M::mem_process_seqs] Processed 80630 reads in 5.270 CPU sec, 2.576 real sec
[M::process] read 80706 sequences (20000128 bp)...
[M::mem_pestat] # candidate unique pairs for (FF, FR, RF, RR): (8, 40152, 19, 4)
[M::mem_pestat] skip orientation FF as there are not enough pairs
[M::mem_pestat] analyzing insert size distribution for orientation FR...
[M::mem_pestat] (25, 50, 75) percentile: (379, 386, 394)
[M::mem_pestat] low and high boundaries for computing mean and std.dev: (349, 424)
[M::mem_pestat] mean and std.dev: (387.72, 10.61)
[M::mem_pestat] low and high boundaries for proper pairs: (334, 439)
[M::mem_pestat] analyzing insert size distribution for orientation RF...
[M::mem_pestat] (25, 50, 75) percentile: (588, 726, 1633)
[M::mem_pestat] low and high boundaries for computing mean and std.dev: (1, 3723)
[M::mem_pestat] mean and std.dev: (926.67, 594.39)
[M::mem_pestat] low and high boundaries for proper pairs: (1, 4768)
[M::mem_pestat] skip orientation RR as there are not enough pairs
[M::mem_pestat] skip orientation RF
[M::mem_process_seqs] Processed 80706 reads in 5.872 CPU sec, 2.859 real sec
[M::process] read 80698 sequences (20000321 bp)...
[M::mem_pestat] # candidate unique pairs for (FF, FR, RF, RR): (6, 40152, 11, 6)
[M::mem_pestat] skip orientation FF as there are not enough pairs
[M::mem_pestat] analyzing insert size distribution for orientation FR...
[M::mem_pestat] (25, 50, 75) percentile: (380, 386, 395)
[M::mem_pestat] low and high boundaries for computing mean and std.dev: (350, 425)
[M::mem_pestat] mean and std.dev: (388.00, 10.38)
[M::mem_pestat] low and high boundaries for proper pairs: (335, 440)
[M::mem_pestat] analyzing insert size distribution for orientation RF...
[M::mem_pestat] (25, 50, 75) percentile: (855, 2462, 3710)
[M::mem_pestat] low and high boundaries for computing mean and std.dev: (1, 9420)
[M::mem_pestat] mean and std.dev: (2345.00, 1886.08)
[M::mem_pestat] low and high boundaries for proper pairs: (1, 12275)
[M::mem_pestat] skip orientation RR as there are not enough pairs
[M::mem_pestat] skip orientation RF
[M::mem_process_seqs] Processed 80698 reads in 5.626 CPU sec, 2.727 real sec
[M::process] read 80830 sequences (20000283 bp)...
[M::mem_pestat] # candidate unique pairs for (FF, FR, RF, RR): (6, 40197, 19, 7)
[M::mem_pestat] skip orientation FF as there are not enough pairs
[M::mem_pestat] analyzing insert size distribution for orientation FR...
[M::mem_pestat] (25, 50, 75) percentile: (380, 386, 395)
[M::mem_pestat] low and high boundaries for computing mean and std.dev: (350, 425)
[M::mem_pestat] mean and std.dev: (388.06, 10.40)
[M::mem_pestat] low and high boundaries for proper pairs: (335, 440)
[M::mem_pestat] analyzing insert size distribution for orientation RF...
[M::mem_pestat] (25, 50, 75) percentile: (762, 2432, 4455)
[M::mem_pestat] low and high boundaries for computing mean and std.dev: (1, 11841)
[M::mem_pestat] mean and std.dev: (2903.89, 2644.27)
[M::mem_pestat] low and high boundaries for proper pairs: (1, 15534)
[M::mem_pestat] skip orientation RR as there are not enough pairs
[M::mem_pestat] skip orientation RF
[M::mem_process_seqs] Processed 80830 reads in 5.175 CPU sec, 2.513 real sec
[M::process] read 80832 sequences (20000068 bp)...
[M::mem_pestat] # candidate unique pairs for (FF, FR, RF, RR): (2, 40210, 13, 7)
[M::mem_pestat] skip orientation FF as there are not enough pairs
[M::mem_pestat] analyzing insert size distribution for orientation FR...
[M::mem_pestat] (25, 50, 75) percentile: (379, 385, 394)
[M::mem_pestat] low and high boundaries for computing mean and std.dev: (349, 424)
[M::mem_pestat] mean and std.dev: (387.61, 10.44)
[M::mem_pestat] low and high boundaries for proper pairs: (334, 439)
[M::mem_pestat] analyzing insert size distribution for orientation RF...
[M::mem_pestat] (25, 50, 75) percentile: (525, 853, 3183)
[M::mem_pestat] low and high boundaries for computing mean and std.dev: (1, 8499)
[M::mem_pestat] mean and std.dev: (1959.08, 2503.95)
[M::mem_pestat] low and high boundaries for proper pairs: (1, 11975)
[M::mem_pestat] skip orientation RR as there are not enough pairs
[M::mem_pestat] skip orientation RF
[M::mem_process_seqs] Processed 80832 reads in 5.667 CPU sec, 2.769 real sec
[M::process] read 80684 sequences (20000284 bp)...
[M::mem_pestat] # candidate unique pairs for (FF, FR, RF, RR): (9, 40147, 16, 9)
[M::mem_pestat] skip orientation FF as there are not enough pairs
[M::mem_pestat] analyzing insert size distribution for orientation FR...
[M::mem_pestat] (25, 50, 75) percentile: (380, 386, 395)
[M::mem_pestat] low and high boundaries for computing mean and std.dev: (350, 425)
[M::mem_pestat] mean and std.dev: (388.15, 10.35)
[M::mem_pestat] low and high boundaries for proper pairs: (335, 440)
[M::mem_pestat] analyzing insert size distribution for orientation RF...
[M::mem_pestat] (25, 50, 75) percentile: (717, 867, 2078)
[M::mem_pestat] low and high boundaries for computing mean and std.dev: (1, 4800)
[M::mem_pestat] mean and std.dev: (1228.31, 1014.76)
[M::mem_pestat] low and high boundaries for proper pairs: (1, 6161)
[M::mem_pestat] skip orientation RR as there are not enough pairs
[M::mem_pestat] skip orientation RF
[M::mem_process_seqs] Processed 80684 reads in 5.427 CPU sec, 2.643 real sec
[M::process] read 80752 sequences (20000376 bp)...
[M::mem_pestat] # candidate unique pairs for (FF, FR, RF, RR): (2, 40200, 12, 5)
[M::mem_pestat] skip orientation FF as there are not enough pairs
[M::mem_pestat] analyzing insert size distribution for orientation FR...
[M::mem_pestat] (25, 50, 75) percentile: (380, 386, 394)
[M::mem_pestat] low and high boundaries for computing mean and std.dev: (352, 422)
[M::mem_pestat] mean and std.dev: (387.91, 10.21)
[M::mem_pestat] low and high boundaries for proper pairs: (338, 436)
[M::mem_pestat] analyzing insert size distribution for orientation RF...
[M::mem_pestat] (25, 50, 75) percentile: (746, 974, 2260)
[M::mem_pestat] low and high boundaries for computing mean and std.dev: (1, 5288)
[M::mem_pestat] mean and std.dev: (1143.36, 901.71)
[M::mem_pestat] low and high boundaries for proper pairs: (1, 6802)
[M::mem_pestat] skip orientation RR as there are not enough pairs
[M::mem_pestat] skip orientation RF
[M::mem_process_seqs] Processed 80752 reads in 5.959 CPU sec, 2.921 real sec
[M::process] read 80660 sequences (20000036 bp)...
[M::mem_pestat] # candidate unique pairs for (FF, FR, RF, RR): (5, 40140, 16, 4)
[M::mem_pestat] skip orientation FF as there are not enough pairs
[M::mem_pestat] analyzing insert size distribution for orientation FR...
[M::mem_pestat] (25, 50, 75) percentile: (380, 386, 395)
[M::mem_pestat] low and high boundaries for computing mean and std.dev: (350, 425)
[M::mem_pestat] mean and std.dev: (388.16, 10.39)
[M::mem_pestat] low and high boundaries for proper pairs: (335, 440)
[M::mem_pestat] analyzing insert size distribution for orientation RF...
[M::mem_pestat] (25, 50, 75) percentile: (242, 823, 2067)
[M::mem_pestat] low and high boundaries for computing mean and std.dev: (1, 5717)
[M::mem_pestat] mean and std.dev: (1044.21, 1308.59)
[M::mem_pestat] low and high boundaries for proper pairs: (1, 7542)
[M::mem_pestat] skip orientation RR as there are not enough pairs
[M::mem_pestat] skip orientation RF
[M::mem_process_seqs] Processed 80660 reads in 5.516 CPU sec, 2.707 real sec
[M::process] read 80746 sequences (20000412 bp)...
[M::mem_pestat] # candidate unique pairs for (FF, FR, RF, RR): (5, 40174, 15, 3)
[M::mem_pestat] skip orientation FF as there are not enough pairs
[M::mem_pestat] analyzing insert size distribution for orientation FR...
[M::mem_pestat] (25, 50, 75) percentile: (380, 386, 395)
[M::mem_pestat] low and high boundaries for computing mean and std.dev: (350, 425)
[M::mem_pestat] mean and std.dev: (387.94, 10.32)
[M::mem_pestat] low and high boundaries for proper pairs: (335, 440)
[M::mem_pestat] analyzing insert size distribution for orientation RF...
[M::mem_pestat] (25, 50, 75) percentile: (613, 810, 2479)
[M::mem_pestat] low and high boundaries for computing mean and std.dev: (1, 6211)
[M::mem_pestat] mean and std.dev: (1544.29, 1589.69)
[M::mem_pestat] low and high boundaries for proper pairs: (1, 8077)
[M::mem_pestat] skip orientation RR as there are not enough pairs
[M::mem_pestat] skip orientation RF
[M::mem_process_seqs] Processed 80746 reads in 5.442 CPU sec, 2.651 real sec
[M::process] read 80678 sequences (20000181 bp)...
[M::mem_pestat] # candidate unique pairs for (FF, FR, RF, RR): (7, 40149, 10, 3)
[M::mem_pestat] skip orientation FF as there are not enough pairs
[M::mem_pestat] analyzing insert size distribution for orientation FR...
[M::mem_pestat] (25, 50, 75) percentile: (380, 386, 395)
[M::mem_pestat] low and high boundaries for computing mean and std.dev: (350, 425)
[M::mem_pestat] mean and std.dev: (388.05, 10.33)
[M::mem_pestat] low and high boundaries for proper pairs: (335, 440)
[M::mem_pestat] analyzing insert size distribution for orientation RF...
[M::mem_pestat] (25, 50, 75) percentile: (484, 808, 1950)
[M::mem_pestat] low and high boundaries for computing mean and std.dev: (1, 4882)
[M::mem_pestat] mean and std.dev: (1090.50, 959.01)
[M::mem_pestat] low and high boundaries for proper pairs: (1, 6348)
[M::mem_pestat] skip orientation RR as there are not enough pairs
[M::mem_pestat] skip orientation RF
[M::mem_process_seqs] Processed 80678 reads in 5.532 CPU sec, 2.725 real sec
[M::process] read 40752 sequences (10103065 bp)...
[M::mem_pestat] # candidate unique pairs for (FF, FR, RF, RR): (2, 20299, 3, 1)
[M::mem_pestat] skip orientation FF as there are not enough pairs
[M::mem_pestat] analyzing insert size distribution for orientation FR...
[M::mem_pestat] (25, 50, 75) percentile: (379, 385, 394)
[M::mem_pestat] low and high boundaries for computing mean and std.dev: (349, 424)
[M::mem_pestat] mean and std.dev: (387.68, 10.55)
[M::mem_pestat] low and high boundaries for proper pairs: (334, 439)
[M::mem_pestat] skip orientation RF as there are not enough pairs
[M::mem_pestat] skip orientation RR as there are not enough pairs
[M::mem_process_seqs] Processed 40752 reads in 3.015 CPU sec, 1.469 real sec
[main] Version: 0.7.17-r1188
[main] CMD: bwa mem -t 2 SC2218/core/viral_reference SC2218/adapter_trimmed/SC2218_R1_val_1_posttrim_filter.fq.gz SC2218/adapter_trimmed/SC2218_R2_val_2_posttrim_filter.fq.gz
[main] Real time: 47.991 sec; CPU: 83.990 sec
[bam_sort_core] merging from 0 files and 2 in-memory blocks...
