[M::bwa_idx_load_from_disk] read 0 ALT contigs
[M::process] read 79682 sequences (20000182 bp)...
[M::process] read 79682 sequences (20000182 bp)...
[M::mem_pestat] # candidate unique pairs for (FF, FR, RF, RR): (7, 39320, 90, 11)
[M::mem_pestat] skip orientation FF as there are not enough pairs
[M::mem_pestat] analyzing insert size distribution for orientation FR...
[M::mem_pestat] (25, 50, 75) percentile: (380, 386, 395)
[M::mem_pestat] low and high boundaries for computing mean and std.dev: (350, 425)
[M::mem_pestat] mean and std.dev: (388.16, 10.38)
[M::mem_pestat] low and high boundaries for proper pairs: (335, 440)
[M::mem_pestat] analyzing insert size distribution for orientation RF...
[M::mem_pestat] (25, 50, 75) percentile: (220, 498, 2089)
[M::mem_pestat] low and high boundaries for computing mean and std.dev: (1, 5827)
[M::mem_pestat] mean and std.dev: (1104.52, 1324.79)
[M::mem_pestat] low and high boundaries for proper pairs: (1, 7696)
[M::mem_pestat] analyzing insert size distribution for orientation RR...
[M::mem_pestat] (25, 50, 75) percentile: (1207, 1416, 4074)
[M::mem_pestat] low and high boundaries for computing mean and std.dev: (1, 9808)
[M::mem_pestat] mean and std.dev: (2880.18, 2617.65)
[M::mem_pestat] low and high boundaries for proper pairs: (1, 13351)
[M::mem_pestat] skip orientation RF
[M::mem_pestat] skip orientation RR
[M::mem_process_seqs] Processed 79682 reads in 17.414 CPU sec, 10.298 real sec
[M::process] read 79682 sequences (20000182 bp)...
[M::mem_pestat] # candidate unique pairs for (FF, FR, RF, RR): (5, 39303, 85, 11)
[M::mem_pestat] skip orientation FF as there are not enough pairs
[M::mem_pestat] analyzing insert size distribution for orientation FR...
[M::mem_pestat] (25, 50, 75) percentile: (380, 385, 394)
[M::mem_pestat] low and high boundaries for computing mean and std.dev: (352, 422)
[M::mem_pestat] mean and std.dev: (387.78, 10.37)
[M::mem_pestat] low and high boundaries for proper pairs: (338, 436)
[M::mem_pestat] analyzing insert size distribution for orientation RF...
[M::mem_pestat] (25, 50, 75) percentile: (225, 784, 2454)
[M::mem_pestat] low and high boundaries for computing mean and std.dev: (1, 6912)
[M::mem_pestat] mean and std.dev: (1067.24, 1198.53)
[M::mem_pestat] low and high boundaries for proper pairs: (1, 9141)
[M::mem_pestat] analyzing insert size distribution for orientation RR...
[M::mem_pestat] (25, 50, 75) percentile: (314, 808, 2250)
[M::mem_pestat] low and high boundaries for computing mean and std.dev: (1, 6122)
[M::mem_pestat] mean and std.dev: (1439.91, 1462.45)
[M::mem_pestat] low and high boundaries for proper pairs: (1, 8058)
[M::mem_pestat] skip orientation RF
[M::mem_pestat] skip orientation RR
[M::mem_process_seqs] Processed 79682 reads in 21.304 CPU sec, 10.470 real sec
[M::process] read 79682 sequences (20000182 bp)...
[M::mem_pestat] # candidate unique pairs for (FF, FR, RF, RR): (6, 39260, 81, 14)
[M::mem_pestat] skip orientation FF as there are not enough pairs
[M::mem_pestat] analyzing insert size distribution for orientation FR...
[M::mem_pestat] (25, 50, 75) percentile: (380, 385, 395)
[M::mem_pestat] low and high boundaries for computing mean and std.dev: (350, 425)
[M::mem_pestat] mean and std.dev: (387.97, 10.36)
[M::mem_pestat] low and high boundaries for proper pairs: (335, 440)
[M::mem_pestat] analyzing insert size distribution for orientation RF...
[M::mem_pestat] (25, 50, 75) percentile: (214, 262, 1396)
[M::mem_pestat] low and high boundaries for computing mean and std.dev: (1, 3760)
[M::mem_pestat] mean and std.dev: (657.82, 806.74)
[M::mem_pestat] low and high boundaries for proper pairs: (1, 4942)
[M::mem_pestat] analyzing insert size distribution for orientation RR...
[M::mem_pestat] (25, 50, 75) percentile: (623, 1176, 2886)
[M::mem_pestat] low and high boundaries for computing mean and std.dev: (1, 7412)
[M::mem_pestat] mean and std.dev: (1975.21, 1818.25)
[M::mem_pestat] low and high boundaries for proper pairs: (1, 9675)
[M::mem_pestat] skip orientation RF
[M::mem_pestat] skip orientation RR
[M::mem_process_seqs] Processed 79682 reads in 23.101 CPU sec, 11.322 real sec
[M::process] read 79682 sequences (20000182 bp)...
[M::mem_pestat] # candidate unique pairs for (FF, FR, RF, RR): (6, 39299, 100, 17)
[M::mem_pestat] skip orientation FF as there are not enough pairs
[M::mem_pestat] analyzing insert size distribution for orientation FR...
[M::mem_pestat] (25, 50, 75) percentile: (380, 386, 395)
[M::mem_pestat] low and high boundaries for computing mean and std.dev: (350, 425)
[M::mem_pestat] mean and std.dev: (387.91, 10.33)
[M::mem_pestat] low and high boundaries for proper pairs: (335, 440)
[M::mem_pestat] analyzing insert size distribution for orientation RF...
[M::mem_pestat] (25, 50, 75) percentile: (227, 594, 1656)
[M::mem_pestat] low and high boundaries for computing mean and std.dev: (1, 4514)
[M::mem_pestat] mean and std.dev: (770.63, 800.73)
[M::mem_pestat] low and high boundaries for proper pairs: (1, 5943)
[M::mem_pestat] analyzing insert size distribution for orientation RR...
[M::mem_pestat] (25, 50, 75) percentile: (757, 1241, 3276)
[M::mem_pestat] low and high boundaries for computing mean and std.dev: (1, 8314)
[M::mem_pestat] mean and std.dev: (2095.88, 2028.72)
[M::mem_pestat] low and high boundaries for proper pairs: (1, 10833)
[M::mem_pestat] skip orientation RF
[M::mem_pestat] skip orientation RR
[M::mem_process_seqs] Processed 79682 reads in 20.494 CPU sec, 10.028 real sec
[M::process] read 79682 sequences (20000182 bp)...
[M::mem_pestat] # candidate unique pairs for (FF, FR, RF, RR): (7, 39335, 82, 9)
[M::mem_pestat] skip orientation FF as there are not enough pairs
[M::mem_pestat] analyzing insert size distribution for orientation FR...
[M::mem_pestat] (25, 50, 75) percentile: (379, 385, 394)
[M::mem_pestat] low and high boundaries for computing mean and std.dev: (349, 424)
[M::mem_pestat] mean and std.dev: (387.59, 10.60)
[M::mem_pestat] low and high boundaries for proper pairs: (334, 439)
[M::mem_pestat] analyzing insert size distribution for orientation RF...
[M::mem_pestat] (25, 50, 75) percentile: (218, 829, 2699)
[M::mem_pestat] low and high boundaries for computing mean and std.dev: (1, 7661)
[M::mem_pestat] mean and std.dev: (1625.38, 1942.73)
[M::mem_pestat] low and high boundaries for proper pairs: (1, 10142)
[M::mem_pestat] skip orientation RR as there are not enough pairs
[M::mem_pestat] skip orientation RF
[M::mem_process_seqs] Processed 79682 reads in 19.798 CPU sec, 9.671 real sec
[M::process] read 79682 sequences (20000182 bp)...
[M::mem_pestat] # candidate unique pairs for (FF, FR, RF, RR): (8, 39238, 105, 14)
[M::mem_pestat] skip orientation FF as there are not enough pairs
[M::mem_pestat] analyzing insert size distribution for orientation FR...
[M::mem_pestat] (25, 50, 75) percentile: (380, 386, 395)
[M::mem_pestat] low and high boundaries for computing mean and std.dev: (350, 425)
[M::mem_pestat] mean and std.dev: (388.02, 10.25)
[M::mem_pestat] low and high boundaries for proper pairs: (335, 440)
[M::mem_pestat] analyzing insert size distribution for orientation RF...
[M::mem_pestat] (25, 50, 75) percentile: (225, 813, 2496)
[M::mem_pestat] low and high boundaries for computing mean and std.dev: (1, 7038)
[M::mem_pestat] mean and std.dev: (1191.43, 1271.46)
[M::mem_pestat] low and high boundaries for proper pairs: (1, 9309)
[M::mem_pestat] analyzing insert size distribution for orientation RR...
[M::mem_pestat] (25, 50, 75) percentile: (500, 1490, 2195)
[M::mem_pestat] low and high boundaries for computing mean and std.dev: (1, 5585)
[M::mem_pestat] mean and std.dev: (1438.57, 1115.95)
[M::mem_pestat] low and high boundaries for proper pairs: (1, 7280)
[M::mem_pestat] skip orientation RF
[M::mem_pestat] skip orientation RR
[M::mem_process_seqs] Processed 79682 reads in 17.317 CPU sec, 8.420 real sec
[M::process] read 79682 sequences (20000182 bp)...
[M::mem_pestat] # candidate unique pairs for (FF, FR, RF, RR): (6, 39336, 89, 5)
[M::mem_pestat] skip orientation FF as there are not enough pairs
[M::mem_pestat] analyzing insert size distribution for orientation FR...
[M::mem_pestat] (25, 50, 75) percentile: (380, 385, 394)
[M::mem_pestat] low and high boundaries for computing mean and std.dev: (352, 422)
[M::mem_pestat] mean and std.dev: (387.85, 10.29)
[M::mem_pestat] low and high boundaries for proper pairs: (338, 436)
[M::mem_pestat] analyzing insert size distribution for orientation RF...
[M::mem_pestat] (25, 50, 75) percentile: (224, 268, 1465)
[M::mem_pestat] low and high boundaries for computing mean and std.dev: (1, 3947)
[M::mem_pestat] mean and std.dev: (688.57, 762.15)
[M::mem_pestat] low and high boundaries for proper pairs: (1, 5188)
[M::mem_pestat] skip orientation RR as there are not enough pairs
[M::mem_pestat] skip orientation RF
[M::mem_process_seqs] Processed 79682 reads in 20.874 CPU sec, 10.223 real sec
[M::process] read 79682 sequences (20000182 bp)...
[M::mem_pestat] # candidate unique pairs for (FF, FR, RF, RR): (6, 39374, 68, 9)
[M::mem_pestat] skip orientation FF as there are not enough pairs
[M::mem_pestat] analyzing insert size distribution for orientation FR...
[M::mem_pestat] (25, 50, 75) percentile: (379, 385, 394)
[M::mem_pestat] low and high boundaries for computing mean and std.dev: (349, 424)
[M::mem_pestat] mean and std.dev: (387.57, 10.40)
[M::mem_pestat] low and high boundaries for proper pairs: (334, 439)
[M::mem_pestat] analyzing insert size distribution for orientation RF...
[M::mem_pestat] (25, 50, 75) percentile: (216, 391, 1813)
[M::mem_pestat] low and high boundaries for computing mean and std.dev: (1, 5007)
[M::mem_pestat] mean and std.dev: (814.25, 863.15)
[M::mem_pestat] low and high boundaries for proper pairs: (1, 6604)
[M::mem_pestat] skip orientation RR as there are not enough pairs
[M::mem_pestat] skip orientation RF
[M::mem_process_seqs] Processed 79682 reads in 21.118 CPU sec, 10.346 real sec
[M::process] read 79682 sequences (20000182 bp)...
[M::mem_pestat] # candidate unique pairs for (FF, FR, RF, RR): (10, 39256, 75, 5)
[M::mem_pestat] analyzing insert size distribution for orientation FF...
[M::mem_pestat] (25, 50, 75) percentile: (626, 1546, 4244)
[M::mem_pestat] low and high boundaries for computing mean and std.dev: (1, 11480)
[M::mem_pestat] mean and std.dev: (2227.60, 2129.26)
[M::mem_pestat] low and high boundaries for proper pairs: (1, 15098)
[M::mem_pestat] analyzing insert size distribution for orientation FR...
[M::mem_pestat] (25, 50, 75) percentile: (380, 386, 395)
[M::mem_pestat] low and high boundaries for computing mean and std.dev: (350, 425)
[M::mem_pestat] mean and std.dev: (388.11, 10.33)
[M::mem_pestat] low and high boundaries for proper pairs: (335, 440)
[M::mem_pestat] analyzing insert size distribution for orientation RF...
[M::mem_pestat] (25, 50, 75) percentile: (225, 429, 1886)
[M::mem_pestat] low and high boundaries for computing mean and std.dev: (1, 5208)
[M::mem_pestat] mean and std.dev: (856.81, 1074.52)
[M::mem_pestat] low and high boundaries for proper pairs: (1, 6869)
[M::mem_pestat] skip orientation RR as there are not enough pairs
[M::mem_pestat] skip orientation FF
[M::mem_pestat] skip orientation RF
[M::mem_process_seqs] Processed 79682 reads in 19.673 CPU sec, 9.592 real sec
[M::process] read 79682 sequences (20000182 bp)...
[M::mem_pestat] # candidate unique pairs for (FF, FR, RF, RR): (6, 39316, 90, 12)
[M::mem_pestat] skip orientation FF as there are not enough pairs
[M::mem_pestat] analyzing insert size distribution for orientation FR...
[M::mem_pestat] (25, 50, 75) percentile: (380, 385, 394)
[M::mem_pestat] low and high boundaries for computing mean and std.dev: (352, 422)
[M::mem_pestat] mean and std.dev: (387.87, 10.24)
[M::mem_pestat] low and high boundaries for proper pairs: (338, 436)
[M::mem_pestat] analyzing insert size distribution for orientation RF...
[M::mem_pestat] (25, 50, 75) percentile: (208, 499, 1752)
[M::mem_pestat] low and high boundaries for computing mean and std.dev: (1, 4840)
[M::mem_pestat] mean and std.dev: (883.00, 890.87)
[M::mem_pestat] low and high boundaries for proper pairs: (1, 6384)
[M::mem_pestat] analyzing insert size distribution for orientation RR...
[M::mem_pestat] (25, 50, 75) percentile: (311, 1344, 1836)
[M::mem_pestat] low and high boundaries for computing mean and std.dev: (1, 4886)
[M::mem_pestat] mean and std.dev: (890.80, 640.25)
[M::mem_pestat] low and high boundaries for proper pairs: (1, 6411)
[M::mem_pestat] skip orientation RF
[M::mem_pestat] skip orientation RR
[M::mem_process_seqs] Processed 79682 reads in 17.902 CPU sec, 8.705 real sec
[M::process] read 79682 sequences (20000182 bp)...
[M::mem_pestat] # candidate unique pairs for (FF, FR, RF, RR): (3, 39387, 109, 7)
[M::mem_pestat] skip orientation FF as there are not enough pairs
[M::mem_pestat] analyzing insert size distribution for orientation FR...
[M::mem_pestat] (25, 50, 75) percentile: (380, 386, 395)
[M::mem_pestat] low and high boundaries for computing mean and std.dev: (350, 425)
[M::mem_pestat] mean and std.dev: (388.08, 10.34)
[M::mem_pestat] low and high boundaries for proper pairs: (335, 440)
[M::mem_pestat] analyzing insert size distribution for orientation RF...
[M::mem_pestat] (25, 50, 75) percentile: (211, 522, 1955)
[M::mem_pestat] low and high boundaries for computing mean and std.dev: (1, 5443)
[M::mem_pestat] mean and std.dev: (992.18, 1189.68)
[M::mem_pestat] low and high boundaries for proper pairs: (1, 7187)
[M::mem_pestat] skip orientation RR as there are not enough pairs
[M::mem_pestat] skip orientation RF
[M::mem_process_seqs] Processed 79682 reads in 15.536 CPU sec, 7.563 real sec
[M::process] read 70750 sequences (17758250 bp)...
[M::mem_pestat] # candidate unique pairs for (FF, FR, RF, RR): (7, 39286, 72, 11)
[M::mem_pestat] skip orientation FF as there are not enough pairs
[M::mem_pestat] analyzing insert size distribution for orientation FR...
[M::mem_pestat] (25, 50, 75) percentile: (380, 386, 395)
[M::mem_pestat] low and high boundaries for computing mean and std.dev: (350, 425)
[M::mem_pestat] mean and std.dev: (387.97, 10.40)
[M::mem_pestat] low and high boundaries for proper pairs: (335, 440)
[M::mem_pestat] analyzing insert size distribution for orientation RF...
[M::mem_pestat] (25, 50, 75) percentile: (225, 760, 1713)
[M::mem_pestat] low and high boundaries for computing mean and std.dev: (1, 4689)
[M::mem_pestat] mean and std.dev: (1052.21, 1060.87)
[M::mem_pestat] low and high boundaries for proper pairs: (1, 6177)
[M::mem_pestat] analyzing insert size distribution for orientation RR...
[M::mem_pestat] (25, 50, 75) percentile: (346, 510, 2218)
[M::mem_pestat] low and high boundaries for computing mean and std.dev: (1, 5962)
[M::mem_pestat] mean and std.dev: (979.60, 956.38)
[M::mem_pestat] low and high boundaries for proper pairs: (1, 7834)
[M::mem_pestat] skip orientation RF
[M::mem_pestat] skip orientation RR
[M::mem_process_seqs] Processed 79682 reads in 15.143 CPU sec, 7.410 real sec
[M::mem_pestat] # candidate unique pairs for (FF, FR, RF, RR): (5, 34815, 89, 16)
[M::mem_pestat] skip orientation FF as there are not enough pairs
[M::mem_pestat] analyzing insert size distribution for orientation FR...
[M::mem_pestat] (25, 50, 75) percentile: (379, 385, 394)
[M::mem_pestat] low and high boundaries for computing mean and std.dev: (349, 424)
[M::mem_pestat] mean and std.dev: (387.71, 10.45)
[M::mem_pestat] low and high boundaries for proper pairs: (334, 439)
[M::mem_pestat] analyzing insert size distribution for orientation RF...
[M::mem_pestat] (25, 50, 75) percentile: (214, 513, 2251)
[M::mem_pestat] low and high boundaries for computing mean and std.dev: (1, 6325)
[M::mem_pestat] mean and std.dev: (1117.85, 1325.87)
[M::mem_pestat] low and high boundaries for proper pairs: (1, 8362)
[M::mem_pestat] analyzing insert size distribution for orientation RR...
[M::mem_pestat] (25, 50, 75) percentile: (238, 384, 3621)
[M::mem_pestat] low and high boundaries for computing mean and std.dev: (1, 10387)
[M::mem_pestat] mean and std.dev: (1626.00, 2032.42)
[M::mem_pestat] low and high boundaries for proper pairs: (1, 13770)
[M::mem_pestat] skip orientation RF
[M::mem_pestat] skip orientation RR
[M::mem_process_seqs] Processed 70750 reads in 14.646 CPU sec, 7.243 real sec
[main] Version: 0.7.17-r1188
[main] CMD: bwa mem -t 2 /workspace/home/nasirja/covid-19-signal/data/composite_human_viral_reference.fna SC2194/raw_fastq/SC2194_R1.fastq.gz SC2194/raw_fastq/SC2194_R2.fastq.gz
[main] Real time: 126.918 sec; CPU: 249.193 sec
viral read count = 1020656 (99.39%)
human read count = 352 (0.03%) 
unmapped read count = 5926 (0.58%)
