================================================================================
breseq 0.35.0     http://barricklab.org/breseq

Active Developers: Barrick JE, Deatherage DE
Contact:           <jeffrey.e.barrick@gmail.com>

breseq is free software; you can redistribute it and/or modify it under the
terms the GNU General Public License as published by the Free Software 
Foundation; either version 2, or (at your option) any later version.

Copyright (c) 2008-2010 Michigan State University
Copyright (c) 2011-2017 The University of Texas at Austin

If you use breseq in your research, please cite:

  Deatherage, D.E., Barrick, J.E. (2014) Identification of mutations
  in laboratory-evolved microbes from next-generation sequencing
  data using breseq. Methods Mol. Biol. 1151: 165–188.

If you use structural variation (junction) predictions, please cite:

  Barrick, J.E., Colburn, G., Deatherage D.E., Traverse, C.C.,
  Strand, M.D., Borges, J.J., Knoester, D.B., Reba, A., Meyer, A.G. 
  (2014) Identifying structural variation in haploid microbial genomes 
  from short-read resequencing data using breseq. BMC Genomics 15:1039.
================================================================================
---> bowtie2  :: version 2.4.5 [/workspace/home/nasirja/covid-19-signal/.snakemake/conda/1f267c8dfdaa0356ebaad13adc66d00a/bin/bowtie2]
---> R        :: version 3.5.1 [/workspace/home/nasirja/covid-19-signal/.snakemake/conda/1f267c8dfdaa0356ebaad13adc66d00a/bin/R]
+++   NOW PROCESSING Read and reference sequence file input
  READ FILE::SC2194_R1
    Converting/filtering FASTQ file...
    Original base quality format: SANGER New format: SANGER
    Original reads: 466391 bases: 115873155
    Filtered reads: none
    Analyzed reads: 466391 bases: 115873155
  READ FILE::SC2194_R2
    Converting/filtering FASTQ file...
    Original base quality format: SANGER New format: SANGER
    Original reads: 466391 bases: 115697266
    Filtered reads: none
    Analyzed reads: 466391 bases: 115697266
  ::TOTAL::
    Original reads: 932782 bases: 231570421
    Analyzed reads: 932782 bases: 231570421
[samtools] faidx SC2194/breseq/data/reference.fasta
  REFERENCE: MN908947
  LENGTH: 29903
+++   NOW PROCESSING Read alignment to reference genome
[system] bowtie2-build -q SC2194/breseq/data/reference.fasta SC2194/breseq/02_reference_alignment/reference
Renaming SC2194/breseq/02_reference_alignment/reference.3.bt2.tmp to SC2194/breseq/02_reference_alignment/reference.3.bt2
Renaming SC2194/breseq/02_reference_alignment/reference.4.bt2.tmp to SC2194/breseq/02_reference_alignment/reference.4.bt2
Renaming SC2194/breseq/02_reference_alignment/reference.1.bt2.tmp to SC2194/breseq/02_reference_alignment/reference.1.bt2
Renaming SC2194/breseq/02_reference_alignment/reference.2.bt2.tmp to SC2194/breseq/02_reference_alignment/reference.2.bt2
Renaming SC2194/breseq/02_reference_alignment/reference.rev.1.bt2.tmp to SC2194/breseq/02_reference_alignment/reference.rev.1.bt2
Renaming SC2194/breseq/02_reference_alignment/reference.rev.2.bt2.tmp to SC2194/breseq/02_reference_alignment/reference.rev.2.bt2
[system] bowtie2 -t --no-unal -p 4 -L 31 --ma 1 --mp 3 --np 0 --rdg 2,3 --rfg 2,3 --ignore-quals --local -i S,1,0.25 --score-min L,1,0.9 -k 2000 --reorder -x SC2194/breseq/02_reference_alignment/reference -U SC2194/breseq/01_sequence_conversion/SC2194_R1.converted.fastq -S SC2194/breseq/02_reference_alignment/SC2194_R1.stage1.sam --un SC2194/breseq/02_reference_alignment/SC2194_R1.stage1.unmatched.fastq
Time loading reference: 00:00:00
Time loading forward index: 00:00:00
Time loading mirror index: 00:00:00
Multiseed full-index search: 00:00:27
466391 reads; of these:
  466391 (100.00%) were unpaired; of these:
    18688 (4.01%) aligned 0 times
    447703 (95.99%) aligned exactly 1 time
    0 (0.00%) aligned >1 times
95.99% overall alignment rate
Time searching: 00:00:27
Overall time: 00:00:27
[system] bowtie2 -t --no-unal -p 4 -L 29 --ma 1 --mp 3 --np 0 --rdg 2,3 --rfg 2,3 --ignore-quals --local -i S,1,0.25 --score-min L,6,0.2 -k 2000 --reorder -x SC2194/breseq/02_reference_alignment/reference -U SC2194/breseq/02_reference_alignment/SC2194_R1.stage1.unmatched.fastq -S SC2194/breseq/02_reference_alignment/SC2194_R1.stage2.matched.sam
Time loading reference: 00:00:00
Time loading forward index: 00:00:00
Time loading mirror index: 00:00:00
Multiseed full-index search: 00:00:02
18688 reads; of these:
  18688 (100.00%) were unpaired; of these:
    75 (0.40%) aligned 0 times
    11258 (60.24%) aligned exactly 1 time
    7355 (39.36%) aligned >1 times
99.60% overall alignment rate
Time searching: 00:00:03
Overall time: 00:00:03
[system] bowtie2 -t --no-unal -p 4 -L 31 --ma 1 --mp 3 --np 0 --rdg 2,3 --rfg 2,3 --ignore-quals --local -i S,1,0.25 --score-min L,1,0.9 -k 2000 --reorder -x SC2194/breseq/02_reference_alignment/reference -U SC2194/breseq/01_sequence_conversion/SC2194_R2.converted.fastq -S SC2194/breseq/02_reference_alignment/SC2194_R2.stage1.sam --un SC2194/breseq/02_reference_alignment/SC2194_R2.stage1.unmatched.fastq
Time loading reference: 00:00:00
Time loading forward index: 00:00:00
Time loading mirror index: 00:00:00
Multiseed full-index search: 00:00:27
466391 reads; of these:
  466391 (100.00%) were unpaired; of these:
    20529 (4.40%) aligned 0 times
    445862 (95.60%) aligned exactly 1 time
    0 (0.00%) aligned >1 times
95.60% overall alignment rate
Time searching: 00:00:27
Overall time: 00:00:27
[system] bowtie2 -t --no-unal -p 4 -L 29 --ma 1 --mp 3 --np 0 --rdg 2,3 --rfg 2,3 --ignore-quals --local -i S,1,0.25 --score-min L,6,0.2 -k 2000 --reorder -x SC2194/breseq/02_reference_alignment/reference -U SC2194/breseq/02_reference_alignment/SC2194_R2.stage1.unmatched.fastq -S SC2194/breseq/02_reference_alignment/SC2194_R2.stage2.matched.sam
Time loading reference: 00:00:00
Time loading forward index: 00:00:00
Time loading mirror index: 00:00:00
Multiseed full-index search: 00:00:03
20529 reads; of these:
  20529 (100.00%) were unpaired; of these:
    40 (0.19%) aligned 0 times
    13626 (66.37%) aligned exactly 1 time
    6863 (33.43%) aligned >1 times
99.81% overall alignment rate
Time searching: 00:00:03
Overall time: 00:00:03
[system] rm -f SC2194/breseq/02_reference_alignment/reference*
[system] rm -f SC2194/breseq/02_reference_alignment/SC2194_R1.stage1.unmatched.fastq
[system] rm -f SC2194/breseq/02_reference_alignment/SC2194_R1.stage1.sam
[system] rm -f SC2194/breseq/02_reference_alignment/SC2194_R1.stage2.matched.sam
[system] rm -f SC2194/breseq/02_reference_alignment/SC2194_R2.stage1.unmatched.fastq
[system] rm -f SC2194/breseq/02_reference_alignment/SC2194_R2.stage1.sam
[system] rm -f SC2194/breseq/02_reference_alignment/SC2194_R2.stage2.matched.sam
+++   NOW PROCESSING Preprocessing alignments for candidate junction identification
Preprocessing alignments.
  READ FILE::SC2194_R1
    ALIGNED READ:100000
    ALIGNED READ:200000
    ALIGNED READ:300000
    ALIGNED READ:400000
  READ FILE::SC2194_R2
    ALIGNED READ:500000
    ALIGNED READ:600000
    ALIGNED READ:700000
    ALIGNED READ:800000
    ALIGNED READ:900000
  Summary... 
  Aligned reads:                               932667
  Read alignments:                             948078
  Alignments split on indels:                    1960
  Reads with alignments split on indels:         1959
  Split alignments:                             33449
  Reads with split alignments:                  16079
+++   NOW PROCESSING Preliminary analysis of coverage distribution
[samtools] import SC2194/breseq/data/reference.fasta.fai SC2194/breseq/03_candidate_junctions/best.sam SC2194/breseq/03_candidate_junctions/best.unsorted.bam
[samtools] sort --threads 4 -o SC2194/breseq/03_candidate_junctions/best.bam -T SC2194/breseq/03_candidate_junctions/best.bam SC2194/breseq/03_candidate_junctions/best.unsorted.bam
[samtools] index SC2194/breseq/03_candidate_junctions/best.bam SC2194/breseq/03_candidate_junctions/best.bam.bai
  REFERENCE: MN908947
  LENGTH: 29903
    POSITION:10000
    POSITION:20000
[system] R --vanilla < /workspace/home/nasirja/covid-19-signal/.snakemake/conda/1f267c8dfdaa0356ebaad13adc66d00a/bin/../share/breseq/coverage_distribution.r > SC2194/breseq/03_candidate_junctions/0.unique_only_coverage_distribution.tab.r.log distribution_file=SC2194/breseq/03_candidate_junctions/0.unique_only_coverage_distribution.tab plot_file=SC2194/breseq/03_candidate_junctions/0.coverage.pdf deletion_propagation_pr_cutoff=0.000289143
[system] rm -f SC2194/breseq/03_candidate_junctions/best.unsorted.bam
[system] rm -f SC2194/breseq/03_candidate_junctions/best.sam
[system] rm -f SC2194/breseq/03_candidate_junctions/best.bam
[system] rm -f SC2194/breseq/03_candidate_junctions/best.bam.bai
[system] rm -f SC2194/breseq/03_candidate_junctions/0.coverage.pdf
[system] rm -f SC2194/breseq/03_candidate_junctions/0.unique_only_coverage_distribution.tab
[system] rm -f SC2194/breseq/03_candidate_junctions/0.unique_only_coverage_distribution.tab.r.log
+++   NOW PROCESSING Identifying junction candidates
  READ FILE::SC2194_R1
  READ FILE::SC2194_R2
    ALIGNED READ:10000 CANDIDATE JUNCTIONS:3495
  Passed alignment pairs examined: 11330
  Taking top candidate junctions...
  Minimum number to keep:     100 
  Maximum number to keep:    5000 
  Maximum length to keep:    2990 bases
    Initial: Number = 1648, Cumulative Length = 836788 bases
      Testing Pos Hash Score =   21, Num =      1, Length =    327
      Testing Pos Hash Score =   13, Num =      1, Length =    505
      Testing Pos Hash Score =   12, Num =      2, Length =   1023
      Testing Pos Hash Score =   11, Num =      1, Length =    326
      Testing Pos Hash Score =   10, Num =      2, Length =   1007
      Testing Pos Hash Score =    9, Num =      2, Length =    828
      Testing Pos Hash Score =    8, Num =      1, Length =    504
      Testing Pos Hash Score =    7, Num =      3, Length =   1333
      Testing Pos Hash Score =    6, Num =      5, Length =   2551
      Testing Pos Hash Score =    5, Num =     16, Length =   8094 [Omitted Similar =      2]
      Testing Pos Hash Score =    4, Num =     43, Length =  21457 [Omitted Similar =      3]
      Testing Pos Hash Score =    3, Num =    142, Length =  72302 [Omitted Similar =      2]
    Accepted: Number = 77, Pos Hash Score >= 4, Cumulative Length = 37955 bases
[samtools] faidx SC2194/breseq/03_candidate_junctions/candidate_junction.fasta
[system] rm -f SC2194/breseq/03_candidate_junctions/SC2194_R1.split.sam
[system] rm -f SC2194/breseq/03_candidate_junctions/SC2194_R2.split.sam
+++   NOW PROCESSING Re-alignment to junction candidates
[system] bowtie2-build -q SC2194/breseq/03_candidate_junctions/candidate_junction.fasta SC2194/breseq/04_candidate_junction_alignment/candidate_junction
Renaming SC2194/breseq/04_candidate_junction_alignment/candidate_junction.3.bt2.tmp to SC2194/breseq/04_candidate_junction_alignment/candidate_junction.3.bt2
Renaming SC2194/breseq/04_candidate_junction_alignment/candidate_junction.4.bt2.tmp to SC2194/breseq/04_candidate_junction_alignment/candidate_junction.4.bt2
Renaming SC2194/breseq/04_candidate_junction_alignment/candidate_junction.1.bt2.tmp to SC2194/breseq/04_candidate_junction_alignment/candidate_junction.1.bt2
Renaming SC2194/breseq/04_candidate_junction_alignment/candidate_junction.2.bt2.tmp to SC2194/breseq/04_candidate_junction_alignment/candidate_junction.2.bt2
Renaming SC2194/breseq/04_candidate_junction_alignment/candidate_junction.rev.1.bt2.tmp to SC2194/breseq/04_candidate_junction_alignment/candidate_junction.rev.1.bt2
Renaming SC2194/breseq/04_candidate_junction_alignment/candidate_junction.rev.2.bt2.tmp to SC2194/breseq/04_candidate_junction_alignment/candidate_junction.rev.2.bt2
[system] bowtie2 -t --no-unal -p 4 --local  -L 31 --ma 1 --mp 3 --np 0 --rdg 2,3 --rfg 2,3 --ignore-quals --local -i S,1,0.25 --score-min L,1,0.70 -k 2000 --reorder -x SC2194/breseq/04_candidate_junction_alignment/candidate_junction -U SC2194/breseq/01_sequence_conversion/SC2194_R1.converted.fastq -S SC2194/breseq/04_candidate_junction_alignment/SC2194_R1.candidate_junction.sam
Time loading reference: 00:00:00
Time loading forward index: 00:00:00
Time loading mirror index: 00:00:00
Multiseed full-index search: 00:00:25
466391 reads; of these:
  466391 (100.00%) were unpaired; of these:
    346836 (74.37%) aligned 0 times
    67525 (14.48%) aligned exactly 1 time
    52030 (11.16%) aligned >1 times
25.63% overall alignment rate
Time searching: 00:00:25
Overall time: 00:00:25
[system] bowtie2 -t --no-unal -p 4 --local  -L 31 --ma 1 --mp 3 --np 0 --rdg 2,3 --rfg 2,3 --ignore-quals --local -i S,1,0.25 --score-min L,1,0.70 -k 2000 --reorder -x SC2194/breseq/04_candidate_junction_alignment/candidate_junction -U SC2194/breseq/01_sequence_conversion/SC2194_R2.converted.fastq -S SC2194/breseq/04_candidate_junction_alignment/SC2194_R2.candidate_junction.sam
Time loading reference: 00:00:00
Time loading forward index: 00:00:00
Time loading mirror index: 00:00:00
Multiseed full-index search: 00:00:25
466391 reads; of these:
  466391 (100.00%) were unpaired; of these:
    346670 (74.33%) aligned 0 times
    67726 (14.52%) aligned exactly 1 time
    51995 (11.15%) aligned >1 times
25.67% overall alignment rate
Time searching: 00:00:25
Overall time: 00:00:25
[system] rm -f SC2194/breseq/04_candidate_junction_alignment/candidate_junction*
+++   NOW PROCESSING Resolving best read alignments
  READ FILE:SC2194_R1
    READS:10000
    READS:20000
    READS:30000
    READS:40000
    READS:50000
    READS:60000
    READS:70000
    READS:80000
    READS:90000
    READS:100000
    READS:110000
    READS:120000
    READS:130000
    READS:140000
    READS:150000
    READS:160000
    READS:170000
    READS:180000
    READS:190000
    READS:200000
    READS:210000
    READS:220000
    READS:230000
    READS:240000
    READS:250000
    READS:260000
    READS:270000
    READS:280000
    READS:290000
    READS:300000
    READS:310000
    READS:320000
    READS:330000
    READS:340000
    READS:350000
    READS:360000
    READS:370000
    READS:380000
    READS:390000
    READS:400000
    READS:410000
    READS:420000
    READS:430000
    READS:440000
    READS:450000
    READS:460000
  READ FILE:SC2194_R2
    READS:470000
    READS:480000
    READS:490000
    READS:500000
    READS:510000
    READS:520000
    READS:530000
    READS:540000
    READS:550000
    READS:560000
    READS:570000
    READS:580000
    READS:590000
    READS:600000
    READS:610000
    READS:620000
    READS:630000
    READS:640000
    READS:650000
    READS:660000
    READS:670000
    READS:680000
    READS:690000
    READS:700000
    READS:710000
    READS:720000
    READS:730000
    READS:740000
    READS:750000
    READS:760000
    READS:770000
    READS:780000
    READS:790000
    READS:800000
    READS:810000
    READS:820000
    READS:830000
    READS:840000
    READS:850000
    READS:860000
    READS:870000
    READS:880000
    READS:890000
    READS:900000
    READS:910000
    READS:920000
    READS:930000
[system] rm -f SC2194/breseq/01_sequence_conversion/SC2194_R1.converted.fastq
[system] rm -f SC2194/breseq/01_sequence_conversion/SC2194_R2.converted.fastq
[system] rm -f SC2194/breseq/02_reference_alignment/SC2194_R1.reference.sam
[system] rm -f SC2194/breseq/02_reference_alignment/SC2194_R2.reference.sam
[system] rm -f SC2194/breseq/04_candidate_junction_alignment/SC2194_R1.candidate_junction.sam*
[system] rm -f SC2194/breseq/04_candidate_junction_alignment/SC2194_R2.candidate_junction.sam*
+++   NOW PROCESSING Creating BAM files
[samtools] import SC2194/breseq/03_candidate_junctions/candidate_junction.fasta.fai SC2194/breseq/05_alignment_correction/junction.sam SC2194/breseq/06_bam/junction.unsorted.bam
[samtools] sort --threads 4 -o SC2194/breseq/06_bam/junction.bam -T SC2194/breseq/06_bam/junction.bam SC2194/breseq/06_bam/junction.unsorted.bam
[system] rm -f SC2194/breseq/06_bam/junction.unsorted.bam
[samtools] index SC2194/breseq/06_bam/junction.bam SC2194/breseq/06_bam/junction.bam.bai
[samtools] import SC2194/breseq/data/reference.fasta.fai SC2194/breseq/05_alignment_correction/reference.sam SC2194/breseq/06_bam/reference.unsorted.bam
[samtools] sort --threads 4 -o SC2194/breseq/data/reference.bam -T SC2194/breseq/data/reference.bam SC2194/breseq/06_bam/reference.unsorted.bam
[system] rm -f SC2194/breseq/06_bam/reference.unsorted.bam
[samtools] index SC2194/breseq/data/reference.bam SC2194/breseq/data/reference.bam.bai
[system] rm -f SC2194/breseq/05_alignment_correction/reference.sam
[system] rm -f SC2194/breseq/05_alignment_correction/junction.sam
+++   NOW PROCESSING Tabulating error counts
  REFERENCE: MN908947
  LENGTH: 29903
    POSITION:10000
    POSITION:20000
+++   NOW PROCESSING Re-calibrating base error rates
[system] R --vanilla < /workspace/home/nasirja/covid-19-signal/.snakemake/conda/1f267c8dfdaa0356ebaad13adc66d00a/bin/../share/breseq/coverage_distribution.r > SC2194/breseq/07_error_calibration/0.unique_only_coverage_distribution.tab.r.log distribution_file=SC2194/breseq/07_error_calibration/0.unique_only_coverage_distribution.tab plot_file=SC2194/breseq/output/calibration/0.unique_coverage.pdf deletion_propagation_pr_cutoff=0.000289143
[system] R --vanilla in_file=SC2194/breseq/07_error_calibration/base_qual_error_prob.SC2194_R1.tab out_file=SC2194/breseq/output/calibration/SC2194_R1.error_rates.pdf < /workspace/home/nasirja/covid-19-signal/.snakemake/conda/1f267c8dfdaa0356ebaad13adc66d00a/bin/../share/breseq/plot_error_rate.r > SC2194/breseq/07_error_calibration/SC2194_R1.plot_error_rate.log
[system] R --vanilla in_file=SC2194/breseq/07_error_calibration/base_qual_error_prob.SC2194_R2.tab out_file=SC2194/breseq/output/calibration/SC2194_R2.error_rates.pdf < /workspace/home/nasirja/covid-19-signal/.snakemake/conda/1f267c8dfdaa0356ebaad13adc66d00a/bin/../share/breseq/plot_error_rate.r > SC2194/breseq/07_error_calibration/SC2194_R2.plot_error_rate.log
+++   NOW PROCESSING Examining read alignment evidence
  REFERENCE: MN908947
  LENGTH: 29903
    POSITION:10000
    POSITION:20000
+++   NOW PROCESSING Polymorphism statistics
[system] R --vanilla total_length=29903 in_file=SC2194/breseq/08_mutation_identification/polymorphism_statistics_input.tab out_file=SC2194/breseq/08_mutation_identification/polymorphism_statistics_output.tab qual_file=SC2194/breseq/08_mutation_identification/error_counts.tab < /workspace/home/nasirja/covid-19-signal/.snakemake/conda/1f267c8dfdaa0356ebaad13adc66d00a/bin/../share/breseq/polymorphism_statistics.r > SC2194/breseq/08_mutation_identification/polymorphism_statistics_output.log
+++   NOW PROCESSING Output
Creating merged genome diff evidence file...
Predicting mutations from evidence...
  Preparing junctions...
  Predicting mobile element insertions...
  Predicting large deletions...
  Predicting small indels and substitutions from junctions...
  Predicting small indels and substitutions from alignments...
  Making final adjustments to mutations...
  Writing final GD file...
  Writing final VCF file...
Annotating mutations...
Drawing coverage plots...
Creating coverage plot for region: MN908947:1-29903
Creating index HTML table...
[system] rm -f SC2194/breseq/01_sequence_conversion/*.trims
[system] rm -f SC2194/breseq/03_candidate_junctions/candidate_junction.fasta
[system] rm -f SC2194/breseq/03_candidate_junctions/candidate_junction.fasta.fai
[system] rm -f SC2194/breseq/05_alignment_correction/jc_evidence.gd
[system] rm -f SC2194/breseq/06_bam/junction.bam
[system] rm -f SC2194/breseq/06_bam/junction.bam.bai
+++   SUCCESSFULLY COMPLETED
