[M::bwa_idx_load_from_disk] read 0 ALT contigs
[M::process] read 81014 sequences (20000316 bp)...
[M::process] read 81098 sequences (20000014 bp)...
[M::mem_pestat] # candidate unique pairs for (FF, FR, RF, RR): (3, 40060, 13, 1)
[M::mem_pestat] skip orientation FF as there are not enough pairs
[M::mem_pestat] analyzing insert size distribution for orientation FR...
[M::mem_pestat] (25, 50, 75) percentile: (380, 386, 394)
[M::mem_pestat] low and high boundaries for computing mean and std.dev: (352, 422)
[M::mem_pestat] mean and std.dev: (388.92, 10.66)
[M::mem_pestat] low and high boundaries for proper pairs: (338, 436)
[M::mem_pestat] analyzing insert size distribution for orientation RF...
[M::mem_pestat] (25, 50, 75) percentile: (225, 793, 2109)
[M::mem_pestat] low and high boundaries for computing mean and std.dev: (1, 5877)
[M::mem_pestat] mean and std.dev: (760.55, 682.70)
[M::mem_pestat] low and high boundaries for proper pairs: (1, 7761)
[M::mem_pestat] skip orientation RR as there are not enough pairs
[M::mem_pestat] skip orientation RF
[M::mem_process_seqs] Processed 81014 reads in 6.620 CPU sec, 3.142 real sec
[M::mem_pestat] # candidate unique pairs for (FF, FR, RF, RR): (7, 40057, 20, 5)
[M::mem_pestat] skip orientation FF as there are not enough pairs
[M::mem_pestat] analyzing insert size distribution for orientation FR...
[M::mem_pestat] (25, 50, 75) percentile: (380, 386, 394)
[M::mem_pestat] low and high boundaries for computing mean and std.dev: (352, 422)
[M::mem_pestat] mean and std.dev: (388.75, 10.58)
[M::mem_pestat] low and high boundaries for proper pairs: (338, 436)
[M::mem_pestat] analyzing insert size distribution for orientation RF...
[M::mem_pestat] (25, 50, 75) percentile: (230, 814, 1419)
[M::mem_pestat] low and high boundaries for computing mean and std.dev: (1, 3797)
[M::mem_pestat] mean and std.dev: (532.69, 368.03)
[M::mem_pestat] low and high boundaries for proper pairs: (1, 4986)
[M::mem_pestat] skip orientation RR as there are not enough pairs
[M::mem_pestat] skip orientation RF
[M::mem_process_seqs] Processed 81098 reads in 6.707 CPU sec, 3.268 real sec
[M::process] read 81200 sequences (20000125 bp)...
[M::mem_pestat] # candidate unique pairs for (FF, FR, RF, RR): (3, 40105, 18, 8)
[M::mem_pestat] skip orientation FF as there are not enough pairs
[M::mem_pestat] analyzing insert size distribution for orientation FR...
[M::mem_pestat] (25, 50, 75) percentile: (380, 385, 393)
[M::mem_pestat] low and high boundaries for computing mean and std.dev: (354, 419)
[M::mem_pestat] mean and std.dev: (388.16, 10.80)
[M::mem_pestat] low and high boundaries for proper pairs: (341, 432)
[M::mem_pestat] analyzing insert size distribution for orientation RF...
[M::mem_pestat] (25, 50, 75) percentile: (224, 522, 2699)
[M::mem_pestat] low and high boundaries for computing mean and std.dev: (1, 7649)
[M::mem_pestat] mean and std.dev: (1369.06, 1922.56)
[M::mem_pestat] low and high boundaries for proper pairs: (1, 10124)
[M::mem_pestat] skip orientation RR as there are not enough pairs
[M::mem_pestat] skip orientation RF
[M::mem_process_seqs] Processed 81200 reads in 6.512 CPU sec, 3.180 real sec
[M::process] read 81020 sequences (20000086 bp)...
[M::mem_pestat] # candidate unique pairs for (FF, FR, RF, RR): (5, 40020, 22, 6)
[M::mem_pestat] skip orientation FF as there are not enough pairs
[M::mem_pestat] analyzing insert size distribution for orientation FR...
[M::mem_pestat] (25, 50, 75) percentile: (380, 386, 394)
[M::mem_pestat] low and high boundaries for computing mean and std.dev: (352, 422)
[M::mem_pestat] mean and std.dev: (389.04, 10.66)
[M::mem_pestat] low and high boundaries for proper pairs: (338, 436)
[M::mem_pestat] analyzing insert size distribution for orientation RF...
[M::mem_pestat] (25, 50, 75) percentile: (208, 522, 3284)
[M::mem_pestat] low and high boundaries for computing mean and std.dev: (1, 9436)
[M::mem_pestat] mean and std.dev: (1884.36, 2302.15)
[M::mem_pestat] low and high boundaries for proper pairs: (1, 12512)
[M::mem_pestat] skip orientation RR as there are not enough pairs
[M::mem_pestat] skip orientation RF
[M::mem_process_seqs] Processed 81020 reads in 6.312 CPU sec, 3.054 real sec
[M::process] read 81012 sequences (20000116 bp)...
[M::mem_pestat] # candidate unique pairs for (FF, FR, RF, RR): (6, 40008, 29, 5)
[M::mem_pestat] skip orientation FF as there are not enough pairs
[M::mem_pestat] analyzing insert size distribution for orientation FR...
[M::mem_pestat] (25, 50, 75) percentile: (380, 385, 393)
[M::mem_pestat] low and high boundaries for computing mean and std.dev: (354, 419)
[M::mem_pestat] mean and std.dev: (388.66, 10.70)
[M::mem_pestat] low and high boundaries for proper pairs: (341, 432)
[M::mem_pestat] analyzing insert size distribution for orientation RF...
[M::mem_pestat] (25, 50, 75) percentile: (216, 790, 2699)
[M::mem_pestat] low and high boundaries for computing mean and std.dev: (1, 7665)
[M::mem_pestat] mean and std.dev: (1509.24, 1993.42)
[M::mem_pestat] low and high boundaries for proper pairs: (1, 10148)
[M::mem_pestat] skip orientation RR as there are not enough pairs
[M::mem_pestat] skip orientation RF
[M::mem_process_seqs] Processed 81012 reads in 5.391 CPU sec, 2.629 real sec
[M::process] read 81088 sequences (20000481 bp)...
[M::mem_pestat] # candidate unique pairs for (FF, FR, RF, RR): (5, 40010, 28, 7)
[M::mem_pestat] skip orientation FF as there are not enough pairs
[M::mem_pestat] analyzing insert size distribution for orientation FR...
[M::mem_pestat] (25, 50, 75) percentile: (380, 386, 393)
[M::mem_pestat] low and high boundaries for computing mean and std.dev: (354, 419)
[M::mem_pestat] mean and std.dev: (388.63, 10.79)
[M::mem_pestat] low and high boundaries for proper pairs: (341, 432)
[M::mem_pestat] analyzing insert size distribution for orientation RF...
[M::mem_pestat] (25, 50, 75) percentile: (227, 1492, 6332)
[M::mem_pestat] low and high boundaries for computing mean and std.dev: (1, 18542)
[M::mem_pestat] mean and std.dev: (2693.43, 2785.13)
[M::mem_pestat] low and high boundaries for proper pairs: (1, 24647)
[M::mem_pestat] skip orientation RR as there are not enough pairs
[M::mem_pestat] skip orientation RF
[M::mem_process_seqs] Processed 81088 reads in 5.818 CPU sec, 2.825 real sec
[M::process] read 80942 sequences (20000131 bp)...
[M::mem_pestat] # candidate unique pairs for (FF, FR, RF, RR): (10, 39993, 16, 4)
[M::mem_pestat] analyzing insert size distribution for orientation FF...
[M::mem_pestat] (25, 50, 75) percentile: (1883, 4840, 5697)
[M::mem_pestat] low and high boundaries for computing mean and std.dev: (1, 13325)
[M::mem_pestat] mean and std.dev: (4162.80, 2962.12)
[M::mem_pestat] low and high boundaries for proper pairs: (1, 17139)
[M::mem_pestat] analyzing insert size distribution for orientation FR...
[M::mem_pestat] (25, 50, 75) percentile: (380, 386, 394)
[M::mem_pestat] low and high boundaries for computing mean and std.dev: (352, 422)
[M::mem_pestat] mean and std.dev: (389.00, 10.71)
[M::mem_pestat] low and high boundaries for proper pairs: (338, 436)
[M::mem_pestat] analyzing insert size distribution for orientation RF...
[M::mem_pestat] (25, 50, 75) percentile: (207, 493, 2728)
[M::mem_pestat] low and high boundaries for computing mean and std.dev: (1, 7770)
[M::mem_pestat] mean and std.dev: (1236.12, 1684.19)
[M::mem_pestat] low and high boundaries for proper pairs: (1, 10291)
[M::mem_pestat] skip orientation RR as there are not enough pairs
[M::mem_pestat] skip orientation FF
[M::mem_pestat] skip orientation RF
[M::mem_process_seqs] Processed 80942 reads in 5.784 CPU sec, 2.819 real sec
[M::process] read 80876 sequences (20000260 bp)...
[M::mem_pestat] # candidate unique pairs for (FF, FR, RF, RR): (4, 40023, 18, 7)
[M::mem_pestat] skip orientation FF as there are not enough pairs
[M::mem_pestat] analyzing insert size distribution for orientation FR...
[M::mem_pestat] (25, 50, 75) percentile: (380, 385, 393)
[M::mem_pestat] low and high boundaries for computing mean and std.dev: (354, 419)
[M::mem_pestat] mean and std.dev: (388.57, 10.69)
[M::mem_pestat] low and high boundaries for proper pairs: (341, 432)
[M::mem_pestat] analyzing insert size distribution for orientation RF...
[M::mem_pestat] (25, 50, 75) percentile: (224, 506, 4235)
[M::mem_pestat] low and high boundaries for computing mean and std.dev: (1, 12257)
[M::mem_pestat] mean and std.dev: (2281.61, 2921.30)
[M::mem_pestat] low and high boundaries for proper pairs: (1, 16268)
[M::mem_pestat] skip orientation RR as there are not enough pairs
[M::mem_pestat] skip orientation RF
[M::mem_process_seqs] Processed 80876 reads in 6.141 CPU sec, 2.943 real sec
[M::process] read 80914 sequences (20000050 bp)...
[M::mem_pestat] # candidate unique pairs for (FF, FR, RF, RR): (4, 39953, 27, 6)
[M::mem_pestat] skip orientation FF as there are not enough pairs
[M::mem_pestat] analyzing insert size distribution for orientation FR...
[M::mem_pestat] (25, 50, 75) percentile: (380, 385, 393)
[M::mem_pestat] low and high boundaries for computing mean and std.dev: (354, 419)
[M::mem_pestat] mean and std.dev: (388.21, 10.91)
[M::mem_pestat] low and high boundaries for proper pairs: (341, 432)
[M::mem_pestat] analyzing insert size distribution for orientation RF...
[M::mem_pestat] (25, 50, 75) percentile: (207, 352, 1085)
[M::mem_pestat] low and high boundaries for computing mean and std.dev: (1, 2841)
[M::mem_pestat] mean and std.dev: (642.96, 640.77)
[M::mem_pestat] low and high boundaries for proper pairs: (1, 3719)
[M::mem_pestat] skip orientation RR as there are not enough pairs
[M::mem_pestat] skip orientation RF
[M::mem_process_seqs] Processed 80914 reads in 6.258 CPU sec, 2.980 real sec
[M::process] read 80888 sequences (20000463 bp)...
[M::mem_pestat] # candidate unique pairs for (FF, FR, RF, RR): (5, 39991, 27, 4)
[M::mem_pestat] skip orientation FF as there are not enough pairs
[M::mem_pestat] analyzing insert size distribution for orientation FR...
[M::mem_pestat] (25, 50, 75) percentile: (380, 386, 394)
[M::mem_pestat] low and high boundaries for computing mean and std.dev: (352, 422)
[M::mem_pestat] mean and std.dev: (388.76, 10.62)
[M::mem_pestat] low and high boundaries for proper pairs: (338, 436)
[M::mem_pestat] analyzing insert size distribution for orientation RF...
[M::mem_pestat] (25, 50, 75) percentile: (207, 321, 867)
[M::mem_pestat] low and high boundaries for computing mean and std.dev: (1, 2187)
[M::mem_pestat] mean and std.dev: (475.42, 377.11)
[M::mem_pestat] low and high boundaries for proper pairs: (1, 2847)
[M::mem_pestat] skip orientation RR as there are not enough pairs
[M::mem_pestat] skip orientation RF
[M::mem_process_seqs] Processed 80888 reads in 5.717 CPU sec, 2.785 real sec
[M::process] read 80952 sequences (20000231 bp)...
[M::mem_pestat] # candidate unique pairs for (FF, FR, RF, RR): (9, 40032, 18, 10)
[M::mem_pestat] skip orientation FF as there are not enough pairs
[M::mem_pestat] analyzing insert size distribution for orientation FR...
[M::mem_pestat] (25, 50, 75) percentile: (380, 385, 393)
[M::mem_pestat] low and high boundaries for computing mean and std.dev: (354, 419)
[M::mem_pestat] mean and std.dev: (388.35, 10.72)
[M::mem_pestat] low and high boundaries for proper pairs: (341, 432)
[M::mem_pestat] analyzing insert size distribution for orientation RF...
[M::mem_pestat] (25, 50, 75) percentile: (223, 931, 4088)
[M::mem_pestat] low and high boundaries for computing mean and std.dev: (1, 11818)
[M::mem_pestat] mean and std.dev: (2315.78, 2571.88)
[M::mem_pestat] low and high boundaries for proper pairs: (1, 15683)
[M::mem_pestat] analyzing insert size distribution for orientation RR...
[M::mem_pestat] (25, 50, 75) percentile: (501, 2057, 2735)
[M::mem_pestat] low and high boundaries for computing mean and std.dev: (1, 7203)
[M::mem_pestat] mean and std.dev: (1726.56, 1387.98)
[M::mem_pestat] low and high boundaries for proper pairs: (1, 9437)
[M::mem_pestat] skip orientation RF
[M::mem_pestat] skip orientation RR
[M::mem_process_seqs] Processed 80952 reads in 6.422 CPU sec, 3.058 real sec
[M::process] read 81060 sequences (20000161 bp)...
[M::mem_pestat] # candidate unique pairs for (FF, FR, RF, RR): (7, 40062, 28, 7)
[M::mem_pestat] skip orientation FF as there are not enough pairs
[M::mem_pestat] analyzing insert size distribution for orientation FR...
[M::mem_pestat] (25, 50, 75) percentile: (380, 386, 394)
[M::mem_pestat] low and high boundaries for computing mean and std.dev: (352, 422)
[M::mem_pestat] mean and std.dev: (388.79, 10.65)
[M::mem_pestat] low and high boundaries for proper pairs: (338, 436)
[M::mem_pestat] analyzing insert size distribution for orientation RF...
[M::mem_pestat] (25, 50, 75) percentile: (214, 226, 923)
[M::mem_pestat] low and high boundaries for computing mean and std.dev: (1, 2341)
[M::mem_pestat] mean and std.dev: (421.91, 374.56)
[M::mem_pestat] low and high boundaries for proper pairs: (1, 3050)
[M::mem_pestat] skip orientation RR as there are not enough pairs
[M::mem_pestat] skip orientation RF
[M::mem_process_seqs] Processed 81060 reads in 5.412 CPU sec, 2.623 real sec
[M::process] read 80994 sequences (20000147 bp)...
[M::mem_pestat] # candidate unique pairs for (FF, FR, RF, RR): (7, 40015, 23, 11)
[M::mem_pestat] skip orientation FF as there are not enough pairs
[M::mem_pestat] analyzing insert size distribution for orientation FR...
[M::mem_pestat] (25, 50, 75) percentile: (380, 386, 394)
[M::mem_pestat] low and high boundaries for computing mean and std.dev: (352, 422)
[M::mem_pestat] mean and std.dev: (388.79, 10.64)
[M::mem_pestat] low and high boundaries for proper pairs: (338, 436)
[M::mem_pestat] analyzing insert size distribution for orientation RF...
[M::mem_pestat] (25, 50, 75) percentile: (230, 760, 3082)
[M::mem_pestat] low and high boundaries for computing mean and std.dev: (1, 8786)
[M::mem_pestat] mean and std.dev: (1837.91, 2166.28)
[M::mem_pestat] low and high boundaries for proper pairs: (1, 11638)
[M::mem_pestat] analyzing insert size distribution for orientation RR...
[M::mem_pestat] (25, 50, 75) percentile: (1054, 2057, 4926)
[M::mem_pestat] low and high boundaries for computing mean and std.dev: (1, 12670)
[M::mem_pestat] mean and std.dev: (3327.82, 2958.95)
[M::mem_pestat] low and high boundaries for proper pairs: (1, 16542)
[M::mem_pestat] skip orientation RF
[M::mem_pestat] skip orientation RR
[M::mem_process_seqs] Processed 80994 reads in 5.203 CPU sec, 2.529 real sec
[M::process] read 81110 sequences (20000044 bp)...
[M::mem_pestat] # candidate unique pairs for (FF, FR, RF, RR): (8, 40072, 26, 11)
[M::mem_pestat] skip orientation FF as there are not enough pairs
[M::mem_pestat] analyzing insert size distribution for orientation FR...
[M::mem_pestat] (25, 50, 75) percentile: (380, 385, 393)
[M::mem_pestat] low and high boundaries for computing mean and std.dev: (354, 419)
[M::mem_pestat] mean and std.dev: (387.98, 10.85)
[M::mem_pestat] low and high boundaries for proper pairs: (341, 432)
[M::mem_pestat] analyzing insert size distribution for orientation RF...
[M::mem_pestat] (25, 50, 75) percentile: (249, 1349, 3548)
[M::mem_pestat] low and high boundaries for computing mean and std.dev: (1, 10146)
[M::mem_pestat] mean and std.dev: (2131.92, 2248.70)
[M::mem_pestat] low and high boundaries for proper pairs: (1, 13445)
[M::mem_pestat] analyzing insert size distribution for orientation RR...
[M::mem_pestat] (25, 50, 75) percentile: (760, 6406, 8141)
[M::mem_pestat] low and high boundaries for computing mean and std.dev: (1, 22903)
[M::mem_pestat] mean and std.dev: (4966.91, 3446.91)
[M::mem_pestat] low and high boundaries for proper pairs: (1, 30284)
[M::mem_pestat] skip orientation RF
[M::mem_pestat] skip orientation RR
[M::mem_process_seqs] Processed 81110 reads in 6.220 CPU sec, 2.918 real sec
[M::process] read 80952 sequences (20000163 bp)...
[M::mem_pestat] # candidate unique pairs for (FF, FR, RF, RR): (5, 40030, 15, 8)
[M::mem_pestat] skip orientation FF as there are not enough pairs
[M::mem_pestat] analyzing insert size distribution for orientation FR...
[M::mem_pestat] (25, 50, 75) percentile: (380, 386, 394)
[M::mem_pestat] low and high boundaries for computing mean and std.dev: (352, 422)
[M::mem_pestat] mean and std.dev: (388.99, 10.76)
[M::mem_pestat] low and high boundaries for proper pairs: (338, 436)
[M::mem_pestat] analyzing insert size distribution for orientation RF...
[M::mem_pestat] (25, 50, 75) percentile: (225, 850, 1481)
[M::mem_pestat] low and high boundaries for computing mean and std.dev: (1, 3993)
[M::mem_pestat] mean and std.dev: (758.08, 697.45)
[M::mem_pestat] low and high boundaries for proper pairs: (1, 5249)
[M::mem_pestat] skip orientation RR as there are not enough pairs
[M::mem_pestat] skip orientation RF
[M::mem_process_seqs] Processed 80952 reads in 5.752 CPU sec, 2.800 real sec
[M::process] read 81020 sequences (20000037 bp)...
[M::mem_pestat] # candidate unique pairs for (FF, FR, RF, RR): (3, 40067, 25, 8)
[M::mem_pestat] skip orientation FF as there are not enough pairs
[M::mem_pestat] analyzing insert size distribution for orientation FR...
[M::mem_pestat] (25, 50, 75) percentile: (380, 386, 393)
[M::mem_pestat] low and high boundaries for computing mean and std.dev: (354, 419)
[M::mem_pestat] mean and std.dev: (388.79, 10.60)
[M::mem_pestat] low and high boundaries for proper pairs: (341, 432)
[M::mem_pestat] analyzing insert size distribution for orientation RF...
[M::mem_pestat] (25, 50, 75) percentile: (204, 225, 2117)
[M::mem_pestat] low and high boundaries for computing mean and std.dev: (1, 5943)
[M::mem_pestat] mean and std.dev: (849.57, 1399.67)
[M::mem_pestat] low and high boundaries for proper pairs: (1, 7856)
[M::mem_pestat] skip orientation RR as there are not enough pairs
[M::mem_pestat] skip orientation RF
[M::mem_process_seqs] Processed 81020 reads in 5.481 CPU sec, 2.662 real sec
[M::process] read 80960 sequences (20000141 bp)...
[M::mem_pestat] # candidate unique pairs for (FF, FR, RF, RR): (4, 40080, 17, 6)
[M::mem_pestat] skip orientation FF as there are not enough pairs
[M::mem_pestat] analyzing insert size distribution for orientation FR...
[M::mem_pestat] (25, 50, 75) percentile: (380, 385, 393)
[M::mem_pestat] low and high boundaries for computing mean and std.dev: (354, 419)
[M::mem_pestat] mean and std.dev: (388.58, 10.72)
[M::mem_pestat] low and high boundaries for proper pairs: (341, 432)
[M::mem_pestat] analyzing insert size distribution for orientation RF...
[M::mem_pestat] (25, 50, 75) percentile: (218, 230, 5360)
[M::mem_pestat] low and high boundaries for computing mean and std.dev: (1, 15644)
[M::mem_pestat] mean and std.dev: (1773.88, 2516.10)
[M::mem_pestat] low and high boundaries for proper pairs: (1, 20786)
[M::mem_pestat] skip orientation RR as there are not enough pairs
[M::mem_pestat] skip orientation RF
[M::mem_process_seqs] Processed 80960 reads in 5.686 CPU sec, 2.776 real sec
[M::process] read 80896 sequences (20000138 bp)...
[M::mem_pestat] # candidate unique pairs for (FF, FR, RF, RR): (5, 40018, 20, 4)
[M::mem_pestat] skip orientation FF as there are not enough pairs
[M::mem_pestat] analyzing insert size distribution for orientation FR...
[M::mem_pestat] (25, 50, 75) percentile: (380, 386, 394)
[M::mem_pestat] low and high boundaries for computing mean and std.dev: (352, 422)
[M::mem_pestat] mean and std.dev: (388.99, 10.75)
[M::mem_pestat] low and high boundaries for proper pairs: (338, 436)
[M::mem_pestat] analyzing insert size distribution for orientation RF...
[M::mem_pestat] (25, 50, 75) percentile: (214, 816, 3513)
[M::mem_pestat] low and high boundaries for computing mean and std.dev: (1, 10111)
[M::mem_pestat] mean and std.dev: (1781.65, 1908.11)
[M::mem_pestat] low and high boundaries for proper pairs: (1, 13410)
[M::mem_pestat] skip orientation RR as there are not enough pairs
[M::mem_pestat] skip orientation RF
[M::mem_process_seqs] Processed 80896 reads in 5.827 CPU sec, 2.873 real sec
[M::process] read 80894 sequences (20000005 bp)...
[M::mem_pestat] # candidate unique pairs for (FF, FR, RF, RR): (5, 40027, 20, 7)
[M::mem_pestat] skip orientation FF as there are not enough pairs
[M::mem_pestat] analyzing insert size distribution for orientation FR...
[M::mem_pestat] (25, 50, 75) percentile: (380, 385, 393)
[M::mem_pestat] low and high boundaries for computing mean and std.dev: (354, 419)
[M::mem_pestat] mean and std.dev: (388.67, 10.65)
[M::mem_pestat] low and high boundaries for proper pairs: (341, 432)
[M::mem_pestat] analyzing insert size distribution for orientation RF...
[M::mem_pestat] (25, 50, 75) percentile: (226, 252, 2671)
[M::mem_pestat] low and high boundaries for computing mean and std.dev: (1, 7561)
[M::mem_pestat] mean and std.dev: (1445.85, 1855.90)
[M::mem_pestat] low and high boundaries for proper pairs: (1, 10006)
[M::mem_pestat] skip orientation RR as there are not enough pairs
[M::mem_pestat] skip orientation RF
[M::mem_process_seqs] Processed 80894 reads in 5.523 CPU sec, 2.693 real sec
[M::process] read 80978 sequences (20000443 bp)...
[M::mem_pestat] # candidate unique pairs for (FF, FR, RF, RR): (0, 40053, 24, 7)
[M::mem_pestat] skip orientation FF as there are not enough pairs
[M::mem_pestat] analyzing insert size distribution for orientation FR...
[M::mem_pestat] (25, 50, 75) percentile: (380, 386, 394)
[M::mem_pestat] low and high boundaries for computing mean and std.dev: (352, 422)
[M::mem_pestat] mean and std.dev: (388.69, 10.75)
[M::mem_pestat] low and high boundaries for proper pairs: (338, 436)
[M::mem_pestat] analyzing insert size distribution for orientation RF...
[M::mem_pestat] (25, 50, 75) percentile: (216, 242, 1393)
[M::mem_pestat] low and high boundaries for computing mean and std.dev: (1, 3747)
[M::mem_pestat] mean and std.dev: (612.82, 651.29)
[M::mem_pestat] low and high boundaries for proper pairs: (1, 4924)
[M::mem_pestat] skip orientation RR as there are not enough pairs
[M::mem_pestat] skip orientation RF
[M::mem_process_seqs] Processed 80978 reads in 5.605 CPU sec, 2.758 real sec
[M::process] read 80876 sequences (20000064 bp)...
[M::mem_pestat] # candidate unique pairs for (FF, FR, RF, RR): (6, 40016, 26, 11)
[M::mem_pestat] skip orientation FF as there are not enough pairs
[M::mem_pestat] analyzing insert size distribution for orientation FR...
[M::mem_pestat] (25, 50, 75) percentile: (380, 386, 394)
[M::mem_pestat] low and high boundaries for computing mean and std.dev: (352, 422)
[M::mem_pestat] mean and std.dev: (389.03, 10.78)
[M::mem_pestat] low and high boundaries for proper pairs: (338, 436)
[M::mem_pestat] analyzing insert size distribution for orientation RF...
[M::mem_pestat] (25, 50, 75) percentile: (207, 225, 2728)
[M::mem_pestat] low and high boundaries for computing mean and std.dev: (1, 7770)
[M::mem_pestat] mean and std.dev: (1601.24, 2382.94)
[M::mem_pestat] low and high boundaries for proper pairs: (1, 11133)
[M::mem_pestat] analyzing insert size distribution for orientation RR...
[M::mem_pestat] (25, 50, 75) percentile: (639, 2057, 4928)
[M::mem_pestat] low and high boundaries for computing mean and std.dev: (1, 13506)
[M::mem_pestat] mean and std.dev: (2999.36, 2851.59)
[M::mem_pestat] low and high boundaries for proper pairs: (1, 17795)
[M::mem_pestat] skip orientation RF
[M::mem_pestat] skip orientation RR
[M::mem_process_seqs] Processed 80876 reads in 5.453 CPU sec, 2.655 real sec
[M::process] read 80904 sequences (20000477 bp)...
[M::mem_pestat] # candidate unique pairs for (FF, FR, RF, RR): (6, 40023, 27, 6)
[M::mem_pestat] skip orientation FF as there are not enough pairs
[M::mem_pestat] analyzing insert size distribution for orientation FR...
[M::mem_pestat] (25, 50, 75) percentile: (380, 386, 393)
[M::mem_pestat] low and high boundaries for computing mean and std.dev: (354, 419)
[M::mem_pestat] mean and std.dev: (388.72, 10.66)
[M::mem_pestat] low and high boundaries for proper pairs: (341, 432)
[M::mem_pestat] analyzing insert size distribution for orientation RF...
[M::mem_pestat] (25, 50, 75) percentile: (204, 229, 857)
[M::mem_pestat] low and high boundaries for computing mean and std.dev: (1, 2163)
[M::mem_pestat] mean and std.dev: (470.75, 473.55)
[M::mem_pestat] low and high boundaries for proper pairs: (1, 2816)
[M::mem_pestat] skip orientation RR as there are not enough pairs
[M::mem_pestat] skip orientation RF
[M::mem_process_seqs] Processed 80904 reads in 5.672 CPU sec, 2.779 real sec
[M::process] read 39922 sequences (9860346 bp)...
[M::mem_pestat] # candidate unique pairs for (FF, FR, RF, RR): (6, 19743, 7, 4)
[M::mem_pestat] skip orientation FF as there are not enough pairs
[M::mem_pestat] analyzing insert size distribution for orientation FR...
[M::mem_pestat] (25, 50, 75) percentile: (380, 385, 393)
[M::mem_pestat] low and high boundaries for computing mean and std.dev: (354, 419)
[M::mem_pestat] mean and std.dev: (388.04, 10.74)
[M::mem_pestat] low and high boundaries for proper pairs: (341, 432)
[M::mem_pestat] skip orientation RF as there are not enough pairs
[M::mem_pestat] skip orientation RR as there are not enough pairs
[M::mem_process_seqs] Processed 39922 reads in 3.066 CPU sec, 1.509 real sec
[main] Version: 0.7.17-r1188
[main] CMD: bwa mem -t 2 SC2272/core/viral_reference SC2272/adapter_trimmed/SC2272_R1_val_1_posttrim_filter.fq.gz SC2272/adapter_trimmed/SC2272_R2_val_2_posttrim_filter.fq.gz
[main] Real time: 75.740 sec; CPU: 139.299 sec
[bam_sort_core] merging from 0 files and 2 in-memory blocks...
