[M::bwa_idx_load_from_disk] read 0 ALT contigs
[M::process] read 88390 sequences (20000097 bp)...
[M::process] read 88008 sequences (20000462 bp)...
[M::mem_pestat] # candidate unique pairs for (FF, FR, RF, RR): (22, 35868, 40, 13)
[M::mem_pestat] analyzing insert size distribution for orientation FF...
[M::mem_pestat] (25, 50, 75) percentile: (1835, 4224, 5950)
[M::mem_pestat] low and high boundaries for computing mean and std.dev: (1, 14180)
[M::mem_pestat] mean and std.dev: (4040.27, 2283.27)
[M::mem_pestat] low and high boundaries for proper pairs: (1, 18295)
[M::mem_pestat] analyzing insert size distribution for orientation FR...
[M::mem_pestat] (25, 50, 75) percentile: (374, 386, 392)
[M::mem_pestat] low and high boundaries for computing mean and std.dev: (338, 428)
[M::mem_pestat] mean and std.dev: (388.30, 8.76)
[M::mem_pestat] low and high boundaries for proper pairs: (320, 446)
[M::mem_pestat] analyzing insert size distribution for orientation RF...
[M::mem_pestat] (25, 50, 75) percentile: (215, 215, 215)
[M::mem_pestat] low and high boundaries for computing mean and std.dev: (215, 215)
[M::mem_pestat] mean and std.dev: (215.00, 0.00)
[M::mem_pestat] low and high boundaries for proper pairs: (215, 215)
[M::mem_pestat] analyzing insert size distribution for orientation RR...
[M::mem_pestat] (25, 50, 75) percentile: (4224, 4226, 6062)
[M::mem_pestat] low and high boundaries for computing mean and std.dev: (548, 9738)
[M::mem_pestat] mean and std.dev: (4557.77, 2104.02)
[M::mem_pestat] low and high boundaries for proper pairs: (1, 12974)
[M::mem_pestat] skip orientation FF
[M::mem_pestat] skip orientation RF
[M::mem_pestat] skip orientation RR
[M::mem_process_seqs] Processed 88390 reads in 8.067 CPU sec, 3.897 real sec
[M::mem_pestat] # candidate unique pairs for (FF, FR, RF, RR): (9, 35910, 41, 17)
[M::mem_pestat] skip orientation FF as there are not enough pairs
[M::mem_pestat] analyzing insert size distribution for orientation FR...
[M::mem_pestat] (25, 50, 75) percentile: (371, 386, 392)
[M::mem_pestat] low and high boundaries for computing mean and std.dev: (329, 434)
[M::mem_pestat] mean and std.dev: (388.13, 9.44)
[M::mem_pestat] low and high boundaries for proper pairs: (308, 455)
[M::mem_pestat] analyzing insert size distribution for orientation RF...
[M::mem_pestat] (25, 50, 75) percentile: (215, 215, 220)
[M::mem_pestat] low and high boundaries for computing mean and std.dev: (205, 230)
[M::mem_pestat] mean and std.dev: (215.50, 1.54)
[M::mem_pestat] low and high boundaries for proper pairs: (200, 235)
[M::mem_pestat] analyzing insert size distribution for orientation RR...
[M::mem_pestat] (25, 50, 75) percentile: (2403, 4226, 4296)
[M::mem_pestat] low and high boundaries for computing mean and std.dev: (1, 8082)
[M::mem_pestat] mean and std.dev: (3741.00, 1855.20)
[M::mem_pestat] low and high boundaries for proper pairs: (1, 11162)
[M::mem_pestat] skip orientation RF
[M::mem_pestat] skip orientation RR
[M::process] read 88312 sequences (20000348 bp)...
[M::mem_process_seqs] Processed 88008 reads in 8.738 CPU sec, 4.112 real sec
[M::mem_pestat] # candidate unique pairs for (FF, FR, RF, RR): (12, 35997, 34, 17)
[M::mem_pestat] analyzing insert size distribution for orientation FF...
[M::mem_pestat] (25, 50, 75) percentile: (2990, 4224, 5949)
[M::mem_pestat] low and high boundaries for computing mean and std.dev: (1, 11867)
[M::mem_pestat] mean and std.dev: (4492.17, 2047.17)
[M::mem_pestat] low and high boundaries for proper pairs: (1, 14826)
[M::mem_pestat] analyzing insert size distribution for orientation FR...
[M::mem_pestat] (25, 50, 75) percentile: (374, 386, 392)
[M::mem_pestat] low and high boundaries for computing mean and std.dev: (338, 428)
[M::mem_pestat] mean and std.dev: (388.20, 8.87)
[M::mem_pestat] low and high boundaries for proper pairs: (320, 446)
[M::mem_pestat] analyzing insert size distribution for orientation RF...
[M::mem_pestat] (25, 50, 75) percentile: (215, 215, 216)
[M::mem_pestat] low and high boundaries for computing mean and std.dev: (213, 218)
[M::mem_pestat] mean and std.dev: (215.15, 0.36)
[M::mem_pestat] low and high boundaries for proper pairs: (212, 219)
[M::mem_pestat] analyzing insert size distribution for orientation RR...
[M::mem_pestat] (25, 50, 75) percentile: (2921, 4225, 5850)
[M::mem_pestat] low and high boundaries for computing mean and std.dev: (1, 11708)
[M::mem_pestat] mean and std.dev: (4214.47, 1993.22)
[M::mem_pestat] low and high boundaries for proper pairs: (1, 14637)
[M::mem_pestat] skip orientation FF
[M::mem_pestat] skip orientation RF
[M::mem_pestat] skip orientation RR
[M::process] read 88172 sequences (20000219 bp)...
[M::mem_process_seqs] Processed 88312 reads in 8.475 CPU sec, 3.945 real sec
[M::mem_pestat] # candidate unique pairs for (FF, FR, RF, RR): (15, 36009, 58, 23)
[M::mem_pestat] analyzing insert size distribution for orientation FF...
[M::mem_pestat] (25, 50, 75) percentile: (2431, 2960, 6408)
[M::mem_pestat] low and high boundaries for computing mean and std.dev: (1, 14362)
[M::mem_pestat] mean and std.dev: (4168.00, 2677.76)
[M::mem_pestat] low and high boundaries for proper pairs: (1, 18339)
[M::mem_pestat] analyzing insert size distribution for orientation FR...
[M::mem_pestat] (25, 50, 75) percentile: (374, 386, 392)
[M::mem_pestat] low and high boundaries for computing mean and std.dev: (338, 428)
[M::mem_pestat] mean and std.dev: (388.44, 8.80)
[M::mem_pestat] low and high boundaries for proper pairs: (320, 446)
[M::mem_pestat] analyzing insert size distribution for orientation RF...
[M::mem_pestat] (25, 50, 75) percentile: (215, 215, 216)
[M::mem_pestat] low and high boundaries for computing mean and std.dev: (213, 218)
[M::mem_pestat] mean and std.dev: (215.35, 0.87)
[M::mem_pestat] low and high boundaries for proper pairs: (212, 219)
[M::mem_pestat] analyzing insert size distribution for orientation RR...
[M::mem_pestat] (25, 50, 75) percentile: (4061, 4226, 4296)
[M::mem_pestat] low and high boundaries for computing mean and std.dev: (3591, 4766)
[M::mem_pestat] mean and std.dev: (4223.83, 55.51)
[M::mem_pestat] low and high boundaries for proper pairs: (3356, 5001)
[M::mem_pestat] skip orientation FF
[M::mem_pestat] skip orientation RF
[M::mem_pestat] skip orientation RR
[M::process] read 71980 sequences (16360775 bp)...
[M::mem_process_seqs] Processed 88172 reads in 8.426 CPU sec, 3.960 real sec
[M::mem_pestat] # candidate unique pairs for (FF, FR, RF, RR): (11, 29610, 31, 15)
[M::mem_pestat] analyzing insert size distribution for orientation FF...
[M::mem_pestat] (25, 50, 75) percentile: (2960, 4226, 7944)
[M::mem_pestat] low and high boundaries for computing mean and std.dev: (1, 17912)
[M::mem_pestat] mean and std.dev: (4899.64, 2739.34)
[M::mem_pestat] low and high boundaries for proper pairs: (1, 22896)
[M::mem_pestat] analyzing insert size distribution for orientation FR...
[M::mem_pestat] (25, 50, 75) percentile: (371, 386, 392)
[M::mem_pestat] low and high boundaries for computing mean and std.dev: (329, 434)
[M::mem_pestat] mean and std.dev: (388.06, 9.30)
[M::mem_pestat] low and high boundaries for proper pairs: (308, 455)
[M::mem_pestat] analyzing insert size distribution for orientation RF...
[M::mem_pestat] (25, 50, 75) percentile: (215, 215, 215)
[M::mem_pestat] low and high boundaries for computing mean and std.dev: (215, 215)
[M::mem_pestat] mean and std.dev: (215.00, 0.00)
[M::mem_pestat] low and high boundaries for proper pairs: (215, 215)
[M::mem_pestat] analyzing insert size distribution for orientation RR...
[M::mem_pestat] (25, 50, 75) percentile: (2960, 4061, 7890)
[M::mem_pestat] low and high boundaries for computing mean and std.dev: (1, 17750)
[M::mem_pestat] mean and std.dev: (4938.93, 2508.29)
[M::mem_pestat] low and high boundaries for proper pairs: (1, 22680)
[M::mem_pestat] skip orientation FF
[M::mem_pestat] skip orientation RF
[M::mem_pestat] skip orientation RR
[M::mem_process_seqs] Processed 71980 reads in 7.206 CPU sec, 3.508 real sec
[main] Version: 0.7.17-r1188
[main] CMD: bwa mem -t 2 SC2285/core/viral_reference SC2285/adapter_trimmed/SC2285_R1_val_1_posttrim_filter.fq.gz SC2285/adapter_trimmed/SC2285_R2_val_2_posttrim_filter.fq.gz
[main] Real time: 22.150 sec; CPU: 41.374 sec
[bam_sort_core] merging from 0 files and 2 in-memory blocks...
