[M::bwa_idx_load_from_disk] read 0 ALT contigs
[M::process] read 81314 sequences (20000072 bp)...
[M::process] read 81388 sequences (20000396 bp)...
[M::mem_pestat] # candidate unique pairs for (FF, FR, RF, RR): (3, 40242, 38, 3)
[M::mem_pestat] skip orientation FF as there are not enough pairs
[M::mem_pestat] analyzing insert size distribution for orientation FR...
[M::mem_pestat] (25, 50, 75) percentile: (380, 385, 394)
[M::mem_pestat] low and high boundaries for computing mean and std.dev: (352, 422)
[M::mem_pestat] mean and std.dev: (388.25, 10.50)
[M::mem_pestat] low and high boundaries for proper pairs: (338, 436)
[M::mem_pestat] analyzing insert size distribution for orientation RF...
[M::mem_pestat] (25, 50, 75) percentile: (220, 333, 2301)
[M::mem_pestat] low and high boundaries for computing mean and std.dev: (1, 6463)
[M::mem_pestat] mean and std.dev: (1197.76, 1524.08)
[M::mem_pestat] low and high boundaries for proper pairs: (1, 8544)
[M::mem_pestat] skip orientation RR as there are not enough pairs
[M::mem_pestat] skip orientation RF
[M::mem_process_seqs] Processed 81314 reads in 5.287 CPU sec, 2.508 real sec
[M::mem_pestat] # candidate unique pairs for (FF, FR, RF, RR): (7, 40271, 24, 12)
[M::mem_pestat] skip orientation FF as there are not enough pairs
[M::mem_pestat] analyzing insert size distribution for orientation FR...
[M::mem_pestat] (25, 50, 75) percentile: (380, 385, 394)
[M::mem_pestat] low and high boundaries for computing mean and std.dev: (352, 422)
[M::mem_pestat] mean and std.dev: (388.19, 10.57)
[M::mem_pestat] low and high boundaries for proper pairs: (338, 436)
[M::mem_pestat] analyzing insert size distribution for orientation RF...
[M::mem_pestat] (25, 50, 75) percentile: (249, 825, 2699)
[M::mem_pestat] low and high boundaries for computing mean and std.dev: (1, 7599)
[M::mem_pestat] mean and std.dev: (1619.87, 1792.52)
[M::mem_pestat] low and high boundaries for proper pairs: (1, 10049)
[M::mem_pestat] analyzing insert size distribution for orientation RR...
[M::mem_pestat] (25, 50, 75) percentile: (1193, 1595, 4497)
[M::mem_pestat] low and high boundaries for computing mean and std.dev: (1, 11105)
[M::mem_pestat] mean and std.dev: (2354.58, 1730.84)
[M::mem_pestat] low and high boundaries for proper pairs: (1, 14409)
[M::mem_pestat] skip orientation RF
[M::mem_pestat] skip orientation RR
[M::mem_process_seqs] Processed 81388 reads in 5.543 CPU sec, 2.699 real sec
[M::process] read 81288 sequences (20000362 bp)...
[M::mem_pestat] # candidate unique pairs for (FF, FR, RF, RR): (12, 40239, 20, 5)
[M::mem_pestat] analyzing insert size distribution for orientation FF...
[M::mem_pestat] (25, 50, 75) percentile: (1837, 5112, 8959)
[M::mem_pestat] low and high boundaries for computing mean and std.dev: (1, 23203)
[M::mem_pestat] mean and std.dev: (4775.25, 3311.46)
[M::mem_pestat] low and high boundaries for proper pairs: (1, 30325)
[M::mem_pestat] analyzing insert size distribution for orientation FR...
[M::mem_pestat] (25, 50, 75) percentile: (379, 385, 394)
[M::mem_pestat] low and high boundaries for computing mean and std.dev: (349, 424)
[M::mem_pestat] mean and std.dev: (388.13, 10.65)
[M::mem_pestat] low and high boundaries for proper pairs: (334, 439)
[M::mem_pestat] analyzing insert size distribution for orientation RF...
[M::mem_pestat] (25, 50, 75) percentile: (224, 931, 2990)
[M::mem_pestat] low and high boundaries for computing mean and std.dev: (1, 8522)
[M::mem_pestat] mean and std.dev: (2064.35, 2433.29)
[M::mem_pestat] low and high boundaries for proper pairs: (1, 11798)
[M::mem_pestat] skip orientation RR as there are not enough pairs
[M::mem_pestat] skip orientation FF
[M::mem_pestat] skip orientation RF
[M::mem_process_seqs] Processed 81288 reads in 5.134 CPU sec, 2.526 real sec
[M::process] read 81204 sequences (20000243 bp)...
[M::mem_pestat] # candidate unique pairs for (FF, FR, RF, RR): (4, 40207, 44, 3)
[M::mem_pestat] skip orientation FF as there are not enough pairs
[M::mem_pestat] analyzing insert size distribution for orientation FR...
[M::mem_pestat] (25, 50, 75) percentile: (379, 385, 394)
[M::mem_pestat] low and high boundaries for computing mean and std.dev: (349, 424)
[M::mem_pestat] mean and std.dev: (387.94, 10.70)
[M::mem_pestat] low and high boundaries for proper pairs: (334, 439)
[M::mem_pestat] analyzing insert size distribution for orientation RF...
[M::mem_pestat] (25, 50, 75) percentile: (224, 409, 1908)
[M::mem_pestat] low and high boundaries for computing mean and std.dev: (1, 5276)
[M::mem_pestat] mean and std.dev: (870.08, 1039.01)
[M::mem_pestat] low and high boundaries for proper pairs: (1, 6960)
[M::mem_pestat] skip orientation RR as there are not enough pairs
[M::mem_pestat] skip orientation RF
[M::mem_process_seqs] Processed 81204 reads in 5.679 CPU sec, 2.727 real sec
[M::process] read 81276 sequences (20000045 bp)...
[M::mem_pestat] # candidate unique pairs for (FF, FR, RF, RR): (7, 40207, 45, 9)
[M::mem_pestat] skip orientation FF as there are not enough pairs
[M::mem_pestat] analyzing insert size distribution for orientation FR...
[M::mem_pestat] (25, 50, 75) percentile: (379, 385, 394)
[M::mem_pestat] low and high boundaries for computing mean and std.dev: (349, 424)
[M::mem_pestat] mean and std.dev: (388.14, 10.65)
[M::mem_pestat] low and high boundaries for proper pairs: (334, 439)
[M::mem_pestat] analyzing insert size distribution for orientation RF...
[M::mem_pestat] (25, 50, 75) percentile: (237, 1106, 2659)
[M::mem_pestat] low and high boundaries for computing mean and std.dev: (1, 7503)
[M::mem_pestat] mean and std.dev: (1467.88, 1674.73)
[M::mem_pestat] low and high boundaries for proper pairs: (1, 9925)
[M::mem_pestat] skip orientation RR as there are not enough pairs
[M::mem_pestat] skip orientation RF
[M::mem_process_seqs] Processed 81276 reads in 5.689 CPU sec, 2.755 real sec
[M::process] read 81322 sequences (20000353 bp)...
[M::mem_pestat] # candidate unique pairs for (FF, FR, RF, RR): (5, 40278, 30, 5)
[M::mem_pestat] skip orientation FF as there are not enough pairs
[M::mem_pestat] analyzing insert size distribution for orientation FR...
[M::mem_pestat] (25, 50, 75) percentile: (380, 385, 394)
[M::mem_pestat] low and high boundaries for computing mean and std.dev: (352, 422)
[M::mem_pestat] mean and std.dev: (388.08, 10.52)
[M::mem_pestat] low and high boundaries for proper pairs: (338, 436)
[M::mem_pestat] analyzing insert size distribution for orientation RF...
[M::mem_pestat] (25, 50, 75) percentile: (467, 931, 1989)
[M::mem_pestat] low and high boundaries for computing mean and std.dev: (1, 5033)
[M::mem_pestat] mean and std.dev: (1185.64, 848.66)
[M::mem_pestat] low and high boundaries for proper pairs: (1, 6555)
[M::mem_pestat] skip orientation RR as there are not enough pairs
[M::mem_pestat] skip orientation RF
[M::mem_process_seqs] Processed 81322 reads in 5.364 CPU sec, 2.593 real sec
[M::process] read 81278 sequences (20000272 bp)...
[M::mem_pestat] # candidate unique pairs for (FF, FR, RF, RR): (10, 40250, 31, 3)
[M::mem_pestat] analyzing insert size distribution for orientation FF...
[M::mem_pestat] (25, 50, 75) percentile: (1199, 3784, 5482)
[M::mem_pestat] low and high boundaries for computing mean and std.dev: (1, 14048)
[M::mem_pestat] mean and std.dev: (3636.20, 2455.39)
[M::mem_pestat] low and high boundaries for proper pairs: (1, 18331)
[M::mem_pestat] analyzing insert size distribution for orientation FR...
[M::mem_pestat] (25, 50, 75) percentile: (380, 385, 394)
[M::mem_pestat] low and high boundaries for computing mean and std.dev: (352, 422)
[M::mem_pestat] mean and std.dev: (388.21, 10.48)
[M::mem_pestat] low and high boundaries for proper pairs: (338, 436)
[M::mem_pestat] analyzing insert size distribution for orientation RF...
[M::mem_pestat] (25, 50, 75) percentile: (238, 752, 1805)
[M::mem_pestat] low and high boundaries for computing mean and std.dev: (1, 4939)
[M::mem_pestat] mean and std.dev: (1045.21, 1127.74)
[M::mem_pestat] low and high boundaries for proper pairs: (1, 6506)
[M::mem_pestat] skip orientation RR as there are not enough pairs
[M::mem_pestat] skip orientation FF
[M::mem_pestat] skip orientation RF
[M::mem_process_seqs] Processed 81278 reads in 4.960 CPU sec, 2.441 real sec
[M::process] read 81230 sequences (20000310 bp)...
[M::mem_pestat] # candidate unique pairs for (FF, FR, RF, RR): (1, 40215, 36, 9)
[M::mem_pestat] skip orientation FF as there are not enough pairs
[M::mem_pestat] analyzing insert size distribution for orientation FR...
[M::mem_pestat] (25, 50, 75) percentile: (380, 385, 394)
[M::mem_pestat] low and high boundaries for computing mean and std.dev: (352, 422)
[M::mem_pestat] mean and std.dev: (388.20, 10.56)
[M::mem_pestat] low and high boundaries for proper pairs: (338, 436)
[M::mem_pestat] analyzing insert size distribution for orientation RF...
[M::mem_pestat] (25, 50, 75) percentile: (225, 523, 1492)
[M::mem_pestat] low and high boundaries for computing mean and std.dev: (1, 4026)
[M::mem_pestat] mean and std.dev: (896.97, 940.82)
[M::mem_pestat] low and high boundaries for proper pairs: (1, 5293)
[M::mem_pestat] skip orientation RR as there are not enough pairs
[M::mem_pestat] skip orientation RF
[M::mem_process_seqs] Processed 81230 reads in 5.157 CPU sec, 2.517 real sec
[M::process] read 81234 sequences (20000227 bp)...
[M::mem_pestat] # candidate unique pairs for (FF, FR, RF, RR): (6, 40233, 31, 7)
[M::mem_pestat] skip orientation FF as there are not enough pairs
[M::mem_pestat] analyzing insert size distribution for orientation FR...
[M::mem_pestat] (25, 50, 75) percentile: (380, 385, 394)
[M::mem_pestat] low and high boundaries for computing mean and std.dev: (352, 422)
[M::mem_pestat] mean and std.dev: (388.21, 10.49)
[M::mem_pestat] low and high boundaries for proper pairs: (338, 436)
[M::mem_pestat] analyzing insert size distribution for orientation RF...
[M::mem_pestat] (25, 50, 75) percentile: (225, 610, 2306)
[M::mem_pestat] low and high boundaries for computing mean and std.dev: (1, 6468)
[M::mem_pestat] mean and std.dev: (1009.54, 1016.54)
[M::mem_pestat] low and high boundaries for proper pairs: (1, 8549)
[M::mem_pestat] skip orientation RR as there are not enough pairs
[M::mem_pestat] skip orientation RF
[M::mem_process_seqs] Processed 81234 reads in 5.389 CPU sec, 2.612 real sec
[M::process] read 25808 sequences (6348777 bp)...
[M::mem_pestat] # candidate unique pairs for (FF, FR, RF, RR): (0, 12774, 13, 1)
[M::mem_pestat] skip orientation FF as there are not enough pairs
[M::mem_pestat] analyzing insert size distribution for orientation FR...
[M::mem_pestat] (25, 50, 75) percentile: (379, 385, 393)
[M::mem_pestat] low and high boundaries for computing mean and std.dev: (351, 421)
[M::mem_pestat] mean and std.dev: (387.71, 10.54)
[M::mem_pestat] low and high boundaries for proper pairs: (337, 435)
[M::mem_pestat] analyzing insert size distribution for orientation RF...
[M::mem_pestat] (25, 50, 75) percentile: (231, 878, 2884)
[M::mem_pestat] low and high boundaries for computing mean and std.dev: (1, 8190)
[M::mem_pestat] mean and std.dev: (1664.31, 1793.22)
[M::mem_pestat] low and high boundaries for proper pairs: (1, 10843)
[M::mem_pestat] skip orientation RR as there are not enough pairs
[M::mem_pestat] skip orientation RF
[M::mem_process_seqs] Processed 25808 reads in 1.827 CPU sec, 0.887 real sec
[main] Version: 0.7.17-r1188
[main] CMD: bwa mem -t 2 SC2277/core/viral_reference SC2277/adapter_trimmed/SC2277_R1_val_1_posttrim_filter.fq.gz SC2277/adapter_trimmed/SC2277_R2_val_2_posttrim_filter.fq.gz
[main] Real time: 30.831 sec; CPU: 52.801 sec
[bam_sort_core] merging from 0 files and 2 in-memory blocks...
