[M::bwa_idx_load_from_disk] read 0 ALT contigs
[M::process] read 81862 sequences (20000394 bp)...
[M::process] read 81896 sequences (20000214 bp)...
[M::mem_pestat] # candidate unique pairs for (FF, FR, RF, RR): (7, 39920, 41, 11)
[M::mem_pestat] skip orientation FF as there are not enough pairs
[M::mem_pestat] analyzing insert size distribution for orientation FR...
[M::mem_pestat] (25, 50, 75) percentile: (380, 385, 393)
[M::mem_pestat] low and high boundaries for computing mean and std.dev: (354, 419)
[M::mem_pestat] mean and std.dev: (388.56, 10.38)
[M::mem_pestat] low and high boundaries for proper pairs: (341, 432)
[M::mem_pestat] analyzing insert size distribution for orientation RF...
[M::mem_pestat] (25, 50, 75) percentile: (194, 233, 848)
[M::mem_pestat] low and high boundaries for computing mean and std.dev: (1, 2156)
[M::mem_pestat] mean and std.dev: (354.33, 240.88)
[M::mem_pestat] low and high boundaries for proper pairs: (1, 2810)
[M::mem_pestat] analyzing insert size distribution for orientation RR...
[M::mem_pestat] (25, 50, 75) percentile: (1416, 2057, 2057)
[M::mem_pestat] low and high boundaries for computing mean and std.dev: (134, 3339)
[M::mem_pestat] mean and std.dev: (1648.80, 532.95)
[M::mem_pestat] low and high boundaries for proper pairs: (1, 3980)
[M::mem_pestat] skip orientation RF
[M::mem_pestat] skip orientation RR
[M::mem_process_seqs] Processed 81862 reads in 6.308 CPU sec, 2.998 real sec
[M::mem_pestat] # candidate unique pairs for (FF, FR, RF, RR): (7, 39842, 26, 13)
[M::mem_pestat] skip orientation FF as there are not enough pairs
[M::mem_pestat] analyzing insert size distribution for orientation FR...
[M::mem_pestat] (25, 50, 75) percentile: (380, 385, 393)
[M::mem_pestat] low and high boundaries for computing mean and std.dev: (354, 419)
[M::mem_pestat] mean and std.dev: (388.27, 10.49)
[M::mem_pestat] low and high boundaries for proper pairs: (341, 432)
[M::mem_pestat] analyzing insert size distribution for orientation RF...
[M::mem_pestat] (25, 50, 75) percentile: (189, 848, 3319)
[M::mem_pestat] low and high boundaries for computing mean and std.dev: (1, 9579)
[M::mem_pestat] mean and std.dev: (2399.23, 2934.48)
[M::mem_pestat] low and high boundaries for proper pairs: (1, 14137)
[M::mem_pestat] analyzing insert size distribution for orientation RR...
[M::mem_pestat] (25, 50, 75) percentile: (2057, 2057, 3425)
[M::mem_pestat] low and high boundaries for computing mean and std.dev: (1, 6161)
[M::mem_pestat] mean and std.dev: (2314.25, 1030.88)
[M::mem_pestat] low and high boundaries for proper pairs: (1, 7529)
[M::mem_pestat] skip orientation RF
[M::mem_pestat] skip orientation RR
[M::mem_process_seqs] Processed 81896 reads in 6.236 CPU sec, 3.031 real sec
[M::process] read 81916 sequences (20000005 bp)...
[M::mem_pestat] # candidate unique pairs for (FF, FR, RF, RR): (4, 39920, 40, 13)
[M::mem_pestat] skip orientation FF as there are not enough pairs
[M::mem_pestat] analyzing insert size distribution for orientation FR...
[M::mem_pestat] (25, 50, 75) percentile: (380, 385, 393)
[M::mem_pestat] low and high boundaries for computing mean and std.dev: (354, 419)
[M::mem_pestat] mean and std.dev: (388.36, 10.51)
[M::mem_pestat] low and high boundaries for proper pairs: (341, 432)
[M::mem_pestat] analyzing insert size distribution for orientation RF...
[M::mem_pestat] (25, 50, 75) percentile: (189, 234, 2699)
[M::mem_pestat] low and high boundaries for computing mean and std.dev: (1, 7719)
[M::mem_pestat] mean and std.dev: (1503.88, 1943.17)
[M::mem_pestat] low and high boundaries for proper pairs: (1, 10229)
[M::mem_pestat] analyzing insert size distribution for orientation RR...
[M::mem_pestat] (25, 50, 75) percentile: (896, 2057, 2990)
[M::mem_pestat] low and high boundaries for computing mean and std.dev: (1, 7178)
[M::mem_pestat] mean and std.dev: (1624.27, 811.19)
[M::mem_pestat] low and high boundaries for proper pairs: (1, 9272)
[M::mem_pestat] skip orientation RF
[M::mem_pestat] skip orientation RR
[M::mem_process_seqs] Processed 81916 reads in 6.459 CPU sec, 3.088 real sec
[M::process] read 81802 sequences (20000282 bp)...
[M::mem_pestat] # candidate unique pairs for (FF, FR, RF, RR): (9, 39857, 34, 14)
[M::mem_pestat] skip orientation FF as there are not enough pairs
[M::mem_pestat] analyzing insert size distribution for orientation FR...
[M::mem_pestat] (25, 50, 75) percentile: (380, 385, 393)
[M::mem_pestat] low and high boundaries for computing mean and std.dev: (354, 419)
[M::mem_pestat] mean and std.dev: (388.58, 10.41)
[M::mem_pestat] low and high boundaries for proper pairs: (341, 432)
[M::mem_pestat] analyzing insert size distribution for orientation RF...
[M::mem_pestat] (25, 50, 75) percentile: (223, 352, 1148)
[M::mem_pestat] low and high boundaries for computing mean and std.dev: (1, 2998)
[M::mem_pestat] mean and std.dev: (494.70, 522.78)
[M::mem_pestat] low and high boundaries for proper pairs: (1, 3923)
[M::mem_pestat] analyzing insert size distribution for orientation RR...
[M::mem_pestat] (25, 50, 75) percentile: (2057, 2057, 5066)
[M::mem_pestat] low and high boundaries for computing mean and std.dev: (1, 11084)
[M::mem_pestat] mean and std.dev: (3388.50, 2715.29)
[M::mem_pestat] low and high boundaries for proper pairs: (1, 14250)
[M::mem_pestat] skip orientation RF
[M::mem_pestat] skip orientation RR
[M::mem_process_seqs] Processed 81802 reads in 5.898 CPU sec, 2.850 real sec
[M::process] read 81876 sequences (20000020 bp)...
[M::mem_pestat] # candidate unique pairs for (FF, FR, RF, RR): (4, 39884, 40, 14)
[M::mem_pestat] skip orientation FF as there are not enough pairs
[M::mem_pestat] analyzing insert size distribution for orientation FR...
[M::mem_pestat] (25, 50, 75) percentile: (380, 385, 393)
[M::mem_pestat] low and high boundaries for computing mean and std.dev: (354, 419)
[M::mem_pestat] mean and std.dev: (388.26, 10.49)
[M::mem_pestat] low and high boundaries for proper pairs: (341, 432)
[M::mem_pestat] analyzing insert size distribution for orientation RF...
[M::mem_pestat] (25, 50, 75) percentile: (225, 541, 2703)
[M::mem_pestat] low and high boundaries for computing mean and std.dev: (1, 7659)
[M::mem_pestat] mean and std.dev: (1323.24, 1892.29)
[M::mem_pestat] low and high boundaries for proper pairs: (1, 10137)
[M::mem_pestat] analyzing insert size distribution for orientation RR...
[M::mem_pestat] (25, 50, 75) percentile: (1587, 2057, 2057)
[M::mem_pestat] low and high boundaries for computing mean and std.dev: (647, 2997)
[M::mem_pestat] mean and std.dev: (1981.10, 500.76)
[M::mem_pestat] low and high boundaries for proper pairs: (1, 3984)
[M::mem_pestat] skip orientation RF
[M::mem_pestat] skip orientation RR
[M::mem_process_seqs] Processed 81876 reads in 6.431 CPU sec, 3.047 real sec
[M::process] read 81712 sequences (20000314 bp)...
[M::mem_pestat] # candidate unique pairs for (FF, FR, RF, RR): (9, 39841, 37, 10)
[M::mem_pestat] skip orientation FF as there are not enough pairs
[M::mem_pestat] analyzing insert size distribution for orientation FR...
[M::mem_pestat] (25, 50, 75) percentile: (380, 385, 393)
[M::mem_pestat] low and high boundaries for computing mean and std.dev: (354, 419)
[M::mem_pestat] mean and std.dev: (388.62, 10.39)
[M::mem_pestat] low and high boundaries for proper pairs: (341, 432)
[M::mem_pestat] analyzing insert size distribution for orientation RF...
[M::mem_pestat] (25, 50, 75) percentile: (225, 752, 3319)
[M::mem_pestat] low and high boundaries for computing mean and std.dev: (1, 9507)
[M::mem_pestat] mean and std.dev: (1835.49, 1977.05)
[M::mem_pestat] low and high boundaries for proper pairs: (1, 12601)
[M::mem_pestat] analyzing insert size distribution for orientation RR...
[M::mem_pestat] (25, 50, 75) percentile: (2057, 2057, 4296)
[M::mem_pestat] low and high boundaries for computing mean and std.dev: (1, 8774)
[M::mem_pestat] mean and std.dev: (2743.80, 1525.56)
[M::mem_pestat] low and high boundaries for proper pairs: (1, 11013)
[M::mem_pestat] skip orientation RF
[M::mem_pestat] skip orientation RR
[M::mem_process_seqs] Processed 81712 reads in 5.805 CPU sec, 2.806 real sec
[M::process] read 81676 sequences (20000103 bp)...
[M::mem_pestat] # candidate unique pairs for (FF, FR, RF, RR): (4, 39842, 31, 15)
[M::mem_pestat] skip orientation FF as there are not enough pairs
[M::mem_pestat] analyzing insert size distribution for orientation FR...
[M::mem_pestat] (25, 50, 75) percentile: (380, 385, 393)
[M::mem_pestat] low and high boundaries for computing mean and std.dev: (354, 419)
[M::mem_pestat] mean and std.dev: (388.06, 10.54)
[M::mem_pestat] low and high boundaries for proper pairs: (341, 432)
[M::mem_pestat] analyzing insert size distribution for orientation RF...
[M::mem_pestat] (25, 50, 75) percentile: (189, 225, 1427)
[M::mem_pestat] low and high boundaries for computing mean and std.dev: (1, 3903)
[M::mem_pestat] mean and std.dev: (470.26, 450.83)
[M::mem_pestat] low and high boundaries for proper pairs: (1, 5141)
[M::mem_pestat] analyzing insert size distribution for orientation RR...
[M::mem_pestat] (25, 50, 75) percentile: (1280, 2057, 4167)
[M::mem_pestat] low and high boundaries for computing mean and std.dev: (1, 9941)
[M::mem_pestat] mean and std.dev: (2882.67, 2721.78)
[M::mem_pestat] low and high boundaries for proper pairs: (1, 13770)
[M::mem_pestat] skip orientation RF
[M::mem_pestat] skip orientation RR
[M::mem_process_seqs] Processed 81676 reads in 6.198 CPU sec, 2.896 real sec
[M::process] read 81726 sequences (20000340 bp)...
[M::mem_pestat] # candidate unique pairs for (FF, FR, RF, RR): (10, 39763, 31, 12)
[M::mem_pestat] analyzing insert size distribution for orientation FF...
[M::mem_pestat] (25, 50, 75) percentile: (694, 1884, 4012)
[M::mem_pestat] low and high boundaries for computing mean and std.dev: (1, 10648)
[M::mem_pestat] mean and std.dev: (2485.80, 1984.63)
[M::mem_pestat] low and high boundaries for proper pairs: (1, 13966)
[M::mem_pestat] analyzing insert size distribution for orientation FR...
[M::mem_pestat] (25, 50, 75) percentile: (380, 385, 393)
[M::mem_pestat] low and high boundaries for computing mean and std.dev: (354, 419)
[M::mem_pestat] mean and std.dev: (388.25, 10.51)
[M::mem_pestat] low and high boundaries for proper pairs: (341, 432)
[M::mem_pestat] analyzing insert size distribution for orientation RF...
[M::mem_pestat] (25, 50, 75) percentile: (190, 229, 829)
[M::mem_pestat] low and high boundaries for computing mean and std.dev: (1, 2107)
[M::mem_pestat] mean and std.dev: (319.84, 218.71)
[M::mem_pestat] low and high boundaries for proper pairs: (1, 2746)
[M::mem_pestat] analyzing insert size distribution for orientation RR...
[M::mem_pestat] (25, 50, 75) percentile: (2057, 2057, 7041)
[M::mem_pestat] low and high boundaries for computing mean and std.dev: (1, 17009)
[M::mem_pestat] mean and std.dev: (3486.25, 2612.22)
[M::mem_pestat] low and high boundaries for proper pairs: (1, 21993)
[M::mem_pestat] skip orientation FF
[M::mem_pestat] skip orientation RF
[M::mem_pestat] skip orientation RR
[M::mem_process_seqs] Processed 81726 reads in 6.730 CPU sec, 3.164 real sec
[M::process] read 81616 sequences (20000499 bp)...
[M::mem_pestat] # candidate unique pairs for (FF, FR, RF, RR): (5, 39791, 34, 17)
[M::mem_pestat] skip orientation FF as there are not enough pairs
[M::mem_pestat] analyzing insert size distribution for orientation FR...
[M::mem_pestat] (25, 50, 75) percentile: (380, 385, 393)
[M::mem_pestat] low and high boundaries for computing mean and std.dev: (354, 419)
[M::mem_pestat] mean and std.dev: (388.41, 10.44)
[M::mem_pestat] low and high boundaries for proper pairs: (341, 432)
[M::mem_pestat] analyzing insert size distribution for orientation RF...
[M::mem_pestat] (25, 50, 75) percentile: (224, 814, 3319)
[M::mem_pestat] low and high boundaries for computing mean and std.dev: (1, 9509)
[M::mem_pestat] mean and std.dev: (2068.12, 2671.85)
[M::mem_pestat] low and high boundaries for proper pairs: (1, 12756)
[M::mem_pestat] analyzing insert size distribution for orientation RR...
[M::mem_pestat] (25, 50, 75) percentile: (1826, 2057, 2057)
[M::mem_pestat] low and high boundaries for computing mean and std.dev: (1364, 2519)
[M::mem_pestat] mean and std.dev: (1958.92, 187.61)
[M::mem_pestat] low and high boundaries for proper pairs: (1133, 2750)
[M::mem_pestat] skip orientation RF
[M::mem_pestat] skip orientation RR
[M::mem_process_seqs] Processed 81616 reads in 6.320 CPU sec, 3.026 real sec
[M::process] read 81796 sequences (20000193 bp)...
[M::mem_pestat] # candidate unique pairs for (FF, FR, RF, RR): (18, 39911, 28, 15)
[M::mem_pestat] analyzing insert size distribution for orientation FF...
[M::mem_pestat] (25, 50, 75) percentile: (1835, 4539, 7890)
[M::mem_pestat] low and high boundaries for computing mean and std.dev: (1, 20000)
[M::mem_pestat] mean and std.dev: (4831.67, 3191.30)
[M::mem_pestat] low and high boundaries for proper pairs: (1, 26055)
[M::mem_pestat] analyzing insert size distribution for orientation FR...
[M::mem_pestat] (25, 50, 75) percentile: (380, 385, 393)
[M::mem_pestat] low and high boundaries for computing mean and std.dev: (354, 419)
[M::mem_pestat] mean and std.dev: (388.22, 10.51)
[M::mem_pestat] low and high boundaries for proper pairs: (341, 432)
[M::mem_pestat] analyzing insert size distribution for orientation RF...
[M::mem_pestat] (25, 50, 75) percentile: (211, 233, 848)
[M::mem_pestat] low and high boundaries for computing mean and std.dev: (1, 2122)
[M::mem_pestat] mean and std.dev: (375.74, 277.45)
[M::mem_pestat] low and high boundaries for proper pairs: (1, 2759)
[M::mem_pestat] analyzing insert size distribution for orientation RR...
[M::mem_pestat] (25, 50, 75) percentile: (843, 2057, 2057)
[M::mem_pestat] low and high boundaries for computing mean and std.dev: (1, 4485)
[M::mem_pestat] mean and std.dev: (1603.07, 955.98)
[M::mem_pestat] low and high boundaries for proper pairs: (1, 5699)
[M::mem_pestat] skip orientation FF
[M::mem_pestat] skip orientation RF
[M::mem_pestat] skip orientation RR
[M::mem_process_seqs] Processed 81796 reads in 6.557 CPU sec, 3.070 real sec
[M::process] read 81858 sequences (20000361 bp)...
[M::mem_pestat] # candidate unique pairs for (FF, FR, RF, RR): (4, 39874, 38, 16)
[M::mem_pestat] skip orientation FF as there are not enough pairs
[M::mem_pestat] analyzing insert size distribution for orientation FR...
[M::mem_pestat] (25, 50, 75) percentile: (380, 385, 393)
[M::mem_pestat] low and high boundaries for computing mean and std.dev: (354, 419)
[M::mem_pestat] mean and std.dev: (388.57, 10.47)
[M::mem_pestat] low and high boundaries for proper pairs: (341, 432)
[M::mem_pestat] analyzing insert size distribution for orientation RF...
[M::mem_pestat] (25, 50, 75) percentile: (218, 815, 1052)
[M::mem_pestat] low and high boundaries for computing mean and std.dev: (1, 2720)
[M::mem_pestat] mean and std.dev: (656.47, 660.79)
[M::mem_pestat] low and high boundaries for proper pairs: (1, 3554)
[M::mem_pestat] analyzing insert size distribution for orientation RR...
[M::mem_pestat] (25, 50, 75) percentile: (2057, 2057, 2057)
[M::mem_pestat] low and high boundaries for computing mean and std.dev: (2057, 2057)
[M::mem_pestat] mean and std.dev: (2057.00, 0.00)
[M::mem_pestat] low and high boundaries for proper pairs: (2057, 2057)
[M::mem_pestat] skip orientation RF
[M::mem_pestat] skip orientation RR
[M::mem_process_seqs] Processed 81858 reads in 6.161 CPU sec, 2.978 real sec
[M::process] read 81858 sequences (20000080 bp)...
[M::mem_pestat] # candidate unique pairs for (FF, FR, RF, RR): (8, 39860, 39, 12)
[M::mem_pestat] skip orientation FF as there are not enough pairs
[M::mem_pestat] analyzing insert size distribution for orientation FR...
[M::mem_pestat] (25, 50, 75) percentile: (379, 384, 393)
[M::mem_pestat] low and high boundaries for computing mean and std.dev: (351, 421)
[M::mem_pestat] mean and std.dev: (387.80, 10.64)
[M::mem_pestat] low and high boundaries for proper pairs: (337, 435)
[M::mem_pestat] analyzing insert size distribution for orientation RF...
[M::mem_pestat] (25, 50, 75) percentile: (189, 233, 1758)
[M::mem_pestat] low and high boundaries for computing mean and std.dev: (1, 4896)
[M::mem_pestat] mean and std.dev: (895.58, 1249.47)
[M::mem_pestat] low and high boundaries for proper pairs: (1, 6465)
[M::mem_pestat] analyzing insert size distribution for orientation RR...
[M::mem_pestat] (25, 50, 75) percentile: (843, 1884, 2990)
[M::mem_pestat] low and high boundaries for computing mean and std.dev: (1, 7284)
[M::mem_pestat] mean and std.dev: (1492.50, 855.96)
[M::mem_pestat] low and high boundaries for proper pairs: (1, 9431)
[M::mem_pestat] skip orientation RF
[M::mem_pestat] skip orientation RR
[M::mem_process_seqs] Processed 81858 reads in 6.495 CPU sec, 3.065 real sec
[M::process] read 81804 sequences (20000345 bp)...
[M::mem_pestat] # candidate unique pairs for (FF, FR, RF, RR): (7, 39900, 32, 9)
[M::mem_pestat] skip orientation FF as there are not enough pairs
[M::mem_pestat] analyzing insert size distribution for orientation FR...
[M::mem_pestat] (25, 50, 75) percentile: (380, 385, 393)
[M::mem_pestat] low and high boundaries for computing mean and std.dev: (354, 419)
[M::mem_pestat] mean and std.dev: (388.65, 10.40)
[M::mem_pestat] low and high boundaries for proper pairs: (341, 432)
[M::mem_pestat] analyzing insert size distribution for orientation RF...
[M::mem_pestat] (25, 50, 75) percentile: (215, 241, 2023)
[M::mem_pestat] low and high boundaries for computing mean and std.dev: (1, 5639)
[M::mem_pestat] mean and std.dev: (916.20, 1030.54)
[M::mem_pestat] low and high boundaries for proper pairs: (1, 7447)
[M::mem_pestat] skip orientation RR as there are not enough pairs
[M::mem_pestat] skip orientation RF
[M::mem_process_seqs] Processed 81804 reads in 5.892 CPU sec, 2.885 real sec
[M::process] read 81816 sequences (20000019 bp)...
[M::mem_pestat] # candidate unique pairs for (FF, FR, RF, RR): (7, 39896, 37, 12)
[M::mem_pestat] skip orientation FF as there are not enough pairs
[M::mem_pestat] analyzing insert size distribution for orientation FR...
[M::mem_pestat] (25, 50, 75) percentile: (380, 385, 393)
[M::mem_pestat] low and high boundaries for computing mean and std.dev: (354, 419)
[M::mem_pestat] mean and std.dev: (388.42, 10.46)
[M::mem_pestat] low and high boundaries for proper pairs: (341, 432)
[M::mem_pestat] analyzing insert size distribution for orientation RF...
[M::mem_pestat] (25, 50, 75) percentile: (220, 852, 2897)
[M::mem_pestat] low and high boundaries for computing mean and std.dev: (1, 8251)
[M::mem_pestat] mean and std.dev: (1908.51, 2177.05)
[M::mem_pestat] low and high boundaries for proper pairs: (1, 10928)
[M::mem_pestat] analyzing insert size distribution for orientation RR...
[M::mem_pestat] (25, 50, 75) percentile: (1834, 2057, 3108)
[M::mem_pestat] low and high boundaries for computing mean and std.dev: (1, 5656)
[M::mem_pestat] mean and std.dev: (2093.27, 1315.96)
[M::mem_pestat] low and high boundaries for proper pairs: (1, 7357)
[M::mem_pestat] skip orientation RF
[M::mem_pestat] skip orientation RR
[M::mem_process_seqs] Processed 81816 reads in 5.781 CPU sec, 2.831 real sec
[M::process] read 81768 sequences (20000058 bp)...
[M::mem_pestat] # candidate unique pairs for (FF, FR, RF, RR): (9, 39878, 31, 12)
[M::mem_pestat] skip orientation FF as there are not enough pairs
[M::mem_pestat] analyzing insert size distribution for orientation FR...
[M::mem_pestat] (25, 50, 75) percentile: (380, 385, 393)
[M::mem_pestat] low and high boundaries for computing mean and std.dev: (354, 419)
[M::mem_pestat] mean and std.dev: (388.33, 10.45)
[M::mem_pestat] low and high boundaries for proper pairs: (341, 432)
[M::mem_pestat] analyzing insert size distribution for orientation RF...
[M::mem_pestat] (25, 50, 75) percentile: (228, 241, 2699)
[M::mem_pestat] low and high boundaries for computing mean and std.dev: (1, 7641)
[M::mem_pestat] mean and std.dev: (1736.83, 2204.38)
[M::mem_pestat] low and high boundaries for proper pairs: (1, 10554)
[M::mem_pestat] analyzing insert size distribution for orientation RR...
[M::mem_pestat] (25, 50, 75) percentile: (2057, 2057, 7891)
[M::mem_pestat] low and high boundaries for computing mean and std.dev: (1, 19559)
[M::mem_pestat] mean and std.dev: (4440.50, 3154.13)
[M::mem_pestat] low and high boundaries for proper pairs: (1, 25393)
[M::mem_pestat] skip orientation RF
[M::mem_pestat] skip orientation RR
[M::mem_process_seqs] Processed 81768 reads in 6.567 CPU sec, 3.080 real sec
[M::process] read 81702 sequences (20000498 bp)...
[M::mem_pestat] # candidate unique pairs for (FF, FR, RF, RR): (5, 39844, 31, 11)
[M::mem_pestat] skip orientation FF as there are not enough pairs
[M::mem_pestat] analyzing insert size distribution for orientation FR...
[M::mem_pestat] (25, 50, 75) percentile: (380, 385, 393)
[M::mem_pestat] low and high boundaries for computing mean and std.dev: (354, 419)
[M::mem_pestat] mean and std.dev: (388.53, 10.40)
[M::mem_pestat] low and high boundaries for proper pairs: (341, 432)
[M::mem_pestat] analyzing insert size distribution for orientation RF...
[M::mem_pestat] (25, 50, 75) percentile: (223, 229, 752)
[M::mem_pestat] low and high boundaries for computing mean and std.dev: (1, 1810)
[M::mem_pestat] mean and std.dev: (304.85, 210.07)
[M::mem_pestat] low and high boundaries for proper pairs: (1, 2339)
[M::mem_pestat] analyzing insert size distribution for orientation RR...
[M::mem_pestat] (25, 50, 75) percentile: (2057, 2057, 2419)
[M::mem_pestat] low and high boundaries for computing mean and std.dev: (1333, 3143)
[M::mem_pestat] mean and std.dev: (2022.12, 257.92)
[M::mem_pestat] low and high boundaries for proper pairs: (971, 3505)
[M::mem_pestat] skip orientation RF
[M::mem_pestat] skip orientation RR
[M::mem_process_seqs] Processed 81702 reads in 5.993 CPU sec, 2.933 real sec
[M::process] read 81774 sequences (20000149 bp)...
[M::mem_pestat] # candidate unique pairs for (FF, FR, RF, RR): (3, 39886, 42, 12)
[M::mem_pestat] skip orientation FF as there are not enough pairs
[M::mem_pestat] analyzing insert size distribution for orientation FR...
[M::mem_pestat] (25, 50, 75) percentile: (380, 385, 393)
[M::mem_pestat] low and high boundaries for computing mean and std.dev: (354, 419)
[M::mem_pestat] mean and std.dev: (388.34, 10.47)
[M::mem_pestat] low and high boundaries for proper pairs: (341, 432)
[M::mem_pestat] analyzing insert size distribution for orientation RF...
[M::mem_pestat] (25, 50, 75) percentile: (189, 230, 1097)
[M::mem_pestat] low and high boundaries for computing mean and std.dev: (1, 2913)
[M::mem_pestat] mean and std.dev: (573.81, 672.27)
[M::mem_pestat] low and high boundaries for proper pairs: (1, 3821)
[M::mem_pestat] analyzing insert size distribution for orientation RR...
[M::mem_pestat] (25, 50, 75) percentile: (2057, 2057, 6367)
[M::mem_pestat] low and high boundaries for computing mean and std.dev: (1, 14987)
[M::mem_pestat] mean and std.dev: (3469.83, 2760.21)
[M::mem_pestat] low and high boundaries for proper pairs: (1, 19297)
[M::mem_pestat] skip orientation RF
[M::mem_pestat] skip orientation RR
[M::mem_process_seqs] Processed 81774 reads in 6.271 CPU sec, 2.950 real sec
[M::process] read 81712 sequences (20000059 bp)...
[M::mem_pestat] # candidate unique pairs for (FF, FR, RF, RR): (12, 39849, 27, 15)
[M::mem_pestat] analyzing insert size distribution for orientation FF...
[M::mem_pestat] (25, 50, 75) percentile: (1911, 2482, 6512)
[M::mem_pestat] low and high boundaries for computing mean and std.dev: (1, 15714)
[M::mem_pestat] mean and std.dev: (3668.25, 2707.71)
[M::mem_pestat] low and high boundaries for proper pairs: (1, 20315)
[M::mem_pestat] analyzing insert size distribution for orientation FR...
[M::mem_pestat] (25, 50, 75) percentile: (380, 386, 393)
[M::mem_pestat] low and high boundaries for computing mean and std.dev: (354, 419)
[M::mem_pestat] mean and std.dev: (388.71, 10.47)
[M::mem_pestat] low and high boundaries for proper pairs: (341, 432)
[M::mem_pestat] analyzing insert size distribution for orientation RF...
[M::mem_pestat] (25, 50, 75) percentile: (218, 527, 3319)
[M::mem_pestat] low and high boundaries for computing mean and std.dev: (1, 9521)
[M::mem_pestat] mean and std.dev: (2088.59, 2561.74)
[M::mem_pestat] low and high boundaries for proper pairs: (1, 12622)
[M::mem_pestat] analyzing insert size distribution for orientation RR...
[M::mem_pestat] (25, 50, 75) percentile: (2057, 2057, 3397)
[M::mem_pestat] low and high boundaries for computing mean and std.dev: (1, 6077)
[M::mem_pestat] mean and std.dev: (2137.00, 1130.69)
[M::mem_pestat] low and high boundaries for proper pairs: (1, 7417)
[M::mem_pestat] skip orientation FF
[M::mem_pestat] skip orientation RF
[M::mem_pestat] skip orientation RR
[M::mem_process_seqs] Processed 81712 reads in 5.794 CPU sec, 2.842 real sec
[M::process] read 81680 sequences (20000443 bp)...
[M::mem_pestat] # candidate unique pairs for (FF, FR, RF, RR): (4, 39844, 39, 15)
[M::mem_pestat] skip orientation FF as there are not enough pairs
[M::mem_pestat] analyzing insert size distribution for orientation FR...
[M::mem_pestat] (25, 50, 75) percentile: (380, 385, 393)
[M::mem_pestat] low and high boundaries for computing mean and std.dev: (354, 419)
[M::mem_pestat] mean and std.dev: (388.37, 10.44)
[M::mem_pestat] low and high boundaries for proper pairs: (341, 432)
[M::mem_pestat] analyzing insert size distribution for orientation RF...
[M::mem_pestat] (25, 50, 75) percentile: (229, 817, 2699)
[M::mem_pestat] low and high boundaries for computing mean and std.dev: (1, 7639)
[M::mem_pestat] mean and std.dev: (1804.26, 2087.22)
[M::mem_pestat] low and high boundaries for proper pairs: (1, 10153)
[M::mem_pestat] analyzing insert size distribution for orientation RR...
[M::mem_pestat] (25, 50, 75) percentile: (1269, 2057, 3818)
[M::mem_pestat] low and high boundaries for computing mean and std.dev: (1, 8916)
[M::mem_pestat] mean and std.dev: (2555.20, 2136.62)
[M::mem_pestat] low and high boundaries for proper pairs: (1, 11465)
[M::mem_pestat] skip orientation RF
[M::mem_pestat] skip orientation RR
[M::process] read 13672 sequences (3349550 bp)...
[M::mem_process_seqs] Processed 81680 reads in 6.211 CPU sec, 3.003 real sec
[M::mem_pestat] # candidate unique pairs for (FF, FR, RF, RR): (0, 6661, 7, 4)
[M::mem_pestat] skip orientation FF as there are not enough pairs
[M::mem_pestat] analyzing insert size distribution for orientation FR...
[M::mem_pestat] (25, 50, 75) percentile: (379, 384, 393)
[M::mem_pestat] low and high boundaries for computing mean and std.dev: (351, 421)
[M::mem_pestat] mean and std.dev: (387.62, 10.58)
[M::mem_pestat] low and high boundaries for proper pairs: (337, 435)
[M::mem_pestat] skip orientation RF as there are not enough pairs
[M::mem_pestat] skip orientation RR as there are not enough pairs
[M::mem_process_seqs] Processed 13672 reads in 1.207 CPU sec, 0.585 real sec
[main] Version: 0.7.17-r1188
[main] CMD: bwa mem -t 2 SC2298/core/viral_reference SC2298/adapter_trimmed/SC2298_R1_val_1_posttrim_filter.fq.gz SC2298/adapter_trimmed/SC2298_R2_val_2_posttrim_filter.fq.gz
[main] Real time: 65.029 sec; CPU: 123.745 sec
[bam_sort_core] merging from 0 files and 2 in-memory blocks...
