[M::bwa_idx_load_from_disk] read 0 ALT contigs
[M::process] read 79682 sequences (20000182 bp)...
[M::process] read 79682 sequences (20000182 bp)...
[M::mem_pestat] # candidate unique pairs for (FF, FR, RF, RR): (7, 39368, 59, 6)
[M::mem_pestat] skip orientation FF as there are not enough pairs
[M::mem_pestat] analyzing insert size distribution for orientation FR...
[M::mem_pestat] (25, 50, 75) percentile: (380, 386, 395)
[M::mem_pestat] low and high boundaries for computing mean and std.dev: (350, 425)
[M::mem_pestat] mean and std.dev: (388.26, 10.42)
[M::mem_pestat] low and high boundaries for proper pairs: (335, 440)
[M::mem_pestat] analyzing insert size distribution for orientation RF...
[M::mem_pestat] (25, 50, 75) percentile: (224, 611, 1665)
[M::mem_pestat] low and high boundaries for computing mean and std.dev: (1, 4547)
[M::mem_pestat] mean and std.dev: (805.69, 929.45)
[M::mem_pestat] low and high boundaries for proper pairs: (1, 5988)
[M::mem_pestat] skip orientation RR as there are not enough pairs
[M::mem_pestat] skip orientation RF
[M::mem_process_seqs] Processed 79682 reads in 21.076 CPU sec, 12.488 real sec
[M::process] read 79682 sequences (20000182 bp)...
[M::mem_pestat] # candidate unique pairs for (FF, FR, RF, RR): (4, 39343, 51, 7)
[M::mem_pestat] skip orientation FF as there are not enough pairs
[M::mem_pestat] analyzing insert size distribution for orientation FR...
[M::mem_pestat] (25, 50, 75) percentile: (380, 386, 394)
[M::mem_pestat] low and high boundaries for computing mean and std.dev: (352, 422)
[M::mem_pestat] mean and std.dev: (387.84, 10.35)
[M::mem_pestat] low and high boundaries for proper pairs: (338, 436)
[M::mem_pestat] analyzing insert size distribution for orientation RF...
[M::mem_pestat] (25, 50, 75) percentile: (227, 855, 1849)
[M::mem_pestat] low and high boundaries for computing mean and std.dev: (1, 5093)
[M::mem_pestat] mean and std.dev: (1087.98, 1156.12)
[M::mem_pestat] low and high boundaries for proper pairs: (1, 6715)
[M::mem_pestat] skip orientation RR as there are not enough pairs
[M::mem_pestat] skip orientation RF
[M::mem_process_seqs] Processed 79682 reads in 18.534 CPU sec, 9.055 real sec
[M::process] read 79682 sequences (20000182 bp)...
[M::mem_pestat] # candidate unique pairs for (FF, FR, RF, RR): (8, 39330, 57, 12)
[M::mem_pestat] skip orientation FF as there are not enough pairs
[M::mem_pestat] analyzing insert size distribution for orientation FR...
[M::mem_pestat] (25, 50, 75) percentile: (380, 386, 395)
[M::mem_pestat] low and high boundaries for computing mean and std.dev: (350, 425)
[M::mem_pestat] mean and std.dev: (388.16, 10.46)
[M::mem_pestat] low and high boundaries for proper pairs: (335, 440)
[M::mem_pestat] analyzing insert size distribution for orientation RF...
[M::mem_pestat] (25, 50, 75) percentile: (224, 251, 857)
[M::mem_pestat] low and high boundaries for computing mean and std.dev: (1, 2123)
[M::mem_pestat] mean and std.dev: (458.67, 375.10)
[M::mem_pestat] low and high boundaries for proper pairs: (1, 2756)
[M::mem_pestat] analyzing insert size distribution for orientation RR...
[M::mem_pestat] (25, 50, 75) percentile: (586, 906, 5284)
[M::mem_pestat] low and high boundaries for computing mean and std.dev: (1, 14680)
[M::mem_pestat] mean and std.dev: (2474.92, 2971.66)
[M::mem_pestat] low and high boundaries for proper pairs: (1, 19378)
[M::mem_pestat] skip orientation RF
[M::mem_pestat] skip orientation RR
[M::mem_process_seqs] Processed 79682 reads in 18.670 CPU sec, 9.120 real sec
[M::process] read 79682 sequences (20000182 bp)...
[M::mem_pestat] # candidate unique pairs for (FF, FR, RF, RR): (4, 39289, 49, 9)
[M::mem_pestat] skip orientation FF as there are not enough pairs
[M::mem_pestat] analyzing insert size distribution for orientation FR...
[M::mem_pestat] (25, 50, 75) percentile: (380, 386, 395)
[M::mem_pestat] low and high boundaries for computing mean and std.dev: (350, 425)
[M::mem_pestat] mean and std.dev: (388.10, 10.45)
[M::mem_pestat] low and high boundaries for proper pairs: (335, 440)
[M::mem_pestat] analyzing insert size distribution for orientation RF...
[M::mem_pestat] (25, 50, 75) percentile: (212, 358, 880)
[M::mem_pestat] low and high boundaries for computing mean and std.dev: (1, 2216)
[M::mem_pestat] mean and std.dev: (560.11, 472.21)
[M::mem_pestat] low and high boundaries for proper pairs: (1, 2884)
[M::mem_pestat] skip orientation RR as there are not enough pairs
[M::mem_pestat] skip orientation RF
[M::mem_process_seqs] Processed 79682 reads in 18.521 CPU sec, 9.048 real sec
[M::process] read 79682 sequences (20000182 bp)...
[M::mem_pestat] # candidate unique pairs for (FF, FR, RF, RR): (7, 39318, 48, 7)
[M::mem_pestat] skip orientation FF as there are not enough pairs
[M::mem_pestat] analyzing insert size distribution for orientation FR...
[M::mem_pestat] (25, 50, 75) percentile: (380, 386, 395)
[M::mem_pestat] low and high boundaries for computing mean and std.dev: (350, 425)
[M::mem_pestat] mean and std.dev: (387.99, 10.47)
[M::mem_pestat] low and high boundaries for proper pairs: (335, 440)
[M::mem_pestat] analyzing insert size distribution for orientation RF...
[M::mem_pestat] (25, 50, 75) percentile: (224, 252, 1138)
[M::mem_pestat] low and high boundaries for computing mean and std.dev: (1, 2966)
[M::mem_pestat] mean and std.dev: (693.64, 754.58)
[M::mem_pestat] low and high boundaries for proper pairs: (1, 3880)
[M::mem_pestat] skip orientation RR as there are not enough pairs
[M::mem_pestat] skip orientation RF
[M::mem_process_seqs] Processed 79682 reads in 18.253 CPU sec, 8.919 real sec
[M::process] read 79682 sequences (20000182 bp)...
[M::mem_pestat] # candidate unique pairs for (FF, FR, RF, RR): (7, 39331, 51, 7)
[M::mem_pestat] skip orientation FF as there are not enough pairs
[M::mem_pestat] analyzing insert size distribution for orientation FR...
[M::mem_pestat] (25, 50, 75) percentile: (380, 386, 395)
[M::mem_pestat] low and high boundaries for computing mean and std.dev: (350, 425)
[M::mem_pestat] mean and std.dev: (388.14, 10.37)
[M::mem_pestat] low and high boundaries for proper pairs: (335, 440)
[M::mem_pestat] analyzing insert size distribution for orientation RF...
[M::mem_pestat] (25, 50, 75) percentile: (246, 746, 1574)
[M::mem_pestat] low and high boundaries for computing mean and std.dev: (1, 4230)
[M::mem_pestat] mean and std.dev: (876.59, 859.61)
[M::mem_pestat] low and high boundaries for proper pairs: (1, 5558)
[M::mem_pestat] skip orientation RR as there are not enough pairs
[M::mem_pestat] skip orientation RF
[M::mem_process_seqs] Processed 79682 reads in 17.877 CPU sec, 8.713 real sec
[M::process] read 79682 sequences (20000182 bp)...
[M::mem_pestat] # candidate unique pairs for (FF, FR, RF, RR): (2, 39307, 65, 9)
[M::mem_pestat] skip orientation FF as there are not enough pairs
[M::mem_pestat] analyzing insert size distribution for orientation FR...
[M::mem_pestat] (25, 50, 75) percentile: (379, 385, 394)
[M::mem_pestat] low and high boundaries for computing mean and std.dev: (349, 424)
[M::mem_pestat] mean and std.dev: (387.46, 10.63)
[M::mem_pestat] low and high boundaries for proper pairs: (334, 439)
[M::mem_pestat] analyzing insert size distribution for orientation RF...
[M::mem_pestat] (25, 50, 75) percentile: (224, 610, 2300)
[M::mem_pestat] low and high boundaries for computing mean and std.dev: (1, 6452)
[M::mem_pestat] mean and std.dev: (1086.15, 1241.21)
[M::mem_pestat] low and high boundaries for proper pairs: (1, 8528)
[M::mem_pestat] skip orientation RR as there are not enough pairs
[M::mem_pestat] skip orientation RF
[M::mem_process_seqs] Processed 79682 reads in 19.550 CPU sec, 9.560 real sec
[M::process] read 79682 sequences (20000182 bp)...
[M::mem_pestat] # candidate unique pairs for (FF, FR, RF, RR): (8, 39261, 46, 10)
[M::mem_pestat] skip orientation FF as there are not enough pairs
[M::mem_pestat] analyzing insert size distribution for orientation FR...
[M::mem_pestat] (25, 50, 75) percentile: (380, 386, 395)
[M::mem_pestat] low and high boundaries for computing mean and std.dev: (350, 425)
[M::mem_pestat] mean and std.dev: (388.23, 10.39)
[M::mem_pestat] low and high boundaries for proper pairs: (335, 440)
[M::mem_pestat] analyzing insert size distribution for orientation RF...
[M::mem_pestat] (25, 50, 75) percentile: (227, 611, 2313)
[M::mem_pestat] low and high boundaries for computing mean and std.dev: (1, 6485)
[M::mem_pestat] mean and std.dev: (1025.32, 1288.65)
[M::mem_pestat] low and high boundaries for proper pairs: (1, 8571)
[M::mem_pestat] analyzing insert size distribution for orientation RR...
[M::mem_pestat] (25, 50, 75) percentile: (261, 2073, 3958)
[M::mem_pestat] low and high boundaries for computing mean and std.dev: (1, 11352)
[M::mem_pestat] mean and std.dev: (2184.20, 1988.89)
[M::mem_pestat] low and high boundaries for proper pairs: (1, 15049)
[M::mem_pestat] skip orientation RF
[M::mem_pestat] skip orientation RR
[M::mem_process_seqs] Processed 79682 reads in 18.449 CPU sec, 8.926 real sec
[M::process] read 79682 sequences (20000182 bp)...
[M::mem_pestat] # candidate unique pairs for (FF, FR, RF, RR): (2, 39313, 54, 11)
[M::mem_pestat] skip orientation FF as there are not enough pairs
[M::mem_pestat] analyzing insert size distribution for orientation FR...
[M::mem_pestat] (25, 50, 75) percentile: (380, 386, 395)
[M::mem_pestat] low and high boundaries for computing mean and std.dev: (350, 425)
[M::mem_pestat] mean and std.dev: (387.85, 10.54)
[M::mem_pestat] low and high boundaries for proper pairs: (335, 440)
[M::mem_pestat] analyzing insert size distribution for orientation RF...
[M::mem_pestat] (25, 50, 75) percentile: (224, 610, 1756)
[M::mem_pestat] low and high boundaries for computing mean and std.dev: (1, 4820)
[M::mem_pestat] mean and std.dev: (1049.60, 1177.20)
[M::mem_pestat] low and high boundaries for proper pairs: (1, 6352)
[M::mem_pestat] analyzing insert size distribution for orientation RR...
[M::mem_pestat] (25, 50, 75) percentile: (389, 536, 1821)
[M::mem_pestat] low and high boundaries for computing mean and std.dev: (1, 4685)
[M::mem_pestat] mean and std.dev: (839.10, 860.71)
[M::mem_pestat] low and high boundaries for proper pairs: (1, 6117)
[M::mem_pestat] skip orientation RF
[M::mem_pestat] skip orientation RR
[M::mem_process_seqs] Processed 79682 reads in 19.967 CPU sec, 9.766 real sec
[M::process] read 79682 sequences (20000182 bp)...
[M::mem_pestat] # candidate unique pairs for (FF, FR, RF, RR): (3, 39399, 60, 5)
[M::mem_pestat] skip orientation FF as there are not enough pairs
[M::mem_pestat] analyzing insert size distribution for orientation FR...
[M::mem_pestat] (25, 50, 75) percentile: (380, 386, 395)
[M::mem_pestat] low and high boundaries for computing mean and std.dev: (350, 425)
[M::mem_pestat] mean and std.dev: (388.22, 10.35)
[M::mem_pestat] low and high boundaries for proper pairs: (335, 440)
[M::mem_pestat] analyzing insert size distribution for orientation RF...
[M::mem_pestat] (25, 50, 75) percentile: (215, 252, 1158)
[M::mem_pestat] low and high boundaries for computing mean and std.dev: (1, 3044)
[M::mem_pestat] mean and std.dev: (733.53, 822.74)
[M::mem_pestat] low and high boundaries for proper pairs: (1, 4024)
[M::mem_pestat] skip orientation RR as there are not enough pairs
[M::mem_pestat] skip orientation RF
[M::mem_process_seqs] Processed 79682 reads in 20.568 CPU sec, 10.061 real sec
[M::process] read 79682 sequences (20000182 bp)...
[M::mem_pestat] # candidate unique pairs for (FF, FR, RF, RR): (8, 39358, 57, 9)
[M::mem_pestat] skip orientation FF as there are not enough pairs
[M::mem_pestat] analyzing insert size distribution for orientation FR...
[M::mem_pestat] (25, 50, 75) percentile: (379, 385, 394)
[M::mem_pestat] low and high boundaries for computing mean and std.dev: (349, 424)
[M::mem_pestat] mean and std.dev: (387.64, 10.55)
[M::mem_pestat] low and high boundaries for proper pairs: (334, 439)
[M::mem_pestat] analyzing insert size distribution for orientation RF...
[M::mem_pestat] (25, 50, 75) percentile: (225, 473, 813)
[M::mem_pestat] low and high boundaries for computing mean and std.dev: (1, 1989)
[M::mem_pestat] mean and std.dev: (500.39, 366.98)
[M::mem_pestat] low and high boundaries for proper pairs: (1, 2577)
[M::mem_pestat] skip orientation RR as there are not enough pairs
[M::mem_pestat] skip orientation RF
[M::mem_process_seqs] Processed 79682 reads in 17.700 CPU sec, 8.625 real sec
[M::process] read 79682 sequences (20000182 bp)...
[M::mem_pestat] # candidate unique pairs for (FF, FR, RF, RR): (4, 39271, 50, 7)
[M::mem_pestat] skip orientation FF as there are not enough pairs
[M::mem_pestat] analyzing insert size distribution for orientation FR...
[M::mem_pestat] (25, 50, 75) percentile: (380, 386, 396)
[M::mem_pestat] low and high boundaries for computing mean and std.dev: (348, 428)
[M::mem_pestat] mean and std.dev: (388.35, 10.57)
[M::mem_pestat] low and high boundaries for proper pairs: (332, 444)
[M::mem_pestat] analyzing insert size distribution for orientation RF...
[M::mem_pestat] (25, 50, 75) percentile: (215, 610, 1453)
[M::mem_pestat] low and high boundaries for computing mean and std.dev: (1, 3929)
[M::mem_pestat] mean and std.dev: (788.75, 897.02)
[M::mem_pestat] low and high boundaries for proper pairs: (1, 5167)
[M::mem_pestat] skip orientation RR as there are not enough pairs
[M::mem_pestat] skip orientation RF
[M::mem_process_seqs] Processed 79682 reads in 18.307 CPU sec, 8.943 real sec
[M::process] read 79682 sequences (20000182 bp)...
[M::mem_pestat] # candidate unique pairs for (FF, FR, RF, RR): (3, 39269, 46, 9)
[M::mem_pestat] skip orientation FF as there are not enough pairs
[M::mem_pestat] analyzing insert size distribution for orientation FR...
[M::mem_pestat] (25, 50, 75) percentile: (380, 386, 395)
[M::mem_pestat] low and high boundaries for computing mean and std.dev: (350, 425)
[M::mem_pestat] mean and std.dev: (387.93, 10.35)
[M::mem_pestat] low and high boundaries for proper pairs: (335, 440)
[M::mem_pestat] analyzing insert size distribution for orientation RF...
[M::mem_pestat] (25, 50, 75) percentile: (226, 750, 1372)
[M::mem_pestat] low and high boundaries for computing mean and std.dev: (1, 3664)
[M::mem_pestat] mean and std.dev: (880.27, 815.15)
[M::mem_pestat] low and high boundaries for proper pairs: (1, 4810)
[M::mem_pestat] skip orientation RR as there are not enough pairs
[M::mem_pestat] skip orientation RF
[M::mem_process_seqs] Processed 79682 reads in 19.545 CPU sec, 9.555 real sec
[M::process] read 79682 sequences (20000182 bp)...
[M::mem_pestat] # candidate unique pairs for (FF, FR, RF, RR): (6, 39427, 58, 9)
[M::mem_pestat] skip orientation FF as there are not enough pairs
[M::mem_pestat] analyzing insert size distribution for orientation FR...
[M::mem_pestat] (25, 50, 75) percentile: (380, 386, 395)
[M::mem_pestat] low and high boundaries for computing mean and std.dev: (350, 425)
[M::mem_pestat] mean and std.dev: (388.27, 10.45)
[M::mem_pestat] low and high boundaries for proper pairs: (335, 440)
[M::mem_pestat] analyzing insert size distribution for orientation RF...
[M::mem_pestat] (25, 50, 75) percentile: (236, 814, 1742)
[M::mem_pestat] low and high boundaries for computing mean and std.dev: (1, 4754)
[M::mem_pestat] mean and std.dev: (834.54, 742.40)
[M::mem_pestat] low and high boundaries for proper pairs: (1, 6260)
[M::mem_pestat] skip orientation RR as there are not enough pairs
[M::mem_pestat] skip orientation RF
[M::mem_process_seqs] Processed 79682 reads in 20.532 CPU sec, 10.036 real sec
[M::process] read 79682 sequences (20000182 bp)...
[M::mem_pestat] # candidate unique pairs for (FF, FR, RF, RR): (5, 39387, 52, 9)
[M::mem_pestat] skip orientation FF as there are not enough pairs
[M::mem_pestat] analyzing insert size distribution for orientation FR...
[M::mem_pestat] (25, 50, 75) percentile: (380, 386, 395)
[M::mem_pestat] low and high boundaries for computing mean and std.dev: (350, 425)
[M::mem_pestat] mean and std.dev: (387.97, 10.41)
[M::mem_pestat] low and high boundaries for proper pairs: (335, 440)
[M::mem_pestat] analyzing insert size distribution for orientation RF...
[M::mem_pestat] (25, 50, 75) percentile: (233, 845, 2547)
[M::mem_pestat] low and high boundaries for computing mean and std.dev: (1, 7175)
[M::mem_pestat] mean and std.dev: (1443.19, 1437.36)
[M::mem_pestat] low and high boundaries for proper pairs: (1, 9489)
[M::mem_pestat] skip orientation RR as there are not enough pairs
[M::mem_pestat] skip orientation RF
[M::mem_process_seqs] Processed 79682 reads in 17.841 CPU sec, 8.687 real sec
[M::process] read 79682 sequences (20000182 bp)...
[M::mem_pestat] # candidate unique pairs for (FF, FR, RF, RR): (3, 39328, 50, 7)
[M::mem_pestat] skip orientation FF as there are not enough pairs
[M::mem_pestat] analyzing insert size distribution for orientation FR...
[M::mem_pestat] (25, 50, 75) percentile: (380, 386, 395)
[M::mem_pestat] low and high boundaries for computing mean and std.dev: (350, 425)
[M::mem_pestat] mean and std.dev: (388.13, 10.39)
[M::mem_pestat] low and high boundaries for proper pairs: (335, 440)
[M::mem_pestat] analyzing insert size distribution for orientation RF...
[M::mem_pestat] (25, 50, 75) percentile: (224, 268, 1054)
[M::mem_pestat] low and high boundaries for computing mean and std.dev: (1, 2714)
[M::mem_pestat] mean and std.dev: (694.57, 697.13)
[M::mem_pestat] low and high boundaries for proper pairs: (1, 3544)
[M::mem_pestat] skip orientation RR as there are not enough pairs
[M::mem_pestat] skip orientation RF
[M::mem_process_seqs] Processed 79682 reads in 18.363 CPU sec, 8.960 real sec
[M::process] read 37966 sequences (9529466 bp)...
[M::mem_pestat] # candidate unique pairs for (FF, FR, RF, RR): (4, 39228, 53, 10)
[M::mem_pestat] skip orientation FF as there are not enough pairs
[M::mem_pestat] analyzing insert size distribution for orientation FR...
[M::mem_pestat] (25, 50, 75) percentile: (380, 386, 395)
[M::mem_pestat] low and high boundaries for computing mean and std.dev: (350, 425)
[M::mem_pestat] mean and std.dev: (388.25, 10.46)
[M::mem_pestat] low and high boundaries for proper pairs: (335, 440)
[M::mem_pestat] analyzing insert size distribution for orientation RF...
[M::mem_pestat] (25, 50, 75) percentile: (228, 522, 2064)
[M::mem_pestat] low and high boundaries for computing mean and std.dev: (1, 5736)
[M::mem_pestat] mean and std.dev: (1258.44, 1556.51)
[M::mem_pestat] low and high boundaries for proper pairs: (1, 7572)
[M::mem_pestat] analyzing insert size distribution for orientation RR...
[M::mem_pestat] (25, 50, 75) percentile: (533, 1237, 1901)
[M::mem_pestat] low and high boundaries for computing mean and std.dev: (1, 4637)
[M::mem_pestat] mean and std.dev: (1230.90, 806.47)
[M::mem_pestat] low and high boundaries for proper pairs: (1, 6005)
[M::mem_pestat] skip orientation RF
[M::mem_pestat] skip orientation RR
[M::mem_process_seqs] Processed 79682 reads in 19.089 CPU sec, 9.413 real sec
[M::mem_pestat] # candidate unique pairs for (FF, FR, RF, RR): (3, 18708, 27, 4)
[M::mem_pestat] skip orientation FF as there are not enough pairs
[M::mem_pestat] analyzing insert size distribution for orientation FR...
[M::mem_pestat] (25, 50, 75) percentile: (379, 385, 394)
[M::mem_pestat] low and high boundaries for computing mean and std.dev: (349, 424)
[M::mem_pestat] mean and std.dev: (387.46, 10.56)
[M::mem_pestat] low and high boundaries for proper pairs: (334, 439)
[M::mem_pestat] analyzing insert size distribution for orientation RF...
[M::mem_pestat] (25, 50, 75) percentile: (219, 761, 2331)
[M::mem_pestat] low and high boundaries for computing mean and std.dev: (1, 6555)
[M::mem_pestat] mean and std.dev: (920.60, 879.81)
[M::mem_pestat] low and high boundaries for proper pairs: (1, 8667)
[M::mem_pestat] skip orientation RR as there are not enough pairs
[M::mem_pestat] skip orientation RF
[M::mem_process_seqs] Processed 37966 reads in 10.058 CPU sec, 4.951 real sec
[main] Version: 0.7.17-r1188
[main] CMD: bwa mem -t 2 /workspace/home/nasirja/covid-19-signal/data/composite_human_viral_reference.fna SC2231/raw_fastq/SC2231_R1.fastq.gz SC2231/raw_fastq/SC2231_R2.fastq.gz
[main] Real time: 170.079 sec; CPU: 337.612 sec
viral read count = 1383291 (99.33%)
human read count = 610 (0.04%) 
unmapped read count = 8659 (0.62%)
