[M::bwa_idx_load_from_disk] read 0 ALT contigs
[M::process] read 79682 sequences (20000182 bp)...
[M::process] read 79682 sequences (20000182 bp)...
[M::mem_pestat] # candidate unique pairs for (FF, FR, RF, RR): (10, 39032, 36, 4)
[M::mem_pestat] analyzing insert size distribution for orientation FF...
[M::mem_pestat] (25, 50, 75) percentile: (3979, 7158, 8407)
[M::mem_pestat] low and high boundaries for computing mean and std.dev: (1, 17263)
[M::mem_pestat] mean and std.dev: (6028.50, 2753.83)
[M::mem_pestat] low and high boundaries for proper pairs: (1, 21691)
[M::mem_pestat] analyzing insert size distribution for orientation FR...
[M::mem_pestat] (25, 50, 75) percentile: (380, 385, 394)
[M::mem_pestat] low and high boundaries for computing mean and std.dev: (352, 422)
[M::mem_pestat] mean and std.dev: (388.47, 10.67)
[M::mem_pestat] low and high boundaries for proper pairs: (338, 436)
[M::mem_pestat] analyzing insert size distribution for orientation RF...
[M::mem_pestat] (25, 50, 75) percentile: (232, 795, 1809)
[M::mem_pestat] low and high boundaries for computing mean and std.dev: (1, 4963)
[M::mem_pestat] mean and std.dev: (1014.71, 1006.70)
[M::mem_pestat] low and high boundaries for proper pairs: (1, 6540)
[M::mem_pestat] skip orientation RR as there are not enough pairs
[M::mem_pestat] skip orientation FF
[M::mem_pestat] skip orientation RF
[M::mem_process_seqs] Processed 79682 reads in 27.764 CPU sec, 17.867 real sec
[M::process] read 79682 sequences (20000182 bp)...
[M::mem_pestat] # candidate unique pairs for (FF, FR, RF, RR): (4, 38973, 30, 4)
[M::mem_pestat] skip orientation FF as there are not enough pairs
[M::mem_pestat] analyzing insert size distribution for orientation FR...
[M::mem_pestat] (25, 50, 75) percentile: (379, 385, 393)
[M::mem_pestat] low and high boundaries for computing mean and std.dev: (351, 421)
[M::mem_pestat] mean and std.dev: (387.91, 10.67)
[M::mem_pestat] low and high boundaries for proper pairs: (337, 435)
[M::mem_pestat] analyzing insert size distribution for orientation RF...
[M::mem_pestat] (25, 50, 75) percentile: (218, 1455, 3671)
[M::mem_pestat] low and high boundaries for computing mean and std.dev: (1, 10577)
[M::mem_pestat] mean and std.dev: (2411.10, 2839.99)
[M::mem_pestat] low and high boundaries for proper pairs: (1, 14030)
[M::mem_pestat] skip orientation RR as there are not enough pairs
[M::mem_pestat] skip orientation RF
[M::mem_process_seqs] Processed 79682 reads in 31.723 CPU sec, 15.601 real sec
[M::process] read 79682 sequences (20000182 bp)...
[M::mem_pestat] # candidate unique pairs for (FF, FR, RF, RR): (5, 38989, 22, 6)
[M::mem_pestat] skip orientation FF as there are not enough pairs
[M::mem_pestat] analyzing insert size distribution for orientation FR...
[M::mem_pestat] (25, 50, 75) percentile: (380, 385, 393)
[M::mem_pestat] low and high boundaries for computing mean and std.dev: (354, 419)
[M::mem_pestat] mean and std.dev: (388.39, 10.54)
[M::mem_pestat] low and high boundaries for proper pairs: (341, 432)
[M::mem_pestat] analyzing insert size distribution for orientation RF...
[M::mem_pestat] (25, 50, 75) percentile: (224, 610, 1373)
[M::mem_pestat] low and high boundaries for computing mean and std.dev: (1, 3671)
[M::mem_pestat] mean and std.dev: (776.30, 913.25)
[M::mem_pestat] low and high boundaries for proper pairs: (1, 4820)
[M::mem_pestat] skip orientation RR as there are not enough pairs
[M::mem_pestat] skip orientation RF
[M::mem_process_seqs] Processed 79682 reads in 24.089 CPU sec, 11.766 real sec
[M::process] read 79682 sequences (20000182 bp)...
[M::mem_pestat] # candidate unique pairs for (FF, FR, RF, RR): (9, 38975, 23, 5)
[M::mem_pestat] skip orientation FF as there are not enough pairs
[M::mem_pestat] analyzing insert size distribution for orientation FR...
[M::mem_pestat] (25, 50, 75) percentile: (379, 385, 393)
[M::mem_pestat] low and high boundaries for computing mean and std.dev: (351, 421)
[M::mem_pestat] mean and std.dev: (388.06, 10.62)
[M::mem_pestat] low and high boundaries for proper pairs: (337, 435)
[M::mem_pestat] analyzing insert size distribution for orientation RF...
[M::mem_pestat] (25, 50, 75) percentile: (214, 233, 859)
[M::mem_pestat] low and high boundaries for computing mean and std.dev: (1, 2149)
[M::mem_pestat] mean and std.dev: (450.86, 457.86)
[M::mem_pestat] low and high boundaries for proper pairs: (1, 2794)
[M::mem_pestat] skip orientation RR as there are not enough pairs
[M::mem_pestat] skip orientation RF
[M::mem_process_seqs] Processed 79682 reads in 23.738 CPU sec, 11.614 real sec
[M::process] read 79682 sequences (20000182 bp)...
[M::mem_pestat] # candidate unique pairs for (FF, FR, RF, RR): (10, 39067, 20, 2)
[M::mem_pestat] analyzing insert size distribution for orientation FF...
[M::mem_pestat] (25, 50, 75) percentile: (1576, 2506, 4787)
[M::mem_pestat] low and high boundaries for computing mean and std.dev: (1, 11209)
[M::mem_pestat] mean and std.dev: (2998.00, 1648.86)
[M::mem_pestat] low and high boundaries for proper pairs: (1, 14420)
[M::mem_pestat] analyzing insert size distribution for orientation FR...
[M::mem_pestat] (25, 50, 75) percentile: (380, 385, 393)
[M::mem_pestat] low and high boundaries for computing mean and std.dev: (354, 419)
[M::mem_pestat] mean and std.dev: (388.37, 10.51)
[M::mem_pestat] low and high boundaries for proper pairs: (341, 432)
[M::mem_pestat] analyzing insert size distribution for orientation RF...
[M::mem_pestat] (25, 50, 75) percentile: (224, 1373, 3915)
[M::mem_pestat] low and high boundaries for computing mean and std.dev: (1, 11297)
[M::mem_pestat] mean and std.dev: (1969.80, 2296.95)
[M::mem_pestat] low and high boundaries for proper pairs: (1, 14988)
[M::mem_pestat] skip orientation RR as there are not enough pairs
[M::mem_pestat] skip orientation FF
[M::mem_pestat] skip orientation RF
[M::mem_process_seqs] Processed 79682 reads in 21.771 CPU sec, 10.612 real sec
[M::process] read 79682 sequences (20000182 bp)...
[M::mem_pestat] # candidate unique pairs for (FF, FR, RF, RR): (3, 38992, 37, 7)
[M::mem_pestat] skip orientation FF as there are not enough pairs
[M::mem_pestat] analyzing insert size distribution for orientation FR...
[M::mem_pestat] (25, 50, 75) percentile: (379, 385, 393)
[M::mem_pestat] low and high boundaries for computing mean and std.dev: (351, 421)
[M::mem_pestat] mean and std.dev: (387.90, 10.78)
[M::mem_pestat] low and high boundaries for proper pairs: (337, 435)
[M::mem_pestat] analyzing insert size distribution for orientation RF...
[M::mem_pestat] (25, 50, 75) percentile: (233, 817, 2668)
[M::mem_pestat] low and high boundaries for computing mean and std.dev: (1, 7538)
[M::mem_pestat] mean and std.dev: (1389.78, 1568.14)
[M::mem_pestat] low and high boundaries for proper pairs: (1, 9973)
[M::mem_pestat] skip orientation RR as there are not enough pairs
[M::mem_pestat] skip orientation RF
[M::mem_process_seqs] Processed 79682 reads in 22.039 CPU sec, 10.757 real sec
[M::process] read 79682 sequences (20000182 bp)...
[M::mem_pestat] # candidate unique pairs for (FF, FR, RF, RR): (8, 38897, 27, 8)
[M::mem_pestat] skip orientation FF as there are not enough pairs
[M::mem_pestat] analyzing insert size distribution for orientation FR...
[M::mem_pestat] (25, 50, 75) percentile: (380, 385, 393)
[M::mem_pestat] low and high boundaries for computing mean and std.dev: (354, 419)
[M::mem_pestat] mean and std.dev: (388.28, 10.57)
[M::mem_pestat] low and high boundaries for proper pairs: (341, 432)
[M::mem_pestat] analyzing insert size distribution for orientation RF...
[M::mem_pestat] (25, 50, 75) percentile: (230, 612, 2897)
[M::mem_pestat] low and high boundaries for computing mean and std.dev: (1, 8231)
[M::mem_pestat] mean and std.dev: (1543.33, 1846.61)
[M::mem_pestat] low and high boundaries for proper pairs: (1, 10898)
[M::mem_pestat] skip orientation RR as there are not enough pairs
[M::mem_pestat] skip orientation RF
[M::mem_process_seqs] Processed 79682 reads in 23.086 CPU sec, 11.252 real sec
[M::process] read 79682 sequences (20000182 bp)...
[M::mem_pestat] # candidate unique pairs for (FF, FR, RF, RR): (4, 39048, 30, 13)
[M::mem_pestat] skip orientation FF as there are not enough pairs
[M::mem_pestat] analyzing insert size distribution for orientation FR...
[M::mem_pestat] (25, 50, 75) percentile: (380, 385, 393)
[M::mem_pestat] low and high boundaries for computing mean and std.dev: (354, 419)
[M::mem_pestat] mean and std.dev: (388.30, 10.64)
[M::mem_pestat] low and high boundaries for proper pairs: (341, 432)
[M::mem_pestat] analyzing insert size distribution for orientation RF...
[M::mem_pestat] (25, 50, 75) percentile: (424, 857, 2420)
[M::mem_pestat] low and high boundaries for computing mean and std.dev: (1, 6412)
[M::mem_pestat] mean and std.dev: (1438.69, 1418.70)
[M::mem_pestat] low and high boundaries for proper pairs: (1, 8408)
[M::mem_pestat] analyzing insert size distribution for orientation RR...
[M::mem_pestat] (25, 50, 75) percentile: (641, 2057, 3312)
[M::mem_pestat] low and high boundaries for computing mean and std.dev: (1, 8654)
[M::mem_pestat] mean and std.dev: (2468.08, 2358.98)
[M::mem_pestat] low and high boundaries for proper pairs: (1, 11904)
[M::mem_pestat] skip orientation RF
[M::mem_pestat] skip orientation RR
[M::mem_process_seqs] Processed 79682 reads in 24.326 CPU sec, 11.896 real sec
[M::process] read 79682 sequences (20000182 bp)...
[M::mem_pestat] # candidate unique pairs for (FF, FR, RF, RR): (2, 39001, 30, 6)
[M::mem_pestat] skip orientation FF as there are not enough pairs
[M::mem_pestat] analyzing insert size distribution for orientation FR...
[M::mem_pestat] (25, 50, 75) percentile: (379, 385, 393)
[M::mem_pestat] low and high boundaries for computing mean and std.dev: (351, 421)
[M::mem_pestat] mean and std.dev: (387.86, 10.64)
[M::mem_pestat] low and high boundaries for proper pairs: (337, 435)
[M::mem_pestat] analyzing insert size distribution for orientation RF...
[M::mem_pestat] (25, 50, 75) percentile: (207, 286, 815)
[M::mem_pestat] low and high boundaries for computing mean and std.dev: (1, 2031)
[M::mem_pestat] mean and std.dev: (422.96, 383.47)
[M::mem_pestat] low and high boundaries for proper pairs: (1, 2639)
[M::mem_pestat] skip orientation RR as there are not enough pairs
[M::mem_pestat] skip orientation RF
[M::mem_process_seqs] Processed 79682 reads in 24.489 CPU sec, 11.965 real sec
[M::process] read 79682 sequences (20000182 bp)...
[M::mem_pestat] # candidate unique pairs for (FF, FR, RF, RR): (6, 39021, 24, 8)
[M::mem_pestat] skip orientation FF as there are not enough pairs
[M::mem_pestat] analyzing insert size distribution for orientation FR...
[M::mem_pestat] (25, 50, 75) percentile: (380, 385, 393)
[M::mem_pestat] low and high boundaries for computing mean and std.dev: (354, 419)
[M::mem_pestat] mean and std.dev: (388.38, 10.52)
[M::mem_pestat] low and high boundaries for proper pairs: (341, 432)
[M::mem_pestat] analyzing insert size distribution for orientation RF...
[M::mem_pestat] (25, 50, 75) percentile: (224, 246, 814)
[M::mem_pestat] low and high boundaries for computing mean and std.dev: (1, 1994)
[M::mem_pestat] mean and std.dev: (543.61, 498.82)
[M::mem_pestat] low and high boundaries for proper pairs: (1, 2584)
[M::mem_pestat] skip orientation RR as there are not enough pairs
[M::mem_pestat] skip orientation RF
[M::mem_process_seqs] Processed 79682 reads in 23.004 CPU sec, 11.202 real sec
[M::process] read 79682 sequences (20000182 bp)...
[M::mem_pestat] # candidate unique pairs for (FF, FR, RF, RR): (2, 38903, 34, 8)
[M::mem_pestat] skip orientation FF as there are not enough pairs
[M::mem_pestat] analyzing insert size distribution for orientation FR...
[M::mem_pestat] (25, 50, 75) percentile: (379, 385, 393)
[M::mem_pestat] low and high boundaries for computing mean and std.dev: (351, 421)
[M::mem_pestat] mean and std.dev: (388.04, 10.55)
[M::mem_pestat] low and high boundaries for proper pairs: (337, 435)
[M::mem_pestat] analyzing insert size distribution for orientation RF...
[M::mem_pestat] (25, 50, 75) percentile: (232, 847, 2471)
[M::mem_pestat] low and high boundaries for computing mean and std.dev: (1, 6949)
[M::mem_pestat] mean and std.dev: (1406.94, 1392.80)
[M::mem_pestat] low and high boundaries for proper pairs: (1, 9188)
[M::mem_pestat] skip orientation RR as there are not enough pairs
[M::mem_pestat] skip orientation RF
[M::mem_process_seqs] Processed 79682 reads in 23.168 CPU sec, 11.311 real sec
[M::process] read 79682 sequences (20000182 bp)...
[M::mem_pestat] # candidate unique pairs for (FF, FR, RF, RR): (3, 39064, 38, 10)
[M::mem_pestat] skip orientation FF as there are not enough pairs
[M::mem_pestat] analyzing insert size distribution for orientation FR...
[M::mem_pestat] (25, 50, 75) percentile: (380, 385, 393)
[M::mem_pestat] low and high boundaries for computing mean and std.dev: (354, 419)
[M::mem_pestat] mean and std.dev: (388.43, 10.59)
[M::mem_pestat] low and high boundaries for proper pairs: (341, 432)
[M::mem_pestat] analyzing insert size distribution for orientation RF...
[M::mem_pestat] (25, 50, 75) percentile: (233, 825, 1954)
[M::mem_pestat] low and high boundaries for computing mean and std.dev: (1, 5396)
[M::mem_pestat] mean and std.dev: (1146.89, 1173.39)
[M::mem_pestat] low and high boundaries for proper pairs: (1, 7117)
[M::mem_pestat] analyzing insert size distribution for orientation RR...
[M::mem_pestat] (25, 50, 75) percentile: (424, 3239, 6443)
[M::mem_pestat] low and high boundaries for computing mean and std.dev: (1, 18481)
[M::mem_pestat] mean and std.dev: (3587.10, 3073.46)
[M::mem_pestat] low and high boundaries for proper pairs: (1, 24500)
[M::mem_pestat] skip orientation RF
[M::mem_pestat] skip orientation RR
[M::mem_process_seqs] Processed 79682 reads in 22.368 CPU sec, 10.925 real sec
[M::process] read 79682 sequences (20000182 bp)...
[M::mem_pestat] # candidate unique pairs for (FF, FR, RF, RR): (6, 39055, 28, 9)
[M::mem_pestat] skip orientation FF as there are not enough pairs
[M::mem_pestat] analyzing insert size distribution for orientation FR...
[M::mem_pestat] (25, 50, 75) percentile: (379, 385, 393)
[M::mem_pestat] low and high boundaries for computing mean and std.dev: (351, 421)
[M::mem_pestat] mean and std.dev: (387.93, 10.55)
[M::mem_pestat] low and high boundaries for proper pairs: (337, 435)
[M::mem_pestat] analyzing insert size distribution for orientation RF...
[M::mem_pestat] (25, 50, 75) percentile: (495, 823, 2503)
[M::mem_pestat] low and high boundaries for computing mean and std.dev: (1, 6519)
[M::mem_pestat] mean and std.dev: (1495.41, 1783.67)
[M::mem_pestat] low and high boundaries for proper pairs: (1, 8630)
[M::mem_pestat] skip orientation RR as there are not enough pairs
[M::mem_pestat] skip orientation RF
[M::mem_process_seqs] Processed 79682 reads in 21.832 CPU sec, 10.646 real sec
[M::process] read 48806 sequences (12250306 bp)...
[M::mem_pestat] # candidate unique pairs for (FF, FR, RF, RR): (8, 38977, 26, 2)
[M::mem_pestat] skip orientation FF as there are not enough pairs
[M::mem_pestat] analyzing insert size distribution for orientation FR...
[M::mem_pestat] (25, 50, 75) percentile: (380, 385, 393)
[M::mem_pestat] low and high boundaries for computing mean and std.dev: (354, 419)
[M::mem_pestat] mean and std.dev: (388.34, 10.44)
[M::mem_pestat] low and high boundaries for proper pairs: (341, 432)
[M::mem_pestat] analyzing insert size distribution for orientation RF...
[M::mem_pestat] (25, 50, 75) percentile: (227, 826, 1478)
[M::mem_pestat] low and high boundaries for computing mean and std.dev: (1, 3980)
[M::mem_pestat] mean and std.dev: (1076.92, 1060.64)
[M::mem_pestat] low and high boundaries for proper pairs: (1, 5319)
[M::mem_pestat] skip orientation RR as there are not enough pairs
[M::mem_pestat] skip orientation RF
[M::mem_process_seqs] Processed 79682 reads in 19.567 CPU sec, 9.613 real sec
[M::mem_pestat] # candidate unique pairs for (FF, FR, RF, RR): (1, 23904, 15, 4)
[M::mem_pestat] skip orientation FF as there are not enough pairs
[M::mem_pestat] analyzing insert size distribution for orientation FR...
[M::mem_pestat] (25, 50, 75) percentile: (379, 384, 393)
[M::mem_pestat] low and high boundaries for computing mean and std.dev: (351, 421)
[M::mem_pestat] mean and std.dev: (387.80, 10.76)
[M::mem_pestat] low and high boundaries for proper pairs: (337, 435)
[M::mem_pestat] analyzing insert size distribution for orientation RF...
[M::mem_pestat] (25, 50, 75) percentile: (225, 560, 1395)
[M::mem_pestat] low and high boundaries for computing mean and std.dev: (1, 3735)
[M::mem_pestat] mean and std.dev: (689.69, 715.19)
[M::mem_pestat] low and high boundaries for proper pairs: (1, 4905)
[M::mem_pestat] skip orientation RR as there are not enough pairs
[M::mem_pestat] skip orientation RF
[M::mem_process_seqs] Processed 48806 reads in 12.750 CPU sec, 6.312 real sec
[main] Version: 0.7.17-r1188
[main] CMD: bwa mem -t 2 /workspace/home/nasirja/covid-19-signal/data/composite_human_viral_reference.fna SC2275/raw_fastq/SC2275_R1.fastq.gz SC2275/raw_fastq/SC2275_R2.fastq.gz
[main] Real time: 179.435 sec; CPU: 351.046 sec
viral read count = 1142284 (98.10%)
human read count = 4120 (0.35%) 
unmapped read count = 17950 (1.54%)
