C	SNL153:302:HJYTKBCX3:1:1101:12916:59367	2697049	247|251	14294:Q
C	SNL153:302:HJYTKBCX3:1:1102:2621:72661	2697049	250|250	14294:Q
C	SNL153:302:HJYTKBCX3:1:1102:12436:18136	2697049	249|249	14294:Q
C	SNL153:302:HJYTKBCX3:1:1104:1508:61704	2697049	251|212	14294:Q
C	SNL153:302:HJYTKBCX3:1:1105:17725:68137	2697049	250|245	14294:Q
C	SNL153:302:HJYTKBCX3:1:1106:10224:88158	2697049	250|250	14294:Q
C	SNL153:302:HJYTKBCX3:1:1108:8927:7432	2697049	244|154	14294:Q
C	SNL153:302:HJYTKBCX3:1:1109:9500:69903	2697049	249|245	14294:Q
C	SNL153:302:HJYTKBCX3:1:1109:14063:69287	2697049	249|250	14294:Q
C	SNL153:302:HJYTKBCX3:1:1110:7821:99706	2697049	251|251	14294:Q
C	SNL153:302:HJYTKBCX3:1:1114:10977:96363	2697049	247|250	14294:Q
C	SNL153:302:HJYTKBCX3:1:1114:19533:12088	2697049	251|250	14294:Q
C	SNL153:302:HJYTKBCX3:1:1202:18679:17340	2697049	251|248	14294:Q
C	SNL153:302:HJYTKBCX3:1:1204:17751:39975	2697049	249|204	14294:Q
C	SNL153:302:HJYTKBCX3:1:1207:7795:32922	2697049	249|249	14294:Q
C	SNL153:302:HJYTKBCX3:1:1212:20017:34944	2697049	251|250	14294:Q
C	SNL153:302:HJYTKBCX3:1:1213:16813:9808	2697049	251|251	14294:Q
C	SNL153:302:HJYTKBCX3:1:1213:17034:69604	2697049	250|251	14294:Q
C	SNL153:302:HJYTKBCX3:1:1214:16707:24991	2697049	248|251	14294:Q
C	SNL153:302:HJYTKBCX3:1:2102:9167:4986	2697049	251|177	14294:Q
C	SNL153:302:HJYTKBCX3:1:2102:16868:78592	2697049	251|251	14294:Q
C	SNL153:302:HJYTKBCX3:1:2103:11196:75726	2697049	250|248	14294:Q
C	SNL153:302:HJYTKBCX3:1:2103:15009:66997	2697049	250|249	14294:Q
C	SNL153:302:HJYTKBCX3:1:2105:11026:49482	2697049	251|249	14294:Q
C	SNL153:302:HJYTKBCX3:1:2110:5198:79929	2697049	251|234	14294:Q
C	SNL153:302:HJYTKBCX3:1:2112:5091:14982	2697049	239|250	14294:Q
C	SNL153:302:HJYTKBCX3:1:2115:18819:62161	2697049	251|249	14294:Q
C	SNL153:302:HJYTKBCX3:1:2116:14349:99319	2697049	240|251	14294:Q
C	SNL153:302:HJYTKBCX3:1:2201:4961:52424	2697049	251|248	14294:Q
C	SNL153:302:HJYTKBCX3:1:2201:15505:49355	2697049	250|248	14294:Q
C	SNL153:302:HJYTKBCX3:1:2204:11689:40786	2697049	251|249	14294:Q
C	SNL153:302:HJYTKBCX3:1:2208:8558:6234	2697049	250|251	14294:Q
C	SNL153:302:HJYTKBCX3:1:2209:13673:64189	2697049	251|251	14294:Q
C	SNL153:302:HJYTKBCX3:1:2210:11659:71672	2697049	251|248	14294:Q
C	SNL153:302:HJYTKBCX3:1:2215:17212:89009	2697049	251|235	14294:Q
C	SNL153:302:HJYTKBCX3:1:2216:10326:15088	2697049	124|243	14294:Q
C	SNL153:302:HJYTKBCX3:1:2216:13799:71362	2697049	250|251	14294:Q
C	SNL153:302:HJYTKBCX3:1:2216:16811:67790	2697049	250|207	14294:Q
C	SNL153:302:HJYTKBCX3:2:1101:1268:65894	2697049	251|246	14294:Q
C	SNL153:302:HJYTKBCX3:2:1102:16541:58782	2697049	249|251	14294:Q
C	SNL153:302:HJYTKBCX3:2:1103:17169:26291	2697049	250|152	14294:Q
C	SNL153:302:HJYTKBCX3:2:1105:15495:32300	2697049	243|176	14294:Q
C	SNL153:302:HJYTKBCX3:2:1109:13044:17923	2697049	251|251	14294:Q
C	SNL153:302:HJYTKBCX3:2:1109:13801:40789	2697049	244|247	14294:Q
C	SNL153:302:HJYTKBCX3:2:1113:2276:75701	2697049	243|250	14294:Q
C	SNL153:302:HJYTKBCX3:2:1113:16873:22885	2697049	251|248	14294:Q
C	SNL153:302:HJYTKBCX3:2:1113:19919:16978	2697049	251|198	14294:Q
C	SNL153:302:HJYTKBCX3:2:1116:14383:64527	2697049	248|251	14294:Q
U	SNL153:302:HJYTKBCX3:2:1203:14223:55995	0	251|251	0:Q
C	SNL153:302:HJYTKBCX3:2:1208:18714:38557	2697049	251|196	14294:Q
C	SNL153:302:HJYTKBCX3:2:1209:17592:61379	2697049	251|251	14294:Q
C	SNL153:302:HJYTKBCX3:2:1209:17651:79229	2697049	248|251	14294:Q
C	SNL153:302:HJYTKBCX3:2:1210:5388:78240	2697049	249|196	14294:Q
C	SNL153:302:HJYTKBCX3:2:1211:3888:64181	2697049	250|250	14294:Q
C	SNL153:302:HJYTKBCX3:2:1212:14936:5105	2697049	250|250	14294:Q
C	SNL153:302:HJYTKBCX3:2:1213:14996:100426	2697049	250|250	14294:Q
C	SNL153:302:HJYTKBCX3:2:1213:17010:66436	2697049	250|248	14294:Q
U	SNL153:302:HJYTKBCX3:2:1216:7386:29005	0	241|76	0:Q
C	SNL153:302:HJYTKBCX3:2:2101:11177:74159	2697049	251|249	14294:Q
C	SNL153:302:HJYTKBCX3:2:2102:9366:11861	2697049	249|251	14294:Q
C	SNL153:302:HJYTKBCX3:2:2105:11475:45128	2697049	251|251	14294:Q
C	SNL153:302:HJYTKBCX3:2:2106:7247:64892	2697049	251|251	14294:Q
C	SNL153:302:HJYTKBCX3:2:2107:11352:80918	2697049	251|250	14294:Q
C	SNL153:302:HJYTKBCX3:2:2111:10427:10916	2697049	244|250	14294:Q
C	SNL153:302:HJYTKBCX3:2:2113:3578:14304	694009	251|239	14186:Q
C	SNL153:302:HJYTKBCX3:2:2113:8474:24548	2697049	251|251	14294:Q
C	SNL153:302:HJYTKBCX3:2:2114:18493:64227	2697049	251|248	14294:Q
C	SNL153:302:HJYTKBCX3:2:2201:11250:85702	2697049	242|210	14294:Q
C	SNL153:302:HJYTKBCX3:2:2205:6284:46070	2697049	244|244	14294:Q
C	SNL153:302:HJYTKBCX3:2:2205:12700:46032	2697049	69|69	14294:Q
C	SNL153:302:HJYTKBCX3:2:2208:4084:2199	2697049	249|249	14294:Q
C	SNL153:302:HJYTKBCX3:2:2209:4989:8671	2697049	250|169	14294:Q
C	SNL153:302:HJYTKBCX3:2:2211:7879:79443	2697049	251|249	14294:Q
C	SNL153:302:HJYTKBCX3:2:2211:17659:35139	2697049	244|237	14294:Q
C	SNL153:302:HJYTKBCX3:2:2215:3845:35542	2697049	249|250	14294:Q
C	SNL153:302:HJYTKBCX3:2:2215:14292:95624	694009	251|250	14186:Q
