[M::bwa_idx_load_from_disk] read 0 ALT contigs
[M::process] read 79682 sequences (20000182 bp)...
[M::process] read 79682 sequences (20000182 bp)...
[M::mem_pestat] # candidate unique pairs for (FF, FR, RF, RR): (39, 29886, 49, 49)
[M::mem_pestat] analyzing insert size distribution for orientation FF...
[M::mem_pestat] (25, 50, 75) percentile: (1835, 1835, 2584)
[M::mem_pestat] low and high boundaries for computing mean and std.dev: (337, 4082)
[M::mem_pestat] mean and std.dev: (1658.80, 502.24)
[M::mem_pestat] low and high boundaries for proper pairs: (1, 4831)
[M::mem_pestat] analyzing insert size distribution for orientation FR...
[M::mem_pestat] (25, 50, 75) percentile: (185, 263, 331)
[M::mem_pestat] low and high boundaries for computing mean and std.dev: (1, 623)
[M::mem_pestat] mean and std.dev: (258.75, 114.92)
[M::mem_pestat] low and high boundaries for proper pairs: (1, 769)
[M::mem_pestat] analyzing insert size distribution for orientation RF...
[M::mem_pestat] (25, 50, 75) percentile: (82, 793, 2374)
[M::mem_pestat] low and high boundaries for computing mean and std.dev: (1, 6958)
[M::mem_pestat] mean and std.dev: (1344.12, 1557.34)
[M::mem_pestat] low and high boundaries for proper pairs: (1, 9250)
[M::mem_pestat] analyzing insert size distribution for orientation RR...
[M::mem_pestat] (25, 50, 75) percentile: (1834, 1835, 2584)
[M::mem_pestat] low and high boundaries for computing mean and std.dev: (334, 4084)
[M::mem_pestat] mean and std.dev: (1720.81, 780.50)
[M::mem_pestat] low and high boundaries for proper pairs: (1, 4843)
[M::mem_pestat] skip orientation FF
[M::mem_pestat] skip orientation RF
[M::mem_pestat] skip orientation RR
[M::mem_process_seqs] Processed 79682 reads in 58.644 CPU sec, 31.361 real sec
[M::process] read 79682 sequences (20000182 bp)...
[M::mem_pestat] # candidate unique pairs for (FF, FR, RF, RR): (50, 29308, 44, 42)
[M::mem_pestat] analyzing insert size distribution for orientation FF...
[M::mem_pestat] (25, 50, 75) percentile: (1835, 1835, 3118)
[M::mem_pestat] low and high boundaries for computing mean and std.dev: (1, 5684)
[M::mem_pestat] mean and std.dev: (1921.07, 1054.10)
[M::mem_pestat] low and high boundaries for proper pairs: (1, 6967)
[M::mem_pestat] analyzing insert size distribution for orientation FR...
[M::mem_pestat] (25, 50, 75) percentile: (185, 263, 326)
[M::mem_pestat] low and high boundaries for computing mean and std.dev: (1, 608)
[M::mem_pestat] mean and std.dev: (255.70, 112.18)
[M::mem_pestat] low and high boundaries for proper pairs: (1, 749)
[M::mem_pestat] analyzing insert size distribution for orientation RF...
[M::mem_pestat] (25, 50, 75) percentile: (67, 1349, 3118)
[M::mem_pestat] low and high boundaries for computing mean and std.dev: (1, 9220)
[M::mem_pestat] mean and std.dev: (1995.36, 2331.18)
[M::mem_pestat] low and high boundaries for proper pairs: (1, 12271)
[M::mem_pestat] analyzing insert size distribution for orientation RR...
[M::mem_pestat] (25, 50, 75) percentile: (1835, 1835, 3089)
[M::mem_pestat] low and high boundaries for computing mean and std.dev: (1, 5597)
[M::mem_pestat] mean and std.dev: (2118.37, 1145.24)
[M::mem_pestat] low and high boundaries for proper pairs: (1, 6851)
[M::mem_pestat] skip orientation FF
[M::mem_pestat] skip orientation RF
[M::mem_pestat] skip orientation RR
[M::mem_process_seqs] Processed 79682 reads in 60.800 CPU sec, 30.209 real sec
[M::process] read 79682 sequences (20000182 bp)...
[M::mem_pestat] # candidate unique pairs for (FF, FR, RF, RR): (46, 29479, 35, 46)
[M::mem_pestat] analyzing insert size distribution for orientation FF...
[M::mem_pestat] (25, 50, 75) percentile: (562, 1835, 1835)
[M::mem_pestat] low and high boundaries for computing mean and std.dev: (1, 4381)
[M::mem_pestat] mean and std.dev: (1441.76, 858.37)
[M::mem_pestat] low and high boundaries for proper pairs: (1, 5654)
[M::mem_pestat] analyzing insert size distribution for orientation FR...
[M::mem_pestat] (25, 50, 75) percentile: (184, 263, 325)
[M::mem_pestat] low and high boundaries for computing mean and std.dev: (1, 607)
[M::mem_pestat] mean and std.dev: (254.83, 111.51)
[M::mem_pestat] low and high boundaries for proper pairs: (1, 748)
[M::mem_pestat] analyzing insert size distribution for orientation RF...
[M::mem_pestat] (25, 50, 75) percentile: (793, 2110, 2542)
[M::mem_pestat] low and high boundaries for computing mean and std.dev: (1, 6040)
[M::mem_pestat] mean and std.dev: (1710.94, 1463.06)
[M::mem_pestat] low and high boundaries for proper pairs: (1, 7789)
[M::mem_pestat] analyzing insert size distribution for orientation RR...
[M::mem_pestat] (25, 50, 75) percentile: (1835, 1835, 4296)
[M::mem_pestat] low and high boundaries for computing mean and std.dev: (1, 9218)
[M::mem_pestat] mean and std.dev: (3249.74, 2940.93)
[M::mem_pestat] low and high boundaries for proper pairs: (1, 15013)
[M::mem_pestat] skip orientation FF
[M::mem_pestat] skip orientation RF
[M::mem_pestat] skip orientation RR
[M::mem_process_seqs] Processed 79682 reads in 57.626 CPU sec, 28.609 real sec
[M::process] read 79682 sequences (20000182 bp)...
[M::mem_pestat] # candidate unique pairs for (FF, FR, RF, RR): (38, 29713, 41, 30)
[M::mem_pestat] analyzing insert size distribution for orientation FF...
[M::mem_pestat] (25, 50, 75) percentile: (1766, 1835, 1835)
[M::mem_pestat] low and high boundaries for computing mean and std.dev: (1628, 1973)
[M::mem_pestat] mean and std.dev: (1832.20, 13.51)
[M::mem_pestat] low and high boundaries for proper pairs: (1559, 2042)
[M::mem_pestat] analyzing insert size distribution for orientation FR...
[M::mem_pestat] (25, 50, 75) percentile: (185, 263, 331)
[M::mem_pestat] low and high boundaries for computing mean and std.dev: (1, 623)
[M::mem_pestat] mean and std.dev: (259.77, 115.53)
[M::mem_pestat] low and high boundaries for proper pairs: (1, 769)
[M::mem_pestat] analyzing insert size distribution for orientation RF...
[M::mem_pestat] (25, 50, 75) percentile: (171, 841, 4665)
[M::mem_pestat] low and high boundaries for computing mean and std.dev: (1, 13653)
[M::mem_pestat] mean and std.dev: (2365.63, 2935.58)
[M::mem_pestat] low and high boundaries for proper pairs: (1, 18147)
[M::mem_pestat] analyzing insert size distribution for orientation RR...
[M::mem_pestat] (25, 50, 75) percentile: (1835, 1835, 1837)
[M::mem_pestat] low and high boundaries for computing mean and std.dev: (1831, 1841)
[M::mem_pestat] mean and std.dev: (1835.00, 0.53)
[M::mem_pestat] low and high boundaries for proper pairs: (1829, 1843)
[M::mem_pestat] skip orientation FF
[M::mem_pestat] skip orientation RF
[M::mem_pestat] skip orientation RR
[M::mem_process_seqs] Processed 79682 reads in 55.823 CPU sec, 27.720 real sec
[M::process] read 79682 sequences (20000182 bp)...
[M::mem_pestat] # candidate unique pairs for (FF, FR, RF, RR): (38, 29580, 52, 37)
[M::mem_pestat] analyzing insert size distribution for orientation FF...
[M::mem_pestat] (25, 50, 75) percentile: (1834, 1835, 5494)
[M::mem_pestat] low and high boundaries for computing mean and std.dev: (1, 12814)
[M::mem_pestat] mean and std.dev: (3185.34, 2925.46)
[M::mem_pestat] low and high boundaries for proper pairs: (1, 16474)
[M::mem_pestat] analyzing insert size distribution for orientation FR...
[M::mem_pestat] (25, 50, 75) percentile: (185, 263, 329)
[M::mem_pestat] low and high boundaries for computing mean and std.dev: (1, 617)
[M::mem_pestat] mean and std.dev: (258.27, 112.63)
[M::mem_pestat] low and high boundaries for proper pairs: (1, 761)
[M::mem_pestat] analyzing insert size distribution for orientation RF...
[M::mem_pestat] (25, 50, 75) percentile: (153, 823, 2398)
[M::mem_pestat] low and high boundaries for computing mean and std.dev: (1, 6888)
[M::mem_pestat] mean and std.dev: (1529.22, 1823.48)
[M::mem_pestat] low and high boundaries for proper pairs: (1, 9133)
[M::mem_pestat] analyzing insert size distribution for orientation RR...
[M::mem_pestat] (25, 50, 75) percentile: (1835, 1835, 4226)
[M::mem_pestat] low and high boundaries for computing mean and std.dev: (1, 9008)
[M::mem_pestat] mean and std.dev: (2875.06, 2074.59)
[M::mem_pestat] low and high boundaries for proper pairs: (1, 11399)
[M::mem_pestat] skip orientation FF
[M::mem_pestat] skip orientation RF
[M::mem_pestat] skip orientation RR
[M::mem_process_seqs] Processed 79682 reads in 59.280 CPU sec, 29.442 real sec
[M::process] read 79682 sequences (20000182 bp)...
[M::mem_pestat] # candidate unique pairs for (FF, FR, RF, RR): (47, 29515, 46, 47)
[M::mem_pestat] analyzing insert size distribution for orientation FF...
[M::mem_pestat] (25, 50, 75) percentile: (1268, 1835, 3052)
[M::mem_pestat] low and high boundaries for computing mean and std.dev: (1, 6620)
[M::mem_pestat] mean and std.dev: (1668.30, 1148.58)
[M::mem_pestat] low and high boundaries for proper pairs: (1, 8404)
[M::mem_pestat] analyzing insert size distribution for orientation FR...
[M::mem_pestat] (25, 50, 75) percentile: (185, 263, 328)
[M::mem_pestat] low and high boundaries for computing mean and std.dev: (1, 614)
[M::mem_pestat] mean and std.dev: (257.07, 112.48)
[M::mem_pestat] low and high boundaries for proper pairs: (1, 757)
[M::mem_pestat] analyzing insert size distribution for orientation RF...
[M::mem_pestat] (25, 50, 75) percentile: (95, 1527, 3890)
[M::mem_pestat] low and high boundaries for computing mean and std.dev: (1, 11480)
[M::mem_pestat] mean and std.dev: (2142.04, 2333.19)
[M::mem_pestat] low and high boundaries for proper pairs: (1, 15275)
[M::mem_pestat] analyzing insert size distribution for orientation RR...
[M::mem_pestat] (25, 50, 75) percentile: (1268, 1835, 4061)
[M::mem_pestat] low and high boundaries for computing mean and std.dev: (1, 9647)
[M::mem_pestat] mean and std.dev: (2670.23, 2456.31)
[M::mem_pestat] low and high boundaries for proper pairs: (1, 12495)
[M::mem_pestat] skip orientation FF
[M::mem_pestat] skip orientation RF
[M::mem_pestat] skip orientation RR
[M::mem_process_seqs] Processed 79682 reads in 54.694 CPU sec, 27.156 real sec
[M::process] read 79682 sequences (20000182 bp)...
[M::mem_pestat] # candidate unique pairs for (FF, FR, RF, RR): (30, 29582, 49, 37)
[M::mem_pestat] analyzing insert size distribution for orientation FF...
[M::mem_pestat] (25, 50, 75) percentile: (1216, 1835, 2990)
[M::mem_pestat] low and high boundaries for computing mean and std.dev: (1, 6538)
[M::mem_pestat] mean and std.dev: (1713.96, 1250.08)
[M::mem_pestat] low and high boundaries for proper pairs: (1, 8312)
[M::mem_pestat] analyzing insert size distribution for orientation FR...
[M::mem_pestat] (25, 50, 75) percentile: (185, 263, 331)
[M::mem_pestat] low and high boundaries for computing mean and std.dev: (1, 623)
[M::mem_pestat] mean and std.dev: (258.62, 114.98)
[M::mem_pestat] low and high boundaries for proper pairs: (1, 769)
[M::mem_pestat] analyzing insert size distribution for orientation RF...
[M::mem_pestat] (25, 50, 75) percentile: (82, 1393, 4100)
[M::mem_pestat] low and high boundaries for computing mean and std.dev: (1, 12136)
[M::mem_pestat] mean and std.dev: (2215.88, 2273.70)
[M::mem_pestat] low and high boundaries for proper pairs: (1, 16154)
[M::mem_pestat] analyzing insert size distribution for orientation RR...
[M::mem_pestat] (25, 50, 75) percentile: (562, 1835, 5494)
[M::mem_pestat] low and high boundaries for computing mean and std.dev: (1, 15358)
[M::mem_pestat] mean and std.dev: (3170.51, 2802.87)
[M::mem_pestat] low and high boundaries for proper pairs: (1, 20290)
[M::mem_pestat] skip orientation FF
[M::mem_pestat] skip orientation RF
[M::mem_pestat] skip orientation RR
[M::mem_process_seqs] Processed 79682 reads in 56.154 CPU sec, 27.854 real sec
[M::process] read 79682 sequences (20000182 bp)...
[M::mem_pestat] # candidate unique pairs for (FF, FR, RF, RR): (40, 29498, 61, 42)
[M::mem_pestat] analyzing insert size distribution for orientation FF...
[M::mem_pestat] (25, 50, 75) percentile: (1585, 1835, 2888)
[M::mem_pestat] low and high boundaries for computing mean and std.dev: (1, 5494)
[M::mem_pestat] mean and std.dev: (1656.77, 1102.51)
[M::mem_pestat] low and high boundaries for proper pairs: (1, 6797)
[M::mem_pestat] analyzing insert size distribution for orientation FR...
[M::mem_pestat] (25, 50, 75) percentile: (185, 263, 327)
[M::mem_pestat] low and high boundaries for computing mean and std.dev: (1, 611)
[M::mem_pestat] mean and std.dev: (257.03, 112.45)
[M::mem_pestat] low and high boundaries for proper pairs: (1, 753)
[M::mem_pestat] analyzing insert size distribution for orientation RF...
[M::mem_pestat] (25, 50, 75) percentile: (67, 793, 2759)
[M::mem_pestat] low and high boundaries for computing mean and std.dev: (1, 8143)
[M::mem_pestat] mean and std.dev: (1662.98, 2116.40)
[M::mem_pestat] low and high boundaries for proper pairs: (1, 10835)
[M::mem_pestat] analyzing insert size distribution for orientation RR...
[M::mem_pestat] (25, 50, 75) percentile: (553, 1835, 1835)
[M::mem_pestat] low and high boundaries for computing mean and std.dev: (1, 4399)
[M::mem_pestat] mean and std.dev: (1322.37, 874.42)
[M::mem_pestat] low and high boundaries for proper pairs: (1, 5681)
[M::mem_pestat] skip orientation FF
[M::mem_pestat] skip orientation RF
[M::mem_pestat] skip orientation RR
[M::mem_process_seqs] Processed 79682 reads in 52.721 CPU sec, 26.160 real sec
[M::process] read 79682 sequences (20000182 bp)...
[M::mem_pestat] # candidate unique pairs for (FF, FR, RF, RR): (40, 29650, 43, 27)
[M::mem_pestat] analyzing insert size distribution for orientation FF...
[M::mem_pestat] (25, 50, 75) percentile: (562, 1835, 1835)
[M::mem_pestat] low and high boundaries for computing mean and std.dev: (1, 4381)
[M::mem_pestat] mean and std.dev: (1497.03, 961.40)
[M::mem_pestat] low and high boundaries for proper pairs: (1, 5654)
[M::mem_pestat] analyzing insert size distribution for orientation FR...
[M::mem_pestat] (25, 50, 75) percentile: (184, 263, 331)
[M::mem_pestat] low and high boundaries for computing mean and std.dev: (1, 625)
[M::mem_pestat] mean and std.dev: (256.94, 114.32)
[M::mem_pestat] low and high boundaries for proper pairs: (1, 772)
[M::mem_pestat] analyzing insert size distribution for orientation RF...
[M::mem_pestat] (25, 50, 75) percentile: (722, 2000, 3494)
[M::mem_pestat] low and high boundaries for computing mean and std.dev: (1, 9038)
[M::mem_pestat] mean and std.dev: (2444.09, 2417.42)
[M::mem_pestat] low and high boundaries for proper pairs: (1, 12114)
[M::mem_pestat] analyzing insert size distribution for orientation RR...
[M::mem_pestat] (25, 50, 75) percentile: (1835, 1835, 4226)
[M::mem_pestat] low and high boundaries for computing mean and std.dev: (1, 9008)
[M::mem_pestat] mean and std.dev: (3009.22, 2390.28)
[M::mem_pestat] low and high boundaries for proper pairs: (1, 12570)
[M::mem_pestat] skip orientation FF
[M::mem_pestat] skip orientation RF
[M::mem_pestat] skip orientation RR
[M::mem_process_seqs] Processed 79682 reads in 54.674 CPU sec, 27.108 real sec
[M::process] read 79682 sequences (20000182 bp)...
[M::mem_pestat] # candidate unique pairs for (FF, FR, RF, RR): (37, 29865, 55, 35)
[M::mem_pestat] analyzing insert size distribution for orientation FF...
[M::mem_pestat] (25, 50, 75) percentile: (1834, 1835, 2917)
[M::mem_pestat] low and high boundaries for computing mean and std.dev: (1, 5083)
[M::mem_pestat] mean and std.dev: (1625.32, 988.37)
[M::mem_pestat] low and high boundaries for proper pairs: (1, 6166)
[M::mem_pestat] analyzing insert size distribution for orientation FR...
[M::mem_pestat] (25, 50, 75) percentile: (185, 263, 331)
[M::mem_pestat] low and high boundaries for computing mean and std.dev: (1, 623)
[M::mem_pestat] mean and std.dev: (258.40, 115.15)
[M::mem_pestat] low and high boundaries for proper pairs: (1, 769)
[M::mem_pestat] analyzing insert size distribution for orientation RF...
[M::mem_pestat] (25, 50, 75) percentile: (82, 841, 2432)
[M::mem_pestat] low and high boundaries for computing mean and std.dev: (1, 7132)
[M::mem_pestat] mean and std.dev: (1596.41, 1793.98)
[M::mem_pestat] low and high boundaries for proper pairs: (1, 9482)
[M::mem_pestat] analyzing insert size distribution for orientation RR...
[M::mem_pestat] (25, 50, 75) percentile: (1835, 1835, 1835)
[M::mem_pestat] low and high boundaries for computing mean and std.dev: (1835, 1835)
[M::mem_pestat] mean and std.dev: (1835.00, 0.00)
[M::mem_pestat] low and high boundaries for proper pairs: (1835, 1835)
[M::mem_pestat] skip orientation FF
[M::mem_pestat] skip orientation RF
[M::mem_pestat] skip orientation RR
[M::mem_process_seqs] Processed 79682 reads in 54.322 CPU sec, 26.950 real sec
[M::process] read 79682 sequences (20000182 bp)...
[M::mem_pestat] # candidate unique pairs for (FF, FR, RF, RR): (32, 29831, 44, 43)
[M::mem_pestat] analyzing insert size distribution for orientation FF...
[M::mem_pestat] (25, 50, 75) percentile: (1835, 1835, 4061)
[M::mem_pestat] low and high boundaries for computing mean and std.dev: (1, 8513)
[M::mem_pestat] mean and std.dev: (2438.87, 1953.34)
[M::mem_pestat] low and high boundaries for proper pairs: (1, 10739)
[M::mem_pestat] analyzing insert size distribution for orientation FR...
[M::mem_pestat] (25, 50, 75) percentile: (184, 263, 328)
[M::mem_pestat] low and high boundaries for computing mean and std.dev: (1, 616)
[M::mem_pestat] mean and std.dev: (256.62, 114.19)
[M::mem_pestat] low and high boundaries for proper pairs: (1, 760)
[M::mem_pestat] analyzing insert size distribution for orientation RF...
[M::mem_pestat] (25, 50, 75) percentile: (76, 1098, 3067)
[M::mem_pestat] low and high boundaries for computing mean and std.dev: (1, 9049)
[M::mem_pestat] mean and std.dev: (2191.59, 2660.80)
[M::mem_pestat] low and high boundaries for proper pairs: (1, 12835)
[M::mem_pestat] analyzing insert size distribution for orientation RR...
[M::mem_pestat] (25, 50, 75) percentile: (1835, 1835, 4655)
[M::mem_pestat] low and high boundaries for computing mean and std.dev: (1, 10295)
[M::mem_pestat] mean and std.dev: (3276.09, 2558.31)
[M::mem_pestat] low and high boundaries for proper pairs: (1, 13509)
[M::mem_pestat] skip orientation FF
[M::mem_pestat] skip orientation RF
[M::mem_pestat] skip orientation RR
[M::mem_process_seqs] Processed 79682 reads in 57.543 CPU sec, 28.573 real sec
[M::process] read 20796 sequences (5219796 bp)...
[M::mem_pestat] # candidate unique pairs for (FF, FR, RF, RR): (44, 29773, 44, 42)
[M::mem_pestat] analyzing insert size distribution for orientation FF...
[M::mem_pestat] (25, 50, 75) percentile: (1835, 1835, 2434)
[M::mem_pestat] low and high boundaries for computing mean and std.dev: (637, 3632)
[M::mem_pestat] mean and std.dev: (1881.38, 160.83)
[M::mem_pestat] low and high boundaries for proper pairs: (38, 4231)
[M::mem_pestat] analyzing insert size distribution for orientation FR...
[M::mem_pestat] (25, 50, 75) percentile: (185, 263, 331)
[M::mem_pestat] low and high boundaries for computing mean and std.dev: (1, 623)
[M::mem_pestat] mean and std.dev: (257.91, 114.08)
[M::mem_pestat] low and high boundaries for proper pairs: (1, 769)
[M::mem_pestat] analyzing insert size distribution for orientation RF...
[M::mem_pestat] (25, 50, 75) percentile: (124, 1545, 3574)
[M::mem_pestat] low and high boundaries for computing mean and std.dev: (1, 10474)
[M::mem_pestat] mean and std.dev: (2261.66, 2509.84)
[M::mem_pestat] low and high boundaries for proper pairs: (1, 13924)
[M::mem_pestat] analyzing insert size distribution for orientation RR...
[M::mem_pestat] (25, 50, 75) percentile: (1163, 1835, 1835)
[M::mem_pestat] low and high boundaries for computing mean and std.dev: (1, 3179)
[M::mem_pestat] mean and std.dev: (1393.94, 627.93)
[M::mem_pestat] low and high boundaries for proper pairs: (1, 3906)
[M::mem_pestat] skip orientation FF
[M::mem_pestat] skip orientation RF
[M::mem_pestat] skip orientation RR
[M::mem_process_seqs] Processed 79682 reads in 59.827 CPU sec, 29.838 real sec
[M::mem_pestat] # candidate unique pairs for (FF, FR, RF, RR): (9, 7793, 8, 8)
[M::mem_pestat] skip orientation FF as there are not enough pairs
[M::mem_pestat] analyzing insert size distribution for orientation FR...
[M::mem_pestat] (25, 50, 75) percentile: (184, 263, 325)
[M::mem_pestat] low and high boundaries for computing mean and std.dev: (1, 607)
[M::mem_pestat] mean and std.dev: (256.62, 108.64)
[M::mem_pestat] low and high boundaries for proper pairs: (1, 748)
[M::mem_pestat] skip orientation RF as there are not enough pairs
[M::mem_pestat] skip orientation RR as there are not enough pairs
[M::mem_process_seqs] Processed 20796 reads in 16.501 CPU sec, 8.181 real sec
[main] Version: 0.7.17-r1188
[main] CMD: bwa mem -t 2 /workspace/home/nasirja/covid-19-signal/data/composite_human_viral_reference.fna SC2259/raw_fastq/SC2259_R1.fastq.gz SC2259/raw_fastq/SC2259_R2.fastq.gz
[main] Real time: 354.781 sec; CPU: 704.136 sec
viral read count = 131463 (13.46%)
human read count = 804126 (82.31%) 
unmapped read count = 41391 (4.24%)
