Path to Cutadapt set as: 'cutadapt' (default)
Cutadapt seems to be working fine (tested command 'cutadapt --version')
Cutadapt version: 4.1
Could not detect version of Python used by Cutadapt from the first line of Cutadapt (but found this: >>>#!/bin/sh<<<)
Letting the (modified) Cutadapt deal with the Python version instead
Parallel gzip (pigz) detected. Proceeding with multicore (de)compression using 2 cores

No quality encoding type selected. Assuming that the data provided uses Sanger encoded Phred scores (default)

Output will be written into the directory: /workspace/home/nasirja/covid-19-signal/subset_viral_7_results_dir/SC2262/adapter_trimmed/


AUTO-DETECTING ADAPTER TYPE
===========================
Attempting to auto-detect adapter type from the first 1 million sequences of the first file (>> SC2262/host_removal/SC2262_R1.fastq.gz <<)

Found perfect matches for the following adapter sequences:
Adapter type	Count	Sequence	Sequences analysed	Percentage
Illumina	13692	AGATCGGAAGAGC	664612	2.06
smallRNA	0	TGGAATTCTCGG	664612	0.00
Nextera	0	CTGTCTCTTATA	664612	0.00
Using Illumina adapter for trimming (count: 13692). Second best hit was smallRNA (count: 0)

Writing report to '/workspace/home/nasirja/covid-19-signal/subset_viral_7_results_dir/SC2262/adapter_trimmed/SC2262_R1.fastq.gz_trimming_report.txt'

SUMMARISING RUN PARAMETERS
==========================
Input filename: SC2262/host_removal/SC2262_R1.fastq.gz
Trimming mode: paired-end
Trim Galore version: 0.6.4_dev
Cutadapt version: 4.1
Python version: could not detect
Number of cores used for trimming: 2
Quality Phred score cutoff: 20
Quality encoding type selected: ASCII+33
Adapter sequence: 'AGATCGGAAGAGC' (Illumina TruSeq, Sanger iPCR; auto-detected)
Maximum trimming error rate: 0.1 (default)
Minimum required adapter overlap (stringency): 1 bp
Minimum required sequence length for both reads before a sequence pair gets removed: 20 bp
Running FastQC on the data once trimming has completed
Output file(s) will be GZIP compressed

Cutadapt seems to be fairly up-to-date (version 4.1). Setting -j 2
Writing final adapter and quality trimmed output to SC2262_R1_trimmed.fq.gz


  >>> Now performing quality (cutoff '-q 20') and adapter trimming in a single pass for the adapter sequence: 'AGATCGGAAGAGC' from file SC2262/host_removal/SC2262_R1.fastq.gz <<< 
This is cutadapt 4.1 with Python 3.9.13
Command line parameters: -j 2 -e 0.1 -q 20 -O 1 -a AGATCGGAAGAGC SC2262/host_removal/SC2262_R1.fastq.gz
Processing single-end reads on 2 cores ...
Finished in 25.53 s (38 µs/read; 1.56 M reads/minute).

=== Summary ===

Total reads processed:                 664,612
Reads with adapters:                   236,120 (35.5%)
Reads written (passing filters):       664,612 (100.0%)

Total basepairs processed:   166,817,612 bp
Quality-trimmed:               1,613,117 bp (1.0%)
Total written (filtered):    163,379,132 bp (97.9%)

=== Adapter 1 ===

Sequence: AGATCGGAAGAGC; Type: regular 3'; Length: 13; Trimmed: 236120 times

Minimum overlap: 1
No. of allowed errors:
1-9 bp: 0; 10-13 bp: 1

Bases preceding removed adapters:
  A: 36.3%
  C: 19.2%
  G: 11.9%
  T: 31.3%
  none/other: 1.3%

Overview of removed sequences
length	count	expect	max.err	error counts
1	150220	166153.0	0	150220
2	57829	41538.2	0	57829
3	6366	10384.6	0	6366
4	2464	2596.1	0	2464
5	82	649.0	0	82
6	86	162.3	0	86
7	1438	40.6	0	1438
8	53	10.1	0	53
9	101	2.5	0	101
10	97	0.6	1	91 6
11	55	0.2	1	48 7
12	134	0.0	1	126 8
13	65	0.0	1	64 1
14	46	0.0	1	43 3
15	79	0.0	1	75 4
16	39	0.0	1	35 4
17	60	0.0	1	51 9
18	50	0.0	1	46 4
19	33	0.0	1	31 2
20	68	0.0	1	62 6
21	53	0.0	1	48 5
22	66	0.0	1	61 5
23	59	0.0	1	52 7
24	647	0.0	1	623 24
25	191	0.0	1	183 8
26	48	0.0	1	46 2
27	73	0.0	1	65 8
28	116	0.0	1	106 10
29	42	0.0	1	38 4
30	76	0.0	1	72 4
31	39	0.0	1	35 4
32	64	0.0	1	58 6
33	54	0.0	1	49 5
34	119	0.0	1	113 6
35	151	0.0	1	144 7
36	200	0.0	1	184 16
37	220	0.0	1	212 8
38	45	0.0	1	41 4
39	97	0.0	1	89 8
40	35	0.0	1	30 5
41	121	0.0	1	109 12
42	156	0.0	1	148 8
43	156	0.0	1	149 7
44	62	0.0	1	58 4
45	42	0.0	1	40 2
46	30	0.0	1	27 3
47	58	0.0	1	54 4
48	34	0.0	1	31 3
49	58	0.0	1	57 1
50	23	0.0	1	19 4
51	43	0.0	1	42 1
52	49	0.0	1	45 4
53	51	0.0	1	41 10
54	95	0.0	1	81 14
55	62	0.0	1	53 9
56	36	0.0	1	32 4
57	40	0.0	1	38 2
58	41	0.0	1	33 8
59	52	0.0	1	49 3
60	30	0.0	1	28 2
61	20	0.0	1	17 3
62	21	0.0	1	16 5
63	44	0.0	1	42 2
64	19	0.0	1	15 4
65	54	0.0	1	49 5
66	51	0.0	1	44 7
67	26	0.0	1	21 5
68	44	0.0	1	34 10
69	56	0.0	1	48 8
70	53	0.0	1	48 5
71	82	0.0	1	76 6
72	121	0.0	1	101 20
73	168	0.0	1	125 43
74	372	0.0	1	258 114
75	714	0.0	1	471 243
76	1850	0.0	1	1559 291
77	1562	0.0	1	1344 218
78	948	0.0	1	767 181
79	682	0.0	1	552 130
80	407	0.0	1	337 70
81	297	0.0	1	240 57
82	240	0.0	1	186 54
83	158	0.0	1	128 30
84	147	0.0	1	108 39
85	103	0.0	1	77 26
86	114	0.0	1	82 32
87	105	0.0	1	81 24
88	97	0.0	1	73 24
89	97	0.0	1	79 18
90	65	0.0	1	45 20
91	61	0.0	1	54 7
92	48	0.0	1	37 11
93	58	0.0	1	46 12
94	222	0.0	1	207 15
95	64	0.0	1	56 8
96	113	0.0	1	105 8
97	89	0.0	1	78 11
98	47	0.0	1	40 7
99	31	0.0	1	23 8
100	35	0.0	1	27 8
101	27	0.0	1	23 4
102	31	0.0	1	24 7
103	29	0.0	1	19 10
104	22	0.0	1	19 3
105	80	0.0	1	73 7
106	31	0.0	1	21 10
107	29	0.0	1	23 6
108	26	0.0	1	21 5
109	30	0.0	1	19 11
110	23	0.0	1	13 10
111	13	0.0	1	7 6
112	24	0.0	1	19 5
113	29	0.0	1	24 5
114	32	0.0	1	26 6
115	27	0.0	1	18 9
116	30	0.0	1	18 12
117	53	0.0	1	43 10
118	19	0.0	1	11 8
119	15	0.0	1	8 7
120	20	0.0	1	12 8
121	13	0.0	1	7 6
122	12	0.0	1	6 6
123	27	0.0	1	17 10
124	15	0.0	1	8 7
125	19	0.0	1	11 8
126	14	0.0	1	10 4
127	33	0.0	1	23 10
128	17	0.0	1	11 6
129	24	0.0	1	15 9
130	14	0.0	1	5 9
131	26	0.0	1	14 12
132	13	0.0	1	4 9
133	28	0.0	1	22 6
134	21	0.0	1	8 13
135	12	0.0	1	8 4
136	16	0.0	1	7 9
137	17	0.0	1	5 12
138	14	0.0	1	7 7
139	19	0.0	1	9 10
140	17	0.0	1	10 7
141	50	0.0	1	37 13
142	18	0.0	1	7 11
143	14	0.0	1	11 3
144	15	0.0	1	4 11
145	19	0.0	1	14 5
146	31	0.0	1	27 4
147	38	0.0	1	30 8
148	22	0.0	1	12 10
149	13	0.0	1	7 6
150	19	0.0	1	10 9
151	18	0.0	1	14 4
152	15	0.0	1	11 4
153	45	0.0	1	42 3
154	43	0.0	1	33 10
155	31	0.0	1	24 7
156	86	0.0	1	71 15
157	50	0.0	1	39 11
158	35	0.0	1	27 8
159	54	0.0	1	52 2
160	95	0.0	1	79 16
161	59	0.0	1	46 13
162	57	0.0	1	49 8
163	33	0.0	1	21 12
164	50	0.0	1	42 8
165	26	0.0	1	15 11
166	53	0.0	1	41 12
167	64	0.0	1	51 13
168	49	0.0	1	44 5
169	53	0.0	1	42 11
170	38	0.0	1	28 10
171	22	0.0	1	14 8
172	43	0.0	1	35 8
173	28	0.0	1	18 10
174	24	0.0	1	19 5
175	44	0.0	1	39 5
176	28	0.0	1	23 5
177	21	0.0	1	12 9
178	18	0.0	1	11 7
179	17	0.0	1	9 8
180	33	0.0	1	23 10
181	33	0.0	1	26 7
182	10	0.0	1	7 3
183	20	0.0	1	14 6
184	10	0.0	1	5 5
185	59	0.0	1	51 8
186	11	0.0	1	5 6
187	10	0.0	1	5 5
188	11	0.0	1	6 5
189	10	0.0	1	5 5
190	17	0.0	1	16 1
191	7	0.0	1	4 3
192	18	0.0	1	13 5
193	11	0.0	1	4 7
194	2	0.0	1	0 2
195	4	0.0	1	3 1
196	9	0.0	1	6 3
197	1	0.0	1	0 1
198	11	0.0	1	9 2
199	4	0.0	1	1 3
200	9	0.0	1	5 4
201	7	0.0	1	3 4
202	5	0.0	1	2 3
203	11	0.0	1	8 3
204	2	0.0	1	1 1
205	1	0.0	1	0 1
206	5	0.0	1	2 3
207	1	0.0	1	1
208	10	0.0	1	7 3
209	9	0.0	1	6 3
210	8	0.0	1	7 1
211	10	0.0	1	7 3
212	7	0.0	1	3 4
213	7	0.0	1	6 1
214	8	0.0	1	7 1
215	6	0.0	1	4 2
216	5	0.0	1	2 3
217	4	0.0	1	3 1
218	3	0.0	1	2 1
219	6	0.0	1	2 4
220	2	0.0	1	1 1
221	4	0.0	1	2 2
222	4	0.0	1	0 4
223	1	0.0	1	0 1
224	1	0.0	1	0 1
225	4	0.0	1	3 1
226	4	0.0	1	3 1
227	3	0.0	1	3
228	5	0.0	1	3 2
229	2	0.0	1	1 1
230	3	0.0	1	2 1
231	7	0.0	1	3 4
232	1	0.0	1	1
233	4	0.0	1	3 1
234	3	0.0	1	1 2
236	1	0.0	1	1
237	2	0.0	1	1 1
238	4	0.0	1	2 2
239	2	0.0	1	2
241	3	0.0	1	2 1
242	6	0.0	1	3 3
243	5	0.0	1	2 3
244	1	0.0	1	0 1
245	5	0.0	1	0 5
246	7	0.0	1	1 6
247	6	0.0	1	0 6
248	11	0.0	1	1 10
249	19	0.0	1	0 19
250	52	0.0	1	0 52
251	650	0.0	1	0 650

RUN STATISTICS FOR INPUT FILE: SC2262/host_removal/SC2262_R1.fastq.gz
=============================================
664612 sequences processed in total
The length threshold of paired-end sequences gets evaluated later on (in the validation step)

Writing report to '/workspace/home/nasirja/covid-19-signal/subset_viral_7_results_dir/SC2262/adapter_trimmed/SC2262_R2.fastq.gz_trimming_report.txt'

SUMMARISING RUN PARAMETERS
==========================
Input filename: SC2262/host_removal/SC2262_R2.fastq.gz
Trimming mode: paired-end
Trim Galore version: 0.6.4_dev
Cutadapt version: 4.1
Python version: could not detect
Number of cores used for trimming: 2
Quality Phred score cutoff: 20
Quality encoding type selected: ASCII+33
Adapter sequence: 'AGATCGGAAGAGC' (Illumina TruSeq, Sanger iPCR; auto-detected)
Maximum trimming error rate: 0.1 (default)
Minimum required adapter overlap (stringency): 1 bp
Minimum required sequence length for both reads before a sequence pair gets removed: 20 bp
Running FastQC on the data once trimming has completed
Output file(s) will be GZIP compressed

Cutadapt seems to be fairly up-to-date (version 4.1). Setting -j -j 2
Writing final adapter and quality trimmed output to SC2262_R2_trimmed.fq.gz


  >>> Now performing quality (cutoff '-q 20') and adapter trimming in a single pass for the adapter sequence: 'AGATCGGAAGAGC' from file SC2262/host_removal/SC2262_R2.fastq.gz <<< 
This is cutadapt 4.1 with Python 3.9.13
Command line parameters: -j 2 -e 0.1 -q 20 -O 1 -a AGATCGGAAGAGC SC2262/host_removal/SC2262_R2.fastq.gz
Processing single-end reads on 2 cores ...
Finished in 26.29 s (40 µs/read; 1.52 M reads/minute).

=== Summary ===

Total reads processed:                 664,612
Reads with adapters:                   228,905 (34.4%)
Reads written (passing filters):       664,612 (100.0%)

Total basepairs processed:   166,817,612 bp
Quality-trimmed:               2,944,863 bp (1.8%)
Total written (filtered):    162,216,108 bp (97.2%)

=== Adapter 1 ===

Sequence: AGATCGGAAGAGC; Type: regular 3'; Length: 13; Trimmed: 228905 times

Minimum overlap: 1
No. of allowed errors:
1-9 bp: 0; 10-13 bp: 1

Bases preceding removed adapters:
  A: 39.9%
  C: 18.4%
  G: 11.4%
  T: 28.7%
  none/other: 1.6%

Overview of removed sequences
length	count	expect	max.err	error counts
1	152366	166153.0	0	152366
2	48720	41538.2	0	48720
3	6879	10384.6	0	6879
4	2153	2596.1	0	2153
5	75	649.0	0	75
6	72	162.3	0	72
7	1450	40.6	0	1450
8	47	10.1	0	47
9	93	2.5	0	93
10	117	0.6	1	109 8
11	33	0.2	1	31 2
12	140	0.0	1	134 6
13	25	0.0	1	23 2
14	96	0.0	1	89 7
15	37	0.0	1	32 5
16	43	0.0	1	41 2
17	72	0.0	1	68 4
18	20	0.0	1	13 7
19	52	0.0	1	47 5
20	60	0.0	1	58 2
21	8	0.0	1	8
22	56	0.0	1	55 1
23	65	0.0	1	58 7
24	809	0.0	1	776 33
25	25	0.0	1	22 3
26	95	0.0	1	88 7
27	83	0.0	1	78 5
28	89	0.0	1	86 3
29	15	0.0	1	14 1
30	104	0.0	1	99 5
31	18	0.0	1	17 1
32	60	0.0	1	59 1
33	44	0.0	1	43 1
34	94	0.0	1	83 11
35	357	0.0	1	343 14
36	160	0.0	1	143 17
37	169	0.0	1	164 5
38	59	0.0	1	56 3
39	42	0.0	1	39 3
40	83	0.0	1	80 3
41	75	0.0	1	71 4
42	228	0.0	1	220 8
43	121	0.0	1	117 4
44	119	0.0	1	117 2
45	145	0.0	1	137 8
46	90	0.0	1	85 5
47	156	0.0	1	143 13
48	78	0.0	1	72 6
49	75	0.0	1	73 2
50	43	0.0	1	40 3
51	69	0.0	1	63 6
52	37	0.0	1	35 2
53	81	0.0	1	75 6
54	154	0.0	1	152 2
55	54	0.0	1	51 3
56	114	0.0	1	110 4
57	240	0.0	1	231 9
58	186	0.0	1	181 5
59	44	0.0	1	40 4
60	108	0.0	1	103 5
61	69	0.0	1	67 2
62	44	0.0	1	36 8
63	98	0.0	1	97 1
64	67	0.0	1	64 3
65	34	0.0	1	32 2
66	25	0.0	1	24 1
67	30	0.0	1	29 1
68	27	0.0	1	27
69	32	0.0	1	29 3
70	31	0.0	1	28 3
71	43	0.0	1	38 5
72	32	0.0	1	31 1
73	66	0.0	1	60 6
74	105	0.0	1	88 17
75	152	0.0	1	125 27
76	266	0.0	1	214 52
77	430	0.0	1	326 104
78	744	0.0	1	544 200
79	1147	0.0	1	739 408
80	2167	0.0	1	1679 488
81	1180	0.0	1	898 282
82	650	0.0	1	449 201
83	357	0.0	1	235 122
84	243	0.0	1	154 89
85	163	0.0	1	95 68
86	107	0.0	1	58 49
87	109	0.0	1	58 51
88	92	0.0	1	39 53
89	74	0.0	1	34 40
90	69	0.0	1	33 36
91	50	0.0	1	25 25
92	64	0.0	1	33 31
93	49	0.0	1	23 26
94	168	0.0	1	137 31
95	52	0.0	1	27 25
96	83	0.0	1	64 19
97	54	0.0	1	42 12
98	30	0.0	1	16 14
99	34	0.0	1	19 15
100	24	0.0	1	14 10
101	8	0.0	1	0 8
102	26	0.0	1	12 14
103	12	0.0	1	8 4
104	16	0.0	1	8 8
105	44	0.0	1	36 8
106	13	0.0	1	4 9
107	20	0.0	1	8 12
108	19	0.0	1	10 9
109	20	0.0	1	9 11
110	17	0.0	1	6 11
111	14	0.0	1	7 7
112	10	0.0	1	2 8
113	32	0.0	1	19 13
114	17	0.0	1	4 13
115	15	0.0	1	4 11
116	18	0.0	1	9 9
117	36	0.0	1	23 13
118	12	0.0	1	5 7
119	9	0.0	1	4 5
120	15	0.0	1	2 13
121	8	0.0	1	3 5
122	16	0.0	1	6 10
123	26	0.0	1	15 11
124	16	0.0	1	5 11
125	12	0.0	1	2 10
126	23	0.0	1	6 17
127	28	0.0	1	19 9
128	17	0.0	1	7 10
129	14	0.0	1	2 12
130	15	0.0	1	5 10
131	13	0.0	1	6 7
132	19	0.0	1	6 13
133	14	0.0	1	10 4
134	19	0.0	1	5 14
135	19	0.0	1	7 12
136	16	0.0	1	5 11
137	13	0.0	1	5 8
138	18	0.0	1	7 11
139	6	0.0	1	2 4
140	13	0.0	1	3 10
141	37	0.0	1	31 6
142	9	0.0	1	1 8
143	10	0.0	1	0 10
144	11	0.0	1	2 9
145	16	0.0	1	12 4
146	26	0.0	1	21 5
147	26	0.0	1	18 8
148	9	0.0	1	4 5
149	7	0.0	1	2 5
150	13	0.0	1	3 10
151	14	0.0	1	10 4
152	12	0.0	1	5 7
153	25	0.0	1	15 10
154	24	0.0	1	17 7
155	27	0.0	1	16 11
156	49	0.0	1	41 8
157	31	0.0	1	23 8
158	24	0.0	1	17 7
159	32	0.0	1	27 5
160	53	0.0	1	46 7
161	42	0.0	1	34 8
162	27	0.0	1	24 3
163	20	0.0	1	17 3
164	40	0.0	1	35 5
165	10	0.0	1	6 4
166	28	0.0	1	25 3
167	46	0.0	1	40 6
168	32	0.0	1	25 7
169	25	0.0	1	23 2
170	31	0.0	1	28 3
171	7	0.0	1	5 2
172	24	0.0	1	22 2
173	12	0.0	1	10 2
174	11	0.0	1	10 1
175	30	0.0	1	24 6
176	23	0.0	1	20 3
177	7	0.0	1	7
178	6	0.0	1	6
179	7	0.0	1	5 2
180	16	0.0	1	15 1
181	14	0.0	1	10 4
182	7	0.0	1	6 1
183	7	0.0	1	5 2
184	5	0.0	1	3 2
185	38	0.0	1	36 2
186	8	0.0	1	8
187	8	0.0	1	8
188	3	0.0	1	3
189	2	0.0	1	2
190	10	0.0	1	9 1
191	5	0.0	1	4 1
192	10	0.0	1	8 2
193	4	0.0	1	3 1
194	4	0.0	1	2 2
195	4	0.0	1	2 2
196	1	0.0	1	1
198	6	0.0	1	6
199	2	0.0	1	1 1
200	2	0.0	1	0 2
201	5	0.0	1	2 3
202	3	0.0	1	3
203	1	0.0	1	1
205	3	0.0	1	3
206	1	0.0	1	1
207	3	0.0	1	3
208	5	0.0	1	5
209	7	0.0	1	6 1
210	7	0.0	1	6 1
211	4	0.0	1	4
212	6	0.0	1	6
213	5	0.0	1	4 1
214	4	0.0	1	4
215	5	0.0	1	5
216	3	0.0	1	2 1
217	5	0.0	1	3 2
218	2	0.0	1	1 1
219	3	0.0	1	3
221	1	0.0	1	1
223	2	0.0	1	2
224	2	0.0	1	2
225	4	0.0	1	4
227	1	0.0	1	0 1
228	1	0.0	1	1
229	1	0.0	1	1
231	2	0.0	1	2
232	2	0.0	1	2
233	1	0.0	1	1
235	2	0.0	1	2
238	2	0.0	1	2
239	1	0.0	1	1
240	1	0.0	1	1
241	1	0.0	1	1
242	2	0.0	1	1 1
243	3	0.0	1	2 1
244	1	0.0	1	1
245	2	0.0	1	0 2
246	2	0.0	1	1 1
247	3	0.0	1	0 3
248	4	0.0	1	1 3
249	7	0.0	1	0 7
250	13	0.0	1	0 13
251	572	0.0	1	0 572

RUN STATISTICS FOR INPUT FILE: SC2262/host_removal/SC2262_R2.fastq.gz
=============================================
664612 sequences processed in total
The length threshold of paired-end sequences gets evaluated later on (in the validation step)

Validate paired-end files SC2262_R1_trimmed.fq.gz and SC2262_R2_trimmed.fq.gz
file_1: SC2262_R1_trimmed.fq.gz, file_2: SC2262_R2_trimmed.fq.gz


>>>>> Now validing the length of the 2 paired-end infiles: SC2262_R1_trimmed.fq.gz and SC2262_R2_trimmed.fq.gz <<<<<
Writing validated paired-end Read 1 reads to SC2262_R1_val_1.fq.gz
Writing validated paired-end Read 2 reads to SC2262_R2_val_2.fq.gz

Total number of sequences analysed: 664612

Number of sequence pairs removed because at least one read was shorter than the length cutoff (20 bp): 5550 (0.84%)


  >>> Now running FastQC on the validated data SC2262_R1_val_1.fq.gz<<<

Started analysis of SC2262_R1_val_1.fq.gz
Approx 5% complete for SC2262_R1_val_1.fq.gz
Approx 10% complete for SC2262_R1_val_1.fq.gz
Approx 15% complete for SC2262_R1_val_1.fq.gz
Approx 20% complete for SC2262_R1_val_1.fq.gz
Approx 25% complete for SC2262_R1_val_1.fq.gz
Approx 30% complete for SC2262_R1_val_1.fq.gz
Approx 35% complete for SC2262_R1_val_1.fq.gz
Approx 40% complete for SC2262_R1_val_1.fq.gz
Approx 45% complete for SC2262_R1_val_1.fq.gz
Approx 50% complete for SC2262_R1_val_1.fq.gz
Approx 55% complete for SC2262_R1_val_1.fq.gz
Approx 60% complete for SC2262_R1_val_1.fq.gz
Approx 65% complete for SC2262_R1_val_1.fq.gz
Approx 70% complete for SC2262_R1_val_1.fq.gz
Approx 75% complete for SC2262_R1_val_1.fq.gz
Approx 80% complete for SC2262_R1_val_1.fq.gz
Approx 85% complete for SC2262_R1_val_1.fq.gz
Approx 90% complete for SC2262_R1_val_1.fq.gz
Approx 95% complete for SC2262_R1_val_1.fq.gz

  >>> Now running FastQC on the validated data SC2262_R2_val_2.fq.gz<<<

Started analysis of SC2262_R2_val_2.fq.gz
Approx 5% complete for SC2262_R2_val_2.fq.gz
Approx 10% complete for SC2262_R2_val_2.fq.gz
Approx 15% complete for SC2262_R2_val_2.fq.gz
Approx 20% complete for SC2262_R2_val_2.fq.gz
Approx 25% complete for SC2262_R2_val_2.fq.gz
Approx 30% complete for SC2262_R2_val_2.fq.gz
Approx 35% complete for SC2262_R2_val_2.fq.gz
Approx 40% complete for SC2262_R2_val_2.fq.gz
Approx 45% complete for SC2262_R2_val_2.fq.gz
Approx 50% complete for SC2262_R2_val_2.fq.gz
Approx 55% complete for SC2262_R2_val_2.fq.gz
Approx 60% complete for SC2262_R2_val_2.fq.gz
Approx 65% complete for SC2262_R2_val_2.fq.gz
Approx 70% complete for SC2262_R2_val_2.fq.gz
Approx 75% complete for SC2262_R2_val_2.fq.gz
Approx 80% complete for SC2262_R2_val_2.fq.gz
Approx 85% complete for SC2262_R2_val_2.fq.gz
Approx 90% complete for SC2262_R2_val_2.fq.gz
Approx 95% complete for SC2262_R2_val_2.fq.gz
Deleting both intermediate output files SC2262_R1_trimmed.fq.gz and SC2262_R2_trimmed.fq.gz

====================================================================================================

