[M::bwa_idx_load_from_disk] read 0 ALT contigs
[M::process] read 79682 sequences (20000182 bp)...
[M::process] read 79682 sequences (20000182 bp)...
[M::mem_pestat] # candidate unique pairs for (FF, FR, RF, RR): (6, 38425, 47, 13)
[M::mem_pestat] skip orientation FF as there are not enough pairs
[M::mem_pestat] analyzing insert size distribution for orientation FR...
[M::mem_pestat] (25, 50, 75) percentile: (380, 385, 393)
[M::mem_pestat] low and high boundaries for computing mean and std.dev: (354, 419)
[M::mem_pestat] mean and std.dev: (389.03, 10.82)
[M::mem_pestat] low and high boundaries for proper pairs: (341, 432)
[M::mem_pestat] analyzing insert size distribution for orientation RF...
[M::mem_pestat] (25, 50, 75) percentile: (215, 220, 249)
[M::mem_pestat] low and high boundaries for computing mean and std.dev: (147, 317)
[M::mem_pestat] mean and std.dev: (223.53, 16.77)
[M::mem_pestat] low and high boundaries for proper pairs: (113, 351)
[M::mem_pestat] analyzing insert size distribution for orientation RR...
[M::mem_pestat] (25, 50, 75) percentile: (1113, 1262, 5110)
[M::mem_pestat] low and high boundaries for computing mean and std.dev: (1, 13104)
[M::mem_pestat] mean and std.dev: (2415.00, 1975.51)
[M::mem_pestat] low and high boundaries for proper pairs: (1, 17101)
[M::mem_pestat] skip orientation RF
[M::mem_pestat] skip orientation RR
[M::mem_process_seqs] Processed 79682 reads in 34.122 CPU sec, 20.391 real sec
[M::process] read 79682 sequences (20000182 bp)...
[M::mem_pestat] # candidate unique pairs for (FF, FR, RF, RR): (18, 38323, 53, 9)
[M::mem_pestat] analyzing insert size distribution for orientation FF...
[M::mem_pestat] (25, 50, 75) percentile: (1614, 3574, 7025)
[M::mem_pestat] low and high boundaries for computing mean and std.dev: (1, 17847)
[M::mem_pestat] mean and std.dev: (3943.50, 2908.31)
[M::mem_pestat] low and high boundaries for proper pairs: (1, 23258)
[M::mem_pestat] analyzing insert size distribution for orientation FR...
[M::mem_pestat] (25, 50, 75) percentile: (380, 385, 393)
[M::mem_pestat] low and high boundaries for computing mean and std.dev: (354, 419)
[M::mem_pestat] mean and std.dev: (388.70, 10.68)
[M::mem_pestat] low and high boundaries for proper pairs: (341, 432)
[M::mem_pestat] analyzing insert size distribution for orientation RF...
[M::mem_pestat] (25, 50, 75) percentile: (215, 230, 823)
[M::mem_pestat] low and high boundaries for computing mean and std.dev: (1, 2039)
[M::mem_pestat] mean and std.dev: (356.34, 351.87)
[M::mem_pestat] low and high boundaries for proper pairs: (1, 2647)
[M::mem_pestat] skip orientation RR as there are not enough pairs
[M::mem_pestat] skip orientation FF
[M::mem_pestat] skip orientation RF
[M::mem_process_seqs] Processed 79682 reads in 24.607 CPU sec, 12.070 real sec
[M::process] read 79682 sequences (20000182 bp)...
[M::mem_pestat] # candidate unique pairs for (FF, FR, RF, RR): (7, 38321, 52, 5)
[M::mem_pestat] skip orientation FF as there are not enough pairs
[M::mem_pestat] analyzing insert size distribution for orientation FR...
[M::mem_pestat] (25, 50, 75) percentile: (379, 385, 393)
[M::mem_pestat] low and high boundaries for computing mean and std.dev: (351, 421)
[M::mem_pestat] mean and std.dev: (388.27, 10.90)
[M::mem_pestat] low and high boundaries for proper pairs: (337, 435)
[M::mem_pestat] analyzing insert size distribution for orientation RF...
[M::mem_pestat] (25, 50, 75) percentile: (215, 223, 609)
[M::mem_pestat] low and high boundaries for computing mean and std.dev: (1, 1397)
[M::mem_pestat] mean and std.dev: (265.91, 175.53)
[M::mem_pestat] low and high boundaries for proper pairs: (1, 1791)
[M::mem_pestat] skip orientation RR as there are not enough pairs
[M::mem_pestat] skip orientation RF
[M::mem_process_seqs] Processed 79682 reads in 31.881 CPU sec, 15.699 real sec
[M::process] read 79682 sequences (20000182 bp)...
[M::mem_pestat] # candidate unique pairs for (FF, FR, RF, RR): (9, 38360, 51, 12)
[M::mem_pestat] skip orientation FF as there are not enough pairs
[M::mem_pestat] analyzing insert size distribution for orientation FR...
[M::mem_pestat] (25, 50, 75) percentile: (380, 385, 393)
[M::mem_pestat] low and high boundaries for computing mean and std.dev: (354, 419)
[M::mem_pestat] mean and std.dev: (389.05, 10.81)
[M::mem_pestat] low and high boundaries for proper pairs: (341, 432)
[M::mem_pestat] analyzing insert size distribution for orientation RF...
[M::mem_pestat] (25, 50, 75) percentile: (215, 224, 249)
[M::mem_pestat] low and high boundaries for computing mean and std.dev: (147, 317)
[M::mem_pestat] mean and std.dev: (223.64, 21.24)
[M::mem_pestat] low and high boundaries for proper pairs: (113, 351)
[M::mem_pestat] analyzing insert size distribution for orientation RR...
[M::mem_pestat] (25, 50, 75) percentile: (2057, 4061, 5726)
[M::mem_pestat] low and high boundaries for computing mean and std.dev: (1, 13064)
[M::mem_pestat] mean and std.dev: (3740.75, 2720.81)
[M::mem_pestat] low and high boundaries for proper pairs: (1, 16733)
[M::mem_pestat] skip orientation RF
[M::mem_pestat] skip orientation RR
[M::mem_process_seqs] Processed 79682 reads in 29.502 CPU sec, 14.479 real sec
[M::process] read 79682 sequences (20000182 bp)...
[M::mem_pestat] # candidate unique pairs for (FF, FR, RF, RR): (11, 38302, 59, 6)
[M::mem_pestat] analyzing insert size distribution for orientation FF...
[M::mem_pestat] (25, 50, 75) percentile: (1157, 1614, 3334)
[M::mem_pestat] low and high boundaries for computing mean and std.dev: (1, 7688)
[M::mem_pestat] mean and std.dev: (1665.00, 1016.67)
[M::mem_pestat] low and high boundaries for proper pairs: (1, 9865)
[M::mem_pestat] analyzing insert size distribution for orientation FR...
[M::mem_pestat] (25, 50, 75) percentile: (380, 385, 393)
[M::mem_pestat] low and high boundaries for computing mean and std.dev: (354, 419)
[M::mem_pestat] mean and std.dev: (388.75, 10.74)
[M::mem_pestat] low and high boundaries for proper pairs: (341, 432)
[M::mem_pestat] analyzing insert size distribution for orientation RF...
[M::mem_pestat] (25, 50, 75) percentile: (215, 230, 849)
[M::mem_pestat] low and high boundaries for computing mean and std.dev: (1, 2117)
[M::mem_pestat] mean and std.dev: (401.71, 372.32)
[M::mem_pestat] low and high boundaries for proper pairs: (1, 2751)
[M::mem_pestat] skip orientation RR as there are not enough pairs
[M::mem_pestat] skip orientation FF
[M::mem_pestat] skip orientation RF
[M::mem_process_seqs] Processed 79682 reads in 28.173 CPU sec, 13.807 real sec
[M::process] read 79682 sequences (20000182 bp)...
[M::mem_pestat] # candidate unique pairs for (FF, FR, RF, RR): (4, 38342, 46, 9)
[M::mem_pestat] skip orientation FF as there are not enough pairs
[M::mem_pestat] analyzing insert size distribution for orientation FR...
[M::mem_pestat] (25, 50, 75) percentile: (380, 385, 393)
[M::mem_pestat] low and high boundaries for computing mean and std.dev: (354, 419)
[M::mem_pestat] mean and std.dev: (388.63, 10.82)
[M::mem_pestat] low and high boundaries for proper pairs: (341, 432)
[M::mem_pestat] analyzing insert size distribution for orientation RF...
[M::mem_pestat] (25, 50, 75) percentile: (215, 220, 264)
[M::mem_pestat] low and high boundaries for computing mean and std.dev: (117, 362)
[M::mem_pestat] mean and std.dev: (226.34, 30.60)
[M::mem_pestat] low and high boundaries for proper pairs: (68, 411)
[M::mem_pestat] skip orientation RR as there are not enough pairs
[M::mem_pestat] skip orientation RF
[M::mem_process_seqs] Processed 79682 reads in 29.699 CPU sec, 14.574 real sec
[M::process] read 79682 sequences (20000182 bp)...
[M::mem_pestat] # candidate unique pairs for (FF, FR, RF, RR): (8, 38466, 47, 11)
[M::mem_pestat] skip orientation FF as there are not enough pairs
[M::mem_pestat] analyzing insert size distribution for orientation FR...
[M::mem_pestat] (25, 50, 75) percentile: (380, 385, 393)
[M::mem_pestat] low and high boundaries for computing mean and std.dev: (354, 419)
[M::mem_pestat] mean and std.dev: (389.05, 10.80)
[M::mem_pestat] low and high boundaries for proper pairs: (341, 432)
[M::mem_pestat] analyzing insert size distribution for orientation RF...
[M::mem_pestat] (25, 50, 75) percentile: (215, 223, 291)
[M::mem_pestat] low and high boundaries for computing mean and std.dev: (63, 443)
[M::mem_pestat] mean and std.dev: (216.24, 52.21)
[M::mem_pestat] low and high boundaries for proper pairs: (1, 519)
[M::mem_pestat] analyzing insert size distribution for orientation RR...
[M::mem_pestat] (25, 50, 75) percentile: (1884, 2760, 6786)
[M::mem_pestat] low and high boundaries for computing mean and std.dev: (1, 16590)
[M::mem_pestat] mean and std.dev: (3753.00, 3026.06)
[M::mem_pestat] low and high boundaries for proper pairs: (1, 21492)
[M::mem_pestat] skip orientation RF
[M::mem_pestat] skip orientation RR
[M::mem_process_seqs] Processed 79682 reads in 28.656 CPU sec, 14.069 real sec
[M::process] read 79682 sequences (20000182 bp)...
[M::mem_pestat] # candidate unique pairs for (FF, FR, RF, RR): (2, 38430, 58, 12)
[M::mem_pestat] skip orientation FF as there are not enough pairs
[M::mem_pestat] analyzing insert size distribution for orientation FR...
[M::mem_pestat] (25, 50, 75) percentile: (380, 385, 393)
[M::mem_pestat] low and high boundaries for computing mean and std.dev: (354, 419)
[M::mem_pestat] mean and std.dev: (388.47, 10.86)
[M::mem_pestat] low and high boundaries for proper pairs: (341, 432)
[M::mem_pestat] analyzing insert size distribution for orientation RF...
[M::mem_pestat] (25, 50, 75) percentile: (215, 242, 421)
[M::mem_pestat] low and high boundaries for computing mean and std.dev: (1, 833)
[M::mem_pestat] mean and std.dev: (258.85, 134.06)
[M::mem_pestat] low and high boundaries for proper pairs: (1, 1039)
[M::mem_pestat] analyzing insert size distribution for orientation RR...
[M::mem_pestat] (25, 50, 75) percentile: (2057, 3251, 7832)
[M::mem_pestat] low and high boundaries for computing mean and std.dev: (1, 19382)
[M::mem_pestat] mean and std.dev: (4020.92, 2961.36)
[M::mem_pestat] low and high boundaries for proper pairs: (1, 25157)
[M::mem_pestat] skip orientation RF
[M::mem_pestat] skip orientation RR
[M::mem_process_seqs] Processed 79682 reads in 30.652 CPU sec, 15.061 real sec
[M::process] read 79682 sequences (20000182 bp)...
[M::mem_pestat] # candidate unique pairs for (FF, FR, RF, RR): (13, 38302, 49, 10)
[M::mem_pestat] analyzing insert size distribution for orientation FF...
[M::mem_pestat] (25, 50, 75) percentile: (3993, 5069, 8841)
[M::mem_pestat] low and high boundaries for computing mean and std.dev: (1, 18537)
[M::mem_pestat] mean and std.dev: (5289.54, 2574.54)
[M::mem_pestat] low and high boundaries for proper pairs: (1, 23385)
[M::mem_pestat] analyzing insert size distribution for orientation FR...
[M::mem_pestat] (25, 50, 75) percentile: (380, 385, 393)
[M::mem_pestat] low and high boundaries for computing mean and std.dev: (354, 419)
[M::mem_pestat] mean and std.dev: (388.44, 10.96)
[M::mem_pestat] low and high boundaries for proper pairs: (341, 432)
[M::mem_pestat] analyzing insert size distribution for orientation RF...
[M::mem_pestat] (25, 50, 75) percentile: (215, 230, 1260)
[M::mem_pestat] low and high boundaries for computing mean and std.dev: (1, 3350)
[M::mem_pestat] mean and std.dev: (511.26, 667.71)
[M::mem_pestat] low and high boundaries for proper pairs: (1, 4395)
[M::mem_pestat] analyzing insert size distribution for orientation RR...
[M::mem_pestat] (25, 50, 75) percentile: (900, 5837, 7295)
[M::mem_pestat] low and high boundaries for computing mean and std.dev: (1, 20085)
[M::mem_pestat] mean and std.dev: (4456.60, 3154.76)
[M::mem_pestat] low and high boundaries for proper pairs: (1, 26480)
[M::mem_pestat] skip orientation FF
[M::mem_pestat] skip orientation RF
[M::mem_pestat] skip orientation RR
[M::mem_process_seqs] Processed 79682 reads in 32.861 CPU sec, 16.163 real sec
[M::process] read 79682 sequences (20000182 bp)...
[M::mem_pestat] # candidate unique pairs for (FF, FR, RF, RR): (10, 38238, 59, 12)
[M::mem_pestat] analyzing insert size distribution for orientation FF...
[M::mem_pestat] (25, 50, 75) percentile: (623, 1216, 2046)
[M::mem_pestat] low and high boundaries for computing mean and std.dev: (1, 4892)
[M::mem_pestat] mean and std.dev: (1078.50, 461.12)
[M::mem_pestat] low and high boundaries for proper pairs: (1, 6315)
[M::mem_pestat] analyzing insert size distribution for orientation FR...
[M::mem_pestat] (25, 50, 75) percentile: (380, 385, 393)
[M::mem_pestat] low and high boundaries for computing mean and std.dev: (354, 419)
[M::mem_pestat] mean and std.dev: (388.93, 10.77)
[M::mem_pestat] low and high boundaries for proper pairs: (341, 432)
[M::mem_pestat] analyzing insert size distribution for orientation RF...
[M::mem_pestat] (25, 50, 75) percentile: (215, 220, 250)
[M::mem_pestat] low and high boundaries for computing mean and std.dev: (145, 320)
[M::mem_pestat] mean and std.dev: (221.67, 17.50)
[M::mem_pestat] low and high boundaries for proper pairs: (110, 355)
[M::mem_pestat] analyzing insert size distribution for orientation RR...
[M::mem_pestat] (25, 50, 75) percentile: (620, 2057, 3537)
[M::mem_pestat] low and high boundaries for computing mean and std.dev: (1, 9371)
[M::mem_pestat] mean and std.dev: (2461.25, 2643.97)
[M::mem_pestat] low and high boundaries for proper pairs: (1, 13037)
[M::mem_pestat] skip orientation FF
[M::mem_pestat] skip orientation RF
[M::mem_pestat] skip orientation RR
[M::mem_process_seqs] Processed 79682 reads in 30.837 CPU sec, 15.152 real sec
[M::process] read 79682 sequences (20000182 bp)...
[M::mem_pestat] # candidate unique pairs for (FF, FR, RF, RR): (11, 38384, 50, 10)
[M::mem_pestat] analyzing insert size distribution for orientation FF...
[M::mem_pestat] (25, 50, 75) percentile: (1884, 4620, 8135)
[M::mem_pestat] low and high boundaries for computing mean and std.dev: (1, 20637)
[M::mem_pestat] mean and std.dev: (4460.00, 3045.53)
[M::mem_pestat] low and high boundaries for proper pairs: (1, 26888)
[M::mem_pestat] analyzing insert size distribution for orientation FR...
[M::mem_pestat] (25, 50, 75) percentile: (380, 385, 393)
[M::mem_pestat] low and high boundaries for computing mean and std.dev: (354, 419)
[M::mem_pestat] mean and std.dev: (388.37, 10.86)
[M::mem_pestat] low and high boundaries for proper pairs: (341, 432)
[M::mem_pestat] analyzing insert size distribution for orientation RF...
[M::mem_pestat] (25, 50, 75) percentile: (215, 242, 824)
[M::mem_pestat] low and high boundaries for computing mean and std.dev: (1, 2042)
[M::mem_pestat] mean and std.dev: (390.82, 393.34)
[M::mem_pestat] low and high boundaries for proper pairs: (1, 2651)
[M::mem_pestat] analyzing insert size distribution for orientation RR...
[M::mem_pestat] (25, 50, 75) percentile: (597, 4296, 8651)
[M::mem_pestat] low and high boundaries for computing mean and std.dev: (1, 24759)
[M::mem_pestat] mean and std.dev: (4488.00, 3542.87)
[M::mem_pestat] low and high boundaries for proper pairs: (1, 32813)
[M::mem_pestat] skip orientation FF
[M::mem_pestat] skip orientation RF
[M::mem_pestat] skip orientation RR
[M::mem_process_seqs] Processed 79682 reads in 32.747 CPU sec, 16.103 real sec
[M::process] read 79682 sequences (20000182 bp)...
[M::mem_pestat] # candidate unique pairs for (FF, FR, RF, RR): (10, 38476, 43, 16)
[M::mem_pestat] analyzing insert size distribution for orientation FF...
[M::mem_pestat] (25, 50, 75) percentile: (1582, 6598, 6974)
[M::mem_pestat] low and high boundaries for computing mean and std.dev: (1, 17758)
[M::mem_pestat] mean and std.dev: (4850.50, 2666.96)
[M::mem_pestat] low and high boundaries for proper pairs: (1, 23150)
[M::mem_pestat] analyzing insert size distribution for orientation FR...
[M::mem_pestat] (25, 50, 75) percentile: (380, 385, 393)
[M::mem_pestat] low and high boundaries for computing mean and std.dev: (354, 419)
[M::mem_pestat] mean and std.dev: (388.97, 10.71)
[M::mem_pestat] low and high boundaries for proper pairs: (341, 432)
[M::mem_pestat] analyzing insert size distribution for orientation RF...
[M::mem_pestat] (25, 50, 75) percentile: (215, 225, 249)
[M::mem_pestat] low and high boundaries for computing mean and std.dev: (147, 317)
[M::mem_pestat] mean and std.dev: (225.48, 19.11)
[M::mem_pestat] low and high boundaries for proper pairs: (113, 351)
[M::mem_pestat] analyzing insert size distribution for orientation RR...
[M::mem_pestat] (25, 50, 75) percentile: (626, 1944, 7087)
[M::mem_pestat] low and high boundaries for computing mean and std.dev: (1, 20009)
[M::mem_pestat] mean and std.dev: (3003.62, 3162.45)
[M::mem_pestat] low and high boundaries for proper pairs: (1, 26470)
[M::mem_pestat] skip orientation FF
[M::mem_pestat] skip orientation RF
[M::mem_pestat] skip orientation RR
[M::mem_process_seqs] Processed 79682 reads in 30.786 CPU sec, 15.126 real sec
[M::process] read 79682 sequences (20000182 bp)...
[M::mem_pestat] # candidate unique pairs for (FF, FR, RF, RR): (9, 38365, 54, 15)
[M::mem_pestat] skip orientation FF as there are not enough pairs
[M::mem_pestat] analyzing insert size distribution for orientation FR...
[M::mem_pestat] (25, 50, 75) percentile: (380, 385, 393)
[M::mem_pestat] low and high boundaries for computing mean and std.dev: (354, 419)
[M::mem_pestat] mean and std.dev: (388.84, 10.81)
[M::mem_pestat] low and high boundaries for proper pairs: (341, 432)
[M::mem_pestat] analyzing insert size distribution for orientation RF...
[M::mem_pestat] (25, 50, 75) percentile: (215, 230, 249)
[M::mem_pestat] low and high boundaries for computing mean and std.dev: (147, 317)
[M::mem_pestat] mean and std.dev: (225.92, 14.70)
[M::mem_pestat] low and high boundaries for proper pairs: (113, 351)
[M::mem_pestat] analyzing insert size distribution for orientation RR...
[M::mem_pestat] (25, 50, 75) percentile: (2057, 2520, 7472)
[M::mem_pestat] low and high boundaries for computing mean and std.dev: (1, 18302)
[M::mem_pestat] mean and std.dev: (4281.87, 3067.72)
[M::mem_pestat] low and high boundaries for proper pairs: (1, 23717)
[M::mem_pestat] skip orientation RF
[M::mem_pestat] skip orientation RR
[M::mem_process_seqs] Processed 79682 reads in 33.004 CPU sec, 16.219 real sec
[M::process] read 79682 sequences (20000182 bp)...
[M::mem_pestat] # candidate unique pairs for (FF, FR, RF, RR): (9, 38278, 46, 8)
[M::mem_pestat] skip orientation FF as there are not enough pairs
[M::mem_pestat] analyzing insert size distribution for orientation FR...
[M::mem_pestat] (25, 50, 75) percentile: (379, 385, 393)
[M::mem_pestat] low and high boundaries for computing mean and std.dev: (351, 421)
[M::mem_pestat] mean and std.dev: (388.15, 10.95)
[M::mem_pestat] low and high boundaries for proper pairs: (337, 435)
[M::mem_pestat] analyzing insert size distribution for orientation RF...
[M::mem_pestat] (25, 50, 75) percentile: (215, 225, 253)
[M::mem_pestat] low and high boundaries for computing mean and std.dev: (139, 329)
[M::mem_pestat] mean and std.dev: (225.32, 21.25)
[M::mem_pestat] low and high boundaries for proper pairs: (101, 367)
[M::mem_pestat] skip orientation RR as there are not enough pairs
[M::mem_pestat] skip orientation RF
[M::mem_process_seqs] Processed 79682 reads in 33.752 CPU sec, 16.620 real sec
[M::process] read 79682 sequences (20000182 bp)...
[M::mem_pestat] # candidate unique pairs for (FF, FR, RF, RR): (10, 38285, 56, 12)
[M::mem_pestat] analyzing insert size distribution for orientation FF...
[M::mem_pestat] (25, 50, 75) percentile: (788, 4477, 8276)
[M::mem_pestat] low and high boundaries for computing mean and std.dev: (1, 23252)
[M::mem_pestat] mean and std.dev: (4624.40, 3291.75)
[M::mem_pestat] low and high boundaries for proper pairs: (1, 30740)
[M::mem_pestat] analyzing insert size distribution for orientation FR...
[M::mem_pestat] (25, 50, 75) percentile: (380, 385, 393)
[M::mem_pestat] low and high boundaries for computing mean and std.dev: (354, 419)
[M::mem_pestat] mean and std.dev: (388.90, 10.75)
[M::mem_pestat] low and high boundaries for proper pairs: (341, 432)
[M::mem_pestat] analyzing insert size distribution for orientation RF...
[M::mem_pestat] (25, 50, 75) percentile: (215, 228, 522)
[M::mem_pestat] low and high boundaries for computing mean and std.dev: (1, 1136)
[M::mem_pestat] mean and std.dev: (306.76, 200.56)
[M::mem_pestat] low and high boundaries for proper pairs: (1, 1443)
[M::mem_pestat] analyzing insert size distribution for orientation RR...
[M::mem_pestat] (25, 50, 75) percentile: (2065, 4893, 7623)
[M::mem_pestat] low and high boundaries for computing mean and std.dev: (1, 18739)
[M::mem_pestat] mean and std.dev: (4881.00, 2745.90)
[M::mem_pestat] low and high boundaries for proper pairs: (1, 24297)
[M::mem_pestat] skip orientation FF
[M::mem_pestat] skip orientation RF
[M::mem_pestat] skip orientation RR
[M::mem_process_seqs] Processed 79682 reads in 28.458 CPU sec, 13.945 real sec
[M::process] read 79682 sequences (20000182 bp)...
[M::mem_pestat] # candidate unique pairs for (FF, FR, RF, RR): (7, 38310, 40, 10)
[M::mem_pestat] skip orientation FF as there are not enough pairs
[M::mem_pestat] analyzing insert size distribution for orientation FR...
[M::mem_pestat] (25, 50, 75) percentile: (380, 385, 393)
[M::mem_pestat] low and high boundaries for computing mean and std.dev: (354, 419)
[M::mem_pestat] mean and std.dev: (388.80, 10.72)
[M::mem_pestat] low and high boundaries for proper pairs: (341, 432)
[M::mem_pestat] analyzing insert size distribution for orientation RF...
[M::mem_pestat] (25, 50, 75) percentile: (218, 243, 352)
[M::mem_pestat] low and high boundaries for computing mean and std.dev: (1, 620)
[M::mem_pestat] mean and std.dev: (262.91, 110.35)
[M::mem_pestat] low and high boundaries for proper pairs: (1, 754)
[M::mem_pestat] analyzing insert size distribution for orientation RR...
[M::mem_pestat] (25, 50, 75) percentile: (621, 2971, 7890)
[M::mem_pestat] low and high boundaries for computing mean and std.dev: (1, 22428)
[M::mem_pestat] mean and std.dev: (3936.00, 3334.18)
[M::mem_pestat] low and high boundaries for proper pairs: (1, 29697)
[M::mem_pestat] skip orientation RF
[M::mem_pestat] skip orientation RR
[M::mem_process_seqs] Processed 79682 reads in 29.668 CPU sec, 14.620 real sec
[M::process] read 79682 sequences (20000182 bp)...
[M::mem_pestat] # candidate unique pairs for (FF, FR, RF, RR): (10, 38349, 47, 7)
[M::mem_pestat] analyzing insert size distribution for orientation FF...
[M::mem_pestat] (25, 50, 75) percentile: (634, 5231, 7976)
[M::mem_pestat] low and high boundaries for computing mean and std.dev: (1, 22660)
[M::mem_pestat] mean and std.dev: (4661.70, 3128.03)
[M::mem_pestat] low and high boundaries for proper pairs: (1, 30002)
[M::mem_pestat] analyzing insert size distribution for orientation FR...
[M::mem_pestat] (25, 50, 75) percentile: (380, 385, 393)
[M::mem_pestat] low and high boundaries for computing mean and std.dev: (354, 419)
[M::mem_pestat] mean and std.dev: (388.62, 10.80)
[M::mem_pestat] low and high boundaries for proper pairs: (341, 432)
[M::mem_pestat] analyzing insert size distribution for orientation RF...
[M::mem_pestat] (25, 50, 75) percentile: (215, 242, 824)
[M::mem_pestat] low and high boundaries for computing mean and std.dev: (1, 2042)
[M::mem_pestat] mean and std.dev: (343.88, 284.65)
[M::mem_pestat] low and high boundaries for proper pairs: (1, 2651)
[M::mem_pestat] skip orientation RR as there are not enough pairs
[M::mem_pestat] skip orientation FF
[M::mem_pestat] skip orientation RF
[M::mem_process_seqs] Processed 79682 reads in 33.737 CPU sec, 16.626 real sec
[M::process] read 79682 sequences (20000182 bp)...
[M::mem_pestat] # candidate unique pairs for (FF, FR, RF, RR): (9, 38523, 39, 16)
[M::mem_pestat] skip orientation FF as there are not enough pairs
[M::mem_pestat] analyzing insert size distribution for orientation FR...
[M::mem_pestat] (25, 50, 75) percentile: (380, 385, 393)
[M::mem_pestat] low and high boundaries for computing mean and std.dev: (354, 419)
[M::mem_pestat] mean and std.dev: (389.04, 10.84)
[M::mem_pestat] low and high boundaries for proper pairs: (341, 432)
[M::mem_pestat] analyzing insert size distribution for orientation RF...
[M::mem_pestat] (25, 50, 75) percentile: (215, 230, 350)
[M::mem_pestat] low and high boundaries for computing mean and std.dev: (1, 620)
[M::mem_pestat] mean and std.dev: (223.90, 53.77)
[M::mem_pestat] low and high boundaries for proper pairs: (1, 755)
[M::mem_pestat] analyzing insert size distribution for orientation RR...
[M::mem_pestat] (25, 50, 75) percentile: (2057, 3051, 6724)
[M::mem_pestat] low and high boundaries for computing mean and std.dev: (1, 16058)
[M::mem_pestat] mean and std.dev: (3516.62, 2476.51)
[M::mem_pestat] low and high boundaries for proper pairs: (1, 20725)
[M::mem_pestat] skip orientation RF
[M::mem_pestat] skip orientation RR
[M::mem_process_seqs] Processed 79682 reads in 31.505 CPU sec, 15.443 real sec
[M::process] read 79682 sequences (20000182 bp)...
[M::mem_pestat] # candidate unique pairs for (FF, FR, RF, RR): (14, 38447, 48, 20)
[M::mem_pestat] analyzing insert size distribution for orientation FF...
[M::mem_pestat] (25, 50, 75) percentile: (1834, 5105, 7547)
[M::mem_pestat] low and high boundaries for computing mean and std.dev: (1, 18973)
[M::mem_pestat] mean and std.dev: (4937.71, 2772.43)
[M::mem_pestat] low and high boundaries for proper pairs: (1, 24686)
[M::mem_pestat] analyzing insert size distribution for orientation FR...
[M::mem_pestat] (25, 50, 75) percentile: (380, 385, 393)
[M::mem_pestat] low and high boundaries for computing mean and std.dev: (354, 419)
[M::mem_pestat] mean and std.dev: (388.66, 10.87)
[M::mem_pestat] low and high boundaries for proper pairs: (341, 432)
[M::mem_pestat] analyzing insert size distribution for orientation RF...
[M::mem_pestat] (25, 50, 75) percentile: (215, 230, 848)
[M::mem_pestat] low and high boundaries for computing mean and std.dev: (1, 2114)
[M::mem_pestat] mean and std.dev: (331.75, 260.35)
[M::mem_pestat] low and high boundaries for proper pairs: (1, 2747)
[M::mem_pestat] analyzing insert size distribution for orientation RR...
[M::mem_pestat] (25, 50, 75) percentile: (636, 2791, 5351)
[M::mem_pestat] low and high boundaries for computing mean and std.dev: (1, 14781)
[M::mem_pestat] mean and std.dev: (3149.80, 2657.68)
[M::mem_pestat] low and high boundaries for proper pairs: (1, 19496)
[M::mem_pestat] skip orientation FF
[M::mem_pestat] skip orientation RF
[M::mem_pestat] skip orientation RR
[M::mem_process_seqs] Processed 79682 reads in 30.741 CPU sec, 15.067 real sec
[M::process] read 79682 sequences (20000182 bp)...
[M::mem_pestat] # candidate unique pairs for (FF, FR, RF, RR): (12, 38469, 49, 15)
[M::mem_pestat] analyzing insert size distribution for orientation FF...
[M::mem_pestat] (25, 50, 75) percentile: (2057, 7416, 8556)
[M::mem_pestat] low and high boundaries for computing mean and std.dev: (1, 21554)
[M::mem_pestat] mean and std.dev: (5519.50, 3260.18)
[M::mem_pestat] low and high boundaries for proper pairs: (1, 28053)
[M::mem_pestat] analyzing insert size distribution for orientation FR...
[M::mem_pestat] (25, 50, 75) percentile: (380, 385, 393)
[M::mem_pestat] low and high boundaries for computing mean and std.dev: (354, 419)
[M::mem_pestat] mean and std.dev: (388.90, 10.82)
[M::mem_pestat] low and high boundaries for proper pairs: (341, 432)
[M::mem_pestat] analyzing insert size distribution for orientation RF...
[M::mem_pestat] (25, 50, 75) percentile: (215, 239, 527)
[M::mem_pestat] low and high boundaries for computing mean and std.dev: (1, 1151)
[M::mem_pestat] mean and std.dev: (277.07, 186.13)
[M::mem_pestat] low and high boundaries for proper pairs: (1, 1463)
[M::mem_pestat] analyzing insert size distribution for orientation RR...
[M::mem_pestat] (25, 50, 75) percentile: (1276, 2065, 4978)
[M::mem_pestat] low and high boundaries for computing mean and std.dev: (1, 12382)
[M::mem_pestat] mean and std.dev: (3317.60, 2660.83)
[M::mem_pestat] low and high boundaries for proper pairs: (1, 16084)
[M::mem_pestat] skip orientation FF
[M::mem_pestat] skip orientation RF
[M::mem_pestat] skip orientation RR
[M::mem_process_seqs] Processed 79682 reads in 27.066 CPU sec, 13.326 real sec
[M::process] read 79682 sequences (20000182 bp)...
[M::mem_pestat] # candidate unique pairs for (FF, FR, RF, RR): (8, 38335, 42, 19)
[M::mem_pestat] skip orientation FF as there are not enough pairs
[M::mem_pestat] analyzing insert size distribution for orientation FR...
[M::mem_pestat] (25, 50, 75) percentile: (380, 385, 393)
[M::mem_pestat] low and high boundaries for computing mean and std.dev: (354, 419)
[M::mem_pestat] mean and std.dev: (388.83, 10.70)
[M::mem_pestat] low and high boundaries for proper pairs: (341, 432)
[M::mem_pestat] analyzing insert size distribution for orientation RF...
[M::mem_pestat] (25, 50, 75) percentile: (220, 242, 1306)
[M::mem_pestat] low and high boundaries for computing mean and std.dev: (1, 3478)
[M::mem_pestat] mean and std.dev: (531.25, 727.93)
[M::mem_pestat] low and high boundaries for proper pairs: (1, 4564)
[M::mem_pestat] analyzing insert size distribution for orientation RR...
[M::mem_pestat] (25, 50, 75) percentile: (1545, 2056, 2322)
[M::mem_pestat] low and high boundaries for computing mean and std.dev: (1, 3876)
[M::mem_pestat] mean and std.dev: (1493.27, 714.82)
[M::mem_pestat] low and high boundaries for proper pairs: (1, 4653)
[M::mem_pestat] skip orientation RF
[M::mem_pestat] skip orientation RR
[M::mem_process_seqs] Processed 79682 reads in 31.081 CPU sec, 15.249 real sec
[M::process] read 8424 sequences (2114424 bp)...
[M::mem_pestat] # candidate unique pairs for (FF, FR, RF, RR): (7, 38313, 38, 10)
[M::mem_pestat] skip orientation FF as there are not enough pairs
[M::mem_pestat] analyzing insert size distribution for orientation FR...
[M::mem_pestat] (25, 50, 75) percentile: (380, 385, 393)
[M::mem_pestat] low and high boundaries for computing mean and std.dev: (354, 419)
[M::mem_pestat] mean and std.dev: (388.61, 10.92)
[M::mem_pestat] low and high boundaries for proper pairs: (341, 432)
[M::mem_pestat] analyzing insert size distribution for orientation RF...
[M::mem_pestat] (25, 50, 75) percentile: (215, 249, 867)
[M::mem_pestat] low and high boundaries for computing mean and std.dev: (1, 2171)
[M::mem_pestat] mean and std.dev: (346.32, 295.75)
[M::mem_pestat] low and high boundaries for proper pairs: (1, 2823)
[M::mem_pestat] analyzing insert size distribution for orientation RR...
[M::mem_pestat] (25, 50, 75) percentile: (2057, 2429, 7330)
[M::mem_pestat] low and high boundaries for computing mean and std.dev: (1, 17876)
[M::mem_pestat] mean and std.dev: (4142.00, 2670.29)
[M::mem_pestat] low and high boundaries for proper pairs: (1, 23149)
[M::mem_pestat] skip orientation RF
[M::mem_pestat] skip orientation RR
[M::mem_process_seqs] Processed 79682 reads in 29.712 CPU sec, 14.771 real sec
[M::mem_pestat] # candidate unique pairs for (FF, FR, RF, RR): (1, 4037, 4, 0)
[M::mem_pestat] skip orientation FF as there are not enough pairs
[M::mem_pestat] analyzing insert size distribution for orientation FR...
[M::mem_pestat] (25, 50, 75) percentile: (379, 384, 393)
[M::mem_pestat] low and high boundaries for computing mean and std.dev: (351, 421)
[M::mem_pestat] mean and std.dev: (387.86, 10.94)
[M::mem_pestat] low and high boundaries for proper pairs: (337, 435)
[M::mem_pestat] skip orientation RF as there are not enough pairs
[M::mem_pestat] skip orientation RR as there are not enough pairs
[M::mem_process_seqs] Processed 8424 reads in 4.121 CPU sec, 1.990 real sec
[main] Version: 0.7.17-r1188
[main] CMD: bwa mem -t 2 /workspace/home/nasirja/covid-19-signal/data/composite_human_viral_reference.fna SC2252/raw_fastq/SC2252_R1.fastq.gz SC2252/raw_fastq/SC2252_R2.fastq.gz
[main] Real time: 342.733 sec; CPU: 683.067 sec
viral read count = 1683137 (95.56%)
human read count = 27702 (1.57%) 
unmapped read count = 50589 (2.87%)
