[M::bwa_idx_load_from_disk] read 0 ALT contigs
[M::process] read 79682 sequences (20000182 bp)...
[M::process] read 79682 sequences (20000182 bp)...
[M::mem_pestat] # candidate unique pairs for (FF, FR, RF, RR): (5, 39546, 21, 4)
[M::mem_pestat] skip orientation FF as there are not enough pairs
[M::mem_pestat] analyzing insert size distribution for orientation FR...
[M::mem_pestat] (25, 50, 75) percentile: (381, 386, 397)
[M::mem_pestat] low and high boundaries for computing mean and std.dev: (349, 429)
[M::mem_pestat] mean and std.dev: (389.77, 10.94)
[M::mem_pestat] low and high boundaries for proper pairs: (333, 445)
[M::mem_pestat] analyzing insert size distribution for orientation RF...
[M::mem_pestat] (25, 50, 75) percentile: (214, 242, 848)
[M::mem_pestat] low and high boundaries for computing mean and std.dev: (1, 2116)
[M::mem_pestat] mean and std.dev: (446.00, 392.68)
[M::mem_pestat] low and high boundaries for proper pairs: (1, 2750)
[M::mem_pestat] skip orientation RR as there are not enough pairs
[M::mem_pestat] skip orientation RF
[M::mem_process_seqs] Processed 79682 reads in 25.343 CPU sec, 13.088 real sec
[M::process] read 79682 sequences (20000182 bp)...
[M::mem_pestat] # candidate unique pairs for (FF, FR, RF, RR): (2, 39555, 16, 0)
[M::mem_pestat] skip orientation FF as there are not enough pairs
[M::mem_pestat] analyzing insert size distribution for orientation FR...
[M::mem_pestat] (25, 50, 75) percentile: (381, 386, 397)
[M::mem_pestat] low and high boundaries for computing mean and std.dev: (349, 429)
[M::mem_pestat] mean and std.dev: (389.85, 11.03)
[M::mem_pestat] low and high boundaries for proper pairs: (333, 445)
[M::mem_pestat] analyzing insert size distribution for orientation RF...
[M::mem_pestat] (25, 50, 75) percentile: (237, 252, 1018)
[M::mem_pestat] low and high boundaries for computing mean and std.dev: (1, 2580)
[M::mem_pestat] mean and std.dev: (323.77, 220.86)
[M::mem_pestat] low and high boundaries for proper pairs: (1, 3361)
[M::mem_pestat] skip orientation RR as there are not enough pairs
[M::mem_pestat] skip orientation RF
[M::mem_process_seqs] Processed 79682 reads in 21.813 CPU sec, 10.630 real sec
[M::process] read 79682 sequences (20000182 bp)...
[M::mem_pestat] # candidate unique pairs for (FF, FR, RF, RR): (2, 39562, 27, 4)
[M::mem_pestat] skip orientation FF as there are not enough pairs
[M::mem_pestat] analyzing insert size distribution for orientation FR...
[M::mem_pestat] (25, 50, 75) percentile: (381, 386, 397)
[M::mem_pestat] low and high boundaries for computing mean and std.dev: (349, 429)
[M::mem_pestat] mean and std.dev: (389.73, 10.93)
[M::mem_pestat] low and high boundaries for proper pairs: (333, 445)
[M::mem_pestat] analyzing insert size distribution for orientation RF...
[M::mem_pestat] (25, 50, 75) percentile: (233, 241, 279)
[M::mem_pestat] low and high boundaries for computing mean and std.dev: (141, 371)
[M::mem_pestat] mean and std.dev: (229.38, 32.75)
[M::mem_pestat] low and high boundaries for proper pairs: (95, 417)
[M::mem_pestat] skip orientation RR as there are not enough pairs
[M::mem_pestat] skip orientation RF
[M::mem_process_seqs] Processed 79682 reads in 22.300 CPU sec, 10.813 real sec
[M::process] read 79682 sequences (20000182 bp)...
[M::mem_pestat] # candidate unique pairs for (FF, FR, RF, RR): (3, 39560, 15, 3)
[M::mem_pestat] skip orientation FF as there are not enough pairs
[M::mem_pestat] analyzing insert size distribution for orientation FR...
[M::mem_pestat] (25, 50, 75) percentile: (381, 386, 396)
[M::mem_pestat] low and high boundaries for computing mean and std.dev: (351, 426)
[M::mem_pestat] mean and std.dev: (389.68, 10.89)
[M::mem_pestat] low and high boundaries for proper pairs: (336, 441)
[M::mem_pestat] analyzing insert size distribution for orientation RF...
[M::mem_pestat] (25, 50, 75) percentile: (238, 242, 277)
[M::mem_pestat] low and high boundaries for computing mean and std.dev: (160, 355)
[M::mem_pestat] mean and std.dev: (238.83, 19.60)
[M::mem_pestat] low and high boundaries for proper pairs: (121, 394)
[M::mem_pestat] skip orientation RR as there are not enough pairs
[M::mem_pestat] skip orientation RF
[M::mem_process_seqs] Processed 79682 reads in 21.341 CPU sec, 10.546 real sec
[M::process] read 79682 sequences (20000182 bp)...
[M::mem_pestat] # candidate unique pairs for (FF, FR, RF, RR): (2, 39479, 29, 4)
[M::mem_pestat] skip orientation FF as there are not enough pairs
[M::mem_pestat] analyzing insert size distribution for orientation FR...
[M::mem_pestat] (25, 50, 75) percentile: (381, 386, 397)
[M::mem_pestat] low and high boundaries for computing mean and std.dev: (349, 429)
[M::mem_pestat] mean and std.dev: (389.83, 10.98)
[M::mem_pestat] low and high boundaries for proper pairs: (333, 445)
[M::mem_pestat] analyzing insert size distribution for orientation RF...
[M::mem_pestat] (25, 50, 75) percentile: (215, 242, 814)
[M::mem_pestat] low and high boundaries for computing mean and std.dev: (1, 2012)
[M::mem_pestat] mean and std.dev: (416.19, 384.89)
[M::mem_pestat] low and high boundaries for proper pairs: (1, 2611)
[M::mem_pestat] skip orientation RR as there are not enough pairs
[M::mem_pestat] skip orientation RF
[M::mem_process_seqs] Processed 79682 reads in 21.869 CPU sec, 10.719 real sec
[M::process] read 79682 sequences (20000182 bp)...
[M::mem_pestat] # candidate unique pairs for (FF, FR, RF, RR): (2, 39514, 24, 1)
[M::mem_pestat] skip orientation FF as there are not enough pairs
[M::mem_pestat] analyzing insert size distribution for orientation FR...
[M::mem_pestat] (25, 50, 75) percentile: (381, 386, 395)
[M::mem_pestat] low and high boundaries for computing mean and std.dev: (353, 423)
[M::mem_pestat] mean and std.dev: (389.64, 10.85)
[M::mem_pestat] low and high boundaries for proper pairs: (339, 437)
[M::mem_pestat] analyzing insert size distribution for orientation RF...
[M::mem_pestat] (25, 50, 75) percentile: (236, 242, 497)
[M::mem_pestat] low and high boundaries for computing mean and std.dev: (1, 1019)
[M::mem_pestat] mean and std.dev: (309.82, 202.14)
[M::mem_pestat] low and high boundaries for proper pairs: (1, 1280)
[M::mem_pestat] skip orientation RR as there are not enough pairs
[M::mem_pestat] skip orientation RF
[M::mem_process_seqs] Processed 79682 reads in 20.388 CPU sec, 9.969 real sec
[M::process] read 79682 sequences (20000182 bp)...
[M::mem_pestat] # candidate unique pairs for (FF, FR, RF, RR): (1, 39458, 18, 5)
[M::mem_pestat] skip orientation FF as there are not enough pairs
[M::mem_pestat] analyzing insert size distribution for orientation FR...
[M::mem_pestat] (25, 50, 75) percentile: (381, 386, 395)
[M::mem_pestat] low and high boundaries for computing mean and std.dev: (353, 423)
[M::mem_pestat] mean and std.dev: (389.72, 10.88)
[M::mem_pestat] low and high boundaries for proper pairs: (339, 437)
[M::mem_pestat] analyzing insert size distribution for orientation RF...
[M::mem_pestat] (25, 50, 75) percentile: (237, 242, 275)
[M::mem_pestat] low and high boundaries for computing mean and std.dev: (161, 351)
[M::mem_pestat] mean and std.dev: (233.57, 31.36)
[M::mem_pestat] low and high boundaries for proper pairs: (108, 389)
[M::mem_pestat] skip orientation RR as there are not enough pairs
[M::mem_pestat] skip orientation RF
[M::mem_process_seqs] Processed 79682 reads in 16.449 CPU sec, 7.992 real sec
[M::process] read 79682 sequences (20000182 bp)...
[M::mem_pestat] # candidate unique pairs for (FF, FR, RF, RR): (3, 39453, 17, 1)
[M::mem_pestat] skip orientation FF as there are not enough pairs
[M::mem_pestat] analyzing insert size distribution for orientation FR...
[M::mem_pestat] (25, 50, 75) percentile: (381, 386, 396)
[M::mem_pestat] low and high boundaries for computing mean and std.dev: (351, 426)
[M::mem_pestat] mean and std.dev: (389.78, 10.93)
[M::mem_pestat] low and high boundaries for proper pairs: (336, 441)
[M::mem_pestat] analyzing insert size distribution for orientation RF...
[M::mem_pestat] (25, 50, 75) percentile: (216, 242, 1404)
[M::mem_pestat] low and high boundaries for computing mean and std.dev: (1, 3780)
[M::mem_pestat] mean and std.dev: (366.79, 327.32)
[M::mem_pestat] low and high boundaries for proper pairs: (1, 4968)
[M::mem_pestat] skip orientation RR as there are not enough pairs
[M::mem_pestat] skip orientation RF
[M::mem_process_seqs] Processed 79682 reads in 17.573 CPU sec, 8.520 real sec
[M::process] read 79682 sequences (20000182 bp)...
[M::mem_pestat] # candidate unique pairs for (FF, FR, RF, RR): (2, 39466, 25, 0)
[M::mem_pestat] skip orientation FF as there are not enough pairs
[M::mem_pestat] analyzing insert size distribution for orientation FR...
[M::mem_pestat] (25, 50, 75) percentile: (381, 386, 396)
[M::mem_pestat] low and high boundaries for computing mean and std.dev: (351, 426)
[M::mem_pestat] mean and std.dev: (389.69, 10.93)
[M::mem_pestat] low and high boundaries for proper pairs: (336, 441)
[M::mem_pestat] analyzing insert size distribution for orientation RF...
[M::mem_pestat] (25, 50, 75) percentile: (236, 242, 610)
[M::mem_pestat] low and high boundaries for computing mean and std.dev: (1, 1358)
[M::mem_pestat] mean and std.dev: (301.95, 191.33)
[M::mem_pestat] low and high boundaries for proper pairs: (1, 1732)
[M::mem_pestat] skip orientation RR as there are not enough pairs
[M::mem_pestat] skip orientation RF
[M::mem_process_seqs] Processed 79682 reads in 23.108 CPU sec, 11.268 real sec
[M::process] read 79682 sequences (20000182 bp)...
[M::mem_pestat] # candidate unique pairs for (FF, FR, RF, RR): (2, 39541, 29, 1)
[M::mem_pestat] skip orientation FF as there are not enough pairs
[M::mem_pestat] analyzing insert size distribution for orientation FR...
[M::mem_pestat] (25, 50, 75) percentile: (381, 386, 396)
[M::mem_pestat] low and high boundaries for computing mean and std.dev: (351, 426)
[M::mem_pestat] mean and std.dev: (389.72, 10.90)
[M::mem_pestat] low and high boundaries for proper pairs: (336, 441)
[M::mem_pestat] analyzing insert size distribution for orientation RF...
[M::mem_pestat] (25, 50, 75) percentile: (228, 241, 1404)
[M::mem_pestat] low and high boundaries for computing mean and std.dev: (1, 3756)
[M::mem_pestat] mean and std.dev: (570.00, 780.15)
[M::mem_pestat] low and high boundaries for proper pairs: (1, 4932)
[M::mem_pestat] skip orientation RR as there are not enough pairs
[M::mem_pestat] skip orientation RF
[M::mem_process_seqs] Processed 79682 reads in 24.012 CPU sec, 11.728 real sec
[M::process] read 79682 sequences (20000182 bp)...
[M::mem_pestat] # candidate unique pairs for (FF, FR, RF, RR): (0, 39542, 25, 3)
[M::mem_pestat] skip orientation FF as there are not enough pairs
[M::mem_pestat] analyzing insert size distribution for orientation FR...
[M::mem_pestat] (25, 50, 75) percentile: (381, 386, 397)
[M::mem_pestat] low and high boundaries for computing mean and std.dev: (349, 429)
[M::mem_pestat] mean and std.dev: (389.71, 10.95)
[M::mem_pestat] low and high boundaries for proper pairs: (333, 445)
[M::mem_pestat] analyzing insert size distribution for orientation RF...
[M::mem_pestat] (25, 50, 75) percentile: (216, 241, 242)
[M::mem_pestat] low and high boundaries for computing mean and std.dev: (164, 294)
[M::mem_pestat] mean and std.dev: (237.17, 15.71)
[M::mem_pestat] low and high boundaries for proper pairs: (138, 320)
[M::mem_pestat] skip orientation RR as there are not enough pairs
[M::mem_pestat] skip orientation RF
[M::mem_process_seqs] Processed 79682 reads in 20.256 CPU sec, 9.871 real sec
[M::process] read 79682 sequences (20000182 bp)...
[M::mem_pestat] # candidate unique pairs for (FF, FR, RF, RR): (1, 39533, 29, 3)
[M::mem_pestat] skip orientation FF as there are not enough pairs
[M::mem_pestat] analyzing insert size distribution for orientation FR...
[M::mem_pestat] (25, 50, 75) percentile: (381, 386, 397)
[M::mem_pestat] low and high boundaries for computing mean and std.dev: (349, 429)
[M::mem_pestat] mean and std.dev: (389.84, 10.97)
[M::mem_pestat] low and high boundaries for proper pairs: (333, 445)
[M::mem_pestat] analyzing insert size distribution for orientation RF...
[M::mem_pestat] (25, 50, 75) percentile: (240, 242, 848)
[M::mem_pestat] low and high boundaries for computing mean and std.dev: (1, 2064)
[M::mem_pestat] mean and std.dev: (373.04, 308.09)
[M::mem_pestat] low and high boundaries for proper pairs: (1, 2672)
[M::mem_pestat] skip orientation RR as there are not enough pairs
[M::mem_pestat] skip orientation RF
[M::mem_process_seqs] Processed 79682 reads in 23.674 CPU sec, 11.476 real sec
[M::process] read 79682 sequences (20000182 bp)...
[M::mem_pestat] # candidate unique pairs for (FF, FR, RF, RR): (4, 39486, 21, 4)
[M::mem_pestat] skip orientation FF as there are not enough pairs
[M::mem_pestat] analyzing insert size distribution for orientation FR...
[M::mem_pestat] (25, 50, 75) percentile: (381, 386, 397)
[M::mem_pestat] low and high boundaries for computing mean and std.dev: (349, 429)
[M::mem_pestat] mean and std.dev: (389.77, 10.94)
[M::mem_pestat] low and high boundaries for proper pairs: (333, 445)
[M::mem_pestat] analyzing insert size distribution for orientation RF...
[M::mem_pestat] (25, 50, 75) percentile: (233, 241, 814)
[M::mem_pestat] low and high boundaries for computing mean and std.dev: (1, 1976)
[M::mem_pestat] mean and std.dev: (355.95, 311.75)
[M::mem_pestat] low and high boundaries for proper pairs: (1, 2557)
[M::mem_pestat] skip orientation RR as there are not enough pairs
[M::mem_pestat] skip orientation RF
[M::mem_process_seqs] Processed 79682 reads in 22.112 CPU sec, 10.818 real sec
[M::process] read 49126 sequences (12330626 bp)...
[M::mem_pestat] # candidate unique pairs for (FF, FR, RF, RR): (3, 39506, 23, 4)
[M::mem_pestat] skip orientation FF as there are not enough pairs
[M::mem_pestat] analyzing insert size distribution for orientation FR...
[M::mem_pestat] (25, 50, 75) percentile: (381, 386, 397)
[M::mem_pestat] low and high boundaries for computing mean and std.dev: (349, 429)
[M::mem_pestat] mean and std.dev: (389.75, 10.93)
[M::mem_pestat] low and high boundaries for proper pairs: (333, 445)
[M::mem_pestat] analyzing insert size distribution for orientation RF...
[M::mem_pestat] (25, 50, 75) percentile: (236, 242, 280)
[M::mem_pestat] low and high boundaries for computing mean and std.dev: (148, 368)
[M::mem_pestat] mean and std.dev: (234.53, 31.46)
[M::mem_pestat] low and high boundaries for proper pairs: (104, 412)
[M::mem_pestat] skip orientation RR as there are not enough pairs
[M::mem_pestat] skip orientation RF
[M::mem_process_seqs] Processed 79682 reads in 16.999 CPU sec, 8.333 real sec
[M::mem_pestat] # candidate unique pairs for (FF, FR, RF, RR): (0, 24279, 11, 0)
[M::mem_pestat] skip orientation FF as there are not enough pairs
[M::mem_pestat] analyzing insert size distribution for orientation FR...
[M::mem_pestat] (25, 50, 75) percentile: (381, 386, 397)
[M::mem_pestat] low and high boundaries for computing mean and std.dev: (349, 429)
[M::mem_pestat] mean and std.dev: (389.81, 10.98)
[M::mem_pestat] low and high boundaries for proper pairs: (333, 445)
[M::mem_pestat] analyzing insert size distribution for orientation RF...
[M::mem_pestat] (25, 50, 75) percentile: (237, 241, 273)
[M::mem_pestat] low and high boundaries for computing mean and std.dev: (165, 345)
[M::mem_pestat] mean and std.dev: (241.40, 27.20)
[M::mem_pestat] low and high boundaries for proper pairs: (129, 381)
[M::mem_pestat] skip orientation RR as there are not enough pairs
[M::mem_pestat] skip orientation RF
[M::mem_process_seqs] Processed 49126 reads in 11.274 CPU sec, 5.572 real sec
[main] Version: 0.7.17-r1188
[main] CMD: bwa mem -t 2 /workspace/lab/mcarthurlab/nasirja/covid-19-signal/data/composite_human_viral_reference.fna E10/raw_fastq/E10_R1.fastq.gz E10/raw_fastq/E10_R2.fastq.gz
[main] Real time: 158.975 sec; CPU: 313.848 sec
viral read count = 1157746 (99.41%)
human read count = 0 (0.00%) 
unmapped read count = 6928 (0.59%)
