[M::bwa_idx_load_from_disk] read 0 ALT contigs
[M::process] read 80706 sequences (20000066 bp)...
[M::process] read 80720 sequences (20000469 bp)...
[M::mem_pestat] # candidate unique pairs for (FF, FR, RF, RR): (8, 40127, 14, 7)
[M::mem_pestat] skip orientation FF as there are not enough pairs
[M::mem_pestat] analyzing insert size distribution for orientation FR...
[M::mem_pestat] (25, 50, 75) percentile: (380, 386, 395)
[M::mem_pestat] low and high boundaries for computing mean and std.dev: (350, 425)
[M::mem_pestat] mean and std.dev: (388.73, 10.44)
[M::mem_pestat] low and high boundaries for proper pairs: (335, 440)
[M::mem_pestat] analyzing insert size distribution for orientation RF...
[M::mem_pestat] (25, 50, 75) percentile: (248, 857, 1421)
[M::mem_pestat] low and high boundaries for computing mean and std.dev: (1, 3767)
[M::mem_pestat] mean and std.dev: (965.14, 907.82)
[M::mem_pestat] low and high boundaries for proper pairs: (1, 4940)
[M::mem_pestat] skip orientation RR as there are not enough pairs
[M::mem_pestat] skip orientation RF
[M::mem_process_seqs] Processed 80706 reads in 5.170 CPU sec, 2.460 real sec
[M::mem_pestat] # candidate unique pairs for (FF, FR, RF, RR): (3, 40187, 19, 6)
[M::mem_pestat] skip orientation FF as there are not enough pairs
[M::mem_pestat] analyzing insert size distribution for orientation FR...
[M::mem_pestat] (25, 50, 75) percentile: (380, 386, 395)
[M::mem_pestat] low and high boundaries for computing mean and std.dev: (350, 425)
[M::mem_pestat] mean and std.dev: (388.41, 10.53)
[M::mem_pestat] low and high boundaries for proper pairs: (335, 440)
[M::mem_pestat] analyzing insert size distribution for orientation RF...
[M::mem_pestat] (25, 50, 75) percentile: (246, 610, 1398)
[M::mem_pestat] low and high boundaries for computing mean and std.dev: (1, 3702)
[M::mem_pestat] mean and std.dev: (785.28, 601.66)
[M::mem_pestat] low and high boundaries for proper pairs: (1, 4854)
[M::mem_pestat] skip orientation RR as there are not enough pairs
[M::mem_pestat] skip orientation RF
[M::mem_process_seqs] Processed 80720 reads in 4.869 CPU sec, 2.372 real sec
[M::process] read 80774 sequences (20000246 bp)...
[M::mem_pestat] # candidate unique pairs for (FF, FR, RF, RR): (6, 40157, 26, 4)
[M::mem_pestat] skip orientation FF as there are not enough pairs
[M::mem_pestat] analyzing insert size distribution for orientation FR...
[M::mem_pestat] (25, 50, 75) percentile: (380, 386, 395)
[M::mem_pestat] low and high boundaries for computing mean and std.dev: (350, 425)
[M::mem_pestat] mean and std.dev: (388.52, 10.53)
[M::mem_pestat] low and high boundaries for proper pairs: (335, 440)
[M::mem_pestat] analyzing insert size distribution for orientation RF...
[M::mem_pestat] (25, 50, 75) percentile: (218, 513, 2056)
[M::mem_pestat] low and high boundaries for computing mean and std.dev: (1, 5732)
[M::mem_pestat] mean and std.dev: (870.35, 1075.42)
[M::mem_pestat] low and high boundaries for proper pairs: (1, 7570)
[M::mem_pestat] skip orientation RR as there are not enough pairs
[M::mem_pestat] skip orientation RF
[M::mem_process_seqs] Processed 80774 reads in 5.675 CPU sec, 2.744 real sec
[M::process] read 80700 sequences (20000239 bp)...
[M::mem_pestat] # candidate unique pairs for (FF, FR, RF, RR): (5, 40161, 15, 11)
[M::mem_pestat] skip orientation FF as there are not enough pairs
[M::mem_pestat] analyzing insert size distribution for orientation FR...
[M::mem_pestat] (25, 50, 75) percentile: (380, 386, 395)
[M::mem_pestat] low and high boundaries for computing mean and std.dev: (350, 425)
[M::mem_pestat] mean and std.dev: (388.55, 10.42)
[M::mem_pestat] low and high boundaries for proper pairs: (335, 440)
[M::mem_pestat] analyzing insert size distribution for orientation RF...
[M::mem_pestat] (25, 50, 75) percentile: (237, 619, 2980)
[M::mem_pestat] low and high boundaries for computing mean and std.dev: (1, 8466)
[M::mem_pestat] mean and std.dev: (1467.71, 1766.05)
[M::mem_pestat] low and high boundaries for proper pairs: (1, 11209)
[M::mem_pestat] analyzing insert size distribution for orientation RR...
[M::mem_pestat] (25, 50, 75) percentile: (3976, 5423, 7931)
[M::mem_pestat] low and high boundaries for computing mean and std.dev: (1, 15841)
[M::mem_pestat] mean and std.dev: (5244.64, 3244.88)
[M::mem_pestat] low and high boundaries for proper pairs: (1, 19796)
[M::mem_pestat] skip orientation RF
[M::mem_pestat] skip orientation RR
[M::mem_process_seqs] Processed 80700 reads in 5.144 CPU sec, 2.457 real sec
[M::process] read 80714 sequences (20000478 bp)...
[M::mem_pestat] # candidate unique pairs for (FF, FR, RF, RR): (6, 40138, 25, 6)
[M::mem_pestat] skip orientation FF as there are not enough pairs
[M::mem_pestat] analyzing insert size distribution for orientation FR...
[M::mem_pestat] (25, 50, 75) percentile: (380, 386, 395)
[M::mem_pestat] low and high boundaries for computing mean and std.dev: (350, 425)
[M::mem_pestat] mean and std.dev: (388.45, 10.57)
[M::mem_pestat] low and high boundaries for proper pairs: (335, 440)
[M::mem_pestat] analyzing insert size distribution for orientation RF...
[M::mem_pestat] (25, 50, 75) percentile: (226, 249, 2088)
[M::mem_pestat] low and high boundaries for computing mean and std.dev: (1, 5812)
[M::mem_pestat] mean and std.dev: (976.48, 1422.93)
[M::mem_pestat] low and high boundaries for proper pairs: (1, 7674)
[M::mem_pestat] skip orientation RR as there are not enough pairs
[M::mem_pestat] skip orientation RF
[M::mem_process_seqs] Processed 80714 reads in 5.377 CPU sec, 2.625 real sec
[M::process] read 80596 sequences (20000476 bp)...
[M::mem_pestat] # candidate unique pairs for (FF, FR, RF, RR): (8, 40084, 22, 3)
[M::mem_pestat] skip orientation FF as there are not enough pairs
[M::mem_pestat] analyzing insert size distribution for orientation FR...
[M::mem_pestat] (25, 50, 75) percentile: (380, 386, 395)
[M::mem_pestat] low and high boundaries for computing mean and std.dev: (350, 425)
[M::mem_pestat] mean and std.dev: (388.69, 10.46)
[M::mem_pestat] low and high boundaries for proper pairs: (335, 440)
[M::mem_pestat] analyzing insert size distribution for orientation RF...
[M::mem_pestat] (25, 50, 75) percentile: (225, 814, 1451)
[M::mem_pestat] low and high boundaries for computing mean and std.dev: (1, 3903)
[M::mem_pestat] mean and std.dev: (673.50, 614.35)
[M::mem_pestat] low and high boundaries for proper pairs: (1, 5129)
[M::mem_pestat] skip orientation RR as there are not enough pairs
[M::mem_pestat] skip orientation RF
[M::mem_process_seqs] Processed 80596 reads in 5.143 CPU sec, 2.481 real sec
[M::process] read 80648 sequences (20000334 bp)...
[M::mem_pestat] # candidate unique pairs for (FF, FR, RF, RR): (4, 40094, 19, 5)
[M::mem_pestat] skip orientation FF as there are not enough pairs
[M::mem_pestat] analyzing insert size distribution for orientation FR...
[M::mem_pestat] (25, 50, 75) percentile: (379, 386, 394)
[M::mem_pestat] low and high boundaries for computing mean and std.dev: (349, 424)
[M::mem_pestat] mean and std.dev: (387.89, 10.65)
[M::mem_pestat] low and high boundaries for proper pairs: (334, 439)
[M::mem_pestat] analyzing insert size distribution for orientation RF...
[M::mem_pestat] (25, 50, 75) percentile: (225, 610, 2662)
[M::mem_pestat] low and high boundaries for computing mean and std.dev: (1, 7536)
[M::mem_pestat] mean and std.dev: (1697.21, 2150.14)
[M::mem_pestat] low and high boundaries for proper pairs: (1, 10298)
[M::mem_pestat] skip orientation RR as there are not enough pairs
[M::mem_pestat] skip orientation RF
[M::mem_process_seqs] Processed 80648 reads in 5.564 CPU sec, 2.708 real sec
[M::process] read 80638 sequences (20000040 bp)...
[M::mem_pestat] # candidate unique pairs for (FF, FR, RF, RR): (7, 40103, 20, 10)
[M::mem_pestat] skip orientation FF as there are not enough pairs
[M::mem_pestat] analyzing insert size distribution for orientation FR...
[M::mem_pestat] (25, 50, 75) percentile: (380, 386, 395)
[M::mem_pestat] low and high boundaries for computing mean and std.dev: (350, 425)
[M::mem_pestat] mean and std.dev: (388.65, 10.43)
[M::mem_pestat] low and high boundaries for proper pairs: (335, 440)
[M::mem_pestat] analyzing insert size distribution for orientation RF...
[M::mem_pestat] (25, 50, 75) percentile: (272, 826, 2701)
[M::mem_pestat] low and high boundaries for computing mean and std.dev: (1, 7559)
[M::mem_pestat] mean and std.dev: (1603.63, 1655.20)
[M::mem_pestat] low and high boundaries for proper pairs: (1, 9988)
[M::mem_pestat] analyzing insert size distribution for orientation RR...
[M::mem_pestat] (25, 50, 75) percentile: (917, 3011, 6339)
[M::mem_pestat] low and high boundaries for computing mean and std.dev: (1, 17183)
[M::mem_pestat] mean and std.dev: (3679.30, 2924.03)
[M::mem_pestat] low and high boundaries for proper pairs: (1, 22605)
[M::mem_pestat] skip orientation RF
[M::mem_pestat] skip orientation RR
[M::mem_process_seqs] Processed 80638 reads in 5.362 CPU sec, 2.611 real sec
[M::process] read 80616 sequences (20000125 bp)...
[M::mem_pestat] # candidate unique pairs for (FF, FR, RF, RR): (5, 40115, 17, 9)
[M::mem_pestat] skip orientation FF as there are not enough pairs
[M::mem_pestat] analyzing insert size distribution for orientation FR...
[M::mem_pestat] (25, 50, 75) percentile: (380, 386, 394)
[M::mem_pestat] low and high boundaries for computing mean and std.dev: (352, 422)
[M::mem_pestat] mean and std.dev: (388.19, 10.44)
[M::mem_pestat] low and high boundaries for proper pairs: (338, 436)
[M::mem_pestat] analyzing insert size distribution for orientation RF...
[M::mem_pestat] (25, 50, 75) percentile: (237, 609, 2699)
[M::mem_pestat] low and high boundaries for computing mean and std.dev: (1, 7623)
[M::mem_pestat] mean and std.dev: (1182.06, 1267.13)
[M::mem_pestat] low and high boundaries for proper pairs: (1, 10085)
[M::mem_pestat] skip orientation RR as there are not enough pairs
[M::mem_pestat] skip orientation RF
[M::process] read 80708 sequences (20000160 bp)...
[M::mem_process_seqs] Processed 80616 reads in 5.687 CPU sec, 2.633 real sec
[M::mem_pestat] # candidate unique pairs for (FF, FR, RF, RR): (4, 40138, 24, 12)
[M::mem_pestat] skip orientation FF as there are not enough pairs
[M::mem_pestat] analyzing insert size distribution for orientation FR...
[M::mem_pestat] (25, 50, 75) percentile: (380, 386, 395)
[M::mem_pestat] low and high boundaries for computing mean and std.dev: (350, 425)
[M::mem_pestat] mean and std.dev: (388.72, 10.41)
[M::mem_pestat] low and high boundaries for proper pairs: (335, 440)
[M::mem_pestat] analyzing insert size distribution for orientation RF...
[M::mem_pestat] (25, 50, 75) percentile: (239, 610, 1208)
[M::mem_pestat] low and high boundaries for computing mean and std.dev: (1, 3146)
[M::mem_pestat] mean and std.dev: (528.95, 349.39)
[M::mem_pestat] low and high boundaries for proper pairs: (1, 4115)
[M::mem_pestat] analyzing insert size distribution for orientation RR...
[M::mem_pestat] (25, 50, 75) percentile: (943, 2650, 3425)
[M::mem_pestat] low and high boundaries for computing mean and std.dev: (1, 8389)
[M::mem_pestat] mean and std.dev: (2628.92, 2173.82)
[M::mem_pestat] low and high boundaries for proper pairs: (1, 11324)
[M::mem_pestat] skip orientation RF
[M::mem_pestat] skip orientation RR
[M::mem_process_seqs] Processed 80708 reads in 4.888 CPU sec, 2.386 real sec
[M::process] read 80788 sequences (20000391 bp)...
[M::mem_pestat] # candidate unique pairs for (FF, FR, RF, RR): (6, 40156, 20, 6)
[M::mem_pestat] skip orientation FF as there are not enough pairs
[M::mem_pestat] analyzing insert size distribution for orientation FR...
[M::mem_pestat] (25, 50, 75) percentile: (380, 386, 394)
[M::mem_pestat] low and high boundaries for computing mean and std.dev: (352, 422)
[M::mem_pestat] mean and std.dev: (388.30, 10.50)
[M::mem_pestat] low and high boundaries for proper pairs: (338, 436)
[M::mem_pestat] analyzing insert size distribution for orientation RF...
[M::mem_pestat] (25, 50, 75) percentile: (352, 871, 1208)
[M::mem_pestat] low and high boundaries for computing mean and std.dev: (1, 2920)
[M::mem_pestat] mean and std.dev: (720.39, 451.17)
[M::mem_pestat] low and high boundaries for proper pairs: (1, 3776)
[M::mem_pestat] skip orientation RR as there are not enough pairs
[M::mem_pestat] skip orientation RF
[M::mem_process_seqs] Processed 80788 reads in 5.018 CPU sec, 2.450 real sec
[M::process] read 80738 sequences (20000359 bp)...
[M::mem_pestat] # candidate unique pairs for (FF, FR, RF, RR): (1, 40174, 19, 13)
[M::mem_pestat] skip orientation FF as there are not enough pairs
[M::mem_pestat] analyzing insert size distribution for orientation FR...
[M::mem_pestat] (25, 50, 75) percentile: (380, 386, 395)
[M::mem_pestat] low and high boundaries for computing mean and std.dev: (350, 425)
[M::mem_pestat] mean and std.dev: (388.37, 10.45)
[M::mem_pestat] low and high boundaries for proper pairs: (335, 440)
[M::mem_pestat] analyzing insert size distribution for orientation RF...
[M::mem_pestat] (25, 50, 75) percentile: (486, 610, 7047)
[M::mem_pestat] low and high boundaries for computing mean and std.dev: (1, 20169)
[M::mem_pestat] mean and std.dev: (2991.42, 3511.44)
[M::mem_pestat] low and high boundaries for proper pairs: (1, 26730)
[M::mem_pestat] analyzing insert size distribution for orientation RR...
[M::mem_pestat] (25, 50, 75) percentile: (1898, 3011, 6057)
[M::mem_pestat] low and high boundaries for computing mean and std.dev: (1, 14375)
[M::mem_pestat] mean and std.dev: (3750.00, 2705.04)
[M::mem_pestat] low and high boundaries for proper pairs: (1, 18534)
[M::mem_pestat] skip orientation RF
[M::mem_pestat] skip orientation RR
[M::mem_process_seqs] Processed 80738 reads in 5.259 CPU sec, 2.563 real sec
[M::process] read 80676 sequences (20000078 bp)...
[M::mem_pestat] # candidate unique pairs for (FF, FR, RF, RR): (9, 40102, 20, 4)
[M::mem_pestat] skip orientation FF as there are not enough pairs
[M::mem_pestat] analyzing insert size distribution for orientation FR...
[M::mem_pestat] (25, 50, 75) percentile: (380, 386, 395)
[M::mem_pestat] low and high boundaries for computing mean and std.dev: (350, 425)
[M::mem_pestat] mean and std.dev: (388.62, 10.43)
[M::mem_pestat] low and high boundaries for proper pairs: (335, 440)
[M::mem_pestat] analyzing insert size distribution for orientation RF...
[M::mem_pestat] (25, 50, 75) percentile: (249, 1139, 2675)
[M::mem_pestat] low and high boundaries for computing mean and std.dev: (1, 7527)
[M::mem_pestat] mean and std.dev: (1631.85, 1522.88)
[M::mem_pestat] low and high boundaries for proper pairs: (1, 9953)
[M::mem_pestat] skip orientation RR as there are not enough pairs
[M::mem_pestat] skip orientation RF
[M::mem_process_seqs] Processed 80676 reads in 4.819 CPU sec, 2.373 real sec
[M::process] read 80710 sequences (20000100 bp)...
[M::mem_pestat] # candidate unique pairs for (FF, FR, RF, RR): (6, 40152, 21, 6)
[M::mem_pestat] skip orientation FF as there are not enough pairs
[M::mem_pestat] analyzing insert size distribution for orientation FR...
[M::mem_pestat] (25, 50, 75) percentile: (380, 386, 394)
[M::mem_pestat] low and high boundaries for computing mean and std.dev: (352, 422)
[M::mem_pestat] mean and std.dev: (388.45, 10.46)
[M::mem_pestat] low and high boundaries for proper pairs: (338, 436)
[M::mem_pestat] analyzing insert size distribution for orientation RF...
[M::mem_pestat] (25, 50, 75) percentile: (243, 609, 1752)
[M::mem_pestat] low and high boundaries for computing mean and std.dev: (1, 4770)
[M::mem_pestat] mean and std.dev: (1105.20, 1209.17)
[M::mem_pestat] low and high boundaries for proper pairs: (1, 6279)
[M::mem_pestat] skip orientation RR as there are not enough pairs
[M::mem_pestat] skip orientation RF
[M::mem_process_seqs] Processed 80710 reads in 5.250 CPU sec, 2.588 real sec
[M::process] read 80626 sequences (20000501 bp)...
[M::mem_pestat] # candidate unique pairs for (FF, FR, RF, RR): (12, 40100, 18, 5)
[M::mem_pestat] analyzing insert size distribution for orientation FF...
[M::mem_pestat] (25, 50, 75) percentile: (1276, 3382, 7587)
[M::mem_pestat] low and high boundaries for computing mean and std.dev: (1, 20209)
[M::mem_pestat] mean and std.dev: (3904.33, 2983.13)
[M::mem_pestat] low and high boundaries for proper pairs: (1, 26520)
[M::mem_pestat] analyzing insert size distribution for orientation FR...
[M::mem_pestat] (25, 50, 75) percentile: (380, 386, 395)
[M::mem_pestat] low and high boundaries for computing mean and std.dev: (350, 425)
[M::mem_pestat] mean and std.dev: (388.77, 10.51)
[M::mem_pestat] low and high boundaries for proper pairs: (335, 440)
[M::mem_pestat] analyzing insert size distribution for orientation RF...
[M::mem_pestat] (25, 50, 75) percentile: (218, 750, 1421)
[M::mem_pestat] low and high boundaries for computing mean and std.dev: (1, 3827)
[M::mem_pestat] mean and std.dev: (781.31, 810.61)
[M::mem_pestat] low and high boundaries for proper pairs: (1, 5030)
[M::mem_pestat] skip orientation RR as there are not enough pairs
[M::mem_pestat] skip orientation FF
[M::mem_pestat] skip orientation RF
[M::mem_process_seqs] Processed 80626 reads in 5.265 CPU sec, 2.516 real sec
[M::process] read 80658 sequences (20000160 bp)...
[M::mem_pestat] # candidate unique pairs for (FF, FR, RF, RR): (0, 40125, 36, 2)
[M::mem_pestat] skip orientation FF as there are not enough pairs
[M::mem_pestat] analyzing insert size distribution for orientation FR...
[M::mem_pestat] (25, 50, 75) percentile: (380, 386, 394)
[M::mem_pestat] low and high boundaries for computing mean and std.dev: (352, 422)
[M::mem_pestat] mean and std.dev: (388.39, 10.51)
[M::mem_pestat] low and high boundaries for proper pairs: (338, 436)
[M::mem_pestat] analyzing insert size distribution for orientation RF...
[M::mem_pestat] (25, 50, 75) percentile: (229, 847, 2728)
[M::mem_pestat] low and high boundaries for computing mean and std.dev: (1, 7726)
[M::mem_pestat] mean and std.dev: (1435.77, 1621.38)
[M::mem_pestat] low and high boundaries for proper pairs: (1, 10225)
[M::mem_pestat] skip orientation RR as there are not enough pairs
[M::mem_pestat] skip orientation RF
[M::mem_process_seqs] Processed 80658 reads in 4.989 CPU sec, 2.448 real sec
[M::process] read 80638 sequences (20000373 bp)...
[M::mem_pestat] # candidate unique pairs for (FF, FR, RF, RR): (7, 40106, 19, 11)
[M::mem_pestat] skip orientation FF as there are not enough pairs
[M::mem_pestat] analyzing insert size distribution for orientation FR...
[M::mem_pestat] (25, 50, 75) percentile: (380, 386, 395)
[M::mem_pestat] low and high boundaries for computing mean and std.dev: (350, 425)
[M::mem_pestat] mean and std.dev: (388.82, 10.50)
[M::mem_pestat] low and high boundaries for proper pairs: (335, 440)
[M::mem_pestat] analyzing insert size distribution for orientation RF...
[M::mem_pestat] (25, 50, 75) percentile: (230, 2084, 4192)
[M::mem_pestat] low and high boundaries for computing mean and std.dev: (1, 12116)
[M::mem_pestat] mean and std.dev: (2470.84, 2688.90)
[M::mem_pestat] low and high boundaries for proper pairs: (1, 16078)
[M::mem_pestat] analyzing insert size distribution for orientation RR...
[M::mem_pestat] (25, 50, 75) percentile: (2941, 3990, 5675)
[M::mem_pestat] low and high boundaries for computing mean and std.dev: (1, 11143)
[M::mem_pestat] mean and std.dev: (3907.73, 2376.08)
[M::mem_pestat] low and high boundaries for proper pairs: (1, 13877)
[M::mem_pestat] skip orientation RF
[M::mem_pestat] skip orientation RR
[M::mem_process_seqs] Processed 80638 reads in 4.920 CPU sec, 2.388 real sec
[M::process] read 80584 sequences (20000037 bp)...
[M::mem_pestat] # candidate unique pairs for (FF, FR, RF, RR): (6, 40091, 19, 13)
[M::mem_pestat] skip orientation FF as there are not enough pairs
[M::mem_pestat] analyzing insert size distribution for orientation FR...
[M::mem_pestat] (25, 50, 75) percentile: (380, 386, 395)
[M::mem_pestat] low and high boundaries for computing mean and std.dev: (350, 425)
[M::mem_pestat] mean and std.dev: (388.49, 10.45)
[M::mem_pestat] low and high boundaries for proper pairs: (335, 440)
[M::mem_pestat] analyzing insert size distribution for orientation RF...
[M::mem_pestat] (25, 50, 75) percentile: (225, 323, 1394)
[M::mem_pestat] low and high boundaries for computing mean and std.dev: (1, 3732)
[M::mem_pestat] mean and std.dev: (516.25, 435.56)
[M::mem_pestat] low and high boundaries for proper pairs: (1, 4901)
[M::mem_pestat] analyzing insert size distribution for orientation RR...
[M::mem_pestat] (25, 50, 75) percentile: (925, 2446, 5814)
[M::mem_pestat] low and high boundaries for computing mean and std.dev: (1, 15592)
[M::mem_pestat] mean and std.dev: (2971.00, 2362.56)
[M::mem_pestat] low and high boundaries for proper pairs: (1, 20481)
[M::mem_pestat] skip orientation RF
[M::mem_pestat] skip orientation RR
[M::mem_process_seqs] Processed 80584 reads in 5.055 CPU sec, 2.458 real sec
[M::process] read 21378 sequences (5299898 bp)...
[M::mem_pestat] # candidate unique pairs for (FF, FR, RF, RR): (0, 10638, 7, 2)
[M::mem_pestat] skip orientation FF as there are not enough pairs
[M::mem_pestat] analyzing insert size distribution for orientation FR...
[M::mem_pestat] (25, 50, 75) percentile: (379, 386, 394)
[M::mem_pestat] low and high boundaries for computing mean and std.dev: (349, 424)
[M::mem_pestat] mean and std.dev: (387.85, 10.53)
[M::mem_pestat] low and high boundaries for proper pairs: (334, 439)
[M::mem_pestat] skip orientation RF as there are not enough pairs
[M::mem_pestat] skip orientation RR as there are not enough pairs
[M::mem_process_seqs] Processed 21378 reads in 1.483 CPU sec, 0.728 real sec
[main] Version: 0.7.17-r1188
[main] CMD: bwa mem -t 2 SC2226/core/viral_reference SC2226/adapter_trimmed/SC2226_R1_val_1_posttrim_filter.fq.gz SC2226/adapter_trimmed/SC2226_R2_val_2_posttrim_filter.fq.gz
[main] Real time: 59.499 sec; CPU: 100.463 sec
[bam_sort_core] merging from 0 files and 2 in-memory blocks...
