Path to Cutadapt set as: 'cutadapt' (default)
Cutadapt seems to be working fine (tested command 'cutadapt --version')
Cutadapt version: 4.1
Could not detect version of Python used by Cutadapt from the first line of Cutadapt (but found this: >>>#!/bin/sh<<<)
Letting the (modified) Cutadapt deal with the Python version instead
Parallel gzip (pigz) detected. Proceeding with multicore (de)compression using 2 cores

No quality encoding type selected. Assuming that the data provided uses Sanger encoded Phred scores (default)

Output will be written into the directory: /workspace/home/nasirja/covid-19-signal/subset_viral_7_results_dir/SC2194/adapter_trimmed/


AUTO-DETECTING ADAPTER TYPE
===========================
Attempting to auto-detect adapter type from the first 1 million sequences of the first file (>> SC2194/host_removal/SC2194_R1.fastq.gz <<)

Found perfect matches for the following adapter sequences:
Adapter type	Count	Sequence	Sequences analysed	Percentage
Illumina	11413	AGATCGGAAGAGC	513217	2.22
smallRNA	0	TGGAATTCTCGG	513217	0.00
Nextera	0	CTGTCTCTTATA	513217	0.00
Using Illumina adapter for trimming (count: 11413). Second best hit was smallRNA (count: 0)

Writing report to '/workspace/home/nasirja/covid-19-signal/subset_viral_7_results_dir/SC2194/adapter_trimmed/SC2194_R1.fastq.gz_trimming_report.txt'

SUMMARISING RUN PARAMETERS
==========================
Input filename: SC2194/host_removal/SC2194_R1.fastq.gz
Trimming mode: paired-end
Trim Galore version: 0.6.4_dev
Cutadapt version: 4.1
Python version: could not detect
Number of cores used for trimming: 2
Quality Phred score cutoff: 20
Quality encoding type selected: ASCII+33
Adapter sequence: 'AGATCGGAAGAGC' (Illumina TruSeq, Sanger iPCR; auto-detected)
Maximum trimming error rate: 0.1 (default)
Minimum required adapter overlap (stringency): 1 bp
Minimum required sequence length for both reads before a sequence pair gets removed: 20 bp
Running FastQC on the data once trimming has completed
Output file(s) will be GZIP compressed

Cutadapt seems to be fairly up-to-date (version 4.1). Setting -j 2
Writing final adapter and quality trimmed output to SC2194_R1_trimmed.fq.gz


  >>> Now performing quality (cutoff '-q 20') and adapter trimming in a single pass for the adapter sequence: 'AGATCGGAAGAGC' from file SC2194/host_removal/SC2194_R1.fastq.gz <<< 
This is cutadapt 4.1 with Python 3.9.13
Command line parameters: -j 2 -e 0.1 -q 20 -O 1 -a AGATCGGAAGAGC SC2194/host_removal/SC2194_R1.fastq.gz
Processing single-end reads on 2 cores ...
Finished in 19.20 s (37 µs/read; 1.60 M reads/minute).

=== Summary ===

Total reads processed:                 513,217
Reads with adapters:                   184,117 (35.9%)
Reads written (passing filters):       513,217 (100.0%)

Total basepairs processed:   128,817,467 bp
Quality-trimmed:                 741,575 bp (0.6%)
Total written (filtered):    126,925,061 bp (98.5%)

=== Adapter 1 ===

Sequence: AGATCGGAAGAGC; Type: regular 3'; Length: 13; Trimmed: 184117 times

Minimum overlap: 1
No. of allowed errors:
1-9 bp: 0; 10-13 bp: 1

Bases preceding removed adapters:
  A: 30.4%
  C: 23.8%
  G: 11.1%
  T: 33.9%
  none/other: 0.7%

Overview of removed sequences
length	count	expect	max.err	error counts
1	120373	128304.2	0	120373
2	41232	32076.1	0	41232
3	5351	8019.0	0	5351
4	1516	2004.8	0	1516
5	132	501.2	0	132
6	141	125.3	0	141
7	1710	31.3	0	1710
8	89	7.8	0	89
9	203	2.0	0	202 1
10	178	0.5	1	169 9
11	75	0.1	1	74 1
12	190	0.0	1	186 4
13	109	0.0	1	105 4
14	83	0.0	1	74 9
15	135	0.0	1	125 10
16	67	0.0	1	61 6
17	92	0.0	1	90 2
18	111	0.0	1	109 2
19	74	0.0	1	67 7
20	111	0.0	1	105 6
21	116	0.0	1	107 9
22	116	0.0	1	109 7
23	92	0.0	1	84 8
24	567	0.0	1	549 18
25	205	0.0	1	200 5
26	65	0.0	1	61 4
27	101	0.0	1	95 6
28	237	0.0	1	235 2
29	112	0.0	1	107 5
30	217	0.0	1	202 15
31	169	0.0	1	160 9
32	145	0.0	1	141 4
33	41	0.0	1	37 4
34	169	0.0	1	161 8
35	50	0.0	1	47 3
36	102	0.0	1	95 7
37	121	0.0	1	116 5
38	102	0.0	1	97 5
39	118	0.0	1	117 1
40	50	0.0	1	47 3
41	135	0.0	1	131 4
42	183	0.0	1	179 4
43	145	0.0	1	140 5
44	44	0.0	1	43 1
45	57	0.0	1	53 4
46	51	0.0	1	49 2
47	124	0.0	1	121 3
48	54	0.0	1	54
49	109	0.0	1	104 5
50	58	0.0	1	58
51	194	0.0	1	189 5
52	150	0.0	1	148 2
53	130	0.0	1	125 5
54	151	0.0	1	136 15
55	83	0.0	1	81 2
56	44	0.0	1	42 2
57	74	0.0	1	73 1
58	48	0.0	1	47 1
59	89	0.0	1	87 2
60	40	0.0	1	38 2
61	56	0.0	1	56
62	39	0.0	1	38 1
63	61	0.0	1	59 2
64	43	0.0	1	42 1
65	73	0.0	1	70 3
66	66	0.0	1	65 1
67	36	0.0	1	34 2
68	52	0.0	1	46 6
69	74	0.0	1	69 5
70	76	0.0	1	72 4
71	88	0.0	1	84 4
72	115	0.0	1	102 13
73	137	0.0	1	113 24
74	200	0.0	1	169 31
75	454	0.0	1	369 85
76	1137	0.0	1	1017 120
77	869	0.0	1	773 96
78	479	0.0	1	410 69
79	297	0.0	1	248 49
80	216	0.0	1	171 45
81	138	0.0	1	113 25
82	114	0.0	1	92 22
83	72	0.0	1	56 16
84	61	0.0	1	48 13
85	55	0.0	1	42 13
86	70	0.0	1	60 10
87	47	0.0	1	34 13
88	44	0.0	1	32 12
89	44	0.0	1	35 9
90	41	0.0	1	34 7
91	38	0.0	1	31 7
92	30	0.0	1	22 8
93	36	0.0	1	32 4
94	183	0.0	1	175 8
95	40	0.0	1	35 5
96	38	0.0	1	33 5
97	41	0.0	1	35 6
98	28	0.0	1	17 11
99	16	0.0	1	13 3
100	14	0.0	1	10 4
101	24	0.0	1	17 7
102	16	0.0	1	13 3
103	19	0.0	1	17 2
104	13	0.0	1	13
105	22	0.0	1	20 2
106	23	0.0	1	17 6
107	22	0.0	1	19 3
108	17	0.0	1	11 6
109	9	0.0	1	7 2
110	9	0.0	1	9
111	11	0.0	1	9 2
112	9	0.0	1	7 2
113	18	0.0	1	16 2
114	18	0.0	1	13 5
115	11	0.0	1	8 3
116	8	0.0	1	6 2
117	14	0.0	1	10 4
118	12	0.0	1	8 4
119	9	0.0	1	5 4
120	14	0.0	1	9 5
121	15	0.0	1	8 7
122	10	0.0	1	7 3
123	10	0.0	1	9 1
124	9	0.0	1	6 3
125	15	0.0	1	14 1
126	11	0.0	1	11
127	24	0.0	1	20 4
128	11	0.0	1	9 2
129	10	0.0	1	3 7
130	12	0.0	1	6 6
131	6	0.0	1	5 1
132	14	0.0	1	7 7
133	12	0.0	1	9 3
134	12	0.0	1	7 5
135	10	0.0	1	5 5
136	6	0.0	1	4 2
137	7	0.0	1	4 3
138	8	0.0	1	3 5
139	9	0.0	1	2 7
140	16	0.0	1	12 4
141	26	0.0	1	20 6
142	10	0.0	1	8 2
143	7	0.0	1	4 3
144	13	0.0	1	7 6
145	13	0.0	1	9 4
146	15	0.0	1	10 5
147	6	0.0	1	5 1
148	10	0.0	1	8 2
149	9	0.0	1	9
150	7	0.0	1	4 3
151	11	0.0	1	8 3
152	8	0.0	1	4 4
153	15	0.0	1	13 2
154	15	0.0	1	9 6
155	12	0.0	1	9 3
156	37	0.0	1	29 8
157	11	0.0	1	6 5
158	17	0.0	1	13 4
159	10	0.0	1	9 1
160	26	0.0	1	22 4
161	14	0.0	1	10 4
162	24	0.0	1	21 3
163	12	0.0	1	11 1
164	12	0.0	1	10 2
165	6	0.0	1	0 6
166	16	0.0	1	12 4
167	18	0.0	1	15 3
168	23	0.0	1	23
169	17	0.0	1	16 1
170	27	0.0	1	22 5
171	8	0.0	1	7 1
172	12	0.0	1	11 1
173	12	0.0	1	10 2
174	15	0.0	1	13 2
175	17	0.0	1	16 1
176	20	0.0	1	14 6
177	7	0.0	1	4 3
178	1	0.0	1	0 1
179	5	0.0	1	2 3
180	5	0.0	1	2 3
181	8	0.0	1	3 5
182	2	0.0	1	2
183	9	0.0	1	6 3
184	2	0.0	1	1 1
185	14	0.0	1	13 1
186	2	0.0	1	0 2
187	3	0.0	1	3
188	5	0.0	1	2 3
189	3	0.0	1	1 2
190	5	0.0	1	4 1
192	4	0.0	1	3 1
193	2	0.0	1	1 1
194	3	0.0	1	1 2
195	3	0.0	1	3
196	6	0.0	1	5 1
197	2	0.0	1	2
198	5	0.0	1	3 2
200	4	0.0	1	3 1
201	2	0.0	1	1 1
202	2	0.0	1	1 1
203	1	0.0	1	0 1
204	1	0.0	1	1
205	1	0.0	1	1
207	2	0.0	1	1 1
208	2	0.0	1	2
209	3	0.0	1	2 1
210	4	0.0	1	3 1
211	3	0.0	1	1 2
212	1	0.0	1	1
213	1	0.0	1	0 1
214	3	0.0	1	2 1
216	3	0.0	1	2 1
217	4	0.0	1	3 1
218	1	0.0	1	0 1
219	4	0.0	1	3 1
220	2	0.0	1	2
221	2	0.0	1	2
222	3	0.0	1	3
223	3	0.0	1	2 1
224	2	0.0	1	2
225	3	0.0	1	2 1
226	2	0.0	1	0 2
228	1	0.0	1	1
229	5	0.0	1	5
230	8	0.0	1	6 2
231	6	0.0	1	5 1
232	3	0.0	1	3
233	5	0.0	1	3 2
234	5	0.0	1	5
235	1	0.0	1	0 1
237	3	0.0	1	1 2
238	2	0.0	1	2
239	3	0.0	1	3
240	3	0.0	1	2 1
241	3	0.0	1	2 1
242	2	0.0	1	2
243	2	0.0	1	1 1
244	4	0.0	1	1 3
245	3	0.0	1	2 1
246	3	0.0	1	1 2
247	3	0.0	1	0 3
248	3	0.0	1	0 3
249	5	0.0	1	1 4
250	24	0.0	1	0 24
251	261	0.0	1	0 261

RUN STATISTICS FOR INPUT FILE: SC2194/host_removal/SC2194_R1.fastq.gz
=============================================
513217 sequences processed in total
The length threshold of paired-end sequences gets evaluated later on (in the validation step)

Writing report to '/workspace/home/nasirja/covid-19-signal/subset_viral_7_results_dir/SC2194/adapter_trimmed/SC2194_R2.fastq.gz_trimming_report.txt'

SUMMARISING RUN PARAMETERS
==========================
Input filename: SC2194/host_removal/SC2194_R2.fastq.gz
Trimming mode: paired-end
Trim Galore version: 0.6.4_dev
Cutadapt version: 4.1
Python version: could not detect
Number of cores used for trimming: 2
Quality Phred score cutoff: 20
Quality encoding type selected: ASCII+33
Adapter sequence: 'AGATCGGAAGAGC' (Illumina TruSeq, Sanger iPCR; auto-detected)
Maximum trimming error rate: 0.1 (default)
Minimum required adapter overlap (stringency): 1 bp
Minimum required sequence length for both reads before a sequence pair gets removed: 20 bp
Running FastQC on the data once trimming has completed
Output file(s) will be GZIP compressed

Cutadapt seems to be fairly up-to-date (version 4.1). Setting -j -j 2
Writing final adapter and quality trimmed output to SC2194_R2_trimmed.fq.gz


  >>> Now performing quality (cutoff '-q 20') and adapter trimming in a single pass for the adapter sequence: 'AGATCGGAAGAGC' from file SC2194/host_removal/SC2194_R2.fastq.gz <<< 
This is cutadapt 4.1 with Python 3.9.13
Command line parameters: -j 2 -e 0.1 -q 20 -O 1 -a AGATCGGAAGAGC SC2194/host_removal/SC2194_R2.fastq.gz
Processing single-end reads on 2 cores ...
Finished in 23.88 s (47 µs/read; 1.29 M reads/minute).

=== Summary ===

Total reads processed:                 513,217
Reads with adapters:                   179,800 (35.0%)
Reads written (passing filters):       513,217 (100.0%)

Total basepairs processed:   128,817,467 bp
Quality-trimmed:               1,630,127 bp (1.3%)
Total written (filtered):    126,153,670 bp (97.9%)

=== Adapter 1 ===

Sequence: AGATCGGAAGAGC; Type: regular 3'; Length: 13; Trimmed: 179800 times

Minimum overlap: 1
No. of allowed errors:
1-9 bp: 0; 10-13 bp: 1

Bases preceding removed adapters:
  A: 34.2%
  C: 22.2%
  G: 10.9%
  T: 31.9%
  none/other: 0.8%

Overview of removed sequences
length	count	expect	max.err	error counts
1	119437	128304.2	0	119437
2	37236	32076.1	0	37236
3	6283	8019.0	0	6283
4	1257	2004.8	0	1257
5	121	501.2	0	121
6	133	125.3	0	133
7	1732	31.3	0	1732
8	59	7.8	0	59
9	210	2.0	0	210
10	207	0.5	1	192 15
11	46	0.1	1	40 6
12	215	0.0	1	206 9
13	42	0.0	1	35 7
14	182	0.0	1	180 2
15	77	0.0	1	75 2
16	52	0.0	1	50 2
17	169	0.0	1	161 8
18	31	0.0	1	28 3
19	122	0.0	1	117 5
20	108	0.0	1	106 2
21	18	0.0	1	15 3
22	101	0.0	1	97 4
23	138	0.0	1	123 15
24	726	0.0	1	694 32
25	32	0.0	1	30 2
26	123	0.0	1	121 2
27	138	0.0	1	133 5
28	242	0.0	1	238 4
29	59	0.0	1	52 7
30	361	0.0	1	348 13
31	33	0.0	1	31 2
32	147	0.0	1	141 6
33	91	0.0	1	88 3
34	67	0.0	1	63 4
35	135	0.0	1	124 11
36	298	0.0	1	288 10
37	147	0.0	1	140 7
38	88	0.0	1	83 5
39	74	0.0	1	70 4
40	149	0.0	1	142 7
41	252	0.0	1	246 6
42	477	0.0	1	461 16
43	146	0.0	1	142 4
44	280	0.0	1	267 13
45	299	0.0	1	295 4
46	196	0.0	1	191 5
47	399	0.0	1	386 13
48	198	0.0	1	195 3
49	105	0.0	1	104 1
50	72	0.0	1	66 6
51	87	0.0	1	82 5
52	51	0.0	1	48 3
53	147	0.0	1	143 4
54	251	0.0	1	245 6
55	68	0.0	1	63 5
56	145	0.0	1	141 4
57	423	0.0	1	410 13
58	242	0.0	1	237 5
59	57	0.0	1	53 4
60	138	0.0	1	137 1
61	59	0.0	1	59
62	29	0.0	1	28 1
63	76	0.0	1	73 3
64	50	0.0	1	49 1
65	30	0.0	1	30
66	19	0.0	1	19
67	11	0.0	1	11
68	22	0.0	1	21 1
69	17	0.0	1	17
70	30	0.0	1	27 3
71	26	0.0	1	26
72	42	0.0	1	35 7
73	44	0.0	1	39 5
74	70	0.0	1	64 6
75	79	0.0	1	64 15
76	131	0.0	1	114 17
77	163	0.0	1	136 27
78	266	0.0	1	195 71
79	461	0.0	1	304 157
80	665	0.0	1	446 219
81	458	0.0	1	329 129
82	239	0.0	1	149 90
83	124	0.0	1	72 52
84	91	0.0	1	45 46
85	76	0.0	1	40 36
86	50	0.0	1	28 22
87	43	0.0	1	20 23
88	34	0.0	1	19 15
89	46	0.0	1	29 17
90	24	0.0	1	14 10
91	13	0.0	1	6 7
92	23	0.0	1	15 8
93	26	0.0	1	14 12
94	122	0.0	1	110 12
95	33	0.0	1	27 6
96	40	0.0	1	30 10
97	25	0.0	1	21 4
98	13	0.0	1	7 6
99	11	0.0	1	10 1
100	16	0.0	1	9 7
101	10	0.0	1	7 3
102	1	0.0	1	1
103	11	0.0	1	7 4
104	11	0.0	1	8 3
105	11	0.0	1	8 3
106	9	0.0	1	4 5
107	19	0.0	1	9 10
108	11	0.0	1	7 4
109	9	0.0	1	3 6
110	8	0.0	1	3 5
111	5	0.0	1	1 4
112	5	0.0	1	1 4
113	12	0.0	1	9 3
114	6	0.0	1	2 4
115	9	0.0	1	5 4
116	6	0.0	1	1 5
117	13	0.0	1	11 2
118	6	0.0	1	2 4
119	8	0.0	1	2 6
120	5	0.0	1	2 3
121	11	0.0	1	8 3
122	5	0.0	1	0 5
123	9	0.0	1	3 6
124	4	0.0	1	3 1
125	10	0.0	1	8 2
126	11	0.0	1	8 3
127	32	0.0	1	24 8
128	9	0.0	1	4 5
129	8	0.0	1	5 3
130	8	0.0	1	5 3
131	9	0.0	1	4 5
132	11	0.0	1	7 4
133	8	0.0	1	5 3
134	7	0.0	1	1 6
135	7	0.0	1	3 4
136	6	0.0	1	2 4
137	3	0.0	1	3
138	7	0.0	1	1 6
139	5	0.0	1	3 2
140	9	0.0	1	5 4
141	19	0.0	1	18 1
142	8	0.0	1	4 4
143	7	0.0	1	6 1
144	7	0.0	1	4 3
145	14	0.0	1	11 3
146	13	0.0	1	6 7
147	10	0.0	1	5 5
148	3	0.0	1	1 2
149	9	0.0	1	3 6
150	4	0.0	1	1 3
151	6	0.0	1	3 3
152	5	0.0	1	2 3
153	10	0.0	1	10
154	12	0.0	1	7 5
155	10	0.0	1	3 7
156	23	0.0	1	16 7
157	4	0.0	1	4
158	8	0.0	1	8
159	10	0.0	1	7 3
160	22	0.0	1	16 6
161	23	0.0	1	17 6
162	11	0.0	1	6 5
163	8	0.0	1	6 2
164	10	0.0	1	6 4
165	4	0.0	1	2 2
166	13	0.0	1	9 4
167	17	0.0	1	15 2
168	12	0.0	1	10 2
169	14	0.0	1	14
170	10	0.0	1	9 1
171	5	0.0	1	4 1
172	12	0.0	1	11 1
173	11	0.0	1	8 3
174	6	0.0	1	4 2
175	7	0.0	1	5 2
176	10	0.0	1	7 3
177	2	0.0	1	1 1
178	1	0.0	1	1
179	2	0.0	1	2
180	5	0.0	1	3 2
181	7	0.0	1	5 2
183	2	0.0	1	2
185	10	0.0	1	10
186	1	0.0	1	1
187	5	0.0	1	4 1
188	1	0.0	1	1
189	1	0.0	1	1
190	4	0.0	1	4
191	1	0.0	1	1
192	2	0.0	1	1 1
193	2	0.0	1	2
195	1	0.0	1	1
196	2	0.0	1	2
197	3	0.0	1	2 1
198	1	0.0	1	1
199	1	0.0	1	1
200	2	0.0	1	2
204	3	0.0	1	2 1
207	1	0.0	1	1
208	1	0.0	1	0 1
209	1	0.0	1	1
211	1	0.0	1	1
212	1	0.0	1	1
215	1	0.0	1	1
216	1	0.0	1	0 1
217	1	0.0	1	1
220	2	0.0	1	2
222	1	0.0	1	1
223	2	0.0	1	2
224	1	0.0	1	1
225	1	0.0	1	1
226	5	0.0	1	5
227	2	0.0	1	2
228	2	0.0	1	2
229	3	0.0	1	3
230	4	0.0	1	4
231	2	0.0	1	2
232	4	0.0	1	4
233	2	0.0	1	2
234	2	0.0	1	2
238	2	0.0	1	2
240	2	0.0	1	2
241	1	0.0	1	0 1
242	2	0.0	1	2
243	3	0.0	1	3
244	1	0.0	1	1
245	2	0.0	1	2
246	1	0.0	1	0 1
248	1	0.0	1	0 1
249	2	0.0	1	0 2
250	9	0.0	1	0 9
251	227	0.0	1	0 227

RUN STATISTICS FOR INPUT FILE: SC2194/host_removal/SC2194_R2.fastq.gz
=============================================
513217 sequences processed in total
The length threshold of paired-end sequences gets evaluated later on (in the validation step)

Validate paired-end files SC2194_R1_trimmed.fq.gz and SC2194_R2_trimmed.fq.gz
file_1: SC2194_R1_trimmed.fq.gz, file_2: SC2194_R2_trimmed.fq.gz


>>>>> Now validing the length of the 2 paired-end infiles: SC2194_R1_trimmed.fq.gz and SC2194_R2_trimmed.fq.gz <<<<<
Writing validated paired-end Read 1 reads to SC2194_R1_val_1.fq.gz
Writing validated paired-end Read 2 reads to SC2194_R2_val_2.fq.gz

Total number of sequences analysed: 513217

Number of sequence pairs removed because at least one read was shorter than the length cutoff (20 bp): 2918 (0.57%)


  >>> Now running FastQC on the validated data SC2194_R1_val_1.fq.gz<<<

Started analysis of SC2194_R1_val_1.fq.gz
Approx 5% complete for SC2194_R1_val_1.fq.gz
Approx 10% complete for SC2194_R1_val_1.fq.gz
Approx 15% complete for SC2194_R1_val_1.fq.gz
Approx 20% complete for SC2194_R1_val_1.fq.gz
Approx 25% complete for SC2194_R1_val_1.fq.gz
Approx 30% complete for SC2194_R1_val_1.fq.gz
Approx 35% complete for SC2194_R1_val_1.fq.gz
Approx 40% complete for SC2194_R1_val_1.fq.gz
Approx 45% complete for SC2194_R1_val_1.fq.gz
Approx 50% complete for SC2194_R1_val_1.fq.gz
Approx 55% complete for SC2194_R1_val_1.fq.gz
Approx 60% complete for SC2194_R1_val_1.fq.gz
Approx 65% complete for SC2194_R1_val_1.fq.gz
Approx 70% complete for SC2194_R1_val_1.fq.gz
Approx 75% complete for SC2194_R1_val_1.fq.gz
Approx 80% complete for SC2194_R1_val_1.fq.gz
Approx 85% complete for SC2194_R1_val_1.fq.gz
Approx 90% complete for SC2194_R1_val_1.fq.gz
Approx 95% complete for SC2194_R1_val_1.fq.gz

  >>> Now running FastQC on the validated data SC2194_R2_val_2.fq.gz<<<

Started analysis of SC2194_R2_val_2.fq.gz
Approx 5% complete for SC2194_R2_val_2.fq.gz
Approx 10% complete for SC2194_R2_val_2.fq.gz
Approx 15% complete for SC2194_R2_val_2.fq.gz
Approx 20% complete for SC2194_R2_val_2.fq.gz
Approx 25% complete for SC2194_R2_val_2.fq.gz
Approx 30% complete for SC2194_R2_val_2.fq.gz
Approx 35% complete for SC2194_R2_val_2.fq.gz
Approx 40% complete for SC2194_R2_val_2.fq.gz
Approx 45% complete for SC2194_R2_val_2.fq.gz
Approx 50% complete for SC2194_R2_val_2.fq.gz
Approx 55% complete for SC2194_R2_val_2.fq.gz
Approx 60% complete for SC2194_R2_val_2.fq.gz
Approx 65% complete for SC2194_R2_val_2.fq.gz
Approx 70% complete for SC2194_R2_val_2.fq.gz
Approx 75% complete for SC2194_R2_val_2.fq.gz
Approx 80% complete for SC2194_R2_val_2.fq.gz
Approx 85% complete for SC2194_R2_val_2.fq.gz
Approx 90% complete for SC2194_R2_val_2.fq.gz
Approx 95% complete for SC2194_R2_val_2.fq.gz
Deleting both intermediate output files SC2194_R1_trimmed.fq.gz and SC2194_R2_trimmed.fq.gz

====================================================================================================

