[M::bwa_idx_load_from_disk] read 0 ALT contigs
[M::process] read 79682 sequences (20000182 bp)...
[M::process] read 79682 sequences (20000182 bp)...
[M::mem_pestat] # candidate unique pairs for (FF, FR, RF, RR): (7, 38949, 10, 5)
[M::mem_pestat] skip orientation FF as there are not enough pairs
[M::mem_pestat] analyzing insert size distribution for orientation FR...
[M::mem_pestat] (25, 50, 75) percentile: (380, 385, 393)
[M::mem_pestat] low and high boundaries for computing mean and std.dev: (354, 419)
[M::mem_pestat] mean and std.dev: (388.67, 10.82)
[M::mem_pestat] low and high boundaries for proper pairs: (341, 432)
[M::mem_pestat] analyzing insert size distribution for orientation RF...
[M::mem_pestat] (25, 50, 75) percentile: (762, 3184, 5190)
[M::mem_pestat] low and high boundaries for computing mean and std.dev: (1, 14046)
[M::mem_pestat] mean and std.dev: (3285.50, 2991.41)
[M::mem_pestat] low and high boundaries for proper pairs: (1, 18474)
[M::mem_pestat] skip orientation RR as there are not enough pairs
[M::mem_pestat] skip orientation RF
[M::mem_process_seqs] Processed 79682 reads in 25.064 CPU sec, 15.819 real sec
[M::process] read 79682 sequences (20000182 bp)...
[M::mem_pestat] # candidate unique pairs for (FF, FR, RF, RR): (7, 38887, 23, 8)
[M::mem_pestat] skip orientation FF as there are not enough pairs
[M::mem_pestat] analyzing insert size distribution for orientation FR...
[M::mem_pestat] (25, 50, 75) percentile: (380, 385, 393)
[M::mem_pestat] low and high boundaries for computing mean and std.dev: (354, 419)
[M::mem_pestat] mean and std.dev: (388.66, 10.91)
[M::mem_pestat] low and high boundaries for proper pairs: (341, 432)
[M::mem_pestat] analyzing insert size distribution for orientation RF...
[M::mem_pestat] (25, 50, 75) percentile: (367, 2945, 7744)
[M::mem_pestat] low and high boundaries for computing mean and std.dev: (1, 22498)
[M::mem_pestat] mean and std.dev: (4193.09, 3607.27)
[M::mem_pestat] low and high boundaries for proper pairs: (1, 29875)
[M::mem_pestat] skip orientation RR as there are not enough pairs
[M::mem_pestat] skip orientation RF
[M::mem_process_seqs] Processed 79682 reads in 22.390 CPU sec, 10.913 real sec
[M::process] read 79682 sequences (20000182 bp)...
[M::mem_pestat] # candidate unique pairs for (FF, FR, RF, RR): (1, 38872, 14, 5)
[M::mem_pestat] skip orientation FF as there are not enough pairs
[M::mem_pestat] analyzing insert size distribution for orientation FR...
[M::mem_pestat] (25, 50, 75) percentile: (379, 384, 393)
[M::mem_pestat] low and high boundaries for computing mean and std.dev: (351, 421)
[M::mem_pestat] mean and std.dev: (387.86, 10.96)
[M::mem_pestat] low and high boundaries for proper pairs: (337, 435)
[M::mem_pestat] analyzing insert size distribution for orientation RF...
[M::mem_pestat] (25, 50, 75) percentile: (223, 352, 2351)
[M::mem_pestat] low and high boundaries for computing mean and std.dev: (1, 6607)
[M::mem_pestat] mean and std.dev: (846.15, 1053.37)
[M::mem_pestat] low and high boundaries for proper pairs: (1, 8735)
[M::mem_pestat] skip orientation RR as there are not enough pairs
[M::mem_pestat] skip orientation RF
[M::mem_process_seqs] Processed 79682 reads in 26.941 CPU sec, 13.203 real sec
[M::process] read 79682 sequences (20000182 bp)...
[M::mem_pestat] # candidate unique pairs for (FF, FR, RF, RR): (5, 38875, 15, 4)
[M::mem_pestat] skip orientation FF as there are not enough pairs
[M::mem_pestat] analyzing insert size distribution for orientation FR...
[M::mem_pestat] (25, 50, 75) percentile: (380, 385, 394)
[M::mem_pestat] low and high boundaries for computing mean and std.dev: (352, 422)
[M::mem_pestat] mean and std.dev: (388.78, 10.98)
[M::mem_pestat] low and high boundaries for proper pairs: (338, 436)
[M::mem_pestat] analyzing insert size distribution for orientation RF...
[M::mem_pestat] (25, 50, 75) percentile: (609, 926, 2699)
[M::mem_pestat] low and high boundaries for computing mean and std.dev: (1, 6879)
[M::mem_pestat] mean and std.dev: (1676.93, 1798.40)
[M::mem_pestat] low and high boundaries for proper pairs: (1, 8969)
[M::mem_pestat] skip orientation RR as there are not enough pairs
[M::mem_pestat] skip orientation RF
[M::mem_process_seqs] Processed 79682 reads in 20.300 CPU sec, 9.880 real sec
[M::process] read 79682 sequences (20000182 bp)...
[M::mem_pestat] # candidate unique pairs for (FF, FR, RF, RR): (4, 38783, 7, 12)
[M::mem_pestat] skip orientation FF as there are not enough pairs
[M::mem_pestat] analyzing insert size distribution for orientation FR...
[M::mem_pestat] (25, 50, 75) percentile: (380, 385, 393)
[M::mem_pestat] low and high boundaries for computing mean and std.dev: (354, 419)
[M::mem_pestat] mean and std.dev: (388.59, 10.83)
[M::mem_pestat] low and high boundaries for proper pairs: (341, 432)
[M::mem_pestat] skip orientation RF as there are not enough pairs
[M::mem_pestat] analyzing insert size distribution for orientation RR...
[M::mem_pestat] (25, 50, 75) percentile: (2123, 3357, 5135)
[M::mem_pestat] low and high boundaries for computing mean and std.dev: (1, 11159)
[M::mem_pestat] mean and std.dev: (3570.50, 1745.12)
[M::mem_pestat] low and high boundaries for proper pairs: (1, 14171)
[M::mem_pestat] skip orientation RR
[M::mem_process_seqs] Processed 79682 reads in 19.469 CPU sec, 9.463 real sec
[M::process] read 79682 sequences (20000182 bp)...
[M::mem_pestat] # candidate unique pairs for (FF, FR, RF, RR): (7, 38734, 10, 5)
[M::mem_pestat] skip orientation FF as there are not enough pairs
[M::mem_pestat] analyzing insert size distribution for orientation FR...
[M::mem_pestat] (25, 50, 75) percentile: (379, 385, 393)
[M::mem_pestat] low and high boundaries for computing mean and std.dev: (351, 421)
[M::mem_pestat] mean and std.dev: (387.93, 10.86)
[M::mem_pestat] low and high boundaries for proper pairs: (337, 435)
[M::mem_pestat] analyzing insert size distribution for orientation RF...
[M::mem_pestat] (25, 50, 75) percentile: (248, 5020, 6340)
[M::mem_pestat] low and high boundaries for computing mean and std.dev: (1, 18524)
[M::mem_pestat] mean and std.dev: (3971.20, 3444.64)
[M::mem_pestat] low and high boundaries for proper pairs: (1, 24616)
[M::mem_pestat] skip orientation RR as there are not enough pairs
[M::mem_pestat] skip orientation RF
[M::mem_process_seqs] Processed 79682 reads in 22.558 CPU sec, 11.022 real sec
[M::process] read 79682 sequences (20000182 bp)...
[M::mem_pestat] # candidate unique pairs for (FF, FR, RF, RR): (6, 38988, 12, 7)
[M::mem_pestat] skip orientation FF as there are not enough pairs
[M::mem_pestat] analyzing insert size distribution for orientation FR...
[M::mem_pestat] (25, 50, 75) percentile: (380, 385, 393)
[M::mem_pestat] low and high boundaries for computing mean and std.dev: (354, 419)
[M::mem_pestat] mean and std.dev: (388.61, 10.80)
[M::mem_pestat] low and high boundaries for proper pairs: (341, 432)
[M::mem_pestat] analyzing insert size distribution for orientation RF...
[M::mem_pestat] (25, 50, 75) percentile: (215, 5626, 7778)
[M::mem_pestat] low and high boundaries for computing mean and std.dev: (1, 22904)
[M::mem_pestat] mean and std.dev: (3883.67, 3308.92)
[M::mem_pestat] low and high boundaries for proper pairs: (1, 30467)
[M::mem_pestat] skip orientation RR as there are not enough pairs
[M::mem_pestat] skip orientation RF
[M::mem_process_seqs] Processed 79682 reads in 18.098 CPU sec, 8.780 real sec
[M::process] read 79682 sequences (20000182 bp)...
[M::mem_pestat] # candidate unique pairs for (FF, FR, RF, RR): (12, 38925, 9, 9)
[M::mem_pestat] analyzing insert size distribution for orientation FF...
[M::mem_pestat] (25, 50, 75) percentile: (2311, 4893, 7190)
[M::mem_pestat] low and high boundaries for computing mean and std.dev: (1, 16948)
[M::mem_pestat] mean and std.dev: (4651.67, 2688.59)
[M::mem_pestat] low and high boundaries for proper pairs: (1, 21827)
[M::mem_pestat] analyzing insert size distribution for orientation FR...
[M::mem_pestat] (25, 50, 75) percentile: (380, 385, 393)
[M::mem_pestat] low and high boundaries for computing mean and std.dev: (354, 419)
[M::mem_pestat] mean and std.dev: (388.57, 10.79)
[M::mem_pestat] low and high boundaries for proper pairs: (341, 432)
[M::mem_pestat] skip orientation RF as there are not enough pairs
[M::mem_pestat] skip orientation RR as there are not enough pairs
[M::mem_pestat] skip orientation FF
[M::mem_process_seqs] Processed 79682 reads in 27.517 CPU sec, 13.498 real sec
[M::process] read 79682 sequences (20000182 bp)...
[M::mem_pestat] # candidate unique pairs for (FF, FR, RF, RR): (4, 38857, 16, 3)
[M::mem_pestat] skip orientation FF as there are not enough pairs
[M::mem_pestat] analyzing insert size distribution for orientation FR...
[M::mem_pestat] (25, 50, 75) percentile: (379, 384, 393)
[M::mem_pestat] low and high boundaries for computing mean and std.dev: (351, 421)
[M::mem_pestat] mean and std.dev: (387.64, 11.18)
[M::mem_pestat] low and high boundaries for proper pairs: (337, 435)
[M::mem_pestat] analyzing insert size distribution for orientation RF...
[M::mem_pestat] (25, 50, 75) percentile: (220, 1545, 5314)
[M::mem_pestat] low and high boundaries for computing mean and std.dev: (1, 15502)
[M::mem_pestat] mean and std.dev: (2481.06, 2676.01)
[M::mem_pestat] low and high boundaries for proper pairs: (1, 20596)
[M::mem_pestat] skip orientation RR as there are not enough pairs
[M::mem_pestat] skip orientation RF
[M::mem_process_seqs] Processed 79682 reads in 18.666 CPU sec, 9.106 real sec
[M::process] read 79682 sequences (20000182 bp)...
[M::mem_pestat] # candidate unique pairs for (FF, FR, RF, RR): (4, 38867, 21, 5)
[M::mem_pestat] skip orientation FF as there are not enough pairs
[M::mem_pestat] analyzing insert size distribution for orientation FR...
[M::mem_pestat] (25, 50, 75) percentile: (380, 385, 394)
[M::mem_pestat] low and high boundaries for computing mean and std.dev: (352, 422)
[M::mem_pestat] mean and std.dev: (388.67, 10.88)
[M::mem_pestat] low and high boundaries for proper pairs: (338, 436)
[M::mem_pestat] analyzing insert size distribution for orientation RF...
[M::mem_pestat] (25, 50, 75) percentile: (987, 3528, 6936)
[M::mem_pestat] low and high boundaries for computing mean and std.dev: (1, 18834)
[M::mem_pestat] mean and std.dev: (3863.10, 2929.54)
[M::mem_pestat] low and high boundaries for proper pairs: (1, 24783)
[M::mem_pestat] skip orientation RR as there are not enough pairs
[M::mem_pestat] skip orientation RF
[M::mem_process_seqs] Processed 79682 reads in 17.646 CPU sec, 8.601 real sec
[M::process] read 79682 sequences (20000182 bp)...
[M::mem_pestat] # candidate unique pairs for (FF, FR, RF, RR): (6, 38874, 15, 6)
[M::mem_pestat] skip orientation FF as there are not enough pairs
[M::mem_pestat] analyzing insert size distribution for orientation FR...
[M::mem_pestat] (25, 50, 75) percentile: (380, 385, 393)
[M::mem_pestat] low and high boundaries for computing mean and std.dev: (354, 419)
[M::mem_pestat] mean and std.dev: (388.50, 10.80)
[M::mem_pestat] low and high boundaries for proper pairs: (341, 432)
[M::mem_pestat] analyzing insert size distribution for orientation RF...
[M::mem_pestat] (25, 50, 75) percentile: (852, 1744, 4494)
[M::mem_pestat] low and high boundaries for computing mean and std.dev: (1, 11778)
[M::mem_pestat] mean and std.dev: (2462.00, 2349.32)
[M::mem_pestat] low and high boundaries for proper pairs: (1, 15420)
[M::mem_pestat] skip orientation RR as there are not enough pairs
[M::mem_pestat] skip orientation RF
[M::mem_process_seqs] Processed 79682 reads in 20.835 CPU sec, 10.194 real sec
[M::process] read 79682 sequences (20000182 bp)...
[M::mem_pestat] # candidate unique pairs for (FF, FR, RF, RR): (6, 38839, 15, 15)
[M::mem_pestat] skip orientation FF as there are not enough pairs
[M::mem_pestat] analyzing insert size distribution for orientation FR...
[M::mem_pestat] (25, 50, 75) percentile: (379, 385, 393)
[M::mem_pestat] low and high boundaries for computing mean and std.dev: (351, 421)
[M::mem_pestat] mean and std.dev: (387.98, 10.90)
[M::mem_pestat] low and high boundaries for proper pairs: (337, 435)
[M::mem_pestat] analyzing insert size distribution for orientation RF...
[M::mem_pestat] (25, 50, 75) percentile: (830, 3524, 5042)
[M::mem_pestat] low and high boundaries for computing mean and std.dev: (1, 13466)
[M::mem_pestat] mean and std.dev: (3304.87, 2688.40)
[M::mem_pestat] low and high boundaries for proper pairs: (1, 17678)
[M::mem_pestat] analyzing insert size distribution for orientation RR...
[M::mem_pestat] (25, 50, 75) percentile: (2057, 4175, 6974)
[M::mem_pestat] low and high boundaries for computing mean and std.dev: (1, 16808)
[M::mem_pestat] mean and std.dev: (4626.73, 2935.76)
[M::mem_pestat] low and high boundaries for proper pairs: (1, 21725)
[M::mem_pestat] skip orientation RF
[M::mem_pestat] skip orientation RR
[M::mem_process_seqs] Processed 79682 reads in 24.251 CPU sec, 11.868 real sec
[M::process] read 79682 sequences (20000182 bp)...
[M::mem_pestat] # candidate unique pairs for (FF, FR, RF, RR): (6, 38910, 15, 10)
[M::mem_pestat] skip orientation FF as there are not enough pairs
[M::mem_pestat] analyzing insert size distribution for orientation FR...
[M::mem_pestat] (25, 50, 75) percentile: (380, 385, 393)
[M::mem_pestat] low and high boundaries for computing mean and std.dev: (354, 419)
[M::mem_pestat] mean and std.dev: (388.64, 10.79)
[M::mem_pestat] low and high boundaries for proper pairs: (341, 432)
[M::mem_pestat] analyzing insert size distribution for orientation RF...
[M::mem_pestat] (25, 50, 75) percentile: (2406, 4407, 6339)
[M::mem_pestat] low and high boundaries for computing mean and std.dev: (1, 14205)
[M::mem_pestat] mean and std.dev: (4295.13, 2788.03)
[M::mem_pestat] low and high boundaries for proper pairs: (1, 18138)
[M::mem_pestat] analyzing insert size distribution for orientation RR...
[M::mem_pestat] (25, 50, 75) percentile: (627, 4513, 6626)
[M::mem_pestat] low and high boundaries for computing mean and std.dev: (1, 18624)
[M::mem_pestat] mean and std.dev: (3443.40, 3020.26)
[M::mem_pestat] low and high boundaries for proper pairs: (1, 24623)
[M::mem_pestat] skip orientation RF
[M::mem_pestat] skip orientation RR
[M::mem_process_seqs] Processed 79682 reads in 22.770 CPU sec, 11.105 real sec
[M::process] read 79682 sequences (20000182 bp)...
[M::mem_pestat] # candidate unique pairs for (FF, FR, RF, RR): (9, 38905, 21, 7)
[M::mem_pestat] skip orientation FF as there are not enough pairs
[M::mem_pestat] analyzing insert size distribution for orientation FR...
[M::mem_pestat] (25, 50, 75) percentile: (380, 385, 393)
[M::mem_pestat] low and high boundaries for computing mean and std.dev: (354, 419)
[M::mem_pestat] mean and std.dev: (388.62, 10.90)
[M::mem_pestat] low and high boundaries for proper pairs: (341, 432)
[M::mem_pestat] analyzing insert size distribution for orientation RF...
[M::mem_pestat] (25, 50, 75) percentile: (237, 834, 5165)
[M::mem_pestat] low and high boundaries for computing mean and std.dev: (1, 15021)
[M::mem_pestat] mean and std.dev: (2159.00, 2324.38)
[M::mem_pestat] low and high boundaries for proper pairs: (1, 19949)
[M::mem_pestat] skip orientation RR as there are not enough pairs
[M::mem_pestat] skip orientation RF
[M::mem_process_seqs] Processed 79682 reads in 23.499 CPU sec, 11.457 real sec
[M::process] read 79682 sequences (20000182 bp)...
[M::mem_pestat] # candidate unique pairs for (FF, FR, RF, RR): (4, 38923, 9, 10)
[M::mem_pestat] skip orientation FF as there are not enough pairs
[M::mem_pestat] analyzing insert size distribution for orientation FR...
[M::mem_pestat] (25, 50, 75) percentile: (379, 384, 393)
[M::mem_pestat] low and high boundaries for computing mean and std.dev: (351, 421)
[M::mem_pestat] mean and std.dev: (387.72, 11.10)
[M::mem_pestat] low and high boundaries for proper pairs: (337, 435)
[M::mem_pestat] skip orientation RF as there are not enough pairs
[M::mem_pestat] analyzing insert size distribution for orientation RR...
[M::mem_pestat] (25, 50, 75) percentile: (2788, 6437, 8135)
[M::mem_pestat] low and high boundaries for computing mean and std.dev: (1, 18829)
[M::mem_pestat] mean and std.dev: (5504.70, 2908.91)
[M::mem_pestat] low and high boundaries for proper pairs: (1, 24176)
[M::mem_pestat] skip orientation RR
[M::mem_process_seqs] Processed 79682 reads in 25.046 CPU sec, 12.250 real sec
[M::process] read 79682 sequences (20000182 bp)...
[M::mem_pestat] # candidate unique pairs for (FF, FR, RF, RR): (8, 38802, 20, 10)
[M::mem_pestat] skip orientation FF as there are not enough pairs
[M::mem_pestat] analyzing insert size distribution for orientation FR...
[M::mem_pestat] (25, 50, 75) percentile: (380, 385, 394)
[M::mem_pestat] low and high boundaries for computing mean and std.dev: (352, 422)
[M::mem_pestat] mean and std.dev: (388.68, 10.90)
[M::mem_pestat] low and high boundaries for proper pairs: (338, 436)
[M::mem_pestat] analyzing insert size distribution for orientation RF...
[M::mem_pestat] (25, 50, 75) percentile: (610, 2897, 4493)
[M::mem_pestat] low and high boundaries for computing mean and std.dev: (1, 12259)
[M::mem_pestat] mean and std.dev: (2649.20, 2206.79)
[M::mem_pestat] low and high boundaries for proper pairs: (1, 16142)
[M::mem_pestat] analyzing insert size distribution for orientation RR...
[M::mem_pestat] (25, 50, 75) percentile: (1144, 3378, 4850)
[M::mem_pestat] low and high boundaries for computing mean and std.dev: (1, 12262)
[M::mem_pestat] mean and std.dev: (3457.70, 3061.53)
[M::mem_pestat] low and high boundaries for proper pairs: (1, 15968)
[M::mem_pestat] skip orientation RF
[M::mem_pestat] skip orientation RR
[M::mem_process_seqs] Processed 79682 reads in 24.256 CPU sec, 11.879 real sec
[M::process] read 79682 sequences (20000182 bp)...
[M::mem_pestat] # candidate unique pairs for (FF, FR, RF, RR): (5, 38815, 16, 11)
[M::mem_pestat] skip orientation FF as there are not enough pairs
[M::mem_pestat] analyzing insert size distribution for orientation FR...
[M::mem_pestat] (25, 50, 75) percentile: (380, 385, 393)
[M::mem_pestat] low and high boundaries for computing mean and std.dev: (354, 419)
[M::mem_pestat] mean and std.dev: (388.67, 10.83)
[M::mem_pestat] low and high boundaries for proper pairs: (341, 432)
[M::mem_pestat] analyzing insert size distribution for orientation RF...
[M::mem_pestat] (25, 50, 75) percentile: (857, 2897, 7530)
[M::mem_pestat] low and high boundaries for computing mean and std.dev: (1, 20876)
[M::mem_pestat] mean and std.dev: (3563.19, 3153.88)
[M::mem_pestat] low and high boundaries for proper pairs: (1, 27549)
[M::mem_pestat] analyzing insert size distribution for orientation RR...
[M::mem_pestat] (25, 50, 75) percentile: (1418, 2057, 3906)
[M::mem_pestat] low and high boundaries for computing mean and std.dev: (1, 8882)
[M::mem_pestat] mean and std.dev: (2642.18, 2160.93)
[M::mem_pestat] low and high boundaries for proper pairs: (1, 11370)
[M::mem_pestat] skip orientation RF
[M::mem_pestat] skip orientation RR
[M::mem_process_seqs] Processed 79682 reads in 26.174 CPU sec, 12.819 real sec
[M::process] read 79682 sequences (20000182 bp)...
[M::mem_pestat] # candidate unique pairs for (FF, FR, RF, RR): (10, 38800, 4, 9)
[M::mem_pestat] analyzing insert size distribution for orientation FF...
[M::mem_pestat] (25, 50, 75) percentile: (1489, 2345, 7315)
[M::mem_pestat] low and high boundaries for computing mean and std.dev: (1, 18967)
[M::mem_pestat] mean and std.dev: (3748.40, 2901.60)
[M::mem_pestat] low and high boundaries for proper pairs: (1, 24793)
[M::mem_pestat] analyzing insert size distribution for orientation FR...
[M::mem_pestat] (25, 50, 75) percentile: (379, 385, 393)
[M::mem_pestat] low and high boundaries for computing mean and std.dev: (351, 421)
[M::mem_pestat] mean and std.dev: (388.19, 10.86)
[M::mem_pestat] low and high boundaries for proper pairs: (337, 435)
[M::mem_pestat] skip orientation RF as there are not enough pairs
[M::mem_pestat] skip orientation RR as there are not enough pairs
[M::mem_pestat] skip orientation FF
[M::mem_process_seqs] Processed 79682 reads in 22.156 CPU sec, 10.833 real sec
[M::process] read 79682 sequences (20000182 bp)...
[M::mem_pestat] # candidate unique pairs for (FF, FR, RF, RR): (8, 38976, 14, 12)
[M::mem_pestat] skip orientation FF as there are not enough pairs
[M::mem_pestat] analyzing insert size distribution for orientation FR...
[M::mem_pestat] (25, 50, 75) percentile: (380, 385, 394)
[M::mem_pestat] low and high boundaries for computing mean and std.dev: (352, 422)
[M::mem_pestat] mean and std.dev: (388.72, 10.92)
[M::mem_pestat] low and high boundaries for proper pairs: (338, 436)
[M::mem_pestat] analyzing insert size distribution for orientation RF...
[M::mem_pestat] (25, 50, 75) percentile: (232, 2547, 5538)
[M::mem_pestat] low and high boundaries for computing mean and std.dev: (1, 16150)
[M::mem_pestat] mean and std.dev: (3296.64, 3429.23)
[M::mem_pestat] low and high boundaries for proper pairs: (1, 21456)
[M::mem_pestat] analyzing insert size distribution for orientation RR...
[M::mem_pestat] (25, 50, 75) percentile: (1541, 4373, 5912)
[M::mem_pestat] low and high boundaries for computing mean and std.dev: (1, 14654)
[M::mem_pestat] mean and std.dev: (3953.25, 2607.47)
[M::mem_pestat] low and high boundaries for proper pairs: (1, 19025)
[M::mem_pestat] skip orientation RF
[M::mem_pestat] skip orientation RR
[M::mem_process_seqs] Processed 79682 reads in 25.310 CPU sec, 12.427 real sec
[M::process] read 79682 sequences (20000182 bp)...
[M::mem_pestat] # candidate unique pairs for (FF, FR, RF, RR): (9, 38930, 14, 8)
[M::mem_pestat] skip orientation FF as there are not enough pairs
[M::mem_pestat] analyzing insert size distribution for orientation FR...
[M::mem_pestat] (25, 50, 75) percentile: (380, 385, 394)
[M::mem_pestat] low and high boundaries for computing mean and std.dev: (352, 422)
[M::mem_pestat] mean and std.dev: (388.58, 10.88)
[M::mem_pestat] low and high boundaries for proper pairs: (338, 436)
[M::mem_pestat] analyzing insert size distribution for orientation RF...
[M::mem_pestat] (25, 50, 75) percentile: (215, 857, 5312)
[M::mem_pestat] low and high boundaries for computing mean and std.dev: (1, 15506)
[M::mem_pestat] mean and std.dev: (2423.36, 2905.69)
[M::mem_pestat] low and high boundaries for proper pairs: (1, 20603)
[M::mem_pestat] skip orientation RR as there are not enough pairs
[M::mem_pestat] skip orientation RF
[M::mem_process_seqs] Processed 79682 reads in 23.280 CPU sec, 11.355 real sec
[M::process] read 79682 sequences (20000182 bp)...
[M::mem_pestat] # candidate unique pairs for (FF, FR, RF, RR): (14, 38873, 13, 12)
[M::mem_pestat] analyzing insert size distribution for orientation FF...
[M::mem_pestat] (25, 50, 75) percentile: (623, 1945, 5077)
[M::mem_pestat] low and high boundaries for computing mean and std.dev: (1, 13985)
[M::mem_pestat] mean and std.dev: (3178.36, 2749.18)
[M::mem_pestat] low and high boundaries for proper pairs: (1, 18439)
[M::mem_pestat] analyzing insert size distribution for orientation FR...
[M::mem_pestat] (25, 50, 75) percentile: (379, 385, 393)
[M::mem_pestat] low and high boundaries for computing mean and std.dev: (351, 421)
[M::mem_pestat] mean and std.dev: (388.18, 10.95)
[M::mem_pestat] low and high boundaries for proper pairs: (337, 435)
[M::mem_pestat] analyzing insert size distribution for orientation RF...
[M::mem_pestat] (25, 50, 75) percentile: (525, 3620, 6957)
[M::mem_pestat] low and high boundaries for computing mean and std.dev: (1, 19821)
[M::mem_pestat] mean and std.dev: (3756.15, 2919.17)
[M::mem_pestat] low and high boundaries for proper pairs: (1, 26253)
[M::mem_pestat] analyzing insert size distribution for orientation RR...
[M::mem_pestat] (25, 50, 75) percentile: (194, 1246, 3044)
[M::mem_pestat] low and high boundaries for computing mean and std.dev: (1, 8744)
[M::mem_pestat] mean and std.dev: (2194.58, 2643.43)
[M::mem_pestat] low and high boundaries for proper pairs: (1, 12768)
[M::mem_pestat] skip orientation FF
[M::mem_pestat] skip orientation RF
[M::mem_pestat] skip orientation RR
[M::mem_process_seqs] Processed 79682 reads in 22.444 CPU sec, 10.966 real sec
[M::process] read 79682 sequences (20000182 bp)...
[M::mem_pestat] # candidate unique pairs for (FF, FR, RF, RR): (14, 38871, 17, 9)
[M::mem_pestat] analyzing insert size distribution for orientation FF...
[M::mem_pestat] (25, 50, 75) percentile: (1267, 3627, 7476)
[M::mem_pestat] low and high boundaries for computing mean and std.dev: (1, 19894)
[M::mem_pestat] mean and std.dev: (4344.21, 3098.67)
[M::mem_pestat] low and high boundaries for proper pairs: (1, 26103)
[M::mem_pestat] analyzing insert size distribution for orientation FR...
[M::mem_pestat] (25, 50, 75) percentile: (380, 385, 394)
[M::mem_pestat] low and high boundaries for computing mean and std.dev: (352, 422)
[M::mem_pestat] mean and std.dev: (388.68, 10.85)
[M::mem_pestat] low and high boundaries for proper pairs: (338, 436)
[M::mem_pestat] analyzing insert size distribution for orientation RF...
[M::mem_pestat] (25, 50, 75) percentile: (609, 1201, 7926)
[M::mem_pestat] low and high boundaries for computing mean and std.dev: (1, 22560)
[M::mem_pestat] mean and std.dev: (3157.88, 3358.38)
[M::mem_pestat] low and high boundaries for proper pairs: (1, 29877)
[M::mem_pestat] skip orientation RR as there are not enough pairs
[M::mem_pestat] skip orientation FF
[M::mem_pestat] skip orientation RF
[M::mem_process_seqs] Processed 79682 reads in 23.344 CPU sec, 11.395 real sec
[M::process] read 79682 sequences (20000182 bp)...
[M::mem_pestat] # candidate unique pairs for (FF, FR, RF, RR): (8, 38824, 18, 9)
[M::mem_pestat] skip orientation FF as there are not enough pairs
[M::mem_pestat] analyzing insert size distribution for orientation FR...
[M::mem_pestat] (25, 50, 75) percentile: (380, 385, 393)
[M::mem_pestat] low and high boundaries for computing mean and std.dev: (354, 419)
[M::mem_pestat] mean and std.dev: (388.62, 10.88)
[M::mem_pestat] low and high boundaries for proper pairs: (341, 432)
[M::mem_pestat] analyzing insert size distribution for orientation RF...
[M::mem_pestat] (25, 50, 75) percentile: (848, 1948, 3607)
[M::mem_pestat] low and high boundaries for computing mean and std.dev: (1, 9125)
[M::mem_pestat] mean and std.dev: (2394.94, 2136.39)
[M::mem_pestat] low and high boundaries for proper pairs: (1, 11884)
[M::mem_pestat] skip orientation RR as there are not enough pairs
[M::mem_pestat] skip orientation RF
[M::mem_process_seqs] Processed 79682 reads in 26.029 CPU sec, 12.790 real sec
[M::process] read 3850 sequences (966350 bp)...
[M::mem_pestat] # candidate unique pairs for (FF, FR, RF, RR): (10, 38851, 11, 11)
[M::mem_pestat] analyzing insert size distribution for orientation FF...
[M::mem_pestat] (25, 50, 75) percentile: (4527, 6854, 8932)
[M::mem_pestat] low and high boundaries for computing mean and std.dev: (1, 17742)
[M::mem_pestat] mean and std.dev: (6463.60, 2862.88)
[M::mem_pestat] low and high boundaries for proper pairs: (1, 22147)
[M::mem_pestat] analyzing insert size distribution for orientation FR...
[M::mem_pestat] (25, 50, 75) percentile: (379, 385, 393)
[M::mem_pestat] low and high boundaries for computing mean and std.dev: (351, 421)
[M::mem_pestat] mean and std.dev: (388.12, 10.95)
[M::mem_pestat] low and high boundaries for proper pairs: (337, 435)
[M::mem_pestat] analyzing insert size distribution for orientation RF...
[M::mem_pestat] (25, 50, 75) percentile: (902, 3815, 7677)
[M::mem_pestat] low and high boundaries for computing mean and std.dev: (1, 21227)
[M::mem_pestat] mean and std.dev: (3737.64, 3123.17)
[M::mem_pestat] low and high boundaries for proper pairs: (1, 28002)
[M::mem_pestat] analyzing insert size distribution for orientation RR...
[M::mem_pestat] (25, 50, 75) percentile: (2637, 3421, 6495)
[M::mem_pestat] low and high boundaries for computing mean and std.dev: (1, 14211)
[M::mem_pestat] mean and std.dev: (4274.18, 2461.35)
[M::mem_pestat] low and high boundaries for proper pairs: (1, 18069)
[M::mem_pestat] skip orientation FF
[M::mem_pestat] skip orientation RF
[M::mem_pestat] skip orientation RR
[M::mem_process_seqs] Processed 79682 reads in 24.956 CPU sec, 12.409 real sec
[M::mem_pestat] # candidate unique pairs for (FF, FR, RF, RR): (0, 1890, 1, 1)
[M::mem_pestat] skip orientation FF as there are not enough pairs
[M::mem_pestat] analyzing insert size distribution for orientation FR...
[M::mem_pestat] (25, 50, 75) percentile: (379, 385, 393)
[M::mem_pestat] low and high boundaries for computing mean and std.dev: (351, 421)
[M::mem_pestat] mean and std.dev: (388.22, 11.05)
[M::mem_pestat] low and high boundaries for proper pairs: (337, 435)
[M::mem_pestat] skip orientation RF as there are not enough pairs
[M::mem_pestat] skip orientation RR as there are not enough pairs
[M::mem_process_seqs] Processed 3850 reads in 1.468 CPU sec, 0.697 real sec
[main] Version: 0.7.17-r1188
[main] CMD: bwa mem -t 2 /workspace/home/nasirja/covid-19-signal/data/composite_human_viral_reference.fna SC2282/raw_fastq/SC2282_R1.fastq.gz SC2282/raw_fastq/SC2282_R2.fastq.gz
[main] Real time: 281.085 sec; CPU: 559.965 sec
viral read count = 1873442 (97.77%)
human read count = 7013 (0.37%) 
unmapped read count = 35763 (1.87%)
