================================================================================
breseq 0.35.0     http://barricklab.org/breseq

Active Developers: Barrick JE, Deatherage DE
Contact:           <jeffrey.e.barrick@gmail.com>

breseq is free software; you can redistribute it and/or modify it under the
terms the GNU General Public License as published by the Free Software 
Foundation; either version 2, or (at your option) any later version.

Copyright (c) 2008-2010 Michigan State University
Copyright (c) 2011-2017 The University of Texas at Austin

If you use breseq in your research, please cite:

  Deatherage, D.E., Barrick, J.E. (2014) Identification of mutations
  in laboratory-evolved microbes from next-generation sequencing
  data using breseq. Methods Mol. Biol. 1151: 165–188.

If you use structural variation (junction) predictions, please cite:

  Barrick, J.E., Colburn, G., Deatherage D.E., Traverse, C.C.,
  Strand, M.D., Borges, J.J., Knoester, D.B., Reba, A., Meyer, A.G. 
  (2014) Identifying structural variation in haploid microbial genomes 
  from short-read resequencing data using breseq. BMC Genomics 15:1039.
================================================================================
---> bowtie2  :: version 2.4.5 [/workspace/lab/mcarthurlab/nasirja/covid-19-signal/.snakemake/conda/b7ebc969cbb19fe5c84690f1718327cb_/bin/bowtie2]
---> R        :: version 4.0.2 [/workspace/lab/mcarthurlab/nasirja/covid-19-signal/.snakemake/conda/b7ebc969cbb19fe5c84690f1718327cb_/bin/R]
+++   NOW PROCESSING Read and reference sequence file input
  READ FILE::E73_R1
    Converting/filtering FASTQ file...
    Original base quality format: SANGER New format: SANGER
    Original reads: 898601 bases: 224365524
    Filtered reads: none
    Analyzed reads: 898601 bases: 224365524
  READ FILE::E73_R2
    Converting/filtering FASTQ file...
    Original base quality format: SANGER New format: SANGER
    Original reads: 898601 bases: 223331308
    Filtered reads:      1 bases:       251 (≥50.0% bases N)
    Filtered reads:      2 bases:       500 (≥90.0% same base)
    Analyzed reads: 898598 bases: 223330557
  ::TOTAL::
    Original reads: 1797202 bases: 447696832
    Analyzed reads: 1797199 bases: 447696081
[samtools] faidx E73/breseq/data/reference.fasta
  REFERENCE: MN908947
  LENGTH: 29903
+++   NOW PROCESSING Read alignment to reference genome
[system] bowtie2-build -q E73/breseq/data/reference.fasta E73/breseq/02_reference_alignment/reference
Renaming E73/breseq/02_reference_alignment/reference.3.bt2.tmp to E73/breseq/02_reference_alignment/reference.3.bt2
Renaming E73/breseq/02_reference_alignment/reference.4.bt2.tmp to E73/breseq/02_reference_alignment/reference.4.bt2
Renaming E73/breseq/02_reference_alignment/reference.1.bt2.tmp to E73/breseq/02_reference_alignment/reference.1.bt2
Renaming E73/breseq/02_reference_alignment/reference.2.bt2.tmp to E73/breseq/02_reference_alignment/reference.2.bt2
Renaming E73/breseq/02_reference_alignment/reference.rev.1.bt2.tmp to E73/breseq/02_reference_alignment/reference.rev.1.bt2
Renaming E73/breseq/02_reference_alignment/reference.rev.2.bt2.tmp to E73/breseq/02_reference_alignment/reference.rev.2.bt2
[system] bowtie2 -t --no-unal -p 4 -L 31 --ma 1 --mp 3 --np 0 --rdg 2,3 --rfg 2,3 --ignore-quals --local -i S,1,0.25 --score-min L,1,0.9 -k 2000 --reorder -x E73/breseq/02_reference_alignment/reference -U E73/breseq/01_sequence_conversion/E73_R1.converted.fastq -S E73/breseq/02_reference_alignment/E73_R1.stage1.sam --un E73/breseq/02_reference_alignment/E73_R1.stage1.unmatched.fastq
Time loading reference: 00:00:00
Time loading forward index: 00:00:00
Time loading mirror index: 00:00:00
Multiseed full-index search: 00:00:58
898601 reads; of these:
  898601 (100.00%) were unpaired; of these:
    22403 (2.49%) aligned 0 times
    876198 (97.51%) aligned exactly 1 time
    0 (0.00%) aligned >1 times
97.51% overall alignment rate
Time searching: 00:00:58
Overall time: 00:00:58
[system] bowtie2 -t --no-unal -p 4 -L 29 --ma 1 --mp 3 --np 0 --rdg 2,3 --rfg 2,3 --ignore-quals --local -i S,1,0.25 --score-min L,6,0.2 -k 2000 --reorder -x E73/breseq/02_reference_alignment/reference -U E73/breseq/02_reference_alignment/E73_R1.stage1.unmatched.fastq -S E73/breseq/02_reference_alignment/E73_R1.stage2.matched.sam
Time loading reference: 00:00:00
Time loading forward index: 00:00:00
Time loading mirror index: 00:00:00
Multiseed full-index search: 00:00:03
22403 reads; of these:
  22403 (100.00%) were unpaired; of these:
    53 (0.24%) aligned 0 times
    17551 (78.34%) aligned exactly 1 time
    4799 (21.42%) aligned >1 times
99.76% overall alignment rate
Time searching: 00:00:03
Overall time: 00:00:03
[system] bowtie2 -t --no-unal -p 4 -L 31 --ma 1 --mp 3 --np 0 --rdg 2,3 --rfg 2,3 --ignore-quals --local -i S,1,0.25 --score-min L,1,0.9 -k 2000 --reorder -x E73/breseq/02_reference_alignment/reference -U E73/breseq/01_sequence_conversion/E73_R2.converted.fastq -S E73/breseq/02_reference_alignment/E73_R2.stage1.sam --un E73/breseq/02_reference_alignment/E73_R2.stage1.unmatched.fastq
Time loading reference: 00:00:00
Time loading forward index: 00:00:00
Time loading mirror index: 00:00:00
Multiseed full-index search: 00:00:56
898598 reads; of these:
  898598 (100.00%) were unpaired; of these:
    33396 (3.72%) aligned 0 times
    865202 (96.28%) aligned exactly 1 time
    0 (0.00%) aligned >1 times
96.28% overall alignment rate
Time searching: 00:00:56
Overall time: 00:00:56
[system] bowtie2 -t --no-unal -p 4 -L 29 --ma 1 --mp 3 --np 0 --rdg 2,3 --rfg 2,3 --ignore-quals --local -i S,1,0.25 --score-min L,6,0.2 -k 2000 --reorder -x E73/breseq/02_reference_alignment/reference -U E73/breseq/02_reference_alignment/E73_R2.stage1.unmatched.fastq -S E73/breseq/02_reference_alignment/E73_R2.stage2.matched.sam
Time loading reference: 00:00:00
Time loading forward index: 00:00:00
Time loading mirror index: 00:00:00
Multiseed full-index search: 00:00:05
33396 reads; of these:
  33396 (100.00%) were unpaired; of these:
    52 (0.16%) aligned 0 times
    28365 (84.94%) aligned exactly 1 time
    4979 (14.91%) aligned >1 times
99.84% overall alignment rate
Time searching: 00:00:05
Overall time: 00:00:05
[system] rm -f E73/breseq/02_reference_alignment/reference*
[system] rm -f E73/breseq/02_reference_alignment/E73_R1.stage1.unmatched.fastq
[system] rm -f E73/breseq/02_reference_alignment/E73_R1.stage1.sam
[system] rm -f E73/breseq/02_reference_alignment/E73_R1.stage2.matched.sam
[system] rm -f E73/breseq/02_reference_alignment/E73_R2.stage1.unmatched.fastq
[system] rm -f E73/breseq/02_reference_alignment/E73_R2.stage1.sam
[system] rm -f E73/breseq/02_reference_alignment/E73_R2.stage2.matched.sam
+++   NOW PROCESSING Preprocessing alignments for candidate junction identification
Preprocessing alignments.
  READ FILE::E73_R1
    ALIGNED READ:100000
    ALIGNED READ:200000
    ALIGNED READ:300000
    ALIGNED READ:400000
    ALIGNED READ:500000
    ALIGNED READ:600000
    ALIGNED READ:700000
    ALIGNED READ:800000
  READ FILE::E73_R2
    ALIGNED READ:900000
    ALIGNED READ:1000000
    ALIGNED READ:1100000
    ALIGNED READ:1200000
    ALIGNED READ:1300000
    ALIGNED READ:1400000
    ALIGNED READ:1500000
    ALIGNED READ:1600000
    ALIGNED READ:1700000
  Summary... 
  Aligned reads:                              1797094
  Read alignments:                            1806911
  Alignments split on indels:                    2936
  Reads with alignments split on indels:         2933
  Split alignments:                             25444
  Reads with split alignments:                  12692
+++   NOW PROCESSING Preliminary analysis of coverage distribution
[samtools] import E73/breseq/data/reference.fasta.fai E73/breseq/03_candidate_junctions/best.sam E73/breseq/03_candidate_junctions/best.unsorted.bam
[samtools] sort --threads 4 -o E73/breseq/03_candidate_junctions/best.bam -T E73/breseq/03_candidate_junctions/best.bam E73/breseq/03_candidate_junctions/best.unsorted.bam
[samtools] index E73/breseq/03_candidate_junctions/best.bam E73/breseq/03_candidate_junctions/best.bam.bai
  REFERENCE: MN908947
  LENGTH: 29903
    POSITION:10000
    POSITION:20000
[system] R --vanilla < /workspace/lab/mcarthurlab/nasirja/covid-19-signal/.snakemake/conda/b7ebc969cbb19fe5c84690f1718327cb_/bin/../share/breseq/coverage_distribution.r > E73/breseq/03_candidate_junctions/0.unique_only_coverage_distribution.tab.r.log distribution_file=E73/breseq/03_candidate_junctions/0.unique_only_coverage_distribution.tab plot_file=E73/breseq/03_candidate_junctions/0.coverage.pdf deletion_propagation_pr_cutoff=0.000289143
[system] rm -f E73/breseq/03_candidate_junctions/best.unsorted.bam
[system] rm -f E73/breseq/03_candidate_junctions/best.sam
[system] rm -f E73/breseq/03_candidate_junctions/best.bam
[system] rm -f E73/breseq/03_candidate_junctions/best.bam.bai
[system] rm -f E73/breseq/03_candidate_junctions/0.coverage.pdf
[system] rm -f E73/breseq/03_candidate_junctions/0.unique_only_coverage_distribution.tab
[system] rm -f E73/breseq/03_candidate_junctions/0.unique_only_coverage_distribution.tab.r.log
+++   NOW PROCESSING Identifying junction candidates
  READ FILE::E73_R1
  READ FILE::E73_R2
    ALIGNED READ:10000 CANDIDATE JUNCTIONS:617
  Passed alignment pairs examined: 10535
  Taking top candidate junctions...
  Minimum number to keep:     100 
  Maximum number to keep:    5000 
  Maximum length to keep:    2990 bases
    Initial: Number = 278, Cumulative Length = 137557 bases
      Testing Pos Hash Score =   30, Num =      1, Length =    504
      Testing Pos Hash Score =   24, Num =      1, Length =    505
      Testing Pos Hash Score =   18, Num =      1, Length =    508
      Testing Pos Hash Score =   16, Num =      1, Length =    327
      Testing Pos Hash Score =   15, Num =      1, Length =    502
      Testing Pos Hash Score =   14, Num =      2, Length =   1004
      Testing Pos Hash Score =   12, Num =      2, Length =   1012
      Testing Pos Hash Score =   11, Num =      1, Length =    513
      Testing Pos Hash Score =   10, Num =      3, Length =   1515
      Testing Pos Hash Score =    9, Num =      2, Length =   1022
      Testing Pos Hash Score =    8, Num =      6, Length =   2658
      Testing Pos Hash Score =    7, Num =      4, Length =   2031
      Testing Pos Hash Score =    6, Num =      9, Length =   4363
      Testing Pos Hash Score =    5, Num =     16, Length =   8089
      Testing Pos Hash Score =    4, Num =     27, Length =  13620
      Testing Pos Hash Score =    3, Num =     39, Length =  19410 [Omitted Similar =      1]
    Accepted: Number = 77, Pos Hash Score >= 4, Cumulative Length = 38173 bases
[samtools] faidx E73/breseq/03_candidate_junctions/candidate_junction.fasta
[system] rm -f E73/breseq/03_candidate_junctions/E73_R1.split.sam
[system] rm -f E73/breseq/03_candidate_junctions/E73_R2.split.sam
+++   NOW PROCESSING Re-alignment to junction candidates
[system] bowtie2-build -q E73/breseq/03_candidate_junctions/candidate_junction.fasta E73/breseq/04_candidate_junction_alignment/candidate_junction
Renaming E73/breseq/04_candidate_junction_alignment/candidate_junction.3.bt2.tmp to E73/breseq/04_candidate_junction_alignment/candidate_junction.3.bt2
Renaming E73/breseq/04_candidate_junction_alignment/candidate_junction.4.bt2.tmp to E73/breseq/04_candidate_junction_alignment/candidate_junction.4.bt2
Renaming E73/breseq/04_candidate_junction_alignment/candidate_junction.1.bt2.tmp to E73/breseq/04_candidate_junction_alignment/candidate_junction.1.bt2
Renaming E73/breseq/04_candidate_junction_alignment/candidate_junction.2.bt2.tmp to E73/breseq/04_candidate_junction_alignment/candidate_junction.2.bt2
Renaming E73/breseq/04_candidate_junction_alignment/candidate_junction.rev.1.bt2.tmp to E73/breseq/04_candidate_junction_alignment/candidate_junction.rev.1.bt2
Renaming E73/breseq/04_candidate_junction_alignment/candidate_junction.rev.2.bt2.tmp to E73/breseq/04_candidate_junction_alignment/candidate_junction.rev.2.bt2
[system] bowtie2 -t --no-unal -p 4 --local  -L 31 --ma 1 --mp 3 --np 0 --rdg 2,3 --rfg 2,3 --ignore-quals --local -i S,1,0.25 --score-min L,1,0.70 -k 2000 --reorder -x E73/breseq/04_candidate_junction_alignment/candidate_junction -U E73/breseq/01_sequence_conversion/E73_R1.converted.fastq -S E73/breseq/04_candidate_junction_alignment/E73_R1.candidate_junction.sam
Time loading reference: 00:00:00
Time loading forward index: 00:00:00
Time loading mirror index: 00:00:00
Multiseed full-index search: 00:01:14
898601 reads; of these:
  898601 (100.00%) were unpaired; of these:
    492706 (54.83%) aligned 0 times
    262588 (29.22%) aligned exactly 1 time
    143307 (15.95%) aligned >1 times
45.17% overall alignment rate
Time searching: 00:01:14
Overall time: 00:01:14
[system] bowtie2 -t --no-unal -p 4 --local  -L 31 --ma 1 --mp 3 --np 0 --rdg 2,3 --rfg 2,3 --ignore-quals --local -i S,1,0.25 --score-min L,1,0.70 -k 2000 --reorder -x E73/breseq/04_candidate_junction_alignment/candidate_junction -U E73/breseq/01_sequence_conversion/E73_R2.converted.fastq -S E73/breseq/04_candidate_junction_alignment/E73_R2.candidate_junction.sam
Time loading reference: 00:00:00
Time loading forward index: 00:00:00
Time loading mirror index: 00:00:00
Multiseed full-index search: 00:01:14
898598 reads; of these:
  898598 (100.00%) were unpaired; of these:
    492780 (54.84%) aligned 0 times
    260928 (29.04%) aligned exactly 1 time
    144890 (16.12%) aligned >1 times
45.16% overall alignment rate
Time searching: 00:01:14
Overall time: 00:01:14
[system] rm -f E73/breseq/04_candidate_junction_alignment/candidate_junction*
+++   NOW PROCESSING Resolving best read alignments
  READ FILE:E73_R1
    READS:10000
    READS:20000
    READS:30000
    READS:40000
    READS:50000
    READS:60000
    READS:70000
    READS:80000
    READS:90000
    READS:100000
    READS:110000
    READS:120000
    READS:130000
    READS:140000
    READS:150000
    READS:160000
    READS:170000
    READS:180000
    READS:190000
    READS:200000
    READS:210000
    READS:220000
    READS:230000
    READS:240000
    READS:250000
    READS:260000
    READS:270000
    READS:280000
    READS:290000
    READS:300000
    READS:310000
    READS:320000
    READS:330000
    READS:340000
    READS:350000
    READS:360000
    READS:370000
    READS:380000
    READS:390000
    READS:400000
    READS:410000
    READS:420000
    READS:430000
    READS:440000
    READS:450000
    READS:460000
    READS:470000
    READS:480000
    READS:490000
    READS:500000
    READS:510000
    READS:520000
    READS:530000
    READS:540000
    READS:550000
    READS:560000
    READS:570000
    READS:580000
    READS:590000
    READS:600000
    READS:610000
    READS:620000
    READS:630000
    READS:640000
    READS:650000
    READS:660000
    READS:670000
    READS:680000
    READS:690000
    READS:700000
    READS:710000
    READS:720000
    READS:730000
    READS:740000
    READS:750000
    READS:760000
    READS:770000
    READS:780000
    READS:790000
    READS:800000
    READS:810000
    READS:820000
    READS:830000
    READS:840000
    READS:850000
    READS:860000
    READS:870000
    READS:880000
    READS:890000
  READ FILE:E73_R2
    READS:900000
    READS:910000
    READS:920000
    READS:930000
    READS:940000
    READS:950000
    READS:960000
    READS:970000
    READS:980000
    READS:990000
    READS:1000000
    READS:1010000
    READS:1020000
    READS:1030000
    READS:1040000
    READS:1050000
    READS:1060000
    READS:1070000
    READS:1080000
    READS:1090000
    READS:1100000
    READS:1110000
    READS:1120000
    READS:1130000
    READS:1140000
    READS:1150000
    READS:1160000
    READS:1170000
    READS:1180000
    READS:1190000
    READS:1200000
    READS:1210000
    READS:1220000
    READS:1230000
    READS:1240000
    READS:1250000
    READS:1260000
    READS:1270000
    READS:1280000
    READS:1290000
    READS:1300000
    READS:1310000
    READS:1320000
    READS:1330000
    READS:1340000
    READS:1350000
    READS:1360000
    READS:1370000
    READS:1380000
    READS:1390000
    READS:1400000
    READS:1410000
    READS:1420000
    READS:1430000
    READS:1440000
    READS:1450000
    READS:1460000
    READS:1470000
    READS:1480000
    READS:1490000
    READS:1500000
    READS:1510000
    READS:1520000
    READS:1530000
    READS:1540000
    READS:1550000
    READS:1560000
    READS:1570000
    READS:1580000
    READS:1590000
    READS:1600000
    READS:1610000
    READS:1620000
    READS:1630000
    READS:1640000
    READS:1650000
    READS:1660000
    READS:1670000
    READS:1680000
    READS:1690000
    READS:1700000
    READS:1710000
    READS:1720000
    READS:1730000
    READS:1740000
    READS:1750000
    READS:1760000
    READS:1770000
    READS:1780000
    READS:1790000
[system] rm -f E73/breseq/01_sequence_conversion/E73_R1.converted.fastq
[system] rm -f E73/breseq/01_sequence_conversion/E73_R2.converted.fastq
[system] rm -f E73/breseq/02_reference_alignment/E73_R1.reference.sam
[system] rm -f E73/breseq/02_reference_alignment/E73_R2.reference.sam
[system] rm -f E73/breseq/04_candidate_junction_alignment/E73_R1.candidate_junction.sam*
[system] rm -f E73/breseq/04_candidate_junction_alignment/E73_R2.candidate_junction.sam*
+++   NOW PROCESSING Creating BAM files
[samtools] import E73/breseq/03_candidate_junctions/candidate_junction.fasta.fai E73/breseq/05_alignment_correction/junction.sam E73/breseq/06_bam/junction.unsorted.bam
[samtools] sort --threads 4 -o E73/breseq/06_bam/junction.bam -T E73/breseq/06_bam/junction.bam E73/breseq/06_bam/junction.unsorted.bam
[system] rm -f E73/breseq/06_bam/junction.unsorted.bam
[samtools] index E73/breseq/06_bam/junction.bam E73/breseq/06_bam/junction.bam.bai
[samtools] import E73/breseq/data/reference.fasta.fai E73/breseq/05_alignment_correction/reference.sam E73/breseq/06_bam/reference.unsorted.bam
[samtools] sort --threads 4 -o E73/breseq/data/reference.bam -T E73/breseq/data/reference.bam E73/breseq/06_bam/reference.unsorted.bam
[system] rm -f E73/breseq/06_bam/reference.unsorted.bam
[samtools] index E73/breseq/data/reference.bam E73/breseq/data/reference.bam.bai
[system] rm -f E73/breseq/05_alignment_correction/reference.sam
[system] rm -f E73/breseq/05_alignment_correction/junction.sam
+++   NOW PROCESSING Tabulating error counts
  REFERENCE: MN908947
  LENGTH: 29903
    POSITION:10000
    POSITION:20000
+++   NOW PROCESSING Re-calibrating base error rates
[system] R --vanilla < /workspace/lab/mcarthurlab/nasirja/covid-19-signal/.snakemake/conda/b7ebc969cbb19fe5c84690f1718327cb_/bin/../share/breseq/coverage_distribution.r > E73/breseq/07_error_calibration/0.unique_only_coverage_distribution.tab.r.log distribution_file=E73/breseq/07_error_calibration/0.unique_only_coverage_distribution.tab plot_file=E73/breseq/output/calibration/0.unique_coverage.pdf deletion_propagation_pr_cutoff=0.000289143
[system] R --vanilla in_file=E73/breseq/07_error_calibration/base_qual_error_prob.E73_R1.tab out_file=E73/breseq/output/calibration/E73_R1.error_rates.pdf < /workspace/lab/mcarthurlab/nasirja/covid-19-signal/.snakemake/conda/b7ebc969cbb19fe5c84690f1718327cb_/bin/../share/breseq/plot_error_rate.r > E73/breseq/07_error_calibration/E73_R1.plot_error_rate.log
[system] R --vanilla in_file=E73/breseq/07_error_calibration/base_qual_error_prob.E73_R2.tab out_file=E73/breseq/output/calibration/E73_R2.error_rates.pdf < /workspace/lab/mcarthurlab/nasirja/covid-19-signal/.snakemake/conda/b7ebc969cbb19fe5c84690f1718327cb_/bin/../share/breseq/plot_error_rate.r > E73/breseq/07_error_calibration/E73_R2.plot_error_rate.log
+++   NOW PROCESSING Examining read alignment evidence
  REFERENCE: MN908947
  LENGTH: 29903
    POSITION:10000
    POSITION:20000
+++   NOW PROCESSING Polymorphism statistics
[system] R --vanilla total_length=29903 in_file=E73/breseq/08_mutation_identification/polymorphism_statistics_input.tab out_file=E73/breseq/08_mutation_identification/polymorphism_statistics_output.tab qual_file=E73/breseq/08_mutation_identification/error_counts.tab < /workspace/lab/mcarthurlab/nasirja/covid-19-signal/.snakemake/conda/b7ebc969cbb19fe5c84690f1718327cb_/bin/../share/breseq/polymorphism_statistics.r > E73/breseq/08_mutation_identification/polymorphism_statistics_output.log
+++   NOW PROCESSING Output
Creating merged genome diff evidence file...
Predicting mutations from evidence...
  Preparing junctions...
  Predicting mobile element insertions...
  Predicting large deletions...
  Predicting small indels and substitutions from junctions...
  Predicting small indels and substitutions from alignments...
  Making final adjustments to mutations...
  Writing final GD file...
  Writing final VCF file...
Annotating mutations...
Drawing coverage plots...
Creating coverage plot for region: MN908947:1-29903
Creating index HTML table...
[system] rm -f E73/breseq/01_sequence_conversion/*.trims
[system] rm -f E73/breseq/03_candidate_junctions/candidate_junction.fasta
[system] rm -f E73/breseq/03_candidate_junctions/candidate_junction.fasta.fai
[system] rm -f E73/breseq/05_alignment_correction/jc_evidence.gd
[system] rm -f E73/breseq/06_bam/junction.bam
[system] rm -f E73/breseq/06_bam/junction.bam.bai
+++   SUCCESSFULLY COMPLETED
