Path to Cutadapt set as: 'cutadapt' (default)
Cutadapt seems to be working fine (tested command 'cutadapt --version')
Cutadapt version: 4.1
Could not detect version of Python used by Cutadapt from the first line of Cutadapt (but found this: >>>#!/bin/sh<<<)
Letting the (modified) Cutadapt deal with the Python version instead
Parallel gzip (pigz) detected. Proceeding with multicore (de)compression using 2 cores

No quality encoding type selected. Assuming that the data provided uses Sanger encoded Phred scores (default)

Output will be written into the directory: /workspace/home/nasirja/covid-19-signal/subset_viral_7_results_dir/SC2206/adapter_trimmed/


AUTO-DETECTING ADAPTER TYPE
===========================
Attempting to auto-detect adapter type from the first 1 million sequences of the first file (>> SC2206/host_removal/SC2206_R1.fastq.gz <<)

Found perfect matches for the following adapter sequences:
Adapter type	Count	Sequence	Sequences analysed	Percentage
Illumina	15978	AGATCGGAAGAGC	599887	2.66
Nextera	0	CTGTCTCTTATA	599887	0.00
smallRNA	0	TGGAATTCTCGG	599887	0.00
Using Illumina adapter for trimming (count: 15978). Second best hit was Nextera (count: 0)

Writing report to '/workspace/home/nasirja/covid-19-signal/subset_viral_7_results_dir/SC2206/adapter_trimmed/SC2206_R1.fastq.gz_trimming_report.txt'

SUMMARISING RUN PARAMETERS
==========================
Input filename: SC2206/host_removal/SC2206_R1.fastq.gz
Trimming mode: paired-end
Trim Galore version: 0.6.4_dev
Cutadapt version: 4.1
Python version: could not detect
Number of cores used for trimming: 2
Quality Phred score cutoff: 20
Quality encoding type selected: ASCII+33
Adapter sequence: 'AGATCGGAAGAGC' (Illumina TruSeq, Sanger iPCR; auto-detected)
Maximum trimming error rate: 0.1 (default)
Minimum required adapter overlap (stringency): 1 bp
Minimum required sequence length for both reads before a sequence pair gets removed: 20 bp
Running FastQC on the data once trimming has completed
Output file(s) will be GZIP compressed

Cutadapt seems to be fairly up-to-date (version 4.1). Setting -j 2
Writing final adapter and quality trimmed output to SC2206_R1_trimmed.fq.gz


  >>> Now performing quality (cutoff '-q 20') and adapter trimming in a single pass for the adapter sequence: 'AGATCGGAAGAGC' from file SC2206/host_removal/SC2206_R1.fastq.gz <<< 
This is cutadapt 4.1 with Python 3.9.13
Command line parameters: -j 2 -e 0.1 -q 20 -O 1 -a AGATCGGAAGAGC SC2206/host_removal/SC2206_R1.fastq.gz
Processing single-end reads on 2 cores ...
Finished in 18.08 s (30 µs/read; 1.99 M reads/minute).

=== Summary ===

Total reads processed:                 599,887
Reads with adapters:                   228,465 (38.1%)
Reads written (passing filters):       599,887 (100.0%)

Total basepairs processed:   150,571,637 bp
Quality-trimmed:               2,235,413 bp (1.5%)
Total written (filtered):    146,704,297 bp (97.4%)

=== Adapter 1 ===

Sequence: AGATCGGAAGAGC; Type: regular 3'; Length: 13; Trimmed: 228465 times

Minimum overlap: 1
No. of allowed errors:
1-9 bp: 0; 10-13 bp: 1

Bases preceding removed adapters:
  A: 37.4%
  C: 14.3%
  G: 7.4%
  T: 40.8%
  none/other: 0.2%

Overview of removed sequences
length	count	expect	max.err	error counts
1	139735	149971.8	0	139735
2	50557	37492.9	0	50557
3	3328	9373.2	0	3328
4	665	2343.3	0	665
5	172	585.8	0	172
6	344	146.5	0	344
7	15011	36.6	0	15011
8	281	9.2	0	281
9	309	2.3	0	308 1
10	203	0.6	1	180 23
11	64	0.1	1	52 12
12	131	0.0	1	115 16
13	48	0.0	1	43 5
14	44	0.0	1	33 11
15	47	0.0	1	37 10
16	49	0.0	1	43 6
17	123	0.0	1	107 16
18	52	0.0	1	41 11
19	31	0.0	1	28 3
20	113	0.0	1	104 9
21	97	0.0	1	88 9
22	80	0.0	1	53 27
23	66	0.0	1	53 13
24	938	0.0	1	891 47
25	218	0.0	1	191 27
26	89	0.0	1	72 17
27	105	0.0	1	84 21
28	934	0.0	1	879 55
29	347	0.0	1	309 38
30	146	0.0	1	129 17
31	75	0.0	1	57 18
32	106	0.0	1	81 25
33	58	0.0	1	35 23
34	143	0.0	1	102 41
35	47	0.0	1	34 13
36	74	0.0	1	60 14
37	50	0.0	1	42 8
38	68	0.0	1	58 10
39	181	0.0	1	164 17
40	60	0.0	1	40 20
41	90	0.0	1	74 16
42	156	0.0	1	124 32
43	271	0.0	1	234 37
44	105	0.0	1	97 8
45	158	0.0	1	152 6
46	235	0.0	1	215 20
47	90	0.0	1	64 26
48	71	0.0	1	57 14
49	137	0.0	1	121 16
50	62	0.0	1	56 6
51	73	0.0	1	60 13
52	83	0.0	1	58 25
53	88	0.0	1	55 33
54	156	0.0	1	112 44
55	92	0.0	1	76 16
56	53	0.0	1	42 11
57	60	0.0	1	48 12
58	57	0.0	1	49 8
59	48	0.0	1	38 10
60	77	0.0	1	62 15
61	107	0.0	1	102 5
62	73	0.0	1	69 4
63	62	0.0	1	56 6
64	44	0.0	1	36 8
65	59	0.0	1	49 10
66	92	0.0	1	74 18
67	56	0.0	1	47 9
68	114	0.0	1	95 19
69	119	0.0	1	96 23
70	119	0.0	1	105 14
71	142	0.0	1	121 21
72	229	0.0	1	205 24
73	324	0.0	1	289 35
74	496	0.0	1	447 49
75	808	0.0	1	718 90
76	1727	0.0	1	1631 96
77	1202	0.0	1	1149 53
78	660	0.0	1	628 32
79	386	0.0	1	353 33
80	269	0.0	1	250 19
81	165	0.0	1	143 22
82	140	0.0	1	125 15
83	87	0.0	1	78 9
84	86	0.0	1	76 10
85	75	0.0	1	68 7
86	90	0.0	1	76 14
87	74	0.0	1	63 11
88	54	0.0	1	44 10
89	76	0.0	1	63 13
90	43	0.0	1	38 5
91	46	0.0	1	38 8
92	46	0.0	1	40 6
93	84	0.0	1	72 12
94	446	0.0	1	428 18
95	78	0.0	1	66 12
96	52	0.0	1	46 6
97	35	0.0	1	29 6
98	28	0.0	1	26 2
99	34	0.0	1	28 6
100	18	0.0	1	15 3
101	29	0.0	1	21 8
102	20	0.0	1	14 6
103	30	0.0	1	26 4
104	18	0.0	1	15 3
105	20	0.0	1	19 1
106	27	0.0	1	23 4
107	40	0.0	1	31 9
108	33	0.0	1	30 3
109	29	0.0	1	23 6
110	40	0.0	1	35 5
111	182	0.0	1	165 17
112	36	0.0	1	31 5
113	42	0.0	1	37 5
114	47	0.0	1	39 8
115	27	0.0	1	24 3
116	39	0.0	1	36 3
117	22	0.0	1	20 2
118	12	0.0	1	9 3
119	20	0.0	1	15 5
120	16	0.0	1	16
121	15	0.0	1	12 3
122	14	0.0	1	13 1
123	14	0.0	1	11 3
124	20	0.0	1	18 2
125	20	0.0	1	14 6
126	30	0.0	1	28 2
127	38	0.0	1	33 5
128	18	0.0	1	14 4
129	22	0.0	1	20 2
130	11	0.0	1	10 1
131	6	0.0	1	6
132	12	0.0	1	10 2
133	18	0.0	1	15 3
134	27	0.0	1	24 3
135	41	0.0	1	38 3
136	27	0.0	1	21 6
137	14	0.0	1	12 2
138	11	0.0	1	9 2
139	15	0.0	1	11 4
140	9	0.0	1	7 2
141	8	0.0	1	4 4
142	8	0.0	1	7 1
143	9	0.0	1	7 2
144	10	0.0	1	8 2
145	8	0.0	1	8
146	7	0.0	1	7
147	36	0.0	1	34 2
148	22	0.0	1	20 2
149	22	0.0	1	21 1
150	14	0.0	1	9 5
151	8	0.0	1	7 1
152	7	0.0	1	6 1
153	9	0.0	1	9
154	25	0.0	1	21 4
155	11	0.0	1	11
156	45	0.0	1	44 1
157	11	0.0	1	10 1
158	11	0.0	1	9 2
159	4	0.0	1	4
160	13	0.0	1	13
161	11	0.0	1	10 1
162	12	0.0	1	10 2
163	4	0.0	1	2 2
164	3	0.0	1	3
165	7	0.0	1	6 1
166	14	0.0	1	12 2
167	24	0.0	1	20 4
168	23	0.0	1	21 2
169	13	0.0	1	12 1
170	11	0.0	1	10 1
171	7	0.0	1	4 3
172	14	0.0	1	13 1
173	6	0.0	1	5 1
174	13	0.0	1	11 2
175	17	0.0	1	15 2
176	11	0.0	1	10 1
177	12	0.0	1	9 3
178	5	0.0	1	5
179	7	0.0	1	3 4
180	4	0.0	1	3 1
181	14	0.0	1	11 3
182	3	0.0	1	3
183	4	0.0	1	2 2
184	4	0.0	1	4
185	10	0.0	1	8 2
186	3	0.0	1	3
187	8	0.0	1	6 2
188	13	0.0	1	12 1
189	19	0.0	1	18 1
190	16	0.0	1	16
191	14	0.0	1	13 1
192	10	0.0	1	9 1
193	8	0.0	1	8
194	8	0.0	1	8
195	12	0.0	1	11 1
196	5	0.0	1	3 2
197	18	0.0	1	17 1
198	9	0.0	1	9
199	6	0.0	1	5 1
200	15	0.0	1	14 1
201	12	0.0	1	12
202	13	0.0	1	13
203	13	0.0	1	13
204	15	0.0	1	12 3
205	23	0.0	1	22 1
206	20	0.0	1	19 1
207	19	0.0	1	18 1
208	26	0.0	1	26
209	24	0.0	1	23 1
210	37	0.0	1	34 3
211	13	0.0	1	12 1
212	11	0.0	1	11
213	11	0.0	1	11
214	12	0.0	1	12
215	28	0.0	1	26 2
216	2	0.0	1	2
217	10	0.0	1	10
218	3	0.0	1	2 1
219	1	0.0	1	1
220	1	0.0	1	0 1
222	1	0.0	1	1
223	1	0.0	1	1
225	1	0.0	1	1
226	1	0.0	1	1
227	2	0.0	1	1 1
228	1	0.0	1	1
231	1	0.0	1	0 1
232	1	0.0	1	1
233	2	0.0	1	2
236	2	0.0	1	1 1
240	1	0.0	1	0 1
241	1	0.0	1	1
243	1	0.0	1	0 1
244	3	0.0	1	0 3
245	2	0.0	1	1 1
246	1	0.0	1	0 1
247	1	0.0	1	0 1
248	1	0.0	1	0 1
249	1	0.0	1	0 1
250	5	0.0	1	0 5
251	129	0.0	1	0 129

RUN STATISTICS FOR INPUT FILE: SC2206/host_removal/SC2206_R1.fastq.gz
=============================================
599887 sequences processed in total
The length threshold of paired-end sequences gets evaluated later on (in the validation step)

Writing report to '/workspace/home/nasirja/covid-19-signal/subset_viral_7_results_dir/SC2206/adapter_trimmed/SC2206_R2.fastq.gz_trimming_report.txt'

SUMMARISING RUN PARAMETERS
==========================
Input filename: SC2206/host_removal/SC2206_R2.fastq.gz
Trimming mode: paired-end
Trim Galore version: 0.6.4_dev
Cutadapt version: 4.1
Python version: could not detect
Number of cores used for trimming: 2
Quality Phred score cutoff: 20
Quality encoding type selected: ASCII+33
Adapter sequence: 'AGATCGGAAGAGC' (Illumina TruSeq, Sanger iPCR; auto-detected)
Maximum trimming error rate: 0.1 (default)
Minimum required adapter overlap (stringency): 1 bp
Minimum required sequence length for both reads before a sequence pair gets removed: 20 bp
Running FastQC on the data once trimming has completed
Output file(s) will be GZIP compressed

Cutadapt seems to be fairly up-to-date (version 4.1). Setting -j -j 2
Writing final adapter and quality trimmed output to SC2206_R2_trimmed.fq.gz


  >>> Now performing quality (cutoff '-q 20') and adapter trimming in a single pass for the adapter sequence: 'AGATCGGAAGAGC' from file SC2206/host_removal/SC2206_R2.fastq.gz <<< 
This is cutadapt 4.1 with Python 3.9.13
Command line parameters: -j 2 -e 0.1 -q 20 -O 1 -a AGATCGGAAGAGC SC2206/host_removal/SC2206_R2.fastq.gz
Processing single-end reads on 2 cores ...
Finished in 19.58 s (33 µs/read; 1.84 M reads/minute).

=== Summary ===

Total reads processed:                 599,887
Reads with adapters:                   228,881 (38.2%)
Reads written (passing filters):       599,887 (100.0%)

Total basepairs processed:   150,571,637 bp
Quality-trimmed:               4,511,320 bp (3.0%)
Total written (filtered):    144,863,921 bp (96.2%)

=== Adapter 1 ===

Sequence: AGATCGGAAGAGC; Type: regular 3'; Length: 13; Trimmed: 228881 times

Minimum overlap: 1
No. of allowed errors:
1-9 bp: 0; 10-13 bp: 1

Bases preceding removed adapters:
  A: 40.6%
  C: 13.9%
  G: 7.9%
  T: 37.2%
  none/other: 0.3%

Overview of removed sequences
length	count	expect	max.err	error counts
1	149999	149971.8	0	149999
2	43842	37492.9	0	43842
3	3782	9373.2	0	3782
4	767	2343.3	0	767
5	126	585.8	0	126
6	264	146.5	0	264
7	14971	36.6	0	14971
8	139	9.2	0	139
9	241	2.3	0	241
10	202	0.6	1	180 22
11	42	0.1	1	32 10
12	143	0.0	1	125 18
13	25	0.0	1	19 6
14	92	0.0	1	79 13
15	41	0.0	1	28 13
16	46	0.0	1	40 6
17	141	0.0	1	128 13
18	19	0.0	1	15 4
19	56	0.0	1	49 7
20	86	0.0	1	84 2
21	31	0.0	1	27 4
22	62	0.0	1	55 7
23	83	0.0	1	66 17
24	1129	0.0	1	1070 59
25	62	0.0	1	48 14
26	132	0.0	1	119 13
27	128	0.0	1	114 14
28	976	0.0	1	916 60
29	109	0.0	1	85 24
30	235	0.0	1	211 24
31	49	0.0	1	31 18
32	162	0.0	1	129 33
33	98	0.0	1	73 25
34	60	0.0	1	50 10
35	88	0.0	1	71 17
36	134	0.0	1	112 22
37	177	0.0	1	155 22
38	130	0.0	1	115 15
39	276	0.0	1	238 38
40	221	0.0	1	193 28
41	256	0.0	1	229 27
42	610	0.0	1	557 53
43	1039	0.0	1	993 46
44	1050	0.0	1	1006 44
45	729	0.0	1	696 33
46	320	0.0	1	298 22
47	357	0.0	1	350 7
48	172	0.0	1	166 6
49	104	0.0	1	98 6
50	73	0.0	1	63 10
51	76	0.0	1	70 6
52	43	0.0	1	42 1
53	74	0.0	1	67 7
54	150	0.0	1	143 7
55	64	0.0	1	54 10
56	113	0.0	1	100 13
57	236	0.0	1	230 6
58	114	0.0	1	109 5
59	17	0.0	1	16 1
60	68	0.0	1	66 2
61	21	0.0	1	20 1
62	16	0.0	1	13 3
63	11	0.0	1	11
64	6	0.0	1	5 1
65	11	0.0	1	11
66	6	0.0	1	6
67	6	0.0	1	5 1
68	12	0.0	1	8 4
69	3	0.0	1	1 2
70	9	0.0	1	8 1
71	6	0.0	1	5 1
72	11	0.0	1	9 2
73	2	0.0	1	1 1
74	13	0.0	1	9 4
75	9	0.0	1	7 2
76	18	0.0	1	13 5
77	25	0.0	1	22 3
78	47	0.0	1	39 8
79	76	0.0	1	55 21
80	153	0.0	1	132 21
81	207	0.0	1	174 33
82	237	0.0	1	191 46
83	205	0.0	1	164 41
84	170	0.0	1	138 32
85	132	0.0	1	114 18
86	114	0.0	1	86 28
87	111	0.0	1	81 30
88	72	0.0	1	60 12
89	55	0.0	1	39 16
90	42	0.0	1	30 12
91	41	0.0	1	36 5
92	44	0.0	1	37 7
93	44	0.0	1	35 9
94	319	0.0	1	308 11
95	40	0.0	1	38 2
96	33	0.0	1	25 8
97	18	0.0	1	11 7
98	18	0.0	1	14 4
99	13	0.0	1	11 2
100	11	0.0	1	11
101	8	0.0	1	7 1
102	11	0.0	1	8 3
103	16	0.0	1	12 4
104	6	0.0	1	6
105	9	0.0	1	6 3
106	12	0.0	1	10 2
107	13	0.0	1	6 7
108	16	0.0	1	8 8
109	15	0.0	1	7 8
110	21	0.0	1	14 7
111	222	0.0	1	191 31
112	29	0.0	1	19 10
113	19	0.0	1	13 6
114	23	0.0	1	14 9
115	18	0.0	1	15 3
116	21	0.0	1	12 9
117	9	0.0	1	7 2
118	7	0.0	1	4 3
119	7	0.0	1	5 2
120	9	0.0	1	5 4
121	5	0.0	1	4 1
122	6	0.0	1	4 2
123	8	0.0	1	6 2
124	5	0.0	1	3 2
125	8	0.0	1	6 2
126	14	0.0	1	11 3
127	22	0.0	1	16 6
128	13	0.0	1	6 7
129	14	0.0	1	9 5
130	8	0.0	1	5 3
131	8	0.0	1	5 3
132	5	0.0	1	2 3
133	9	0.0	1	8 1
134	18	0.0	1	10 8
135	26	0.0	1	22 4
136	16	0.0	1	13 3
137	7	0.0	1	1 6
138	2	0.0	1	1 1
139	5	0.0	1	2 3
140	2	0.0	1	1 1
141	2	0.0	1	0 2
142	2	0.0	1	2
143	5	0.0	1	4 1
144	2	0.0	1	1 1
145	6	0.0	1	5 1
146	4	0.0	1	2 2
147	26	0.0	1	17 9
148	18	0.0	1	14 4
149	23	0.0	1	18 5
150	5	0.0	1	3 2
151	4	0.0	1	2 2
152	4	0.0	1	3 1
153	6	0.0	1	4 2
154	23	0.0	1	17 6
155	13	0.0	1	8 5
156	27	0.0	1	24 3
157	4	0.0	1	3 1
158	7	0.0	1	5 2
159	1	0.0	1	1
160	12	0.0	1	12
161	8	0.0	1	6 2
162	4	0.0	1	4
163	2	0.0	1	2
164	4	0.0	1	3 1
165	7	0.0	1	6 1
166	1	0.0	1	1
167	9	0.0	1	6 3
168	17	0.0	1	15 2
169	7	0.0	1	7
170	2	0.0	1	2
171	2	0.0	1	2
172	1	0.0	1	1
173	3	0.0	1	3
174	11	0.0	1	8 3
175	16	0.0	1	14 2
176	6	0.0	1	6
177	5	0.0	1	3 2
179	1	0.0	1	0 1
180	5	0.0	1	4 1
181	7	0.0	1	7
182	2	0.0	1	2
183	7	0.0	1	6 1
184	1	0.0	1	0 1
185	7	0.0	1	7
186	2	0.0	1	2
187	5	0.0	1	5
188	13	0.0	1	11 2
189	15	0.0	1	15
190	14	0.0	1	13 1
191	9	0.0	1	9
192	4	0.0	1	4
193	6	0.0	1	6
194	11	0.0	1	11
195	6	0.0	1	6
196	1	0.0	1	1
197	10	0.0	1	10
198	6	0.0	1	6
199	6	0.0	1	6
200	10	0.0	1	7 3
201	5	0.0	1	5
202	6	0.0	1	5 1
203	10	0.0	1	10
204	6	0.0	1	6
205	14	0.0	1	14
206	11	0.0	1	11
207	21	0.0	1	20 1
208	20	0.0	1	19 1
209	19	0.0	1	18 1
210	16	0.0	1	16
211	8	0.0	1	8
212	10	0.0	1	9 1
213	7	0.0	1	6 1
214	4	0.0	1	4
215	17	0.0	1	15 2
216	3	0.0	1	3
217	12	0.0	1	12
218	2	0.0	1	2
223	1	0.0	1	1
226	1	0.0	1	1
230	1	0.0	1	1
234	1	0.0	1	1
236	1	0.0	1	0 1
247	1	0.0	1	0 1
250	5	0.0	1	0 5
251	122	0.0	1	0 122

RUN STATISTICS FOR INPUT FILE: SC2206/host_removal/SC2206_R2.fastq.gz
=============================================
599887 sequences processed in total
The length threshold of paired-end sequences gets evaluated later on (in the validation step)

Validate paired-end files SC2206_R1_trimmed.fq.gz and SC2206_R2_trimmed.fq.gz
file_1: SC2206_R1_trimmed.fq.gz, file_2: SC2206_R2_trimmed.fq.gz


>>>>> Now validing the length of the 2 paired-end infiles: SC2206_R1_trimmed.fq.gz and SC2206_R2_trimmed.fq.gz <<<<<
Writing validated paired-end Read 1 reads to SC2206_R1_val_1.fq.gz
Writing validated paired-end Read 2 reads to SC2206_R2_val_2.fq.gz

Total number of sequences analysed: 599887

Number of sequence pairs removed because at least one read was shorter than the length cutoff (20 bp): 2112 (0.35%)


  >>> Now running FastQC on the validated data SC2206_R1_val_1.fq.gz<<<

Started analysis of SC2206_R1_val_1.fq.gz
Approx 5% complete for SC2206_R1_val_1.fq.gz
Approx 10% complete for SC2206_R1_val_1.fq.gz
Approx 15% complete for SC2206_R1_val_1.fq.gz
Approx 20% complete for SC2206_R1_val_1.fq.gz
Approx 25% complete for SC2206_R1_val_1.fq.gz
Approx 30% complete for SC2206_R1_val_1.fq.gz
Approx 35% complete for SC2206_R1_val_1.fq.gz
Approx 40% complete for SC2206_R1_val_1.fq.gz
Approx 45% complete for SC2206_R1_val_1.fq.gz
Approx 50% complete for SC2206_R1_val_1.fq.gz
Approx 55% complete for SC2206_R1_val_1.fq.gz
Approx 60% complete for SC2206_R1_val_1.fq.gz
Approx 65% complete for SC2206_R1_val_1.fq.gz
Approx 70% complete for SC2206_R1_val_1.fq.gz
Approx 75% complete for SC2206_R1_val_1.fq.gz
Approx 80% complete for SC2206_R1_val_1.fq.gz
Approx 85% complete for SC2206_R1_val_1.fq.gz
Approx 90% complete for SC2206_R1_val_1.fq.gz
Approx 95% complete for SC2206_R1_val_1.fq.gz

  >>> Now running FastQC on the validated data SC2206_R2_val_2.fq.gz<<<

Started analysis of SC2206_R2_val_2.fq.gz
Approx 5% complete for SC2206_R2_val_2.fq.gz
Approx 10% complete for SC2206_R2_val_2.fq.gz
Approx 15% complete for SC2206_R2_val_2.fq.gz
Approx 20% complete for SC2206_R2_val_2.fq.gz
Approx 25% complete for SC2206_R2_val_2.fq.gz
Approx 30% complete for SC2206_R2_val_2.fq.gz
Approx 35% complete for SC2206_R2_val_2.fq.gz
Approx 40% complete for SC2206_R2_val_2.fq.gz
Approx 45% complete for SC2206_R2_val_2.fq.gz
Approx 50% complete for SC2206_R2_val_2.fq.gz
Approx 55% complete for SC2206_R2_val_2.fq.gz
Approx 60% complete for SC2206_R2_val_2.fq.gz
Approx 65% complete for SC2206_R2_val_2.fq.gz
Approx 70% complete for SC2206_R2_val_2.fq.gz
Approx 75% complete for SC2206_R2_val_2.fq.gz
Approx 80% complete for SC2206_R2_val_2.fq.gz
Approx 85% complete for SC2206_R2_val_2.fq.gz
Approx 90% complete for SC2206_R2_val_2.fq.gz
Approx 95% complete for SC2206_R2_val_2.fq.gz
Deleting both intermediate output files SC2206_R1_trimmed.fq.gz and SC2206_R2_trimmed.fq.gz

====================================================================================================

