Aligning contigs to reference...
	Aligning contigs to the reference
Filtering alignments...
Parsing coords...
Loading reference...
	Loaded [MN908947.3]
	Total Regions: 1
	Total Region Length: 29903
Analyzing contigs...
CONTIG: Consensus_SC2215.consensus_threshold_0.75_quality_20 (29901bp)
Best alignment score: 22892.8 (LEN: 22902, IDY: 99.96), Total number of alignments: 2
			Looking for the best set of alignments (out of 2 total alignments)
			The best set is below. Score: 29589.8, number of alignments: 2, unaligned bases: 289
		This contig is misassembled.
			Real Alignment 1: 3 22904 | 3 22904 | 22902 22902 | 99.96 | MN908947.3 Consensus_SC2215.consensus_threshold_0.75_quality_20
			  Incorrectly estimated size of scaffold gap between these two alignments: gap length difference = -151 (local)
			Real Alignment 2: 23126 29836 | 23125 29834 | 6711 6710 | 99.88 | MN908947.3 Consensus_SC2215.consensus_threshold_0.75_quality_20

Analyzing coverage...
Writing SNPs into /workspace/home/nasirja/covid-19-signal/subset_viral_7_results_dir/SC2215/quast/contigs_reports/minimap_output/SC2215-consensus.used_snps.gz

Analysis is finished!
Founded SNPs were written into /workspace/home/nasirja/covid-19-signal/subset_viral_7_results_dir/SC2215/quast/contigs_reports/minimap_output/SC2215-consensus.used_snps.gz

Results:
	Local Misassemblies: 0
	Misassemblies: 0
		Relocations: 0
		Translocations: 0
		Inversions: 0
	Scaffold gap extensive misassemblies: 0
	Scaffold gap local misassemblies: 1
	Misassembled Contigs: 0
	Misassembled Contig Bases: 0
	Misassemblies Inter-Contig Overlap: 0
Unaligned Contigs: 0 + 0 part
Half Unaligned Contigs with Misassemblies: 0
Unaligned Contig Bases: 0

Ambiguously Mapped Contigs: 0
Total Bases in Ambiguously Mapped Contigs: 0
Extra Bases in Ambiguously Mapped Contigs: 0
Note that --allow-ambiguity option was set to "one" and only first alignment per each of these contigs was used.

	Covered Bases: 29613

	SNPs: 16
	Insertions: 0
	Deletions: 1

