Path to Cutadapt set as: 'cutadapt' (default)
Cutadapt seems to be working fine (tested command 'cutadapt --version')
Cutadapt version: 4.8
Could not detect version of Python used by Cutadapt from the first line of Cutadapt (but found this: >>>#!/bin/sh<<<)
Letting the (modified) Cutadapt deal with the Python version instead
Parallel gzip (pigz) detected. Proceeding with multicore (de)compression using 2 cores

No quality encoding type selected. Assuming that the data provided uses Sanger encoded Phred scores (default)

Output will be written into the directory: /workspace/lab/mcarthurlab/nasirja/covid-19-signal/benchmark_output/PRJNA689621_subset-input_results_dir/E14/adapter_trimmed/


AUTO-DETECTING ADAPTER TYPE
===========================
Attempting to auto-detect adapter type from the first 1 million sequences of the first file (>> E14/host_removal/E14_R1.fastq.gz <<)

Found perfect matches for the following adapter sequences:
Adapter type	Count	Sequence	Sequences analysed	Percentage
Illumina	1459	AGATCGGAAGAGC	542949	0.27
smallRNA	0	TGGAATTCTCGG	542949	0.00
Nextera	0	CTGTCTCTTATA	542949	0.00
Using Illumina adapter for trimming (count: 1459). Second best hit was smallRNA (count: 0)

Writing report to '/workspace/lab/mcarthurlab/nasirja/covid-19-signal/benchmark_output/PRJNA689621_subset-input_results_dir/E14/adapter_trimmed/E14_R1.fastq.gz_trimming_report.txt'

SUMMARISING RUN PARAMETERS
==========================
Input filename: E14/host_removal/E14_R1.fastq.gz
Trimming mode: paired-end
Trim Galore version: 0.6.4_dev
Cutadapt version: 4.8
Python version: could not detect
Number of cores used for trimming: 2
Quality Phred score cutoff: 20
Quality encoding type selected: ASCII+33
Adapter sequence: 'AGATCGGAAGAGC' (Illumina TruSeq, Sanger iPCR; auto-detected)
Maximum trimming error rate: 0.1 (default)
Minimum required adapter overlap (stringency): 1 bp
Minimum required sequence length for both reads before a sequence pair gets removed: 20 bp
Running FastQC on the data once trimming has completed
Output file(s) will be GZIP compressed

Cutadapt seems to be fairly up-to-date (version 4.8). Setting -j 2
Writing final adapter and quality trimmed output to E14_R1_trimmed.fq.gz


  >>> Now performing quality (cutoff '-q 20') and adapter trimming in a single pass for the adapter sequence: 'AGATCGGAAGAGC' from file E14/host_removal/E14_R1.fastq.gz <<< 
This is cutadapt 4.8 with Python 3.12.3
Command line parameters: -j 2 -e 0.1 -q 20 -O 1 -a AGATCGGAAGAGC E14/host_removal/E14_R1.fastq.gz
Processing single-end reads on 2 cores ...
Finished in 20.894 s (38.482 µs/read; 1.56 M reads/minute).

=== Summary ===

Total reads processed:                 542,949
Reads with adapters:                   183,285 (33.8%)
Reads written (passing filters):       542,949 (100.0%)

Total basepairs processed:   136,280,199 bp
Quality-trimmed:                 572,519 bp (0.4%)
Total written (filtered):    135,358,960 bp (99.3%)

=== Adapter 1 ===

Sequence: AGATCGGAAGAGC; Type: regular 3'; Length: 13; Trimmed: 183285 times

Minimum overlap: 1
No. of allowed errors:
1-9 bp: 0; 10-13 bp: 1

Bases preceding removed adapters:
  A: 35.0%
  C: 19.1%
  G: 10.0%
  T: 35.8%
  none/other: 0.1%

Overview of removed sequences
length	count	expect	max.err	error counts
1	131445	135737.2	0	131445
2	45965	33934.3	0	45965
3	3073	8483.6	0	3073
4	428	2120.9	0	428
5	57	530.2	0	57
6	23	132.6	0	23
7	465	33.1	0	465
8	26	8.3	0	26
9	27	2.1	0	27
10	14	0.5	1	12 2
11	14	0.1	1	9 5
12	23	0.0	1	21 2
13	9	0.0	1	8 1
14	2	0.0	1	2
15	7	0.0	1	6 1
16	2	0.0	1	2
17	5	0.0	1	4 1
18	10	0.0	1	8 2
19	3	0.0	1	2 1
20	9	0.0	1	8 1
21	4	0.0	1	3 1
22	10	0.0	1	6 4
23	11	0.0	1	11
24	200	0.0	1	197 3
25	35	0.0	1	27 8
26	14	0.0	1	10 4
27	26	0.0	1	17 9
28	15	0.0	1	13 2
29	15	0.0	1	11 4
30	12	0.0	1	12
31	10	0.0	1	9 1
32	15	0.0	1	13 2
33	16	0.0	1	11 5
34	29	0.0	1	22 7
35	11	0.0	1	8 3
36	71	0.0	1	69 2
37	48	0.0	1	48
38	87	0.0	1	85 2
39	8	0.0	1	7 1
40	30	0.0	1	28 2
41	14	0.0	1	12 2
42	11	0.0	1	10 1
43	13	0.0	1	9 4
44	2	0.0	1	2
45	5	0.0	1	4 1
46	4	0.0	1	2 2
47	11	0.0	1	8 3
48	5	0.0	1	3 2
49	4	0.0	1	3 1
50	7	0.0	1	3 4
51	8	0.0	1	4 4
52	10	0.0	1	6 4
53	10	0.0	1	9 1
54	17	0.0	1	14 3
55	7	0.0	1	6 1
56	5	0.0	1	4 1
57	6	0.0	1	6
58	4	0.0	1	2 2
59	6	0.0	1	5 1
60	2	0.0	1	1 1
61	7	0.0	1	7
62	7	0.0	1	7
63	3	0.0	1	2 1
64	6	0.0	1	5 1
65	9	0.0	1	7 2
66	5	0.0	1	5
67	8	0.0	1	6 2
68	8	0.0	1	4 4
69	9	0.0	1	8 1
70	6	0.0	1	4 2
71	9	0.0	1	8 1
72	14	0.0	1	12 2
73	17	0.0	1	12 5
74	26	0.0	1	19 7
75	61	0.0	1	36 25
76	159	0.0	1	139 20
77	112	0.0	1	100 12
78	46	0.0	1	40 6
79	22	0.0	1	19 3
80	14	0.0	1	9 5
81	18	0.0	1	12 6
82	11	0.0	1	8 3
83	4	0.0	1	4
84	8	0.0	1	3 5
85	8	0.0	1	6 2
86	6	0.0	1	5 1
87	7	0.0	1	6 1
88	1	0.0	1	1
89	4	0.0	1	3 1
91	5	0.0	1	3 2
92	7	0.0	1	5 2
93	11	0.0	1	9 2
94	65	0.0	1	61 4
95	12	0.0	1	12
96	5	0.0	1	3 2
97	6	0.0	1	5 1
98	1	0.0	1	1
101	1	0.0	1	1
104	1	0.0	1	1
106	1	0.0	1	1
107	1	0.0	1	1
108	1	0.0	1	0 1
109	1	0.0	1	1
111	1	0.0	1	1
112	1	0.0	1	1
114	1	0.0	1	1
116	3	0.0	1	2 1
117	1	0.0	1	1
118	1	0.0	1	0 1
124	1	0.0	1	0 1
125	2	0.0	1	0 2
126	1	0.0	1	0 1
127	4	0.0	1	4
128	2	0.0	1	2
129	1	0.0	1	1
132	1	0.0	1	1
134	1	0.0	1	1
136	3	0.0	1	2 1
137	3	0.0	1	1 2
138	2	0.0	1	2
140	1	0.0	1	0 1
141	2	0.0	1	2
142	1	0.0	1	1
143	3	0.0	1	2 1
144	1	0.0	1	0 1
149	3	0.0	1	3
150	1	0.0	1	0 1
151	2	0.0	1	1 1
152	2	0.0	1	1 1
154	2	0.0	1	0 2
156	4	0.0	1	4
158	1	0.0	1	0 1
159	1	0.0	1	1
160	1	0.0	1	0 1
161	2	0.0	1	1 1
162	2	0.0	1	2
163	1	0.0	1	0 1
170	1	0.0	1	1
171	2	0.0	1	1 1
173	1	0.0	1	1
174	2	0.0	1	1 1
182	1	0.0	1	0 1
186	1	0.0	1	1
189	1	0.0	1	1
190	1	0.0	1	1
191	1	0.0	1	0 1
192	1	0.0	1	1
194	3	0.0	1	2 1
196	1	0.0	1	1
197	1	0.0	1	0 1
198	1	0.0	1	0 1
200	1	0.0	1	0 1
201	1	0.0	1	1
203	1	0.0	1	1
205	1	0.0	1	1
206	5	0.0	1	4 1
209	2	0.0	1	2
210	1	0.0	1	1
211	1	0.0	1	0 1
212	2	0.0	1	1 1
213	2	0.0	1	1 1
217	2	0.0	1	1 1
246	1	0.0	1	0 1
249	1	0.0	1	0 1
251	29	0.0	1	0 29

RUN STATISTICS FOR INPUT FILE: E14/host_removal/E14_R1.fastq.gz
=============================================
542949 sequences processed in total
The length threshold of paired-end sequences gets evaluated later on (in the validation step)

Writing report to '/workspace/lab/mcarthurlab/nasirja/covid-19-signal/benchmark_output/PRJNA689621_subset-input_results_dir/E14/adapter_trimmed/E14_R2.fastq.gz_trimming_report.txt'

SUMMARISING RUN PARAMETERS
==========================
Input filename: E14/host_removal/E14_R2.fastq.gz
Trimming mode: paired-end
Trim Galore version: 0.6.4_dev
Cutadapt version: 4.8
Python version: could not detect
Number of cores used for trimming: 2
Quality Phred score cutoff: 20
Quality encoding type selected: ASCII+33
Adapter sequence: 'AGATCGGAAGAGC' (Illumina TruSeq, Sanger iPCR; auto-detected)
Maximum trimming error rate: 0.1 (default)
Minimum required adapter overlap (stringency): 1 bp
Minimum required sequence length for both reads before a sequence pair gets removed: 20 bp
Running FastQC on the data once trimming has completed
Output file(s) will be GZIP compressed

Cutadapt seems to be fairly up-to-date (version 4.8). Setting -j -j 2
Writing final adapter and quality trimmed output to E14_R2_trimmed.fq.gz


  >>> Now performing quality (cutoff '-q 20') and adapter trimming in a single pass for the adapter sequence: 'AGATCGGAAGAGC' from file E14/host_removal/E14_R2.fastq.gz <<< 
This is cutadapt 4.8 with Python 3.12.3
Command line parameters: -j 2 -e 0.1 -q 20 -O 1 -a AGATCGGAAGAGC E14/host_removal/E14_R2.fastq.gz
Processing single-end reads on 2 cores ...
Finished in 22.442 s (41.333 µs/read; 1.45 M reads/minute).

=== Summary ===

Total reads processed:                 542,949
Reads with adapters:                   187,214 (34.5%)
Reads written (passing filters):       542,949 (100.0%)

Total basepairs processed:   136,280,199 bp
Quality-trimmed:               1,956,192 bp (1.4%)
Total written (filtered):    134,012,204 bp (98.3%)

=== Adapter 1 ===

Sequence: AGATCGGAAGAGC; Type: regular 3'; Length: 13; Trimmed: 187214 times

Minimum overlap: 1
No. of allowed errors:
1-9 bp: 0; 10-13 bp: 1

Bases preceding removed adapters:
  A: 40.7%
  C: 18.0%
  G: 9.7%
  T: 31.4%
  none/other: 0.1%

Overview of removed sequences
length	count	expect	max.err	error counts
1	145605	135737.2	0	145605
2	34905	33934.3	0	34905
3	4127	8483.6	0	4127
4	626	2120.9	0	626
5	55	530.2	0	55
6	24	132.6	0	24
7	424	33.1	0	424
8	14	8.3	0	14
9	26	2.1	0	26
10	13	0.5	1	11 2
11	9	0.1	1	9
12	19	0.0	1	18 1
13	6	0.0	1	5 1
14	2	0.0	1	2
15	5	0.0	1	5
16	3	0.0	1	2 1
17	2	0.0	1	2
18	1	0.0	1	1
19	6	0.0	1	6
20	5	0.0	1	5
21	2	0.0	1	2
22	5	0.0	1	5
23	15	0.0	1	11 4
24	200	0.0	1	188 12
25	3	0.0	1	3
26	20	0.0	1	17 3
27	24	0.0	1	21 3
28	13	0.0	1	11 2
29	3	0.0	1	3
30	20	0.0	1	18 2
31	2	0.0	1	2
32	14	0.0	1	14
33	14	0.0	1	13 1
34	14	0.0	1	12 2
35	21	0.0	1	19 2
36	79	0.0	1	74 5
37	40	0.0	1	33 7
38	89	0.0	1	83 6
39	9	0.0	1	8 1
40	17	0.0	1	14 3
41	29	0.0	1	28 1
42	25	0.0	1	24 1
43	40	0.0	1	38 2
44	47	0.0	1	46 1
45	60	0.0	1	59 1
46	27	0.0	1	23 4
47	37	0.0	1	35 2
48	18	0.0	1	17 1
49	10	0.0	1	10
50	4	0.0	1	3 1
51	3	0.0	1	3
52	8	0.0	1	8
53	4	0.0	1	4
54	11	0.0	1	11
55	8	0.0	1	7 1
56	8	0.0	1	6 2
57	19	0.0	1	18 1
58	4	0.0	1	4
59	1	0.0	1	1
60	2	0.0	1	2
61	1	0.0	1	1
62	1	0.0	1	1
63	1	0.0	1	1
64	1	0.0	1	1
68	1	0.0	1	1
71	1	0.0	1	1
72	1	0.0	1	1
73	1	0.0	1	1
76	6	0.0	1	5 1
77	4	0.0	1	2 2
78	4	0.0	1	2 2
79	10	0.0	1	4 6
80	13	0.0	1	7 6
81	34	0.0	1	22 12
82	34	0.0	1	21 13
83	21	0.0	1	13 8
84	23	0.0	1	10 13
85	17	0.0	1	10 7
86	11	0.0	1	9 2
87	7	0.0	1	2 5
88	3	0.0	1	2 1
89	8	0.0	1	6 2
90	3	0.0	1	0 3
91	1	0.0	1	0 1
92	5	0.0	1	4 1
93	4	0.0	1	3 1
94	37	0.0	1	35 2
95	7	0.0	1	4 3
96	2	0.0	1	1 1
97	2	0.0	1	2
102	2	0.0	1	2
104	1	0.0	1	0 1
105	1	0.0	1	1
106	1	0.0	1	0 1
107	1	0.0	1	0 1
108	2	0.0	1	0 2
109	1	0.0	1	0 1
111	2	0.0	1	1 1
112	1	0.0	1	0 1
113	1	0.0	1	0 1
114	3	0.0	1	1 2
116	3	0.0	1	0 3
117	1	0.0	1	1
119	2	0.0	1	0 2
120	1	0.0	1	0 1
121	2	0.0	1	2
124	1	0.0	1	0 1
127	3	0.0	1	3
128	1	0.0	1	0 1
129	1	0.0	1	1
130	1	0.0	1	1
131	1	0.0	1	1
132	1	0.0	1	0 1
133	2	0.0	1	1 1
134	1	0.0	1	0 1
138	1	0.0	1	0 1
141	2	0.0	1	2
142	1	0.0	1	1
146	1	0.0	1	0 1
149	1	0.0	1	0 1
154	1	0.0	1	1
156	1	0.0	1	0 1
158	1	0.0	1	1
160	1	0.0	1	0 1
170	1	0.0	1	1
172	1	0.0	1	1
174	1	0.0	1	1
175	1	0.0	1	0 1
177	1	0.0	1	0 1
194	1	0.0	1	1
196	1	0.0	1	1
199	2	0.0	1	2
201	1	0.0	1	1
202	1	0.0	1	1
205	1	0.0	1	1
207	1	0.0	1	1
208	1	0.0	1	1
209	2	0.0	1	2
210	1	0.0	1	1
212	1	0.0	1	1
213	2	0.0	1	2
215	1	0.0	1	1
216	1	0.0	1	0 1
217	2	0.0	1	0 2
247	1	0.0	1	0 1
250	1	0.0	1	0 1
251	31	0.0	1	0 31

RUN STATISTICS FOR INPUT FILE: E14/host_removal/E14_R2.fastq.gz
=============================================
542949 sequences processed in total
The length threshold of paired-end sequences gets evaluated later on (in the validation step)

Validate paired-end files E14_R1_trimmed.fq.gz and E14_R2_trimmed.fq.gz
file_1: E14_R1_trimmed.fq.gz, file_2: E14_R2_trimmed.fq.gz


>>>>> Now validing the length of the 2 paired-end infiles: E14_R1_trimmed.fq.gz and E14_R2_trimmed.fq.gz <<<<<
Writing validated paired-end Read 1 reads to E14_R1_val_1.fq.gz
Writing validated paired-end Read 2 reads to E14_R2_val_2.fq.gz

Total number of sequences analysed: 542949

Number of sequence pairs removed because at least one read was shorter than the length cutoff (20 bp): 808 (0.15%)


  >>> Now running FastQC on the validated data E14_R1_val_1.fq.gz<<<

Started analysis of E14_R1_val_1.fq.gz
Approx 5% complete for E14_R1_val_1.fq.gz
Approx 10% complete for E14_R1_val_1.fq.gz
Approx 15% complete for E14_R1_val_1.fq.gz
Approx 20% complete for E14_R1_val_1.fq.gz
Approx 25% complete for E14_R1_val_1.fq.gz
Approx 30% complete for E14_R1_val_1.fq.gz
Approx 35% complete for E14_R1_val_1.fq.gz
Approx 40% complete for E14_R1_val_1.fq.gz
Approx 45% complete for E14_R1_val_1.fq.gz
Approx 50% complete for E14_R1_val_1.fq.gz
Approx 55% complete for E14_R1_val_1.fq.gz
Approx 60% complete for E14_R1_val_1.fq.gz
Approx 65% complete for E14_R1_val_1.fq.gz
Approx 70% complete for E14_R1_val_1.fq.gz
Approx 75% complete for E14_R1_val_1.fq.gz
Approx 80% complete for E14_R1_val_1.fq.gz
Approx 85% complete for E14_R1_val_1.fq.gz
Approx 90% complete for E14_R1_val_1.fq.gz
Approx 95% complete for E14_R1_val_1.fq.gz

  >>> Now running FastQC on the validated data E14_R2_val_2.fq.gz<<<

Started analysis of E14_R2_val_2.fq.gz
Approx 5% complete for E14_R2_val_2.fq.gz
Approx 10% complete for E14_R2_val_2.fq.gz
Approx 15% complete for E14_R2_val_2.fq.gz
Approx 20% complete for E14_R2_val_2.fq.gz
Approx 25% complete for E14_R2_val_2.fq.gz
Approx 30% complete for E14_R2_val_2.fq.gz
Approx 35% complete for E14_R2_val_2.fq.gz
Approx 40% complete for E14_R2_val_2.fq.gz
Approx 45% complete for E14_R2_val_2.fq.gz
Approx 50% complete for E14_R2_val_2.fq.gz
Approx 55% complete for E14_R2_val_2.fq.gz
Approx 60% complete for E14_R2_val_2.fq.gz
Approx 65% complete for E14_R2_val_2.fq.gz
Approx 70% complete for E14_R2_val_2.fq.gz
Approx 75% complete for E14_R2_val_2.fq.gz
Approx 80% complete for E14_R2_val_2.fq.gz
Approx 85% complete for E14_R2_val_2.fq.gz
Approx 90% complete for E14_R2_val_2.fq.gz
Approx 95% complete for E14_R2_val_2.fq.gz
Deleting both intermediate output files E14_R1_trimmed.fq.gz and E14_R2_trimmed.fq.gz

====================================================================================================

