Path to Cutadapt set as: 'cutadapt' (default)
Cutadapt seems to be working fine (tested command 'cutadapt --version')
Cutadapt version: 4.8
Could not detect version of Python used by Cutadapt from the first line of Cutadapt (but found this: >>>#!/bin/sh<<<)
Letting the (modified) Cutadapt deal with the Python version instead
Parallel gzip (pigz) detected. Proceeding with multicore (de)compression using 2 cores

No quality encoding type selected. Assuming that the data provided uses Sanger encoded Phred scores (default)

Output will be written into the directory: /workspace/lab/mcarthurlab/nasirja/covid-19-signal/benchmark_output/PRJNA689621_subset-input_results_dir/E7/adapter_trimmed/


AUTO-DETECTING ADAPTER TYPE
===========================
Attempting to auto-detect adapter type from the first 1 million sequences of the first file (>> E7/host_removal/E7_R1.fastq.gz <<)

Found perfect matches for the following adapter sequences:
Adapter type	Count	Sequence	Sequences analysed	Percentage
Illumina	3320	AGATCGGAAGAGC	621662	0.53
smallRNA	0	TGGAATTCTCGG	621662	0.00
Nextera	0	CTGTCTCTTATA	621662	0.00
Using Illumina adapter for trimming (count: 3320). Second best hit was smallRNA (count: 0)

Writing report to '/workspace/lab/mcarthurlab/nasirja/covid-19-signal/benchmark_output/PRJNA689621_subset-input_results_dir/E7/adapter_trimmed/E7_R1.fastq.gz_trimming_report.txt'

SUMMARISING RUN PARAMETERS
==========================
Input filename: E7/host_removal/E7_R1.fastq.gz
Trimming mode: paired-end
Trim Galore version: 0.6.4_dev
Cutadapt version: 4.8
Python version: could not detect
Number of cores used for trimming: 2
Quality Phred score cutoff: 20
Quality encoding type selected: ASCII+33
Adapter sequence: 'AGATCGGAAGAGC' (Illumina TruSeq, Sanger iPCR; auto-detected)
Maximum trimming error rate: 0.1 (default)
Minimum required adapter overlap (stringency): 1 bp
Minimum required sequence length for both reads before a sequence pair gets removed: 20 bp
Running FastQC on the data once trimming has completed
Output file(s) will be GZIP compressed

Cutadapt seems to be fairly up-to-date (version 4.8). Setting -j 2
Writing final adapter and quality trimmed output to E7_R1_trimmed.fq.gz


  >>> Now performing quality (cutoff '-q 20') and adapter trimming in a single pass for the adapter sequence: 'AGATCGGAAGAGC' from file E7/host_removal/E7_R1.fastq.gz <<< 
This is cutadapt 4.8 with Python 3.12.3
Command line parameters: -j 2 -e 0.1 -q 20 -O 1 -a AGATCGGAAGAGC E7/host_removal/E7_R1.fastq.gz
Processing single-end reads on 2 cores ...
Finished in 25.486 s (40.996 µs/read; 1.46 M reads/minute).

=== Summary ===

Total reads processed:                 621,662
Reads with adapters:                   216,249 (34.8%)
Reads written (passing filters):       621,662 (100.0%)

Total basepairs processed:   156,037,162 bp
Quality-trimmed:                 386,882 bp (0.2%)
Total written (filtered):    155,150,476 bp (99.4%)

=== Adapter 1 ===

Sequence: AGATCGGAAGAGC; Type: regular 3'; Length: 13; Trimmed: 216249 times

Minimum overlap: 1
No. of allowed errors:
1-9 bp: 0; 10-13 bp: 1

Bases preceding removed adapters:
  A: 36.1%
  C: 18.0%
  G: 11.5%
  T: 34.4%
  none/other: 0.0%

Overview of removed sequences
length	count	expect	max.err	error counts
1	153353	155415.5	0	153353
2	52968	38853.9	0	52968
3	3152	9713.5	0	3152
4	1033	2428.4	0	1033
5	44	607.1	0	44
6	68	151.8	0	68
7	1869	37.9	0	1869
8	47	9.5	0	47
9	92	2.4	0	92
10	62	0.6	1	62
11	30	0.1	1	30
12	61	0.0	1	59 2
13	24	0.0	1	23 1
14	15	0.0	1	13 2
15	14	0.0	1	14
16	15	0.0	1	14 1
17	28	0.0	1	28
18	26	0.0	1	26
19	11	0.0	1	10 1
20	12	0.0	1	10 2
21	17	0.0	1	16 1
22	24	0.0	1	21 3
23	35	0.0	1	32 3
24	530	0.0	1	517 13
25	67	0.0	1	63 4
26	19	0.0	1	15 4
27	21	0.0	1	19 2
28	32	0.0	1	28 4
29	16	0.0	1	12 4
30	15	0.0	1	14 1
31	30	0.0	1	29 1
32	50	0.0	1	48 2
33	19	0.0	1	15 4
34	30	0.0	1	29 1
35	37	0.0	1	35 2
36	15	0.0	1	11 4
37	107	0.0	1	103 4
38	18	0.0	1	17 1
39	15	0.0	1	14 1
40	30	0.0	1	28 2
41	13	0.0	1	13
42	27	0.0	1	25 2
43	46	0.0	1	43 3
44	13	0.0	1	12 1
45	27	0.0	1	24 3
46	16	0.0	1	13 3
47	32	0.0	1	30 2
48	9	0.0	1	7 2
49	16	0.0	1	14 2
50	13	0.0	1	12 1
51	17	0.0	1	15 2
52	18	0.0	1	15 3
53	15	0.0	1	13 2
54	28	0.0	1	20 8
55	18	0.0	1	14 4
56	12	0.0	1	11 1
57	16	0.0	1	16
58	7	0.0	1	7
59	17	0.0	1	16 1
60	13	0.0	1	13
61	8	0.0	1	8
62	12	0.0	1	12
63	20	0.0	1	19 1
64	6	0.0	1	5 1
65	11	0.0	1	11
66	13	0.0	1	12 1
67	7	0.0	1	7
68	13	0.0	1	13
69	25	0.0	1	22 3
70	15	0.0	1	14 1
71	14	0.0	1	13 1
72	17	0.0	1	17
73	43	0.0	1	38 5
74	51	0.0	1	46 5
75	101	0.0	1	94 7
76	398	0.0	1	388 10
77	285	0.0	1	280 5
78	110	0.0	1	107 3
79	89	0.0	1	83 6
80	37	0.0	1	36 1
81	24	0.0	1	24
82	20	0.0	1	19 1
83	18	0.0	1	18
84	15	0.0	1	15
85	18	0.0	1	18
86	12	0.0	1	12
87	19	0.0	1	18 1
88	11	0.0	1	11
89	23	0.0	1	21 2
90	7	0.0	1	7
91	6	0.0	1	5 1
92	6	0.0	1	5 1
93	12	0.0	1	12
94	104	0.0	1	99 5
95	14	0.0	1	14
96	10	0.0	1	10
97	5	0.0	1	5
98	4	0.0	1	4
99	2	0.0	1	2
100	7	0.0	1	6 1
101	5	0.0	1	4 1
102	6	0.0	1	5 1
103	1	0.0	1	1
104	3	0.0	1	3
106	3	0.0	1	3
107	7	0.0	1	7
108	5	0.0	1	5
109	6	0.0	1	5 1
110	1	0.0	1	1
111	7	0.0	1	7
113	5	0.0	1	5
114	2	0.0	1	2
115	3	0.0	1	3
116	2	0.0	1	2
117	2	0.0	1	2
119	2	0.0	1	2
121	2	0.0	1	2
123	3	0.0	1	3
124	2	0.0	1	2
125	1	0.0	1	1
126	6	0.0	1	4 2
127	10	0.0	1	10
129	3	0.0	1	3
132	1	0.0	1	1
133	2	0.0	1	2
134	3	0.0	1	3
135	2	0.0	1	2
136	2	0.0	1	2
137	1	0.0	1	1
138	1	0.0	1	1
141	2	0.0	1	2
142	2	0.0	1	1 1
144	1	0.0	1	1
146	3	0.0	1	3
149	3	0.0	1	3
150	1	0.0	1	1
152	3	0.0	1	3
153	1	0.0	1	1
155	4	0.0	1	4
156	6	0.0	1	6
157	1	0.0	1	1
158	4	0.0	1	4
159	3	0.0	1	3
160	3	0.0	1	3
161	3	0.0	1	2 1
162	2	0.0	1	1 1
163	1	0.0	1	1
164	2	0.0	1	2
165	2	0.0	1	2
166	2	0.0	1	2
168	3	0.0	1	3
169	2	0.0	1	2
170	1	0.0	1	1
171	2	0.0	1	2
172	1	0.0	1	1
173	2	0.0	1	2
174	1	0.0	1	1
175	4	0.0	1	4
176	4	0.0	1	4
177	4	0.0	1	4
178	2	0.0	1	1 1
180	2	0.0	1	2
181	1	0.0	1	1
185	4	0.0	1	4
187	1	0.0	1	1
188	1	0.0	1	1
189	1	0.0	1	1
192	1	0.0	1	1
193	3	0.0	1	2 1
201	2	0.0	1	1 1
202	1	0.0	1	1
203	1	0.0	1	1
204	1	0.0	1	1
207	1	0.0	1	1
208	1	0.0	1	1
209	3	0.0	1	2 1
210	2	0.0	1	2
212	2	0.0	1	2
214	2	0.0	1	2
248	2	0.0	1	0 2
249	1	0.0	1	0 1
251	6	0.0	1	0 6

RUN STATISTICS FOR INPUT FILE: E7/host_removal/E7_R1.fastq.gz
=============================================
621662 sequences processed in total
The length threshold of paired-end sequences gets evaluated later on (in the validation step)

Writing report to '/workspace/lab/mcarthurlab/nasirja/covid-19-signal/benchmark_output/PRJNA689621_subset-input_results_dir/E7/adapter_trimmed/E7_R2.fastq.gz_trimming_report.txt'

SUMMARISING RUN PARAMETERS
==========================
Input filename: E7/host_removal/E7_R2.fastq.gz
Trimming mode: paired-end
Trim Galore version: 0.6.4_dev
Cutadapt version: 4.8
Python version: could not detect
Number of cores used for trimming: 2
Quality Phred score cutoff: 20
Quality encoding type selected: ASCII+33
Adapter sequence: 'AGATCGGAAGAGC' (Illumina TruSeq, Sanger iPCR; auto-detected)
Maximum trimming error rate: 0.1 (default)
Minimum required adapter overlap (stringency): 1 bp
Minimum required sequence length for both reads before a sequence pair gets removed: 20 bp
Running FastQC on the data once trimming has completed
Output file(s) will be GZIP compressed

Cutadapt seems to be fairly up-to-date (version 4.8). Setting -j -j 2
Writing final adapter and quality trimmed output to E7_R2_trimmed.fq.gz


  >>> Now performing quality (cutoff '-q 20') and adapter trimming in a single pass for the adapter sequence: 'AGATCGGAAGAGC' from file E7/host_removal/E7_R2.fastq.gz <<< 
This is cutadapt 4.8 with Python 3.12.3
Command line parameters: -j 2 -e 0.1 -q 20 -O 1 -a AGATCGGAAGAGC E7/host_removal/E7_R2.fastq.gz
Processing single-end reads on 2 cores ...
Finished in 45.374 s (72.989 µs/read; 0.82 M reads/minute).

=== Summary ===

Total reads processed:                 621,662
Reads with adapters:                   211,200 (34.0%)
Reads written (passing filters):       621,662 (100.0%)

Total basepairs processed:   156,037,162 bp
Quality-trimmed:               1,541,285 bp (1.0%)
Total written (filtered):    154,063,890 bp (98.7%)

=== Adapter 1 ===

Sequence: AGATCGGAAGAGC; Type: regular 3'; Length: 13; Trimmed: 211200 times

Minimum overlap: 1
No. of allowed errors:
1-9 bp: 0; 10-13 bp: 1

Bases preceding removed adapters:
  A: 41.1%
  C: 16.9%
  G: 10.8%
  T: 31.2%
  none/other: 0.0%

Overview of removed sequences
length	count	expect	max.err	error counts
1	159215	155415.5	0	159215
2	41475	38853.9	0	41475
3	4379	9713.5	0	4379
4	916	2428.4	0	916
5	58	607.1	0	58
6	67	151.8	0	67
7	1746	37.9	0	1746
8	34	9.5	0	34
9	83	2.4	0	83
10	70	0.6	1	67 3
11	20	0.1	1	18 2
12	55	0.0	1	53 2
13	9	0.0	1	9
14	30	0.0	1	28 2
15	11	0.0	1	10 1
16	6	0.0	1	6
17	47	0.0	1	46 1
18	5	0.0	1	5
19	24	0.0	1	20 4
20	14	0.0	1	14
21	4	0.0	1	2 2
22	18	0.0	1	16 2
23	36	0.0	1	31 5
24	561	0.0	1	548 13
25	7	0.0	1	5 2
26	26	0.0	1	24 2
27	31	0.0	1	29 2
28	35	0.0	1	32 3
29	9	0.0	1	9
30	37	0.0	1	37
31	12	0.0	1	9 3
32	45	0.0	1	43 2
33	32	0.0	1	31 1
34	14	0.0	1	13 1
35	47	0.0	1	47
36	92	0.0	1	88 4
37	30	0.0	1	27 3
38	45	0.0	1	42 3
39	15	0.0	1	15
40	34	0.0	1	32 2
41	59	0.0	1	57 2
42	69	0.0	1	65 4
43	137	0.0	1	133 4
44	138	0.0	1	131 7
45	161	0.0	1	158 3
46	64	0.0	1	64
47	85	0.0	1	84 1
48	39	0.0	1	39
49	25	0.0	1	23 2
50	20	0.0	1	20
51	12	0.0	1	11 1
52	12	0.0	1	12
53	11	0.0	1	11
54	43	0.0	1	42 1
55	7	0.0	1	7
56	27	0.0	1	27
57	74	0.0	1	74
58	45	0.0	1	45
59	6	0.0	1	5 1
60	14	0.0	1	14
61	4	0.0	1	4
62	1	0.0	1	1
63	1	0.0	1	1
64	1	0.0	1	1
65	1	0.0	1	1
66	1	0.0	1	1
67	1	0.0	1	1
68	2	0.0	1	2
69	2	0.0	1	2
70	3	0.0	1	3
72	6	0.0	1	6
73	5	0.0	1	5
74	6	0.0	1	6
75	10	0.0	1	10
76	7	0.0	1	7
77	12	0.0	1	11 1
78	19	0.0	1	17 2
79	20	0.0	1	19 1
80	57	0.0	1	53 4
81	75	0.0	1	72 3
82	60	0.0	1	59 1
83	43	0.0	1	42 1
84	34	0.0	1	32 2
85	28	0.0	1	27 1
86	19	0.0	1	16 3
87	15	0.0	1	14 1
88	11	0.0	1	11
89	16	0.0	1	15 1
90	4	0.0	1	3 1
91	1	0.0	1	1
92	4	0.0	1	2 2
93	9	0.0	1	8 1
94	97	0.0	1	95 2
95	15	0.0	1	13 2
96	11	0.0	1	9 2
97	2	0.0	1	1 1
98	4	0.0	1	4
99	5	0.0	1	5
101	1	0.0	1	1
102	4	0.0	1	4
103	3	0.0	1	3
105	1	0.0	1	1
106	2	0.0	1	1 1
107	8	0.0	1	7 1
108	2	0.0	1	1 1
109	2	0.0	1	0 2
111	4	0.0	1	4
112	2	0.0	1	2
113	3	0.0	1	2 1
114	4	0.0	1	3 1
116	3	0.0	1	1 2
119	2	0.0	1	2
123	2	0.0	1	2
125	2	0.0	1	2
126	4	0.0	1	3 1
127	10	0.0	1	10
129	1	0.0	1	0 1
132	1	0.0	1	1
134	3	0.0	1	2 1
136	1	0.0	1	1
138	1	0.0	1	1
141	2	0.0	1	2
143	1	0.0	1	1
146	1	0.0	1	1
149	1	0.0	1	1
150	1	0.0	1	1
151	1	0.0	1	1
152	1	0.0	1	1
155	2	0.0	1	2
156	8	0.0	1	8
157	4	0.0	1	4
158	1	0.0	1	1
159	1	0.0	1	1
160	4	0.0	1	3 1
161	1	0.0	1	1
162	1	0.0	1	1
163	3	0.0	1	2 1
164	1	0.0	1	1
165	4	0.0	1	4
166	7	0.0	1	6 1
167	2	0.0	1	1 1
168	1	0.0	1	1
172	1	0.0	1	1
173	1	0.0	1	1
175	2	0.0	1	1 1
176	1	0.0	1	1
177	1	0.0	1	1
181	2	0.0	1	2
185	1	0.0	1	1
188	3	0.0	1	2 1
192	1	0.0	1	1
197	1	0.0	1	1
200	1	0.0	1	1
201	1	0.0	1	1
202	1	0.0	1	1
203	1	0.0	1	1
208	1	0.0	1	1
210	1	0.0	1	1
212	1	0.0	1	1
214	1	0.0	1	1
216	1	0.0	1	0 1
217	1	0.0	1	0 1
251	8	0.0	1	0 8

RUN STATISTICS FOR INPUT FILE: E7/host_removal/E7_R2.fastq.gz
=============================================
621662 sequences processed in total
The length threshold of paired-end sequences gets evaluated later on (in the validation step)

Validate paired-end files E7_R1_trimmed.fq.gz and E7_R2_trimmed.fq.gz
file_1: E7_R1_trimmed.fq.gz, file_2: E7_R2_trimmed.fq.gz


>>>>> Now validing the length of the 2 paired-end infiles: E7_R1_trimmed.fq.gz and E7_R2_trimmed.fq.gz <<<<<
Writing validated paired-end Read 1 reads to E7_R1_val_1.fq.gz
Writing validated paired-end Read 2 reads to E7_R2_val_2.fq.gz

Total number of sequences analysed: 621662

Number of sequence pairs removed because at least one read was shorter than the length cutoff (20 bp): 803 (0.13%)


  >>> Now running FastQC on the validated data E7_R1_val_1.fq.gz<<<

Started analysis of E7_R1_val_1.fq.gz
Approx 5% complete for E7_R1_val_1.fq.gz
Approx 10% complete for E7_R1_val_1.fq.gz
Approx 15% complete for E7_R1_val_1.fq.gz
Approx 20% complete for E7_R1_val_1.fq.gz
Approx 25% complete for E7_R1_val_1.fq.gz
Approx 30% complete for E7_R1_val_1.fq.gz
Approx 35% complete for E7_R1_val_1.fq.gz
Approx 40% complete for E7_R1_val_1.fq.gz
Approx 45% complete for E7_R1_val_1.fq.gz
Approx 50% complete for E7_R1_val_1.fq.gz
Approx 55% complete for E7_R1_val_1.fq.gz
Approx 60% complete for E7_R1_val_1.fq.gz
Approx 65% complete for E7_R1_val_1.fq.gz
Approx 70% complete for E7_R1_val_1.fq.gz
Approx 75% complete for E7_R1_val_1.fq.gz
Approx 80% complete for E7_R1_val_1.fq.gz
Approx 85% complete for E7_R1_val_1.fq.gz
Approx 90% complete for E7_R1_val_1.fq.gz
Approx 95% complete for E7_R1_val_1.fq.gz

  >>> Now running FastQC on the validated data E7_R2_val_2.fq.gz<<<

Started analysis of E7_R2_val_2.fq.gz
Approx 5% complete for E7_R2_val_2.fq.gz
Approx 10% complete for E7_R2_val_2.fq.gz
Approx 15% complete for E7_R2_val_2.fq.gz
Approx 20% complete for E7_R2_val_2.fq.gz
Approx 25% complete for E7_R2_val_2.fq.gz
Approx 30% complete for E7_R2_val_2.fq.gz
Approx 35% complete for E7_R2_val_2.fq.gz
Approx 40% complete for E7_R2_val_2.fq.gz
Approx 45% complete for E7_R2_val_2.fq.gz
Approx 50% complete for E7_R2_val_2.fq.gz
Approx 55% complete for E7_R2_val_2.fq.gz
Approx 60% complete for E7_R2_val_2.fq.gz
Approx 65% complete for E7_R2_val_2.fq.gz
Approx 70% complete for E7_R2_val_2.fq.gz
Approx 75% complete for E7_R2_val_2.fq.gz
Approx 80% complete for E7_R2_val_2.fq.gz
Approx 85% complete for E7_R2_val_2.fq.gz
Approx 90% complete for E7_R2_val_2.fq.gz
Approx 95% complete for E7_R2_val_2.fq.gz
Deleting both intermediate output files E7_R1_trimmed.fq.gz and E7_R2_trimmed.fq.gz

====================================================================================================

