[M::bwa_idx_load_from_disk] read 0 ALT contigs
[M::process] read 82282 sequences (20000114 bp)...
[M::process] read 82320 sequences (20000143 bp)...
[M::mem_pestat] # candidate unique pairs for (FF, FR, RF, RR): (6, 39052, 14, 6)
[M::mem_pestat] skip orientation FF as there are not enough pairs
[M::mem_pestat] analyzing insert size distribution for orientation FR...
[M::mem_pestat] (25, 50, 75) percentile: (381, 386, 393)
[M::mem_pestat] low and high boundaries for computing mean and std.dev: (357, 417)
[M::mem_pestat] mean and std.dev: (388.96, 10.11)
[M::mem_pestat] low and high boundaries for proper pairs: (345, 429)
[M::mem_pestat] analyzing insert size distribution for orientation RF...
[M::mem_pestat] (25, 50, 75) percentile: (228, 3901, 4823)
[M::mem_pestat] low and high boundaries for computing mean and std.dev: (1, 14013)
[M::mem_pestat] mean and std.dev: (2978.79, 2496.12)
[M::mem_pestat] low and high boundaries for proper pairs: (1, 18608)
[M::mem_pestat] skip orientation RR as there are not enough pairs
[M::mem_pestat] skip orientation RF
[M::mem_process_seqs] Processed 82282 reads in 5.884 CPU sec, 2.806 real sec
[M::mem_pestat] # candidate unique pairs for (FF, FR, RF, RR): (4, 38924, 15, 7)
[M::mem_pestat] skip orientation FF as there are not enough pairs
[M::mem_pestat] analyzing insert size distribution for orientation FR...
[M::mem_pestat] (25, 50, 75) percentile: (380, 386, 393)
[M::mem_pestat] low and high boundaries for computing mean and std.dev: (354, 419)
[M::mem_pestat] mean and std.dev: (388.68, 10.37)
[M::mem_pestat] low and high boundaries for proper pairs: (341, 432)
[M::mem_pestat] analyzing insert size distribution for orientation RF...
[M::mem_pestat] (25, 50, 75) percentile: (171, 1492, 4777)
[M::mem_pestat] low and high boundaries for computing mean and std.dev: (1, 13989)
[M::mem_pestat] mean and std.dev: (2562.40, 2598.18)
[M::mem_pestat] low and high boundaries for proper pairs: (1, 18595)
[M::mem_pestat] skip orientation RR as there are not enough pairs
[M::mem_pestat] skip orientation RF
[M::mem_process_seqs] Processed 82320 reads in 6.165 CPU sec, 2.988 real sec
[M::process] read 82350 sequences (20000359 bp)...
[M::mem_pestat] # candidate unique pairs for (FF, FR, RF, RR): (6, 39037, 10, 5)
[M::mem_pestat] skip orientation FF as there are not enough pairs
[M::mem_pestat] analyzing insert size distribution for orientation FR...
[M::mem_pestat] (25, 50, 75) percentile: (380, 386, 393)
[M::mem_pestat] low and high boundaries for computing mean and std.dev: (354, 419)
[M::mem_pestat] mean and std.dev: (388.79, 10.42)
[M::mem_pestat] low and high boundaries for proper pairs: (341, 432)
[M::mem_pestat] analyzing insert size distribution for orientation RF...
[M::mem_pestat] (25, 50, 75) percentile: (171, 836, 4704)
[M::mem_pestat] low and high boundaries for computing mean and std.dev: (1, 13770)
[M::mem_pestat] mean and std.dev: (2361.40, 3252.90)
[M::mem_pestat] low and high boundaries for proper pairs: (1, 18303)
[M::mem_pestat] skip orientation RR as there are not enough pairs
[M::mem_pestat] skip orientation RF
[M::mem_process_seqs] Processed 82350 reads in 6.123 CPU sec, 2.992 real sec
[M::process] read 82278 sequences (20000346 bp)...
[M::mem_pestat] # candidate unique pairs for (FF, FR, RF, RR): (4, 38993, 10, 10)
[M::mem_pestat] skip orientation FF as there are not enough pairs
[M::mem_pestat] analyzing insert size distribution for orientation FR...
[M::mem_pestat] (25, 50, 75) percentile: (380, 386, 393)
[M::mem_pestat] low and high boundaries for computing mean and std.dev: (354, 419)
[M::mem_pestat] mean and std.dev: (388.91, 10.44)
[M::mem_pestat] low and high boundaries for proper pairs: (341, 432)
[M::mem_pestat] analyzing insert size distribution for orientation RF...
[M::mem_pestat] (25, 50, 75) percentile: (250, 4773, 6349)
[M::mem_pestat] low and high boundaries for computing mean and std.dev: (1, 18547)
[M::mem_pestat] mean and std.dev: (3767.80, 3516.29)
[M::mem_pestat] low and high boundaries for proper pairs: (1, 24646)
[M::mem_pestat] analyzing insert size distribution for orientation RR...
[M::mem_pestat] (25, 50, 75) percentile: (2057, 2057, 2057)
[M::mem_pestat] low and high boundaries for computing mean and std.dev: (2057, 2057)
[M::mem_pestat] mean and std.dev: (2057.00, 0.00)
[M::mem_pestat] low and high boundaries for proper pairs: (2057, 2057)
[M::mem_pestat] skip orientation RF
[M::mem_pestat] skip orientation RR
[M::mem_process_seqs] Processed 82278 reads in 6.048 CPU sec, 2.907 real sec
[M::process] read 82234 sequences (20000112 bp)...
[M::mem_pestat] # candidate unique pairs for (FF, FR, RF, RR): (8, 39030, 8, 8)
[M::mem_pestat] skip orientation FF as there are not enough pairs
[M::mem_pestat] analyzing insert size distribution for orientation FR...
[M::mem_pestat] (25, 50, 75) percentile: (380, 386, 393)
[M::mem_pestat] low and high boundaries for computing mean and std.dev: (354, 419)
[M::mem_pestat] mean and std.dev: (388.86, 10.46)
[M::mem_pestat] low and high boundaries for proper pairs: (341, 432)
[M::mem_pestat] skip orientation RF as there are not enough pairs
[M::mem_pestat] skip orientation RR as there are not enough pairs
[M::process] read 82014 sequences (20000142 bp)...
[M::mem_process_seqs] Processed 82234 reads in 5.820 CPU sec, 2.698 real sec
[M::mem_pestat] # candidate unique pairs for (FF, FR, RF, RR): (10, 39088, 8, 7)
[M::mem_pestat] analyzing insert size distribution for orientation FF...
[M::mem_pestat] (25, 50, 75) percentile: (1614, 1916, 6020)
[M::mem_pestat] low and high boundaries for computing mean and std.dev: (1, 14832)
[M::mem_pestat] mean and std.dev: (3839.60, 3040.03)
[M::mem_pestat] low and high boundaries for proper pairs: (1, 19238)
[M::mem_pestat] analyzing insert size distribution for orientation FR...
[M::mem_pestat] (25, 50, 75) percentile: (381, 386, 393)
[M::mem_pestat] low and high boundaries for computing mean and std.dev: (357, 417)
[M::mem_pestat] mean and std.dev: (388.83, 10.10)
[M::mem_pestat] low and high boundaries for proper pairs: (345, 429)
[M::mem_pestat] skip orientation RF as there are not enough pairs
[M::mem_pestat] skip orientation RR as there are not enough pairs
[M::mem_pestat] skip orientation FF
[M::mem_process_seqs] Processed 82014 reads in 5.373 CPU sec, 2.580 real sec
[M::process] read 82028 sequences (20000214 bp)...
[M::mem_pestat] # candidate unique pairs for (FF, FR, RF, RR): (7, 38946, 13, 10)
[M::mem_pestat] skip orientation FF as there are not enough pairs
[M::mem_pestat] analyzing insert size distribution for orientation FR...
[M::mem_pestat] (25, 50, 75) percentile: (380, 386, 393)
[M::mem_pestat] low and high boundaries for computing mean and std.dev: (354, 419)
[M::mem_pestat] mean and std.dev: (388.40, 10.64)
[M::mem_pestat] low and high boundaries for proper pairs: (341, 432)
[M::mem_pestat] analyzing insert size distribution for orientation RF...
[M::mem_pestat] (25, 50, 75) percentile: (796, 4456, 6340)
[M::mem_pestat] low and high boundaries for computing mean and std.dev: (1, 17428)
[M::mem_pestat] mean and std.dev: (3531.54, 2811.60)
[M::mem_pestat] low and high boundaries for proper pairs: (1, 22972)
[M::mem_pestat] analyzing insert size distribution for orientation RR...
[M::mem_pestat] (25, 50, 75) percentile: (2050, 2057, 4223)
[M::mem_pestat] low and high boundaries for computing mean and std.dev: (1, 8569)
[M::mem_pestat] mean and std.dev: (2674.11, 1408.92)
[M::mem_pestat] low and high boundaries for proper pairs: (1, 10742)
[M::mem_pestat] skip orientation RF
[M::mem_pestat] skip orientation RR
[M::process] read 82106 sequences (20000035 bp)...
[M::mem_process_seqs] Processed 82028 reads in 6.538 CPU sec, 3.027 real sec
[M::mem_pestat] # candidate unique pairs for (FF, FR, RF, RR): (10, 39026, 10, 12)
[M::mem_pestat] analyzing insert size distribution for orientation FF...
[M::mem_pestat] (25, 50, 75) percentile: (1835, 1884, 3363)
[M::mem_pestat] low and high boundaries for computing mean and std.dev: (1, 6419)
[M::mem_pestat] mean and std.dev: (2219.89, 820.67)
[M::mem_pestat] low and high boundaries for proper pairs: (1, 7947)
[M::mem_pestat] analyzing insert size distribution for orientation FR...
[M::mem_pestat] (25, 50, 75) percentile: (381, 386, 393)
[M::mem_pestat] low and high boundaries for computing mean and std.dev: (357, 417)
[M::mem_pestat] mean and std.dev: (388.88, 10.07)
[M::mem_pestat] low and high boundaries for proper pairs: (345, 429)
[M::mem_pestat] analyzing insert size distribution for orientation RF...
[M::mem_pestat] (25, 50, 75) percentile: (171, 1094, 4455)
[M::mem_pestat] low and high boundaries for computing mean and std.dev: (1, 13023)
[M::mem_pestat] mean and std.dev: (2172.50, 2693.18)
[M::mem_pestat] low and high boundaries for proper pairs: (1, 17307)
[M::mem_pestat] analyzing insert size distribution for orientation RR...
[M::mem_pestat] (25, 50, 75) percentile: (1874, 2057, 4061)
[M::mem_pestat] low and high boundaries for computing mean and std.dev: (1, 8435)
[M::mem_pestat] mean and std.dev: (2603.36, 1984.65)
[M::mem_pestat] low and high boundaries for proper pairs: (1, 10622)
[M::mem_pestat] skip orientation FF
[M::mem_pestat] skip orientation RF
[M::mem_pestat] skip orientation RR
[M::mem_process_seqs] Processed 82106 reads in 6.049 CPU sec, 2.939 real sec
[M::process] read 82022 sequences (20000339 bp)...
[M::mem_pestat] # candidate unique pairs for (FF, FR, RF, RR): (11, 38991, 8, 10)
[M::mem_pestat] analyzing insert size distribution for orientation FF...
[M::mem_pestat] (25, 50, 75) percentile: (1884, 2845, 4061)
[M::mem_pestat] low and high boundaries for computing mean and std.dev: (1, 8415)
[M::mem_pestat] mean and std.dev: (3039.70, 1680.66)
[M::mem_pestat] low and high boundaries for proper pairs: (1, 10592)
[M::mem_pestat] analyzing insert size distribution for orientation FR...
[M::mem_pestat] (25, 50, 75) percentile: (380, 386, 393)
[M::mem_pestat] low and high boundaries for computing mean and std.dev: (354, 419)
[M::mem_pestat] mean and std.dev: (388.72, 10.53)
[M::mem_pestat] low and high boundaries for proper pairs: (341, 432)
[M::mem_pestat] skip orientation RF as there are not enough pairs
[M::mem_pestat] analyzing insert size distribution for orientation RR...
[M::mem_pestat] (25, 50, 75) percentile: (1884, 2057, 2744)
[M::mem_pestat] low and high boundaries for computing mean and std.dev: (164, 4464)
[M::mem_pestat] mean and std.dev: (1886.25, 630.56)
[M::mem_pestat] low and high boundaries for proper pairs: (1, 5324)
[M::mem_pestat] skip orientation FF
[M::mem_pestat] skip orientation RR
[M::process] read 82248 sequences (20000484 bp)...
[M::mem_process_seqs] Processed 82022 reads in 6.640 CPU sec, 3.063 real sec
[M::mem_pestat] # candidate unique pairs for (FF, FR, RF, RR): (9, 39050, 7, 11)
[M::mem_pestat] skip orientation FF as there are not enough pairs
[M::mem_pestat] analyzing insert size distribution for orientation FR...
[M::mem_pestat] (25, 50, 75) percentile: (381, 386, 393)
[M::mem_pestat] low and high boundaries for computing mean and std.dev: (357, 417)
[M::mem_pestat] mean and std.dev: (388.95, 10.04)
[M::mem_pestat] low and high boundaries for proper pairs: (345, 429)
[M::mem_pestat] skip orientation RF as there are not enough pairs
[M::mem_pestat] analyzing insert size distribution for orientation RR...
[M::mem_pestat] (25, 50, 75) percentile: (2186, 4061, 5446)
[M::mem_pestat] low and high boundaries for computing mean and std.dev: (1, 11966)
[M::mem_pestat] mean and std.dev: (3842.27, 2206.79)
[M::mem_pestat] low and high boundaries for proper pairs: (1, 15226)
[M::mem_pestat] skip orientation RR
[M::mem_process_seqs] Processed 82248 reads in 5.787 CPU sec, 2.809 real sec
[M::process] read 82244 sequences (20000244 bp)...
[M::mem_pestat] # candidate unique pairs for (FF, FR, RF, RR): (6, 39023, 15, 9)
[M::mem_pestat] skip orientation FF as there are not enough pairs
[M::mem_pestat] analyzing insert size distribution for orientation FR...
[M::mem_pestat] (25, 50, 75) percentile: (380, 386, 393)
[M::mem_pestat] low and high boundaries for computing mean and std.dev: (354, 419)
[M::mem_pestat] mean and std.dev: (388.73, 10.50)
[M::mem_pestat] low and high boundaries for proper pairs: (341, 432)
[M::mem_pestat] analyzing insert size distribution for orientation RF...
[M::mem_pestat] (25, 50, 75) percentile: (171, 2419, 4455)
[M::mem_pestat] low and high boundaries for computing mean and std.dev: (1, 13023)
[M::mem_pestat] mean and std.dev: (2292.27, 2430.68)
[M::mem_pestat] low and high boundaries for proper pairs: (1, 17307)
[M::mem_pestat] skip orientation RR as there are not enough pairs
[M::mem_pestat] skip orientation RF
[M::mem_process_seqs] Processed 82244 reads in 6.149 CPU sec, 2.950 real sec
[M::process] read 82208 sequences (20000043 bp)...
[M::mem_pestat] # candidate unique pairs for (FF, FR, RF, RR): (4, 39076, 9, 10)
[M::mem_pestat] skip orientation FF as there are not enough pairs
[M::mem_pestat] analyzing insert size distribution for orientation FR...
[M::mem_pestat] (25, 50, 75) percentile: (380, 386, 393)
[M::mem_pestat] low and high boundaries for computing mean and std.dev: (354, 419)
[M::mem_pestat] mean and std.dev: (388.86, 10.46)
[M::mem_pestat] low and high boundaries for proper pairs: (341, 432)
[M::mem_pestat] skip orientation RF as there are not enough pairs
[M::mem_pestat] analyzing insert size distribution for orientation RR...
[M::mem_pestat] (25, 50, 75) percentile: (2057, 4061, 4296)
[M::mem_pestat] low and high boundaries for computing mean and std.dev: (1, 8774)
[M::mem_pestat] mean and std.dev: (3855.80, 2263.71)
[M::mem_pestat] low and high boundaries for proper pairs: (1, 12911)
[M::mem_pestat] skip orientation RR
[M::mem_process_seqs] Processed 82208 reads in 6.289 CPU sec, 2.971 real sec
[M::process] read 82254 sequences (20000419 bp)...
[M::mem_pestat] # candidate unique pairs for (FF, FR, RF, RR): (9, 39016, 12, 5)
[M::mem_pestat] skip orientation FF as there are not enough pairs
[M::mem_pestat] analyzing insert size distribution for orientation FR...
[M::mem_pestat] (25, 50, 75) percentile: (380, 386, 393)
[M::mem_pestat] low and high boundaries for computing mean and std.dev: (354, 419)
[M::mem_pestat] mean and std.dev: (389.05, 10.38)
[M::mem_pestat] low and high boundaries for proper pairs: (341, 432)
[M::mem_pestat] analyzing insert size distribution for orientation RF...
[M::mem_pestat] (25, 50, 75) percentile: (171, 610, 4949)
[M::mem_pestat] low and high boundaries for computing mean and std.dev: (1, 14505)
[M::mem_pestat] mean and std.dev: (1953.25, 2817.46)
[M::mem_pestat] low and high boundaries for proper pairs: (1, 19283)
[M::mem_pestat] skip orientation RR as there are not enough pairs
[M::mem_pestat] skip orientation RF
[M::mem_process_seqs] Processed 82254 reads in 5.791 CPU sec, 2.773 real sec
[M::process] read 82190 sequences (20000265 bp)...
[M::mem_pestat] # candidate unique pairs for (FF, FR, RF, RR): (7, 38984, 10, 14)
[M::mem_pestat] skip orientation FF as there are not enough pairs
[M::mem_pestat] analyzing insert size distribution for orientation FR...
[M::mem_pestat] (25, 50, 75) percentile: (380, 386, 393)
[M::mem_pestat] low and high boundaries for computing mean and std.dev: (354, 419)
[M::mem_pestat] mean and std.dev: (388.83, 10.40)
[M::mem_pestat] low and high boundaries for proper pairs: (341, 432)
[M::mem_pestat] analyzing insert size distribution for orientation RF...
[M::mem_pestat] (25, 50, 75) percentile: (795, 3814, 4720)
[M::mem_pestat] low and high boundaries for computing mean and std.dev: (1, 12570)
[M::mem_pestat] mean and std.dev: (3145.80, 2302.38)
[M::mem_pestat] low and high boundaries for proper pairs: (1, 16495)
[M::mem_pestat] analyzing insert size distribution for orientation RR...
[M::mem_pestat] (25, 50, 75) percentile: (613, 1834, 2057)
[M::mem_pestat] low and high boundaries for computing mean and std.dev: (1, 4945)
[M::mem_pestat] mean and std.dev: (1751.21, 1276.77)
[M::mem_pestat] low and high boundaries for proper pairs: (1, 6858)
[M::mem_pestat] skip orientation RF
[M::mem_pestat] skip orientation RR
[M::mem_process_seqs] Processed 82190 reads in 6.442 CPU sec, 3.038 real sec
[M::process] read 82042 sequences (20000291 bp)...
[M::mem_pestat] # candidate unique pairs for (FF, FR, RF, RR): (7, 39071, 15, 6)
[M::mem_pestat] skip orientation FF as there are not enough pairs
[M::mem_pestat] analyzing insert size distribution for orientation FR...
[M::mem_pestat] (25, 50, 75) percentile: (380, 386, 393)
[M::mem_pestat] low and high boundaries for computing mean and std.dev: (354, 419)
[M::mem_pestat] mean and std.dev: (389.01, 10.34)
[M::mem_pestat] low and high boundaries for proper pairs: (341, 432)
[M::mem_pestat] analyzing insert size distribution for orientation RF...
[M::mem_pestat] (25, 50, 75) percentile: (229, 985, 6339)
[M::mem_pestat] low and high boundaries for computing mean and std.dev: (1, 18559)
[M::mem_pestat] mean and std.dev: (2916.87, 3210.12)
[M::mem_pestat] low and high boundaries for proper pairs: (1, 24669)
[M::mem_pestat] skip orientation RR as there are not enough pairs
[M::mem_pestat] skip orientation RF
[M::mem_process_seqs] Processed 82042 reads in 6.180 CPU sec, 2.907 real sec
[M::process] read 82104 sequences (20000067 bp)...
[M::mem_pestat] # candidate unique pairs for (FF, FR, RF, RR): (7, 39067, 5, 11)
[M::mem_pestat] skip orientation FF as there are not enough pairs
[M::mem_pestat] analyzing insert size distribution for orientation FR...
[M::mem_pestat] (25, 50, 75) percentile: (380, 386, 393)
[M::mem_pestat] low and high boundaries for computing mean and std.dev: (354, 419)
[M::mem_pestat] mean and std.dev: (388.85, 10.48)
[M::mem_pestat] low and high boundaries for proper pairs: (341, 432)
[M::mem_pestat] skip orientation RF as there are not enough pairs
[M::mem_pestat] analyzing insert size distribution for orientation RR...
[M::mem_pestat] (25, 50, 75) percentile: (1221, 2057, 3765)
[M::mem_pestat] low and high boundaries for computing mean and std.dev: (1, 8853)
[M::mem_pestat] mean and std.dev: (2026.20, 1191.23)
[M::mem_pestat] low and high boundaries for proper pairs: (1, 11397)
[M::mem_pestat] skip orientation RR
[M::mem_process_seqs] Processed 82104 reads in 5.740 CPU sec, 2.742 real sec
[M::process] read 81974 sequences (20000117 bp)...
[M::mem_pestat] # candidate unique pairs for (FF, FR, RF, RR): (6, 39061, 10, 9)
[M::mem_pestat] skip orientation FF as there are not enough pairs
[M::mem_pestat] analyzing insert size distribution for orientation FR...
[M::mem_pestat] (25, 50, 75) percentile: (381, 386, 393)
[M::mem_pestat] low and high boundaries for computing mean and std.dev: (357, 417)
[M::mem_pestat] mean and std.dev: (388.92, 10.04)
[M::mem_pestat] low and high boundaries for proper pairs: (345, 429)
[M::mem_pestat] analyzing insert size distribution for orientation RF...
[M::mem_pestat] (25, 50, 75) percentile: (171, 207, 3295)
[M::mem_pestat] low and high boundaries for computing mean and std.dev: (1, 9543)
[M::mem_pestat] mean and std.dev: (1359.90, 1826.32)
[M::mem_pestat] low and high boundaries for proper pairs: (1, 12667)
[M::mem_pestat] skip orientation RR as there are not enough pairs
[M::mem_pestat] skip orientation RF
[M::mem_process_seqs] Processed 81974 reads in 5.482 CPU sec, 2.644 real sec
[M::process] read 81882 sequences (20000336 bp)...
[M::mem_pestat] # candidate unique pairs for (FF, FR, RF, RR): (6, 39089, 7, 11)
[M::mem_pestat] skip orientation FF as there are not enough pairs
[M::mem_pestat] analyzing insert size distribution for orientation FR...
[M::mem_pestat] (25, 50, 75) percentile: (380, 386, 393)
[M::mem_pestat] low and high boundaries for computing mean and std.dev: (354, 419)
[M::mem_pestat] mean and std.dev: (388.88, 10.51)
[M::mem_pestat] low and high boundaries for proper pairs: (341, 432)
[M::mem_pestat] skip orientation RF as there are not enough pairs
[M::mem_pestat] analyzing insert size distribution for orientation RR...
[M::mem_pestat] (25, 50, 75) percentile: (2057, 2990, 6721)
[M::mem_pestat] low and high boundaries for computing mean and std.dev: (1, 16049)
[M::mem_pestat] mean and std.dev: (4190.00, 2710.08)
[M::mem_pestat] low and high boundaries for proper pairs: (1, 20713)
[M::mem_pestat] skip orientation RR
[M::process] read 14316 sequences (3496148 bp)...
[M::mem_process_seqs] Processed 81882 reads in 5.990 CPU sec, 2.864 real sec
[M::mem_pestat] # candidate unique pairs for (FF, FR, RF, RR): (3, 6820, 0, 1)
[M::mem_pestat] skip orientation FF as there are not enough pairs
[M::mem_pestat] analyzing insert size distribution for orientation FR...
[M::mem_pestat] (25, 50, 75) percentile: (380, 386, 393)
[M::mem_pestat] low and high boundaries for computing mean and std.dev: (354, 419)
[M::mem_pestat] mean and std.dev: (388.21, 10.70)
[M::mem_pestat] low and high boundaries for proper pairs: (341, 432)
[M::mem_pestat] skip orientation RF as there are not enough pairs
[M::mem_pestat] skip orientation RR as there are not enough pairs
[M::mem_process_seqs] Processed 14316 reads in 1.233 CPU sec, 0.598 real sec
[main] Version: 0.7.17-r1188
[main] CMD: bwa mem -t 2 SC2242/core/viral_reference SC2242/adapter_trimmed/SC2242_R1_val_1_posttrim_filter.fq.gz SC2242/adapter_trimmed/SC2242_R2_val_2_posttrim_filter.fq.gz
[main] Real time: 59.911 sec; CPU: 113.459 sec
[bam_sort_core] merging from 0 files and 2 in-memory blocks...
