[M::bwa_idx_load_from_disk] read 0 ALT contigs
[M::process] read 81170 sequences (20000145 bp)...
[M::process] read 81274 sequences (20000493 bp)...
[M::mem_pestat] # candidate unique pairs for (FF, FR, RF, RR): (9, 40069, 50, 11)
[M::mem_pestat] skip orientation FF as there are not enough pairs
[M::mem_pestat] analyzing insert size distribution for orientation FR...
[M::mem_pestat] (25, 50, 75) percentile: (380, 385, 394)
[M::mem_pestat] low and high boundaries for computing mean and std.dev: (352, 422)
[M::mem_pestat] mean and std.dev: (388.72, 10.81)
[M::mem_pestat] low and high boundaries for proper pairs: (338, 436)
[M::mem_pestat] analyzing insert size distribution for orientation RF...
[M::mem_pestat] (25, 50, 75) percentile: (224, 1131, 2644)
[M::mem_pestat] low and high boundaries for computing mean and std.dev: (1, 7484)
[M::mem_pestat] mean and std.dev: (1622.77, 1775.92)
[M::mem_pestat] low and high boundaries for proper pairs: (1, 9904)
[M::mem_pestat] analyzing insert size distribution for orientation RR...
[M::mem_pestat] (25, 50, 75) percentile: (384, 802, 2421)
[M::mem_pestat] low and high boundaries for computing mean and std.dev: (1, 6495)
[M::mem_pestat] mean and std.dev: (921.33, 774.42)
[M::mem_pestat] low and high boundaries for proper pairs: (1, 8532)
[M::mem_pestat] skip orientation RF
[M::mem_pestat] skip orientation RR
[M::mem_process_seqs] Processed 81170 reads in 6.012 CPU sec, 2.857 real sec
[M::mem_pestat] # candidate unique pairs for (FF, FR, RF, RR): (12, 40103, 41, 6)
[M::mem_pestat] analyzing insert size distribution for orientation FF...
[M::mem_pestat] (25, 50, 75) percentile: (1281, 1667, 4056)
[M::mem_pestat] low and high boundaries for computing mean and std.dev: (1, 9606)
[M::mem_pestat] mean and std.dev: (2461.58, 2073.94)
[M::mem_pestat] low and high boundaries for proper pairs: (1, 12381)
[M::mem_pestat] analyzing insert size distribution for orientation FR...
[M::mem_pestat] (25, 50, 75) percentile: (380, 385, 393)
[M::mem_pestat] low and high boundaries for computing mean and std.dev: (354, 419)
[M::mem_pestat] mean and std.dev: (388.28, 10.68)
[M::mem_pestat] low and high boundaries for proper pairs: (341, 432)
[M::mem_pestat] analyzing insert size distribution for orientation RF...
[M::mem_pestat] (25, 50, 75) percentile: (207, 224, 1536)
[M::mem_pestat] low and high boundaries for computing mean and std.dev: (1, 4194)
[M::mem_pestat] mean and std.dev: (710.11, 861.33)
[M::mem_pestat] low and high boundaries for proper pairs: (1, 5523)
[M::mem_pestat] skip orientation RR as there are not enough pairs
[M::mem_pestat] skip orientation FF
[M::mem_pestat] skip orientation RF
[M::mem_process_seqs] Processed 81274 reads in 6.227 CPU sec, 3.038 real sec
[M::process] read 81248 sequences (20000275 bp)...
[M::mem_pestat] # candidate unique pairs for (FF, FR, RF, RR): (6, 40110, 60, 10)
[M::mem_pestat] skip orientation FF as there are not enough pairs
[M::mem_pestat] analyzing insert size distribution for orientation FR...
[M::mem_pestat] (25, 50, 75) percentile: (380, 385, 393)
[M::mem_pestat] low and high boundaries for computing mean and std.dev: (354, 419)
[M::mem_pestat] mean and std.dev: (388.37, 10.73)
[M::mem_pestat] low and high boundaries for proper pairs: (341, 432)
[M::mem_pestat] analyzing insert size distribution for orientation RF...
[M::mem_pestat] (25, 50, 75) percentile: (224, 813, 1665)
[M::mem_pestat] low and high boundaries for computing mean and std.dev: (1, 4547)
[M::mem_pestat] mean and std.dev: (750.35, 620.93)
[M::mem_pestat] low and high boundaries for proper pairs: (1, 5988)
[M::mem_pestat] analyzing insert size distribution for orientation RR...
[M::mem_pestat] (25, 50, 75) percentile: (1489, 4852, 8051)
[M::mem_pestat] low and high boundaries for computing mean and std.dev: (1, 21175)
[M::mem_pestat] mean and std.dev: (4641.00, 3368.65)
[M::mem_pestat] low and high boundaries for proper pairs: (1, 27737)
[M::mem_pestat] skip orientation RF
[M::mem_pestat] skip orientation RR
[M::mem_process_seqs] Processed 81248 reads in 6.229 CPU sec, 3.019 real sec
[M::process] read 81184 sequences (20000418 bp)...
[M::mem_pestat] # candidate unique pairs for (FF, FR, RF, RR): (10, 40028, 62, 5)
[M::mem_pestat] analyzing insert size distribution for orientation FF...
[M::mem_pestat] (25, 50, 75) percentile: (623, 2480, 4755)
[M::mem_pestat] low and high boundaries for computing mean and std.dev: (1, 13019)
[M::mem_pestat] mean and std.dev: (2613.20, 1915.06)
[M::mem_pestat] low and high boundaries for proper pairs: (1, 17151)
[M::mem_pestat] analyzing insert size distribution for orientation FR...
[M::mem_pestat] (25, 50, 75) percentile: (380, 385, 393)
[M::mem_pestat] low and high boundaries for computing mean and std.dev: (354, 419)
[M::mem_pestat] mean and std.dev: (388.46, 10.64)
[M::mem_pestat] low and high boundaries for proper pairs: (341, 432)
[M::mem_pestat] analyzing insert size distribution for orientation RF...
[M::mem_pestat] (25, 50, 75) percentile: (208, 236, 849)
[M::mem_pestat] low and high boundaries for computing mean and std.dev: (1, 2131)
[M::mem_pestat] mean and std.dev: (417.07, 401.98)
[M::mem_pestat] low and high boundaries for proper pairs: (1, 2772)
[M::mem_pestat] skip orientation RR as there are not enough pairs
[M::mem_pestat] skip orientation FF
[M::mem_pestat] skip orientation RF
[M::mem_process_seqs] Processed 81184 reads in 6.040 CPU sec, 2.933 real sec
[M::process] read 81216 sequences (20000046 bp)...
[M::mem_pestat] # candidate unique pairs for (FF, FR, RF, RR): (9, 40109, 49, 7)
[M::mem_pestat] skip orientation FF as there are not enough pairs
[M::mem_pestat] analyzing insert size distribution for orientation FR...
[M::mem_pestat] (25, 50, 75) percentile: (380, 385, 393)
[M::mem_pestat] low and high boundaries for computing mean and std.dev: (354, 419)
[M::mem_pestat] mean and std.dev: (388.23, 10.71)
[M::mem_pestat] low and high boundaries for proper pairs: (341, 432)
[M::mem_pestat] analyzing insert size distribution for orientation RF...
[M::mem_pestat] (25, 50, 75) percentile: (207, 240, 842)
[M::mem_pestat] low and high boundaries for computing mean and std.dev: (1, 2112)
[M::mem_pestat] mean and std.dev: (498.00, 477.23)
[M::mem_pestat] low and high boundaries for proper pairs: (1, 2747)
[M::mem_pestat] skip orientation RR as there are not enough pairs
[M::mem_pestat] skip orientation RF
[M::mem_process_seqs] Processed 81216 reads in 6.111 CPU sec, 2.963 real sec
[M::process] read 81106 sequences (20000066 bp)...
[M::mem_pestat] # candidate unique pairs for (FF, FR, RF, RR): (10, 40051, 53, 11)
[M::mem_pestat] analyzing insert size distribution for orientation FF...
[M::mem_pestat] (25, 50, 75) percentile: (1186, 2497, 4840)
[M::mem_pestat] low and high boundaries for computing mean and std.dev: (1, 12148)
[M::mem_pestat] mean and std.dev: (3509.70, 2866.85)
[M::mem_pestat] low and high boundaries for proper pairs: (1, 15802)
[M::mem_pestat] analyzing insert size distribution for orientation FR...
[M::mem_pestat] (25, 50, 75) percentile: (380, 385, 394)
[M::mem_pestat] low and high boundaries for computing mean and std.dev: (352, 422)
[M::mem_pestat] mean and std.dev: (388.62, 10.73)
[M::mem_pestat] low and high boundaries for proper pairs: (338, 436)
[M::mem_pestat] analyzing insert size distribution for orientation RF...
[M::mem_pestat] (25, 50, 75) percentile: (215, 245, 1726)
[M::mem_pestat] low and high boundaries for computing mean and std.dev: (1, 4748)
[M::mem_pestat] mean and std.dev: (757.12, 942.14)
[M::mem_pestat] low and high boundaries for proper pairs: (1, 6259)
[M::mem_pestat] analyzing insert size distribution for orientation RR...
[M::mem_pestat] (25, 50, 75) percentile: (597, 2057, 2081)
[M::mem_pestat] low and high boundaries for computing mean and std.dev: (1, 5049)
[M::mem_pestat] mean and std.dev: (1749.36, 1351.67)
[M::mem_pestat] low and high boundaries for proper pairs: (1, 7156)
[M::mem_pestat] skip orientation FF
[M::mem_pestat] skip orientation RF
[M::mem_pestat] skip orientation RR
[M::mem_process_seqs] Processed 81106 reads in 5.746 CPU sec, 2.793 real sec
[M::process] read 81070 sequences (20000149 bp)...
[M::mem_pestat] # candidate unique pairs for (FF, FR, RF, RR): (4, 40032, 46, 9)
[M::mem_pestat] skip orientation FF as there are not enough pairs
[M::mem_pestat] analyzing insert size distribution for orientation FR...
[M::mem_pestat] (25, 50, 75) percentile: (379, 385, 393)
[M::mem_pestat] low and high boundaries for computing mean and std.dev: (351, 421)
[M::mem_pestat] mean and std.dev: (387.76, 10.98)
[M::mem_pestat] low and high boundaries for proper pairs: (337, 435)
[M::mem_pestat] analyzing insert size distribution for orientation RF...
[M::mem_pestat] (25, 50, 75) percentile: (212, 237, 1214)
[M::mem_pestat] low and high boundaries for computing mean and std.dev: (1, 3218)
[M::mem_pestat] mean and std.dev: (658.16, 786.58)
[M::mem_pestat] low and high boundaries for proper pairs: (1, 4220)
[M::mem_pestat] skip orientation RR as there are not enough pairs
[M::mem_pestat] skip orientation RF
[M::mem_process_seqs] Processed 81070 reads in 6.228 CPU sec, 3.006 real sec
[M::process] read 80992 sequences (20000298 bp)...
[M::mem_pestat] # candidate unique pairs for (FF, FR, RF, RR): (6, 40010, 43, 8)
[M::mem_pestat] skip orientation FF as there are not enough pairs
[M::mem_pestat] analyzing insert size distribution for orientation FR...
[M::mem_pestat] (25, 50, 75) percentile: (380, 385, 394)
[M::mem_pestat] low and high boundaries for computing mean and std.dev: (352, 422)
[M::mem_pestat] mean and std.dev: (388.58, 10.69)
[M::mem_pestat] low and high boundaries for proper pairs: (338, 436)
[M::mem_pestat] analyzing insert size distribution for orientation RF...
[M::mem_pestat] (25, 50, 75) percentile: (224, 558, 1665)
[M::mem_pestat] low and high boundaries for computing mean and std.dev: (1, 4547)
[M::mem_pestat] mean and std.dev: (737.42, 742.58)
[M::mem_pestat] low and high boundaries for proper pairs: (1, 5988)
[M::mem_pestat] skip orientation RR as there are not enough pairs
[M::mem_pestat] skip orientation RF
[M::mem_process_seqs] Processed 80992 reads in 5.731 CPU sec, 2.783 real sec
[M::process] read 81088 sequences (20000177 bp)...
[M::mem_pestat] # candidate unique pairs for (FF, FR, RF, RR): (8, 40039, 65, 12)
[M::mem_pestat] skip orientation FF as there are not enough pairs
[M::mem_pestat] analyzing insert size distribution for orientation FR...
[M::mem_pestat] (25, 50, 75) percentile: (380, 385, 393)
[M::mem_pestat] low and high boundaries for computing mean and std.dev: (354, 419)
[M::mem_pestat] mean and std.dev: (388.15, 10.71)
[M::mem_pestat] low and high boundaries for proper pairs: (341, 432)
[M::mem_pestat] analyzing insert size distribution for orientation RF...
[M::mem_pestat] (25, 50, 75) percentile: (214, 242, 1665)
[M::mem_pestat] low and high boundaries for computing mean and std.dev: (1, 4567)
[M::mem_pestat] mean and std.dev: (807.75, 1078.55)
[M::mem_pestat] low and high boundaries for proper pairs: (1, 6018)
[M::mem_pestat] analyzing insert size distribution for orientation RR...
[M::mem_pestat] (25, 50, 75) percentile: (1900, 5110, 6241)
[M::mem_pestat] low and high boundaries for computing mean and std.dev: (1, 14923)
[M::mem_pestat] mean and std.dev: (3963.67, 2848.35)
[M::mem_pestat] low and high boundaries for proper pairs: (1, 19264)
[M::mem_pestat] skip orientation RF
[M::mem_pestat] skip orientation RR
[M::mem_process_seqs] Processed 81088 reads in 5.848 CPU sec, 2.841 real sec
[M::process] read 81226 sequences (20000114 bp)...
[M::mem_pestat] # candidate unique pairs for (FF, FR, RF, RR): (6, 40099, 56, 8)
[M::mem_pestat] skip orientation FF as there are not enough pairs
[M::mem_pestat] analyzing insert size distribution for orientation FR...
[M::mem_pestat] (25, 50, 75) percentile: (380, 385, 394)
[M::mem_pestat] low and high boundaries for computing mean and std.dev: (352, 422)
[M::mem_pestat] mean and std.dev: (388.56, 10.72)
[M::mem_pestat] low and high boundaries for proper pairs: (338, 436)
[M::mem_pestat] analyzing insert size distribution for orientation RF...
[M::mem_pestat] (25, 50, 75) percentile: (208, 225, 1432)
[M::mem_pestat] low and high boundaries for computing mean and std.dev: (1, 3880)
[M::mem_pestat] mean and std.dev: (689.00, 785.88)
[M::mem_pestat] low and high boundaries for proper pairs: (1, 5104)
[M::mem_pestat] skip orientation RR as there are not enough pairs
[M::mem_pestat] skip orientation RF
[M::mem_process_seqs] Processed 81226 reads in 5.570 CPU sec, 2.707 real sec
[M::process] read 81184 sequences (20000066 bp)...
[M::process] read 81230 sequences (20000130 bp)...
[M::mem_pestat] # candidate unique pairs for (FF, FR, RF, RR): (7, 40116, 57, 12)
[M::mem_pestat] skip orientation FF as there are not enough pairs
[M::mem_pestat] analyzing insert size distribution for orientation FR...
[M::mem_pestat] (25, 50, 75) percentile: (380, 385, 393)
[M::mem_pestat] low and high boundaries for computing mean and std.dev: (354, 419)
[M::mem_pestat] mean and std.dev: (388.29, 10.68)
[M::mem_pestat] low and high boundaries for proper pairs: (341, 432)
[M::mem_pestat] analyzing insert size distribution for orientation RF...
[M::mem_pestat] (25, 50, 75) percentile: (212, 256, 1492)
[M::mem_pestat] low and high boundaries for computing mean and std.dev: (1, 4052)
[M::mem_pestat] mean and std.dev: (709.23, 688.90)
[M::mem_pestat] low and high boundaries for proper pairs: (1, 5332)
[M::mem_pestat] analyzing insert size distribution for orientation RR...
[M::mem_pestat] (25, 50, 75) percentile: (1262, 2057, 3229)
[M::mem_pestat] low and high boundaries for computing mean and std.dev: (1, 7163)
[M::mem_pestat] mean and std.dev: (2054.92, 1271.91)
[M::mem_pestat] low and high boundaries for proper pairs: (1, 9130)
[M::mem_pestat] skip orientation RF
[M::mem_pestat] skip orientation RR
[M::mem_process_seqs] Processed 81184 reads in 5.724 CPU sec, 2.675 real sec
[M::mem_pestat] # candidate unique pairs for (FF, FR, RF, RR): (5, 40092, 45, 6)
[M::mem_pestat] skip orientation FF as there are not enough pairs
[M::mem_pestat] analyzing insert size distribution for orientation FR...
[M::mem_pestat] (25, 50, 75) percentile: (380, 385, 393)
[M::mem_pestat] low and high boundaries for computing mean and std.dev: (354, 419)
[M::mem_pestat] mean and std.dev: (388.11, 10.80)
[M::mem_pestat] low and high boundaries for proper pairs: (341, 432)
[M::mem_pestat] analyzing insert size distribution for orientation RF...
[M::mem_pestat] (25, 50, 75) percentile: (207, 225, 609)
[M::mem_pestat] low and high boundaries for computing mean and std.dev: (1, 1413)
[M::mem_pestat] mean and std.dev: (300.32, 237.43)
[M::mem_pestat] low and high boundaries for proper pairs: (1, 1815)
[M::mem_pestat] skip orientation RR as there are not enough pairs
[M::mem_pestat] skip orientation RF
[M::mem_process_seqs] Processed 81230 reads in 5.823 CPU sec, 2.846 real sec
[M::process] read 81200 sequences (20000415 bp)...
[M::mem_pestat] # candidate unique pairs for (FF, FR, RF, RR): (8, 40087, 56, 8)
[M::mem_pestat] skip orientation FF as there are not enough pairs
[M::mem_pestat] analyzing insert size distribution for orientation FR...
[M::mem_pestat] (25, 50, 75) percentile: (380, 385, 393)
[M::mem_pestat] low and high boundaries for computing mean and std.dev: (354, 419)
[M::mem_pestat] mean and std.dev: (388.53, 10.67)
[M::mem_pestat] low and high boundaries for proper pairs: (341, 432)
[M::mem_pestat] analyzing insert size distribution for orientation RF...
[M::mem_pestat] (25, 50, 75) percentile: (215, 485, 1665)
[M::mem_pestat] low and high boundaries for computing mean and std.dev: (1, 4565)
[M::mem_pestat] mean and std.dev: (842.84, 948.71)
[M::mem_pestat] low and high boundaries for proper pairs: (1, 6015)
[M::mem_pestat] skip orientation RR as there are not enough pairs
[M::mem_pestat] skip orientation RF
[M::mem_process_seqs] Processed 81200 reads in 5.306 CPU sec, 2.573 real sec
[M::process] read 81142 sequences (20000177 bp)...
[M::mem_pestat] # candidate unique pairs for (FF, FR, RF, RR): (1, 40034, 63, 5)
[M::mem_pestat] skip orientation FF as there are not enough pairs
[M::mem_pestat] analyzing insert size distribution for orientation FR...
[M::mem_pestat] (25, 50, 75) percentile: (380, 385, 393)
[M::mem_pestat] low and high boundaries for computing mean and std.dev: (354, 419)
[M::mem_pestat] mean and std.dev: (388.26, 10.64)
[M::mem_pestat] low and high boundaries for proper pairs: (341, 432)
[M::mem_pestat] analyzing insert size distribution for orientation RF...
[M::mem_pestat] (25, 50, 75) percentile: (212, 249, 1239)
[M::mem_pestat] low and high boundaries for computing mean and std.dev: (1, 3293)
[M::mem_pestat] mean and std.dev: (631.63, 684.53)
[M::mem_pestat] low and high boundaries for proper pairs: (1, 4320)
[M::mem_pestat] skip orientation RR as there are not enough pairs
[M::mem_pestat] skip orientation RF
[M::mem_process_seqs] Processed 81142 reads in 5.856 CPU sec, 2.841 real sec
[M::process] read 81052 sequences (20000374 bp)...
[M::mem_pestat] # candidate unique pairs for (FF, FR, RF, RR): (6, 40030, 58, 6)
[M::mem_pestat] skip orientation FF as there are not enough pairs
[M::mem_pestat] analyzing insert size distribution for orientation FR...
[M::mem_pestat] (25, 50, 75) percentile: (380, 385, 393)
[M::mem_pestat] low and high boundaries for computing mean and std.dev: (354, 419)
[M::mem_pestat] mean and std.dev: (388.54, 10.67)
[M::mem_pestat] low and high boundaries for proper pairs: (341, 432)
[M::mem_pestat] analyzing insert size distribution for orientation RF...
[M::mem_pestat] (25, 50, 75) percentile: (204, 238, 1204)
[M::mem_pestat] low and high boundaries for computing mean and std.dev: (1, 3204)
[M::mem_pestat] mean and std.dev: (592.72, 585.53)
[M::mem_pestat] low and high boundaries for proper pairs: (1, 4204)
[M::mem_pestat] skip orientation RR as there are not enough pairs
[M::mem_pestat] skip orientation RF
[M::mem_process_seqs] Processed 81052 reads in 5.923 CPU sec, 2.873 real sec
[M::process] read 81166 sequences (20000092 bp)...
[M::mem_pestat] # candidate unique pairs for (FF, FR, RF, RR): (10, 40072, 62, 6)
[M::mem_pestat] analyzing insert size distribution for orientation FF...
[M::mem_pestat] (25, 50, 75) percentile: (637, 4840, 6724)
[M::mem_pestat] low and high boundaries for computing mean and std.dev: (1, 18898)
[M::mem_pestat] mean and std.dev: (4201.00, 3185.56)
[M::mem_pestat] low and high boundaries for proper pairs: (1, 24985)
[M::mem_pestat] analyzing insert size distribution for orientation FR...
[M::mem_pestat] (25, 50, 75) percentile: (380, 385, 393)
[M::mem_pestat] low and high boundaries for computing mean and std.dev: (354, 419)
[M::mem_pestat] mean and std.dev: (388.30, 10.76)
[M::mem_pestat] low and high boundaries for proper pairs: (341, 432)
[M::mem_pestat] analyzing insert size distribution for orientation RF...
[M::mem_pestat] (25, 50, 75) percentile: (215, 240, 1040)
[M::mem_pestat] low and high boundaries for computing mean and std.dev: (1, 2690)
[M::mem_pestat] mean and std.dev: (552.84, 582.71)
[M::mem_pestat] low and high boundaries for proper pairs: (1, 3515)
[M::mem_pestat] skip orientation RR as there are not enough pairs
[M::mem_pestat] skip orientation FF
[M::mem_pestat] skip orientation RF
[M::mem_process_seqs] Processed 81166 reads in 5.613 CPU sec, 2.695 real sec
[M::process] read 81066 sequences (20000179 bp)...
[M::mem_pestat] # candidate unique pairs for (FF, FR, RF, RR): (1, 40044, 46, 5)
[M::mem_pestat] skip orientation FF as there are not enough pairs
[M::mem_pestat] analyzing insert size distribution for orientation FR...
[M::mem_pestat] (25, 50, 75) percentile: (380, 385, 394)
[M::mem_pestat] low and high boundaries for computing mean and std.dev: (352, 422)
[M::mem_pestat] mean and std.dev: (388.72, 10.78)
[M::mem_pestat] low and high boundaries for proper pairs: (338, 436)
[M::mem_pestat] analyzing insert size distribution for orientation RF...
[M::mem_pestat] (25, 50, 75) percentile: (207, 225, 1491)
[M::mem_pestat] low and high boundaries for computing mean and std.dev: (1, 4059)
[M::mem_pestat] mean and std.dev: (581.64, 727.55)
[M::mem_pestat] low and high boundaries for proper pairs: (1, 5343)
[M::mem_pestat] skip orientation RR as there are not enough pairs
[M::mem_pestat] skip orientation RF
[M::mem_process_seqs] Processed 81066 reads in 5.300 CPU sec, 2.568 real sec
[M::process] read 81020 sequences (20000480 bp)...
[M::mem_pestat] # candidate unique pairs for (FF, FR, RF, RR): (5, 40029, 41, 9)
[M::mem_pestat] skip orientation FF as there are not enough pairs
[M::mem_pestat] analyzing insert size distribution for orientation FR...
[M::mem_pestat] (25, 50, 75) percentile: (380, 385, 393)
[M::mem_pestat] low and high boundaries for computing mean and std.dev: (354, 419)
[M::mem_pestat] mean and std.dev: (388.55, 10.69)
[M::mem_pestat] low and high boundaries for proper pairs: (341, 432)
[M::mem_pestat] analyzing insert size distribution for orientation RF...
[M::mem_pestat] (25, 50, 75) percentile: (218, 249, 1492)
[M::mem_pestat] low and high boundaries for computing mean and std.dev: (1, 4040)
[M::mem_pestat] mean and std.dev: (702.71, 790.39)
[M::mem_pestat] low and high boundaries for proper pairs: (1, 5314)
[M::mem_pestat] skip orientation RR as there are not enough pairs
[M::mem_pestat] skip orientation RF
[M::mem_process_seqs] Processed 81020 reads in 5.660 CPU sec, 2.671 real sec
[M::process] read 29734 sequences (7333213 bp)...
[M::mem_pestat] # candidate unique pairs for (FF, FR, RF, RR): (3, 14700, 19, 1)
[M::mem_pestat] skip orientation FF as there are not enough pairs
[M::mem_pestat] analyzing insert size distribution for orientation FR...
[M::mem_pestat] (25, 50, 75) percentile: (379, 385, 393)
[M::mem_pestat] low and high boundaries for computing mean and std.dev: (351, 421)
[M::mem_pestat] mean and std.dev: (387.80, 10.93)
[M::mem_pestat] low and high boundaries for proper pairs: (337, 435)
[M::mem_pestat] analyzing insert size distribution for orientation RF...
[M::mem_pestat] (25, 50, 75) percentile: (224, 230, 721)
[M::mem_pestat] low and high boundaries for computing mean and std.dev: (1, 1715)
[M::mem_pestat] mean and std.dev: (346.71, 229.38)
[M::mem_pestat] low and high boundaries for proper pairs: (1, 2212)
[M::mem_pestat] skip orientation RR as there are not enough pairs
[M::mem_pestat] skip orientation RF
[M::mem_process_seqs] Processed 29734 reads in 2.276 CPU sec, 1.110 real sec
[main] Version: 0.7.17-r1188
[main] CMD: bwa mem -t 2 SC2195/core/viral_reference SC2195/adapter_trimmed/SC2195_R1_val_1_posttrim_filter.fq.gz SC2195/adapter_trimmed/SC2195_R2_val_2_posttrim_filter.fq.gz
[main] Real time: 68.540 sec; CPU: 113.251 sec
[bam_sort_core] merging from 0 files and 2 in-memory blocks...
