Aligning contigs to reference...
	Aligning contigs to the reference
Filtering alignments...
Parsing coords...
Loading reference...
	Loaded [MN908947.3]
	Total Regions: 1
	Total Region Length: 29903
Analyzing contigs...
CONTIG: Consensus_SC2244.consensus_threshold_0.75_quality_20 (29891bp)
Best alignment score: 2810.0 (LEN: 2821, IDY: 99.61), Total number of alignments: 23
			Looking for the best set of alignments (out of 23 total alignments)
			The best set is below. Score: 18649.4, number of alignments: 23, unaligned bases: 11097
		This contig is misassembled.
			Real Alignment 1: 343 1623 | 343 1623 | 1281 1281 | 99.92 | MN908947.3 Consensus_SC2244.consensus_threshold_0.75_quality_20
			  Incorrectly estimated size of scaffold gap between these two alignments: gap length difference = 0 (local)
			Real Alignment 2: 1716 2242 | 1716 2242 | 527 527 | 100.0 | MN908947.3 Consensus_SC2244.consensus_threshold_0.75_quality_20
			  Incorrectly estimated size of scaffold gap between these two alignments: gap length difference = 0 (local)
			Real Alignment 3: 2851 4402 | 2851 4402 | 1552 1552 | 99.81 | MN908947.3 Consensus_SC2244.consensus_threshold_0.75_quality_20
			  Incorrectly estimated size of scaffold gap between these two alignments: gap length difference = 0 (local)
			Real Alignment 4: 4659 4990 | 4659 4990 | 332 332 | 100.0 | MN908947.3 Consensus_SC2244.consensus_threshold_0.75_quality_20
			  Incorrectly estimated size of scaffold gap between these two alignments: gap length difference = 0 (local)
			Real Alignment 5: 5288 7092 | 5288 7092 | 1805 1805 | 99.83 | MN908947.3 Consensus_SC2244.consensus_threshold_0.75_quality_20
			  Incorrectly estimated size of scaffold gap between these two alignments: gap length difference = 0 (local)
			Real Alignment 6: 7305 7671 | 7305 7671 | 367 367 | 100.0 | MN908947.3 Consensus_SC2244.consensus_threshold_0.75_quality_20
			  Incorrectly estimated size of scaffold gap between these two alignments: gap length difference = 0 (local)
			Real Alignment 7: 7969 8319 | 7969 8319 | 351 351 | 100.0 | MN908947.3 Consensus_SC2244.consensus_threshold_0.75_quality_20
			  Incorrectly estimated size of scaffold gap between these two alignments: gap length difference = 0 (local)
			Real Alignment 8: 9807 10737 | 9807 10737 | 931 931 | 100.0 | MN908947.3 Consensus_SC2244.consensus_threshold_0.75_quality_20
			  Incorrectly estimated size of scaffold gap between these two alignments: gap length difference = 0 (local)
			Real Alignment 9: 11023 12234 | 11023 12225 | 1212 1203 | 99.21 | MN908947.3 Consensus_SC2244.consensus_threshold_0.75_quality_20
			  Incorrectly estimated size of scaffold gap between these two alignments: gap length difference = 0 (local)
			Real Alignment 10: 12440 13074 | 12431 13065 | 635 635 | 100.0 | MN908947.3 Consensus_SC2244.consensus_threshold_0.75_quality_20
			  Incorrectly estimated size of scaffold gap between these two alignments: gap length difference = 0 (local)
			Real Alignment 11: 13439 13843 | 13430 13834 | 405 405 | 100.0 | MN908947.3 Consensus_SC2244.consensus_threshold_0.75_quality_20
			  Incorrectly estimated size of scaffold gap between these two alignments: gap length difference = 0 (local)
			Real Alignment 12: 13947 14898 | 13938 14888 | 952 951 | 99.68 | MN908947.3 Consensus_SC2244.consensus_threshold_0.75_quality_20
			  Incorrectly estimated size of scaffold gap between these two alignments: gap length difference = 0 (local)
			Real Alignment 13: 15194 15861 | 15184 15851 | 668 668 | 99.85 | MN908947.3 Consensus_SC2244.consensus_threshold_0.75_quality_20
			  Incorrectly estimated size of scaffold gap between these two alignments: gap length difference = 0 (local)
			Real Alignment 14: 16145 16485 | 16135 16475 | 341 341 | 99.71 | MN908947.3 Consensus_SC2244.consensus_threshold_0.75_quality_20
			  Incorrectly estimated size of scaffold gap between these two alignments: gap length difference = 0 (local)
			Real Alignment 15: 16771 17130 | 16761 17120 | 360 360 | 100.0 | MN908947.3 Consensus_SC2244.consensus_threshold_0.75_quality_20
			  Incorrectly estimated size of scaffold gap between these two alignments: gap length difference = 0 (local)
			Real Alignment 16: 18596 18980 | 18586 18970 | 385 385 | 100.0 | MN908947.3 Consensus_SC2244.consensus_threshold_0.75_quality_20
			  Incorrectly estimated size of scaffold gap between these two alignments: gap length difference = 0 (local)
			Real Alignment 17: 19571 21427 | 19561 21417 | 1857 1857 | 100.0 | MN908947.3 Consensus_SC2244.consensus_threshold_0.75_quality_20
			  Incorrectly estimated size of scaffold gap between these two alignments: gap length difference = 0 (local)
			Real Alignment 18: 21683 22013 | 21673 22003 | 331 331 | 100.0 | MN908947.3 Consensus_SC2244.consensus_threshold_0.75_quality_20
			  Incorrectly estimated size of scaffold gap between these two alignments: gap length difference = 0 (local)
			Real Alignment 19: 22291 22626 | 22281 22616 | 336 336 | 100.0 | MN908947.3 Consensus_SC2244.consensus_threshold_0.75_quality_20
			  Incorrectly estimated size of scaffold gap between these two alignments: gap length difference = 0 (local)
			Real Alignment 20: 23790 24145 | 23780 24134 | 356 355 | 99.72 | MN908947.3 Consensus_SC2244.consensus_threshold_0.75_quality_20
			  Incorrectly estimated size of scaffold gap between these two alignments: gap length difference = 0 (local)
			Real Alignment 21: 24697 25347 | 24686 25336 | 651 651 | 99.85 | MN908947.3 Consensus_SC2244.consensus_threshold_0.75_quality_20
			  Incorrectly estimated size of scaffold gap between these two alignments: gap length difference = 0 (local)
			Real Alignment 22: 26220 29041 | 26209 29029 | 2822 2821 | 99.61 | MN908947.3 Consensus_SC2244.consensus_threshold_0.75_quality_20
			  Incorrectly estimated size of scaffold gap between these two alignments: gap length difference = 0 (local)
			Real Alignment 23: 29317 29665 | 29305 29653 | 349 349 | 100.0 | MN908947.3 Consensus_SC2244.consensus_threshold_0.75_quality_20

Analyzing coverage...
Writing SNPs into /workspace/home/nasirja/covid-19-signal/subset_viral_7_results_dir/SC2244/quast/contigs_reports/minimap_output/SC2244-consensus.used_snps.gz

Analysis is finished!
Founded SNPs were written into /workspace/home/nasirja/covid-19-signal/subset_viral_7_results_dir/SC2244/quast/contigs_reports/minimap_output/SC2244-consensus.used_snps.gz

Results:
	Local Misassemblies: 0
	Misassemblies: 0
		Relocations: 0
		Translocations: 0
		Inversions: 0
	Scaffold gap extensive misassemblies: 0
	Scaffold gap local misassemblies: 22
	Misassembled Contigs: 0
	Misassembled Contig Bases: 0
	Misassemblies Inter-Contig Overlap: 0
Unaligned Contigs: 0 + 0 part
Half Unaligned Contigs with Misassemblies: 0
Unaligned Contig Bases: 0

Ambiguously Mapped Contigs: 0
Total Bases in Ambiguously Mapped Contigs: 0
Extra Bases in Ambiguously Mapped Contigs: 0
Note that --allow-ambiguity option was set to "one" and only first alignment per each of these contigs was used.

	Covered Bases: 18806

	SNPs: 22
	Insertions: 0
	Deletions: 12

