Path to Cutadapt set as: 'cutadapt' (default)
Cutadapt seems to be working fine (tested command 'cutadapt --version')
Cutadapt version: 4.1
Could not detect version of Python used by Cutadapt from the first line of Cutadapt (but found this: >>>#!/bin/sh<<<)
Letting the (modified) Cutadapt deal with the Python version instead
Parallel gzip (pigz) detected. Proceeding with multicore (de)compression using 2 cores

No quality encoding type selected. Assuming that the data provided uses Sanger encoded Phred scores (default)

Output will be written into the directory: /workspace/home/nasirja/covid-19-signal/subset_viral_7_results_dir/SC2271/adapter_trimmed/


AUTO-DETECTING ADAPTER TYPE
===========================
Attempting to auto-detect adapter type from the first 1 million sequences of the first file (>> SC2271/host_removal/SC2271_R1.fastq.gz <<)

Found perfect matches for the following adapter sequences:
Adapter type	Count	Sequence	Sequences analysed	Percentage
Illumina	13495	AGATCGGAAGAGC	810682	1.66
smallRNA	0	TGGAATTCTCGG	810682	0.00
Nextera	0	CTGTCTCTTATA	810682	0.00
Using Illumina adapter for trimming (count: 13495). Second best hit was smallRNA (count: 0)

Writing report to '/workspace/home/nasirja/covid-19-signal/subset_viral_7_results_dir/SC2271/adapter_trimmed/SC2271_R1.fastq.gz_trimming_report.txt'

SUMMARISING RUN PARAMETERS
==========================
Input filename: SC2271/host_removal/SC2271_R1.fastq.gz
Trimming mode: paired-end
Trim Galore version: 0.6.4_dev
Cutadapt version: 4.1
Python version: could not detect
Number of cores used for trimming: 2
Quality Phred score cutoff: 20
Quality encoding type selected: ASCII+33
Adapter sequence: 'AGATCGGAAGAGC' (Illumina TruSeq, Sanger iPCR; auto-detected)
Maximum trimming error rate: 0.1 (default)
Minimum required adapter overlap (stringency): 1 bp
Minimum required sequence length for both reads before a sequence pair gets removed: 20 bp
Running FastQC on the data once trimming has completed
Output file(s) will be GZIP compressed

Cutadapt seems to be fairly up-to-date (version 4.1). Setting -j 2
Writing final adapter and quality trimmed output to SC2271_R1_trimmed.fq.gz


  >>> Now performing quality (cutoff '-q 20') and adapter trimming in a single pass for the adapter sequence: 'AGATCGGAAGAGC' from file SC2271/host_removal/SC2271_R1.fastq.gz <<< 
This is cutadapt 4.1 with Python 3.9.13
Command line parameters: -j 2 -e 0.1 -q 20 -O 1 -a AGATCGGAAGAGC SC2271/host_removal/SC2271_R1.fastq.gz
Processing single-end reads on 2 cores ...
Finished in 30.42 s (38 µs/read; 1.60 M reads/minute).

=== Summary ===

Total reads processed:                 810,682
Reads with adapters:                   275,617 (34.0%)
Reads written (passing filters):       810,682 (100.0%)

Total basepairs processed:   203,481,182 bp
Quality-trimmed:               1,692,088 bp (0.8%)
Total written (filtered):    200,043,629 bp (98.3%)

=== Adapter 1 ===

Sequence: AGATCGGAAGAGC; Type: regular 3'; Length: 13; Trimmed: 275617 times

Minimum overlap: 1
No. of allowed errors:
1-9 bp: 0; 10-13 bp: 1

Bases preceding removed adapters:
  A: 36.9%
  C: 19.2%
  G: 11.7%
  T: 31.3%
  none/other: 0.9%

Overview of removed sequences
length	count	expect	max.err	error counts
1	186563	202670.5	0	186563
2	59200	50667.6	0	59200
3	6199	12666.9	0	6199
4	2410	3166.7	0	2410
5	98	791.7	0	98
6	193	197.9	0	193
7	3681	49.5	0	3681
8	109	12.4	0	109
9	237	3.1	0	237
10	170	0.8	1	163 7
11	81	0.2	1	74 7
12	158	0.0	1	151 7
13	101	0.0	1	94 7
14	60	0.0	1	53 7
15	93	0.0	1	89 4
16	42	0.0	1	38 4
17	86	0.0	1	79 7
18	77	0.0	1	70 7
19	54	0.0	1	50 4
20	71	0.0	1	66 5
21	62	0.0	1	55 7
22	66	0.0	1	61 5
23	72	0.0	1	70 2
24	676	0.0	1	649 27
25	189	0.0	1	177 12
26	57	0.0	1	47 10
27	84	0.0	1	75 9
28	157	0.0	1	142 15
29	69	0.0	1	62 7
30	120	0.0	1	109 11
31	66	0.0	1	60 6
32	93	0.0	1	85 8
33	31	0.0	1	26 5
34	147	0.0	1	133 14
35	26	0.0	1	22 4
36	71	0.0	1	58 13
37	458	0.0	1	433 25
38	65	0.0	1	56 9
39	160	0.0	1	148 12
40	25	0.0	1	22 3
41	148	0.0	1	139 9
42	65	0.0	1	62 3
43	136	0.0	1	133 3
44	43	0.0	1	41 2
45	88	0.0	1	85 3
46	51	0.0	1	42 9
47	70	0.0	1	61 9
48	47	0.0	1	39 8
49	70	0.0	1	66 4
50	58	0.0	1	53 5
51	87	0.0	1	79 8
52	75	0.0	1	67 8
53	62	0.0	1	53 9
54	98	0.0	1	84 14
55	85	0.0	1	74 11
56	27	0.0	1	24 3
57	56	0.0	1	52 4
58	47	0.0	1	46 1
59	70	0.0	1	70
60	66	0.0	1	63 3
61	62	0.0	1	60 2
62	61	0.0	1	59 2
63	59	0.0	1	59
64	38	0.0	1	34 4
65	54	0.0	1	51 3
66	72	0.0	1	64 8
67	39	0.0	1	35 4
68	57	0.0	1	50 7
69	76	0.0	1	65 11
70	75	0.0	1	70 5
71	93	0.0	1	88 5
72	125	0.0	1	106 19
73	199	0.0	1	151 48
74	384	0.0	1	287 97
75	779	0.0	1	533 246
76	1764	0.0	1	1538 226
77	1307	0.0	1	1125 182
78	757	0.0	1	646 111
79	447	0.0	1	361 86
80	324	0.0	1	255 69
81	250	0.0	1	203 47
82	164	0.0	1	127 37
83	117	0.0	1	86 31
84	130	0.0	1	95 35
85	115	0.0	1	89 26
86	85	0.0	1	65 20
87	78	0.0	1	60 18
88	78	0.0	1	62 16
89	99	0.0	1	79 20
90	50	0.0	1	35 15
91	60	0.0	1	46 14
92	42	0.0	1	34 8
93	63	0.0	1	49 14
94	207	0.0	1	189 18
95	63	0.0	1	51 12
96	102	0.0	1	90 12
97	49	0.0	1	37 12
98	30	0.0	1	25 5
99	32	0.0	1	25 7
100	27	0.0	1	23 4
101	36	0.0	1	28 8
102	28	0.0	1	18 10
103	22	0.0	1	17 5
104	20	0.0	1	8 12
105	47	0.0	1	39 8
106	25	0.0	1	14 11
107	23	0.0	1	18 5
108	23	0.0	1	17 6
109	23	0.0	1	19 4
110	27	0.0	1	17 10
111	40	0.0	1	27 13
112	24	0.0	1	17 7
113	35	0.0	1	27 8
114	34	0.0	1	25 9
115	22	0.0	1	18 4
116	29	0.0	1	17 12
117	26	0.0	1	18 8
118	17	0.0	1	14 3
119	16	0.0	1	10 6
120	14	0.0	1	6 8
121	17	0.0	1	13 4
122	20	0.0	1	15 5
123	42	0.0	1	30 12
124	25	0.0	1	13 12
125	19	0.0	1	12 7
126	22	0.0	1	13 9
127	39	0.0	1	31 8
128	13	0.0	1	10 3
129	21	0.0	1	15 6
130	18	0.0	1	9 9
131	20	0.0	1	12 8
132	17	0.0	1	10 7
133	26	0.0	1	15 11
134	26	0.0	1	17 9
135	22	0.0	1	10 12
136	14	0.0	1	7 7
137	17	0.0	1	11 6
138	6	0.0	1	3 3
139	16	0.0	1	6 10
140	9	0.0	1	4 5
141	36	0.0	1	28 8
142	20	0.0	1	12 8
143	18	0.0	1	9 9
144	13	0.0	1	8 5
145	23	0.0	1	15 8
146	28	0.0	1	20 8
147	36	0.0	1	23 13
148	21	0.0	1	10 11
149	20	0.0	1	18 2
150	18	0.0	1	8 10
151	26	0.0	1	15 11
152	13	0.0	1	11 2
153	30	0.0	1	25 5
154	34	0.0	1	30 4
155	30	0.0	1	18 12
156	68	0.0	1	57 11
157	45	0.0	1	36 9
158	22	0.0	1	16 6
159	38	0.0	1	32 6
160	53	0.0	1	42 11
161	40	0.0	1	26 14
162	52	0.0	1	42 10
163	29	0.0	1	20 9
164	52	0.0	1	40 12
165	21	0.0	1	19 2
166	56	0.0	1	51 5
167	37	0.0	1	30 7
168	30	0.0	1	24 6
169	31	0.0	1	27 4
170	26	0.0	1	14 12
171	11	0.0	1	6 5
172	49	0.0	1	43 6
173	23	0.0	1	16 7
174	24	0.0	1	19 5
175	36	0.0	1	25 11
176	28	0.0	1	21 7
177	27	0.0	1	16 11
178	19	0.0	1	12 7
179	24	0.0	1	17 7
180	19	0.0	1	17 2
181	22	0.0	1	20 2
182	10	0.0	1	3 7
183	7	0.0	1	4 3
184	17	0.0	1	12 5
185	38	0.0	1	34 4
186	9	0.0	1	5 4
187	8	0.0	1	7 1
188	4	0.0	1	1 3
189	1	0.0	1	1
190	18	0.0	1	10 8
191	10	0.0	1	7 3
192	15	0.0	1	10 5
193	13	0.0	1	9 4
194	6	0.0	1	3 3
195	7	0.0	1	3 4
196	5	0.0	1	4 1
197	6	0.0	1	3 3
198	6	0.0	1	5 1
199	5	0.0	1	4 1
200	10	0.0	1	7 3
201	4	0.0	1	3 1
202	7	0.0	1	5 2
203	10	0.0	1	8 2
204	4	0.0	1	2 2
205	5	0.0	1	5
206	7	0.0	1	7
207	4	0.0	1	1 3
208	11	0.0	1	8 3
209	10	0.0	1	9 1
210	16	0.0	1	15 1
211	5	0.0	1	4 1
212	13	0.0	1	8 5
213	9	0.0	1	9
214	9	0.0	1	6 3
215	8	0.0	1	6 2
216	2	0.0	1	2
217	6	0.0	1	6
218	2	0.0	1	0 2
219	1	0.0	1	1
220	2	0.0	1	1 1
221	1	0.0	1	1
222	4	0.0	1	4
223	1	0.0	1	1
224	1	0.0	1	0 1
225	1	0.0	1	1
226	2	0.0	1	1 1
227	2	0.0	1	2
228	4	0.0	1	3 1
229	2	0.0	1	1 1
230	1	0.0	1	0 1
231	1	0.0	1	0 1
233	2	0.0	1	1 1
234	1	0.0	1	0 1
235	1	0.0	1	0 1
236	4	0.0	1	2 2
237	2	0.0	1	0 2
238	1	0.0	1	1
239	2	0.0	1	0 2
240	2	0.0	1	1 1
242	4	0.0	1	1 3
244	1	0.0	1	0 1
245	2	0.0	1	0 2
246	3	0.0	1	0 3
247	5	0.0	1	1 4
248	6	0.0	1	0 6
249	19	0.0	1	0 19
250	31	0.0	1	1 30
251	554	0.0	1	0 554

RUN STATISTICS FOR INPUT FILE: SC2271/host_removal/SC2271_R1.fastq.gz
=============================================
810682 sequences processed in total
The length threshold of paired-end sequences gets evaluated later on (in the validation step)

Writing report to '/workspace/home/nasirja/covid-19-signal/subset_viral_7_results_dir/SC2271/adapter_trimmed/SC2271_R2.fastq.gz_trimming_report.txt'

SUMMARISING RUN PARAMETERS
==========================
Input filename: SC2271/host_removal/SC2271_R2.fastq.gz
Trimming mode: paired-end
Trim Galore version: 0.6.4_dev
Cutadapt version: 4.1
Python version: could not detect
Number of cores used for trimming: 2
Quality Phred score cutoff: 20
Quality encoding type selected: ASCII+33
Adapter sequence: 'AGATCGGAAGAGC' (Illumina TruSeq, Sanger iPCR; auto-detected)
Maximum trimming error rate: 0.1 (default)
Minimum required adapter overlap (stringency): 1 bp
Minimum required sequence length for both reads before a sequence pair gets removed: 20 bp
Running FastQC on the data once trimming has completed
Output file(s) will be GZIP compressed

Cutadapt seems to be fairly up-to-date (version 4.1). Setting -j -j 2
Writing final adapter and quality trimmed output to SC2271_R2_trimmed.fq.gz


  >>> Now performing quality (cutoff '-q 20') and adapter trimming in a single pass for the adapter sequence: 'AGATCGGAAGAGC' from file SC2271/host_removal/SC2271_R2.fastq.gz <<< 
This is cutadapt 4.1 with Python 3.9.13
Command line parameters: -j 2 -e 0.1 -q 20 -O 1 -a AGATCGGAAGAGC SC2271/host_removal/SC2271_R2.fastq.gz
Processing single-end reads on 2 cores ...
Finished in 29.32 s (36 µs/read; 1.66 M reads/minute).

=== Summary ===

Total reads processed:                 810,682
Reads with adapters:                   271,350 (33.5%)
Reads written (passing filters):       810,682 (100.0%)

Total basepairs processed:   203,481,182 bp
Quality-trimmed:               3,739,772 bp (1.8%)
Total written (filtered):    198,310,474 bp (97.5%)

=== Adapter 1 ===

Sequence: AGATCGGAAGAGC; Type: regular 3'; Length: 13; Trimmed: 271350 times

Minimum overlap: 1
No. of allowed errors:
1-9 bp: 0; 10-13 bp: 1

Bases preceding removed adapters:
  A: 40.5%
  C: 18.2%
  G: 11.0%
  T: 29.3%
  none/other: 1.1%

Overview of removed sequences
length	count	expect	max.err	error counts
1	191514	202670.5	0	191514
2	50153	50667.6	0	50153
3	7219	12666.9	0	7219
4	2259	3166.7	0	2259
5	108	791.7	0	108
6	160	197.9	0	160
7	3608	49.5	0	3608
8	85	12.4	0	85
9	214	3.1	0	213 1
10	192	0.8	1	183 9
11	50	0.2	1	43 7
12	158	0.0	1	142 16
13	34	0.0	1	29 5
14	129	0.0	1	114 15
15	48	0.0	1	43 5
16	48	0.0	1	44 4
17	116	0.0	1	112 4
18	29	0.0	1	23 6
19	95	0.0	1	91 4
20	48	0.0	1	45 3
21	8	0.0	1	8
22	66	0.0	1	60 6
23	85	0.0	1	75 10
24	811	0.0	1	765 46
25	27	0.0	1	20 7
26	109	0.0	1	99 10
27	115	0.0	1	104 11
28	159	0.0	1	146 13
29	40	0.0	1	33 7
30	198	0.0	1	188 10
31	31	0.0	1	25 6
32	88	0.0	1	79 9
33	98	0.0	1	88 10
34	76	0.0	1	67 9
35	176	0.0	1	159 17
36	400	0.0	1	366 34
37	247	0.0	1	225 22
38	204	0.0	1	182 22
39	104	0.0	1	90 14
40	191	0.0	1	167 24
41	346	0.0	1	307 39
42	474	0.0	1	386 88
43	742	0.0	1	668 74
44	731	0.0	1	625 106
45	778	0.0	1	725 53
46	346	0.0	1	312 34
47	366	0.0	1	335 31
48	207	0.0	1	191 16
49	127	0.0	1	117 10
50	95	0.0	1	82 13
51	125	0.0	1	108 17
52	90	0.0	1	80 10
53	111	0.0	1	94 17
54	164	0.0	1	151 13
55	87	0.0	1	67 20
56	180	0.0	1	126 54
57	351	0.0	1	333 18
58	122	0.0	1	114 8
59	60	0.0	1	47 13
60	100	0.0	1	91 9
61	31	0.0	1	25 6
62	20	0.0	1	17 3
63	25	0.0	1	22 3
64	16	0.0	1	12 4
65	18	0.0	1	18
66	14	0.0	1	11 3
67	9	0.0	1	8 1
68	10	0.0	1	8 2
69	9	0.0	1	6 3
70	13	0.0	1	11 2
71	14	0.0	1	12 2
72	14	0.0	1	12 2
73	15	0.0	1	13 2
74	30	0.0	1	25 5
75	51	0.0	1	40 11
76	50	0.0	1	35 15
77	58	0.0	1	40 18
78	129	0.0	1	84 45
79	217	0.0	1	118 99
80	436	0.0	1	266 170
81	639	0.0	1	390 249
82	518	0.0	1	323 195
83	397	0.0	1	252 145
84	305	0.0	1	183 122
85	197	0.0	1	107 90
86	149	0.0	1	76 73
87	116	0.0	1	69 47
88	104	0.0	1	52 52
89	77	0.0	1	45 32
90	54	0.0	1	25 29
91	38	0.0	1	22 16
92	35	0.0	1	21 14
93	50	0.0	1	29 21
94	194	0.0	1	157 37
95	40	0.0	1	28 12
96	59	0.0	1	46 13
97	41	0.0	1	24 17
98	24	0.0	1	14 10
99	17	0.0	1	11 6
100	20	0.0	1	12 8
101	21	0.0	1	16 5
102	21	0.0	1	16 5
103	22	0.0	1	13 9
104	12	0.0	1	6 6
105	34	0.0	1	28 6
106	14	0.0	1	8 6
107	16	0.0	1	13 3
108	8	0.0	1	5 3
109	15	0.0	1	5 10
110	12	0.0	1	4 8
111	23	0.0	1	16 7
112	15	0.0	1	7 8
113	19	0.0	1	11 8
114	11	0.0	1	6 5
115	21	0.0	1	8 13
116	8	0.0	1	3 5
117	21	0.0	1	14 7
118	5	0.0	1	2 3
119	10	0.0	1	2 8
120	10	0.0	1	3 7
121	16	0.0	1	6 10
122	13	0.0	1	3 10
123	26	0.0	1	19 7
124	12	0.0	1	6 6
125	13	0.0	1	1 12
126	11	0.0	1	6 5
127	32	0.0	1	24 8
128	17	0.0	1	6 11
129	8	0.0	1	5 3
130	14	0.0	1	5 9
131	15	0.0	1	4 11
132	7	0.0	1	3 4
133	15	0.0	1	7 8
134	20	0.0	1	9 11
135	5	0.0	1	2 3
136	10	0.0	1	5 5
137	10	0.0	1	3 7
138	6	0.0	1	3 3
139	12	0.0	1	4 8
140	4	0.0	1	2 2
141	23	0.0	1	19 4
142	8	0.0	1	2 6
143	9	0.0	1	6 3
144	6	0.0	1	0 6
145	14	0.0	1	8 6
146	12	0.0	1	6 6
147	18	0.0	1	13 5
148	8	0.0	1	5 3
149	13	0.0	1	10 3
150	8	0.0	1	3 5
151	18	0.0	1	13 5
152	10	0.0	1	5 5
153	26	0.0	1	16 10
154	28	0.0	1	22 6
155	11	0.0	1	6 5
156	35	0.0	1	26 9
157	13	0.0	1	10 3
158	17	0.0	1	11 6
159	23	0.0	1	21 2
160	36	0.0	1	32 4
161	29	0.0	1	21 8
162	32	0.0	1	27 5
163	16	0.0	1	13 3
164	27	0.0	1	23 4
165	17	0.0	1	9 8
166	24	0.0	1	18 6
167	25	0.0	1	21 4
168	16	0.0	1	14 2
169	15	0.0	1	11 4
170	13	0.0	1	9 4
171	11	0.0	1	7 4
172	31	0.0	1	28 3
173	15	0.0	1	12 3
174	10	0.0	1	10
175	27	0.0	1	24 3
176	15	0.0	1	13 2
177	14	0.0	1	11 3
178	6	0.0	1	5 1
179	8	0.0	1	8
180	9	0.0	1	9
181	15	0.0	1	13 2
182	2	0.0	1	2
183	8	0.0	1	6 2
184	4	0.0	1	3 1
185	34	0.0	1	31 3
186	2	0.0	1	2
187	4	0.0	1	4
188	10	0.0	1	10
189	2	0.0	1	2
190	16	0.0	1	15 1
191	2	0.0	1	2
192	13	0.0	1	13
193	6	0.0	1	4 2
194	1	0.0	1	0 1
195	5	0.0	1	5
197	5	0.0	1	5
198	2	0.0	1	2
199	1	0.0	1	1
200	2	0.0	1	1 1
201	2	0.0	1	2
202	2	0.0	1	1 1
203	3	0.0	1	3
204	2	0.0	1	1 1
206	3	0.0	1	3
207	4	0.0	1	4
208	10	0.0	1	9 1
209	6	0.0	1	6
210	7	0.0	1	6 1
211	10	0.0	1	10
212	6	0.0	1	6
213	1	0.0	1	1
214	7	0.0	1	6 1
215	4	0.0	1	4
216	3	0.0	1	2 1
217	2	0.0	1	2
218	1	0.0	1	1
219	1	0.0	1	0 1
221	1	0.0	1	1
222	1	0.0	1	1
229	2	0.0	1	2
232	1	0.0	1	1
233	1	0.0	1	1
235	1	0.0	1	0 1
240	1	0.0	1	1
244	1	0.0	1	0 1
245	2	0.0	1	0 2
247	2	0.0	1	0 2
248	1	0.0	1	0 1
249	3	0.0	1	0 3
250	19	0.0	1	0 19
251	471	0.0	1	0 471

RUN STATISTICS FOR INPUT FILE: SC2271/host_removal/SC2271_R2.fastq.gz
=============================================
810682 sequences processed in total
The length threshold of paired-end sequences gets evaluated later on (in the validation step)

Validate paired-end files SC2271_R1_trimmed.fq.gz and SC2271_R2_trimmed.fq.gz
file_1: SC2271_R1_trimmed.fq.gz, file_2: SC2271_R2_trimmed.fq.gz


>>>>> Now validing the length of the 2 paired-end infiles: SC2271_R1_trimmed.fq.gz and SC2271_R2_trimmed.fq.gz <<<<<
Writing validated paired-end Read 1 reads to SC2271_R1_val_1.fq.gz
Writing validated paired-end Read 2 reads to SC2271_R2_val_2.fq.gz

Total number of sequences analysed: 810682

Number of sequence pairs removed because at least one read was shorter than the length cutoff (20 bp): 5211 (0.64%)


  >>> Now running FastQC on the validated data SC2271_R1_val_1.fq.gz<<<

Started analysis of SC2271_R1_val_1.fq.gz
Approx 5% complete for SC2271_R1_val_1.fq.gz
Approx 10% complete for SC2271_R1_val_1.fq.gz
Approx 15% complete for SC2271_R1_val_1.fq.gz
Approx 20% complete for SC2271_R1_val_1.fq.gz
Approx 25% complete for SC2271_R1_val_1.fq.gz
Approx 30% complete for SC2271_R1_val_1.fq.gz
Approx 35% complete for SC2271_R1_val_1.fq.gz
Approx 40% complete for SC2271_R1_val_1.fq.gz
Approx 45% complete for SC2271_R1_val_1.fq.gz
Approx 50% complete for SC2271_R1_val_1.fq.gz
Approx 55% complete for SC2271_R1_val_1.fq.gz
Approx 60% complete for SC2271_R1_val_1.fq.gz
Approx 65% complete for SC2271_R1_val_1.fq.gz
Approx 70% complete for SC2271_R1_val_1.fq.gz
Approx 75% complete for SC2271_R1_val_1.fq.gz
Approx 80% complete for SC2271_R1_val_1.fq.gz
Approx 85% complete for SC2271_R1_val_1.fq.gz
Approx 90% complete for SC2271_R1_val_1.fq.gz
Approx 95% complete for SC2271_R1_val_1.fq.gz

  >>> Now running FastQC on the validated data SC2271_R2_val_2.fq.gz<<<

Started analysis of SC2271_R2_val_2.fq.gz
Approx 5% complete for SC2271_R2_val_2.fq.gz
Approx 10% complete for SC2271_R2_val_2.fq.gz
Approx 15% complete for SC2271_R2_val_2.fq.gz
Approx 20% complete for SC2271_R2_val_2.fq.gz
Approx 25% complete for SC2271_R2_val_2.fq.gz
Approx 30% complete for SC2271_R2_val_2.fq.gz
Approx 35% complete for SC2271_R2_val_2.fq.gz
Approx 40% complete for SC2271_R2_val_2.fq.gz
Approx 45% complete for SC2271_R2_val_2.fq.gz
Approx 50% complete for SC2271_R2_val_2.fq.gz
Approx 55% complete for SC2271_R2_val_2.fq.gz
Approx 60% complete for SC2271_R2_val_2.fq.gz
Approx 65% complete for SC2271_R2_val_2.fq.gz
Approx 70% complete for SC2271_R2_val_2.fq.gz
Approx 75% complete for SC2271_R2_val_2.fq.gz
Approx 80% complete for SC2271_R2_val_2.fq.gz
Approx 85% complete for SC2271_R2_val_2.fq.gz
Approx 90% complete for SC2271_R2_val_2.fq.gz
Approx 95% complete for SC2271_R2_val_2.fq.gz
Deleting both intermediate output files SC2271_R1_trimmed.fq.gz and SC2271_R2_trimmed.fq.gz

====================================================================================================

