Path to Cutadapt set as: 'cutadapt' (default)
Cutadapt seems to be working fine (tested command 'cutadapt --version')
Cutadapt version: 4.1
Could not detect version of Python used by Cutadapt from the first line of Cutadapt (but found this: >>>#!/bin/sh<<<)
Letting the (modified) Cutadapt deal with the Python version instead
Parallel gzip (pigz) detected. Proceeding with multicore (de)compression using 2 cores

No quality encoding type selected. Assuming that the data provided uses Sanger encoded Phred scores (default)

Output will be written into the directory: /workspace/home/nasirja/covid-19-signal/subset_viral_7_results_dir/SC2193/adapter_trimmed/


AUTO-DETECTING ADAPTER TYPE
===========================
Attempting to auto-detect adapter type from the first 1 million sequences of the first file (>> SC2193/host_removal/SC2193_R1.fastq.gz <<)

Found perfect matches for the following adapter sequences:
Adapter type	Count	Sequence	Sequences analysed	Percentage
Illumina	9387	AGATCGGAAGAGC	590313	1.59
Nextera	0	CTGTCTCTTATA	590313	0.00
smallRNA	0	TGGAATTCTCGG	590313	0.00
Using Illumina adapter for trimming (count: 9387). Second best hit was Nextera (count: 0)

Writing report to '/workspace/home/nasirja/covid-19-signal/subset_viral_7_results_dir/SC2193/adapter_trimmed/SC2193_R1.fastq.gz_trimming_report.txt'

SUMMARISING RUN PARAMETERS
==========================
Input filename: SC2193/host_removal/SC2193_R1.fastq.gz
Trimming mode: paired-end
Trim Galore version: 0.6.4_dev
Cutadapt version: 4.1
Python version: could not detect
Number of cores used for trimming: 2
Quality Phred score cutoff: 20
Quality encoding type selected: ASCII+33
Adapter sequence: 'AGATCGGAAGAGC' (Illumina TruSeq, Sanger iPCR; auto-detected)
Maximum trimming error rate: 0.1 (default)
Minimum required adapter overlap (stringency): 1 bp
Minimum required sequence length for both reads before a sequence pair gets removed: 20 bp
Running FastQC on the data once trimming has completed
Output file(s) will be GZIP compressed

Cutadapt seems to be fairly up-to-date (version 4.1). Setting -j 2
Writing final adapter and quality trimmed output to SC2193_R1_trimmed.fq.gz


  >>> Now performing quality (cutoff '-q 20') and adapter trimming in a single pass for the adapter sequence: 'AGATCGGAAGAGC' from file SC2193/host_removal/SC2193_R1.fastq.gz <<< 
This is cutadapt 4.1 with Python 3.9.13
Command line parameters: -j 2 -e 0.1 -q 20 -O 1 -a AGATCGGAAGAGC SC2193/host_removal/SC2193_R1.fastq.gz
Processing single-end reads on 2 cores ...
Finished in 21.91 s (37 µs/read; 1.62 M reads/minute).

=== Summary ===

Total reads processed:                 590,313
Reads with adapters:                   206,725 (35.0%)
Reads written (passing filters):       590,313 (100.0%)

Total basepairs processed:   148,168,563 bp
Quality-trimmed:                 891,531 bp (0.6%)
Total written (filtered):    146,179,665 bp (98.7%)

=== Adapter 1 ===

Sequence: AGATCGGAAGAGC; Type: regular 3'; Length: 13; Trimmed: 206725 times

Minimum overlap: 1
No. of allowed errors:
1-9 bp: 0; 10-13 bp: 1

Bases preceding removed adapters:
  A: 33.9%
  C: 21.4%
  G: 11.4%
  T: 32.9%
  none/other: 0.5%

Overview of removed sequences
length	count	expect	max.err	error counts
1	134270	147578.2	0	134270
2	47383	36894.6	0	47383
3	6147	9223.6	0	6147
4	2393	2305.9	0	2393
5	112	576.5	0	112
6	204	144.1	0	204
7	4732	36.0	0	4732
8	149	9.0	0	149
9	223	2.3	0	223
10	219	0.6	1	206 13
11	76	0.1	1	70 6
12	173	0.0	1	171 2
13	79	0.0	1	78 1
14	47	0.0	1	43 4
15	63	0.0	1	61 2
16	39	0.0	1	35 4
17	66	0.0	1	62 4
18	68	0.0	1	65 3
19	64	0.0	1	61 3
20	71	0.0	1	62 9
21	65	0.0	1	62 3
22	69	0.0	1	65 4
23	63	0.0	1	58 5
24	550	0.0	1	530 20
25	191	0.0	1	185 6
26	43	0.0	1	38 5
27	65	0.0	1	59 6
28	107	0.0	1	96 11
29	53	0.0	1	46 7
30	73	0.0	1	69 4
31	70	0.0	1	62 8
32	69	0.0	1	61 8
33	41	0.0	1	34 7
34	70	0.0	1	59 11
35	46	0.0	1	41 5
36	182	0.0	1	173 9
37	64	0.0	1	59 5
38	64	0.0	1	58 6
39	51	0.0	1	49 2
40	87	0.0	1	83 4
41	126	0.0	1	117 9
42	128	0.0	1	121 7
43	148	0.0	1	138 10
44	30	0.0	1	28 2
45	42	0.0	1	38 4
46	39	0.0	1	34 5
47	59	0.0	1	52 7
48	33	0.0	1	30 3
49	65	0.0	1	62 3
50	28	0.0	1	24 4
51	54	0.0	1	49 5
52	48	0.0	1	44 4
53	45	0.0	1	39 6
54	112	0.0	1	99 13
55	51	0.0	1	49 2
56	34	0.0	1	29 5
57	51	0.0	1	46 5
58	30	0.0	1	30
59	54	0.0	1	53 1
60	33	0.0	1	30 3
61	42	0.0	1	41 1
62	22	0.0	1	20 2
63	41	0.0	1	40 1
64	17	0.0	1	17
65	21	0.0	1	20 1
66	43	0.0	1	39 4
67	14	0.0	1	12 2
68	40	0.0	1	35 5
69	59	0.0	1	53 6
70	45	0.0	1	42 3
71	57	0.0	1	51 6
72	98	0.0	1	81 17
73	123	0.0	1	109 14
74	251	0.0	1	213 38
75	447	0.0	1	365 82
76	1122	0.0	1	1027 95
77	830	0.0	1	773 57
78	496	0.0	1	422 74
79	313	0.0	1	276 37
80	210	0.0	1	179 31
81	134	0.0	1	126 8
82	108	0.0	1	93 15
83	55	0.0	1	51 4
84	66	0.0	1	55 11
85	50	0.0	1	43 7
86	46	0.0	1	36 10
87	45	0.0	1	38 7
88	43	0.0	1	35 8
89	47	0.0	1	44 3
90	40	0.0	1	34 6
91	27	0.0	1	22 5
92	23	0.0	1	18 5
93	38	0.0	1	30 8
94	229	0.0	1	217 12
95	43	0.0	1	40 3
96	69	0.0	1	64 5
97	40	0.0	1	39 1
98	18	0.0	1	15 3
99	17	0.0	1	16 1
100	11	0.0	1	9 2
101	16	0.0	1	12 4
102	13	0.0	1	12 1
103	17	0.0	1	16 1
104	13	0.0	1	11 2
105	22	0.0	1	17 5
106	13	0.0	1	9 4
107	17	0.0	1	11 6
108	20	0.0	1	16 4
109	14	0.0	1	9 5
110	14	0.0	1	11 3
111	14	0.0	1	12 2
112	10	0.0	1	5 5
113	18	0.0	1	13 5
114	15	0.0	1	11 4
115	11	0.0	1	6 5
116	11	0.0	1	9 2
117	20	0.0	1	17 3
118	6	0.0	1	2 4
119	5	0.0	1	3 2
120	13	0.0	1	7 6
121	11	0.0	1	8 3
122	12	0.0	1	7 5
123	12	0.0	1	10 2
124	7	0.0	1	7
125	8	0.0	1	5 3
126	9	0.0	1	7 2
127	23	0.0	1	19 4
128	8	0.0	1	7 1
129	5	0.0	1	3 2
130	6	0.0	1	4 2
131	5	0.0	1	3 2
132	5	0.0	1	2 3
133	9	0.0	1	7 2
134	15	0.0	1	6 9
135	7	0.0	1	2 5
136	9	0.0	1	8 1
137	6	0.0	1	4 2
138	12	0.0	1	6 6
139	7	0.0	1	5 2
140	2	0.0	1	0 2
141	31	0.0	1	31
142	3	0.0	1	3
143	8	0.0	1	3 5
144	6	0.0	1	3 3
145	9	0.0	1	4 5
146	11	0.0	1	7 4
147	10	0.0	1	6 4
148	3	0.0	1	2 1
149	9	0.0	1	7 2
150	9	0.0	1	5 4
151	15	0.0	1	11 4
152	4	0.0	1	3 1
153	16	0.0	1	12 4
154	21	0.0	1	19 2
155	14	0.0	1	13 1
156	32	0.0	1	28 4
157	6	0.0	1	6
158	21	0.0	1	18 3
159	26	0.0	1	23 3
160	30	0.0	1	28 2
161	14	0.0	1	11 3
162	24	0.0	1	18 6
163	21	0.0	1	16 5
164	20	0.0	1	17 3
165	12	0.0	1	5 7
166	22	0.0	1	19 3
167	27	0.0	1	24 3
168	27	0.0	1	22 5
169	23	0.0	1	20 3
170	17	0.0	1	13 4
171	4	0.0	1	4
172	17	0.0	1	13 4
173	12	0.0	1	9 3
174	16	0.0	1	11 5
175	14	0.0	1	13 1
176	14	0.0	1	12 2
177	8	0.0	1	6 2
178	5	0.0	1	4 1
179	7	0.0	1	7
180	16	0.0	1	14 2
181	13	0.0	1	8 5
182	5	0.0	1	2 3
183	2	0.0	1	2
184	6	0.0	1	2 4
185	28	0.0	1	24 4
186	5	0.0	1	2 3
187	7	0.0	1	7
188	3	0.0	1	1 2
189	5	0.0	1	3 2
190	7	0.0	1	5 2
191	3	0.0	1	2 1
192	5	0.0	1	4 1
193	6	0.0	1	6
194	2	0.0	1	1 1
195	2	0.0	1	0 2
196	2	0.0	1	0 2
197	3	0.0	1	3
198	3	0.0	1	2 1
199	2	0.0	1	0 2
200	1	0.0	1	1
201	4	0.0	1	2 2
202	1	0.0	1	1
203	5	0.0	1	3 2
205	2	0.0	1	1 1
206	2	0.0	1	1 1
207	3	0.0	1	2 1
208	5	0.0	1	4 1
209	2	0.0	1	2
210	1	0.0	1	1
211	1	0.0	1	1
212	1	0.0	1	1
214	3	0.0	1	2 1
215	1	0.0	1	1
216	1	0.0	1	1
217	2	0.0	1	2
218	2	0.0	1	2
219	1	0.0	1	0 1
220	1	0.0	1	1
221	1	0.0	1	0 1
222	4	0.0	1	1 3
223	2	0.0	1	1 1
224	4	0.0	1	2 2
225	2	0.0	1	2
226	1	0.0	1	1
227	2	0.0	1	2
228	1	0.0	1	0 1
229	2	0.0	1	2
230	4	0.0	1	4
231	1	0.0	1	1
232	1	0.0	1	1
233	2	0.0	1	2
236	2	0.0	1	1 1
237	1	0.0	1	1
238	2	0.0	1	1 1
239	1	0.0	1	0 1
240	2	0.0	1	0 2
241	2	0.0	1	2
242	1	0.0	1	0 1
243	2	0.0	1	0 2
244	2	0.0	1	2
246	1	0.0	1	0 1
247	2	0.0	1	0 2
249	5	0.0	1	0 5
250	6	0.0	1	0 6
251	206	0.0	1	0 206

RUN STATISTICS FOR INPUT FILE: SC2193/host_removal/SC2193_R1.fastq.gz
=============================================
590313 sequences processed in total
The length threshold of paired-end sequences gets evaluated later on (in the validation step)

Writing report to '/workspace/home/nasirja/covid-19-signal/subset_viral_7_results_dir/SC2193/adapter_trimmed/SC2193_R2.fastq.gz_trimming_report.txt'

SUMMARISING RUN PARAMETERS
==========================
Input filename: SC2193/host_removal/SC2193_R2.fastq.gz
Trimming mode: paired-end
Trim Galore version: 0.6.4_dev
Cutadapt version: 4.1
Python version: could not detect
Number of cores used for trimming: 2
Quality Phred score cutoff: 20
Quality encoding type selected: ASCII+33
Adapter sequence: 'AGATCGGAAGAGC' (Illumina TruSeq, Sanger iPCR; auto-detected)
Maximum trimming error rate: 0.1 (default)
Minimum required adapter overlap (stringency): 1 bp
Minimum required sequence length for both reads before a sequence pair gets removed: 20 bp
Running FastQC on the data once trimming has completed
Output file(s) will be GZIP compressed

Cutadapt seems to be fairly up-to-date (version 4.1). Setting -j -j 2
Writing final adapter and quality trimmed output to SC2193_R2_trimmed.fq.gz


  >>> Now performing quality (cutoff '-q 20') and adapter trimming in a single pass for the adapter sequence: 'AGATCGGAAGAGC' from file SC2193/host_removal/SC2193_R2.fastq.gz <<< 
This is cutadapt 4.1 with Python 3.9.13
Command line parameters: -j 2 -e 0.1 -q 20 -O 1 -a AGATCGGAAGAGC SC2193/host_removal/SC2193_R2.fastq.gz
Processing single-end reads on 2 cores ...
Finished in 22.58 s (38 µs/read; 1.57 M reads/minute).

=== Summary ===

Total reads processed:                 590,313
Reads with adapters:                   201,986 (34.2%)
Reads written (passing filters):       590,313 (100.0%)

Total basepairs processed:   148,168,563 bp
Quality-trimmed:               1,998,892 bp (1.3%)
Total written (filtered):    145,216,763 bp (98.0%)

=== Adapter 1 ===

Sequence: AGATCGGAAGAGC; Type: regular 3'; Length: 13; Trimmed: 201986 times

Minimum overlap: 1
No. of allowed errors:
1-9 bp: 0; 10-13 bp: 1

Bases preceding removed adapters:
  A: 37.1%
  C: 19.7%
  G: 11.3%
  T: 31.3%
  none/other: 0.6%

Overview of removed sequences
length	count	expect	max.err	error counts
1	134665	147578.2	0	134665
2	42769	36894.6	0	42769
3	7124	9223.6	0	7124
4	1645	2305.9	0	1645
5	104	576.5	0	104
6	183	144.1	0	183
7	4748	36.0	0	4748
8	92	9.0	0	92
9	209	2.3	0	209
10	224	0.6	1	213 11
11	42	0.1	1	39 3
12	201	0.0	1	193 8
13	22	0.0	1	19 3
14	99	0.0	1	93 6
15	40	0.0	1	33 7
16	41	0.0	1	39 2
17	97	0.0	1	93 4
18	22	0.0	1	20 2
19	94	0.0	1	90 4
20	49	0.0	1	48 1
21	11	0.0	1	11
22	57	0.0	1	54 3
23	78	0.0	1	66 12
24	702	0.0	1	669 33
25	24	0.0	1	18 6
26	78	0.0	1	76 2
27	75	0.0	1	72 3
28	114	0.0	1	106 8
29	16	0.0	1	12 4
30	126	0.0	1	122 4
31	16	0.0	1	14 2
32	66	0.0	1	63 3
33	52	0.0	1	47 5
34	42	0.0	1	37 5
35	71	0.0	1	65 6
36	259	0.0	1	247 12
37	103	0.0	1	98 5
38	46	0.0	1	43 3
39	49	0.0	1	47 2
40	95	0.0	1	90 5
41	153	0.0	1	147 6
42	359	0.0	1	353 6
43	107	0.0	1	105 2
44	217	0.0	1	214 3
45	220	0.0	1	210 10
46	154	0.0	1	147 7
47	252	0.0	1	247 5
48	149	0.0	1	147 2
49	88	0.0	1	82 6
50	66	0.0	1	64 2
51	53	0.0	1	51 2
52	30	0.0	1	28 2
53	83	0.0	1	77 6
54	179	0.0	1	177 2
55	46	0.0	1	43 3
56	121	0.0	1	116 5
57	332	0.0	1	323 9
58	189	0.0	1	188 1
59	31	0.0	1	31
60	138	0.0	1	136 2
61	47	0.0	1	45 2
62	27	0.0	1	25 2
63	101	0.0	1	99 2
64	54	0.0	1	51 3
65	20	0.0	1	19 1
66	12	0.0	1	12
67	17	0.0	1	15 2
68	29	0.0	1	29
69	25	0.0	1	25
70	18	0.0	1	18
71	22	0.0	1	21 1
72	28	0.0	1	26 2
73	30	0.0	1	30
74	57	0.0	1	46 11
75	62	0.0	1	56 6
76	110	0.0	1	92 18
77	175	0.0	1	138 37
78	243	0.0	1	188 55
79	427	0.0	1	293 134
80	633	0.0	1	483 150
81	402	0.0	1	307 95
82	223	0.0	1	154 69
83	130	0.0	1	86 44
84	71	0.0	1	45 26
85	47	0.0	1	29 18
86	35	0.0	1	21 14
87	27	0.0	1	17 10
88	23	0.0	1	17 6
89	23	0.0	1	19 4
90	33	0.0	1	21 12
91	14	0.0	1	9 5
92	20	0.0	1	9 11
93	20	0.0	1	14 6
94	147	0.0	1	134 13
95	31	0.0	1	25 6
96	45	0.0	1	35 10
97	24	0.0	1	21 3
98	13	0.0	1	10 3
99	14	0.0	1	7 7
100	11	0.0	1	7 4
101	6	0.0	1	4 2
102	7	0.0	1	6 1
103	9	0.0	1	5 4
104	11	0.0	1	9 2
105	16	0.0	1	13 3
106	4	0.0	1	2 2
107	7	0.0	1	4 3
108	8	0.0	1	4 4
109	7	0.0	1	4 3
110	8	0.0	1	6 2
111	7	0.0	1	2 5
112	8	0.0	1	6 2
113	7	0.0	1	4 3
114	5	0.0	1	4 1
115	7	0.0	1	3 4
116	5	0.0	1	2 3
117	20	0.0	1	19 1
118	5	0.0	1	3 2
119	4	0.0	1	3 1
120	5	0.0	1	3 2
121	5	0.0	1	2 3
122	6	0.0	1	2 4
123	9	0.0	1	6 3
124	9	0.0	1	5 4
125	6	0.0	1	2 4
126	5	0.0	1	3 2
127	21	0.0	1	13 8
128	5	0.0	1	3 2
129	6	0.0	1	4 2
130	1	0.0	1	0 1
131	8	0.0	1	6 2
132	2	0.0	1	1 1
133	6	0.0	1	3 3
134	6	0.0	1	4 2
135	3	0.0	1	1 2
136	6	0.0	1	3 3
137	4	0.0	1	3 1
138	2	0.0	1	1 1
139	5	0.0	1	2 3
140	2	0.0	1	0 2
141	15	0.0	1	14 1
142	6	0.0	1	3 3
144	8	0.0	1	3 5
145	9	0.0	1	4 5
146	11	0.0	1	7 4
147	9	0.0	1	6 3
148	5	0.0	1	3 2
149	5	0.0	1	5
150	5	0.0	1	1 4
151	9	0.0	1	4 5
152	6	0.0	1	5 1
153	8	0.0	1	6 2
154	8	0.0	1	7 1
155	9	0.0	1	5 4
156	31	0.0	1	24 7
157	14	0.0	1	11 3
158	12	0.0	1	9 3
159	12	0.0	1	11 1
160	21	0.0	1	20 1
161	12	0.0	1	9 3
162	14	0.0	1	11 3
163	15	0.0	1	11 4
164	15	0.0	1	14 1
165	5	0.0	1	2 3
166	10	0.0	1	9 1
167	17	0.0	1	16 1
168	12	0.0	1	10 2
169	11	0.0	1	11
170	16	0.0	1	16
171	5	0.0	1	4 1
172	9	0.0	1	8 1
173	7	0.0	1	6 1
174	6	0.0	1	6
175	7	0.0	1	7
176	12	0.0	1	10 2
177	6	0.0	1	5 1
178	4	0.0	1	4
179	1	0.0	1	1
180	10	0.0	1	10
181	2	0.0	1	2
182	1	0.0	1	1
183	4	0.0	1	1 3
184	1	0.0	1	1
185	17	0.0	1	17
186	3	0.0	1	2 1
187	5	0.0	1	4 1
189	1	0.0	1	1
190	6	0.0	1	6
191	2	0.0	1	2
192	5	0.0	1	5
193	3	0.0	1	3
194	1	0.0	1	1
195	3	0.0	1	1 2
196	2	0.0	1	2
197	2	0.0	1	2
198	4	0.0	1	3 1
199	1	0.0	1	1
200	2	0.0	1	1 1
203	1	0.0	1	1
207	1	0.0	1	1
208	6	0.0	1	5 1
209	2	0.0	1	2
210	2	0.0	1	2
212	1	0.0	1	1
215	2	0.0	1	2
217	4	0.0	1	3 1
218	2	0.0	1	1 1
221	1	0.0	1	1
222	2	0.0	1	2
223	1	0.0	1	1
226	1	0.0	1	1
227	1	0.0	1	1
228	3	0.0	1	2 1
229	2	0.0	1	2
230	2	0.0	1	2
231	1	0.0	1	1
233	2	0.0	1	2
235	1	0.0	1	1
236	1	0.0	1	0 1
238	1	0.0	1	1
241	2	0.0	1	0 2
243	1	0.0	1	1
244	2	0.0	1	2
245	1	0.0	1	1
247	2	0.0	1	0 2
248	1	0.0	1	0 1
249	2	0.0	1	1 1
250	4	0.0	1	0 4
251	189	0.0	1	0 189

RUN STATISTICS FOR INPUT FILE: SC2193/host_removal/SC2193_R2.fastq.gz
=============================================
590313 sequences processed in total
The length threshold of paired-end sequences gets evaluated later on (in the validation step)

Validate paired-end files SC2193_R1_trimmed.fq.gz and SC2193_R2_trimmed.fq.gz
file_1: SC2193_R1_trimmed.fq.gz, file_2: SC2193_R2_trimmed.fq.gz


>>>>> Now validing the length of the 2 paired-end infiles: SC2193_R1_trimmed.fq.gz and SC2193_R2_trimmed.fq.gz <<<<<
Writing validated paired-end Read 1 reads to SC2193_R1_val_1.fq.gz
Writing validated paired-end Read 2 reads to SC2193_R2_val_2.fq.gz

Total number of sequences analysed: 590313

Number of sequence pairs removed because at least one read was shorter than the length cutoff (20 bp): 2614 (0.44%)


  >>> Now running FastQC on the validated data SC2193_R1_val_1.fq.gz<<<

Started analysis of SC2193_R1_val_1.fq.gz
Approx 5% complete for SC2193_R1_val_1.fq.gz
Approx 10% complete for SC2193_R1_val_1.fq.gz
Approx 15% complete for SC2193_R1_val_1.fq.gz
Approx 20% complete for SC2193_R1_val_1.fq.gz
Approx 25% complete for SC2193_R1_val_1.fq.gz
Approx 30% complete for SC2193_R1_val_1.fq.gz
Approx 35% complete for SC2193_R1_val_1.fq.gz
Approx 40% complete for SC2193_R1_val_1.fq.gz
Approx 45% complete for SC2193_R1_val_1.fq.gz
Approx 50% complete for SC2193_R1_val_1.fq.gz
Approx 55% complete for SC2193_R1_val_1.fq.gz
Approx 60% complete for SC2193_R1_val_1.fq.gz
Approx 65% complete for SC2193_R1_val_1.fq.gz
Approx 70% complete for SC2193_R1_val_1.fq.gz
Approx 75% complete for SC2193_R1_val_1.fq.gz
Approx 80% complete for SC2193_R1_val_1.fq.gz
Approx 85% complete for SC2193_R1_val_1.fq.gz
Approx 90% complete for SC2193_R1_val_1.fq.gz
Approx 95% complete for SC2193_R1_val_1.fq.gz

  >>> Now running FastQC on the validated data SC2193_R2_val_2.fq.gz<<<

Started analysis of SC2193_R2_val_2.fq.gz
Approx 5% complete for SC2193_R2_val_2.fq.gz
Approx 10% complete for SC2193_R2_val_2.fq.gz
Approx 15% complete for SC2193_R2_val_2.fq.gz
Approx 20% complete for SC2193_R2_val_2.fq.gz
Approx 25% complete for SC2193_R2_val_2.fq.gz
Approx 30% complete for SC2193_R2_val_2.fq.gz
Approx 35% complete for SC2193_R2_val_2.fq.gz
Approx 40% complete for SC2193_R2_val_2.fq.gz
Approx 45% complete for SC2193_R2_val_2.fq.gz
Approx 50% complete for SC2193_R2_val_2.fq.gz
Approx 55% complete for SC2193_R2_val_2.fq.gz
Approx 60% complete for SC2193_R2_val_2.fq.gz
Approx 65% complete for SC2193_R2_val_2.fq.gz
Approx 70% complete for SC2193_R2_val_2.fq.gz
Approx 75% complete for SC2193_R2_val_2.fq.gz
Approx 80% complete for SC2193_R2_val_2.fq.gz
Approx 85% complete for SC2193_R2_val_2.fq.gz
Approx 90% complete for SC2193_R2_val_2.fq.gz
Approx 95% complete for SC2193_R2_val_2.fq.gz
Deleting both intermediate output files SC2193_R1_trimmed.fq.gz and SC2193_R2_trimmed.fq.gz

====================================================================================================

