[M::bwa_idx_load_from_disk] read 0 ALT contigs
[M::process] read 82382 sequences (20000389 bp)...
[M::process] read 82376 sequences (20000201 bp)...
[M::mem_pestat] # candidate unique pairs for (FF, FR, RF, RR): (7, 39220, 81, 9)
[M::mem_pestat] skip orientation FF as there are not enough pairs
[M::mem_pestat] analyzing insert size distribution for orientation FR...
[M::mem_pestat] (25, 50, 75) percentile: (381, 386, 393)
[M::mem_pestat] low and high boundaries for computing mean and std.dev: (357, 417)
[M::mem_pestat] mean and std.dev: (388.70, 9.83)
[M::mem_pestat] low and high boundaries for proper pairs: (345, 429)
[M::mem_pestat] analyzing insert size distribution for orientation RF...
[M::mem_pestat] (25, 50, 75) percentile: (218, 242, 848)
[M::mem_pestat] low and high boundaries for computing mean and std.dev: (1, 2108)
[M::mem_pestat] mean and std.dev: (469.01, 392.51)
[M::mem_pestat] low and high boundaries for proper pairs: (1, 2738)
[M::mem_pestat] skip orientation RR as there are not enough pairs
[M::mem_pestat] skip orientation RF
[M::mem_process_seqs] Processed 82382 reads in 5.902 CPU sec, 2.813 real sec
[M::mem_pestat] # candidate unique pairs for (FF, FR, RF, RR): (7, 39239, 58, 5)
[M::mem_pestat] skip orientation FF as there are not enough pairs
[M::mem_pestat] analyzing insert size distribution for orientation FR...
[M::mem_pestat] (25, 50, 75) percentile: (380, 386, 393)
[M::mem_pestat] low and high boundaries for computing mean and std.dev: (354, 419)
[M::mem_pestat] mean and std.dev: (388.83, 10.76)
[M::mem_pestat] low and high boundaries for proper pairs: (341, 432)
[M::mem_pestat] analyzing insert size distribution for orientation RF...
[M::mem_pestat] (25, 50, 75) percentile: (218, 241, 848)
[M::mem_pestat] low and high boundaries for computing mean and std.dev: (1, 2108)
[M::mem_pestat] mean and std.dev: (416.84, 361.00)
[M::mem_pestat] low and high boundaries for proper pairs: (1, 2738)
[M::mem_pestat] skip orientation RR as there are not enough pairs
[M::mem_pestat] skip orientation RF
[M::mem_process_seqs] Processed 82376 reads in 6.165 CPU sec, 2.992 real sec
[M::process] read 82342 sequences (20000423 bp)...
[M::mem_pestat] # candidate unique pairs for (FF, FR, RF, RR): (14, 39241, 85, 13)
[M::mem_pestat] analyzing insert size distribution for orientation FF...
[M::mem_pestat] (25, 50, 75) percentile: (1884, 4004, 5269)
[M::mem_pestat] low and high boundaries for computing mean and std.dev: (1, 12039)
[M::mem_pestat] mean and std.dev: (4039.21, 2422.31)
[M::mem_pestat] low and high boundaries for proper pairs: (1, 15424)
[M::mem_pestat] analyzing insert size distribution for orientation FR...
[M::mem_pestat] (25, 50, 75) percentile: (380, 386, 393)
[M::mem_pestat] low and high boundaries for computing mean and std.dev: (354, 419)
[M::mem_pestat] mean and std.dev: (389.03, 10.61)
[M::mem_pestat] low and high boundaries for proper pairs: (341, 432)
[M::mem_pestat] analyzing insert size distribution for orientation RF...
[M::mem_pestat] (25, 50, 75) percentile: (218, 242, 848)
[M::mem_pestat] low and high boundaries for computing mean and std.dev: (1, 2108)
[M::mem_pestat] mean and std.dev: (475.76, 341.00)
[M::mem_pestat] low and high boundaries for proper pairs: (1, 2738)
[M::mem_pestat] analyzing insert size distribution for orientation RR...
[M::mem_pestat] (25, 50, 75) percentile: (2057, 4226, 4521)
[M::mem_pestat] low and high boundaries for computing mean and std.dev: (1, 9449)
[M::mem_pestat] mean and std.dev: (3950.08, 2193.17)
[M::mem_pestat] low and high boundaries for proper pairs: (1, 12723)
[M::mem_pestat] skip orientation FF
[M::mem_pestat] skip orientation RF
[M::mem_pestat] skip orientation RR
[M::mem_process_seqs] Processed 82342 reads in 6.275 CPU sec, 2.995 real sec
[M::process] read 82314 sequences (20000344 bp)...
[M::mem_pestat] # candidate unique pairs for (FF, FR, RF, RR): (8, 39211, 52, 10)
[M::mem_pestat] skip orientation FF as there are not enough pairs
[M::mem_pestat] analyzing insert size distribution for orientation FR...
[M::mem_pestat] (25, 50, 75) percentile: (380, 386, 393)
[M::mem_pestat] low and high boundaries for computing mean and std.dev: (354, 419)
[M::mem_pestat] mean and std.dev: (389.12, 10.67)
[M::mem_pestat] low and high boundaries for proper pairs: (341, 432)
[M::mem_pestat] analyzing insert size distribution for orientation RF...
[M::mem_pestat] (25, 50, 75) percentile: (218, 242, 848)
[M::mem_pestat] low and high boundaries for computing mean and std.dev: (1, 2108)
[M::mem_pestat] mean and std.dev: (451.73, 324.16)
[M::mem_pestat] low and high boundaries for proper pairs: (1, 2738)
[M::mem_pestat] analyzing insert size distribution for orientation RR...
[M::mem_pestat] (25, 50, 75) percentile: (2057, 4226, 8998)
[M::mem_pestat] low and high boundaries for computing mean and std.dev: (1, 22880)
[M::mem_pestat] mean and std.dev: (4627.20, 3065.52)
[M::mem_pestat] low and high boundaries for proper pairs: (1, 29821)
[M::mem_pestat] skip orientation RF
[M::mem_pestat] skip orientation RR
[M::mem_process_seqs] Processed 82314 reads in 5.953 CPU sec, 2.924 real sec
[M::process] read 82302 sequences (20000008 bp)...
[M::mem_pestat] # candidate unique pairs for (FF, FR, RF, RR): (4, 39228, 79, 7)
[M::mem_pestat] skip orientation FF as there are not enough pairs
[M::mem_pestat] analyzing insert size distribution for orientation FR...
[M::mem_pestat] (25, 50, 75) percentile: (380, 386, 393)
[M::mem_pestat] low and high boundaries for computing mean and std.dev: (354, 419)
[M::mem_pestat] mean and std.dev: (389.11, 10.74)
[M::mem_pestat] low and high boundaries for proper pairs: (341, 432)
[M::mem_pestat] analyzing insert size distribution for orientation RF...
[M::mem_pestat] (25, 50, 75) percentile: (167, 241, 848)
[M::mem_pestat] low and high boundaries for computing mean and std.dev: (1, 2210)
[M::mem_pestat] mean and std.dev: (439.38, 407.67)
[M::mem_pestat] low and high boundaries for proper pairs: (1, 2891)
[M::mem_pestat] skip orientation RR as there are not enough pairs
[M::mem_pestat] skip orientation RF
[M::mem_process_seqs] Processed 82302 reads in 6.718 CPU sec, 3.221 real sec
[M::process] read 82252 sequences (20000454 bp)...
[M::mem_pestat] # candidate unique pairs for (FF, FR, RF, RR): (4, 39191, 88, 8)
[M::mem_pestat] skip orientation FF as there are not enough pairs
[M::mem_pestat] analyzing insert size distribution for orientation FR...
[M::mem_pestat] (25, 50, 75) percentile: (381, 386, 393)
[M::mem_pestat] low and high boundaries for computing mean and std.dev: (357, 417)
[M::mem_pestat] mean and std.dev: (388.61, 9.76)
[M::mem_pestat] low and high boundaries for proper pairs: (345, 429)
[M::mem_pestat] analyzing insert size distribution for orientation RF...
[M::mem_pestat] (25, 50, 75) percentile: (218, 241, 848)
[M::mem_pestat] low and high boundaries for computing mean and std.dev: (1, 2108)
[M::mem_pestat] mean and std.dev: (431.46, 346.23)
[M::mem_pestat] low and high boundaries for proper pairs: (1, 2738)
[M::mem_pestat] skip orientation RR as there are not enough pairs
[M::mem_pestat] skip orientation RF
[M::mem_process_seqs] Processed 82252 reads in 6.658 CPU sec, 3.176 real sec
[M::process] read 82120 sequences (20000328 bp)...
[M::mem_pestat] # candidate unique pairs for (FF, FR, RF, RR): (12, 39202, 69, 6)
[M::mem_pestat] analyzing insert size distribution for orientation FF...
[M::mem_pestat] (25, 50, 75) percentile: (1621, 1892, 4061)
[M::mem_pestat] low and high boundaries for computing mean and std.dev: (1, 8941)
[M::mem_pestat] mean and std.dev: (2694.33, 1864.50)
[M::mem_pestat] low and high boundaries for proper pairs: (1, 11381)
[M::mem_pestat] analyzing insert size distribution for orientation FR...
[M::mem_pestat] (25, 50, 75) percentile: (380, 386, 393)
[M::mem_pestat] low and high boundaries for computing mean and std.dev: (354, 419)
[M::mem_pestat] mean and std.dev: (388.53, 10.81)
[M::mem_pestat] low and high boundaries for proper pairs: (341, 432)
[M::mem_pestat] analyzing insert size distribution for orientation RF...
[M::mem_pestat] (25, 50, 75) percentile: (218, 241, 848)
[M::mem_pestat] low and high boundaries for computing mean and std.dev: (1, 2108)
[M::mem_pestat] mean and std.dev: (446.78, 374.85)
[M::mem_pestat] low and high boundaries for proper pairs: (1, 2738)
[M::mem_pestat] skip orientation RR as there are not enough pairs
[M::mem_pestat] skip orientation FF
[M::mem_pestat] skip orientation RF
[M::process] read 82122 sequences (20000075 bp)...
[M::mem_process_seqs] Processed 82120 reads in 7.351 CPU sec, 3.440 real sec
[M::mem_pestat] # candidate unique pairs for (FF, FR, RF, RR): (6, 39169, 75, 13)
[M::mem_pestat] skip orientation FF as there are not enough pairs
[M::mem_pestat] analyzing insert size distribution for orientation FR...
[M::mem_pestat] (25, 50, 75) percentile: (381, 386, 393)
[M::mem_pestat] low and high boundaries for computing mean and std.dev: (357, 417)
[M::mem_pestat] mean and std.dev: (388.67, 9.79)
[M::mem_pestat] low and high boundaries for proper pairs: (345, 429)
[M::mem_pestat] analyzing insert size distribution for orientation RF...
[M::mem_pestat] (25, 50, 75) percentile: (218, 242, 848)
[M::mem_pestat] low and high boundaries for computing mean and std.dev: (1, 2108)
[M::mem_pestat] mean and std.dev: (439.42, 319.85)
[M::mem_pestat] low and high boundaries for proper pairs: (1, 2738)
[M::mem_pestat] analyzing insert size distribution for orientation RR...
[M::mem_pestat] (25, 50, 75) percentile: (916, 2057, 6061)
[M::mem_pestat] low and high boundaries for computing mean and std.dev: (1, 16351)
[M::mem_pestat] mean and std.dev: (3446.46, 2903.67)
[M::mem_pestat] low and high boundaries for proper pairs: (1, 21496)
[M::mem_pestat] skip orientation RF
[M::mem_pestat] skip orientation RR
[M::mem_process_seqs] Processed 82122 reads in 6.808 CPU sec, 3.284 real sec
[M::process] read 82262 sequences (20000304 bp)...
[M::mem_pestat] # candidate unique pairs for (FF, FR, RF, RR): (6, 39257, 68, 8)
[M::mem_pestat] skip orientation FF as there are not enough pairs
[M::mem_pestat] analyzing insert size distribution for orientation FR...
[M::mem_pestat] (25, 50, 75) percentile: (380, 386, 393)
[M::mem_pestat] low and high boundaries for computing mean and std.dev: (354, 419)
[M::mem_pestat] mean and std.dev: (388.83, 10.72)
[M::mem_pestat] low and high boundaries for proper pairs: (341, 432)
[M::mem_pestat] analyzing insert size distribution for orientation RF...
[M::mem_pestat] (25, 50, 75) percentile: (218, 242, 848)
[M::mem_pestat] low and high boundaries for computing mean and std.dev: (1, 2108)
[M::mem_pestat] mean and std.dev: (468.14, 436.70)
[M::mem_pestat] low and high boundaries for proper pairs: (1, 2738)
[M::mem_pestat] skip orientation RR as there are not enough pairs
[M::mem_pestat] skip orientation RF
[M::process] read 82358 sequences (20000045 bp)...
[M::mem_process_seqs] Processed 82262 reads in 6.924 CPU sec, 3.232 real sec
[M::mem_pestat] # candidate unique pairs for (FF, FR, RF, RR): (8, 39241, 60, 6)
[M::mem_pestat] skip orientation FF as there are not enough pairs
[M::mem_pestat] analyzing insert size distribution for orientation FR...
[M::mem_pestat] (25, 50, 75) percentile: (381, 386, 393)
[M::mem_pestat] low and high boundaries for computing mean and std.dev: (357, 417)
[M::mem_pestat] mean and std.dev: (388.76, 9.74)
[M::mem_pestat] low and high boundaries for proper pairs: (345, 429)
[M::mem_pestat] analyzing insert size distribution for orientation RF...
[M::mem_pestat] (25, 50, 75) percentile: (219, 242, 816)
[M::mem_pestat] low and high boundaries for computing mean and std.dev: (1, 2010)
[M::mem_pestat] mean and std.dev: (394.59, 286.54)
[M::mem_pestat] low and high boundaries for proper pairs: (1, 2607)
[M::mem_pestat] skip orientation RR as there are not enough pairs
[M::mem_pestat] skip orientation RF
[M::mem_process_seqs] Processed 82358 reads in 6.027 CPU sec, 2.905 real sec
[M::process] read 82512 sequences (20000444 bp)...
[M::mem_pestat] # candidate unique pairs for (FF, FR, RF, RR): (5, 39167, 69, 10)
[M::mem_pestat] skip orientation FF as there are not enough pairs
[M::mem_pestat] analyzing insert size distribution for orientation FR...
[M::mem_pestat] (25, 50, 75) percentile: (380, 386, 393)
[M::mem_pestat] low and high boundaries for computing mean and std.dev: (354, 419)
[M::mem_pestat] mean and std.dev: (388.65, 10.81)
[M::mem_pestat] low and high boundaries for proper pairs: (341, 432)
[M::mem_pestat] analyzing insert size distribution for orientation RF...
[M::mem_pestat] (25, 50, 75) percentile: (218, 242, 848)
[M::mem_pestat] low and high boundaries for computing mean and std.dev: (1, 2108)
[M::mem_pestat] mean and std.dev: (421.03, 328.35)
[M::mem_pestat] low and high boundaries for proper pairs: (1, 2738)
[M::mem_pestat] analyzing insert size distribution for orientation RR...
[M::mem_pestat] (25, 50, 75) percentile: (556, 2057, 4061)
[M::mem_pestat] low and high boundaries for computing mean and std.dev: (1, 11071)
[M::mem_pestat] mean and std.dev: (2522.90, 2487.26)
[M::mem_pestat] low and high boundaries for proper pairs: (1, 14576)
[M::mem_pestat] skip orientation RF
[M::mem_pestat] skip orientation RR
[M::mem_process_seqs] Processed 82512 reads in 6.224 CPU sec, 2.933 real sec
[M::process] read 82256 sequences (20000452 bp)...
[M::mem_pestat] # candidate unique pairs for (FF, FR, RF, RR): (9, 39206, 61, 6)
[M::mem_pestat] skip orientation FF as there are not enough pairs
[M::mem_pestat] analyzing insert size distribution for orientation FR...
[M::mem_pestat] (25, 50, 75) percentile: (381, 386, 393)
[M::mem_pestat] low and high boundaries for computing mean and std.dev: (357, 417)
[M::mem_pestat] mean and std.dev: (388.72, 9.82)
[M::mem_pestat] low and high boundaries for proper pairs: (345, 429)
[M::mem_pestat] analyzing insert size distribution for orientation RF...
[M::mem_pestat] (25, 50, 75) percentile: (218, 242, 848)
[M::mem_pestat] low and high boundaries for computing mean and std.dev: (1, 2108)
[M::mem_pestat] mean and std.dev: (501.15, 366.12)
[M::mem_pestat] low and high boundaries for proper pairs: (1, 2738)
[M::mem_pestat] skip orientation RR as there are not enough pairs
[M::mem_pestat] skip orientation RF
[M::mem_process_seqs] Processed 82256 reads in 5.983 CPU sec, 2.909 real sec
[M::process] read 82374 sequences (20000294 bp)...
[M::process] read 82180 sequences (20000234 bp)...
[M::mem_pestat] # candidate unique pairs for (FF, FR, RF, RR): (2, 39210, 55, 6)
[M::mem_pestat] skip orientation FF as there are not enough pairs
[M::mem_pestat] analyzing insert size distribution for orientation FR...
[M::mem_pestat] (25, 50, 75) percentile: (380, 386, 393)
[M::mem_pestat] low and high boundaries for computing mean and std.dev: (354, 419)
[M::mem_pestat] mean and std.dev: (389.02, 10.69)
[M::mem_pestat] low and high boundaries for proper pairs: (341, 432)
[M::mem_pestat] analyzing insert size distribution for orientation RF...
[M::mem_pestat] (25, 50, 75) percentile: (218, 242, 848)
[M::mem_pestat] low and high boundaries for computing mean and std.dev: (1, 2108)
[M::mem_pestat] mean and std.dev: (434.82, 350.56)
[M::mem_pestat] low and high boundaries for proper pairs: (1, 2738)
[M::mem_pestat] skip orientation RR as there are not enough pairs
[M::mem_pestat] skip orientation RF
[M::mem_process_seqs] Processed 82374 reads in 5.667 CPU sec, 2.653 real sec
[M::mem_pestat] # candidate unique pairs for (FF, FR, RF, RR): (5, 39231, 78, 8)
[M::mem_pestat] skip orientation FF as there are not enough pairs
[M::mem_pestat] analyzing insert size distribution for orientation FR...
[M::mem_pestat] (25, 50, 75) percentile: (380, 386, 393)
[M::mem_pestat] low and high boundaries for computing mean and std.dev: (354, 419)
[M::mem_pestat] mean and std.dev: (389.12, 10.63)
[M::mem_pestat] low and high boundaries for proper pairs: (341, 432)
[M::mem_pestat] analyzing insert size distribution for orientation RF...
[M::mem_pestat] (25, 50, 75) percentile: (218, 242, 829)
[M::mem_pestat] low and high boundaries for computing mean and std.dev: (1, 2051)
[M::mem_pestat] mean and std.dev: (469.16, 398.91)
[M::mem_pestat] low and high boundaries for proper pairs: (1, 2662)
[M::mem_pestat] skip orientation RR as there are not enough pairs
[M::mem_pestat] skip orientation RF
[M::mem_process_seqs] Processed 82180 reads in 5.954 CPU sec, 2.895 real sec
[M::process] read 82134 sequences (20000190 bp)...
[M::mem_pestat] # candidate unique pairs for (FF, FR, RF, RR): (6, 39282, 53, 13)
[M::mem_pestat] skip orientation FF as there are not enough pairs
[M::mem_pestat] analyzing insert size distribution for orientation FR...
[M::mem_pestat] (25, 50, 75) percentile: (380, 386, 393)
[M::mem_pestat] low and high boundaries for computing mean and std.dev: (354, 419)
[M::mem_pestat] mean and std.dev: (389.14, 10.61)
[M::mem_pestat] low and high boundaries for proper pairs: (341, 432)
[M::mem_pestat] analyzing insert size distribution for orientation RF...
[M::mem_pestat] (25, 50, 75) percentile: (165, 241, 823)
[M::mem_pestat] low and high boundaries for computing mean and std.dev: (1, 2139)
[M::mem_pestat] mean and std.dev: (398.02, 339.46)
[M::mem_pestat] low and high boundaries for proper pairs: (1, 2797)
[M::mem_pestat] analyzing insert size distribution for orientation RR...
[M::mem_pestat] (25, 50, 75) percentile: (1227, 2057, 4236)
[M::mem_pestat] low and high boundaries for computing mean and std.dev: (1, 10254)
[M::mem_pestat] mean and std.dev: (3074.69, 2949.23)
[M::mem_pestat] low and high boundaries for proper pairs: (1, 14872)
[M::mem_pestat] skip orientation RF
[M::mem_pestat] skip orientation RR
[M::mem_process_seqs] Processed 82134 reads in 5.878 CPU sec, 2.819 real sec
[M::process] read 82254 sequences (20000089 bp)...
[M::mem_pestat] # candidate unique pairs for (FF, FR, RF, RR): (7, 39227, 70, 15)
[M::mem_pestat] skip orientation FF as there are not enough pairs
[M::mem_pestat] analyzing insert size distribution for orientation FR...
[M::mem_pestat] (25, 50, 75) percentile: (380, 386, 393)
[M::mem_pestat] low and high boundaries for computing mean and std.dev: (354, 419)
[M::mem_pestat] mean and std.dev: (388.90, 10.59)
[M::mem_pestat] low and high boundaries for proper pairs: (341, 432)
[M::mem_pestat] analyzing insert size distribution for orientation RF...
[M::mem_pestat] (25, 50, 75) percentile: (218, 242, 848)
[M::mem_pestat] low and high boundaries for computing mean and std.dev: (1, 2108)
[M::mem_pestat] mean and std.dev: (394.49, 288.55)
[M::mem_pestat] low and high boundaries for proper pairs: (1, 2738)
[M::mem_pestat] analyzing insert size distribution for orientation RR...
[M::mem_pestat] (25, 50, 75) percentile: (2057, 2057, 4061)
[M::mem_pestat] low and high boundaries for computing mean and std.dev: (1, 8069)
[M::mem_pestat] mean and std.dev: (2611.23, 1919.95)
[M::mem_pestat] low and high boundaries for proper pairs: (1, 10291)
[M::mem_pestat] skip orientation RF
[M::mem_pestat] skip orientation RR
[M::mem_process_seqs] Processed 82254 reads in 5.907 CPU sec, 2.844 real sec
[M::process] read 82204 sequences (20000119 bp)...
[M::mem_pestat] # candidate unique pairs for (FF, FR, RF, RR): (5, 39181, 68, 9)
[M::mem_pestat] skip orientation FF as there are not enough pairs
[M::mem_pestat] analyzing insert size distribution for orientation FR...
[M::mem_pestat] (25, 50, 75) percentile: (380, 386, 393)
[M::mem_pestat] low and high boundaries for computing mean and std.dev: (354, 419)
[M::mem_pestat] mean and std.dev: (389.27, 10.63)
[M::mem_pestat] low and high boundaries for proper pairs: (341, 432)
[M::mem_pestat] analyzing insert size distribution for orientation RF...
[M::mem_pestat] (25, 50, 75) percentile: (218, 241, 848)
[M::mem_pestat] low and high boundaries for computing mean and std.dev: (1, 2108)
[M::mem_pestat] mean and std.dev: (421.12, 301.20)
[M::mem_pestat] low and high boundaries for proper pairs: (1, 2738)
[M::mem_pestat] skip orientation RR as there are not enough pairs
[M::mem_pestat] skip orientation RF
[M::mem_process_seqs] Processed 82204 reads in 6.129 CPU sec, 2.939 real sec
[M::process] read 54034 sequences (13151215 bp)...
[M::mem_pestat] # candidate unique pairs for (FF, FR, RF, RR): (2, 25798, 32, 8)
[M::mem_pestat] skip orientation FF as there are not enough pairs
[M::mem_pestat] analyzing insert size distribution for orientation FR...
[M::mem_pestat] (25, 50, 75) percentile: (380, 386, 393)
[M::mem_pestat] low and high boundaries for computing mean and std.dev: (354, 419)
[M::mem_pestat] mean and std.dev: (388.62, 10.74)
[M::mem_pestat] low and high boundaries for proper pairs: (341, 432)
[M::mem_pestat] analyzing insert size distribution for orientation RF...
[M::mem_pestat] (25, 50, 75) percentile: (218, 242, 814)
[M::mem_pestat] low and high boundaries for computing mean and std.dev: (1, 2006)
[M::mem_pestat] mean and std.dev: (360.45, 302.76)
[M::mem_pestat] low and high boundaries for proper pairs: (1, 2602)
[M::mem_pestat] skip orientation RR as there are not enough pairs
[M::mem_pestat] skip orientation RF
[M::mem_process_seqs] Processed 54034 reads in 4.210 CPU sec, 2.044 real sec
[main] Version: 0.7.17-r1188
[main] CMD: bwa mem -t 2 SC2191/core/viral_reference SC2191/adapter_trimmed/SC2191_R1_val_1_posttrim_filter.fq.gz SC2191/adapter_trimmed/SC2191_R2_val_2_posttrim_filter.fq.gz
[main] Real time: 60.934 sec; CPU: 114.435 sec
[bam_sort_core] merging from 0 files and 2 in-memory blocks...
