Path to Cutadapt set as: 'cutadapt' (default)
Cutadapt seems to be working fine (tested command 'cutadapt --version')
Cutadapt version: 4.8
Could not detect version of Python used by Cutadapt from the first line of Cutadapt (but found this: >>>#!/bin/sh<<<)
Letting the (modified) Cutadapt deal with the Python version instead
Parallel gzip (pigz) detected. Proceeding with multicore (de)compression using 2 cores

No quality encoding type selected. Assuming that the data provided uses Sanger encoded Phred scores (default)

Output will be written into the directory: /workspace/lab/mcarthurlab/nasirja/covid-19-signal/benchmark_output/PRJNA689621_subset-input_results_dir/E29/adapter_trimmed/


AUTO-DETECTING ADAPTER TYPE
===========================
Attempting to auto-detect adapter type from the first 1 million sequences of the first file (>> E29/host_removal/E29_R1.fastq.gz <<)

Found perfect matches for the following adapter sequences:
Adapter type	Count	Sequence	Sequences analysed	Percentage
Illumina	3534	AGATCGGAAGAGC	499321	0.71
smallRNA	0	TGGAATTCTCGG	499321	0.00
Nextera	0	CTGTCTCTTATA	499321	0.00
Using Illumina adapter for trimming (count: 3534). Second best hit was smallRNA (count: 0)

Writing report to '/workspace/lab/mcarthurlab/nasirja/covid-19-signal/benchmark_output/PRJNA689621_subset-input_results_dir/E29/adapter_trimmed/E29_R1.fastq.gz_trimming_report.txt'

SUMMARISING RUN PARAMETERS
==========================
Input filename: E29/host_removal/E29_R1.fastq.gz
Trimming mode: paired-end
Trim Galore version: 0.6.4_dev
Cutadapt version: 4.8
Python version: could not detect
Number of cores used for trimming: 2
Quality Phred score cutoff: 20
Quality encoding type selected: ASCII+33
Adapter sequence: 'AGATCGGAAGAGC' (Illumina TruSeq, Sanger iPCR; auto-detected)
Maximum trimming error rate: 0.1 (default)
Minimum required adapter overlap (stringency): 1 bp
Minimum required sequence length for both reads before a sequence pair gets removed: 20 bp
Running FastQC on the data once trimming has completed
Output file(s) will be GZIP compressed

Cutadapt seems to be fairly up-to-date (version 4.8). Setting -j 2
Writing final adapter and quality trimmed output to E29_R1_trimmed.fq.gz


  >>> Now performing quality (cutoff '-q 20') and adapter trimming in a single pass for the adapter sequence: 'AGATCGGAAGAGC' from file E29/host_removal/E29_R1.fastq.gz <<< 
This is cutadapt 4.8 with Python 3.12.3
Command line parameters: -j 2 -e 0.1 -q 20 -O 1 -a AGATCGGAAGAGC E29/host_removal/E29_R1.fastq.gz
Processing single-end reads on 2 cores ...
Finished in 19.153 s (38.358 µs/read; 1.56 M reads/minute).

=== Summary ===

Total reads processed:                 499,321
Reads with adapters:                   171,293 (34.3%)
Reads written (passing filters):       499,321 (100.0%)

Total basepairs processed:   125,329,571 bp
Quality-trimmed:                 508,834 bp (0.4%)
Total written (filtered):    124,397,480 bp (99.3%)

=== Adapter 1 ===

Sequence: AGATCGGAAGAGC; Type: regular 3'; Length: 13; Trimmed: 171293 times

Minimum overlap: 1
No. of allowed errors:
1-9 bp: 0; 10-13 bp: 1

Bases preceding removed adapters:
  A: 36.0%
  C: 19.1%
  G: 10.6%
  T: 34.4%
  none/other: 0.0%

Overview of removed sequences
length	count	expect	max.err	error counts
1	121842	124830.2	0	121842
2	41203	31207.6	0	41203
3	2647	7801.9	0	2647
4	541	1950.5	0	541
5	103	487.6	0	103
6	22	121.9	0	22
7	980	30.5	0	980
8	35	7.6	0	35
9	58	1.9	0	58
10	42	0.5	1	37 5
11	15	0.1	1	13 2
12	33	0.0	1	30 3
13	30	0.0	1	25 5
14	18	0.0	1	15 3
15	27	0.0	1	24 3
16	14	0.0	1	12 2
17	15	0.0	1	14 1
18	11	0.0	1	9 2
19	17	0.0	1	10 7
20	42	0.0	1	39 3
21	115	0.0	1	113 2
22	99	0.0	1	94 5
23	19	0.0	1	16 3
24	359	0.0	1	348 11
25	76	0.0	1	68 8
26	49	0.0	1	46 3
27	48	0.0	1	39 9
28	45	0.0	1	36 9
29	26	0.0	1	20 6
30	42	0.0	1	38 4
31	27	0.0	1	22 5
32	95	0.0	1	91 4
33	56	0.0	1	51 5
34	66	0.0	1	59 7
35	11	0.0	1	9 2
36	46	0.0	1	40 6
37	334	0.0	1	324 10
38	40	0.0	1	35 5
39	45	0.0	1	40 5
40	11	0.0	1	8 3
41	26	0.0	1	23 3
42	9	0.0	1	6 3
43	45	0.0	1	40 5
44	17	0.0	1	15 2
45	20	0.0	1	18 2
46	43	0.0	1	39 4
47	45	0.0	1	40 5
48	19	0.0	1	15 4
49	9	0.0	1	7 2
50	10	0.0	1	8 2
51	23	0.0	1	21 2
52	29	0.0	1	28 1
53	16	0.0	1	10 6
54	31	0.0	1	25 6
55	34	0.0	1	30 4
56	17	0.0	1	13 4
57	26	0.0	1	25 1
58	9	0.0	1	8 1
59	12	0.0	1	12
60	14	0.0	1	11 3
61	8	0.0	1	5 3
62	13	0.0	1	12 1
63	14	0.0	1	12 2
64	9	0.0	1	8 1
65	12	0.0	1	11 1
66	22	0.0	1	16 6
67	11	0.0	1	9 2
68	29	0.0	1	24 5
69	59	0.0	1	55 4
70	19	0.0	1	19
71	27	0.0	1	24 3
72	21	0.0	1	19 2
73	42	0.0	1	36 6
74	64	0.0	1	56 8
75	102	0.0	1	91 11
76	336	0.0	1	328 8
77	202	0.0	1	197 5
78	79	0.0	1	78 1
79	56	0.0	1	56
80	23	0.0	1	19 4
81	20	0.0	1	18 2
82	16	0.0	1	16
83	9	0.0	1	8 1
84	4	0.0	1	3 1
85	13	0.0	1	13
86	7	0.0	1	7
87	7	0.0	1	7
88	5	0.0	1	4 1
89	13	0.0	1	12 1
90	4	0.0	1	4
91	3	0.0	1	3
92	4	0.0	1	3 1
93	14	0.0	1	13 1
94	103	0.0	1	100 3
95	15	0.0	1	13 2
96	10	0.0	1	8 2
97	7	0.0	1	6 1
98	7	0.0	1	7
99	3	0.0	1	3
100	2	0.0	1	2
101	5	0.0	1	5
102	6	0.0	1	6
104	4	0.0	1	3 1
105	3	0.0	1	2 1
106	4	0.0	1	3 1
108	5	0.0	1	5
109	3	0.0	1	3
110	2	0.0	1	2
111	4	0.0	1	4
112	1	0.0	1	1
113	1	0.0	1	0 1
114	6	0.0	1	6
116	3	0.0	1	3
117	1	0.0	1	1
118	1	0.0	1	1
119	2	0.0	1	2
121	1	0.0	1	1
123	1	0.0	1	1
124	2	0.0	1	2
125	1	0.0	1	0 1
126	4	0.0	1	3 1
127	10	0.0	1	10
128	1	0.0	1	1
129	1	0.0	1	1
130	3	0.0	1	3
133	1	0.0	1	1
134	1	0.0	1	1
136	2	0.0	1	2
138	1	0.0	1	1
149	3	0.0	1	3
154	1	0.0	1	1
156	4	0.0	1	4
157	1	0.0	1	1
159	1	0.0	1	1
165	1	0.0	1	0 1
166	2	0.0	1	1 1
168	2	0.0	1	1 1
169	1	0.0	1	1
171	1	0.0	1	0 1
180	2	0.0	1	2
183	1	0.0	1	1
187	1	0.0	1	1
191	2	0.0	1	2
192	1	0.0	1	0 1
194	1	0.0	1	0 1
196	1	0.0	1	1
202	1	0.0	1	1
207	1	0.0	1	0 1
208	2	0.0	1	1 1
210	1	0.0	1	1
212	1	0.0	1	0 1
214	1	0.0	1	1
216	1	0.0	1	1
217	1	0.0	1	1
248	1	0.0	1	0 1
251	5	0.0	1	0 5

RUN STATISTICS FOR INPUT FILE: E29/host_removal/E29_R1.fastq.gz
=============================================
499321 sequences processed in total
The length threshold of paired-end sequences gets evaluated later on (in the validation step)

Writing report to '/workspace/lab/mcarthurlab/nasirja/covid-19-signal/benchmark_output/PRJNA689621_subset-input_results_dir/E29/adapter_trimmed/E29_R2.fastq.gz_trimming_report.txt'

SUMMARISING RUN PARAMETERS
==========================
Input filename: E29/host_removal/E29_R2.fastq.gz
Trimming mode: paired-end
Trim Galore version: 0.6.4_dev
Cutadapt version: 4.8
Python version: could not detect
Number of cores used for trimming: 2
Quality Phred score cutoff: 20
Quality encoding type selected: ASCII+33
Adapter sequence: 'AGATCGGAAGAGC' (Illumina TruSeq, Sanger iPCR; auto-detected)
Maximum trimming error rate: 0.1 (default)
Minimum required adapter overlap (stringency): 1 bp
Minimum required sequence length for both reads before a sequence pair gets removed: 20 bp
Running FastQC on the data once trimming has completed
Output file(s) will be GZIP compressed

Cutadapt seems to be fairly up-to-date (version 4.8). Setting -j -j 2
Writing final adapter and quality trimmed output to E29_R2_trimmed.fq.gz


  >>> Now performing quality (cutoff '-q 20') and adapter trimming in a single pass for the adapter sequence: 'AGATCGGAAGAGC' from file E29/host_removal/E29_R2.fastq.gz <<< 
This is cutadapt 4.8 with Python 3.12.3
Command line parameters: -j 2 -e 0.1 -q 20 -O 1 -a AGATCGGAAGAGC E29/host_removal/E29_R2.fastq.gz
Processing single-end reads on 2 cores ...
Finished in 20.799 s (41.654 µs/read; 1.44 M reads/minute).

=== Summary ===

Total reads processed:                 499,321
Reads with adapters:                   171,177 (34.3%)
Reads written (passing filters):       499,321 (100.0%)

Total basepairs processed:   125,329,571 bp
Quality-trimmed:               2,246,143 bp (1.8%)
Total written (filtered):    122,745,118 bp (97.9%)

=== Adapter 1 ===

Sequence: AGATCGGAAGAGC; Type: regular 3'; Length: 13; Trimmed: 171177 times

Minimum overlap: 1
No. of allowed errors:
1-9 bp: 0; 10-13 bp: 1

Bases preceding removed adapters:
  A: 41.8%
  C: 17.8%
  G: 10.2%
  T: 30.2%
  none/other: 0.0%

Overview of removed sequences
length	count	expect	max.err	error counts
1	132929	124830.2	0	132929
2	30122	31207.6	0	30122
3	3371	7801.9	0	3371
4	743	1950.5	0	743
5	94	487.6	0	94
6	43	121.9	0	43
7	864	30.5	0	864
8	27	7.6	0	27
9	40	1.9	0	40
10	34	0.5	1	28 6
11	15	0.1	1	13 2
12	39	0.0	1	36 3
13	11	0.0	1	9 2
14	33	0.0	1	30 3
15	12	0.0	1	10 2
16	13	0.0	1	9 4
17	40	0.0	1	36 4
18	7	0.0	1	7
19	23	0.0	1	20 3
20	67	0.0	1	60 7
21	23	0.0	1	22 1
22	86	0.0	1	80 6
23	23	0.0	1	20 3
24	390	0.0	1	370 20
25	13	0.0	1	12 1
26	62	0.0	1	60 2
27	48	0.0	1	43 5
28	61	0.0	1	57 4
29	20	0.0	1	15 5
30	77	0.0	1	72 5
31	17	0.0	1	13 4
32	100	0.0	1	90 10
33	57	0.0	1	48 9
34	26	0.0	1	25 1
35	41	0.0	1	41
36	154	0.0	1	147 7
37	152	0.0	1	141 11
38	26	0.0	1	26
39	25	0.0	1	24 1
40	45	0.0	1	42 3
41	40	0.0	1	37 3
42	67	0.0	1	65 2
43	65	0.0	1	63 2
44	82	0.0	1	79 3
45	103	0.0	1	102 1
46	54	0.0	1	53 1
47	57	0.0	1	56 1
48	38	0.0	1	38
49	25	0.0	1	25
50	14	0.0	1	14
51	15	0.0	1	15
52	18	0.0	1	18
53	15	0.0	1	15
54	43	0.0	1	41 2
55	14	0.0	1	13 1
56	25	0.0	1	24 1
57	70	0.0	1	69 1
58	38	0.0	1	37 1
59	8	0.0	1	8
60	14	0.0	1	14
61	7	0.0	1	7
62	1	0.0	1	1
63	8	0.0	1	8
64	2	0.0	1	2
65	3	0.0	1	3
68	1	0.0	1	1
69	7	0.0	1	6 1
70	7	0.0	1	7
71	4	0.0	1	4
72	2	0.0	1	2
73	2	0.0	1	2
74	3	0.0	1	3
75	4	0.0	1	4
76	6	0.0	1	6
77	16	0.0	1	14 2
78	16	0.0	1	15 1
79	21	0.0	1	17 4
80	27	0.0	1	25 2
81	35	0.0	1	34 1
82	16	0.0	1	14 2
83	10	0.0	1	10
84	4	0.0	1	3 1
85	3	0.0	1	1 2
86	6	0.0	1	6
87	2	0.0	1	2
89	3	0.0	1	3
90	2	0.0	1	2
91	2	0.0	1	2
93	3	0.0	1	3
94	75	0.0	1	74 1
95	11	0.0	1	11
96	5	0.0	1	1 4
97	2	0.0	1	2
98	2	0.0	1	2
99	1	0.0	1	1
101	3	0.0	1	3
102	3	0.0	1	2 1
106	2	0.0	1	2
107	2	0.0	1	2
108	1	0.0	1	1
110	4	0.0	1	4
111	2	0.0	1	2
112	1	0.0	1	1
113	1	0.0	1	1
114	2	0.0	1	1 1
115	4	0.0	1	3 1
117	1	0.0	1	1
119	1	0.0	1	0 1
121	1	0.0	1	1
123	1	0.0	1	1
124	1	0.0	1	1
125	1	0.0	1	0 1
127	5	0.0	1	5
128	3	0.0	1	3
129	1	0.0	1	1
133	1	0.0	1	0 1
134	1	0.0	1	1
135	1	0.0	1	1
138	1	0.0	1	1
141	1	0.0	1	1
146	1	0.0	1	1
149	4	0.0	1	4
150	1	0.0	1	1
154	1	0.0	1	1
156	1	0.0	1	1
160	1	0.0	1	1
163	1	0.0	1	1
164	2	0.0	1	2
166	2	0.0	1	2
169	1	0.0	1	1
173	1	0.0	1	1
178	1	0.0	1	0 1
180	1	0.0	1	1
187	2	0.0	1	2
190	1	0.0	1	1
192	1	0.0	1	1
194	1	0.0	1	1
207	1	0.0	1	1
210	1	0.0	1	1
214	2	0.0	1	2
217	3	0.0	1	0 3
251	5	0.0	1	0 5

RUN STATISTICS FOR INPUT FILE: E29/host_removal/E29_R2.fastq.gz
=============================================
499321 sequences processed in total
The length threshold of paired-end sequences gets evaluated later on (in the validation step)

Validate paired-end files E29_R1_trimmed.fq.gz and E29_R2_trimmed.fq.gz
file_1: E29_R1_trimmed.fq.gz, file_2: E29_R2_trimmed.fq.gz


>>>>> Now validing the length of the 2 paired-end infiles: E29_R1_trimmed.fq.gz and E29_R2_trimmed.fq.gz <<<<<
Writing validated paired-end Read 1 reads to E29_R1_val_1.fq.gz
Writing validated paired-end Read 2 reads to E29_R2_val_2.fq.gz

Total number of sequences analysed: 499321

Number of sequence pairs removed because at least one read was shorter than the length cutoff (20 bp): 660 (0.13%)


  >>> Now running FastQC on the validated data E29_R1_val_1.fq.gz<<<

Started analysis of E29_R1_val_1.fq.gz
Approx 5% complete for E29_R1_val_1.fq.gz
Approx 10% complete for E29_R1_val_1.fq.gz
Approx 15% complete for E29_R1_val_1.fq.gz
Approx 20% complete for E29_R1_val_1.fq.gz
Approx 25% complete for E29_R1_val_1.fq.gz
Approx 30% complete for E29_R1_val_1.fq.gz
Approx 35% complete for E29_R1_val_1.fq.gz
Approx 40% complete for E29_R1_val_1.fq.gz
Approx 45% complete for E29_R1_val_1.fq.gz
Approx 50% complete for E29_R1_val_1.fq.gz
Approx 55% complete for E29_R1_val_1.fq.gz
Approx 60% complete for E29_R1_val_1.fq.gz
Approx 65% complete for E29_R1_val_1.fq.gz
Approx 70% complete for E29_R1_val_1.fq.gz
Approx 75% complete for E29_R1_val_1.fq.gz
Approx 80% complete for E29_R1_val_1.fq.gz
Approx 85% complete for E29_R1_val_1.fq.gz
Approx 90% complete for E29_R1_val_1.fq.gz
Approx 95% complete for E29_R1_val_1.fq.gz

  >>> Now running FastQC on the validated data E29_R2_val_2.fq.gz<<<

Started analysis of E29_R2_val_2.fq.gz
Approx 5% complete for E29_R2_val_2.fq.gz
Approx 10% complete for E29_R2_val_2.fq.gz
Approx 15% complete for E29_R2_val_2.fq.gz
Approx 20% complete for E29_R2_val_2.fq.gz
Approx 25% complete for E29_R2_val_2.fq.gz
Approx 30% complete for E29_R2_val_2.fq.gz
Approx 35% complete for E29_R2_val_2.fq.gz
Approx 40% complete for E29_R2_val_2.fq.gz
Approx 45% complete for E29_R2_val_2.fq.gz
Approx 50% complete for E29_R2_val_2.fq.gz
Approx 55% complete for E29_R2_val_2.fq.gz
Approx 60% complete for E29_R2_val_2.fq.gz
Approx 65% complete for E29_R2_val_2.fq.gz
Approx 70% complete for E29_R2_val_2.fq.gz
Approx 75% complete for E29_R2_val_2.fq.gz
Approx 80% complete for E29_R2_val_2.fq.gz
Approx 85% complete for E29_R2_val_2.fq.gz
Approx 90% complete for E29_R2_val_2.fq.gz
Approx 95% complete for E29_R2_val_2.fq.gz
Deleting both intermediate output files E29_R1_trimmed.fq.gz and E29_R2_trimmed.fq.gz

====================================================================================================

