[M::bwa_idx_load_from_disk] read 0 ALT contigs
[M::process] read 80678 sequences (20000166 bp)...
[M::process] read 80716 sequences (20000403 bp)...
[M::mem_pestat] # candidate unique pairs for (FF, FR, RF, RR): (38, 39416, 61, 24)
[M::mem_pestat] analyzing insert size distribution for orientation FF...
[M::mem_pestat] (25, 50, 75) percentile: (2157, 5750, 8070)
[M::mem_pestat] low and high boundaries for computing mean and std.dev: (1, 19896)
[M::mem_pestat] mean and std.dev: (5378.84, 3060.98)
[M::mem_pestat] low and high boundaries for proper pairs: (1, 25809)
[M::mem_pestat] analyzing insert size distribution for orientation FR...
[M::mem_pestat] (25, 50, 75) percentile: (381, 387, 397)
[M::mem_pestat] low and high boundaries for computing mean and std.dev: (349, 429)
[M::mem_pestat] mean and std.dev: (390.17, 11.44)
[M::mem_pestat] low and high boundaries for proper pairs: (333, 445)
[M::mem_pestat] analyzing insert size distribution for orientation RF...
[M::mem_pestat] (25, 50, 75) percentile: (1457, 3651, 6936)
[M::mem_pestat] low and high boundaries for computing mean and std.dev: (1, 17894)
[M::mem_pestat] mean and std.dev: (4033.57, 3102.06)
[M::mem_pestat] low and high boundaries for proper pairs: (1, 23373)
[M::mem_pestat] analyzing insert size distribution for orientation RR...
[M::mem_pestat] (25, 50, 75) percentile: (3419, 6022, 8363)
[M::mem_pestat] low and high boundaries for computing mean and std.dev: (1, 18251)
[M::mem_pestat] mean and std.dev: (5528.71, 2692.87)
[M::mem_pestat] low and high boundaries for proper pairs: (1, 23195)
[M::mem_pestat] skip orientation FF
[M::mem_pestat] skip orientation RF
[M::mem_pestat] skip orientation RR
[M::mem_process_seqs] Processed 80678 reads in 5.208 CPU sec, 2.476 real sec
[M::mem_pestat] # candidate unique pairs for (FF, FR, RF, RR): (49, 39432, 45, 38)
[M::mem_pestat] analyzing insert size distribution for orientation FF...
[M::mem_pestat] (25, 50, 75) percentile: (3276, 5428, 7611)
[M::mem_pestat] low and high boundaries for computing mean and std.dev: (1, 16281)
[M::mem_pestat] mean and std.dev: (5166.47, 2640.65)
[M::mem_pestat] low and high boundaries for proper pairs: (1, 20616)
[M::mem_pestat] analyzing insert size distribution for orientation FR...
[M::mem_pestat] (25, 50, 75) percentile: (381, 386, 397)
[M::mem_pestat] low and high boundaries for computing mean and std.dev: (349, 429)
[M::mem_pestat] mean and std.dev: (389.84, 11.48)
[M::mem_pestat] low and high boundaries for proper pairs: (333, 445)
[M::mem_pestat] analyzing insert size distribution for orientation RF...
[M::mem_pestat] (25, 50, 75) percentile: (216, 1483, 6308)
[M::mem_pestat] low and high boundaries for computing mean and std.dev: (1, 18492)
[M::mem_pestat] mean and std.dev: (3267.27, 3304.66)
[M::mem_pestat] low and high boundaries for proper pairs: (1, 24584)
[M::mem_pestat] analyzing insert size distribution for orientation RR...
[M::mem_pestat] (25, 50, 75) percentile: (2205, 5421, 6666)
[M::mem_pestat] low and high boundaries for computing mean and std.dev: (1, 15588)
[M::mem_pestat] mean and std.dev: (4980.63, 2623.86)
[M::mem_pestat] low and high boundaries for proper pairs: (1, 20049)
[M::mem_pestat] skip orientation FF
[M::mem_pestat] skip orientation RF
[M::mem_pestat] skip orientation RR
[M::mem_process_seqs] Processed 80716 reads in 5.436 CPU sec, 2.641 real sec
[M::process] read 80682 sequences (20000226 bp)...
[M::mem_pestat] # candidate unique pairs for (FF, FR, RF, RR): (39, 39465, 41, 40)
[M::mem_pestat] analyzing insert size distribution for orientation FF...
[M::mem_pestat] (25, 50, 75) percentile: (4277, 5030, 6546)
[M::mem_pestat] low and high boundaries for computing mean and std.dev: (1, 11084)
[M::mem_pestat] mean and std.dev: (5466.03, 1768.46)
[M::mem_pestat] low and high boundaries for proper pairs: (1, 13353)
[M::mem_pestat] analyzing insert size distribution for orientation FR...
[M::mem_pestat] (25, 50, 75) percentile: (381, 387, 397)
[M::mem_pestat] low and high boundaries for computing mean and std.dev: (349, 429)
[M::mem_pestat] mean and std.dev: (389.88, 11.42)
[M::mem_pestat] low and high boundaries for proper pairs: (333, 445)
[M::mem_pestat] analyzing insert size distribution for orientation RF...
[M::mem_pestat] (25, 50, 75) percentile: (221, 1669, 4913)
[M::mem_pestat] low and high boundaries for computing mean and std.dev: (1, 14297)
[M::mem_pestat] mean and std.dev: (2798.02, 2927.91)
[M::mem_pestat] low and high boundaries for proper pairs: (1, 18989)
[M::mem_pestat] analyzing insert size distribution for orientation RR...
[M::mem_pestat] (25, 50, 75) percentile: (3439, 5902, 7960)
[M::mem_pestat] low and high boundaries for computing mean and std.dev: (1, 17002)
[M::mem_pestat] mean and std.dev: (5640.98, 2672.91)
[M::mem_pestat] low and high boundaries for proper pairs: (1, 21523)
[M::mem_pestat] skip orientation FF
[M::mem_pestat] skip orientation RF
[M::mem_pestat] skip orientation RR
[M::mem_process_seqs] Processed 80682 reads in 5.292 CPU sec, 2.577 real sec
[M::process] read 80578 sequences (20000095 bp)...
[M::mem_pestat] # candidate unique pairs for (FF, FR, RF, RR): (29, 39393, 43, 31)
[M::mem_pestat] analyzing insert size distribution for orientation FF...
[M::mem_pestat] (25, 50, 75) percentile: (2821, 5260, 8068)
[M::mem_pestat] low and high boundaries for computing mean and std.dev: (1, 18562)
[M::mem_pestat] mean and std.dev: (5433.93, 2603.37)
[M::mem_pestat] low and high boundaries for proper pairs: (1, 23809)
[M::mem_pestat] analyzing insert size distribution for orientation FR...
[M::mem_pestat] (25, 50, 75) percentile: (381, 387, 398)
[M::mem_pestat] low and high boundaries for computing mean and std.dev: (347, 432)
[M::mem_pestat] mean and std.dev: (390.16, 11.41)
[M::mem_pestat] low and high boundaries for proper pairs: (330, 449)
[M::mem_pestat] analyzing insert size distribution for orientation RF...
[M::mem_pestat] (25, 50, 75) percentile: (433, 3618, 6448)
[M::mem_pestat] low and high boundaries for computing mean and std.dev: (1, 18478)
[M::mem_pestat] mean and std.dev: (3657.77, 3152.58)
[M::mem_pestat] low and high boundaries for proper pairs: (1, 24493)
[M::mem_pestat] analyzing insert size distribution for orientation RR...
[M::mem_pestat] (25, 50, 75) percentile: (1824, 2667, 7336)
[M::mem_pestat] low and high boundaries for computing mean and std.dev: (1, 18360)
[M::mem_pestat] mean and std.dev: (3859.55, 2719.14)
[M::mem_pestat] low and high boundaries for proper pairs: (1, 23872)
[M::mem_pestat] skip orientation FF
[M::mem_pestat] skip orientation RF
[M::mem_pestat] skip orientation RR
[M::mem_process_seqs] Processed 80578 reads in 5.313 CPU sec, 2.551 real sec
[M::process] read 80604 sequences (20000193 bp)...
[M::mem_pestat] # candidate unique pairs for (FF, FR, RF, RR): (55, 39321, 54, 34)
[M::mem_pestat] analyzing insert size distribution for orientation FF...
[M::mem_pestat] (25, 50, 75) percentile: (1874, 4630, 7638)
[M::mem_pestat] low and high boundaries for computing mean and std.dev: (1, 19166)
[M::mem_pestat] mean and std.dev: (4868.55, 2907.78)
[M::mem_pestat] low and high boundaries for proper pairs: (1, 24930)
[M::mem_pestat] analyzing insert size distribution for orientation FR...
[M::mem_pestat] (25, 50, 75) percentile: (381, 386, 397)
[M::mem_pestat] low and high boundaries for computing mean and std.dev: (349, 429)
[M::mem_pestat] mean and std.dev: (389.69, 11.48)
[M::mem_pestat] low and high boundaries for proper pairs: (333, 445)
[M::mem_pestat] analyzing insert size distribution for orientation RF...
[M::mem_pestat] (25, 50, 75) percentile: (1063, 2388, 4743)
[M::mem_pestat] low and high boundaries for computing mean and std.dev: (1, 12103)
[M::mem_pestat] mean and std.dev: (3175.24, 2699.75)
[M::mem_pestat] low and high boundaries for proper pairs: (1, 15783)
[M::mem_pestat] analyzing insert size distribution for orientation RR...
[M::mem_pestat] (25, 50, 75) percentile: (2820, 5101, 7524)
[M::mem_pestat] low and high boundaries for computing mean and std.dev: (1, 16932)
[M::mem_pestat] mean and std.dev: (5142.47, 2780.57)
[M::mem_pestat] low and high boundaries for proper pairs: (1, 21636)
[M::mem_pestat] skip orientation FF
[M::mem_pestat] skip orientation RF
[M::mem_pestat] skip orientation RR
[M::mem_process_seqs] Processed 80604 reads in 5.976 CPU sec, 2.821 real sec
[M::process] read 80634 sequences (20000009 bp)...
[M::mem_pestat] # candidate unique pairs for (FF, FR, RF, RR): (19, 39406, 38, 24)
[M::mem_pestat] analyzing insert size distribution for orientation FF...
[M::mem_pestat] (25, 50, 75) percentile: (1797, 5522, 7827)
[M::mem_pestat] low and high boundaries for computing mean and std.dev: (1, 19887)
[M::mem_pestat] mean and std.dev: (4928.26, 2985.37)
[M::mem_pestat] low and high boundaries for proper pairs: (1, 25917)
[M::mem_pestat] analyzing insert size distribution for orientation FR...
[M::mem_pestat] (25, 50, 75) percentile: (381, 387, 397)
[M::mem_pestat] low and high boundaries for computing mean and std.dev: (349, 429)
[M::mem_pestat] mean and std.dev: (389.98, 11.49)
[M::mem_pestat] low and high boundaries for proper pairs: (333, 445)
[M::mem_pestat] analyzing insert size distribution for orientation RF...
[M::mem_pestat] (25, 50, 75) percentile: (217, 4239, 6349)
[M::mem_pestat] low and high boundaries for computing mean and std.dev: (1, 18613)
[M::mem_pestat] mean and std.dev: (3818.03, 3193.36)
[M::mem_pestat] low and high boundaries for proper pairs: (1, 24745)
[M::mem_pestat] analyzing insert size distribution for orientation RR...
[M::mem_pestat] (25, 50, 75) percentile: (3388, 4625, 6922)
[M::mem_pestat] low and high boundaries for computing mean and std.dev: (1, 13990)
[M::mem_pestat] mean and std.dev: (4883.29, 2789.15)
[M::mem_pestat] low and high boundaries for proper pairs: (1, 17524)
[M::mem_pestat] skip orientation FF
[M::mem_pestat] skip orientation RF
[M::mem_pestat] skip orientation RR
[M::mem_process_seqs] Processed 80634 reads in 5.619 CPU sec, 2.727 real sec
[M::process] read 80700 sequences (20000350 bp)...
[M::mem_pestat] # candidate unique pairs for (FF, FR, RF, RR): (37, 39431, 49, 34)
[M::mem_pestat] analyzing insert size distribution for orientation FF...
[M::mem_pestat] (25, 50, 75) percentile: (3068, 5136, 7978)
[M::mem_pestat] low and high boundaries for computing mean and std.dev: (1, 17798)
[M::mem_pestat] mean and std.dev: (5487.00, 2700.65)
[M::mem_pestat] low and high boundaries for proper pairs: (1, 22708)
[M::mem_pestat] analyzing insert size distribution for orientation FR...
[M::mem_pestat] (25, 50, 75) percentile: (381, 387, 397)
[M::mem_pestat] low and high boundaries for computing mean and std.dev: (349, 429)
[M::mem_pestat] mean and std.dev: (390.03, 11.44)
[M::mem_pestat] low and high boundaries for proper pairs: (333, 445)
[M::mem_pestat] analyzing insert size distribution for orientation RF...
[M::mem_pestat] (25, 50, 75) percentile: (1185, 3215, 7864)
[M::mem_pestat] low and high boundaries for computing mean and std.dev: (1, 21222)
[M::mem_pestat] mean and std.dev: (4162.14, 3202.87)
[M::mem_pestat] low and high boundaries for proper pairs: (1, 27901)
[M::mem_pestat] analyzing insert size distribution for orientation RR...
[M::mem_pestat] (25, 50, 75) percentile: (2044, 4678, 7154)
[M::mem_pestat] low and high boundaries for computing mean and std.dev: (1, 17374)
[M::mem_pestat] mean and std.dev: (4614.12, 2840.60)
[M::mem_pestat] low and high boundaries for proper pairs: (1, 22484)
[M::mem_pestat] skip orientation FF
[M::mem_pestat] skip orientation RF
[M::mem_pestat] skip orientation RR
[M::mem_process_seqs] Processed 80700 reads in 5.534 CPU sec, 2.672 real sec
[M::process] read 80644 sequences (20000334 bp)...
[M::mem_pestat] # candidate unique pairs for (FF, FR, RF, RR): (32, 39437, 46, 35)
[M::mem_pestat] analyzing insert size distribution for orientation FF...
[M::mem_pestat] (25, 50, 75) percentile: (2633, 4874, 6046)
[M::mem_pestat] low and high boundaries for computing mean and std.dev: (1, 12872)
[M::mem_pestat] mean and std.dev: (4713.22, 2353.42)
[M::mem_pestat] low and high boundaries for proper pairs: (1, 16285)
[M::mem_pestat] analyzing insert size distribution for orientation FR...
[M::mem_pestat] (25, 50, 75) percentile: (381, 386, 397)
[M::mem_pestat] low and high boundaries for computing mean and std.dev: (349, 429)
[M::mem_pestat] mean and std.dev: (389.83, 11.44)
[M::mem_pestat] low and high boundaries for proper pairs: (333, 445)
[M::mem_pestat] analyzing insert size distribution for orientation RF...
[M::mem_pestat] (25, 50, 75) percentile: (560, 4091, 6916)
[M::mem_pestat] low and high boundaries for computing mean and std.dev: (1, 19628)
[M::mem_pestat] mean and std.dev: (3934.15, 3114.51)
[M::mem_pestat] low and high boundaries for proper pairs: (1, 25984)
[M::mem_pestat] analyzing insert size distribution for orientation RR...
[M::mem_pestat] (25, 50, 75) percentile: (2425, 4311, 7948)
[M::mem_pestat] low and high boundaries for computing mean and std.dev: (1, 18994)
[M::mem_pestat] mean and std.dev: (4929.77, 2850.48)
[M::mem_pestat] low and high boundaries for proper pairs: (1, 24517)
[M::mem_pestat] skip orientation FF
[M::mem_pestat] skip orientation RF
[M::mem_pestat] skip orientation RR
[M::mem_process_seqs] Processed 80644 reads in 5.568 CPU sec, 2.712 real sec
[M::process] read 80672 sequences (20000039 bp)...
[M::mem_pestat] # candidate unique pairs for (FF, FR, RF, RR): (31, 39401, 41, 44)
[M::mem_pestat] analyzing insert size distribution for orientation FF...
[M::mem_pestat] (25, 50, 75) percentile: (2791, 4056, 8280)
[M::mem_pestat] low and high boundaries for computing mean and std.dev: (1, 19258)
[M::mem_pestat] mean and std.dev: (5162.48, 3049.43)
[M::mem_pestat] low and high boundaries for proper pairs: (1, 24747)
[M::mem_pestat] analyzing insert size distribution for orientation FR...
[M::mem_pestat] (25, 50, 75) percentile: (381, 387, 397)
[M::mem_pestat] low and high boundaries for computing mean and std.dev: (349, 429)
[M::mem_pestat] mean and std.dev: (390.01, 11.47)
[M::mem_pestat] low and high boundaries for proper pairs: (333, 445)
[M::mem_pestat] analyzing insert size distribution for orientation RF...
[M::mem_pestat] (25, 50, 75) percentile: (752, 3258, 6627)
[M::mem_pestat] low and high boundaries for computing mean and std.dev: (1, 18377)
[M::mem_pestat] mean and std.dev: (3769.46, 2944.62)
[M::mem_pestat] low and high boundaries for proper pairs: (1, 24252)
[M::mem_pestat] analyzing insert size distribution for orientation RR...
[M::mem_pestat] (25, 50, 75) percentile: (2730, 5196, 7157)
[M::mem_pestat] low and high boundaries for computing mean and std.dev: (1, 16011)
[M::mem_pestat] mean and std.dev: (5003.75, 2754.20)
[M::mem_pestat] low and high boundaries for proper pairs: (1, 20438)
[M::mem_pestat] skip orientation FF
[M::mem_pestat] skip orientation RF
[M::mem_pestat] skip orientation RR
[M::mem_process_seqs] Processed 80672 reads in 5.676 CPU sec, 2.757 real sec
[M::process] read 80606 sequences (20000297 bp)...
[M::mem_pestat] # candidate unique pairs for (FF, FR, RF, RR): (48, 39340, 52, 35)
[M::mem_pestat] analyzing insert size distribution for orientation FF...
[M::mem_pestat] (25, 50, 75) percentile: (2450, 4618, 7624)
[M::mem_pestat] low and high boundaries for computing mean and std.dev: (1, 17972)
[M::mem_pestat] mean and std.dev: (4802.06, 2830.69)
[M::mem_pestat] low and high boundaries for proper pairs: (1, 23146)
[M::mem_pestat] analyzing insert size distribution for orientation FR...
[M::mem_pestat] (25, 50, 75) percentile: (381, 387, 398)
[M::mem_pestat] low and high boundaries for computing mean and std.dev: (347, 432)
[M::mem_pestat] mean and std.dev: (390.13, 11.38)
[M::mem_pestat] low and high boundaries for proper pairs: (330, 449)
[M::mem_pestat] analyzing insert size distribution for orientation RF...
[M::mem_pestat] (25, 50, 75) percentile: (232, 4399, 7237)
[M::mem_pestat] low and high boundaries for computing mean and std.dev: (1, 21247)
[M::mem_pestat] mean and std.dev: (3941.35, 3290.07)
[M::mem_pestat] low and high boundaries for proper pairs: (1, 28252)
[M::mem_pestat] analyzing insert size distribution for orientation RR...
[M::mem_pestat] (25, 50, 75) percentile: (2925, 4231, 7250)
[M::mem_pestat] low and high boundaries for computing mean and std.dev: (1, 15900)
[M::mem_pestat] mean and std.dev: (4811.23, 2700.77)
[M::mem_pestat] low and high boundaries for proper pairs: (1, 20225)
[M::mem_pestat] skip orientation FF
[M::mem_pestat] skip orientation RF
[M::mem_pestat] skip orientation RR
[M::mem_process_seqs] Processed 80606 reads in 5.581 CPU sec, 2.703 real sec
[M::process] read 80608 sequences (20000160 bp)...
[M::mem_pestat] # candidate unique pairs for (FF, FR, RF, RR): (34, 39350, 57, 39)
[M::mem_pestat] analyzing insert size distribution for orientation FF...
[M::mem_pestat] (25, 50, 75) percentile: (4010, 5741, 7500)
[M::mem_pestat] low and high boundaries for computing mean and std.dev: (1, 14480)
[M::mem_pestat] mean and std.dev: (5469.00, 2616.56)
[M::mem_pestat] low and high boundaries for proper pairs: (1, 17970)
[M::mem_pestat] analyzing insert size distribution for orientation FR...
[M::mem_pestat] (25, 50, 75) percentile: (381, 387, 397)
[M::mem_pestat] low and high boundaries for computing mean and std.dev: (349, 429)
[M::mem_pestat] mean and std.dev: (390.03, 11.42)
[M::mem_pestat] low and high boundaries for proper pairs: (333, 445)
[M::mem_pestat] analyzing insert size distribution for orientation RF...
[M::mem_pestat] (25, 50, 75) percentile: (834, 3144, 6099)
[M::mem_pestat] low and high boundaries for computing mean and std.dev: (1, 16629)
[M::mem_pestat] mean and std.dev: (3581.28, 2775.66)
[M::mem_pestat] low and high boundaries for proper pairs: (1, 21894)
[M::mem_pestat] analyzing insert size distribution for orientation RR...
[M::mem_pestat] (25, 50, 75) percentile: (1550, 3621, 6023)
[M::mem_pestat] low and high boundaries for computing mean and std.dev: (1, 14969)
[M::mem_pestat] mean and std.dev: (3898.54, 2522.77)
[M::mem_pestat] low and high boundaries for proper pairs: (1, 19442)
[M::mem_pestat] skip orientation FF
[M::mem_pestat] skip orientation RF
[M::mem_pestat] skip orientation RR
[M::mem_process_seqs] Processed 80608 reads in 5.793 CPU sec, 2.796 real sec
[M::process] read 60918 sequences (15131495 bp)...
[M::mem_pestat] # candidate unique pairs for (FF, FR, RF, RR): (27, 29861, 29, 28)
[M::mem_pestat] analyzing insert size distribution for orientation FF...
[M::mem_pestat] (25, 50, 75) percentile: (3675, 6985, 8069)
[M::mem_pestat] low and high boundaries for computing mean and std.dev: (1, 16857)
[M::mem_pestat] mean and std.dev: (5962.52, 2615.03)
[M::mem_pestat] low and high boundaries for proper pairs: (1, 21251)
[M::mem_pestat] analyzing insert size distribution for orientation FR...
[M::mem_pestat] (25, 50, 75) percentile: (381, 387, 397)
[M::mem_pestat] low and high boundaries for computing mean and std.dev: (349, 429)
[M::mem_pestat] mean and std.dev: (389.90, 11.50)
[M::mem_pestat] low and high boundaries for proper pairs: (333, 445)
[M::mem_pestat] analyzing insert size distribution for orientation RF...
[M::mem_pestat] (25, 50, 75) percentile: (479, 2612, 7993)
[M::mem_pestat] low and high boundaries for computing mean and std.dev: (1, 23021)
[M::mem_pestat] mean and std.dev: (3831.69, 3545.56)
[M::mem_pestat] low and high boundaries for proper pairs: (1, 30535)
[M::mem_pestat] analyzing insert size distribution for orientation RR...
[M::mem_pestat] (25, 50, 75) percentile: (2791, 5117, 7084)
[M::mem_pestat] low and high boundaries for computing mean and std.dev: (1, 15670)
[M::mem_pestat] mean and std.dev: (4873.14, 2509.09)
[M::mem_pestat] low and high boundaries for proper pairs: (1, 19963)
[M::mem_pestat] skip orientation FF
[M::mem_pestat] skip orientation RF
[M::mem_pestat] skip orientation RR
[M::mem_process_seqs] Processed 60918 reads in 4.174 CPU sec, 2.032 real sec
[main] Version: 0.7.17-r1188
[main] CMD: bwa mem -t 2 SC2238/core/viral_reference SC2238/adapter_trimmed/SC2238_R1_val_1_posttrim_filter.fq.gz SC2238/adapter_trimmed/SC2238_R2_val_2_posttrim_filter.fq.gz
[main] Real time: 39.321 sec; CPU: 68.523 sec
[bam_sort_core] merging from 0 files and 2 in-memory blocks...
