[M::bwa_idx_load_from_disk] read 0 ALT contigs
[M::process] read 80928 sequences (20000205 bp)...
[M::process] read 80928 sequences (20000061 bp)...
[M::mem_pestat] # candidate unique pairs for (FF, FR, RF, RR): (4, 40180, 18, 8)
[M::mem_pestat] skip orientation FF as there are not enough pairs
[M::mem_pestat] analyzing insert size distribution for orientation FR...
[M::mem_pestat] (25, 50, 75) percentile: (380, 386, 394)
[M::mem_pestat] low and high boundaries for computing mean and std.dev: (352, 422)
[M::mem_pestat] mean and std.dev: (388.19, 10.28)
[M::mem_pestat] low and high boundaries for proper pairs: (338, 436)
[M::mem_pestat] analyzing insert size distribution for orientation RF...
[M::mem_pestat] (25, 50, 75) percentile: (215, 610, 1758)
[M::mem_pestat] low and high boundaries for computing mean and std.dev: (1, 4844)
[M::mem_pestat] mean and std.dev: (882.88, 971.61)
[M::mem_pestat] low and high boundaries for proper pairs: (1, 6387)
[M::mem_pestat] skip orientation RR as there are not enough pairs
[M::mem_pestat] skip orientation RF
[M::mem_process_seqs] Processed 80928 reads in 5.329 CPU sec, 2.532 real sec
[M::mem_pestat] # candidate unique pairs for (FF, FR, RF, RR): (3, 40192, 18, 3)
[M::mem_pestat] skip orientation FF as there are not enough pairs
[M::mem_pestat] analyzing insert size distribution for orientation FR...
[M::mem_pestat] (25, 50, 75) percentile: (380, 386, 394)
[M::mem_pestat] low and high boundaries for computing mean and std.dev: (352, 422)
[M::mem_pestat] mean and std.dev: (388.02, 10.33)
[M::mem_pestat] low and high boundaries for proper pairs: (338, 436)
[M::mem_pestat] analyzing insert size distribution for orientation RF...
[M::mem_pestat] (25, 50, 75) percentile: (808, 1954, 2700)
[M::mem_pestat] low and high boundaries for computing mean and std.dev: (1, 6484)
[M::mem_pestat] mean and std.dev: (1463.87, 1076.02)
[M::mem_pestat] low and high boundaries for proper pairs: (1, 8376)
[M::mem_pestat] skip orientation RR as there are not enough pairs
[M::mem_pestat] skip orientation RF
[M::mem_process_seqs] Processed 80928 reads in 5.326 CPU sec, 2.600 real sec
[M::process] read 80900 sequences (20000351 bp)...
[M::mem_pestat] # candidate unique pairs for (FF, FR, RF, RR): (3, 40189, 10, 5)
[M::mem_pestat] skip orientation FF as there are not enough pairs
[M::mem_pestat] analyzing insert size distribution for orientation FR...
[M::mem_pestat] (25, 50, 75) percentile: (380, 386, 394)
[M::mem_pestat] low and high boundaries for computing mean and std.dev: (352, 422)
[M::mem_pestat] mean and std.dev: (388.07, 10.36)
[M::mem_pestat] low and high boundaries for proper pairs: (338, 436)
[M::mem_pestat] analyzing insert size distribution for orientation RF...
[M::mem_pestat] (25, 50, 75) percentile: (523, 975, 2593)
[M::mem_pestat] low and high boundaries for computing mean and std.dev: (1, 6733)
[M::mem_pestat] mean and std.dev: (1623.70, 1577.19)
[M::mem_pestat] low and high boundaries for proper pairs: (1, 8803)
[M::mem_pestat] skip orientation RR as there are not enough pairs
[M::mem_pestat] skip orientation RF
[M::mem_process_seqs] Processed 80900 reads in 5.147 CPU sec, 2.483 real sec
[M::process] read 80736 sequences (20000042 bp)...
[M::mem_pestat] # candidate unique pairs for (FF, FR, RF, RR): (3, 40135, 14, 6)
[M::mem_pestat] skip orientation FF as there are not enough pairs
[M::mem_pestat] analyzing insert size distribution for orientation FR...
[M::mem_pestat] (25, 50, 75) percentile: (380, 386, 394)
[M::mem_pestat] low and high boundaries for computing mean and std.dev: (352, 422)
[M::mem_pestat] mean and std.dev: (387.99, 10.42)
[M::mem_pestat] low and high boundaries for proper pairs: (338, 436)
[M::mem_pestat] analyzing insert size distribution for orientation RF...
[M::mem_pestat] (25, 50, 75) percentile: (322, 614, 2699)
[M::mem_pestat] low and high boundaries for computing mean and std.dev: (1, 7453)
[M::mem_pestat] mean and std.dev: (1300.07, 1290.06)
[M::mem_pestat] low and high boundaries for proper pairs: (1, 9830)
[M::mem_pestat] skip orientation RR as there are not enough pairs
[M::mem_pestat] skip orientation RF
[M::mem_process_seqs] Processed 80736 reads in 5.254 CPU sec, 2.536 real sec
[M::process] read 80814 sequences (20000489 bp)...
[M::mem_pestat] # candidate unique pairs for (FF, FR, RF, RR): (1, 40118, 27, 3)
[M::mem_pestat] skip orientation FF as there are not enough pairs
[M::mem_pestat] analyzing insert size distribution for orientation FR...
[M::mem_pestat] (25, 50, 75) percentile: (380, 386, 394)
[M::mem_pestat] low and high boundaries for computing mean and std.dev: (352, 422)
[M::mem_pestat] mean and std.dev: (388.11, 10.39)
[M::mem_pestat] low and high boundaries for proper pairs: (338, 436)
[M::mem_pestat] analyzing insert size distribution for orientation RF...
[M::mem_pestat] (25, 50, 75) percentile: (610, 837, 4455)
[M::mem_pestat] low and high boundaries for computing mean and std.dev: (1, 12145)
[M::mem_pestat] mean and std.dev: (2681.30, 2959.86)
[M::mem_pestat] low and high boundaries for proper pairs: (1, 15990)
[M::mem_pestat] skip orientation RR as there are not enough pairs
[M::mem_pestat] skip orientation RF
[M::mem_process_seqs] Processed 80814 reads in 5.710 CPU sec, 2.711 real sec
[M::process] read 80888 sequences (20000351 bp)...
[M::mem_pestat] # candidate unique pairs for (FF, FR, RF, RR): (7, 40177, 19, 5)
[M::mem_pestat] skip orientation FF as there are not enough pairs
[M::mem_pestat] analyzing insert size distribution for orientation FR...
[M::mem_pestat] (25, 50, 75) percentile: (380, 386, 394)
[M::mem_pestat] low and high boundaries for computing mean and std.dev: (352, 422)
[M::mem_pestat] mean and std.dev: (388.00, 10.35)
[M::mem_pestat] low and high boundaries for proper pairs: (338, 436)
[M::mem_pestat] analyzing insert size distribution for orientation RF...
[M::mem_pestat] (25, 50, 75) percentile: (610, 840, 2658)
[M::mem_pestat] low and high boundaries for computing mean and std.dev: (1, 6754)
[M::mem_pestat] mean and std.dev: (1597.22, 1424.14)
[M::mem_pestat] low and high boundaries for proper pairs: (1, 8802)
[M::mem_pestat] skip orientation RR as there are not enough pairs
[M::mem_pestat] skip orientation RF
[M::mem_process_seqs] Processed 80888 reads in 5.280 CPU sec, 2.543 real sec
[M::process] read 80918 sequences (20000108 bp)...
[M::mem_pestat] # candidate unique pairs for (FF, FR, RF, RR): (1, 40191, 18, 8)
[M::mem_pestat] skip orientation FF as there are not enough pairs
[M::mem_pestat] analyzing insert size distribution for orientation FR...
[M::mem_pestat] (25, 50, 75) percentile: (379, 386, 393)
[M::mem_pestat] low and high boundaries for computing mean and std.dev: (351, 421)
[M::mem_pestat] mean and std.dev: (387.78, 10.33)
[M::mem_pestat] low and high boundaries for proper pairs: (337, 435)
[M::mem_pestat] analyzing insert size distribution for orientation RF...
[M::mem_pestat] (25, 50, 75) percentile: (227, 857, 1315)
[M::mem_pestat] low and high boundaries for computing mean and std.dev: (1, 3491)
[M::mem_pestat] mean and std.dev: (775.29, 530.59)
[M::mem_pestat] low and high boundaries for proper pairs: (1, 4579)
[M::mem_pestat] skip orientation RR as there are not enough pairs
[M::mem_pestat] skip orientation RF
[M::mem_process_seqs] Processed 80918 reads in 5.362 CPU sec, 2.584 real sec
[M::process] read 80888 sequences (20000493 bp)...
[M::mem_pestat] # candidate unique pairs for (FF, FR, RF, RR): (4, 40186, 19, 4)
[M::mem_pestat] skip orientation FF as there are not enough pairs
[M::mem_pestat] analyzing insert size distribution for orientation FR...
[M::mem_pestat] (25, 50, 75) percentile: (380, 386, 394)
[M::mem_pestat] low and high boundaries for computing mean and std.dev: (352, 422)
[M::mem_pestat] mean and std.dev: (388.32, 10.37)
[M::mem_pestat] low and high boundaries for proper pairs: (338, 436)
[M::mem_pestat] analyzing insert size distribution for orientation RF...
[M::mem_pestat] (25, 50, 75) percentile: (704, 890, 1473)
[M::mem_pestat] low and high boundaries for computing mean and std.dev: (1, 3011)
[M::mem_pestat] mean and std.dev: (923.47, 499.60)
[M::mem_pestat] low and high boundaries for proper pairs: (1, 3780)
[M::mem_pestat] skip orientation RR as there are not enough pairs
[M::mem_pestat] skip orientation RF
[M::mem_process_seqs] Processed 80888 reads in 4.990 CPU sec, 2.404 real sec
[M::process] read 80850 sequences (20000017 bp)...
[M::mem_pestat] # candidate unique pairs for (FF, FR, RF, RR): (2, 40136, 19, 2)
[M::mem_pestat] skip orientation FF as there are not enough pairs
[M::mem_pestat] analyzing insert size distribution for orientation FR...
[M::mem_pestat] (25, 50, 75) percentile: (380, 386, 394)
[M::mem_pestat] low and high boundaries for computing mean and std.dev: (352, 422)
[M::mem_pestat] mean and std.dev: (388.25, 10.30)
[M::mem_pestat] low and high boundaries for proper pairs: (338, 436)
[M::mem_pestat] analyzing insert size distribution for orientation RF...
[M::mem_pestat] (25, 50, 75) percentile: (611, 814, 1954)
[M::mem_pestat] low and high boundaries for computing mean and std.dev: (1, 4640)
[M::mem_pestat] mean and std.dev: (987.00, 803.06)
[M::mem_pestat] low and high boundaries for proper pairs: (1, 5983)
[M::mem_pestat] skip orientation RR as there are not enough pairs
[M::mem_pestat] skip orientation RF
[M::mem_process_seqs] Processed 80850 reads in 5.233 CPU sec, 2.521 real sec
[M::process] read 80852 sequences (20000295 bp)...
[M::mem_pestat] # candidate unique pairs for (FF, FR, RF, RR): (6, 40156, 8, 6)
[M::mem_pestat] skip orientation FF as there are not enough pairs
[M::mem_pestat] analyzing insert size distribution for orientation FR...
[M::mem_pestat] (25, 50, 75) percentile: (380, 386, 394)
[M::mem_pestat] low and high boundaries for computing mean and std.dev: (352, 422)
[M::mem_pestat] mean and std.dev: (388.05, 10.33)
[M::mem_pestat] low and high boundaries for proper pairs: (338, 436)
[M::mem_pestat] skip orientation RF as there are not enough pairs
[M::mem_pestat] skip orientation RR as there are not enough pairs
[M::mem_process_seqs] Processed 80852 reads in 5.126 CPU sec, 2.466 real sec
[M::process] read 80816 sequences (20000231 bp)...
[M::mem_pestat] # candidate unique pairs for (FF, FR, RF, RR): (4, 40121, 15, 7)
[M::mem_pestat] skip orientation FF as there are not enough pairs
[M::mem_pestat] analyzing insert size distribution for orientation FR...
[M::mem_pestat] (25, 50, 75) percentile: (380, 386, 394)
[M::mem_pestat] low and high boundaries for computing mean and std.dev: (352, 422)
[M::mem_pestat] mean and std.dev: (388.03, 10.34)
[M::mem_pestat] low and high boundaries for proper pairs: (338, 436)
[M::mem_pestat] analyzing insert size distribution for orientation RF...
[M::mem_pestat] (25, 50, 75) percentile: (563, 737, 4455)
[M::mem_pestat] low and high boundaries for computing mean and std.dev: (1, 12239)
[M::mem_pestat] mean and std.dev: (2369.53, 2938.10)
[M::mem_pestat] low and high boundaries for proper pairs: (1, 16131)
[M::mem_pestat] skip orientation RR as there are not enough pairs
[M::mem_pestat] skip orientation RF
[M::mem_process_seqs] Processed 80816 reads in 5.377 CPU sec, 2.601 real sec
[M::process] read 1720 sequences (423939 bp)...
[M::mem_pestat] # candidate unique pairs for (FF, FR, RF, RR): (0, 853, 0, 0)
[M::mem_pestat] skip orientation FF as there are not enough pairs
[M::mem_pestat] analyzing insert size distribution for orientation FR...
[M::mem_pestat] (25, 50, 75) percentile: (379, 384, 393)
[M::mem_pestat] low and high boundaries for computing mean and std.dev: (351, 421)
[M::mem_pestat] mean and std.dev: (387.11, 10.38)
[M::mem_pestat] low and high boundaries for proper pairs: (337, 435)
[M::mem_pestat] skip orientation RF as there are not enough pairs
[M::mem_pestat] skip orientation RR as there are not enough pairs
[M::mem_process_seqs] Processed 1720 reads in 0.182 CPU sec, 0.088 real sec
[main] Version: 0.7.17-r1188
[main] CMD: bwa mem -t 2 SC2261/core/viral_reference SC2261/adapter_trimmed/SC2261_R1_val_1_posttrim_filter.fq.gz SC2261/adapter_trimmed/SC2261_R2_val_2_posttrim_filter.fq.gz
[main] Real time: 34.671 sec; CPU: 61.404 sec
[bam_sort_core] merging from 0 files and 2 in-memory blocks...
