Path to Cutadapt set as: 'cutadapt' (default)
Cutadapt seems to be working fine (tested command 'cutadapt --version')
Cutadapt version: 4.1
Could not detect version of Python used by Cutadapt from the first line of Cutadapt (but found this: >>>#!/bin/sh<<<)
Letting the (modified) Cutadapt deal with the Python version instead
Parallel gzip (pigz) detected. Proceeding with multicore (de)compression using 2 cores

No quality encoding type selected. Assuming that the data provided uses Sanger encoded Phred scores (default)

Output will be written into the directory: /workspace/home/nasirja/covid-19-signal/subset_viral_7_results_dir/SC2213/adapter_trimmed/


AUTO-DETECTING ADAPTER TYPE
===========================
Attempting to auto-detect adapter type from the first 1 million sequences of the first file (>> SC2213/host_removal/SC2213_R1.fastq.gz <<)

Found perfect matches for the following adapter sequences:
Adapter type	Count	Sequence	Sequences analysed	Percentage
Illumina	14479	AGATCGGAAGAGC	770078	1.88
smallRNA	0	TGGAATTCTCGG	770078	0.00
Nextera	0	CTGTCTCTTATA	770078	0.00
Using Illumina adapter for trimming (count: 14479). Second best hit was smallRNA (count: 0)

Writing report to '/workspace/home/nasirja/covid-19-signal/subset_viral_7_results_dir/SC2213/adapter_trimmed/SC2213_R1.fastq.gz_trimming_report.txt'

SUMMARISING RUN PARAMETERS
==========================
Input filename: SC2213/host_removal/SC2213_R1.fastq.gz
Trimming mode: paired-end
Trim Galore version: 0.6.4_dev
Cutadapt version: 4.1
Python version: could not detect
Number of cores used for trimming: 2
Quality Phred score cutoff: 20
Quality encoding type selected: ASCII+33
Adapter sequence: 'AGATCGGAAGAGC' (Illumina TruSeq, Sanger iPCR; auto-detected)
Maximum trimming error rate: 0.1 (default)
Minimum required adapter overlap (stringency): 1 bp
Minimum required sequence length for both reads before a sequence pair gets removed: 20 bp
Running FastQC on the data once trimming has completed
Output file(s) will be GZIP compressed

Cutadapt seems to be fairly up-to-date (version 4.1). Setting -j 2
Writing final adapter and quality trimmed output to SC2213_R1_trimmed.fq.gz


  >>> Now performing quality (cutoff '-q 20') and adapter trimming in a single pass for the adapter sequence: 'AGATCGGAAGAGC' from file SC2213/host_removal/SC2213_R1.fastq.gz <<< 
This is cutadapt 4.1 with Python 3.9.13
Command line parameters: -j 2 -e 0.1 -q 20 -O 1 -a AGATCGGAAGAGC SC2213/host_removal/SC2213_R1.fastq.gz
Processing single-end reads on 2 cores ...
Finished in 27.19 s (35 µs/read; 1.70 M reads/minute).

=== Summary ===

Total reads processed:                 770,078
Reads with adapters:                   269,394 (35.0%)
Reads written (passing filters):       770,078 (100.0%)

Total basepairs processed:   193,289,578 bp
Quality-trimmed:                 991,603 bp (0.5%)
Total written (filtered):    190,950,248 bp (98.8%)

=== Adapter 1 ===

Sequence: AGATCGGAAGAGC; Type: regular 3'; Length: 13; Trimmed: 269394 times

Minimum overlap: 1
No. of allowed errors:
1-9 bp: 0; 10-13 bp: 1

Bases preceding removed adapters:
  A: 35.6%
  C: 23.4%
  G: 9.8%
  T: 31.0%
  none/other: 0.2%

Overview of removed sequences
length	count	expect	max.err	error counts
1	177684	192519.5	0	177684
2	62686	48129.9	0	62686
3	8487	12032.5	0	8487
4	2708	3008.1	0	2708
5	176	752.0	0	176
6	167	188.0	0	167
7	1111	47.0	0	1111
8	105	11.8	0	105
9	195	2.9	0	195
10	235	0.7	1	227 8
11	97	0.2	1	92 5
12	252	0.0	1	248 4
13	158	0.0	1	150 8
14	110	0.0	1	101 9
15	172	0.0	1	168 4
16	98	0.0	1	93 5
17	130	0.0	1	122 8
18	147	0.0	1	146 1
19	135	0.0	1	126 9
20	156	0.0	1	152 4
21	147	0.0	1	138 9
22	189	0.0	1	183 6
23	134	0.0	1	127 7
24	456	0.0	1	443 13
25	250	0.0	1	236 14
26	79	0.0	1	72 7
27	163	0.0	1	150 13
28	349	0.0	1	335 14
29	171	0.0	1	159 12
30	347	0.0	1	332 15
31	216	0.0	1	203 13
32	241	0.0	1	232 9
33	58	0.0	1	51 7
34	165	0.0	1	160 5
35	109	0.0	1	104 5
36	168	0.0	1	158 10
37	143	0.0	1	135 8
38	227	0.0	1	220 7
39	37	0.0	1	31 6
40	125	0.0	1	120 5
41	431	0.0	1	415 16
42	146	0.0	1	136 10
43	154	0.0	1	147 7
44	52	0.0	1	52
45	112	0.0	1	107 5
46	54	0.0	1	50 4
47	148	0.0	1	143 5
48	56	0.0	1	51 5
49	161	0.0	1	152 9
50	62	0.0	1	57 5
51	282	0.0	1	276 6
52	157	0.0	1	148 9
53	180	0.0	1	173 7
54	216	0.0	1	199 17
55	108	0.0	1	102 6
56	48	0.0	1	48
57	128	0.0	1	118 10
58	72	0.0	1	69 3
59	135	0.0	1	132 3
60	74	0.0	1	73 1
61	78	0.0	1	77 1
62	67	0.0	1	61 6
63	95	0.0	1	91 4
64	47	0.0	1	45 2
65	92	0.0	1	88 4
66	80	0.0	1	76 4
67	29	0.0	1	25 4
68	61	0.0	1	59 2
69	97	0.0	1	89 8
70	87	0.0	1	83 4
71	84	0.0	1	82 2
72	130	0.0	1	126 4
73	187	0.0	1	170 17
74	286	0.0	1	257 29
75	498	0.0	1	440 58
76	1232	0.0	1	1158 74
77	952	0.0	1	906 46
78	550	0.0	1	508 42
79	307	0.0	1	276 31
80	218	0.0	1	199 19
81	139	0.0	1	124 15
82	98	0.0	1	89 9
83	77	0.0	1	71 6
84	78	0.0	1	69 9
85	62	0.0	1	55 7
86	61	0.0	1	48 13
87	65	0.0	1	54 11
88	33	0.0	1	29 4
89	42	0.0	1	40 2
90	46	0.0	1	42 4
91	30	0.0	1	26 4
92	38	0.0	1	32 6
93	47	0.0	1	44 3
94	118	0.0	1	113 5
95	54	0.0	1	48 6
96	51	0.0	1	47 4
97	51	0.0	1	47 4
98	23	0.0	1	21 2
99	28	0.0	1	23 5
100	21	0.0	1	19 2
101	17	0.0	1	14 3
102	22	0.0	1	19 3
103	15	0.0	1	15
104	16	0.0	1	15 1
105	19	0.0	1	18 1
106	18	0.0	1	15 3
107	25	0.0	1	20 5
108	16	0.0	1	16
109	16	0.0	1	14 2
110	14	0.0	1	13 1
111	19	0.0	1	16 3
112	10	0.0	1	9 1
113	18	0.0	1	16 2
114	18	0.0	1	16 2
115	9	0.0	1	7 2
116	16	0.0	1	12 4
117	23	0.0	1	21 2
118	11	0.0	1	11
119	14	0.0	1	12 2
120	8	0.0	1	5 3
121	14	0.0	1	12 2
122	7	0.0	1	6 1
123	14	0.0	1	13 1
124	5	0.0	1	5
125	17	0.0	1	15 2
126	11	0.0	1	9 2
127	24	0.0	1	21 3
128	13	0.0	1	10 3
129	14	0.0	1	9 5
130	9	0.0	1	4 5
131	22	0.0	1	19 3
132	10	0.0	1	9 1
133	11	0.0	1	10 1
134	19	0.0	1	13 6
135	19	0.0	1	16 3
136	15	0.0	1	9 6
137	6	0.0	1	5 1
138	10	0.0	1	9 1
139	12	0.0	1	10 2
140	11	0.0	1	7 4
141	28	0.0	1	26 2
142	8	0.0	1	7 1
143	16	0.0	1	15 1
144	7	0.0	1	7
145	10	0.0	1	9 1
146	17	0.0	1	17
147	14	0.0	1	11 3
148	6	0.0	1	5 1
149	9	0.0	1	9
150	11	0.0	1	9 2
151	9	0.0	1	9
152	10	0.0	1	8 2
153	16	0.0	1	15 1
154	14	0.0	1	10 4
155	12	0.0	1	10 2
156	38	0.0	1	31 7
157	19	0.0	1	16 3
158	26	0.0	1	24 2
159	19	0.0	1	17 2
160	26	0.0	1	26
161	32	0.0	1	31 1
162	32	0.0	1	29 3
163	26	0.0	1	21 5
164	20	0.0	1	19 1
165	7	0.0	1	5 2
166	14	0.0	1	12 2
167	15	0.0	1	14 1
168	19	0.0	1	14 5
169	24	0.0	1	19 5
170	18	0.0	1	16 2
171	5	0.0	1	3 2
172	20	0.0	1	17 3
173	9	0.0	1	9
174	18	0.0	1	14 4
175	11	0.0	1	10 1
176	14	0.0	1	12 2
177	6	0.0	1	4 2
178	7	0.0	1	6 1
179	6	0.0	1	3 3
180	11	0.0	1	10 1
181	2	0.0	1	1 1
182	3	0.0	1	2 1
183	12	0.0	1	11 1
184	4	0.0	1	3 1
185	19	0.0	1	18 1
186	4	0.0	1	3 1
187	7	0.0	1	7
188	2	0.0	1	1 1
189	4	0.0	1	2 2
190	8	0.0	1	8
191	6	0.0	1	3 3
192	6	0.0	1	6
193	2	0.0	1	1 1
194	2	0.0	1	0 2
195	5	0.0	1	5
196	4	0.0	1	4
197	2	0.0	1	2
198	1	0.0	1	1
199	1	0.0	1	1
200	4	0.0	1	4
201	3	0.0	1	3
202	1	0.0	1	0 1
203	1	0.0	1	1
204	2	0.0	1	1 1
205	3	0.0	1	2 1
206	3	0.0	1	1 2
207	1	0.0	1	1
208	2	0.0	1	1 1
209	1	0.0	1	1
212	4	0.0	1	2 2
213	2	0.0	1	2
214	2	0.0	1	1 1
215	3	0.0	1	2 1
217	2	0.0	1	2
218	1	0.0	1	0 1
219	2	0.0	1	1 1
222	2	0.0	1	1 1
223	2	0.0	1	2
225	2	0.0	1	2
227	1	0.0	1	0 1
229	1	0.0	1	1
230	1	0.0	1	0 1
232	2	0.0	1	2
233	1	0.0	1	1
234	2	0.0	1	1 1
235	1	0.0	1	1
239	1	0.0	1	1
241	1	0.0	1	0 1
244	2	0.0	1	1 1
245	1	0.0	1	0 1
246	1	0.0	1	0 1
248	1	0.0	1	0 1
249	1	0.0	1	0 1
250	10	0.0	1	0 10
251	116	0.0	1	0 116

RUN STATISTICS FOR INPUT FILE: SC2213/host_removal/SC2213_R1.fastq.gz
=============================================
770078 sequences processed in total
The length threshold of paired-end sequences gets evaluated later on (in the validation step)

Writing report to '/workspace/home/nasirja/covid-19-signal/subset_viral_7_results_dir/SC2213/adapter_trimmed/SC2213_R2.fastq.gz_trimming_report.txt'

SUMMARISING RUN PARAMETERS
==========================
Input filename: SC2213/host_removal/SC2213_R2.fastq.gz
Trimming mode: paired-end
Trim Galore version: 0.6.4_dev
Cutadapt version: 4.1
Python version: could not detect
Number of cores used for trimming: 2
Quality Phred score cutoff: 20
Quality encoding type selected: ASCII+33
Adapter sequence: 'AGATCGGAAGAGC' (Illumina TruSeq, Sanger iPCR; auto-detected)
Maximum trimming error rate: 0.1 (default)
Minimum required adapter overlap (stringency): 1 bp
Minimum required sequence length for both reads before a sequence pair gets removed: 20 bp
Running FastQC on the data once trimming has completed
Output file(s) will be GZIP compressed

Cutadapt seems to be fairly up-to-date (version 4.1). Setting -j -j 2
Writing final adapter and quality trimmed output to SC2213_R2_trimmed.fq.gz


  >>> Now performing quality (cutoff '-q 20') and adapter trimming in a single pass for the adapter sequence: 'AGATCGGAAGAGC' from file SC2213/host_removal/SC2213_R2.fastq.gz <<< 
This is cutadapt 4.1 with Python 3.9.13
Command line parameters: -j 2 -e 0.1 -q 20 -O 1 -a AGATCGGAAGAGC SC2213/host_removal/SC2213_R2.fastq.gz
Processing single-end reads on 2 cores ...
Finished in 28.74 s (37 µs/read; 1.61 M reads/minute).

=== Summary ===

Total reads processed:                 770,078
Reads with adapters:                   264,100 (34.3%)
Reads written (passing filters):       770,078 (100.0%)

Total basepairs processed:   193,289,578 bp
Quality-trimmed:               2,347,720 bp (1.2%)
Total written (filtered):    189,695,904 bp (98.1%)

=== Adapter 1 ===

Sequence: AGATCGGAAGAGC; Type: regular 3'; Length: 13; Trimmed: 264100 times

Minimum overlap: 1
No. of allowed errors:
1-9 bp: 0; 10-13 bp: 1

Bases preceding removed adapters:
  A: 38.6%
  C: 22.5%
  G: 9.7%
  T: 28.9%
  none/other: 0.3%

Overview of removed sequences
length	count	expect	max.err	error counts
1	179906	192519.5	0	179906
2	54822	48129.9	0	54822
3	9671	12032.5	0	9671
4	2279	3008.1	0	2279
5	166	752.0	0	166
6	163	188.0	0	163
7	1151	47.0	0	1151
8	66	11.8	0	66
9	240	2.9	0	240
10	226	0.7	1	211 15
11	69	0.2	1	63 6
12	293	0.0	1	284 9
13	45	0.0	1	42 3
14	267	0.0	1	257 10
15	83	0.0	1	78 5
16	119	0.0	1	105 14
17	211	0.0	1	199 12
18	67	0.0	1	61 6
19	213	0.0	1	205 8
20	139	0.0	1	131 8
21	34	0.0	1	30 4
22	158	0.0	1	150 8
23	200	0.0	1	186 14
24	617	0.0	1	587 30
25	46	0.0	1	37 9
26	170	0.0	1	158 12
27	234	0.0	1	223 11
28	370	0.0	1	358 12
29	140	0.0	1	128 12
30	628	0.0	1	613 15
31	58	0.0	1	53 5
32	318	0.0	1	304 14
33	69	0.0	1	62 7
34	223	0.0	1	212 11
35	121	0.0	1	113 8
36	73	0.0	1	69 4
37	159	0.0	1	158 1
38	84	0.0	1	78 6
39	119	0.0	1	114 5
40	351	0.0	1	342 9
41	135	0.0	1	133 2
42	189	0.0	1	188 1
43	152	0.0	1	141 11
44	136	0.0	1	132 4
45	257	0.0	1	253 4
46	194	0.0	1	187 7
47	271	0.0	1	266 5
48	171	0.0	1	166 5
49	162	0.0	1	157 5
50	149	0.0	1	146 3
51	144	0.0	1	135 9
52	114	0.0	1	108 6
53	174	0.0	1	170 4
54	258	0.0	1	252 6
55	77	0.0	1	73 4
56	154	0.0	1	148 6
57	304	0.0	1	299 5
58	174	0.0	1	172 2
59	54	0.0	1	53 1
60	141	0.0	1	138 3
61	71	0.0	1	68 3
62	44	0.0	1	42 2
63	149	0.0	1	147 2
64	68	0.0	1	68
65	44	0.0	1	43 1
66	35	0.0	1	33 2
67	24	0.0	1	24
68	45	0.0	1	45
69	43	0.0	1	43
70	50	0.0	1	48 2
71	32	0.0	1	31 1
72	70	0.0	1	67 3
73	97	0.0	1	92 5
74	137	0.0	1	132 5
75	153	0.0	1	142 11
76	173	0.0	1	153 20
77	302	0.0	1	274 28
78	414	0.0	1	368 46
79	647	0.0	1	542 105
80	1015	0.0	1	918 97
81	583	0.0	1	517 66
82	288	0.0	1	243 45
83	151	0.0	1	121 30
84	90	0.0	1	71 19
85	59	0.0	1	48 11
86	50	0.0	1	37 13
87	41	0.0	1	28 13
88	33	0.0	1	22 11
89	38	0.0	1	33 5
90	24	0.0	1	19 5
91	26	0.0	1	19 7
92	16	0.0	1	11 5
93	25	0.0	1	22 3
94	76	0.0	1	67 9
95	28	0.0	1	23 5
96	29	0.0	1	26 3
97	29	0.0	1	28 1
98	10	0.0	1	8 2
99	19	0.0	1	17 2
100	16	0.0	1	14 2
101	7	0.0	1	7
102	9	0.0	1	5 4
103	9	0.0	1	5 4
104	13	0.0	1	13
105	26	0.0	1	23 3
106	7	0.0	1	5 2
107	7	0.0	1	3 4
108	11	0.0	1	8 3
109	10	0.0	1	9 1
110	5	0.0	1	5
111	9	0.0	1	6 3
112	16	0.0	1	14 2
113	16	0.0	1	14 2
114	12	0.0	1	7 5
115	6	0.0	1	3 3
116	9	0.0	1	6 3
117	11	0.0	1	8 3
118	12	0.0	1	5 7
119	14	0.0	1	8 6
120	4	0.0	1	3 1
121	7	0.0	1	4 3
122	6	0.0	1	5 1
123	14	0.0	1	11 3
124	7	0.0	1	5 2
125	14	0.0	1	11 3
126	10	0.0	1	8 2
127	16	0.0	1	11 5
128	10	0.0	1	6 4
129	11	0.0	1	8 3
130	4	0.0	1	3 1
131	8	0.0	1	7 1
132	8	0.0	1	5 3
133	9	0.0	1	8 1
134	13	0.0	1	7 6
135	6	0.0	1	3 3
136	8	0.0	1	7 1
137	2	0.0	1	1 1
138	4	0.0	1	3 1
139	8	0.0	1	5 3
140	6	0.0	1	5 1
141	26	0.0	1	20 6
142	8	0.0	1	4 4
143	13	0.0	1	7 6
144	8	0.0	1	6 2
145	7	0.0	1	4 3
146	13	0.0	1	9 4
147	11	0.0	1	6 5
148	7	0.0	1	4 3
149	7	0.0	1	5 2
150	7	0.0	1	3 4
151	2	0.0	1	1 1
152	4	0.0	1	4
153	12	0.0	1	9 3
154	19	0.0	1	13 6
155	10	0.0	1	9 1
156	24	0.0	1	18 6
157	12	0.0	1	9 3
158	14	0.0	1	13 1
159	14	0.0	1	13 1
160	33	0.0	1	28 5
161	16	0.0	1	14 2
162	21	0.0	1	18 3
163	19	0.0	1	18 1
164	25	0.0	1	24 1
165	11	0.0	1	7 4
166	9	0.0	1	7 2
167	16	0.0	1	15 1
168	20	0.0	1	16 4
169	14	0.0	1	12 2
170	9	0.0	1	7 2
171	5	0.0	1	4 1
172	11	0.0	1	10 1
173	8	0.0	1	7 1
174	9	0.0	1	8 1
175	6	0.0	1	5 1
176	8	0.0	1	6 2
177	3	0.0	1	3
178	3	0.0	1	3
179	6	0.0	1	4 2
180	5	0.0	1	5
181	4	0.0	1	4
182	2	0.0	1	1 1
183	3	0.0	1	3
184	2	0.0	1	2
185	19	0.0	1	19
186	3	0.0	1	3
187	3	0.0	1	3
188	1	0.0	1	1
189	4	0.0	1	3 1
190	4	0.0	1	3 1
191	1	0.0	1	1
192	8	0.0	1	6 2
193	3	0.0	1	3
195	2	0.0	1	2
196	2	0.0	1	2
198	1	0.0	1	1
199	2	0.0	1	1 1
200	2	0.0	1	2
202	1	0.0	1	1
203	1	0.0	1	1
204	1	0.0	1	1
207	1	0.0	1	1
208	2	0.0	1	2
210	2	0.0	1	2
212	3	0.0	1	3
213	1	0.0	1	1
217	2	0.0	1	1 1
222	1	0.0	1	1
226	1	0.0	1	1
227	1	0.0	1	1
228	1	0.0	1	1
230	1	0.0	1	1
231	1	0.0	1	1
232	1	0.0	1	1
233	1	0.0	1	1
236	1	0.0	1	0 1
244	1	0.0	1	0 1
247	2	0.0	1	0 2
249	2	0.0	1	0 2
250	6	0.0	1	0 6
251	119	0.0	1	0 119

RUN STATISTICS FOR INPUT FILE: SC2213/host_removal/SC2213_R2.fastq.gz
=============================================
770078 sequences processed in total
The length threshold of paired-end sequences gets evaluated later on (in the validation step)

Validate paired-end files SC2213_R1_trimmed.fq.gz and SC2213_R2_trimmed.fq.gz
file_1: SC2213_R1_trimmed.fq.gz, file_2: SC2213_R2_trimmed.fq.gz


>>>>> Now validing the length of the 2 paired-end infiles: SC2213_R1_trimmed.fq.gz and SC2213_R2_trimmed.fq.gz <<<<<
Writing validated paired-end Read 1 reads to SC2213_R1_val_1.fq.gz
Writing validated paired-end Read 2 reads to SC2213_R2_val_2.fq.gz

Total number of sequences analysed: 770078

Number of sequence pairs removed because at least one read was shorter than the length cutoff (20 bp): 2691 (0.35%)


  >>> Now running FastQC on the validated data SC2213_R1_val_1.fq.gz<<<

Started analysis of SC2213_R1_val_1.fq.gz
Approx 5% complete for SC2213_R1_val_1.fq.gz
Approx 10% complete for SC2213_R1_val_1.fq.gz
Approx 15% complete for SC2213_R1_val_1.fq.gz
Approx 20% complete for SC2213_R1_val_1.fq.gz
Approx 25% complete for SC2213_R1_val_1.fq.gz
Approx 30% complete for SC2213_R1_val_1.fq.gz
Approx 35% complete for SC2213_R1_val_1.fq.gz
Approx 40% complete for SC2213_R1_val_1.fq.gz
Approx 45% complete for SC2213_R1_val_1.fq.gz
Approx 50% complete for SC2213_R1_val_1.fq.gz
Approx 55% complete for SC2213_R1_val_1.fq.gz
Approx 60% complete for SC2213_R1_val_1.fq.gz
Approx 65% complete for SC2213_R1_val_1.fq.gz
Approx 70% complete for SC2213_R1_val_1.fq.gz
Approx 75% complete for SC2213_R1_val_1.fq.gz
Approx 80% complete for SC2213_R1_val_1.fq.gz
Approx 85% complete for SC2213_R1_val_1.fq.gz
Approx 90% complete for SC2213_R1_val_1.fq.gz
Approx 95% complete for SC2213_R1_val_1.fq.gz

  >>> Now running FastQC on the validated data SC2213_R2_val_2.fq.gz<<<

Started analysis of SC2213_R2_val_2.fq.gz
Approx 5% complete for SC2213_R2_val_2.fq.gz
Approx 10% complete for SC2213_R2_val_2.fq.gz
Approx 15% complete for SC2213_R2_val_2.fq.gz
Approx 20% complete for SC2213_R2_val_2.fq.gz
Approx 25% complete for SC2213_R2_val_2.fq.gz
Approx 30% complete for SC2213_R2_val_2.fq.gz
Approx 35% complete for SC2213_R2_val_2.fq.gz
Approx 40% complete for SC2213_R2_val_2.fq.gz
Approx 45% complete for SC2213_R2_val_2.fq.gz
Approx 50% complete for SC2213_R2_val_2.fq.gz
Approx 55% complete for SC2213_R2_val_2.fq.gz
Approx 60% complete for SC2213_R2_val_2.fq.gz
Approx 65% complete for SC2213_R2_val_2.fq.gz
Approx 70% complete for SC2213_R2_val_2.fq.gz
Approx 75% complete for SC2213_R2_val_2.fq.gz
Approx 80% complete for SC2213_R2_val_2.fq.gz
Approx 85% complete for SC2213_R2_val_2.fq.gz
Approx 90% complete for SC2213_R2_val_2.fq.gz
Approx 95% complete for SC2213_R2_val_2.fq.gz
Deleting both intermediate output files SC2213_R1_trimmed.fq.gz and SC2213_R2_trimmed.fq.gz

====================================================================================================

