Aligning contigs to reference...
	Aligning contigs to the reference
Filtering alignments...
Parsing coords...
Loading reference...
	Loaded [MN908947.3]
	Total Regions: 1
	Total Region Length: 29903
Analyzing contigs...
CONTIG: Plate4BLANK4 (29903bp)
Best alignment score: 683.0 (LEN: 683, IDY: 100.00), Total number of alignments: 29
			Looking for the best set of alignments (out of 29 total alignments)
			The best set is below. Score: 7895.4, number of alignments: 29, unaligned bases: 21861
		This contig is misassembled.
			Real Alignment 1: 343 582 | 343 582 | 240 240 | 100.0 | MN908947.3 Plate4BLANK4
			  Incorrectly estimated size of scaffold gap between these two alignments: gap length difference = 0 (local)
			Real Alignment 2: 1087 1193 | 1087 1193 | 107 107 | 100.0 | MN908947.3 Plate4BLANK4
			  Incorrectly estimated size of scaffold gap between these two alignments: gap length difference = 0 (local)
			Real Alignment 3: 1265 1493 | 1265 1493 | 229 229 | 100.0 | MN908947.3 Plate4BLANK4
			  Incorrectly estimated size of scaffold gap between these two alignments: gap length difference = 0 (local)
			Real Alignment 4: 4078 4402 | 4078 4402 | 325 325 | 100.0 | MN908947.3 Plate4BLANK4
			  Incorrectly estimated size of scaffold gap between these two alignments: gap length difference = 0 (local)
			Real Alignment 5: 6623 6846 | 6623 6846 | 224 224 | 100.0 | MN908947.3 Plate4BLANK4
			  Incorrectly estimated size of scaffold gap between these two alignments: gap length difference = 0 (local)
			Real Alignment 6: 7333 7671 | 7333 7671 | 339 339 | 100.0 | MN908947.3 Plate4BLANK4
			  Incorrectly estimated size of scaffold gap between these two alignments: gap length difference = 0 (local)
			Real Alignment 7: 8914 9245 | 8914 9245 | 332 332 | 100.0 | MN908947.3 Plate4BLANK4
			  Incorrectly estimated size of scaffold gap between these two alignments: gap length difference = 0 (local)
			Real Alignment 8: 10100 10437 | 10100 10437 | 338 338 | 100.0 | MN908947.3 Plate4BLANK4
			  Incorrectly estimated size of scaffold gap between these two alignments: gap length difference = 0 (local)
			Real Alignment 9: 11144 11372 | 11144 11372 | 229 229 | 100.0 | MN908947.3 Plate4BLANK4
			  Incorrectly estimated size of scaffold gap between these two alignments: gap length difference = 0 (local)
			Real Alignment 10: 11699 11806 | 11699 11806 | 108 108 | 100.0 | MN908947.3 Plate4BLANK4
			  Incorrectly estimated size of scaffold gap between these two alignments: gap length difference = 0 (local)
			Real Alignment 11: 12007 12361 | 12007 12361 | 355 355 | 100.0 | MN908947.3 Plate4BLANK4
			  Incorrectly estimated size of scaffold gap between these two alignments: gap length difference = 0 (local)
			Real Alignment 12: 13136 13257 | 13136 13257 | 122 122 | 100.0 | MN908947.3 Plate4BLANK4
			  Incorrectly estimated size of scaffold gap between these two alignments: gap length difference = 0 (local)
			Real Alignment 13: 13626 14169 | 13626 14169 | 544 544 | 100.0 | MN908947.3 Plate4BLANK4
			  Incorrectly estimated size of scaffold gap between these two alignments: gap length difference = 0 (local)
			Real Alignment 14: 14676 14796 | 14676 14796 | 121 121 | 100.0 | MN908947.3 Plate4BLANK4
			  Incorrectly estimated size of scaffold gap between these two alignments: gap length difference = 0 (local)
			Real Alignment 15: 15504 16186 | 15504 16186 | 683 683 | 100.0 | MN908947.3 Plate4BLANK4
			  Incorrectly estimated size of scaffold gap between these two alignments: gap length difference = 0 (local)
			Real Alignment 16: 17205 17315 | 17205 17315 | 111 111 | 100.0 | MN908947.3 Plate4BLANK4
			  Incorrectly estimated size of scaffold gap between these two alignments: gap length difference = 0 (local)
			Real Alignment 17: 18100 18217 | 18100 18217 | 118 118 | 100.0 | MN908947.3 Plate4BLANK4
			  Incorrectly estimated size of scaffold gap between these two alignments: gap length difference = 0 (local)
			Real Alignment 18: 18619 18957 | 18619 18957 | 339 339 | 99.71 | MN908947.3 Plate4BLANK4
			  Incorrectly estimated size of scaffold gap between these two alignments: gap length difference = 0 (local)
			Real Alignment 19: 19689 19798 | 19689 19798 | 110 110 | 100.0 | MN908947.3 Plate4BLANK4
			  Incorrectly estimated size of scaffold gap between these two alignments: gap length difference = 0 (local)
			Real Alignment 20: 21788 21909 | 21788 21909 | 122 122 | 100.0 | MN908947.3 Plate4BLANK4
			  Incorrectly estimated size of scaffold gap between these two alignments: gap length difference = 0 (local)
			Real Alignment 21: 22543 22877 | 22543 22877 | 335 335 | 100.0 | MN908947.3 Plate4BLANK4
			  Incorrectly estimated size of scaffold gap between these two alignments: gap length difference = 0 (local)
			Real Alignment 22: 23192 23500 | 23192 23500 | 309 309 | 99.63 | MN908947.3 Plate4BLANK4
			  Incorrectly estimated size of scaffold gap between these two alignments: gap length difference = 0 (local)
			Real Alignment 23: 24722 25052 | 24722 25052 | 331 331 | 100.0 | MN908947.3 Plate4BLANK4
			  Incorrectly estimated size of scaffold gap between these two alignments: gap length difference = 0 (local)
			Real Alignment 24: 25302 25646 | 25302 25646 | 345 345 | 99.71 | MN908947.3 Plate4BLANK4
			  Incorrectly estimated size of scaffold gap between these two alignments: gap length difference = 0 (local)
			Real Alignment 25: 26220 26770 | 26220 26770 | 551 551 | 99.78 | MN908947.3 Plate4BLANK4
			  Incorrectly estimated size of scaffold gap between these two alignments: gap length difference = 0 (local)
			Real Alignment 26: 27283 27391 | 27283 27391 | 109 109 | 100.0 | MN908947.3 Plate4BLANK4
			  Incorrectly estimated size of scaffold gap between these two alignments: gap length difference = 0 (local)
			Real Alignment 27: 27809 28442 | 27809 28442 | 634 634 | 99.8 | MN908947.3 Plate4BLANK4
			  Incorrectly estimated size of scaffold gap between these two alignments: gap length difference = 0 (local)
			Real Alignment 28: 28814 28926 | 28814 28926 | 113 113 | 99.12 | MN908947.3 Plate4BLANK4
			  Incorrectly estimated size of scaffold gap between these two alignments: gap length difference = 0 (local)
			Real Alignment 29: 29338 29556 | 29338 29556 | 219 219 | 100.0 | MN908947.3 Plate4BLANK4

Analyzing coverage...
Writing SNPs into /workspace/home/nasirja/covid-19-signal/subset_viral_7_results_dir/Plate4BLANK4/freebayes/quast/contigs_reports/minimap_output/Plate4BLANK4-consensus.used_snps.gz

Analysis is finished!
Founded SNPs were written into /workspace/home/nasirja/covid-19-signal/subset_viral_7_results_dir/Plate4BLANK4/freebayes/quast/contigs_reports/minimap_output/Plate4BLANK4-consensus.used_snps.gz

Results:
	Local Misassemblies: 0
	Misassemblies: 0
		Relocations: 0
		Translocations: 0
		Inversions: 0
	Scaffold gap extensive misassemblies: 0
	Scaffold gap local misassemblies: 28
	Misassembled Contigs: 0
	Misassembled Contig Bases: 0
	Misassemblies Inter-Contig Overlap: 0
Unaligned Contigs: 0 + 0 part
Half Unaligned Contigs with Misassemblies: 0
Unaligned Contig Bases: 0

Ambiguously Mapped Contigs: 0
Total Bases in Ambiguously Mapped Contigs: 0
Extra Bases in Ambiguously Mapped Contigs: 0
Note that --allow-ambiguity option was set to "one" and only first alignment per each of these contigs was used.

	Covered Bases: 8042

	SNPs: 6
	Insertions: 0
	Deletions: 0

