[M::bwa_idx_load_from_disk] read 0 ALT contigs
[M::process] read 79682 sequences (20000182 bp)...
[M::process] read 79682 sequences (20000182 bp)...
[M::mem_pestat] # candidate unique pairs for (FF, FR, RF, RR): (2, 39426, 75, 8)
[M::mem_pestat] skip orientation FF as there are not enough pairs
[M::mem_pestat] analyzing insert size distribution for orientation FR...
[M::mem_pestat] (25, 50, 75) percentile: (380, 386, 394)
[M::mem_pestat] low and high boundaries for computing mean and std.dev: (352, 422)
[M::mem_pestat] mean and std.dev: (387.81, 9.92)
[M::mem_pestat] low and high boundaries for proper pairs: (338, 436)
[M::mem_pestat] analyzing insert size distribution for orientation RF...
[M::mem_pestat] (25, 50, 75) percentile: (230, 361, 1715)
[M::mem_pestat] low and high boundaries for computing mean and std.dev: (1, 4685)
[M::mem_pestat] mean and std.dev: (786.51, 850.54)
[M::mem_pestat] low and high boundaries for proper pairs: (1, 6170)
[M::mem_pestat] skip orientation RR as there are not enough pairs
[M::mem_pestat] skip orientation RF
[M::mem_process_seqs] Processed 79682 reads in 30.539 CPU sec, 18.464 real sec
[M::process] read 79682 sequences (20000182 bp)...
[M::mem_pestat] # candidate unique pairs for (FF, FR, RF, RR): (3, 39342, 91, 11)
[M::mem_pestat] skip orientation FF as there are not enough pairs
[M::mem_pestat] analyzing insert size distribution for orientation FR...
[M::mem_pestat] (25, 50, 75) percentile: (379, 385, 393)
[M::mem_pestat] low and high boundaries for computing mean and std.dev: (351, 421)
[M::mem_pestat] mean and std.dev: (387.35, 10.07)
[M::mem_pestat] low and high boundaries for proper pairs: (337, 435)
[M::mem_pestat] analyzing insert size distribution for orientation RF...
[M::mem_pestat] (25, 50, 75) percentile: (227, 261, 889)
[M::mem_pestat] low and high boundaries for computing mean and std.dev: (1, 2213)
[M::mem_pestat] mean and std.dev: (451.22, 396.45)
[M::mem_pestat] low and high boundaries for proper pairs: (1, 2875)
[M::mem_pestat] analyzing insert size distribution for orientation RR...
[M::mem_pestat] (25, 50, 75) percentile: (610, 1662, 2473)
[M::mem_pestat] low and high boundaries for computing mean and std.dev: (1, 6199)
[M::mem_pestat] mean and std.dev: (1188.44, 775.04)
[M::mem_pestat] low and high boundaries for proper pairs: (1, 8062)
[M::mem_pestat] skip orientation RF
[M::mem_pestat] skip orientation RR
[M::mem_process_seqs] Processed 79682 reads in 31.363 CPU sec, 15.475 real sec
[M::process] read 79682 sequences (20000182 bp)...
[M::mem_pestat] # candidate unique pairs for (FF, FR, RF, RR): (8, 39353, 59, 2)
[M::mem_pestat] skip orientation FF as there are not enough pairs
[M::mem_pestat] analyzing insert size distribution for orientation FR...
[M::mem_pestat] (25, 50, 75) percentile: (380, 386, 394)
[M::mem_pestat] low and high boundaries for computing mean and std.dev: (352, 422)
[M::mem_pestat] mean and std.dev: (387.83, 9.84)
[M::mem_pestat] low and high boundaries for proper pairs: (338, 436)
[M::mem_pestat] analyzing insert size distribution for orientation RF...
[M::mem_pestat] (25, 50, 75) percentile: (220, 566, 1707)
[M::mem_pestat] low and high boundaries for computing mean and std.dev: (1, 4681)
[M::mem_pestat] mean and std.dev: (912.39, 1032.94)
[M::mem_pestat] low and high boundaries for proper pairs: (1, 6168)
[M::mem_pestat] skip orientation RR as there are not enough pairs
[M::mem_pestat] skip orientation RF
[M::mem_process_seqs] Processed 79682 reads in 23.055 CPU sec, 11.315 real sec
[M::process] read 79682 sequences (20000182 bp)...
[M::mem_pestat] # candidate unique pairs for (FF, FR, RF, RR): (2, 39400, 73, 7)
[M::mem_pestat] skip orientation FF as there are not enough pairs
[M::mem_pestat] analyzing insert size distribution for orientation FR...
[M::mem_pestat] (25, 50, 75) percentile: (380, 385, 393)
[M::mem_pestat] low and high boundaries for computing mean and std.dev: (354, 419)
[M::mem_pestat] mean and std.dev: (387.52, 10.01)
[M::mem_pestat] low and high boundaries for proper pairs: (341, 432)
[M::mem_pestat] analyzing insert size distribution for orientation RF...
[M::mem_pestat] (25, 50, 75) percentile: (220, 243, 876)
[M::mem_pestat] low and high boundaries for computing mean and std.dev: (1, 2188)
[M::mem_pestat] mean and std.dev: (475.83, 475.55)
[M::mem_pestat] low and high boundaries for proper pairs: (1, 2844)
[M::mem_pestat] skip orientation RR as there are not enough pairs
[M::mem_pestat] skip orientation RF
[M::mem_process_seqs] Processed 79682 reads in 24.103 CPU sec, 11.782 real sec
[M::process] read 79682 sequences (20000182 bp)...
[M::mem_pestat] # candidate unique pairs for (FF, FR, RF, RR): (8, 39426, 73, 7)
[M::mem_pestat] skip orientation FF as there are not enough pairs
[M::mem_pestat] analyzing insert size distribution for orientation FR...
[M::mem_pestat] (25, 50, 75) percentile: (380, 386, 394)
[M::mem_pestat] low and high boundaries for computing mean and std.dev: (352, 422)
[M::mem_pestat] mean and std.dev: (387.76, 9.87)
[M::mem_pestat] low and high boundaries for proper pairs: (338, 436)
[M::mem_pestat] analyzing insert size distribution for orientation RF...
[M::mem_pestat] (25, 50, 75) percentile: (224, 249, 931)
[M::mem_pestat] low and high boundaries for computing mean and std.dev: (1, 2345)
[M::mem_pestat] mean and std.dev: (502.26, 492.41)
[M::mem_pestat] low and high boundaries for proper pairs: (1, 3052)
[M::mem_pestat] skip orientation RR as there are not enough pairs
[M::mem_pestat] skip orientation RF
[M::mem_process_seqs] Processed 79682 reads in 22.578 CPU sec, 11.035 real sec
[M::process] read 79682 sequences (20000182 bp)...
[M::mem_pestat] # candidate unique pairs for (FF, FR, RF, RR): (7, 39359, 66, 10)
[M::mem_pestat] skip orientation FF as there are not enough pairs
[M::mem_pestat] analyzing insert size distribution for orientation FR...
[M::mem_pestat] (25, 50, 75) percentile: (379, 385, 393)
[M::mem_pestat] low and high boundaries for computing mean and std.dev: (351, 421)
[M::mem_pestat] mean and std.dev: (387.10, 10.12)
[M::mem_pestat] low and high boundaries for proper pairs: (337, 435)
[M::mem_pestat] analyzing insert size distribution for orientation RF...
[M::mem_pestat] (25, 50, 75) percentile: (223, 243, 1038)
[M::mem_pestat] low and high boundaries for computing mean and std.dev: (1, 2668)
[M::mem_pestat] mean and std.dev: (606.44, 599.30)
[M::mem_pestat] low and high boundaries for proper pairs: (1, 3483)
[M::mem_pestat] analyzing insert size distribution for orientation RR...
[M::mem_pestat] (25, 50, 75) percentile: (311, 620, 1276)
[M::mem_pestat] low and high boundaries for computing mean and std.dev: (1, 3206)
[M::mem_pestat] mean and std.dev: (784.10, 548.18)
[M::mem_pestat] low and high boundaries for proper pairs: (1, 4171)
[M::mem_pestat] skip orientation RF
[M::mem_pestat] skip orientation RR
[M::mem_process_seqs] Processed 79682 reads in 21.715 CPU sec, 10.590 real sec
[M::process] read 79682 sequences (20000182 bp)...
[M::mem_pestat] # candidate unique pairs for (FF, FR, RF, RR): (8, 39323, 77, 10)
[M::mem_pestat] skip orientation FF as there are not enough pairs
[M::mem_pestat] analyzing insert size distribution for orientation FR...
[M::mem_pestat] (25, 50, 75) percentile: (380, 386, 394)
[M::mem_pestat] low and high boundaries for computing mean and std.dev: (352, 422)
[M::mem_pestat] mean and std.dev: (387.78, 9.95)
[M::mem_pestat] low and high boundaries for proper pairs: (338, 436)
[M::mem_pestat] analyzing insert size distribution for orientation RF...
[M::mem_pestat] (25, 50, 75) percentile: (228, 681, 1665)
[M::mem_pestat] low and high boundaries for computing mean and std.dev: (1, 4539)
[M::mem_pestat] mean and std.dev: (870.85, 895.35)
[M::mem_pestat] low and high boundaries for proper pairs: (1, 5976)
[M::mem_pestat] analyzing insert size distribution for orientation RR...
[M::mem_pestat] (25, 50, 75) percentile: (365, 936, 5787)
[M::mem_pestat] low and high boundaries for computing mean and std.dev: (1, 16631)
[M::mem_pestat] mean and std.dev: (2822.20, 2852.39)
[M::mem_pestat] low and high boundaries for proper pairs: (1, 22053)
[M::mem_pestat] skip orientation RF
[M::mem_pestat] skip orientation RR
[M::mem_process_seqs] Processed 79682 reads in 25.488 CPU sec, 12.475 real sec
[M::process] read 79682 sequences (20000182 bp)...
[M::mem_pestat] # candidate unique pairs for (FF, FR, RF, RR): (9, 39381, 67, 6)
[M::mem_pestat] skip orientation FF as there are not enough pairs
[M::mem_pestat] analyzing insert size distribution for orientation FR...
[M::mem_pestat] (25, 50, 75) percentile: (380, 385, 393)
[M::mem_pestat] low and high boundaries for computing mean and std.dev: (354, 419)
[M::mem_pestat] mean and std.dev: (387.43, 9.97)
[M::mem_pestat] low and high boundaries for proper pairs: (341, 432)
[M::mem_pestat] analyzing insert size distribution for orientation RF...
[M::mem_pestat] (25, 50, 75) percentile: (224, 390, 1343)
[M::mem_pestat] low and high boundaries for computing mean and std.dev: (1, 3581)
[M::mem_pestat] mean and std.dev: (657.50, 645.62)
[M::mem_pestat] low and high boundaries for proper pairs: (1, 4700)
[M::mem_pestat] skip orientation RR as there are not enough pairs
[M::mem_pestat] skip orientation RF
[M::mem_process_seqs] Processed 79682 reads in 23.490 CPU sec, 11.467 real sec
[M::process] read 79682 sequences (20000182 bp)...
[M::mem_pestat] # candidate unique pairs for (FF, FR, RF, RR): (7, 39428, 79, 13)
[M::mem_pestat] skip orientation FF as there are not enough pairs
[M::mem_pestat] analyzing insert size distribution for orientation FR...
[M::mem_pestat] (25, 50, 75) percentile: (380, 386, 394)
[M::mem_pestat] low and high boundaries for computing mean and std.dev: (352, 422)
[M::mem_pestat] mean and std.dev: (387.75, 9.89)
[M::mem_pestat] low and high boundaries for proper pairs: (338, 436)
[M::mem_pestat] analyzing insert size distribution for orientation RF...
[M::mem_pestat] (25, 50, 75) percentile: (229, 392, 1492)
[M::mem_pestat] low and high boundaries for computing mean and std.dev: (1, 4018)
[M::mem_pestat] mean and std.dev: (743.94, 768.78)
[M::mem_pestat] low and high boundaries for proper pairs: (1, 5281)
[M::mem_pestat] analyzing insert size distribution for orientation RR...
[M::mem_pestat] (25, 50, 75) percentile: (384, 641, 1874)
[M::mem_pestat] low and high boundaries for computing mean and std.dev: (1, 4854)
[M::mem_pestat] mean and std.dev: (996.92, 661.54)
[M::mem_pestat] low and high boundaries for proper pairs: (1, 6344)
[M::mem_pestat] skip orientation RF
[M::mem_pestat] skip orientation RR
[M::mem_process_seqs] Processed 79682 reads in 23.451 CPU sec, 11.458 real sec
[M::process] read 79682 sequences (20000182 bp)...
[M::mem_pestat] # candidate unique pairs for (FF, FR, RF, RR): (9, 39420, 66, 6)
[M::mem_pestat] skip orientation FF as there are not enough pairs
[M::mem_pestat] analyzing insert size distribution for orientation FR...
[M::mem_pestat] (25, 50, 75) percentile: (379, 385, 393)
[M::mem_pestat] low and high boundaries for computing mean and std.dev: (351, 421)
[M::mem_pestat] mean and std.dev: (387.28, 10.06)
[M::mem_pestat] low and high boundaries for proper pairs: (337, 435)
[M::mem_pestat] analyzing insert size distribution for orientation RF...
[M::mem_pestat] (25, 50, 75) percentile: (230, 824, 1492)
[M::mem_pestat] low and high boundaries for computing mean and std.dev: (1, 4016)
[M::mem_pestat] mean and std.dev: (816.57, 791.42)
[M::mem_pestat] low and high boundaries for proper pairs: (1, 5278)
[M::mem_pestat] skip orientation RR as there are not enough pairs
[M::mem_pestat] skip orientation RF
[M::mem_process_seqs] Processed 79682 reads in 25.450 CPU sec, 12.449 real sec
[M::process] read 79682 sequences (20000182 bp)...
[M::mem_pestat] # candidate unique pairs for (FF, FR, RF, RR): (8, 39304, 76, 6)
[M::mem_pestat] skip orientation FF as there are not enough pairs
[M::mem_pestat] analyzing insert size distribution for orientation FR...
[M::mem_pestat] (25, 50, 75) percentile: (380, 386, 393)
[M::mem_pestat] low and high boundaries for computing mean and std.dev: (354, 419)
[M::mem_pestat] mean and std.dev: (387.76, 9.85)
[M::mem_pestat] low and high boundaries for proper pairs: (341, 432)
[M::mem_pestat] analyzing insert size distribution for orientation RF...
[M::mem_pestat] (25, 50, 75) percentile: (223, 268, 975)
[M::mem_pestat] low and high boundaries for computing mean and std.dev: (1, 2479)
[M::mem_pestat] mean and std.dev: (533.19, 534.85)
[M::mem_pestat] low and high boundaries for proper pairs: (1, 3231)
[M::mem_pestat] skip orientation RR as there are not enough pairs
[M::mem_pestat] skip orientation RF
[M::mem_process_seqs] Processed 79682 reads in 21.331 CPU sec, 10.402 real sec
[M::process] read 79682 sequences (20000182 bp)...
[M::mem_pestat] # candidate unique pairs for (FF, FR, RF, RR): (9, 39355, 70, 8)
[M::mem_pestat] skip orientation FF as there are not enough pairs
[M::mem_pestat] analyzing insert size distribution for orientation FR...
[M::mem_pestat] (25, 50, 75) percentile: (380, 385, 393)
[M::mem_pestat] low and high boundaries for computing mean and std.dev: (354, 419)
[M::mem_pestat] mean and std.dev: (387.55, 9.93)
[M::mem_pestat] low and high boundaries for proper pairs: (341, 432)
[M::mem_pestat] analyzing insert size distribution for orientation RF...
[M::mem_pestat] (25, 50, 75) percentile: (218, 386, 848)
[M::mem_pestat] low and high boundaries for computing mean and std.dev: (1, 2108)
[M::mem_pestat] mean and std.dev: (521.92, 477.75)
[M::mem_pestat] low and high boundaries for proper pairs: (1, 2738)
[M::mem_pestat] skip orientation RR as there are not enough pairs
[M::mem_pestat] skip orientation RF
[M::mem_process_seqs] Processed 79682 reads in 24.908 CPU sec, 12.201 real sec
[M::process] read 79682 sequences (20000182 bp)...
[M::mem_pestat] # candidate unique pairs for (FF, FR, RF, RR): (10, 39422, 84, 16)
[M::mem_pestat] analyzing insert size distribution for orientation FF...
[M::mem_pestat] (25, 50, 75) percentile: (624, 2102, 4061)
[M::mem_pestat] low and high boundaries for computing mean and std.dev: (1, 10935)
[M::mem_pestat] mean and std.dev: (2683.00, 2435.47)
[M::mem_pestat] low and high boundaries for proper pairs: (1, 14372)
[M::mem_pestat] analyzing insert size distribution for orientation FR...
[M::mem_pestat] (25, 50, 75) percentile: (380, 386, 394)
[M::mem_pestat] low and high boundaries for computing mean and std.dev: (352, 422)
[M::mem_pestat] mean and std.dev: (387.74, 9.92)
[M::mem_pestat] low and high boundaries for proper pairs: (338, 436)
[M::mem_pestat] analyzing insert size distribution for orientation RF...
[M::mem_pestat] (25, 50, 75) percentile: (225, 255, 866)
[M::mem_pestat] low and high boundaries for computing mean and std.dev: (1, 2148)
[M::mem_pestat] mean and std.dev: (520.00, 506.51)
[M::mem_pestat] low and high boundaries for proper pairs: (1, 2789)
[M::mem_pestat] analyzing insert size distribution for orientation RR...
[M::mem_pestat] (25, 50, 75) percentile: (357, 640, 1626)
[M::mem_pestat] low and high boundaries for computing mean and std.dev: (1, 4164)
[M::mem_pestat] mean and std.dev: (1032.31, 896.25)
[M::mem_pestat] low and high boundaries for proper pairs: (1, 5433)
[M::mem_pestat] skip orientation FF
[M::mem_pestat] skip orientation RF
[M::mem_pestat] skip orientation RR
[M::mem_process_seqs] Processed 79682 reads in 21.275 CPU sec, 10.357 real sec
[M::process] read 79682 sequences (20000182 bp)...
[M::mem_pestat] # candidate unique pairs for (FF, FR, RF, RR): (5, 39387, 61, 12)
[M::mem_pestat] skip orientation FF as there are not enough pairs
[M::mem_pestat] analyzing insert size distribution for orientation FR...
[M::mem_pestat] (25, 50, 75) percentile: (380, 385, 393)
[M::mem_pestat] low and high boundaries for computing mean and std.dev: (354, 419)
[M::mem_pestat] mean and std.dev: (387.53, 9.86)
[M::mem_pestat] low and high boundaries for proper pairs: (341, 432)
[M::mem_pestat] analyzing insert size distribution for orientation RF...
[M::mem_pestat] (25, 50, 75) percentile: (215, 264, 885)
[M::mem_pestat] low and high boundaries for computing mean and std.dev: (1, 2225)
[M::mem_pestat] mean and std.dev: (535.04, 481.04)
[M::mem_pestat] low and high boundaries for proper pairs: (1, 2895)
[M::mem_pestat] analyzing insert size distribution for orientation RR...
[M::mem_pestat] (25, 50, 75) percentile: (624, 923, 2057)
[M::mem_pestat] low and high boundaries for computing mean and std.dev: (1, 4923)
[M::mem_pestat] mean and std.dev: (814.10, 503.14)
[M::mem_pestat] low and high boundaries for proper pairs: (1, 6356)
[M::mem_pestat] skip orientation RF
[M::mem_pestat] skip orientation RR
[M::mem_process_seqs] Processed 79682 reads in 21.701 CPU sec, 10.594 real sec
[M::process] read 40600 sequences (10190600 bp)...
[M::mem_pestat] # candidate unique pairs for (FF, FR, RF, RR): (7, 39344, 85, 14)
[M::mem_pestat] skip orientation FF as there are not enough pairs
[M::mem_pestat] analyzing insert size distribution for orientation FR...
[M::mem_pestat] (25, 50, 75) percentile: (380, 386, 394)
[M::mem_pestat] low and high boundaries for computing mean and std.dev: (352, 422)
[M::mem_pestat] mean and std.dev: (387.79, 9.92)
[M::mem_pestat] low and high boundaries for proper pairs: (338, 436)
[M::mem_pestat] analyzing insert size distribution for orientation RF...
[M::mem_pestat] (25, 50, 75) percentile: (229, 814, 1673)
[M::mem_pestat] low and high boundaries for computing mean and std.dev: (1, 4561)
[M::mem_pestat] mean and std.dev: (856.91, 923.84)
[M::mem_pestat] low and high boundaries for proper pairs: (1, 6005)
[M::mem_pestat] analyzing insert size distribution for orientation RR...
[M::mem_pestat] (25, 50, 75) percentile: (357, 591, 1275)
[M::mem_pestat] low and high boundaries for computing mean and std.dev: (1, 3111)
[M::mem_pestat] mean and std.dev: (709.00, 523.27)
[M::mem_pestat] low and high boundaries for proper pairs: (1, 4029)
[M::mem_pestat] skip orientation RF
[M::mem_pestat] skip orientation RR
[M::mem_process_seqs] Processed 79682 reads in 21.419 CPU sec, 10.557 real sec
[M::mem_pestat] # candidate unique pairs for (FF, FR, RF, RR): (2, 20043, 41, 4)
[M::mem_pestat] skip orientation FF as there are not enough pairs
[M::mem_pestat] analyzing insert size distribution for orientation FR...
[M::mem_pestat] (25, 50, 75) percentile: (379, 385, 393)
[M::mem_pestat] low and high boundaries for computing mean and std.dev: (351, 421)
[M::mem_pestat] mean and std.dev: (387.19, 10.12)
[M::mem_pestat] low and high boundaries for proper pairs: (337, 435)
[M::mem_pestat] analyzing insert size distribution for orientation RF...
[M::mem_pestat] (25, 50, 75) percentile: (232, 609, 1238)
[M::mem_pestat] low and high boundaries for computing mean and std.dev: (1, 3250)
[M::mem_pestat] mean and std.dev: (735.29, 664.51)
[M::mem_pestat] low and high boundaries for proper pairs: (1, 4256)
[M::mem_pestat] skip orientation RR as there are not enough pairs
[M::mem_pestat] skip orientation RF
[M::mem_process_seqs] Processed 40600 reads in 11.985 CPU sec, 5.938 real sec
[main] Version: 0.7.17-r1188
[main] CMD: bwa mem -t 2 /workspace/home/nasirja/covid-19-signal/data/composite_human_viral_reference.fna SC2222/raw_fastq/SC2222_R1.fastq.gz SC2222/raw_fastq/SC2222_R2.fastq.gz
[main] Real time: 193.412 sec; CPU: 379.939 sec
viral read count = 1230419 (99.56%)
human read count = 342 (0.03%) 
unmapped read count = 5069 (0.41%)
