Path to Cutadapt set as: 'cutadapt' (default)
Cutadapt seems to be working fine (tested command 'cutadapt --version')
Cutadapt version: 4.1
Could not detect version of Python used by Cutadapt from the first line of Cutadapt (but found this: >>>#!/bin/sh<<<)
Letting the (modified) Cutadapt deal with the Python version instead
Parallel gzip (pigz) detected. Proceeding with multicore (de)compression using 2 cores

No quality encoding type selected. Assuming that the data provided uses Sanger encoded Phred scores (default)

Output will be written into the directory: /workspace/home/nasirja/covid-19-signal/subset_viral_7_results_dir/SC2187/adapter_trimmed/


AUTO-DETECTING ADAPTER TYPE
===========================
Attempting to auto-detect adapter type from the first 1 million sequences of the first file (>> SC2187/host_removal/SC2187_R1.fastq.gz <<)

Found perfect matches for the following adapter sequences:
Adapter type	Count	Sequence	Sequences analysed	Percentage
Illumina	8828	AGATCGGAAGAGC	649009	1.36
smallRNA	0	TGGAATTCTCGG	649009	0.00
Nextera	0	CTGTCTCTTATA	649009	0.00
Using Illumina adapter for trimming (count: 8828). Second best hit was smallRNA (count: 0)

Writing report to '/workspace/home/nasirja/covid-19-signal/subset_viral_7_results_dir/SC2187/adapter_trimmed/SC2187_R1.fastq.gz_trimming_report.txt'

SUMMARISING RUN PARAMETERS
==========================
Input filename: SC2187/host_removal/SC2187_R1.fastq.gz
Trimming mode: paired-end
Trim Galore version: 0.6.4_dev
Cutadapt version: 4.1
Python version: could not detect
Number of cores used for trimming: 2
Quality Phred score cutoff: 20
Quality encoding type selected: ASCII+33
Adapter sequence: 'AGATCGGAAGAGC' (Illumina TruSeq, Sanger iPCR; auto-detected)
Maximum trimming error rate: 0.1 (default)
Minimum required adapter overlap (stringency): 1 bp
Minimum required sequence length for both reads before a sequence pair gets removed: 20 bp
Running FastQC on the data once trimming has completed
Output file(s) will be GZIP compressed

Cutadapt seems to be fairly up-to-date (version 4.1). Setting -j 2
Writing final adapter and quality trimmed output to SC2187_R1_trimmed.fq.gz


  >>> Now performing quality (cutoff '-q 20') and adapter trimming in a single pass for the adapter sequence: 'AGATCGGAAGAGC' from file SC2187/host_removal/SC2187_R1.fastq.gz <<< 
This is cutadapt 4.1 with Python 3.9.13
Command line parameters: -j 2 -e 0.1 -q 20 -O 1 -a AGATCGGAAGAGC SC2187/host_removal/SC2187_R1.fastq.gz
Processing single-end reads on 2 cores ...
Finished in 23.81 s (37 µs/read; 1.64 M reads/minute).

=== Summary ===

Total reads processed:                 649,009
Reads with adapters:                   226,142 (34.8%)
Reads written (passing filters):       649,009 (100.0%)

Total basepairs processed:   162,901,259 bp
Quality-trimmed:               1,422,240 bp (0.9%)
Total written (filtered):    160,437,420 bp (98.5%)

=== Adapter 1 ===

Sequence: AGATCGGAAGAGC; Type: regular 3'; Length: 13; Trimmed: 226142 times

Minimum overlap: 1
No. of allowed errors:
1-9 bp: 0; 10-13 bp: 1

Bases preceding removed adapters:
  A: 34.9%
  C: 15.8%
  G: 9.6%
  T: 39.4%
  none/other: 0.2%

Overview of removed sequences
length	count	expect	max.err	error counts
1	150390	162252.2	0	150390
2	50990	40563.1	0	50990
3	3881	10140.8	0	3881
4	794	2535.2	0	794
5	124	633.8	0	124
6	229	158.4	0	229
7	8778	39.6	0	8778
8	242	9.9	0	242
9	341	2.5	0	340 1
10	255	0.6	1	235 20
11	94	0.2	1	81 13
12	190	0.0	1	180 10
13	66	0.0	1	61 5
14	66	0.0	1	59 7
15	66	0.0	1	61 5
16	32	0.0	1	27 5
17	47	0.0	1	43 4
18	39	0.0	1	35 4
19	39	0.0	1	36 3
20	36	0.0	1	31 5
21	20	0.0	1	17 3
22	48	0.0	1	43 5
23	30	0.0	1	24 6
24	410	0.0	1	396 14
25	121	0.0	1	108 13
26	18	0.0	1	10 8
27	55	0.0	1	48 7
28	72	0.0	1	62 10
29	38	0.0	1	28 10
30	50	0.0	1	42 8
31	42	0.0	1	35 7
32	44	0.0	1	37 7
33	42	0.0	1	34 8
34	68	0.0	1	60 8
35	55	0.0	1	44 11
36	570	0.0	1	554 16
37	191	0.0	1	178 13
38	97	0.0	1	91 6
39	25	0.0	1	23 2
40	80	0.0	1	73 7
41	60	0.0	1	51 9
42	34	0.0	1	34
43	113	0.0	1	110 3
44	41	0.0	1	38 3
45	38	0.0	1	35 3
46	34	0.0	1	26 8
47	41	0.0	1	30 11
48	27	0.0	1	21 6
49	47	0.0	1	37 10
50	31	0.0	1	23 8
51	42	0.0	1	34 8
52	48	0.0	1	37 11
53	40	0.0	1	28 12
54	74	0.0	1	58 16
55	82	0.0	1	75 7
56	24	0.0	1	19 5
57	30	0.0	1	27 3
58	19	0.0	1	17 2
59	43	0.0	1	39 4
60	24	0.0	1	24
61	27	0.0	1	25 2
62	38	0.0	1	34 4
63	45	0.0	1	41 4
64	26	0.0	1	23 3
65	43	0.0	1	41 2
66	55	0.0	1	47 8
67	31	0.0	1	24 7
68	44	0.0	1	37 7
69	43	0.0	1	36 7
70	50	0.0	1	43 7
71	74	0.0	1	70 4
72	113	0.0	1	95 18
73	164	0.0	1	140 24
74	283	0.0	1	251 32
75	506	0.0	1	442 64
76	1187	0.0	1	1095 92
77	796	0.0	1	745 51
78	414	0.0	1	381 33
79	231	0.0	1	210 21
80	155	0.0	1	137 18
81	92	0.0	1	85 7
82	56	0.0	1	42 14
83	60	0.0	1	46 14
84	30	0.0	1	25 5
85	35	0.0	1	25 10
86	45	0.0	1	31 14
87	32	0.0	1	25 7
88	28	0.0	1	23 5
89	29	0.0	1	26 3
90	30	0.0	1	24 6
91	23	0.0	1	21 2
92	19	0.0	1	16 3
93	57	0.0	1	49 8
94	543	0.0	1	525 18
95	65	0.0	1	62 3
96	43	0.0	1	32 11
97	15	0.0	1	13 2
98	16	0.0	1	14 2
99	16	0.0	1	14 2
100	10	0.0	1	5 5
101	9	0.0	1	7 2
102	15	0.0	1	14 1
103	8	0.0	1	7 1
104	9	0.0	1	7 2
105	10	0.0	1	10
106	15	0.0	1	11 4
107	30	0.0	1	22 8
108	9	0.0	1	8 1
109	15	0.0	1	10 5
110	11	0.0	1	9 2
111	48	0.0	1	43 5
112	15	0.0	1	11 4
113	18	0.0	1	14 4
114	17	0.0	1	10 7
115	15	0.0	1	14 1
116	7	0.0	1	6 1
117	11	0.0	1	8 3
118	6	0.0	1	2 4
119	5	0.0	1	4 1
120	5	0.0	1	1 4
121	6	0.0	1	4 2
122	7	0.0	1	5 2
123	7	0.0	1	5 2
124	7	0.0	1	5 2
125	3	0.0	1	3
126	2	0.0	1	1 1
127	19	0.0	1	18 1
128	10	0.0	1	9 1
129	5	0.0	1	5
130	2	0.0	1	2
131	3	0.0	1	2 1
132	6	0.0	1	2 4
133	9	0.0	1	6 3
134	12	0.0	1	12
135	5	0.0	1	3 2
136	6	0.0	1	5 1
137	3	0.0	1	0 3
138	1	0.0	1	0 1
139	4	0.0	1	4
140	4	0.0	1	2 2
141	5	0.0	1	4 1
142	5	0.0	1	3 2
143	12	0.0	1	9 3
144	4	0.0	1	4
145	6	0.0	1	3 3
146	1	0.0	1	0 1
147	8	0.0	1	8
148	8	0.0	1	7 1
149	8	0.0	1	5 3
150	5	0.0	1	2 3
151	8	0.0	1	8
152	5	0.0	1	1 4
153	5	0.0	1	5
154	12	0.0	1	11 1
155	5	0.0	1	2 3
156	13	0.0	1	11 2
157	4	0.0	1	4
158	4	0.0	1	1 3
159	4	0.0	1	2 2
160	5	0.0	1	4 1
161	1	0.0	1	1
162	5	0.0	1	2 3
163	2	0.0	1	1 1
164	7	0.0	1	2 5
165	8	0.0	1	5 3
166	8	0.0	1	7 1
167	2	0.0	1	0 2
168	9	0.0	1	6 3
169	5	0.0	1	5
170	2	0.0	1	2
171	1	0.0	1	1
172	9	0.0	1	9
173	1	0.0	1	1
174	7	0.0	1	5 2
175	6	0.0	1	5 1
176	3	0.0	1	3
177	6	0.0	1	5 1
178	2	0.0	1	2
179	4	0.0	1	3 1
180	2	0.0	1	2
181	6	0.0	1	5 1
184	4	0.0	1	3 1
185	12	0.0	1	11 1
186	3	0.0	1	1 2
187	6	0.0	1	4 2
188	3	0.0	1	2 1
189	6	0.0	1	5 1
190	2	0.0	1	1 1
191	4	0.0	1	2 2
192	4	0.0	1	1 3
193	5	0.0	1	4 1
194	2	0.0	1	2
195	3	0.0	1	2 1
196	1	0.0	1	1
197	3	0.0	1	2 1
198	2	0.0	1	2
199	1	0.0	1	1
200	5	0.0	1	4 1
201	4	0.0	1	3 1
202	5	0.0	1	4 1
203	4	0.0	1	4
204	1	0.0	1	1
205	2	0.0	1	2
206	2	0.0	1	2
207	2	0.0	1	1 1
208	10	0.0	1	9 1
209	4	0.0	1	4
210	11	0.0	1	10 1
211	2	0.0	1	2
212	3	0.0	1	3
213	4	0.0	1	4
214	3	0.0	1	3
215	6	0.0	1	5 1
216	1	0.0	1	1
217	4	0.0	1	4
222	1	0.0	1	0 1
223	2	0.0	1	1 1
231	2	0.0	1	1 1
240	2	0.0	1	0 2
244	1	0.0	1	0 1
245	1	0.0	1	0 1
246	1	0.0	1	0 1
247	1	0.0	1	0 1
248	2	0.0	1	0 2
249	2	0.0	1	0 2
250	5	0.0	1	0 5
251	130	0.0	1	0 130

RUN STATISTICS FOR INPUT FILE: SC2187/host_removal/SC2187_R1.fastq.gz
=============================================
649009 sequences processed in total
The length threshold of paired-end sequences gets evaluated later on (in the validation step)

Writing report to '/workspace/home/nasirja/covid-19-signal/subset_viral_7_results_dir/SC2187/adapter_trimmed/SC2187_R2.fastq.gz_trimming_report.txt'

SUMMARISING RUN PARAMETERS
==========================
Input filename: SC2187/host_removal/SC2187_R2.fastq.gz
Trimming mode: paired-end
Trim Galore version: 0.6.4_dev
Cutadapt version: 4.1
Python version: could not detect
Number of cores used for trimming: 2
Quality Phred score cutoff: 20
Quality encoding type selected: ASCII+33
Adapter sequence: 'AGATCGGAAGAGC' (Illumina TruSeq, Sanger iPCR; auto-detected)
Maximum trimming error rate: 0.1 (default)
Minimum required adapter overlap (stringency): 1 bp
Minimum required sequence length for both reads before a sequence pair gets removed: 20 bp
Running FastQC on the data once trimming has completed
Output file(s) will be GZIP compressed

Cutadapt seems to be fairly up-to-date (version 4.1). Setting -j -j 2
Writing final adapter and quality trimmed output to SC2187_R2_trimmed.fq.gz


  >>> Now performing quality (cutoff '-q 20') and adapter trimming in a single pass for the adapter sequence: 'AGATCGGAAGAGC' from file SC2187/host_removal/SC2187_R2.fastq.gz <<< 
This is cutadapt 4.1 with Python 3.9.13
Command line parameters: -j 2 -e 0.1 -q 20 -O 1 -a AGATCGGAAGAGC SC2187/host_removal/SC2187_R2.fastq.gz
Processing single-end reads on 2 cores ...
Finished in 27.26 s (42 µs/read; 1.43 M reads/minute).

=== Summary ===

Total reads processed:                 649,009
Reads with adapters:                   227,539 (35.1%)
Reads written (passing filters):       649,009 (100.0%)

Total basepairs processed:   162,901,259 bp
Quality-trimmed:               3,175,750 bp (1.9%)
Total written (filtered):    158,825,725 bp (97.5%)

=== Adapter 1 ===

Sequence: AGATCGGAAGAGC; Type: regular 3'; Length: 13; Trimmed: 227539 times

Minimum overlap: 1
No. of allowed errors:
1-9 bp: 0; 10-13 bp: 1

Bases preceding removed adapters:
  A: 37.3%
  C: 16.4%
  G: 10.1%
  T: 35.9%
  none/other: 0.3%

Overview of removed sequences
length	count	expect	max.err	error counts
1	159494	162252.2	0	159494
2	44382	40563.1	0	44382
3	4333	10140.8	0	4333
4	742	2535.2	0	742
5	133	633.8	0	133
6	205	158.4	0	205
7	8611	39.6	0	8611
8	144	9.9	0	144
9	295	2.5	0	293 2
10	241	0.6	1	220 21
11	79	0.2	1	76 3
12	188	0.0	1	170 18
13	15	0.0	1	13 2
14	112	0.0	1	106 6
15	29	0.0	1	23 6
16	33	0.0	1	30 3
17	55	0.0	1	51 4
18	13	0.0	1	12 1
19	34	0.0	1	33 1
20	18	0.0	1	15 3
21	12	0.0	1	10 2
22	34	0.0	1	31 3
23	52	0.0	1	45 7
24	458	0.0	1	441 17
25	47	0.0	1	35 12
26	70	0.0	1	61 9
27	62	0.0	1	53 9
28	96	0.0	1	90 6
29	32	0.0	1	28 4
30	97	0.0	1	88 9
31	28	0.0	1	23 5
32	98	0.0	1	83 15
33	23	0.0	1	21 2
34	86	0.0	1	76 10
35	74	0.0	1	66 8
36	509	0.0	1	495 14
37	196	0.0	1	185 11
38	115	0.0	1	111 4
39	25	0.0	1	22 3
40	56	0.0	1	52 4
41	60	0.0	1	53 7
42	55	0.0	1	50 5
43	98	0.0	1	95 3
44	77	0.0	1	72 5
45	136	0.0	1	127 9
46	141	0.0	1	136 5
47	130	0.0	1	124 6
48	83	0.0	1	82 1
49	85	0.0	1	80 5
50	61	0.0	1	56 5
51	49	0.0	1	46 3
52	60	0.0	1	58 2
53	89	0.0	1	86 3
54	173	0.0	1	167 6
55	73	0.0	1	67 6
56	138	0.0	1	134 4
57	251	0.0	1	250 1
58	182	0.0	1	181 1
59	44	0.0	1	42 2
60	134	0.0	1	133 1
61	67	0.0	1	67
62	37	0.0	1	35 2
63	96	0.0	1	94 2
64	60	0.0	1	59 1
65	27	0.0	1	26 1
66	19	0.0	1	19
67	18	0.0	1	16 2
68	19	0.0	1	19
69	24	0.0	1	19 5
70	24	0.0	1	24
71	19	0.0	1	17 2
72	40	0.0	1	36 4
73	46	0.0	1	43 3
74	55	0.0	1	50 5
75	92	0.0	1	86 6
76	118	0.0	1	107 11
77	193	0.0	1	164 29
78	225	0.0	1	191 34
79	325	0.0	1	251 74
80	551	0.0	1	468 83
81	305	0.0	1	241 64
82	160	0.0	1	118 42
83	110	0.0	1	78 32
84	63	0.0	1	35 28
85	42	0.0	1	25 17
86	32	0.0	1	17 15
87	31	0.0	1	16 15
88	25	0.0	1	14 11
89	15	0.0	1	8 7
90	13	0.0	1	12 1
91	13	0.0	1	6 7
92	16	0.0	1	15 1
93	29	0.0	1	27 2
94	431	0.0	1	418 13
95	37	0.0	1	34 3
96	26	0.0	1	20 6
97	18	0.0	1	15 3
98	12	0.0	1	9 3
99	11	0.0	1	9 2
100	6	0.0	1	6
101	3	0.0	1	1 2
102	8	0.0	1	5 3
103	11	0.0	1	7 4
104	3	0.0	1	3
105	10	0.0	1	8 2
106	5	0.0	1	0 5
107	6	0.0	1	3 3
108	6	0.0	1	2 4
109	7	0.0	1	4 3
110	6	0.0	1	3 3
111	48	0.0	1	34 14
112	14	0.0	1	9 5
113	10	0.0	1	6 4
114	9	0.0	1	5 4
115	9	0.0	1	2 7
116	10	0.0	1	5 5
117	5	0.0	1	3 2
118	6	0.0	1	4 2
119	3	0.0	1	1 2
120	1	0.0	1	0 1
121	2	0.0	1	0 2
122	2	0.0	1	2
123	5	0.0	1	4 1
124	1	0.0	1	1
125	5	0.0	1	2 3
126	8	0.0	1	1 7
127	8	0.0	1	3 5
128	3	0.0	1	3
129	7	0.0	1	4 3
130	4	0.0	1	2 2
131	4	0.0	1	2 2
132	4	0.0	1	1 3
133	5	0.0	1	2 3
134	8	0.0	1	6 2
135	4	0.0	1	2 2
136	14	0.0	1	6 8
137	4	0.0	1	0 4
138	3	0.0	1	1 2
139	4	0.0	1	2 2
140	1	0.0	1	0 1
141	5	0.0	1	1 4
142	5	0.0	1	3 2
143	5	0.0	1	2 3
144	4	0.0	1	2 2
145	1	0.0	1	0 1
146	4	0.0	1	1 3
147	7	0.0	1	6 1
148	3	0.0	1	0 3
149	1	0.0	1	1
150	2	0.0	1	1 1
151	9	0.0	1	6 3
152	3	0.0	1	1 2
153	3	0.0	1	3
154	5	0.0	1	3 2
155	3	0.0	1	3
156	17	0.0	1	12 5
157	6	0.0	1	5 1
158	2	0.0	1	1 1
159	3	0.0	1	1 2
160	4	0.0	1	3 1
161	1	0.0	1	1
162	3	0.0	1	1 2
163	5	0.0	1	3 2
164	2	0.0	1	0 2
165	4	0.0	1	1 3
166	10	0.0	1	10
167	3	0.0	1	3
168	4	0.0	1	4
169	4	0.0	1	2 2
170	4	0.0	1	4
172	5	0.0	1	4 1
173	1	0.0	1	1
174	1	0.0	1	1
175	10	0.0	1	9 1
176	3	0.0	1	2 1
177	3	0.0	1	2 1
179	1	0.0	1	0 1
181	3	0.0	1	2 1
182	2	0.0	1	2
183	1	0.0	1	0 1
185	10	0.0	1	10
186	3	0.0	1	3
187	5	0.0	1	5
188	3	0.0	1	3
189	3	0.0	1	3
190	4	0.0	1	4
191	2	0.0	1	2
192	1	0.0	1	1
193	2	0.0	1	2
194	2	0.0	1	2
195	2	0.0	1	2
196	2	0.0	1	2
197	1	0.0	1	1
198	3	0.0	1	2 1
199	1	0.0	1	1
200	1	0.0	1	1
201	2	0.0	1	2
202	4	0.0	1	4
203	4	0.0	1	4
204	2	0.0	1	1 1
205	2	0.0	1	2
206	1	0.0	1	1
207	5	0.0	1	4 1
208	5	0.0	1	5
209	2	0.0	1	2
210	6	0.0	1	5 1
211	3	0.0	1	3
212	2	0.0	1	2
213	1	0.0	1	1
214	2	0.0	1	2
215	6	0.0	1	4 2
216	2	0.0	1	2
217	6	0.0	1	5 1
221	1	0.0	1	1
222	1	0.0	1	1
228	1	0.0	1	1
248	1	0.0	1	0 1
249	1	0.0	1	0 1
250	3	0.0	1	0 3
251	98	0.0	1	0 98

RUN STATISTICS FOR INPUT FILE: SC2187/host_removal/SC2187_R2.fastq.gz
=============================================
649009 sequences processed in total
The length threshold of paired-end sequences gets evaluated later on (in the validation step)

Validate paired-end files SC2187_R1_trimmed.fq.gz and SC2187_R2_trimmed.fq.gz
file_1: SC2187_R1_trimmed.fq.gz, file_2: SC2187_R2_trimmed.fq.gz


>>>>> Now validing the length of the 2 paired-end infiles: SC2187_R1_trimmed.fq.gz and SC2187_R2_trimmed.fq.gz <<<<<
Writing validated paired-end Read 1 reads to SC2187_R1_val_1.fq.gz
Writing validated paired-end Read 2 reads to SC2187_R2_val_2.fq.gz

Total number of sequences analysed: 649009

Number of sequence pairs removed because at least one read was shorter than the length cutoff (20 bp): 2160 (0.33%)


  >>> Now running FastQC on the validated data SC2187_R1_val_1.fq.gz<<<

Started analysis of SC2187_R1_val_1.fq.gz
Approx 5% complete for SC2187_R1_val_1.fq.gz
Approx 10% complete for SC2187_R1_val_1.fq.gz
Approx 15% complete for SC2187_R1_val_1.fq.gz
Approx 20% complete for SC2187_R1_val_1.fq.gz
Approx 25% complete for SC2187_R1_val_1.fq.gz
Approx 30% complete for SC2187_R1_val_1.fq.gz
Approx 35% complete for SC2187_R1_val_1.fq.gz
Approx 40% complete for SC2187_R1_val_1.fq.gz
Approx 45% complete for SC2187_R1_val_1.fq.gz
Approx 50% complete for SC2187_R1_val_1.fq.gz
Approx 55% complete for SC2187_R1_val_1.fq.gz
Approx 60% complete for SC2187_R1_val_1.fq.gz
Approx 65% complete for SC2187_R1_val_1.fq.gz
Approx 70% complete for SC2187_R1_val_1.fq.gz
Approx 75% complete for SC2187_R1_val_1.fq.gz
Approx 80% complete for SC2187_R1_val_1.fq.gz
Approx 85% complete for SC2187_R1_val_1.fq.gz
Approx 90% complete for SC2187_R1_val_1.fq.gz
Approx 95% complete for SC2187_R1_val_1.fq.gz

  >>> Now running FastQC on the validated data SC2187_R2_val_2.fq.gz<<<

Started analysis of SC2187_R2_val_2.fq.gz
Approx 5% complete for SC2187_R2_val_2.fq.gz
Approx 10% complete for SC2187_R2_val_2.fq.gz
Approx 15% complete for SC2187_R2_val_2.fq.gz
Approx 20% complete for SC2187_R2_val_2.fq.gz
Approx 25% complete for SC2187_R2_val_2.fq.gz
Approx 30% complete for SC2187_R2_val_2.fq.gz
Approx 35% complete for SC2187_R2_val_2.fq.gz
Approx 40% complete for SC2187_R2_val_2.fq.gz
Approx 45% complete for SC2187_R2_val_2.fq.gz
Approx 50% complete for SC2187_R2_val_2.fq.gz
Approx 55% complete for SC2187_R2_val_2.fq.gz
Approx 60% complete for SC2187_R2_val_2.fq.gz
Approx 65% complete for SC2187_R2_val_2.fq.gz
Approx 70% complete for SC2187_R2_val_2.fq.gz
Approx 75% complete for SC2187_R2_val_2.fq.gz
Approx 80% complete for SC2187_R2_val_2.fq.gz
Approx 85% complete for SC2187_R2_val_2.fq.gz
Approx 90% complete for SC2187_R2_val_2.fq.gz
Approx 95% complete for SC2187_R2_val_2.fq.gz
Deleting both intermediate output files SC2187_R1_trimmed.fq.gz and SC2187_R2_trimmed.fq.gz

====================================================================================================

