[M::bwa_idx_load_from_disk] read 0 ALT contigs
[M::process] read 81708 sequences (20000330 bp)...
[M::process] read 81656 sequences (20000267 bp)...
[M::mem_pestat] # candidate unique pairs for (FF, FR, RF, RR): (9, 39621, 113, 8)
[M::mem_pestat] skip orientation FF as there are not enough pairs
[M::mem_pestat] analyzing insert size distribution for orientation FR...
[M::mem_pestat] (25, 50, 75) percentile: (380, 386, 393)
[M::mem_pestat] low and high boundaries for computing mean and std.dev: (354, 419)
[M::mem_pestat] mean and std.dev: (389.18, 10.77)
[M::mem_pestat] low and high boundaries for proper pairs: (341, 432)
[M::mem_pestat] analyzing insert size distribution for orientation RF...
[M::mem_pestat] (25, 50, 75) percentile: (215, 223, 848)
[M::mem_pestat] low and high boundaries for computing mean and std.dev: (1, 2114)
[M::mem_pestat] mean and std.dev: (442.72, 335.89)
[M::mem_pestat] low and high boundaries for proper pairs: (1, 2747)
[M::mem_pestat] skip orientation RR as there are not enough pairs
[M::mem_pestat] skip orientation RF
[M::mem_process_seqs] Processed 81708 reads in 6.291 CPU sec, 3.013 real sec
[M::mem_pestat] # candidate unique pairs for (FF, FR, RF, RR): (10, 39660, 97, 10)
[M::mem_pestat] analyzing insert size distribution for orientation FF...
[M::mem_pestat] (25, 50, 75) percentile: (4616, 6012, 6724)
[M::mem_pestat] low and high boundaries for computing mean and std.dev: (400, 10940)
[M::mem_pestat] mean and std.dev: (5716.80, 1529.07)
[M::mem_pestat] low and high boundaries for proper pairs: (1, 13048)
[M::mem_pestat] analyzing insert size distribution for orientation FR...
[M::mem_pestat] (25, 50, 75) percentile: (380, 386, 393)
[M::mem_pestat] low and high boundaries for computing mean and std.dev: (354, 419)
[M::mem_pestat] mean and std.dev: (389.13, 10.83)
[M::mem_pestat] low and high boundaries for proper pairs: (341, 432)
[M::mem_pestat] analyzing insert size distribution for orientation RF...
[M::mem_pestat] (25, 50, 75) percentile: (215, 223, 291)
[M::mem_pestat] low and high boundaries for computing mean and std.dev: (63, 443)
[M::mem_pestat] mean and std.dev: (204.32, 36.94)
[M::mem_pestat] low and high boundaries for proper pairs: (1, 519)
[M::mem_pestat] analyzing insert size distribution for orientation RR...
[M::mem_pestat] (25, 50, 75) percentile: (623, 2057, 4061)
[M::mem_pestat] low and high boundaries for computing mean and std.dev: (1, 10937)
[M::mem_pestat] mean and std.dev: (2152.80, 1525.73)
[M::mem_pestat] low and high boundaries for proper pairs: (1, 14375)
[M::mem_pestat] skip orientation FF
[M::mem_pestat] skip orientation RF
[M::mem_pestat] skip orientation RR
[M::mem_process_seqs] Processed 81656 reads in 6.122 CPU sec, 2.983 real sec
[M::process] read 81810 sequences (20000129 bp)...
[M::mem_pestat] # candidate unique pairs for (FF, FR, RF, RR): (10, 39702, 87, 11)
[M::mem_pestat] analyzing insert size distribution for orientation FF...
[M::mem_pestat] (25, 50, 75) percentile: (1644, 1903, 2737)
[M::mem_pestat] low and high boundaries for computing mean and std.dev: (1, 4923)
[M::mem_pestat] mean and std.dev: (1822.38, 595.51)
[M::mem_pestat] low and high boundaries for proper pairs: (1, 6016)
[M::mem_pestat] analyzing insert size distribution for orientation FR...
[M::mem_pestat] (25, 50, 75) percentile: (380, 385, 393)
[M::mem_pestat] low and high boundaries for computing mean and std.dev: (354, 419)
[M::mem_pestat] mean and std.dev: (388.48, 10.92)
[M::mem_pestat] low and high boundaries for proper pairs: (341, 432)
[M::mem_pestat] analyzing insert size distribution for orientation RF...
[M::mem_pestat] (25, 50, 75) percentile: (215, 223, 769)
[M::mem_pestat] low and high boundaries for computing mean and std.dev: (1, 1877)
[M::mem_pestat] mean and std.dev: (347.44, 259.56)
[M::mem_pestat] low and high boundaries for proper pairs: (1, 2431)
[M::mem_pestat] analyzing insert size distribution for orientation RR...
[M::mem_pestat] (25, 50, 75) percentile: (2057, 2057, 3037)
[M::mem_pestat] low and high boundaries for computing mean and std.dev: (97, 4997)
[M::mem_pestat] mean and std.dev: (2184.00, 1097.32)
[M::mem_pestat] low and high boundaries for proper pairs: (1, 6573)
[M::mem_pestat] skip orientation FF
[M::mem_pestat] skip orientation RF
[M::mem_pestat] skip orientation RR
[M::mem_process_seqs] Processed 81810 reads in 6.793 CPU sec, 3.263 real sec
[M::process] read 81552 sequences (20000333 bp)...
[M::mem_pestat] # candidate unique pairs for (FF, FR, RF, RR): (9, 39654, 77, 15)
[M::mem_pestat] skip orientation FF as there are not enough pairs
[M::mem_pestat] analyzing insert size distribution for orientation FR...
[M::mem_pestat] (25, 50, 75) percentile: (380, 386, 393)
[M::mem_pestat] low and high boundaries for computing mean and std.dev: (354, 419)
[M::mem_pestat] mean and std.dev: (389.18, 10.75)
[M::mem_pestat] low and high boundaries for proper pairs: (341, 432)
[M::mem_pestat] analyzing insert size distribution for orientation RF...
[M::mem_pestat] (25, 50, 75) percentile: (215, 223, 824)
[M::mem_pestat] low and high boundaries for computing mean and std.dev: (1, 2042)
[M::mem_pestat] mean and std.dev: (418.22, 332.72)
[M::mem_pestat] low and high boundaries for proper pairs: (1, 2651)
[M::mem_pestat] analyzing insert size distribution for orientation RR...
[M::mem_pestat] (25, 50, 75) percentile: (2057, 3103, 6107)
[M::mem_pestat] low and high boundaries for computing mean and std.dev: (1, 14207)
[M::mem_pestat] mean and std.dev: (4064.13, 2512.06)
[M::mem_pestat] low and high boundaries for proper pairs: (1, 18257)
[M::mem_pestat] skip orientation RF
[M::mem_pestat] skip orientation RR
[M::mem_process_seqs] Processed 81552 reads in 6.231 CPU sec, 2.993 real sec
[M::process] read 81636 sequences (20000436 bp)...
[M::mem_pestat] # candidate unique pairs for (FF, FR, RF, RR): (10, 39627, 95, 8)
[M::mem_pestat] analyzing insert size distribution for orientation FF...
[M::mem_pestat] (25, 50, 75) percentile: (1835, 6177, 7890)
[M::mem_pestat] low and high boundaries for computing mean and std.dev: (1, 20000)
[M::mem_pestat] mean and std.dev: (4854.10, 3044.48)
[M::mem_pestat] low and high boundaries for proper pairs: (1, 26055)
[M::mem_pestat] analyzing insert size distribution for orientation FR...
[M::mem_pestat] (25, 50, 75) percentile: (380, 386, 393)
[M::mem_pestat] low and high boundaries for computing mean and std.dev: (354, 419)
[M::mem_pestat] mean and std.dev: (388.93, 10.76)
[M::mem_pestat] low and high boundaries for proper pairs: (341, 432)
[M::mem_pestat] analyzing insert size distribution for orientation RF...
[M::mem_pestat] (25, 50, 75) percentile: (215, 223, 817)
[M::mem_pestat] low and high boundaries for computing mean and std.dev: (1, 2021)
[M::mem_pestat] mean and std.dev: (387.04, 297.33)
[M::mem_pestat] low and high boundaries for proper pairs: (1, 2623)
[M::mem_pestat] skip orientation RR as there are not enough pairs
[M::mem_pestat] skip orientation FF
[M::mem_pestat] skip orientation RF
[M::mem_process_seqs] Processed 81636 reads in 5.997 CPU sec, 2.917 real sec
[M::process] read 81734 sequences (20000458 bp)...
[M::mem_pestat] # candidate unique pairs for (FF, FR, RF, RR): (10, 39594, 94, 7)
[M::mem_pestat] analyzing insert size distribution for orientation FF...
[M::mem_pestat] (25, 50, 75) percentile: (1884, 5030, 6107)
[M::mem_pestat] low and high boundaries for computing mean and std.dev: (1, 14553)
[M::mem_pestat] mean and std.dev: (3853.20, 2267.69)
[M::mem_pestat] low and high boundaries for proper pairs: (1, 18776)
[M::mem_pestat] analyzing insert size distribution for orientation FR...
[M::mem_pestat] (25, 50, 75) percentile: (380, 385, 393)
[M::mem_pestat] low and high boundaries for computing mean and std.dev: (354, 419)
[M::mem_pestat] mean and std.dev: (388.84, 10.78)
[M::mem_pestat] low and high boundaries for proper pairs: (341, 432)
[M::mem_pestat] analyzing insert size distribution for orientation RF...
[M::mem_pestat] (25, 50, 75) percentile: (210, 223, 826)
[M::mem_pestat] low and high boundaries for computing mean and std.dev: (1, 2058)
[M::mem_pestat] mean and std.dev: (438.40, 320.62)
[M::mem_pestat] low and high boundaries for proper pairs: (1, 2674)
[M::mem_pestat] skip orientation RR as there are not enough pairs
[M::mem_pestat] skip orientation FF
[M::mem_pestat] skip orientation RF
[M::mem_process_seqs] Processed 81734 reads in 6.178 CPU sec, 3.026 real sec
[M::process] read 81466 sequences (20000184 bp)...
[M::mem_pestat] # candidate unique pairs for (FF, FR, RF, RR): (14, 39605, 100, 13)
[M::mem_pestat] analyzing insert size distribution for orientation FF...
[M::mem_pestat] (25, 50, 75) percentile: (715, 4061, 6107)
[M::mem_pestat] low and high boundaries for computing mean and std.dev: (1, 16891)
[M::mem_pestat] mean and std.dev: (3693.50, 2843.87)
[M::mem_pestat] low and high boundaries for proper pairs: (1, 22283)
[M::mem_pestat] analyzing insert size distribution for orientation FR...
[M::mem_pestat] (25, 50, 75) percentile: (380, 386, 393)
[M::mem_pestat] low and high boundaries for computing mean and std.dev: (354, 419)
[M::mem_pestat] mean and std.dev: (389.14, 10.74)
[M::mem_pestat] low and high boundaries for proper pairs: (341, 432)
[M::mem_pestat] analyzing insert size distribution for orientation RF...
[M::mem_pestat] (25, 50, 75) percentile: (215, 223, 824)
[M::mem_pestat] low and high boundaries for computing mean and std.dev: (1, 2042)
[M::mem_pestat] mean and std.dev: (388.52, 299.04)
[M::mem_pestat] low and high boundaries for proper pairs: (1, 2651)
[M::mem_pestat] analyzing insert size distribution for orientation RR...
[M::mem_pestat] (25, 50, 75) percentile: (625, 2057, 2928)
[M::mem_pestat] low and high boundaries for computing mean and std.dev: (1, 7534)
[M::mem_pestat] mean and std.dev: (1953.58, 1257.20)
[M::mem_pestat] low and high boundaries for proper pairs: (1, 9837)
[M::mem_pestat] skip orientation FF
[M::mem_pestat] skip orientation RF
[M::mem_pestat] skip orientation RR
[M::mem_process_seqs] Processed 81466 reads in 5.769 CPU sec, 2.785 real sec
[M::process] read 81434 sequences (20000460 bp)...
[M::mem_pestat] # candidate unique pairs for (FF, FR, RF, RR): (18, 39685, 90, 8)
[M::mem_pestat] analyzing insert size distribution for orientation FF...
[M::mem_pestat] (25, 50, 75) percentile: (1626, 5555, 6724)
[M::mem_pestat] low and high boundaries for computing mean and std.dev: (1, 16920)
[M::mem_pestat] mean and std.dev: (4732.72, 3018.84)
[M::mem_pestat] low and high boundaries for proper pairs: (1, 22018)
[M::mem_pestat] analyzing insert size distribution for orientation FR...
[M::mem_pestat] (25, 50, 75) percentile: (380, 385, 393)
[M::mem_pestat] low and high boundaries for computing mean and std.dev: (354, 419)
[M::mem_pestat] mean and std.dev: (388.88, 10.72)
[M::mem_pestat] low and high boundaries for proper pairs: (341, 432)
[M::mem_pestat] analyzing insert size distribution for orientation RF...
[M::mem_pestat] (25, 50, 75) percentile: (207, 223, 848)
[M::mem_pestat] low and high boundaries for computing mean and std.dev: (1, 2130)
[M::mem_pestat] mean and std.dev: (449.21, 355.71)
[M::mem_pestat] low and high boundaries for proper pairs: (1, 2771)
[M::mem_pestat] skip orientation RR as there are not enough pairs
[M::mem_pestat] skip orientation FF
[M::mem_pestat] skip orientation RF
[M::mem_process_seqs] Processed 81434 reads in 6.223 CPU sec, 2.990 real sec
[M::process] read 81536 sequences (20000269 bp)...
[M::mem_pestat] # candidate unique pairs for (FF, FR, RF, RR): (5, 39637, 95, 10)
[M::mem_pestat] skip orientation FF as there are not enough pairs
[M::mem_pestat] analyzing insert size distribution for orientation FR...
[M::mem_pestat] (25, 50, 75) percentile: (380, 385, 393)
[M::mem_pestat] low and high boundaries for computing mean and std.dev: (354, 419)
[M::mem_pestat] mean and std.dev: (388.42, 10.93)
[M::mem_pestat] low and high boundaries for proper pairs: (341, 432)
[M::mem_pestat] analyzing insert size distribution for orientation RF...
[M::mem_pestat] (25, 50, 75) percentile: (215, 223, 814)
[M::mem_pestat] low and high boundaries for computing mean and std.dev: (1, 2012)
[M::mem_pestat] mean and std.dev: (370.17, 268.52)
[M::mem_pestat] low and high boundaries for proper pairs: (1, 2611)
[M::mem_pestat] analyzing insert size distribution for orientation RR...
[M::mem_pestat] (25, 50, 75) percentile: (2057, 6107, 9000)
[M::mem_pestat] low and high boundaries for computing mean and std.dev: (1, 22886)
[M::mem_pestat] mean and std.dev: (5537.60, 3132.78)
[M::mem_pestat] low and high boundaries for proper pairs: (1, 29829)
[M::mem_pestat] skip orientation RF
[M::mem_pestat] skip orientation RR
[M::mem_process_seqs] Processed 81536 reads in 6.658 CPU sec, 3.169 real sec
[M::process] read 81508 sequences (20000127 bp)...
[M::mem_pestat] # candidate unique pairs for (FF, FR, RF, RR): (6, 39615, 89, 9)
[M::mem_pestat] skip orientation FF as there are not enough pairs
[M::mem_pestat] analyzing insert size distribution for orientation FR...
[M::mem_pestat] (25, 50, 75) percentile: (380, 386, 393)
[M::mem_pestat] low and high boundaries for computing mean and std.dev: (354, 419)
[M::mem_pestat] mean and std.dev: (389.12, 10.74)
[M::mem_pestat] low and high boundaries for proper pairs: (341, 432)
[M::mem_pestat] analyzing insert size distribution for orientation RF...
[M::mem_pestat] (25, 50, 75) percentile: (210, 223, 823)
[M::mem_pestat] low and high boundaries for computing mean and std.dev: (1, 2049)
[M::mem_pestat] mean and std.dev: (413.27, 357.64)
[M::mem_pestat] low and high boundaries for proper pairs: (1, 2662)
[M::mem_pestat] skip orientation RR as there are not enough pairs
[M::mem_pestat] skip orientation RF
[M::mem_process_seqs] Processed 81508 reads in 6.219 CPU sec, 2.999 real sec
[M::process] read 81502 sequences (20000353 bp)...
[M::mem_pestat] # candidate unique pairs for (FF, FR, RF, RR): (7, 39693, 91, 12)
[M::mem_pestat] skip orientation FF as there are not enough pairs
[M::mem_pestat] analyzing insert size distribution for orientation FR...
[M::mem_pestat] (25, 50, 75) percentile: (380, 385, 393)
[M::mem_pestat] low and high boundaries for computing mean and std.dev: (354, 419)
[M::mem_pestat] mean and std.dev: (388.72, 10.82)
[M::mem_pestat] low and high boundaries for proper pairs: (341, 432)
[M::mem_pestat] analyzing insert size distribution for orientation RF...
[M::mem_pestat] (25, 50, 75) percentile: (215, 223, 848)
[M::mem_pestat] low and high boundaries for computing mean and std.dev: (1, 2114)
[M::mem_pestat] mean and std.dev: (462.01, 323.13)
[M::mem_pestat] low and high boundaries for proper pairs: (1, 2747)
[M::mem_pestat] analyzing insert size distribution for orientation RR...
[M::mem_pestat] (25, 50, 75) percentile: (1575, 2057, 2057)
[M::mem_pestat] low and high boundaries for computing mean and std.dev: (611, 3021)
[M::mem_pestat] mean and std.dev: (1677.55, 686.87)
[M::mem_pestat] low and high boundaries for proper pairs: (1, 4425)
[M::mem_pestat] skip orientation RF
[M::mem_pestat] skip orientation RR
[M::mem_process_seqs] Processed 81502 reads in 6.294 CPU sec, 3.008 real sec
[M::process] read 81630 sequences (20000004 bp)...
[M::mem_pestat] # candidate unique pairs for (FF, FR, RF, RR): (7, 39689, 85, 14)
[M::mem_pestat] skip orientation FF as there are not enough pairs
[M::mem_pestat] analyzing insert size distribution for orientation FR...
[M::mem_pestat] (25, 50, 75) percentile: (380, 386, 393)
[M::mem_pestat] low and high boundaries for computing mean and std.dev: (354, 419)
[M::mem_pestat] mean and std.dev: (388.97, 10.78)
[M::mem_pestat] low and high boundaries for proper pairs: (341, 432)
[M::mem_pestat] analyzing insert size distribution for orientation RF...
[M::mem_pestat] (25, 50, 75) percentile: (215, 223, 848)
[M::mem_pestat] low and high boundaries for computing mean and std.dev: (1, 2114)
[M::mem_pestat] mean and std.dev: (502.10, 398.03)
[M::mem_pestat] low and high boundaries for proper pairs: (1, 2747)
[M::mem_pestat] analyzing insert size distribution for orientation RR...
[M::mem_pestat] (25, 50, 75) percentile: (601, 2057, 5730)
[M::mem_pestat] low and high boundaries for computing mean and std.dev: (1, 15988)
[M::mem_pestat] mean and std.dev: (3324.07, 3151.64)
[M::mem_pestat] low and high boundaries for proper pairs: (1, 21117)
[M::mem_pestat] skip orientation RF
[M::mem_pestat] skip orientation RR
[M::mem_process_seqs] Processed 81630 reads in 6.213 CPU sec, 3.004 real sec
[M::process] read 81720 sequences (20000487 bp)...
[M::mem_pestat] # candidate unique pairs for (FF, FR, RF, RR): (7, 39701, 107, 6)
[M::mem_pestat] skip orientation FF as there are not enough pairs
[M::mem_pestat] analyzing insert size distribution for orientation FR...
[M::mem_pestat] (25, 50, 75) percentile: (380, 386, 393)
[M::mem_pestat] low and high boundaries for computing mean and std.dev: (354, 419)
[M::mem_pestat] mean and std.dev: (389.16, 10.72)
[M::mem_pestat] low and high boundaries for proper pairs: (341, 432)
[M::mem_pestat] analyzing insert size distribution for orientation RF...
[M::mem_pestat] (25, 50, 75) percentile: (215, 223, 823)
[M::mem_pestat] low and high boundaries for computing mean and std.dev: (1, 2039)
[M::mem_pestat] mean and std.dev: (408.76, 339.65)
[M::mem_pestat] low and high boundaries for proper pairs: (1, 2647)
[M::mem_pestat] skip orientation RR as there are not enough pairs
[M::mem_pestat] skip orientation RF
[M::mem_process_seqs] Processed 81720 reads in 6.189 CPU sec, 3.038 real sec
[M::process] read 81756 sequences (20000156 bp)...
[M::mem_pestat] # candidate unique pairs for (FF, FR, RF, RR): (6, 39645, 89, 12)
[M::mem_pestat] skip orientation FF as there are not enough pairs
[M::mem_pestat] analyzing insert size distribution for orientation FR...
[M::mem_pestat] (25, 50, 75) percentile: (379, 385, 393)
[M::mem_pestat] low and high boundaries for computing mean and std.dev: (351, 421)
[M::mem_pestat] mean and std.dev: (388.37, 11.05)
[M::mem_pestat] low and high boundaries for proper pairs: (337, 435)
[M::mem_pestat] analyzing insert size distribution for orientation RF...
[M::mem_pestat] (25, 50, 75) percentile: (215, 223, 848)
[M::mem_pestat] low and high boundaries for computing mean and std.dev: (1, 2114)
[M::mem_pestat] mean and std.dev: (451.63, 325.12)
[M::mem_pestat] low and high boundaries for proper pairs: (1, 2747)
[M::mem_pestat] analyzing insert size distribution for orientation RR...
[M::mem_pestat] (25, 50, 75) percentile: (2057, 2057, 6554)
[M::mem_pestat] low and high boundaries for computing mean and std.dev: (1, 15548)
[M::mem_pestat] mean and std.dev: (3622.67, 2948.07)
[M::mem_pestat] low and high boundaries for proper pairs: (1, 20045)
[M::mem_pestat] skip orientation RF
[M::mem_pestat] skip orientation RR
[M::mem_process_seqs] Processed 81756 reads in 6.597 CPU sec, 3.211 real sec
[M::process] read 81654 sequences (20000458 bp)...
[M::mem_pestat] # candidate unique pairs for (FF, FR, RF, RR): (11, 39657, 89, 12)
[M::mem_pestat] analyzing insert size distribution for orientation FF...
[M::mem_pestat] (25, 50, 75) percentile: (1614, 1884, 4970)
[M::mem_pestat] low and high boundaries for computing mean and std.dev: (1, 11682)
[M::mem_pestat] mean and std.dev: (3042.09, 2474.06)
[M::mem_pestat] low and high boundaries for proper pairs: (1, 15038)
[M::mem_pestat] analyzing insert size distribution for orientation FR...
[M::mem_pestat] (25, 50, 75) percentile: (380, 386, 393)
[M::mem_pestat] low and high boundaries for computing mean and std.dev: (354, 419)
[M::mem_pestat] mean and std.dev: (389.27, 10.79)
[M::mem_pestat] low and high boundaries for proper pairs: (341, 432)
[M::mem_pestat] analyzing insert size distribution for orientation RF...
[M::mem_pestat] (25, 50, 75) percentile: (215, 223, 848)
[M::mem_pestat] low and high boundaries for computing mean and std.dev: (1, 2114)
[M::mem_pestat] mean and std.dev: (394.07, 283.76)
[M::mem_pestat] low and high boundaries for proper pairs: (1, 2747)
[M::mem_pestat] analyzing insert size distribution for orientation RR...
[M::mem_pestat] (25, 50, 75) percentile: (2057, 2057, 8464)
[M::mem_pestat] low and high boundaries for computing mean and std.dev: (1, 21278)
[M::mem_pestat] mean and std.dev: (4001.50, 3323.53)
[M::mem_pestat] low and high boundaries for proper pairs: (1, 27685)
[M::mem_pestat] skip orientation FF
[M::mem_pestat] skip orientation RF
[M::mem_pestat] skip orientation RR
[M::mem_process_seqs] Processed 81654 reads in 6.516 CPU sec, 3.193 real sec
[M::process] read 81574 sequences (20000328 bp)...
[M::mem_pestat] # candidate unique pairs for (FF, FR, RF, RR): (6, 39687, 90, 13)
[M::mem_pestat] skip orientation FF as there are not enough pairs
[M::mem_pestat] analyzing insert size distribution for orientation FR...
[M::mem_pestat] (25, 50, 75) percentile: (380, 386, 393)
[M::mem_pestat] low and high boundaries for computing mean and std.dev: (354, 419)
[M::mem_pestat] mean and std.dev: (389.18, 10.78)
[M::mem_pestat] low and high boundaries for proper pairs: (341, 432)
[M::mem_pestat] analyzing insert size distribution for orientation RF...
[M::mem_pestat] (25, 50, 75) percentile: (214, 223, 822)
[M::mem_pestat] low and high boundaries for computing mean and std.dev: (1, 2038)
[M::mem_pestat] mean and std.dev: (403.30, 288.62)
[M::mem_pestat] low and high boundaries for proper pairs: (1, 2646)
[M::mem_pestat] analyzing insert size distribution for orientation RR...
[M::mem_pestat] (25, 50, 75) percentile: (600, 946, 3091)
[M::mem_pestat] low and high boundaries for computing mean and std.dev: (1, 8073)
[M::mem_pestat] mean and std.dev: (1538.58, 1469.89)
[M::mem_pestat] low and high boundaries for proper pairs: (1, 10564)
[M::mem_pestat] skip orientation RF
[M::mem_pestat] skip orientation RR
[M::mem_process_seqs] Processed 81574 reads in 6.056 CPU sec, 2.973 real sec
[M::process] read 81694 sequences (20000007 bp)...
[M::mem_pestat] # candidate unique pairs for (FF, FR, RF, RR): (8, 39677, 93, 9)
[M::mem_pestat] skip orientation FF as there are not enough pairs
[M::mem_pestat] analyzing insert size distribution for orientation FR...
[M::mem_pestat] (25, 50, 75) percentile: (380, 385, 393)
[M::mem_pestat] low and high boundaries for computing mean and std.dev: (354, 419)
[M::mem_pestat] mean and std.dev: (388.79, 10.79)
[M::mem_pestat] low and high boundaries for proper pairs: (341, 432)
[M::mem_pestat] analyzing insert size distribution for orientation RF...
[M::mem_pestat] (25, 50, 75) percentile: (215, 223, 848)
[M::mem_pestat] low and high boundaries for computing mean and std.dev: (1, 2114)
[M::mem_pestat] mean and std.dev: (420.87, 372.46)
[M::mem_pestat] low and high boundaries for proper pairs: (1, 2747)
[M::mem_pestat] skip orientation RR as there are not enough pairs
[M::mem_pestat] skip orientation RF
[M::mem_process_seqs] Processed 81694 reads in 6.181 CPU sec, 3.043 real sec
[M::process] read 81488 sequences (20000403 bp)...
[M::mem_pestat] # candidate unique pairs for (FF, FR, RF, RR): (12, 39652, 103, 12)
[M::mem_pestat] analyzing insert size distribution for orientation FF...
[M::mem_pestat] (25, 50, 75) percentile: (2841, 4079, 6786)
[M::mem_pestat] low and high boundaries for computing mean and std.dev: (1, 14676)
[M::mem_pestat] mean and std.dev: (4391.58, 2209.71)
[M::mem_pestat] low and high boundaries for proper pairs: (1, 18621)
[M::mem_pestat] analyzing insert size distribution for orientation FR...
[M::mem_pestat] (25, 50, 75) percentile: (380, 386, 393)
[M::mem_pestat] low and high boundaries for computing mean and std.dev: (354, 419)
[M::mem_pestat] mean and std.dev: (389.21, 10.82)
[M::mem_pestat] low and high boundaries for proper pairs: (341, 433)
[M::mem_pestat] analyzing insert size distribution for orientation RF...
[M::mem_pestat] (25, 50, 75) percentile: (215, 223, 824)
[M::mem_pestat] low and high boundaries for computing mean and std.dev: (1, 2042)
[M::mem_pestat] mean and std.dev: (425.59, 306.62)
[M::mem_pestat] low and high boundaries for proper pairs: (1, 2651)
[M::mem_pestat] analyzing insert size distribution for orientation RR...
[M::mem_pestat] (25, 50, 75) percentile: (2043, 4938, 6897)
[M::mem_pestat] low and high boundaries for computing mean and std.dev: (1, 16605)
[M::mem_pestat] mean and std.dev: (4089.42, 2561.39)
[M::mem_pestat] low and high boundaries for proper pairs: (1, 21459)
[M::mem_pestat] skip orientation FF
[M::mem_pestat] skip orientation RF
[M::mem_pestat] skip orientation RR
[M::mem_process_seqs] Processed 81488 reads in 7.002 CPU sec, 3.360 real sec
[M::process] read 81474 sequences (20000130 bp)...
[M::mem_pestat] # candidate unique pairs for (FF, FR, RF, RR): (6, 39628, 100, 14)
[M::mem_pestat] skip orientation FF as there are not enough pairs
[M::mem_pestat] analyzing insert size distribution for orientation FR...
[M::mem_pestat] (25, 50, 75) percentile: (380, 386, 393)
[M::mem_pestat] low and high boundaries for computing mean and std.dev: (354, 419)
[M::mem_pestat] mean and std.dev: (389.14, 10.79)
[M::mem_pestat] low and high boundaries for proper pairs: (341, 432)
[M::mem_pestat] analyzing insert size distribution for orientation RF...
[M::mem_pestat] (25, 50, 75) percentile: (215, 217, 814)
[M::mem_pestat] low and high boundaries for computing mean and std.dev: (1, 2012)
[M::mem_pestat] mean and std.dev: (389.81, 299.52)
[M::mem_pestat] low and high boundaries for proper pairs: (1, 2611)
[M::mem_pestat] analyzing insert size distribution for orientation RR...
[M::mem_pestat] (25, 50, 75) percentile: (1841, 2057, 5761)
[M::mem_pestat] low and high boundaries for computing mean and std.dev: (1, 13601)
[M::mem_pestat] mean and std.dev: (3964.00, 2978.34)
[M::mem_pestat] low and high boundaries for proper pairs: (1, 17521)
[M::mem_pestat] skip orientation RF
[M::mem_pestat] skip orientation RR
[M::mem_process_seqs] Processed 81474 reads in 5.985 CPU sec, 2.923 real sec
[M::process] read 81510 sequences (20000124 bp)...
[M::mem_pestat] # candidate unique pairs for (FF, FR, RF, RR): (8, 39703, 87, 16)
[M::mem_pestat] skip orientation FF as there are not enough pairs
[M::mem_pestat] analyzing insert size distribution for orientation FR...
[M::mem_pestat] (25, 50, 75) percentile: (380, 385, 393)
[M::mem_pestat] low and high boundaries for computing mean and std.dev: (354, 419)
[M::mem_pestat] mean and std.dev: (388.76, 10.83)
[M::mem_pestat] low and high boundaries for proper pairs: (341, 432)
[M::mem_pestat] analyzing insert size distribution for orientation RF...
[M::mem_pestat] (25, 50, 75) percentile: (215, 226, 848)
[M::mem_pestat] low and high boundaries for computing mean and std.dev: (1, 2114)
[M::mem_pestat] mean and std.dev: (445.31, 323.53)
[M::mem_pestat] low and high boundaries for proper pairs: (1, 2747)
[M::mem_pestat] analyzing insert size distribution for orientation RR...
[M::mem_pestat] (25, 50, 75) percentile: (823, 2057, 3698)
[M::mem_pestat] low and high boundaries for computing mean and std.dev: (1, 9448)
[M::mem_pestat] mean and std.dev: (2367.31, 1949.42)
[M::mem_pestat] low and high boundaries for proper pairs: (1, 12323)
[M::mem_pestat] skip orientation RF
[M::mem_pestat] skip orientation RR
[M::mem_process_seqs] Processed 81510 reads in 6.007 CPU sec, 2.917 real sec
[M::process] read 81482 sequences (20000058 bp)...
[M::mem_pestat] # candidate unique pairs for (FF, FR, RF, RR): (11, 39634, 68, 13)
[M::mem_pestat] analyzing insert size distribution for orientation FF...
[M::mem_pestat] (25, 50, 75) percentile: (1884, 1884, 4170)
[M::mem_pestat] low and high boundaries for computing mean and std.dev: (1, 8742)
[M::mem_pestat] mean and std.dev: (2792.45, 1668.07)
[M::mem_pestat] low and high boundaries for proper pairs: (1, 11028)
[M::mem_pestat] analyzing insert size distribution for orientation FR...
[M::mem_pestat] (25, 50, 75) percentile: (380, 386, 393)
[M::mem_pestat] low and high boundaries for computing mean and std.dev: (354, 419)
[M::mem_pestat] mean and std.dev: (389.22, 10.77)
[M::mem_pestat] low and high boundaries for proper pairs: (341, 432)
[M::mem_pestat] analyzing insert size distribution for orientation RF...
[M::mem_pestat] (25, 50, 75) percentile: (215, 223, 848)
[M::mem_pestat] low and high boundaries for computing mean and std.dev: (1, 2114)
[M::mem_pestat] mean and std.dev: (499.77, 345.68)
[M::mem_pestat] low and high boundaries for proper pairs: (1, 2747)
[M::mem_pestat] analyzing insert size distribution for orientation RR...
[M::mem_pestat] (25, 50, 75) percentile: (1722, 2057, 5730)
[M::mem_pestat] low and high boundaries for computing mean and std.dev: (1, 13746)
[M::mem_pestat] mean and std.dev: (3534.69, 2664.49)
[M::mem_pestat] low and high boundaries for proper pairs: (1, 17754)
[M::mem_pestat] skip orientation FF
[M::mem_pestat] skip orientation RF
[M::mem_pestat] skip orientation RR
[M::mem_process_seqs] Processed 81482 reads in 5.772 CPU sec, 2.822 real sec
[M::process] read 81512 sequences (20000283 bp)...
[M::mem_pestat] # candidate unique pairs for (FF, FR, RF, RR): (11, 39641, 87, 10)
[M::mem_pestat] analyzing insert size distribution for orientation FF...
[M::mem_pestat] (25, 50, 75) percentile: (1880, 1919, 7890)
[M::mem_pestat] low and high boundaries for computing mean and std.dev: (1, 19910)
[M::mem_pestat] mean and std.dev: (4426.55, 3482.14)
[M::mem_pestat] low and high boundaries for proper pairs: (1, 25920)
[M::mem_pestat] analyzing insert size distribution for orientation FR...
[M::mem_pestat] (25, 50, 75) percentile: (380, 386, 393)
[M::mem_pestat] low and high boundaries for computing mean and std.dev: (354, 419)
[M::mem_pestat] mean and std.dev: (389.12, 10.79)
[M::mem_pestat] low and high boundaries for proper pairs: (341, 432)
[M::mem_pestat] analyzing insert size distribution for orientation RF...
[M::mem_pestat] (25, 50, 75) percentile: (211, 223, 824)
[M::mem_pestat] low and high boundaries for computing mean and std.dev: (1, 2050)
[M::mem_pestat] mean and std.dev: (397.47, 314.01)
[M::mem_pestat] low and high boundaries for proper pairs: (1, 2663)
[M::mem_pestat] analyzing insert size distribution for orientation RR...
[M::mem_pestat] (25, 50, 75) percentile: (577, 2057, 6107)
[M::mem_pestat] low and high boundaries for computing mean and std.dev: (1, 17167)
[M::mem_pestat] mean and std.dev: (3491.10, 3024.63)
[M::mem_pestat] low and high boundaries for proper pairs: (1, 22697)
[M::mem_pestat] skip orientation FF
[M::mem_pestat] skip orientation RF
[M::mem_pestat] skip orientation RR
[M::mem_process_seqs] Processed 81512 reads in 5.936 CPU sec, 2.901 real sec
[M::process] read 52320 sequences (12822545 bp)...
[M::mem_pestat] # candidate unique pairs for (FF, FR, RF, RR): (6, 25414, 62, 6)
[M::mem_pestat] skip orientation FF as there are not enough pairs
[M::mem_pestat] analyzing insert size distribution for orientation FR...
[M::mem_pestat] (25, 50, 75) percentile: (380, 385, 393)
[M::mem_pestat] low and high boundaries for computing mean and std.dev: (354, 419)
[M::mem_pestat] mean and std.dev: (388.57, 10.86)
[M::mem_pestat] low and high boundaries for proper pairs: (341, 432)
[M::mem_pestat] analyzing insert size distribution for orientation RF...
[M::mem_pestat] (25, 50, 75) percentile: (215, 223, 848)
[M::mem_pestat] low and high boundaries for computing mean and std.dev: (1, 2114)
[M::mem_pestat] mean and std.dev: (403.48, 300.54)
[M::mem_pestat] low and high boundaries for proper pairs: (1, 2747)
[M::mem_pestat] skip orientation RR as there are not enough pairs
[M::mem_pestat] skip orientation RF
[M::mem_process_seqs] Processed 52320 reads in 4.229 CPU sec, 2.097 real sec
[main] Version: 0.7.17-r1188
[main] CMD: bwa mem -t 2 SC2232/core/viral_reference SC2232/adapter_trimmed/SC2232_R1_val_1_posttrim_filter.fq.gz SC2232/adapter_trimmed/SC2232_R2_val_2_posttrim_filter.fq.gz
[main] Real time: 81.603 sec; CPU: 148.210 sec
[bam_sort_core] merging from 0 files and 2 in-memory blocks...
