Path to Cutadapt set as: 'cutadapt' (default)
Cutadapt seems to be working fine (tested command 'cutadapt --version')
Cutadapt version: 4.1
Could not detect version of Python used by Cutadapt from the first line of Cutadapt (but found this: >>>#!/bin/sh<<<)
Letting the (modified) Cutadapt deal with the Python version instead
Parallel gzip (pigz) detected. Proceeding with multicore (de)compression using 2 cores

No quality encoding type selected. Assuming that the data provided uses Sanger encoded Phred scores (default)

Output will be written into the directory: /workspace/home/nasirja/covid-19-signal/subset_viral_7_results_dir/SC2200/adapter_trimmed/


AUTO-DETECTING ADAPTER TYPE
===========================
Attempting to auto-detect adapter type from the first 1 million sequences of the first file (>> SC2200/host_removal/SC2200_R1.fastq.gz <<)

Found perfect matches for the following adapter sequences:
Adapter type	Count	Sequence	Sequences analysed	Percentage
Illumina	20782	AGATCGGAAGAGC	826912	2.51
smallRNA	0	TGGAATTCTCGG	826912	0.00
Nextera	0	CTGTCTCTTATA	826912	0.00
Using Illumina adapter for trimming (count: 20782). Second best hit was smallRNA (count: 0)

Writing report to '/workspace/home/nasirja/covid-19-signal/subset_viral_7_results_dir/SC2200/adapter_trimmed/SC2200_R1.fastq.gz_trimming_report.txt'

SUMMARISING RUN PARAMETERS
==========================
Input filename: SC2200/host_removal/SC2200_R1.fastq.gz
Trimming mode: paired-end
Trim Galore version: 0.6.4_dev
Cutadapt version: 4.1
Python version: could not detect
Number of cores used for trimming: 2
Quality Phred score cutoff: 20
Quality encoding type selected: ASCII+33
Adapter sequence: 'AGATCGGAAGAGC' (Illumina TruSeq, Sanger iPCR; auto-detected)
Maximum trimming error rate: 0.1 (default)
Minimum required adapter overlap (stringency): 1 bp
Minimum required sequence length for both reads before a sequence pair gets removed: 20 bp
Running FastQC on the data once trimming has completed
Output file(s) will be GZIP compressed

Cutadapt seems to be fairly up-to-date (version 4.1). Setting -j 2
Writing final adapter and quality trimmed output to SC2200_R1_trimmed.fq.gz


  >>> Now performing quality (cutoff '-q 20') and adapter trimming in a single pass for the adapter sequence: 'AGATCGGAAGAGC' from file SC2200/host_removal/SC2200_R1.fastq.gz <<< 
This is cutadapt 4.1 with Python 3.9.13
Command line parameters: -j 2 -e 0.1 -q 20 -O 1 -a AGATCGGAAGAGC SC2200/host_removal/SC2200_R1.fastq.gz
Processing single-end reads on 2 cores ...
Finished in 29.69 s (36 µs/read; 1.67 M reads/minute).

=== Summary ===

Total reads processed:                 826,912
Reads with adapters:                   293,183 (35.5%)
Reads written (passing filters):       826,912 (100.0%)

Total basepairs processed:   207,554,912 bp
Quality-trimmed:               1,381,235 bp (0.7%)
Total written (filtered):    204,097,870 bp (98.3%)

=== Adapter 1 ===

Sequence: AGATCGGAAGAGC; Type: regular 3'; Length: 13; Trimmed: 293183 times

Minimum overlap: 1
No. of allowed errors:
1-9 bp: 0; 10-13 bp: 1

Bases preceding removed adapters:
  A: 35.2%
  C: 21.5%
  G: 11.1%
  T: 32.0%
  none/other: 0.2%

Overview of removed sequences
length	count	expect	max.err	error counts
1	186613	206728.0	0	186613
2	63210	51682.0	0	63210
3	8296	12920.5	0	8296
4	4206	3230.1	0	4206
5	200	807.5	0	200
6	295	201.9	0	295
7	7135	50.5	0	7135
8	212	12.6	0	212
9	340	3.2	0	340
10	249	0.8	1	240 9
11	103	0.2	1	97 6
12	235	0.0	1	224 11
13	102	0.0	1	98 4
14	75	0.0	1	70 5
15	90	0.0	1	87 3
16	68	0.0	1	64 4
17	74	0.0	1	65 9
18	133	0.0	1	121 12
19	48	0.0	1	41 7
20	85	0.0	1	76 9
21	39	0.0	1	36 3
22	96	0.0	1	91 5
23	122	0.0	1	112 10
24	2001	0.0	1	1940 61
25	367	0.0	1	355 12
26	70	0.0	1	63 7
27	126	0.0	1	109 17
28	166	0.0	1	146 20
29	88	0.0	1	76 12
30	89	0.0	1	83 6
31	78	0.0	1	72 6
32	117	0.0	1	109 8
33	29	0.0	1	28 1
34	100	0.0	1	85 15
35	63	0.0	1	52 11
36	234	0.0	1	221 13
37	181	0.0	1	171 10
38	83	0.0	1	74 9
39	108	0.0	1	96 12
40	67	0.0	1	57 10
41	72	0.0	1	65 7
42	179	0.0	1	164 15
43	226	0.0	1	214 12
44	50	0.0	1	46 4
45	143	0.0	1	134 9
46	52	0.0	1	45 7
47	108	0.0	1	88 20
48	45	0.0	1	39 6
49	101	0.0	1	90 11
50	61	0.0	1	59 2
51	87	0.0	1	83 4
52	60	0.0	1	51 9
53	75	0.0	1	63 12
54	177	0.0	1	154 23
55	99	0.0	1	93 6
56	38	0.0	1	31 7
57	75	0.0	1	72 3
58	45	0.0	1	39 6
59	82	0.0	1	75 7
60	57	0.0	1	50 7
61	46	0.0	1	41 5
62	37	0.0	1	32 5
63	56	0.0	1	51 5
64	31	0.0	1	29 2
65	53	0.0	1	47 6
66	60	0.0	1	57 3
67	29	0.0	1	24 5
68	57	0.0	1	50 7
69	120	0.0	1	116 4
70	99	0.0	1	92 7
71	161	0.0	1	155 6
72	207	0.0	1	193 14
73	269	0.0	1	245 24
74	456	0.0	1	414 42
75	931	0.0	1	856 75
76	2506	0.0	1	2404 102
77	2060	0.0	1	1990 70
78	1128	0.0	1	1091 37
79	698	0.0	1	669 29
80	454	0.0	1	437 17
81	344	0.0	1	327 17
82	212	0.0	1	200 12
83	196	0.0	1	191 5
84	157	0.0	1	146 11
85	133	0.0	1	121 12
86	113	0.0	1	106 7
87	99	0.0	1	86 13
88	101	0.0	1	88 13
89	177	0.0	1	164 13
90	75	0.0	1	69 6
91	64	0.0	1	58 6
92	73	0.0	1	70 3
93	110	0.0	1	102 8
94	582	0.0	1	560 22
95	95	0.0	1	92 3
96	133	0.0	1	119 14
97	89	0.0	1	87 2
98	53	0.0	1	49 4
99	43	0.0	1	40 3
100	32	0.0	1	31 1
101	35	0.0	1	32 3
102	28	0.0	1	28
103	31	0.0	1	28 3
104	29	0.0	1	26 3
105	65	0.0	1	61 4
106	26	0.0	1	24 2
107	41	0.0	1	32 9
108	24	0.0	1	21 3
109	41	0.0	1	36 5
110	14	0.0	1	13 1
111	20	0.0	1	18 2
112	18	0.0	1	15 3
113	45	0.0	1	40 5
114	26	0.0	1	19 7
115	30	0.0	1	23 7
116	27	0.0	1	23 4
117	44	0.0	1	40 4
118	14	0.0	1	9 5
119	14	0.0	1	12 2
120	11	0.0	1	9 2
121	20	0.0	1	17 3
122	13	0.0	1	13
123	31	0.0	1	27 4
124	19	0.0	1	16 3
125	14	0.0	1	11 3
126	16	0.0	1	12 4
127	102	0.0	1	99 3
128	13	0.0	1	11 2
129	17	0.0	1	14 3
130	12	0.0	1	10 2
131	26	0.0	1	25 1
132	15	0.0	1	12 3
133	34	0.0	1	30 4
134	24	0.0	1	21 3
135	7	0.0	1	5 2
136	15	0.0	1	12 3
137	13	0.0	1	9 4
138	14	0.0	1	10 4
139	13	0.0	1	8 5
140	18	0.0	1	13 5
141	56	0.0	1	54 2
142	6	0.0	1	5 1
143	13	0.0	1	11 2
144	8	0.0	1	7 1
145	18	0.0	1	15 3
146	35	0.0	1	33 2
147	38	0.0	1	34 4
148	9	0.0	1	8 1
149	21	0.0	1	17 4
150	13	0.0	1	11 2
151	20	0.0	1	16 4
152	15	0.0	1	13 2
153	23	0.0	1	21 2
154	55	0.0	1	55
155	34	0.0	1	31 3
156	101	0.0	1	98 3
157	67	0.0	1	66 1
158	39	0.0	1	37 2
159	57	0.0	1	53 4
160	77	0.0	1	72 5
161	68	0.0	1	66 2
162	62	0.0	1	60 2
163	54	0.0	1	51 3
164	70	0.0	1	63 7
165	18	0.0	1	18
166	65	0.0	1	64 1
167	80	0.0	1	75 5
168	54	0.0	1	52 2
169	46	0.0	1	44 2
170	38	0.0	1	36 2
171	10	0.0	1	9 1
172	50	0.0	1	45 5
173	25	0.0	1	24 1
174	26	0.0	1	24 2
175	42	0.0	1	38 4
176	42	0.0	1	41 1
177	17	0.0	1	13 4
178	22	0.0	1	22
179	9	0.0	1	7 2
180	36	0.0	1	34 2
181	28	0.0	1	26 2
182	7	0.0	1	6 1
183	14	0.0	1	14
184	7	0.0	1	5 2
185	71	0.0	1	69 2
186	9	0.0	1	8 1
187	9	0.0	1	9
188	3	0.0	1	2 1
189	5	0.0	1	4 1
190	16	0.0	1	13 3
191	8	0.0	1	7 1
192	18	0.0	1	18
193	13	0.0	1	13
194	4	0.0	1	3 1
195	7	0.0	1	5 2
196	7	0.0	1	6 1
197	2	0.0	1	2
198	4	0.0	1	4
199	1	0.0	1	0 1
200	3	0.0	1	2 1
201	2	0.0	1	2
202	2	0.0	1	1 1
203	3	0.0	1	3
205	4	0.0	1	2 2
206	4	0.0	1	3 1
207	2	0.0	1	2
208	10	0.0	1	9 1
209	3	0.0	1	2 1
210	6	0.0	1	6
211	1	0.0	1	1
212	2	0.0	1	2
213	2	0.0	1	2
214	4	0.0	1	4
215	7	0.0	1	6 1
216	1	0.0	1	1
217	4	0.0	1	4
218	1	0.0	1	1
219	1	0.0	1	0 1
220	1	0.0	1	1
222	2	0.0	1	1 1
223	3	0.0	1	2 1
225	2	0.0	1	1 1
226	1	0.0	1	1
228	1	0.0	1	1
229	3	0.0	1	3
231	1	0.0	1	1
232	1	0.0	1	1
236	4	0.0	1	3 1
237	1	0.0	1	0 1
239	1	0.0	1	0 1
241	1	0.0	1	0 1
242	3	0.0	1	0 3
243	1	0.0	1	1
244	1	0.0	1	0 1
248	1	0.0	1	0 1
249	2	0.0	1	0 2
250	5	0.0	1	0 5
251	131	0.0	1	0 131

RUN STATISTICS FOR INPUT FILE: SC2200/host_removal/SC2200_R1.fastq.gz
=============================================
826912 sequences processed in total
The length threshold of paired-end sequences gets evaluated later on (in the validation step)

Writing report to '/workspace/home/nasirja/covid-19-signal/subset_viral_7_results_dir/SC2200/adapter_trimmed/SC2200_R2.fastq.gz_trimming_report.txt'

SUMMARISING RUN PARAMETERS
==========================
Input filename: SC2200/host_removal/SC2200_R2.fastq.gz
Trimming mode: paired-end
Trim Galore version: 0.6.4_dev
Cutadapt version: 4.1
Python version: could not detect
Number of cores used for trimming: 2
Quality Phred score cutoff: 20
Quality encoding type selected: ASCII+33
Adapter sequence: 'AGATCGGAAGAGC' (Illumina TruSeq, Sanger iPCR; auto-detected)
Maximum trimming error rate: 0.1 (default)
Minimum required adapter overlap (stringency): 1 bp
Minimum required sequence length for both reads before a sequence pair gets removed: 20 bp
Running FastQC on the data once trimming has completed
Output file(s) will be GZIP compressed

Cutadapt seems to be fairly up-to-date (version 4.1). Setting -j -j 2
Writing final adapter and quality trimmed output to SC2200_R2_trimmed.fq.gz


  >>> Now performing quality (cutoff '-q 20') and adapter trimming in a single pass for the adapter sequence: 'AGATCGGAAGAGC' from file SC2200/host_removal/SC2200_R2.fastq.gz <<< 
This is cutadapt 4.1 with Python 3.9.13
Command line parameters: -j 2 -e 0.1 -q 20 -O 1 -a AGATCGGAAGAGC SC2200/host_removal/SC2200_R2.fastq.gz
Processing single-end reads on 2 cores ...
Finished in 31.75 s (38 µs/read; 1.56 M reads/minute).

=== Summary ===

Total reads processed:                 826,912
Reads with adapters:                   283,826 (34.3%)
Reads written (passing filters):       826,912 (100.0%)

Total basepairs processed:   207,554,912 bp
Quality-trimmed:               3,155,674 bp (1.5%)
Total written (filtered):    202,684,002 bp (97.7%)

=== Adapter 1 ===

Sequence: AGATCGGAAGAGC; Type: regular 3'; Length: 13; Trimmed: 283826 times

Minimum overlap: 1
No. of allowed errors:
1-9 bp: 0; 10-13 bp: 1

Bases preceding removed adapters:
  A: 39.0%
  C: 20.1%
  G: 11.4%
  T: 29.3%
  none/other: 0.3%

Overview of removed sequences
length	count	expect	max.err	error counts
1	184530	206728.0	0	184530
2	57481	51682.0	0	57481
3	9568	12920.5	0	9568
4	3139	3230.1	0	3139
5	181	807.5	0	181
6	267	201.9	0	267
7	7050	50.5	0	7050
8	124	12.6	0	124
9	280	3.2	0	280
10	284	0.8	1	270 14
11	69	0.2	1	62 7
12	250	0.0	1	237 13
13	31	0.0	1	24 7
14	152	0.0	1	147 5
15	50	0.0	1	45 5
16	55	0.0	1	51 4
17	105	0.0	1	101 4
18	27	0.0	1	24 3
19	108	0.0	1	102 6
20	53	0.0	1	53
21	9	0.0	1	7 2
22	87	0.0	1	81 6
23	131	0.0	1	117 14
24	2282	0.0	1	2194 88
25	45	0.0	1	39 6
26	156	0.0	1	150 6
27	143	0.0	1	131 12
28	172	0.0	1	161 11
29	31	0.0	1	23 8
30	166	0.0	1	161 5
31	24	0.0	1	22 2
32	129	0.0	1	115 14
33	95	0.0	1	88 7
34	59	0.0	1	50 9
35	129	0.0	1	119 10
36	459	0.0	1	432 27
37	149	0.0	1	138 11
38	68	0.0	1	65 3
39	97	0.0	1	89 8
40	147	0.0	1	141 6
41	299	0.0	1	289 10
42	550	0.0	1	526 24
43	231	0.0	1	212 19
44	445	0.0	1	425 20
45	495	0.0	1	479 16
46	379	0.0	1	367 12
47	542	0.0	1	528 14
48	342	0.0	1	333 9
49	209	0.0	1	202 7
50	124	0.0	1	119 5
51	125	0.0	1	120 5
52	72	0.0	1	68 4
53	163	0.0	1	159 4
54	454	0.0	1	445 9
55	121	0.0	1	118 3
56	286	0.0	1	281 5
57	802	0.0	1	793 9
58	413	0.0	1	401 12
59	90	0.0	1	90
60	335	0.0	1	328 7
61	123	0.0	1	121 2
62	69	0.0	1	64 5
63	218	0.0	1	212 6
64	92	0.0	1	88 4
65	55	0.0	1	52 3
66	35	0.0	1	34 1
67	37	0.0	1	36 1
68	40	0.0	1	38 2
69	54	0.0	1	53 1
70	32	0.0	1	30 2
71	52	0.0	1	51 1
72	63	0.0	1	58 5
73	73	0.0	1	70 3
74	100	0.0	1	96 4
75	152	0.0	1	144 8
76	274	0.0	1	252 22
77	413	0.0	1	373 40
78	560	0.0	1	506 54
79	834	0.0	1	724 110
80	1326	0.0	1	1228 98
81	896	0.0	1	820 76
82	359	0.0	1	320 39
83	238	0.0	1	213 25
84	123	0.0	1	104 19
85	100	0.0	1	88 12
86	54	0.0	1	46 8
87	47	0.0	1	37 10
88	49	0.0	1	42 7
89	93	0.0	1	78 15
90	31	0.0	1	25 6
91	24	0.0	1	20 4
92	20	0.0	1	17 3
93	33	0.0	1	30 3
94	364	0.0	1	345 19
95	43	0.0	1	39 4
96	74	0.0	1	70 4
97	55	0.0	1	51 4
98	24	0.0	1	22 2
99	14	0.0	1	13 1
100	15	0.0	1	12 3
101	9	0.0	1	7 2
102	8	0.0	1	8
103	15	0.0	1	14 1
104	4	0.0	1	3 1
105	37	0.0	1	34 3
106	12	0.0	1	10 2
107	15	0.0	1	10 5
108	10	0.0	1	8 2
109	15	0.0	1	9 6
110	9	0.0	1	7 2
111	9	0.0	1	6 3
112	16	0.0	1	10 6
113	22	0.0	1	19 3
114	13	0.0	1	8 5
115	8	0.0	1	4 4
116	8	0.0	1	6 2
117	27	0.0	1	23 4
118	3	0.0	1	2 1
119	4	0.0	1	2 2
120	5	0.0	1	2 3
121	7	0.0	1	5 2
122	2	0.0	1	2
123	22	0.0	1	19 3
124	4	0.0	1	3 1
125	6	0.0	1	4 2
126	8	0.0	1	3 5
127	57	0.0	1	52 5
128	10	0.0	1	10
129	15	0.0	1	11 4
130	5	0.0	1	3 2
131	8	0.0	1	7 1
132	4	0.0	1	4
133	26	0.0	1	23 3
134	13	0.0	1	8 5
135	4	0.0	1	2 2
136	8	0.0	1	5 3
137	5	0.0	1	2 3
138	6	0.0	1	3 3
139	3	0.0	1	1 2
140	3	0.0	1	2 1
141	30	0.0	1	25 5
142	4	0.0	1	4
143	6	0.0	1	6
144	5	0.0	1	4 1
145	7	0.0	1	5 2
146	24	0.0	1	20 4
147	15	0.0	1	13 2
148	7	0.0	1	5 2
149	7	0.0	1	6 1
150	6	0.0	1	5 1
151	17	0.0	1	14 3
152	15	0.0	1	14 1
153	23	0.0	1	20 3
154	28	0.0	1	26 2
155	17	0.0	1	17
156	72	0.0	1	68 4
157	26	0.0	1	25 1
158	23	0.0	1	21 2
159	41	0.0	1	40 1
160	55	0.0	1	52 3
161	39	0.0	1	39
162	32	0.0	1	31 1
163	22	0.0	1	21 1
164	34	0.0	1	30 4
165	14	0.0	1	11 3
166	31	0.0	1	30 1
167	66	0.0	1	63 3
168	27	0.0	1	26 1
169	34	0.0	1	33 1
170	31	0.0	1	30 1
171	8	0.0	1	7 1
172	29	0.0	1	26 3
173	14	0.0	1	14
174	16	0.0	1	15 1
175	33	0.0	1	31 2
176	26	0.0	1	24 2
177	10	0.0	1	10
178	12	0.0	1	12
179	4	0.0	1	4
180	25	0.0	1	24 1
181	11	0.0	1	11
182	1	0.0	1	1
183	9	0.0	1	7 2
184	3	0.0	1	3
185	51	0.0	1	49 2
186	5	0.0	1	5
187	8	0.0	1	8
188	1	0.0	1	0 1
189	3	0.0	1	3
190	5	0.0	1	5
191	4	0.0	1	2 2
192	14	0.0	1	13 1
193	4	0.0	1	4
195	8	0.0	1	8
196	4	0.0	1	2 2
197	1	0.0	1	1
198	3	0.0	1	3
200	3	0.0	1	2 1
201	2	0.0	1	1 1
202	1	0.0	1	1
203	2	0.0	1	2
204	2	0.0	1	2
205	2	0.0	1	2
206	2	0.0	1	1 1
208	4	0.0	1	4
209	3	0.0	1	2 1
210	4	0.0	1	4
212	4	0.0	1	3 1
213	1	0.0	1	1
214	4	0.0	1	4
215	4	0.0	1	4
217	1	0.0	1	1
218	2	0.0	1	1 1
225	1	0.0	1	0 1
229	1	0.0	1	1
231	1	0.0	1	1
236	1	0.0	1	0 1
241	1	0.0	1	0 1
243	1	0.0	1	1
244	1	0.0	1	0 1
249	2	0.0	1	0 2
250	4	0.0	1	0 4
251	120	0.0	1	0 120

RUN STATISTICS FOR INPUT FILE: SC2200/host_removal/SC2200_R2.fastq.gz
=============================================
826912 sequences processed in total
The length threshold of paired-end sequences gets evaluated later on (in the validation step)

Validate paired-end files SC2200_R1_trimmed.fq.gz and SC2200_R2_trimmed.fq.gz
file_1: SC2200_R1_trimmed.fq.gz, file_2: SC2200_R2_trimmed.fq.gz


>>>>> Now validing the length of the 2 paired-end infiles: SC2200_R1_trimmed.fq.gz and SC2200_R2_trimmed.fq.gz <<<<<
Writing validated paired-end Read 1 reads to SC2200_R1_val_1.fq.gz
Writing validated paired-end Read 2 reads to SC2200_R2_val_2.fq.gz

Total number of sequences analysed: 826912

Number of sequence pairs removed because at least one read was shorter than the length cutoff (20 bp): 2927 (0.35%)


  >>> Now running FastQC on the validated data SC2200_R1_val_1.fq.gz<<<

Started analysis of SC2200_R1_val_1.fq.gz
Approx 5% complete for SC2200_R1_val_1.fq.gz
Approx 10% complete for SC2200_R1_val_1.fq.gz
Approx 15% complete for SC2200_R1_val_1.fq.gz
Approx 20% complete for SC2200_R1_val_1.fq.gz
Approx 25% complete for SC2200_R1_val_1.fq.gz
Approx 30% complete for SC2200_R1_val_1.fq.gz
Approx 35% complete for SC2200_R1_val_1.fq.gz
Approx 40% complete for SC2200_R1_val_1.fq.gz
Approx 45% complete for SC2200_R1_val_1.fq.gz
Approx 50% complete for SC2200_R1_val_1.fq.gz
Approx 55% complete for SC2200_R1_val_1.fq.gz
Approx 60% complete for SC2200_R1_val_1.fq.gz
Approx 65% complete for SC2200_R1_val_1.fq.gz
Approx 70% complete for SC2200_R1_val_1.fq.gz
Approx 75% complete for SC2200_R1_val_1.fq.gz
Approx 80% complete for SC2200_R1_val_1.fq.gz
Approx 85% complete for SC2200_R1_val_1.fq.gz
Approx 90% complete for SC2200_R1_val_1.fq.gz
Approx 95% complete for SC2200_R1_val_1.fq.gz

  >>> Now running FastQC on the validated data SC2200_R2_val_2.fq.gz<<<

Started analysis of SC2200_R2_val_2.fq.gz
Approx 5% complete for SC2200_R2_val_2.fq.gz
Approx 10% complete for SC2200_R2_val_2.fq.gz
Approx 15% complete for SC2200_R2_val_2.fq.gz
Approx 20% complete for SC2200_R2_val_2.fq.gz
Approx 25% complete for SC2200_R2_val_2.fq.gz
Approx 30% complete for SC2200_R2_val_2.fq.gz
Approx 35% complete for SC2200_R2_val_2.fq.gz
Approx 40% complete for SC2200_R2_val_2.fq.gz
Approx 45% complete for SC2200_R2_val_2.fq.gz
Approx 50% complete for SC2200_R2_val_2.fq.gz
Approx 55% complete for SC2200_R2_val_2.fq.gz
Approx 60% complete for SC2200_R2_val_2.fq.gz
Approx 65% complete for SC2200_R2_val_2.fq.gz
Approx 70% complete for SC2200_R2_val_2.fq.gz
Approx 75% complete for SC2200_R2_val_2.fq.gz
Approx 80% complete for SC2200_R2_val_2.fq.gz
Approx 85% complete for SC2200_R2_val_2.fq.gz
Approx 90% complete for SC2200_R2_val_2.fq.gz
Approx 95% complete for SC2200_R2_val_2.fq.gz
Deleting both intermediate output files SC2200_R1_trimmed.fq.gz and SC2200_R2_trimmed.fq.gz

====================================================================================================

