[M::bwa_idx_load_from_disk] read 0 ALT contigs
[M::process] read 82166 sequences (20000081 bp)...
[M::process] read 82330 sequences (20000466 bp)...
[M::mem_pestat] # candidate unique pairs for (FF, FR, RF, RR): (4, 39188, 12, 7)
[M::mem_pestat] skip orientation FF as there are not enough pairs
[M::mem_pestat] analyzing insert size distribution for orientation FR...
[M::mem_pestat] (25, 50, 75) percentile: (381, 386, 393)
[M::mem_pestat] low and high boundaries for computing mean and std.dev: (357, 417)
[M::mem_pestat] mean and std.dev: (388.60, 9.97)
[M::mem_pestat] low and high boundaries for proper pairs: (345, 429)
[M::mem_pestat] analyzing insert size distribution for orientation RF...
[M::mem_pestat] (25, 50, 75) percentile: (214, 769, 771)
[M::mem_pestat] low and high boundaries for computing mean and std.dev: (1, 1885)
[M::mem_pestat] mean and std.dev: (633.09, 375.58)
[M::mem_pestat] low and high boundaries for proper pairs: (1, 2442)
[M::mem_pestat] skip orientation RR as there are not enough pairs
[M::mem_pestat] skip orientation RF
[M::mem_process_seqs] Processed 82166 reads in 6.392 CPU sec, 3.017 real sec
[M::mem_pestat] # candidate unique pairs for (FF, FR, RF, RR): (4, 39166, 13, 7)
[M::mem_pestat] skip orientation FF as there are not enough pairs
[M::mem_pestat] analyzing insert size distribution for orientation FR...
[M::mem_pestat] (25, 50, 75) percentile: (380, 386, 393)
[M::mem_pestat] low and high boundaries for computing mean and std.dev: (354, 419)
[M::mem_pestat] mean and std.dev: (388.81, 10.96)
[M::mem_pestat] low and high boundaries for proper pairs: (341, 433)
[M::mem_pestat] analyzing insert size distribution for orientation RF...
[M::mem_pestat] (25, 50, 75) percentile: (216, 769, 3620)
[M::mem_pestat] low and high boundaries for computing mean and std.dev: (1, 10428)
[M::mem_pestat] mean and std.dev: (1897.00, 2607.31)
[M::mem_pestat] low and high boundaries for proper pairs: (1, 13832)
[M::mem_pestat] skip orientation RR as there are not enough pairs
[M::mem_pestat] skip orientation RF
[M::mem_process_seqs] Processed 82330 reads in 6.315 CPU sec, 3.058 real sec
[M::process] read 82100 sequences (20000150 bp)...
[M::mem_pestat] # candidate unique pairs for (FF, FR, RF, RR): (6, 39140, 11, 5)
[M::mem_pestat] skip orientation FF as there are not enough pairs
[M::mem_pestat] analyzing insert size distribution for orientation FR...
[M::mem_pestat] (25, 50, 75) percentile: (381, 386, 393)
[M::mem_pestat] low and high boundaries for computing mean and std.dev: (357, 417)
[M::mem_pestat] mean and std.dev: (388.59, 10.02)
[M::mem_pestat] low and high boundaries for proper pairs: (345, 429)
[M::mem_pestat] analyzing insert size distribution for orientation RF...
[M::mem_pestat] (25, 50, 75) percentile: (769, 769, 6423)
[M::mem_pestat] low and high boundaries for computing mean and std.dev: (1, 17731)
[M::mem_pestat] mean and std.dev: (3229.45, 3521.14)
[M::mem_pestat] low and high boundaries for proper pairs: (1, 23385)
[M::mem_pestat] skip orientation RR as there are not enough pairs
[M::mem_pestat] skip orientation RF
[M::mem_process_seqs] Processed 82100 reads in 5.789 CPU sec, 2.817 real sec
[M::process] read 82222 sequences (20000193 bp)...
[M::mem_pestat] # candidate unique pairs for (FF, FR, RF, RR): (5, 39142, 14, 3)
[M::mem_pestat] skip orientation FF as there are not enough pairs
[M::mem_pestat] analyzing insert size distribution for orientation FR...
[M::mem_pestat] (25, 50, 75) percentile: (381, 386, 393)
[M::mem_pestat] low and high boundaries for computing mean and std.dev: (357, 417)
[M::mem_pestat] mean and std.dev: (388.35, 10.03)
[M::mem_pestat] low and high boundaries for proper pairs: (345, 429)
[M::mem_pestat] analyzing insert size distribution for orientation RF...
[M::mem_pestat] (25, 50, 75) percentile: (226, 774, 1665)
[M::mem_pestat] low and high boundaries for computing mean and std.dev: (1, 4543)
[M::mem_pestat] mean and std.dev: (670.55, 420.01)
[M::mem_pestat] low and high boundaries for proper pairs: (1, 5982)
[M::mem_pestat] skip orientation RR as there are not enough pairs
[M::mem_pestat] skip orientation RF
[M::mem_process_seqs] Processed 82222 reads in 5.860 CPU sec, 2.798 real sec
[M::process] read 81992 sequences (20000030 bp)...
[M::mem_pestat] # candidate unique pairs for (FF, FR, RF, RR): (3, 39082, 16, 4)
[M::mem_pestat] skip orientation FF as there are not enough pairs
[M::mem_pestat] analyzing insert size distribution for orientation FR...
[M::mem_pestat] (25, 50, 75) percentile: (381, 386, 393)
[M::mem_pestat] low and high boundaries for computing mean and std.dev: (357, 417)
[M::mem_pestat] mean and std.dev: (388.49, 10.00)
[M::mem_pestat] low and high boundaries for proper pairs: (345, 429)
[M::mem_pestat] analyzing insert size distribution for orientation RF...
[M::mem_pestat] (25, 50, 75) percentile: (214, 769, 1492)
[M::mem_pestat] low and high boundaries for computing mean and std.dev: (1, 4048)
[M::mem_pestat] mean and std.dev: (757.60, 693.34)
[M::mem_pestat] low and high boundaries for proper pairs: (1, 5326)
[M::mem_pestat] skip orientation RR as there are not enough pairs
[M::mem_pestat] skip orientation RF
[M::mem_process_seqs] Processed 81992 reads in 5.700 CPU sec, 2.772 real sec
[M::process] read 81952 sequences (20000172 bp)...
[M::mem_pestat] # candidate unique pairs for (FF, FR, RF, RR): (6, 39073, 15, 4)
[M::mem_pestat] skip orientation FF as there are not enough pairs
[M::mem_pestat] analyzing insert size distribution for orientation FR...
[M::mem_pestat] (25, 50, 75) percentile: (380, 386, 393)
[M::mem_pestat] low and high boundaries for computing mean and std.dev: (354, 419)
[M::mem_pestat] mean and std.dev: (388.85, 11.13)
[M::mem_pestat] low and high boundaries for proper pairs: (341, 433)
[M::mem_pestat] analyzing insert size distribution for orientation RF...
[M::mem_pestat] (25, 50, 75) percentile: (214, 769, 771)
[M::mem_pestat] low and high boundaries for computing mean and std.dev: (1, 1885)
[M::mem_pestat] mean and std.dev: (514.46, 277.58)
[M::mem_pestat] low and high boundaries for proper pairs: (1, 2442)
[M::mem_pestat] skip orientation RR as there are not enough pairs
[M::mem_pestat] skip orientation RF
[M::mem_process_seqs] Processed 81952 reads in 6.509 CPU sec, 3.063 real sec
[M::process] read 81984 sequences (20000076 bp)...
[M::mem_pestat] # candidate unique pairs for (FF, FR, RF, RR): (4, 39145, 17, 3)
[M::mem_pestat] skip orientation FF as there are not enough pairs
[M::mem_pestat] analyzing insert size distribution for orientation FR...
[M::mem_pestat] (25, 50, 75) percentile: (381, 386, 393)
[M::mem_pestat] low and high boundaries for computing mean and std.dev: (357, 417)
[M::mem_pestat] mean and std.dev: (388.39, 9.99)
[M::mem_pestat] low and high boundaries for proper pairs: (345, 429)
[M::mem_pestat] analyzing insert size distribution for orientation RF...
[M::mem_pestat] (25, 50, 75) percentile: (214, 662, 1594)
[M::mem_pestat] low and high boundaries for computing mean and std.dev: (1, 4354)
[M::mem_pestat] mean and std.dev: (546.64, 376.04)
[M::mem_pestat] low and high boundaries for proper pairs: (1, 5734)
[M::mem_pestat] skip orientation RR as there are not enough pairs
[M::mem_pestat] skip orientation RF
[M::mem_process_seqs] Processed 81984 reads in 6.117 CPU sec, 2.935 real sec
[M::process] read 82238 sequences (20000324 bp)...
[M::mem_pestat] # candidate unique pairs for (FF, FR, RF, RR): (5, 39142, 17, 10)
[M::mem_pestat] skip orientation FF as there are not enough pairs
[M::mem_pestat] analyzing insert size distribution for orientation FR...
[M::mem_pestat] (25, 50, 75) percentile: (381, 386, 393)
[M::mem_pestat] low and high boundaries for computing mean and std.dev: (357, 417)
[M::mem_pestat] mean and std.dev: (388.43, 10.05)
[M::mem_pestat] low and high boundaries for proper pairs: (345, 429)
[M::mem_pestat] analyzing insert size distribution for orientation RF...
[M::mem_pestat] (25, 50, 75) percentile: (769, 769, 1527)
[M::mem_pestat] low and high boundaries for computing mean and std.dev: (1, 3043)
[M::mem_pestat] mean and std.dev: (769.33, 465.80)
[M::mem_pestat] low and high boundaries for proper pairs: (1, 3801)
[M::mem_pestat] analyzing insert size distribution for orientation RR...
[M::mem_pestat] (25, 50, 75) percentile: (2057, 2057, 4226)
[M::mem_pestat] low and high boundaries for computing mean and std.dev: (1, 8564)
[M::mem_pestat] mean and std.dev: (3707.70, 2475.41)
[M::mem_pestat] low and high boundaries for proper pairs: (1, 13609)
[M::mem_pestat] skip orientation RF
[M::mem_pestat] skip orientation RR
[M::mem_process_seqs] Processed 82238 reads in 6.216 CPU sec, 2.983 real sec
[M::process] read 82252 sequences (20000403 bp)...
[M::mem_pestat] # candidate unique pairs for (FF, FR, RF, RR): (2, 39122, 12, 5)
[M::mem_pestat] skip orientation FF as there are not enough pairs
[M::mem_pestat] analyzing insert size distribution for orientation FR...
[M::mem_pestat] (25, 50, 75) percentile: (380, 386, 393)
[M::mem_pestat] low and high boundaries for computing mean and std.dev: (354, 419)
[M::mem_pestat] mean and std.dev: (388.71, 10.88)
[M::mem_pestat] low and high boundaries for proper pairs: (341, 432)
[M::mem_pestat] analyzing insert size distribution for orientation RF...
[M::mem_pestat] (25, 50, 75) percentile: (769, 1493, 6342)
[M::mem_pestat] low and high boundaries for computing mean and std.dev: (1, 17488)
[M::mem_pestat] mean and std.dev: (2983.92, 2891.97)
[M::mem_pestat] low and high boundaries for proper pairs: (1, 23061)
[M::mem_pestat] skip orientation RR as there are not enough pairs
[M::mem_pestat] skip orientation RF
[M::mem_process_seqs] Processed 82252 reads in 6.150 CPU sec, 3.000 real sec
[M::process] read 82198 sequences (20000137 bp)...
[M::mem_pestat] # candidate unique pairs for (FF, FR, RF, RR): (4, 39152, 10, 7)
[M::mem_pestat] skip orientation FF as there are not enough pairs
[M::mem_pestat] analyzing insert size distribution for orientation FR...
[M::mem_pestat] (25, 50, 75) percentile: (381, 386, 393)
[M::mem_pestat] low and high boundaries for computing mean and std.dev: (357, 417)
[M::mem_pestat] mean and std.dev: (388.68, 9.98)
[M::mem_pestat] low and high boundaries for proper pairs: (345, 429)
[M::mem_pestat] analyzing insert size distribution for orientation RF...
[M::mem_pestat] (25, 50, 75) percentile: (214, 769, 769)
[M::mem_pestat] low and high boundaries for computing mean and std.dev: (1, 1879)
[M::mem_pestat] mean and std.dev: (635.00, 481.09)
[M::mem_pestat] low and high boundaries for proper pairs: (1, 2559)
[M::mem_pestat] skip orientation RR as there are not enough pairs
[M::mem_pestat] skip orientation RF
[M::mem_process_seqs] Processed 82198 reads in 6.060 CPU sec, 2.915 real sec
[M::process] read 82232 sequences (20000485 bp)...
[M::mem_pestat] # candidate unique pairs for (FF, FR, RF, RR): (6, 39110, 18, 3)
[M::mem_pestat] skip orientation FF as there are not enough pairs
[M::mem_pestat] analyzing insert size distribution for orientation FR...
[M::mem_pestat] (25, 50, 75) percentile: (381, 386, 393)
[M::mem_pestat] low and high boundaries for computing mean and std.dev: (357, 417)
[M::mem_pestat] mean and std.dev: (388.40, 10.08)
[M::mem_pestat] low and high boundaries for proper pairs: (345, 429)
[M::mem_pestat] analyzing insert size distribution for orientation RF...
[M::mem_pestat] (25, 50, 75) percentile: (495, 769, 3209)
[M::mem_pestat] low and high boundaries for computing mean and std.dev: (1, 8637)
[M::mem_pestat] mean and std.dev: (1849.06, 2166.17)
[M::mem_pestat] low and high boundaries for proper pairs: (1, 11351)
[M::mem_pestat] skip orientation RR as there are not enough pairs
[M::mem_pestat] skip orientation RF
[M::mem_process_seqs] Processed 82232 reads in 6.410 CPU sec, 3.105 real sec
[M::process] read 82002 sequences (20000228 bp)...
[M::mem_pestat] # candidate unique pairs for (FF, FR, RF, RR): (7, 39184, 11, 8)
[M::mem_pestat] skip orientation FF as there are not enough pairs
[M::mem_pestat] analyzing insert size distribution for orientation FR...
[M::mem_pestat] (25, 50, 75) percentile: (381, 386, 393)
[M::mem_pestat] low and high boundaries for computing mean and std.dev: (357, 417)
[M::mem_pestat] mean and std.dev: (388.62, 9.93)
[M::mem_pestat] low and high boundaries for proper pairs: (345, 429)
[M::mem_pestat] analyzing insert size distribution for orientation RF...
[M::mem_pestat] (25, 50, 75) percentile: (769, 769, 793)
[M::mem_pestat] low and high boundaries for computing mean and std.dev: (721, 841)
[M::mem_pestat] mean and std.dev: (773.00, 8.94)
[M::mem_pestat] low and high boundaries for proper pairs: (697, 865)
[M::mem_pestat] skip orientation RR as there are not enough pairs
[M::mem_pestat] skip orientation RF
[M::mem_process_seqs] Processed 82002 reads in 6.584 CPU sec, 3.180 real sec
[M::process] read 82062 sequences (20000151 bp)...
[M::mem_pestat] # candidate unique pairs for (FF, FR, RF, RR): (8, 39203, 9, 8)
[M::mem_pestat] skip orientation FF as there are not enough pairs
[M::mem_pestat] analyzing insert size distribution for orientation FR...
[M::mem_pestat] (25, 50, 75) percentile: (381, 386, 393)
[M::mem_pestat] low and high boundaries for computing mean and std.dev: (357, 417)
[M::mem_pestat] mean and std.dev: (388.40, 10.02)
[M::mem_pestat] low and high boundaries for proper pairs: (345, 429)
[M::mem_pestat] skip orientation RF as there are not enough pairs
[M::mem_pestat] skip orientation RR as there are not enough pairs
[M::mem_process_seqs] Processed 82062 reads in 6.461 CPU sec, 3.107 real sec
[M::process] read 81898 sequences (20000327 bp)...
[M::mem_pestat] # candidate unique pairs for (FF, FR, RF, RR): (3, 39164, 10, 7)
[M::mem_pestat] skip orientation FF as there are not enough pairs
[M::mem_pestat] analyzing insert size distribution for orientation FR...
[M::mem_pestat] (25, 50, 75) percentile: (381, 386, 393)
[M::mem_pestat] low and high boundaries for computing mean and std.dev: (357, 417)
[M::mem_pestat] mean and std.dev: (388.56, 9.95)
[M::mem_pestat] low and high boundaries for proper pairs: (345, 429)
[M::mem_pestat] analyzing insert size distribution for orientation RF...
[M::mem_pestat] (25, 50, 75) percentile: (614, 1844, 4531)
[M::mem_pestat] low and high boundaries for computing mean and std.dev: (1, 12365)
[M::mem_pestat] mean and std.dev: (2525.90, 2309.98)
[M::mem_pestat] low and high boundaries for proper pairs: (1, 16282)
[M::mem_pestat] skip orientation RR as there are not enough pairs
[M::mem_pestat] skip orientation RF
[M::mem_process_seqs] Processed 81898 reads in 6.133 CPU sec, 3.010 real sec
[M::process] read 45784 sequences (11183835 bp)...
[M::mem_pestat] # candidate unique pairs for (FF, FR, RF, RR): (4, 21899, 3, 2)
[M::mem_pestat] skip orientation FF as there are not enough pairs
[M::mem_pestat] analyzing insert size distribution for orientation FR...
[M::mem_pestat] (25, 50, 75) percentile: (380, 386, 393)
[M::mem_pestat] low and high boundaries for computing mean and std.dev: (354, 419)
[M::mem_pestat] mean and std.dev: (388.63, 10.93)
[M::mem_pestat] low and high boundaries for proper pairs: (341, 432)
[M::mem_pestat] skip orientation RF as there are not enough pairs
[M::mem_pestat] skip orientation RR as there are not enough pairs
[M::mem_process_seqs] Processed 45784 reads in 3.713 CPU sec, 1.822 real sec
[main] Version: 0.7.17-r1188
[main] CMD: bwa mem -t 2 SC2206/core/viral_reference SC2206/adapter_trimmed/SC2206_R1_val_1_posttrim_filter.fq.gz SC2206/adapter_trimmed/SC2206_R2_val_2_posttrim_filter.fq.gz
[main] Real time: 50.507 sec; CPU: 94.341 sec
[bam_sort_core] merging from 0 files and 2 in-memory blocks...
