[M::bwa_idx_load_from_disk] read 0 ALT contigs
[M::process] read 79682 sequences (20000182 bp)...
[M::process] read 79682 sequences (20000182 bp)...
[M::mem_pestat] # candidate unique pairs for (FF, FR, RF, RR): (6, 39346, 14, 3)
[M::mem_pestat] skip orientation FF as there are not enough pairs
[M::mem_pestat] analyzing insert size distribution for orientation FR...
[M::mem_pestat] (25, 50, 75) percentile: (381, 387, 397)
[M::mem_pestat] low and high boundaries for computing mean and std.dev: (349, 429)
[M::mem_pestat] mean and std.dev: (390.01, 10.91)
[M::mem_pestat] low and high boundaries for proper pairs: (333, 445)
[M::mem_pestat] analyzing insert size distribution for orientation RF...
[M::mem_pestat] (25, 50, 75) percentile: (204, 610, 1040)
[M::mem_pestat] low and high boundaries for computing mean and std.dev: (1, 2712)
[M::mem_pestat] mean and std.dev: (615.67, 667.76)
[M::mem_pestat] low and high boundaries for proper pairs: (1, 3548)
[M::mem_pestat] skip orientation RR as there are not enough pairs
[M::mem_pestat] skip orientation RF
[M::mem_process_seqs] Processed 79682 reads in 23.439 CPU sec, 14.305 real sec
[M::process] read 79682 sequences (20000182 bp)...
[M::mem_pestat] # candidate unique pairs for (FF, FR, RF, RR): (7, 39385, 9, 3)
[M::mem_pestat] skip orientation FF as there are not enough pairs
[M::mem_pestat] analyzing insert size distribution for orientation FR...
[M::mem_pestat] (25, 50, 75) percentile: (381, 386, 397)
[M::mem_pestat] low and high boundaries for computing mean and std.dev: (349, 429)
[M::mem_pestat] mean and std.dev: (389.98, 10.91)
[M::mem_pestat] low and high boundaries for proper pairs: (333, 445)
[M::mem_pestat] skip orientation RF as there are not enough pairs
[M::mem_pestat] skip orientation RR as there are not enough pairs
[M::mem_process_seqs] Processed 79682 reads in 17.759 CPU sec, 8.633 real sec
[M::process] read 79682 sequences (20000182 bp)...
[M::mem_pestat] # candidate unique pairs for (FF, FR, RF, RR): (0, 39329, 21, 2)
[M::mem_pestat] skip orientation FF as there are not enough pairs
[M::mem_pestat] analyzing insert size distribution for orientation FR...
[M::mem_pestat] (25, 50, 75) percentile: (381, 387, 397)
[M::mem_pestat] low and high boundaries for computing mean and std.dev: (349, 429)
[M::mem_pestat] mean and std.dev: (390.01, 10.95)
[M::mem_pestat] low and high boundaries for proper pairs: (333, 445)
[M::mem_pestat] analyzing insert size distribution for orientation RF...
[M::mem_pestat] (25, 50, 75) percentile: (778, 1396, 2837)
[M::mem_pestat] low and high boundaries for computing mean and std.dev: (1, 6955)
[M::mem_pestat] mean and std.dev: (1933.95, 1853.81)
[M::mem_pestat] low and high boundaries for proper pairs: (1, 9349)
[M::mem_pestat] skip orientation RR as there are not enough pairs
[M::mem_pestat] skip orientation RF
[M::mem_process_seqs] Processed 79682 reads in 14.406 CPU sec, 6.995 real sec
[M::process] read 79682 sequences (20000182 bp)...
[M::mem_pestat] # candidate unique pairs for (FF, FR, RF, RR): (4, 39386, 10, 0)
[M::mem_pestat] skip orientation FF as there are not enough pairs
[M::mem_pestat] analyzing insert size distribution for orientation FR...
[M::mem_pestat] (25, 50, 75) percentile: (381, 386, 397)
[M::mem_pestat] low and high boundaries for computing mean and std.dev: (349, 429)
[M::mem_pestat] mean and std.dev: (389.84, 10.88)
[M::mem_pestat] low and high boundaries for proper pairs: (333, 445)
[M::mem_pestat] analyzing insert size distribution for orientation RF...
[M::mem_pestat] (25, 50, 75) percentile: (215, 867, 1392)
[M::mem_pestat] low and high boundaries for computing mean and std.dev: (1, 3746)
[M::mem_pestat] mean and std.dev: (839.33, 736.39)
[M::mem_pestat] low and high boundaries for proper pairs: (1, 4923)
[M::mem_pestat] skip orientation RR as there are not enough pairs
[M::mem_pestat] skip orientation RF
[M::mem_process_seqs] Processed 79682 reads in 16.825 CPU sec, 8.150 real sec
[M::process] read 79682 sequences (20000182 bp)...
[M::mem_pestat] # candidate unique pairs for (FF, FR, RF, RR): (3, 39324, 16, 0)
[M::mem_pestat] skip orientation FF as there are not enough pairs
[M::mem_pestat] analyzing insert size distribution for orientation FR...
[M::mem_pestat] (25, 50, 75) percentile: (381, 386, 397)
[M::mem_pestat] low and high boundaries for computing mean and std.dev: (349, 429)
[M::mem_pestat] mean and std.dev: (389.94, 10.93)
[M::mem_pestat] low and high boundaries for proper pairs: (333, 445)
[M::mem_pestat] analyzing insert size distribution for orientation RF...
[M::mem_pestat] (25, 50, 75) percentile: (214, 814, 1412)
[M::mem_pestat] low and high boundaries for computing mean and std.dev: (1, 3808)
[M::mem_pestat] mean and std.dev: (981.19, 807.22)
[M::mem_pestat] low and high boundaries for proper pairs: (1, 5006)
[M::mem_pestat] skip orientation RR as there are not enough pairs
[M::mem_pestat] skip orientation RF
[M::mem_process_seqs] Processed 79682 reads in 19.060 CPU sec, 9.310 real sec
[M::process] read 79682 sequences (20000182 bp)...
[M::mem_pestat] # candidate unique pairs for (FF, FR, RF, RR): (2, 39314, 17, 3)
[M::mem_pestat] skip orientation FF as there are not enough pairs
[M::mem_pestat] analyzing insert size distribution for orientation FR...
[M::mem_pestat] (25, 50, 75) percentile: (381, 386, 397)
[M::mem_pestat] low and high boundaries for computing mean and std.dev: (349, 429)
[M::mem_pestat] mean and std.dev: (389.85, 10.94)
[M::mem_pestat] low and high boundaries for proper pairs: (333, 445)
[M::mem_pestat] analyzing insert size distribution for orientation RF...
[M::mem_pestat] (25, 50, 75) percentile: (230, 867, 2543)
[M::mem_pestat] low and high boundaries for computing mean and std.dev: (1, 7169)
[M::mem_pestat] mean and std.dev: (1092.06, 841.78)
[M::mem_pestat] low and high boundaries for proper pairs: (1, 9482)
[M::mem_pestat] skip orientation RR as there are not enough pairs
[M::mem_pestat] skip orientation RF
[M::mem_process_seqs] Processed 79682 reads in 18.293 CPU sec, 8.861 real sec
[M::process] read 79682 sequences (20000182 bp)...
[M::mem_pestat] # candidate unique pairs for (FF, FR, RF, RR): (4, 39271, 13, 4)
[M::mem_pestat] skip orientation FF as there are not enough pairs
[M::mem_pestat] analyzing insert size distribution for orientation FR...
[M::mem_pestat] (25, 50, 75) percentile: (381, 386, 397)
[M::mem_pestat] low and high boundaries for computing mean and std.dev: (349, 429)
[M::mem_pestat] mean and std.dev: (389.94, 10.90)
[M::mem_pestat] low and high boundaries for proper pairs: (333, 445)
[M::mem_pestat] analyzing insert size distribution for orientation RF...
[M::mem_pestat] (25, 50, 75) percentile: (230, 609, 780)
[M::mem_pestat] low and high boundaries for computing mean and std.dev: (1, 1880)
[M::mem_pestat] mean and std.dev: (548.67, 360.27)
[M::mem_pestat] low and high boundaries for proper pairs: (1, 2430)
[M::mem_pestat] skip orientation RR as there are not enough pairs
[M::mem_pestat] skip orientation RF
[M::mem_process_seqs] Processed 79682 reads in 17.013 CPU sec, 8.269 real sec
[M::process] read 79682 sequences (20000182 bp)...
[M::mem_pestat] # candidate unique pairs for (FF, FR, RF, RR): (5, 39272, 11, 3)
[M::mem_pestat] skip orientation FF as there are not enough pairs
[M::mem_pestat] analyzing insert size distribution for orientation FR...
[M::mem_pestat] (25, 50, 75) percentile: (381, 386, 397)
[M::mem_pestat] low and high boundaries for computing mean and std.dev: (349, 429)
[M::mem_pestat] mean and std.dev: (389.87, 10.98)
[M::mem_pestat] low and high boundaries for proper pairs: (333, 445)
[M::mem_pestat] analyzing insert size distribution for orientation RF...
[M::mem_pestat] (25, 50, 75) percentile: (610, 835, 1463)
[M::mem_pestat] low and high boundaries for computing mean and std.dev: (1, 3169)
[M::mem_pestat] mean and std.dev: (781.33, 479.96)
[M::mem_pestat] low and high boundaries for proper pairs: (1, 4022)
[M::mem_pestat] skip orientation RR as there are not enough pairs
[M::mem_pestat] skip orientation RF
[M::mem_process_seqs] Processed 79682 reads in 15.956 CPU sec, 7.763 real sec
[M::process] read 79682 sequences (20000182 bp)...
[M::mem_pestat] # candidate unique pairs for (FF, FR, RF, RR): (2, 39236, 18, 2)
[M::mem_pestat] skip orientation FF as there are not enough pairs
[M::mem_pestat] analyzing insert size distribution for orientation FR...
[M::mem_pestat] (25, 50, 75) percentile: (381, 386, 397)
[M::mem_pestat] low and high boundaries for computing mean and std.dev: (349, 429)
[M::mem_pestat] mean and std.dev: (389.86, 10.90)
[M::mem_pestat] low and high boundaries for proper pairs: (333, 445)
[M::mem_pestat] analyzing insert size distribution for orientation RF...
[M::mem_pestat] (25, 50, 75) percentile: (845, 1409, 2547)
[M::mem_pestat] low and high boundaries for computing mean and std.dev: (1, 5951)
[M::mem_pestat] mean and std.dev: (1959.89, 1444.71)
[M::mem_pestat] low and high boundaries for proper pairs: (1, 7739)
[M::mem_pestat] skip orientation RR as there are not enough pairs
[M::mem_pestat] skip orientation RF
[M::mem_process_seqs] Processed 79682 reads in 15.754 CPU sec, 7.645 real sec
[M::process] read 79682 sequences (20000182 bp)...
[M::mem_pestat] # candidate unique pairs for (FF, FR, RF, RR): (2, 39288, 13, 3)
[M::mem_pestat] skip orientation FF as there are not enough pairs
[M::mem_pestat] analyzing insert size distribution for orientation FR...
[M::mem_pestat] (25, 50, 75) percentile: (381, 386, 397)
[M::mem_pestat] low and high boundaries for computing mean and std.dev: (349, 429)
[M::mem_pestat] mean and std.dev: (390.00, 11.01)
[M::mem_pestat] low and high boundaries for proper pairs: (333, 445)
[M::mem_pestat] analyzing insert size distribution for orientation RF...
[M::mem_pestat] (25, 50, 75) percentile: (215, 941, 1654)
[M::mem_pestat] low and high boundaries for computing mean and std.dev: (1, 4532)
[M::mem_pestat] mean and std.dev: (1024.54, 739.10)
[M::mem_pestat] low and high boundaries for proper pairs: (1, 5971)
[M::mem_pestat] skip orientation RR as there are not enough pairs
[M::mem_pestat] skip orientation RF
[M::mem_process_seqs] Processed 79682 reads in 15.668 CPU sec, 7.582 real sec
[M::process] read 79682 sequences (20000182 bp)...
[M::mem_pestat] # candidate unique pairs for (FF, FR, RF, RR): (2, 39278, 11, 5)
[M::mem_pestat] skip orientation FF as there are not enough pairs
[M::mem_pestat] analyzing insert size distribution for orientation FR...
[M::mem_pestat] (25, 50, 75) percentile: (381, 386, 397)
[M::mem_pestat] low and high boundaries for computing mean and std.dev: (349, 429)
[M::mem_pestat] mean and std.dev: (389.95, 10.99)
[M::mem_pestat] low and high boundaries for proper pairs: (333, 445)
[M::mem_pestat] analyzing insert size distribution for orientation RF...
[M::mem_pestat] (25, 50, 75) percentile: (814, 1344, 1654)
[M::mem_pestat] low and high boundaries for computing mean and std.dev: (1, 3334)
[M::mem_pestat] mean and std.dev: (1212.00, 748.76)
[M::mem_pestat] low and high boundaries for proper pairs: (1, 4207)
[M::mem_pestat] skip orientation RR as there are not enough pairs
[M::mem_pestat] skip orientation RF
[M::mem_process_seqs] Processed 79682 reads in 16.980 CPU sec, 8.240 real sec
[M::process] read 79682 sequences (20000182 bp)...
[M::mem_pestat] # candidate unique pairs for (FF, FR, RF, RR): (9, 39302, 18, 3)
[M::mem_pestat] skip orientation FF as there are not enough pairs
[M::mem_pestat] analyzing insert size distribution for orientation FR...
[M::mem_pestat] (25, 50, 75) percentile: (381, 386, 397)
[M::mem_pestat] low and high boundaries for computing mean and std.dev: (349, 429)
[M::mem_pestat] mean and std.dev: (389.95, 10.92)
[M::mem_pestat] low and high boundaries for proper pairs: (333, 445)
[M::mem_pestat] analyzing insert size distribution for orientation RF...
[M::mem_pestat] (25, 50, 75) percentile: (232, 870, 1416)
[M::mem_pestat] low and high boundaries for computing mean and std.dev: (1, 3784)
[M::mem_pestat] mean and std.dev: (873.29, 703.60)
[M::mem_pestat] low and high boundaries for proper pairs: (1, 4968)
[M::mem_pestat] skip orientation RR as there are not enough pairs
[M::mem_pestat] skip orientation RF
[M::mem_process_seqs] Processed 79682 reads in 17.393 CPU sec, 8.483 real sec
[M::process] read 79682 sequences (20000182 bp)...
[M::mem_pestat] # candidate unique pairs for (FF, FR, RF, RR): (1, 39349, 15, 2)
[M::mem_pestat] skip orientation FF as there are not enough pairs
[M::mem_pestat] analyzing insert size distribution for orientation FR...
[M::mem_pestat] (25, 50, 75) percentile: (381, 387, 397)
[M::mem_pestat] low and high boundaries for computing mean and std.dev: (349, 429)
[M::mem_pestat] mean and std.dev: (390.02, 10.97)
[M::mem_pestat] low and high boundaries for proper pairs: (333, 445)
[M::mem_pestat] analyzing insert size distribution for orientation RF...
[M::mem_pestat] (25, 50, 75) percentile: (558, 818, 2593)
[M::mem_pestat] low and high boundaries for computing mean and std.dev: (1, 6663)
[M::mem_pestat] mean and std.dev: (1202.93, 942.22)
[M::mem_pestat] low and high boundaries for proper pairs: (1, 8698)
[M::mem_pestat] skip orientation RR as there are not enough pairs
[M::mem_pestat] skip orientation RF
[M::mem_process_seqs] Processed 79682 reads in 19.414 CPU sec, 9.408 real sec
[M::process] read 79682 sequences (20000182 bp)...
[M::mem_pestat] # candidate unique pairs for (FF, FR, RF, RR): (3, 39298, 19, 1)
[M::mem_pestat] skip orientation FF as there are not enough pairs
[M::mem_pestat] analyzing insert size distribution for orientation FR...
[M::mem_pestat] (25, 50, 75) percentile: (381, 386, 397)
[M::mem_pestat] low and high boundaries for computing mean and std.dev: (349, 429)
[M::mem_pestat] mean and std.dev: (389.92, 10.94)
[M::mem_pestat] low and high boundaries for proper pairs: (333, 445)
[M::mem_pestat] analyzing insert size distribution for orientation RF...
[M::mem_pestat] (25, 50, 75) percentile: (797, 1363, 2587)
[M::mem_pestat] low and high boundaries for computing mean and std.dev: (1, 6167)
[M::mem_pestat] mean and std.dev: (1391.47, 1179.11)
[M::mem_pestat] low and high boundaries for proper pairs: (1, 7957)
[M::mem_pestat] skip orientation RR as there are not enough pairs
[M::mem_pestat] skip orientation RF
[M::mem_process_seqs] Processed 79682 reads in 17.900 CPU sec, 8.727 real sec
[M::process] read 79682 sequences (20000182 bp)...
[M::mem_pestat] # candidate unique pairs for (FF, FR, RF, RR): (0, 39282, 12, 4)
[M::mem_pestat] skip orientation FF as there are not enough pairs
[M::mem_pestat] analyzing insert size distribution for orientation FR...
[M::mem_pestat] (25, 50, 75) percentile: (381, 386, 397)
[M::mem_pestat] low and high boundaries for computing mean and std.dev: (349, 429)
[M::mem_pestat] mean and std.dev: (389.96, 10.90)
[M::mem_pestat] low and high boundaries for proper pairs: (333, 445)
[M::mem_pestat] analyzing insert size distribution for orientation RF...
[M::mem_pestat] (25, 50, 75) percentile: (215, 1463, 2543)
[M::mem_pestat] low and high boundaries for computing mean and std.dev: (1, 7199)
[M::mem_pestat] mean and std.dev: (964.40, 805.90)
[M::mem_pestat] low and high boundaries for proper pairs: (1, 9527)
[M::mem_pestat] skip orientation RR as there are not enough pairs
[M::mem_pestat] skip orientation RF
[M::mem_process_seqs] Processed 79682 reads in 16.095 CPU sec, 7.830 real sec
[M::process] read 71932 sequences (18054932 bp)...
[M::mem_pestat] # candidate unique pairs for (FF, FR, RF, RR): (4, 39297, 14, 3)
[M::mem_pestat] skip orientation FF as there are not enough pairs
[M::mem_pestat] analyzing insert size distribution for orientation FR...
[M::mem_pestat] (25, 50, 75) percentile: (381, 386, 397)
[M::mem_pestat] low and high boundaries for computing mean and std.dev: (349, 429)
[M::mem_pestat] mean and std.dev: (389.96, 10.95)
[M::mem_pestat] low and high boundaries for proper pairs: (333, 445)
[M::mem_pestat] analyzing insert size distribution for orientation RF...
[M::mem_pestat] (25, 50, 75) percentile: (249, 1002, 2543)
[M::mem_pestat] low and high boundaries for computing mean and std.dev: (1, 7131)
[M::mem_pestat] mean and std.dev: (1366.21, 1244.17)
[M::mem_pestat] low and high boundaries for proper pairs: (1, 9425)
[M::mem_pestat] skip orientation RR as there are not enough pairs
[M::mem_pestat] skip orientation RF
[M::mem_process_seqs] Processed 79682 reads in 15.829 CPU sec, 7.686 real sec
[M::mem_pestat] # candidate unique pairs for (FF, FR, RF, RR): (7, 35425, 7, 1)
[M::mem_pestat] skip orientation FF as there are not enough pairs
[M::mem_pestat] analyzing insert size distribution for orientation FR...
[M::mem_pestat] (25, 50, 75) percentile: (381, 386, 397)
[M::mem_pestat] low and high boundaries for computing mean and std.dev: (349, 429)
[M::mem_pestat] mean and std.dev: (389.82, 10.95)
[M::mem_pestat] low and high boundaries for proper pairs: (333, 445)
[M::mem_pestat] skip orientation RF as there are not enough pairs
[M::mem_pestat] skip orientation RR as there are not enough pairs
[M::mem_process_seqs] Processed 71932 reads in 11.979 CPU sec, 5.932 real sec
[main] Version: 0.7.17-r1188
[main] CMD: bwa mem -t 2 /workspace/lab/mcarthurlab/nasirja/covid-19-signal/data/composite_human_viral_reference.fna E70/raw_fastq/E70_R1.fastq.gz E70/raw_fastq/E70_R2.fastq.gz
[main] Real time: 152.007 sec; CPU: 294.765 sec
viral read count = 1331614 (98.87%)
human read count = 0 (0.00%) 
unmapped read count = 15230 (1.13%)
