Path to Cutadapt set as: 'cutadapt' (default)
Cutadapt seems to be working fine (tested command 'cutadapt --version')
Cutadapt version: 4.1
Could not detect version of Python used by Cutadapt from the first line of Cutadapt (but found this: >>>#!/bin/sh<<<)
Letting the (modified) Cutadapt deal with the Python version instead
Parallel gzip (pigz) detected. Proceeding with multicore (de)compression using 2 cores

No quality encoding type selected. Assuming that the data provided uses Sanger encoded Phred scores (default)

Output will be written into the directory: /workspace/home/nasirja/covid-19-signal/subset_viral_7_results_dir/SC2219/adapter_trimmed/


AUTO-DETECTING ADAPTER TYPE
===========================
Attempting to auto-detect adapter type from the first 1 million sequences of the first file (>> SC2219/host_removal/SC2219_R1.fastq.gz <<)

Found perfect matches for the following adapter sequences:
Adapter type	Count	Sequence	Sequences analysed	Percentage
Illumina	17460	AGATCGGAAGAGC	801539	2.18
smallRNA	0	TGGAATTCTCGG	801539	0.00
Nextera	0	CTGTCTCTTATA	801539	0.00
Using Illumina adapter for trimming (count: 17460). Second best hit was smallRNA (count: 0)

Writing report to '/workspace/home/nasirja/covid-19-signal/subset_viral_7_results_dir/SC2219/adapter_trimmed/SC2219_R1.fastq.gz_trimming_report.txt'

SUMMARISING RUN PARAMETERS
==========================
Input filename: SC2219/host_removal/SC2219_R1.fastq.gz
Trimming mode: paired-end
Trim Galore version: 0.6.4_dev
Cutadapt version: 4.1
Python version: could not detect
Number of cores used for trimming: 2
Quality Phred score cutoff: 20
Quality encoding type selected: ASCII+33
Adapter sequence: 'AGATCGGAAGAGC' (Illumina TruSeq, Sanger iPCR; auto-detected)
Maximum trimming error rate: 0.1 (default)
Minimum required adapter overlap (stringency): 1 bp
Minimum required sequence length for both reads before a sequence pair gets removed: 20 bp
Running FastQC on the data once trimming has completed
Output file(s) will be GZIP compressed

Cutadapt seems to be fairly up-to-date (version 4.1). Setting -j 2
Writing final adapter and quality trimmed output to SC2219_R1_trimmed.fq.gz


  >>> Now performing quality (cutoff '-q 20') and adapter trimming in a single pass for the adapter sequence: 'AGATCGGAAGAGC' from file SC2219/host_removal/SC2219_R1.fastq.gz <<< 
This is cutadapt 4.1 with Python 3.9.13
Command line parameters: -j 2 -e 0.1 -q 20 -O 1 -a AGATCGGAAGAGC SC2219/host_removal/SC2219_R1.fastq.gz
Processing single-end reads on 2 cores ...
Finished in 28.43 s (35 µs/read; 1.69 M reads/minute).

=== Summary ===

Total reads processed:                 801,539
Reads with adapters:                   274,072 (34.2%)
Reads written (passing filters):       801,539 (100.0%)

Total basepairs processed:   201,186,289 bp
Quality-trimmed:               1,259,360 bp (0.6%)
Total written (filtered):    198,182,577 bp (98.5%)

=== Adapter 1 ===

Sequence: AGATCGGAAGAGC; Type: regular 3'; Length: 13; Trimmed: 274072 times

Minimum overlap: 1
No. of allowed errors:
1-9 bp: 0; 10-13 bp: 1

Bases preceding removed adapters:
  A: 32.3%
  C: 25.2%
  G: 10.3%
  T: 31.8%
  none/other: 0.4%

Overview of removed sequences
length	count	expect	max.err	error counts
1	183019	200384.8	0	183019
2	55282	50096.2	0	55282
3	8663	12524.0	0	8663
4	3957	3131.0	0	3957
5	216	782.8	0	216
6	169	195.7	0	169
7	2924	48.9	0	2924
8	112	12.2	0	112
9	193	3.1	0	193
10	220	0.8	1	205 15
11	77	0.2	1	74 3
12	226	0.0	1	217 9
13	143	0.0	1	137 6
14	84	0.0	1	81 3
15	159	0.0	1	152 7
16	61	0.0	1	55 6
17	157	0.0	1	144 13
18	156	0.0	1	153 3
19	95	0.0	1	92 3
20	161	0.0	1	154 7
21	76	0.0	1	72 4
22	135	0.0	1	128 7
23	100	0.0	1	95 5
24	777	0.0	1	748 29
25	421	0.0	1	404 17
26	62	0.0	1	59 3
27	126	0.0	1	120 6
28	253	0.0	1	244 9
29	123	0.0	1	110 13
30	187	0.0	1	174 13
31	118	0.0	1	111 7
32	220	0.0	1	209 11
33	59	0.0	1	46 13
34	145	0.0	1	137 8
35	88	0.0	1	84 4
36	291	0.0	1	272 19
37	216	0.0	1	206 10
38	140	0.0	1	133 7
39	185	0.0	1	173 12
40	61	0.0	1	57 4
41	278	0.0	1	263 15
42	98	0.0	1	90 8
43	223	0.0	1	208 15
44	52	0.0	1	47 5
45	126	0.0	1	122 4
46	83	0.0	1	76 7
47	152	0.0	1	146 6
48	70	0.0	1	68 2
49	127	0.0	1	121 6
50	77	0.0	1	70 7
51	147	0.0	1	138 9
52	107	0.0	1	96 11
53	104	0.0	1	98 6
54	227	0.0	1	213 14
55	102	0.0	1	93 9
56	50	0.0	1	45 5
57	131	0.0	1	129 2
58	64	0.0	1	60 4
59	117	0.0	1	114 3
60	82	0.0	1	76 6
61	79	0.0	1	77 2
62	50	0.0	1	43 7
63	85	0.0	1	84 1
64	38	0.0	1	37 1
65	63	0.0	1	62 1
66	84	0.0	1	79 5
67	36	0.0	1	29 7
68	76	0.0	1	68 8
69	99	0.0	1	93 6
70	71	0.0	1	66 5
71	103	0.0	1	99 4
72	152	0.0	1	147 5
73	195	0.0	1	171 24
74	321	0.0	1	277 44
75	623	0.0	1	533 90
76	1897	0.0	1	1770 127
77	1497	0.0	1	1383 114
78	931	0.0	1	859 72
79	534	0.0	1	484 50
80	353	0.0	1	334 19
81	257	0.0	1	229 28
82	184	0.0	1	167 17
83	137	0.0	1	122 15
84	129	0.0	1	115 14
85	93	0.0	1	80 13
86	85	0.0	1	77 8
87	89	0.0	1	75 14
88	83	0.0	1	74 9
89	68	0.0	1	61 7
90	45	0.0	1	43 2
91	61	0.0	1	55 6
92	62	0.0	1	55 7
93	60	0.0	1	50 10
94	228	0.0	1	223 5
95	76	0.0	1	68 8
96	105	0.0	1	102 3
97	79	0.0	1	73 6
98	52	0.0	1	44 8
99	38	0.0	1	30 8
100	38	0.0	1	35 3
101	24	0.0	1	20 4
102	34	0.0	1	29 5
103	23	0.0	1	21 2
104	22	0.0	1	19 3
105	52	0.0	1	45 7
106	27	0.0	1	25 2
107	37	0.0	1	28 9
108	49	0.0	1	43 6
109	21	0.0	1	18 3
110	19	0.0	1	16 3
111	12	0.0	1	9 3
112	11	0.0	1	8 3
113	24	0.0	1	23 1
114	26	0.0	1	23 3
115	20	0.0	1	16 4
116	20	0.0	1	15 5
117	49	0.0	1	38 11
118	24	0.0	1	18 6
119	8	0.0	1	6 2
120	12	0.0	1	3 9
121	14	0.0	1	11 3
122	18	0.0	1	15 3
123	20	0.0	1	17 3
124	6	0.0	1	4 2
125	15	0.0	1	14 1
126	9	0.0	1	4 5
127	39	0.0	1	35 4
128	15	0.0	1	13 2
129	15	0.0	1	9 6
130	10	0.0	1	7 3
131	26	0.0	1	22 4
132	14	0.0	1	9 5
133	17	0.0	1	14 3
134	20	0.0	1	18 2
135	17	0.0	1	9 8
136	15	0.0	1	13 2
137	7	0.0	1	6 1
138	8	0.0	1	6 2
139	7	0.0	1	3 4
140	17	0.0	1	14 3
141	63	0.0	1	60 3
142	12	0.0	1	10 2
143	10	0.0	1	9 1
144	12	0.0	1	8 4
145	33	0.0	1	31 2
146	23	0.0	1	21 2
147	25	0.0	1	21 4
148	16	0.0	1	13 3
149	13	0.0	1	9 4
150	16	0.0	1	8 8
151	19	0.0	1	17 2
152	12	0.0	1	9 3
153	25	0.0	1	22 3
154	35	0.0	1	33 2
155	22	0.0	1	19 3
156	57	0.0	1	53 4
157	30	0.0	1	28 2
158	33	0.0	1	29 4
159	39	0.0	1	36 3
160	68	0.0	1	68
161	48	0.0	1	41 7
162	55	0.0	1	54 1
163	40	0.0	1	34 6
164	39	0.0	1	35 4
165	14	0.0	1	13 1
166	43	0.0	1	39 4
167	46	0.0	1	41 5
168	47	0.0	1	40 7
169	45	0.0	1	42 3
170	33	0.0	1	30 3
171	14	0.0	1	10 4
172	34	0.0	1	33 1
173	30	0.0	1	29 1
174	30	0.0	1	30
175	37	0.0	1	33 4
176	40	0.0	1	36 4
177	12	0.0	1	9 3
178	6	0.0	1	6
179	11	0.0	1	11
180	17	0.0	1	14 3
181	10	0.0	1	9 1
182	4	0.0	1	3 1
183	9	0.0	1	9
184	5	0.0	1	4 1
185	48	0.0	1	41 7
186	7	0.0	1	7
187	10	0.0	1	8 2
188	3	0.0	1	1 2
189	8	0.0	1	5 3
190	13	0.0	1	8 5
191	6	0.0	1	5 1
192	7	0.0	1	4 3
193	10	0.0	1	10
194	2	0.0	1	2
195	8	0.0	1	7 1
196	6	0.0	1	2 4
197	6	0.0	1	5 1
198	5	0.0	1	5
200	4	0.0	1	3 1
201	3	0.0	1	1 2
202	3	0.0	1	3
203	1	0.0	1	1
204	6	0.0	1	5 1
205	1	0.0	1	0 1
206	2	0.0	1	1 1
208	7	0.0	1	6 1
209	1	0.0	1	1
210	4	0.0	1	3 1
211	2	0.0	1	2
212	2	0.0	1	1 1
213	4	0.0	1	3 1
214	2	0.0	1	2
215	3	0.0	1	3
216	3	0.0	1	2 1
217	3	0.0	1	2 1
219	1	0.0	1	0 1
220	1	0.0	1	1
222	3	0.0	1	3
224	6	0.0	1	3 3
225	4	0.0	1	3 1
226	1	0.0	1	0 1
227	1	0.0	1	1
228	2	0.0	1	0 2
229	8	0.0	1	6 2
230	3	0.0	1	1 2
231	7	0.0	1	7
232	4	0.0	1	3 1
233	1	0.0	1	1
234	1	0.0	1	1
235	1	0.0	1	1
236	3	0.0	1	1 2
237	2	0.0	1	2
238	2	0.0	1	2
240	3	0.0	1	3
241	3	0.0	1	2 1
242	2	0.0	1	2
243	2	0.0	1	1 1
244	5	0.0	1	5
246	1	0.0	1	0 1
247	2	0.0	1	0 2
248	4	0.0	1	1 3
249	5	0.0	1	0 5
250	9	0.0	1	0 9
251	210	0.0	1	0 210

RUN STATISTICS FOR INPUT FILE: SC2219/host_removal/SC2219_R1.fastq.gz
=============================================
801539 sequences processed in total
The length threshold of paired-end sequences gets evaluated later on (in the validation step)

Writing report to '/workspace/home/nasirja/covid-19-signal/subset_viral_7_results_dir/SC2219/adapter_trimmed/SC2219_R2.fastq.gz_trimming_report.txt'

SUMMARISING RUN PARAMETERS
==========================
Input filename: SC2219/host_removal/SC2219_R2.fastq.gz
Trimming mode: paired-end
Trim Galore version: 0.6.4_dev
Cutadapt version: 4.1
Python version: could not detect
Number of cores used for trimming: 2
Quality Phred score cutoff: 20
Quality encoding type selected: ASCII+33
Adapter sequence: 'AGATCGGAAGAGC' (Illumina TruSeq, Sanger iPCR; auto-detected)
Maximum trimming error rate: 0.1 (default)
Minimum required adapter overlap (stringency): 1 bp
Minimum required sequence length for both reads before a sequence pair gets removed: 20 bp
Running FastQC on the data once trimming has completed
Output file(s) will be GZIP compressed

Cutadapt seems to be fairly up-to-date (version 4.1). Setting -j -j 2
Writing final adapter and quality trimmed output to SC2219_R2_trimmed.fq.gz


  >>> Now performing quality (cutoff '-q 20') and adapter trimming in a single pass for the adapter sequence: 'AGATCGGAAGAGC' from file SC2219/host_removal/SC2219_R2.fastq.gz <<< 
This is cutadapt 4.1 with Python 3.9.13
Command line parameters: -j 2 -e 0.1 -q 20 -O 1 -a AGATCGGAAGAGC SC2219/host_removal/SC2219_R2.fastq.gz
Processing single-end reads on 2 cores ...
Finished in 30.22 s (38 µs/read; 1.59 M reads/minute).

=== Summary ===

Total reads processed:                 801,539
Reads with adapters:                   268,682 (33.5%)
Reads written (passing filters):       801,539 (100.0%)

Total basepairs processed:   201,186,289 bp
Quality-trimmed:               2,922,018 bp (1.5%)
Total written (filtered):    196,693,762 bp (97.8%)

=== Adapter 1 ===

Sequence: AGATCGGAAGAGC; Type: regular 3'; Length: 13; Trimmed: 268682 times

Minimum overlap: 1
No. of allowed errors:
1-9 bp: 0; 10-13 bp: 1

Bases preceding removed adapters:
  A: 35.4%
  C: 23.0%
  G: 10.4%
  T: 30.7%
  none/other: 0.5%

Overview of removed sequences
length	count	expect	max.err	error counts
1	183151	200384.8	0	183151
2	50242	50096.2	0	50242
3	9468	12524.0	0	9468
4	3575	3131.0	0	3575
5	214	782.8	0	214
6	153	195.7	0	153
7	2835	48.9	0	2835
8	80	12.2	0	80
9	211	3.1	0	211
10	222	0.8	1	208 14
11	73	0.2	1	61 12
12	252	0.0	1	242 10
13	55	0.0	1	52 3
14	207	0.0	1	202 5
15	79	0.0	1	73 6
16	111	0.0	1	103 8
17	233	0.0	1	222 11
18	51	0.0	1	45 6
19	188	0.0	1	172 16
20	104	0.0	1	96 8
21	17	0.0	1	14 3
22	108	0.0	1	99 9
23	131	0.0	1	122 9
24	1070	0.0	1	1016 54
25	68	0.0	1	59 9
26	191	0.0	1	176 15
27	208	0.0	1	195 13
28	271	0.0	1	255 16
29	98	0.0	1	89 9
30	397	0.0	1	376 21
31	60	0.0	1	59 1
32	340	0.0	1	319 21
33	78	0.0	1	69 9
34	229	0.0	1	213 16
35	118	0.0	1	113 5
36	80	0.0	1	78 2
37	222	0.0	1	216 6
38	84	0.0	1	78 6
39	126	0.0	1	124 2
40	289	0.0	1	284 5
41	100	0.0	1	97 3
42	186	0.0	1	178 8
43	165	0.0	1	159 6
44	121	0.0	1	119 2
45	272	0.0	1	265 7
46	205	0.0	1	190 15
47	300	0.0	1	293 7
48	159	0.0	1	151 8
49	170	0.0	1	161 9
50	124	0.0	1	121 3
51	114	0.0	1	107 7
52	89	0.0	1	85 4
53	154	0.0	1	147 7
54	317	0.0	1	310 7
55	89	0.0	1	82 7
56	175	0.0	1	169 6
57	396	0.0	1	386 10
58	228	0.0	1	222 6
59	72	0.0	1	70 2
60	172	0.0	1	169 3
61	95	0.0	1	91 4
62	79	0.0	1	75 4
63	190	0.0	1	188 2
64	104	0.0	1	100 4
65	56	0.0	1	54 2
66	26	0.0	1	25 1
67	48	0.0	1	46 2
68	54	0.0	1	52 2
69	52	0.0	1	50 2
70	48	0.0	1	44 4
71	51	0.0	1	45 6
72	65	0.0	1	61 4
73	102	0.0	1	94 8
74	143	0.0	1	127 16
75	214	0.0	1	194 20
76	244	0.0	1	216 28
77	414	0.0	1	352 62
78	655	0.0	1	553 102
79	983	0.0	1	802 181
80	1518	0.0	1	1359 159
81	874	0.0	1	780 94
82	402	0.0	1	340 62
83	216	0.0	1	195 21
84	155	0.0	1	127 28
85	105	0.0	1	88 17
86	87	0.0	1	68 19
87	66	0.0	1	52 14
88	59	0.0	1	41 18
89	61	0.0	1	49 12
90	35	0.0	1	29 6
91	28	0.0	1	19 9
92	32	0.0	1	29 3
93	35	0.0	1	29 6
94	183	0.0	1	169 14
95	40	0.0	1	38 2
96	60	0.0	1	55 5
97	56	0.0	1	47 9
98	25	0.0	1	23 2
99	20	0.0	1	15 5
100	16	0.0	1	13 3
101	17	0.0	1	13 4
102	14	0.0	1	13 1
103	12	0.0	1	7 5
104	13	0.0	1	11 2
105	30	0.0	1	24 6
106	18	0.0	1	9 9
107	14	0.0	1	10 4
108	25	0.0	1	22 3
109	10	0.0	1	5 5
110	10	0.0	1	5 5
111	3	0.0	1	2 1
112	11	0.0	1	9 2
113	16	0.0	1	15 1
114	9	0.0	1	6 3
115	13	0.0	1	6 7
116	5	0.0	1	2 3
117	29	0.0	1	26 3
118	7	0.0	1	4 3
119	5	0.0	1	3 2
120	3	0.0	1	2 1
121	7	0.0	1	6 1
122	10	0.0	1	8 2
123	12	0.0	1	6 6
124	9	0.0	1	5 4
125	7	0.0	1	5 2
126	7	0.0	1	5 2
127	27	0.0	1	26 1
128	7	0.0	1	5 2
129	8	0.0	1	3 5
130	6	0.0	1	4 2
131	13	0.0	1	8 5
132	7	0.0	1	5 2
133	4	0.0	1	3 1
134	16	0.0	1	6 10
135	8	0.0	1	5 3
136	10	0.0	1	7 3
137	12	0.0	1	5 7
138	4	0.0	1	0 4
139	6	0.0	1	4 2
140	9	0.0	1	4 5
141	42	0.0	1	38 4
142	11	0.0	1	5 6
143	7	0.0	1	4 3
144	5	0.0	1	4 1
145	10	0.0	1	7 3
146	21	0.0	1	17 4
147	18	0.0	1	16 2
148	5	0.0	1	3 2
149	7	0.0	1	3 4
150	4	0.0	1	2 2
151	6	0.0	1	4 2
152	7	0.0	1	3 4
153	20	0.0	1	15 5
154	20	0.0	1	18 2
155	23	0.0	1	21 2
156	36	0.0	1	34 2
157	25	0.0	1	23 2
158	26	0.0	1	22 4
159	28	0.0	1	22 6
160	49	0.0	1	43 6
161	24	0.0	1	22 2
162	37	0.0	1	34 3
163	34	0.0	1	34
164	23	0.0	1	19 4
165	11	0.0	1	9 2
166	31	0.0	1	27 4
167	44	0.0	1	40 4
168	30	0.0	1	29 1
169	29	0.0	1	26 3
170	29	0.0	1	27 2
171	15	0.0	1	13 2
172	28	0.0	1	24 4
173	21	0.0	1	17 4
174	27	0.0	1	24 3
175	29	0.0	1	27 2
176	30	0.0	1	28 2
177	6	0.0	1	6
178	5	0.0	1	3 2
179	4	0.0	1	4
180	8	0.0	1	8
181	12	0.0	1	12
182	1	0.0	1	1
183	6	0.0	1	6
184	1	0.0	1	1
185	32	0.0	1	31 1
186	4	0.0	1	4
187	8	0.0	1	8
188	2	0.0	1	2
189	3	0.0	1	3
190	7	0.0	1	7
191	1	0.0	1	1
192	2	0.0	1	2
193	8	0.0	1	8
194	1	0.0	1	1
195	7	0.0	1	7
196	1	0.0	1	1
197	3	0.0	1	2 1
198	5	0.0	1	5
199	1	0.0	1	1
200	2	0.0	1	2
201	1	0.0	1	1
203	2	0.0	1	2
204	1	0.0	1	1
205	1	0.0	1	1
208	2	0.0	1	2
210	4	0.0	1	4
211	3	0.0	1	3
214	3	0.0	1	3
215	4	0.0	1	4
216	1	0.0	1	1
217	1	0.0	1	1
218	1	0.0	1	1
219	1	0.0	1	0 1
220	1	0.0	1	1
221	1	0.0	1	0 1
222	2	0.0	1	2
223	2	0.0	1	2
224	2	0.0	1	2
225	1	0.0	1	1
226	1	0.0	1	1
228	2	0.0	1	2
229	3	0.0	1	3
230	3	0.0	1	3
231	2	0.0	1	2
232	6	0.0	1	4 2
233	1	0.0	1	1
234	1	0.0	1	1
235	1	0.0	1	1
236	1	0.0	1	1
238	2	0.0	1	2
242	2	0.0	1	2
243	1	0.0	1	1
246	2	0.0	1	2
247	1	0.0	1	0 1
248	2	0.0	1	1 1
249	3	0.0	1	0 3
250	4	0.0	1	0 4
251	222	0.0	1	0 222

RUN STATISTICS FOR INPUT FILE: SC2219/host_removal/SC2219_R2.fastq.gz
=============================================
801539 sequences processed in total
The length threshold of paired-end sequences gets evaluated later on (in the validation step)

Validate paired-end files SC2219_R1_trimmed.fq.gz and SC2219_R2_trimmed.fq.gz
file_1: SC2219_R1_trimmed.fq.gz, file_2: SC2219_R2_trimmed.fq.gz


>>>>> Now validing the length of the 2 paired-end infiles: SC2219_R1_trimmed.fq.gz and SC2219_R2_trimmed.fq.gz <<<<<
Writing validated paired-end Read 1 reads to SC2219_R1_val_1.fq.gz
Writing validated paired-end Read 2 reads to SC2219_R2_val_2.fq.gz

Total number of sequences analysed: 801539

Number of sequence pairs removed because at least one read was shorter than the length cutoff (20 bp): 3348 (0.42%)


  >>> Now running FastQC on the validated data SC2219_R1_val_1.fq.gz<<<

Started analysis of SC2219_R1_val_1.fq.gz
Approx 5% complete for SC2219_R1_val_1.fq.gz
Approx 10% complete for SC2219_R1_val_1.fq.gz
Approx 15% complete for SC2219_R1_val_1.fq.gz
Approx 20% complete for SC2219_R1_val_1.fq.gz
Approx 25% complete for SC2219_R1_val_1.fq.gz
Approx 30% complete for SC2219_R1_val_1.fq.gz
Approx 35% complete for SC2219_R1_val_1.fq.gz
Approx 40% complete for SC2219_R1_val_1.fq.gz
Approx 45% complete for SC2219_R1_val_1.fq.gz
Approx 50% complete for SC2219_R1_val_1.fq.gz
Approx 55% complete for SC2219_R1_val_1.fq.gz
Approx 60% complete for SC2219_R1_val_1.fq.gz
Approx 65% complete for SC2219_R1_val_1.fq.gz
Approx 70% complete for SC2219_R1_val_1.fq.gz
Approx 75% complete for SC2219_R1_val_1.fq.gz
Approx 80% complete for SC2219_R1_val_1.fq.gz
Approx 85% complete for SC2219_R1_val_1.fq.gz
Approx 90% complete for SC2219_R1_val_1.fq.gz
Approx 95% complete for SC2219_R1_val_1.fq.gz

  >>> Now running FastQC on the validated data SC2219_R2_val_2.fq.gz<<<

Started analysis of SC2219_R2_val_2.fq.gz
Approx 5% complete for SC2219_R2_val_2.fq.gz
Approx 10% complete for SC2219_R2_val_2.fq.gz
Approx 15% complete for SC2219_R2_val_2.fq.gz
Approx 20% complete for SC2219_R2_val_2.fq.gz
Approx 25% complete for SC2219_R2_val_2.fq.gz
Approx 30% complete for SC2219_R2_val_2.fq.gz
Approx 35% complete for SC2219_R2_val_2.fq.gz
Approx 40% complete for SC2219_R2_val_2.fq.gz
Approx 45% complete for SC2219_R2_val_2.fq.gz
Approx 50% complete for SC2219_R2_val_2.fq.gz
Approx 55% complete for SC2219_R2_val_2.fq.gz
Approx 60% complete for SC2219_R2_val_2.fq.gz
Approx 65% complete for SC2219_R2_val_2.fq.gz
Approx 70% complete for SC2219_R2_val_2.fq.gz
Approx 75% complete for SC2219_R2_val_2.fq.gz
Approx 80% complete for SC2219_R2_val_2.fq.gz
Approx 85% complete for SC2219_R2_val_2.fq.gz
Approx 90% complete for SC2219_R2_val_2.fq.gz
Approx 95% complete for SC2219_R2_val_2.fq.gz
Deleting both intermediate output files SC2219_R1_trimmed.fq.gz and SC2219_R2_trimmed.fq.gz

====================================================================================================

