Path to Cutadapt set as: 'cutadapt' (default)
Cutadapt seems to be working fine (tested command 'cutadapt --version')
Cutadapt version: 4.1
Could not detect version of Python used by Cutadapt from the first line of Cutadapt (but found this: >>>#!/bin/sh<<<)
Letting the (modified) Cutadapt deal with the Python version instead
Parallel gzip (pigz) detected. Proceeding with multicore (de)compression using 2 cores

No quality encoding type selected. Assuming that the data provided uses Sanger encoded Phred scores (default)

Output will be written into the directory: /workspace/home/nasirja/covid-19-signal/subset_viral_7_results_dir/SC2223/adapter_trimmed/


AUTO-DETECTING ADAPTER TYPE
===========================
Attempting to auto-detect adapter type from the first 1 million sequences of the first file (>> SC2223/host_removal/SC2223_R1.fastq.gz <<)

Found perfect matches for the following adapter sequences:
Adapter type	Count	Sequence	Sequences analysed	Percentage
Illumina	26292	AGATCGGAAGAGC	864147	3.04
Nextera	0	CTGTCTCTTATA	864147	0.00
smallRNA	0	TGGAATTCTCGG	864147	0.00
Using Illumina adapter for trimming (count: 26292). Second best hit was Nextera (count: 0)

Writing report to '/workspace/home/nasirja/covid-19-signal/subset_viral_7_results_dir/SC2223/adapter_trimmed/SC2223_R1.fastq.gz_trimming_report.txt'

SUMMARISING RUN PARAMETERS
==========================
Input filename: SC2223/host_removal/SC2223_R1.fastq.gz
Trimming mode: paired-end
Trim Galore version: 0.6.4_dev
Cutadapt version: 4.1
Python version: could not detect
Number of cores used for trimming: 2
Quality Phred score cutoff: 20
Quality encoding type selected: ASCII+33
Adapter sequence: 'AGATCGGAAGAGC' (Illumina TruSeq, Sanger iPCR; auto-detected)
Maximum trimming error rate: 0.1 (default)
Minimum required adapter overlap (stringency): 1 bp
Minimum required sequence length for both reads before a sequence pair gets removed: 20 bp
Running FastQC on the data once trimming has completed
Output file(s) will be GZIP compressed

Cutadapt seems to be fairly up-to-date (version 4.1). Setting -j 2
Writing final adapter and quality trimmed output to SC2223_R1_trimmed.fq.gz


  >>> Now performing quality (cutoff '-q 20') and adapter trimming in a single pass for the adapter sequence: 'AGATCGGAAGAGC' from file SC2223/host_removal/SC2223_R1.fastq.gz <<< 
This is cutadapt 4.1 with Python 3.9.13
Command line parameters: -j 2 -e 0.1 -q 20 -O 1 -a AGATCGGAAGAGC SC2223/host_removal/SC2223_R1.fastq.gz
Processing single-end reads on 2 cores ...
Finished in 32.52 s (38 µs/read; 1.59 M reads/minute).

=== Summary ===

Total reads processed:                 864,147
Reads with adapters:                   307,008 (35.5%)
Reads written (passing filters):       864,147 (100.0%)

Total basepairs processed:   216,900,897 bp
Quality-trimmed:               2,466,317 bp (1.1%)
Total written (filtered):    211,900,885 bp (97.7%)

=== Adapter 1 ===

Sequence: AGATCGGAAGAGC; Type: regular 3'; Length: 13; Trimmed: 307008 times

Minimum overlap: 1
No. of allowed errors:
1-9 bp: 0; 10-13 bp: 1

Bases preceding removed adapters:
  A: 34.9%
  C: 16.0%
  G: 9.8%
  T: 38.9%
  none/other: 0.4%

Overview of removed sequences
length	count	expect	max.err	error counts
1	192651	216036.8	0	192651
2	69701	54009.2	0	69701
3	4628	13502.3	0	4628
4	878	3375.6	0	878
5	188	843.9	0	188
6	245	211.0	0	245
7	8644	52.7	0	8644
8	319	13.2	0	319
9	674	3.3	0	673 1
10	258	0.8	1	234 24
11	177	0.2	1	154 23
12	270	0.1	1	239 31
13	296	0.0	1	268 28
14	227	0.0	1	189 38
15	118	0.0	1	103 15
16	76	0.0	1	63 13
17	142	0.0	1	117 25
18	140	0.0	1	131 9
19	56	0.0	1	45 11
20	99	0.0	1	87 12
21	156	0.0	1	144 12
22	494	0.0	1	471 23
23	119	0.0	1	99 20
24	1026	0.0	1	988 38
25	542	0.0	1	523 19
26	100	0.0	1	89 11
27	127	0.0	1	104 23
28	565	0.0	1	534 31
29	140	0.0	1	120 20
30	254	0.0	1	239 15
31	103	0.0	1	84 19
32	100	0.0	1	88 12
33	132	0.0	1	107 25
34	478	0.0	1	447 31
35	128	0.0	1	116 12
36	1393	0.0	1	1342 51
37	491	0.0	1	467 24
38	219	0.0	1	213 6
39	121	0.0	1	111 10
40	418	0.0	1	382 36
41	183	0.0	1	168 15
42	123	0.0	1	112 11
43	303	0.0	1	280 23
44	81	0.0	1	72 9
45	66	0.0	1	62 4
46	77	0.0	1	65 12
47	111	0.0	1	93 18
48	64	0.0	1	52 12
49	86	0.0	1	77 9
50	51	0.0	1	45 6
51	88	0.0	1	77 11
52	115	0.0	1	95 20
53	63	0.0	1	55 8
54	104	0.0	1	80 24
55	110	0.0	1	94 16
56	54	0.0	1	50 4
57	75	0.0	1	64 11
58	40	0.0	1	34 6
59	119	0.0	1	111 8
60	64	0.0	1	59 5
61	53	0.0	1	51 2
62	59	0.0	1	56 3
63	65	0.0	1	59 6
64	38	0.0	1	32 6
65	51	0.0	1	49 2
66	84	0.0	1	72 12
67	37	0.0	1	30 7
68	63	0.0	1	56 7
69	102	0.0	1	89 13
70	94	0.0	1	84 10
71	141	0.0	1	127 14
72	219	0.0	1	201 18
73	357	0.0	1	312 45
74	556	0.0	1	485 71
75	1100	0.0	1	979 121
76	2775	0.0	1	2638 137
77	2173	0.0	1	2055 118
78	1350	0.0	1	1263 87
79	759	0.0	1	703 56
80	535	0.0	1	483 52
81	381	0.0	1	349 32
82	291	0.0	1	261 30
83	223	0.0	1	199 24
84	188	0.0	1	164 24
85	225	0.0	1	208 17
86	170	0.0	1	152 18
87	142	0.0	1	129 13
88	104	0.0	1	95 9
89	112	0.0	1	104 8
90	111	0.0	1	103 8
91	83	0.0	1	69 14
92	80	0.0	1	66 14
93	95	0.0	1	90 5
94	729	0.0	1	705 24
95	118	0.0	1	111 7
96	83	0.0	1	76 7
97	61	0.0	1	58 3
98	76	0.0	1	69 7
99	50	0.0	1	47 3
100	44	0.0	1	39 5
101	39	0.0	1	35 4
102	150	0.0	1	144 6
103	59	0.0	1	52 7
104	39	0.0	1	35 4
105	78	0.0	1	76 2
106	44	0.0	1	39 5
107	49	0.0	1	33 16
108	43	0.0	1	34 9
109	45	0.0	1	39 6
110	33	0.0	1	25 8
111	53	0.0	1	50 3
112	41	0.0	1	33 8
113	54	0.0	1	51 3
114	41	0.0	1	39 2
115	33	0.0	1	30 3
116	34	0.0	1	31 3
117	37	0.0	1	32 5
118	21	0.0	1	20 1
119	21	0.0	1	17 4
120	17	0.0	1	16 1
121	18	0.0	1	13 5
122	27	0.0	1	23 4
123	27	0.0	1	24 3
124	22	0.0	1	18 4
125	23	0.0	1	21 2
126	27	0.0	1	23 4
127	50	0.0	1	44 6
128	29	0.0	1	18 11
129	45	0.0	1	38 7
130	16	0.0	1	15 1
131	15	0.0	1	12 3
132	24	0.0	1	20 4
133	54	0.0	1	51 3
134	26	0.0	1	21 5
135	25	0.0	1	19 6
136	27	0.0	1	21 6
137	14	0.0	1	8 6
138	14	0.0	1	12 2
139	21	0.0	1	17 4
140	18	0.0	1	15 3
141	16	0.0	1	13 3
142	10	0.0	1	8 2
143	23	0.0	1	20 3
144	13	0.0	1	11 2
145	17	0.0	1	15 2
146	15	0.0	1	12 3
147	36	0.0	1	32 4
148	19	0.0	1	16 3
149	31	0.0	1	25 6
150	11	0.0	1	8 3
151	28	0.0	1	21 7
152	24	0.0	1	18 6
153	43	0.0	1	41 2
154	86	0.0	1	80 6
155	37	0.0	1	26 11
156	150	0.0	1	143 7
157	57	0.0	1	55 2
158	41	0.0	1	31 10
159	33	0.0	1	30 3
160	51	0.0	1	44 7
161	74	0.0	1	67 7
162	25	0.0	1	23 2
163	19	0.0	1	17 2
164	27	0.0	1	25 2
165	54	0.0	1	51 3
166	57	0.0	1	51 6
167	56	0.0	1	50 6
168	49	0.0	1	46 3
169	22	0.0	1	16 6
170	13	0.0	1	6 7
171	11	0.0	1	9 2
172	59	0.0	1	54 5
173	30	0.0	1	25 5
174	22	0.0	1	21 1
175	76	0.0	1	71 5
176	37	0.0	1	33 4
177	12	0.0	1	9 3
178	25	0.0	1	21 4
179	15	0.0	1	11 4
180	16	0.0	1	13 3
181	68	0.0	1	64 4
182	8	0.0	1	6 2
183	22	0.0	1	18 4
184	20	0.0	1	13 7
185	37	0.0	1	34 3
186	19	0.0	1	16 3
187	23	0.0	1	16 7
188	12	0.0	1	9 3
189	32	0.0	1	31 1
190	42	0.0	1	38 4
191	25	0.0	1	24 1
192	25	0.0	1	24 1
193	27	0.0	1	26 1
194	6	0.0	1	4 2
195	17	0.0	1	16 1
196	13	0.0	1	13
197	20	0.0	1	16 4
198	14	0.0	1	13 1
199	13	0.0	1	13
200	20	0.0	1	17 3
201	25	0.0	1	25
202	21	0.0	1	18 3
203	32	0.0	1	32
204	18	0.0	1	17 1
205	45	0.0	1	43 2
206	37	0.0	1	35 2
207	33	0.0	1	32 1
208	36	0.0	1	35 1
209	48	0.0	1	44 4
210	29	0.0	1	29
211	21	0.0	1	21
212	27	0.0	1	26 1
213	25	0.0	1	24 1
214	27	0.0	1	25 2
215	20	0.0	1	20
216	9	0.0	1	9
217	17	0.0	1	16 1
218	3	0.0	1	3
219	1	0.0	1	0 1
220	3	0.0	1	1 2
221	6	0.0	1	3 3
222	4	0.0	1	2 2
223	2	0.0	1	2
224	2	0.0	1	2
226	3	0.0	1	2 1
229	1	0.0	1	1
230	3	0.0	1	3
231	1	0.0	1	1
232	2	0.0	1	2
233	4	0.0	1	3 1
234	2	0.0	1	1 1
235	1	0.0	1	1
237	1	0.0	1	1
238	1	0.0	1	0 1
239	1	0.0	1	0 1
240	1	0.0	1	0 1
242	1	0.0	1	0 1
243	1	0.0	1	0 1
244	2	0.0	1	0 2
245	2	0.0	1	0 2
247	1	0.0	1	0 1
248	4	0.0	1	0 4
249	5	0.0	1	0 5
250	16	0.0	1	0 16
251	261	0.0	1	0 261

RUN STATISTICS FOR INPUT FILE: SC2223/host_removal/SC2223_R1.fastq.gz
=============================================
864147 sequences processed in total
The length threshold of paired-end sequences gets evaluated later on (in the validation step)

Writing report to '/workspace/home/nasirja/covid-19-signal/subset_viral_7_results_dir/SC2223/adapter_trimmed/SC2223_R2.fastq.gz_trimming_report.txt'

SUMMARISING RUN PARAMETERS
==========================
Input filename: SC2223/host_removal/SC2223_R2.fastq.gz
Trimming mode: paired-end
Trim Galore version: 0.6.4_dev
Cutadapt version: 4.1
Python version: could not detect
Number of cores used for trimming: 2
Quality Phred score cutoff: 20
Quality encoding type selected: ASCII+33
Adapter sequence: 'AGATCGGAAGAGC' (Illumina TruSeq, Sanger iPCR; auto-detected)
Maximum trimming error rate: 0.1 (default)
Minimum required adapter overlap (stringency): 1 bp
Minimum required sequence length for both reads before a sequence pair gets removed: 20 bp
Running FastQC on the data once trimming has completed
Output file(s) will be GZIP compressed

Cutadapt seems to be fairly up-to-date (version 4.1). Setting -j -j 2
Writing final adapter and quality trimmed output to SC2223_R2_trimmed.fq.gz


  >>> Now performing quality (cutoff '-q 20') and adapter trimming in a single pass for the adapter sequence: 'AGATCGGAAGAGC' from file SC2223/host_removal/SC2223_R2.fastq.gz <<< 
This is cutadapt 4.1 with Python 3.9.13
Command line parameters: -j 2 -e 0.1 -q 20 -O 1 -a AGATCGGAAGAGC SC2223/host_removal/SC2223_R2.fastq.gz
Processing single-end reads on 2 cores ...
Finished in 33.75 s (39 µs/read; 1.54 M reads/minute).

=== Summary ===

Total reads processed:                 864,147
Reads with adapters:                   300,957 (34.8%)
Reads written (passing filters):       864,147 (100.0%)

Total basepairs processed:   216,900,897 bp
Quality-trimmed:               5,026,890 bp (2.3%)
Total written (filtered):    209,726,969 bp (96.7%)

=== Adapter 1 ===

Sequence: AGATCGGAAGAGC; Type: regular 3'; Length: 13; Trimmed: 300957 times

Minimum overlap: 1
No. of allowed errors:
1-9 bp: 0; 10-13 bp: 1

Bases preceding removed adapters:
  A: 37.9%
  C: 16.0%
  G: 9.7%
  T: 36.0%
  none/other: 0.5%

Overview of removed sequences
length	count	expect	max.err	error counts
1	200726	216036.8	0	200726
2	58309	54009.2	0	58309
3	5030	13502.3	0	5030
4	1274	3375.6	0	1274
5	179	843.9	0	179
6	218	211.0	0	218
7	8467	52.7	0	8467
8	225	13.2	0	225
9	449	3.3	0	447 2
10	277	0.8	1	240 37
11	91	0.2	1	73 18
12	194	0.1	1	173 21
13	44	0.0	1	35 9
14	204	0.0	1	174 30
15	49	0.0	1	43 6
16	60	0.0	1	46 14
17	192	0.0	1	170 22
18	44	0.0	1	38 6
19	91	0.0	1	80 11
20	60	0.0	1	52 8
21	33	0.0	1	30 3
22	490	0.0	1	455 35
23	184	0.0	1	164 20
24	1320	0.0	1	1250 70
25	124	0.0	1	106 18
26	324	0.0	1	293 31
27	298	0.0	1	274 24
28	435	0.0	1	400 35
29	154	0.0	1	131 23
30	579	0.0	1	528 51
31	91	0.0	1	82 9
32	459	0.0	1	432 27
33	172	0.0	1	149 23
34	488	0.0	1	461 27
35	225	0.0	1	217 8
36	175	0.0	1	168 7
37	1013	0.0	1	979 34
38	146	0.0	1	142 4
39	130	0.0	1	124 6
40	525	0.0	1	510 15
41	99	0.0	1	90 9
42	136	0.0	1	131 5
43	176	0.0	1	167 9
44	128	0.0	1	119 9
45	275	0.0	1	260 15
46	232	0.0	1	208 24
47	301	0.0	1	281 20
48	186	0.0	1	171 15
49	177	0.0	1	166 11
50	152	0.0	1	139 13
51	124	0.0	1	117 7
52	108	0.0	1	99 9
53	147	0.0	1	144 3
54	247	0.0	1	241 6
55	107	0.0	1	104 3
56	251	0.0	1	243 8
57	462	0.0	1	449 13
58	312	0.0	1	309 3
59	97	0.0	1	88 9
60	237	0.0	1	226 11
61	127	0.0	1	125 2
62	94	0.0	1	91 3
63	223	0.0	1	219 4
64	119	0.0	1	117 2
65	64	0.0	1	64
66	42	0.0	1	40 2
67	53	0.0	1	53
68	52	0.0	1	48 4
69	55	0.0	1	52 3
70	55	0.0	1	53 2
71	50	0.0	1	46 4
72	73	0.0	1	67 6
73	127	0.0	1	120 7
74	130	0.0	1	121 9
75	250	0.0	1	237 13
76	301	0.0	1	270 31
77	473	0.0	1	405 68
78	849	0.0	1	732 117
79	1212	0.0	1	1016 196
80	2248	0.0	1	2052 196
81	1201	0.0	1	1077 124
82	664	0.0	1	587 77
83	443	0.0	1	384 59
84	280	0.0	1	248 32
85	218	0.0	1	186 32
86	133	0.0	1	111 22
87	107	0.0	1	82 25
88	96	0.0	1	80 16
89	87	0.0	1	74 13
90	98	0.0	1	71 27
91	63	0.0	1	47 16
92	59	0.0	1	46 13
93	76	0.0	1	67 9
94	478	0.0	1	460 18
95	63	0.0	1	57 6
96	67	0.0	1	50 17
97	51	0.0	1	42 9
98	49	0.0	1	38 11
99	25	0.0	1	18 7
100	21	0.0	1	19 2
101	23	0.0	1	21 2
102	109	0.0	1	92 17
103	27	0.0	1	21 6
104	22	0.0	1	15 7
105	56	0.0	1	54 2
106	19	0.0	1	15 4
107	21	0.0	1	14 7
108	38	0.0	1	31 7
109	20	0.0	1	8 12
110	17	0.0	1	10 7
111	27	0.0	1	25 2
112	18	0.0	1	11 7
113	31	0.0	1	25 6
114	18	0.0	1	11 7
115	9	0.0	1	7 2
116	17	0.0	1	13 4
117	30	0.0	1	25 5
118	15	0.0	1	9 6
119	8	0.0	1	5 3
120	17	0.0	1	10 7
121	15	0.0	1	8 7
122	19	0.0	1	12 7
123	11	0.0	1	6 5
124	19	0.0	1	10 9
125	13	0.0	1	8 5
126	14	0.0	1	10 4
127	25	0.0	1	18 7
128	15	0.0	1	9 6
129	19	0.0	1	10 9
130	9	0.0	1	2 7
131	4	0.0	1	3 1
132	4	0.0	1	2 2
133	31	0.0	1	23 8
134	14	0.0	1	9 5
135	9	0.0	1	3 6
136	13	0.0	1	10 3
137	11	0.0	1	5 6
138	6	0.0	1	3 3
139	10	0.0	1	4 6
140	7	0.0	1	2 5
141	15	0.0	1	10 5
142	6	0.0	1	5 1
143	8	0.0	1	7 1
144	10	0.0	1	3 7
145	6	0.0	1	5 1
146	10	0.0	1	9 1
147	27	0.0	1	16 11
148	13	0.0	1	11 2
149	18	0.0	1	14 4
150	6	0.0	1	3 3
151	13	0.0	1	8 5
152	9	0.0	1	7 2
153	40	0.0	1	36 4
154	56	0.0	1	53 3
155	18	0.0	1	12 6
156	86	0.0	1	80 6
157	39	0.0	1	34 5
158	26	0.0	1	20 6
159	29	0.0	1	24 5
160	37	0.0	1	33 4
161	35	0.0	1	32 3
162	16	0.0	1	13 3
163	12	0.0	1	9 3
164	13	0.0	1	12 1
165	30	0.0	1	29 1
166	35	0.0	1	32 3
167	31	0.0	1	29 2
168	43	0.0	1	39 4
169	8	0.0	1	8
170	5	0.0	1	5
171	6	0.0	1	3 3
172	44	0.0	1	42 2
173	8	0.0	1	8
174	20	0.0	1	16 4
175	49	0.0	1	48 1
176	15	0.0	1	13 2
177	11	0.0	1	8 3
178	20	0.0	1	19 1
179	5	0.0	1	5
180	11	0.0	1	9 2
181	38	0.0	1	35 3
182	2	0.0	1	2
183	13	0.0	1	12 1
184	6	0.0	1	6
185	26	0.0	1	25 1
186	9	0.0	1	7 2
187	8	0.0	1	8
188	13	0.0	1	13
189	19	0.0	1	19
190	31	0.0	1	30 1
191	21	0.0	1	19 2
192	17	0.0	1	16 1
193	17	0.0	1	17
194	3	0.0	1	2 1
195	8	0.0	1	8
196	3	0.0	1	3
197	15	0.0	1	14 1
198	6	0.0	1	6
199	8	0.0	1	7 1
200	15	0.0	1	14 1
201	13	0.0	1	12 1
202	12	0.0	1	12
203	23	0.0	1	23
204	12	0.0	1	9 3
205	12	0.0	1	11 1
206	19	0.0	1	17 2
207	23	0.0	1	23
208	28	0.0	1	28
209	35	0.0	1	35
210	34	0.0	1	33 1
211	21	0.0	1	20 1
212	19	0.0	1	17 2
213	16	0.0	1	15 1
214	23	0.0	1	22 1
215	13	0.0	1	13
216	3	0.0	1	3
217	5	0.0	1	5
218	4	0.0	1	4
221	2	0.0	1	2
222	2	0.0	1	2
223	1	0.0	1	1
229	1	0.0	1	0 1
230	1	0.0	1	1
231	1	0.0	1	1
232	1	0.0	1	1
233	2	0.0	1	2
235	2	0.0	1	2
240	2	0.0	1	2
241	1	0.0	1	1
243	1	0.0	1	0 1
244	1	0.0	1	0 1
246	1	0.0	1	0 1
249	3	0.0	1	0 3
250	10	0.0	1	1 9
251	255	0.0	1	1 254

RUN STATISTICS FOR INPUT FILE: SC2223/host_removal/SC2223_R2.fastq.gz
=============================================
864147 sequences processed in total
The length threshold of paired-end sequences gets evaluated later on (in the validation step)

Validate paired-end files SC2223_R1_trimmed.fq.gz and SC2223_R2_trimmed.fq.gz
file_1: SC2223_R1_trimmed.fq.gz, file_2: SC2223_R2_trimmed.fq.gz


>>>>> Now validing the length of the 2 paired-end infiles: SC2223_R1_trimmed.fq.gz and SC2223_R2_trimmed.fq.gz <<<<<
Writing validated paired-end Read 1 reads to SC2223_R1_val_1.fq.gz
Writing validated paired-end Read 2 reads to SC2223_R2_val_2.fq.gz

Total number of sequences analysed: 864147

Number of sequence pairs removed because at least one read was shorter than the length cutoff (20 bp): 3644 (0.42%)


  >>> Now running FastQC on the validated data SC2223_R1_val_1.fq.gz<<<

Started analysis of SC2223_R1_val_1.fq.gz
Approx 5% complete for SC2223_R1_val_1.fq.gz
Approx 10% complete for SC2223_R1_val_1.fq.gz
Approx 15% complete for SC2223_R1_val_1.fq.gz
Approx 20% complete for SC2223_R1_val_1.fq.gz
Approx 25% complete for SC2223_R1_val_1.fq.gz
Approx 30% complete for SC2223_R1_val_1.fq.gz
Approx 35% complete for SC2223_R1_val_1.fq.gz
Approx 40% complete for SC2223_R1_val_1.fq.gz
Approx 45% complete for SC2223_R1_val_1.fq.gz
Approx 50% complete for SC2223_R1_val_1.fq.gz
Approx 55% complete for SC2223_R1_val_1.fq.gz
Approx 60% complete for SC2223_R1_val_1.fq.gz
Approx 65% complete for SC2223_R1_val_1.fq.gz
Approx 70% complete for SC2223_R1_val_1.fq.gz
Approx 75% complete for SC2223_R1_val_1.fq.gz
Approx 80% complete for SC2223_R1_val_1.fq.gz
Approx 85% complete for SC2223_R1_val_1.fq.gz
Approx 90% complete for SC2223_R1_val_1.fq.gz
Approx 95% complete for SC2223_R1_val_1.fq.gz

  >>> Now running FastQC on the validated data SC2223_R2_val_2.fq.gz<<<

Started analysis of SC2223_R2_val_2.fq.gz
Approx 5% complete for SC2223_R2_val_2.fq.gz
Approx 10% complete for SC2223_R2_val_2.fq.gz
Approx 15% complete for SC2223_R2_val_2.fq.gz
Approx 20% complete for SC2223_R2_val_2.fq.gz
Approx 25% complete for SC2223_R2_val_2.fq.gz
Approx 30% complete for SC2223_R2_val_2.fq.gz
Approx 35% complete for SC2223_R2_val_2.fq.gz
Approx 40% complete for SC2223_R2_val_2.fq.gz
Approx 45% complete for SC2223_R2_val_2.fq.gz
Approx 50% complete for SC2223_R2_val_2.fq.gz
Approx 55% complete for SC2223_R2_val_2.fq.gz
Approx 60% complete for SC2223_R2_val_2.fq.gz
Approx 65% complete for SC2223_R2_val_2.fq.gz
Approx 70% complete for SC2223_R2_val_2.fq.gz
Approx 75% complete for SC2223_R2_val_2.fq.gz
Approx 80% complete for SC2223_R2_val_2.fq.gz
Approx 85% complete for SC2223_R2_val_2.fq.gz
Approx 90% complete for SC2223_R2_val_2.fq.gz
Approx 95% complete for SC2223_R2_val_2.fq.gz
Deleting both intermediate output files SC2223_R1_trimmed.fq.gz and SC2223_R2_trimmed.fq.gz

====================================================================================================

