[M::bwa_idx_load_from_disk] read 0 ALT contigs
[M::process] read 79682 sequences (20000182 bp)...
[M::process] read 79682 sequences (20000182 bp)...
[M::mem_pestat] # candidate unique pairs for (FF, FR, RF, RR): (8, 37276, 17, 10)
[M::mem_pestat] skip orientation FF as there are not enough pairs
[M::mem_pestat] analyzing insert size distribution for orientation FR...
[M::mem_pestat] (25, 50, 75) percentile: (379, 384, 392)
[M::mem_pestat] low and high boundaries for computing mean and std.dev: (353, 418)
[M::mem_pestat] mean and std.dev: (388.54, 10.45)
[M::mem_pestat] low and high boundaries for proper pairs: (340, 431)
[M::mem_pestat] analyzing insert size distribution for orientation RF...
[M::mem_pestat] (25, 50, 75) percentile: (225, 810, 1508)
[M::mem_pestat] low and high boundaries for computing mean and std.dev: (1, 4074)
[M::mem_pestat] mean and std.dev: (792.94, 752.07)
[M::mem_pestat] low and high boundaries for proper pairs: (1, 5357)
[M::mem_pestat] analyzing insert size distribution for orientation RR...
[M::mem_pestat] (25, 50, 75) percentile: (2057, 2057, 3623)
[M::mem_pestat] low and high boundaries for computing mean and std.dev: (1, 6755)
[M::mem_pestat] mean and std.dev: (2259.22, 1250.37)
[M::mem_pestat] low and high boundaries for proper pairs: (1, 8321)
[M::mem_pestat] skip orientation RF
[M::mem_pestat] skip orientation RR
[M::mem_process_seqs] Processed 79682 reads in 33.377 CPU sec, 18.638 real sec
[M::process] read 79682 sequences (20000182 bp)...
[M::mem_pestat] # candidate unique pairs for (FF, FR, RF, RR): (12, 37120, 19, 10)
[M::mem_pestat] analyzing insert size distribution for orientation FF...
[M::mem_pestat] (25, 50, 75) percentile: (2138, 5366, 6183)
[M::mem_pestat] low and high boundaries for computing mean and std.dev: (1, 14273)
[M::mem_pestat] mean and std.dev: (4553.50, 2349.73)
[M::mem_pestat] low and high boundaries for proper pairs: (1, 18318)
[M::mem_pestat] analyzing insert size distribution for orientation FR...
[M::mem_pestat] (25, 50, 75) percentile: (379, 384, 392)
[M::mem_pestat] low and high boundaries for computing mean and std.dev: (353, 418)
[M::mem_pestat] mean and std.dev: (388.48, 10.52)
[M::mem_pestat] low and high boundaries for proper pairs: (340, 431)
[M::mem_pestat] analyzing insert size distribution for orientation RF...
[M::mem_pestat] (25, 50, 75) percentile: (331, 815, 2759)
[M::mem_pestat] low and high boundaries for computing mean and std.dev: (1, 7615)
[M::mem_pestat] mean and std.dev: (1438.94, 1797.02)
[M::mem_pestat] low and high boundaries for proper pairs: (1, 10043)
[M::mem_pestat] analyzing insert size distribution for orientation RR...
[M::mem_pestat] (25, 50, 75) percentile: (1834, 2057, 4296)
[M::mem_pestat] low and high boundaries for computing mean and std.dev: (1, 9220)
[M::mem_pestat] mean and std.dev: (2906.40, 1593.09)
[M::mem_pestat] low and high boundaries for proper pairs: (1, 11682)
[M::mem_pestat] skip orientation FF
[M::mem_pestat] skip orientation RF
[M::mem_pestat] skip orientation RR
[M::mem_process_seqs] Processed 79682 reads in 37.625 CPU sec, 18.588 real sec
[M::process] read 79682 sequences (20000182 bp)...
[M::mem_pestat] # candidate unique pairs for (FF, FR, RF, RR): (11, 37142, 23, 9)
[M::mem_pestat] analyzing insert size distribution for orientation FF...
[M::mem_pestat] (25, 50, 75) percentile: (1884, 4031, 6048)
[M::mem_pestat] low and high boundaries for computing mean and std.dev: (1, 14376)
[M::mem_pestat] mean and std.dev: (4363.18, 2582.77)
[M::mem_pestat] low and high boundaries for proper pairs: (1, 18540)
[M::mem_pestat] analyzing insert size distribution for orientation FR...
[M::mem_pestat] (25, 50, 75) percentile: (379, 384, 393)
[M::mem_pestat] low and high boundaries for computing mean and std.dev: (351, 421)
[M::mem_pestat] mean and std.dev: (388.53, 10.63)
[M::mem_pestat] low and high boundaries for proper pairs: (337, 435)
[M::mem_pestat] analyzing insert size distribution for orientation RF...
[M::mem_pestat] (25, 50, 75) percentile: (802, 1496, 1576)
[M::mem_pestat] low and high boundaries for computing mean and std.dev: (1, 3124)
[M::mem_pestat] mean and std.dev: (1084.20, 758.21)
[M::mem_pestat] low and high boundaries for proper pairs: (1, 4117)
[M::mem_pestat] skip orientation RR as there are not enough pairs
[M::mem_pestat] skip orientation FF
[M::mem_pestat] skip orientation RF
[M::mem_process_seqs] Processed 79682 reads in 38.031 CPU sec, 18.771 real sec
[M::process] read 79682 sequences (20000182 bp)...
[M::mem_pestat] # candidate unique pairs for (FF, FR, RF, RR): (7, 37350, 19, 14)
[M::mem_pestat] skip orientation FF as there are not enough pairs
[M::mem_pestat] analyzing insert size distribution for orientation FR...
[M::mem_pestat] (25, 50, 75) percentile: (379, 384, 392)
[M::mem_pestat] low and high boundaries for computing mean and std.dev: (353, 418)
[M::mem_pestat] mean and std.dev: (388.13, 10.64)
[M::mem_pestat] low and high boundaries for proper pairs: (340, 431)
[M::mem_pestat] analyzing insert size distribution for orientation RF...
[M::mem_pestat] (25, 50, 75) percentile: (814, 1508, 5408)
[M::mem_pestat] low and high boundaries for computing mean and std.dev: (1, 14596)
[M::mem_pestat] mean and std.dev: (2676.37, 2897.17)
[M::mem_pestat] low and high boundaries for proper pairs: (1, 19190)
[M::mem_pestat] analyzing insert size distribution for orientation RR...
[M::mem_pestat] (25, 50, 75) percentile: (1538, 1835, 5291)
[M::mem_pestat] low and high boundaries for computing mean and std.dev: (1, 12797)
[M::mem_pestat] mean and std.dev: (3216.36, 2875.34)
[M::mem_pestat] low and high boundaries for proper pairs: (1, 16550)
[M::mem_pestat] skip orientation RF
[M::mem_pestat] skip orientation RR
[M::mem_process_seqs] Processed 79682 reads in 37.831 CPU sec, 18.695 real sec
[M::process] read 79682 sequences (20000182 bp)...
[M::mem_pestat] # candidate unique pairs for (FF, FR, RF, RR): (11, 37167, 28, 9)
[M::mem_pestat] analyzing insert size distribution for orientation FF...
[M::mem_pestat] (25, 50, 75) percentile: (1834, 3337, 7890)
[M::mem_pestat] low and high boundaries for computing mean and std.dev: (1, 20002)
[M::mem_pestat] mean and std.dev: (4562.00, 3196.66)
[M::mem_pestat] low and high boundaries for proper pairs: (1, 26058)
[M::mem_pestat] analyzing insert size distribution for orientation FR...
[M::mem_pestat] (25, 50, 75) percentile: (379, 384, 392)
[M::mem_pestat] low and high boundaries for computing mean and std.dev: (353, 418)
[M::mem_pestat] mean and std.dev: (388.35, 10.51)
[M::mem_pestat] low and high boundaries for proper pairs: (340, 431)
[M::mem_pestat] analyzing insert size distribution for orientation RF...
[M::mem_pestat] (25, 50, 75) percentile: (810, 821, 1545)
[M::mem_pestat] low and high boundaries for computing mean and std.dev: (1, 3015)
[M::mem_pestat] mean and std.dev: (852.57, 486.52)
[M::mem_pestat] low and high boundaries for proper pairs: (1, 3750)
[M::mem_pestat] skip orientation RR as there are not enough pairs
[M::mem_pestat] skip orientation FF
[M::mem_pestat] skip orientation RF
[M::mem_process_seqs] Processed 79682 reads in 35.962 CPU sec, 17.758 real sec
[M::process] read 79682 sequences (20000182 bp)...
[M::mem_pestat] # candidate unique pairs for (FF, FR, RF, RR): (12, 37181, 18, 12)
[M::mem_pestat] analyzing insert size distribution for orientation FF...
[M::mem_pestat] (25, 50, 75) percentile: (1834, 1903, 3990)
[M::mem_pestat] low and high boundaries for computing mean and std.dev: (1, 8302)
[M::mem_pestat] mean and std.dev: (1989.30, 1147.35)
[M::mem_pestat] low and high boundaries for proper pairs: (1, 10458)
[M::mem_pestat] analyzing insert size distribution for orientation FR...
[M::mem_pestat] (25, 50, 75) percentile: (379, 384, 392)
[M::mem_pestat] low and high boundaries for computing mean and std.dev: (353, 418)
[M::mem_pestat] mean and std.dev: (388.43, 10.40)
[M::mem_pestat] low and high boundaries for proper pairs: (340, 431)
[M::mem_pestat] analyzing insert size distribution for orientation RF...
[M::mem_pestat] (25, 50, 75) percentile: (225, 815, 1545)
[M::mem_pestat] low and high boundaries for computing mean and std.dev: (1, 4185)
[M::mem_pestat] mean and std.dev: (706.80, 701.50)
[M::mem_pestat] low and high boundaries for proper pairs: (1, 5505)
[M::mem_pestat] analyzing insert size distribution for orientation RR...
[M::mem_pestat] (25, 50, 75) percentile: (2057, 3020, 7890)
[M::mem_pestat] low and high boundaries for computing mean and std.dev: (1, 19556)
[M::mem_pestat] mean and std.dev: (4281.75, 3087.33)
[M::mem_pestat] low and high boundaries for proper pairs: (1, 25389)
[M::mem_pestat] skip orientation FF
[M::mem_pestat] skip orientation RF
[M::mem_pestat] skip orientation RR
[M::mem_process_seqs] Processed 79682 reads in 33.520 CPU sec, 16.544 real sec
[M::process] read 79682 sequences (20000182 bp)...
[M::mem_pestat] # candidate unique pairs for (FF, FR, RF, RR): (15, 37128, 18, 10)
[M::mem_pestat] analyzing insert size distribution for orientation FF...
[M::mem_pestat] (25, 50, 75) percentile: (1834, 1834, 7623)
[M::mem_pestat] low and high boundaries for computing mean and std.dev: (1, 19201)
[M::mem_pestat] mean and std.dev: (3760.47, 3153.04)
[M::mem_pestat] low and high boundaries for proper pairs: (1, 24990)
[M::mem_pestat] analyzing insert size distribution for orientation FR...
[M::mem_pestat] (25, 50, 75) percentile: (379, 384, 392)
[M::mem_pestat] low and high boundaries for computing mean and std.dev: (353, 418)
[M::mem_pestat] mean and std.dev: (388.31, 10.54)
[M::mem_pestat] low and high boundaries for proper pairs: (340, 431)
[M::mem_pestat] analyzing insert size distribution for orientation RF...
[M::mem_pestat] (25, 50, 75) percentile: (352, 2386, 2759)
[M::mem_pestat] low and high boundaries for computing mean and std.dev: (1, 7573)
[M::mem_pestat] mean and std.dev: (2305.56, 2129.06)
[M::mem_pestat] low and high boundaries for proper pairs: (1, 10822)
[M::mem_pestat] analyzing insert size distribution for orientation RR...
[M::mem_pestat] (25, 50, 75) percentile: (1835, 2057, 3315)
[M::mem_pestat] low and high boundaries for computing mean and std.dev: (1, 6275)
[M::mem_pestat] mean and std.dev: (2304.89, 635.39)
[M::mem_pestat] low and high boundaries for proper pairs: (1, 7755)
[M::mem_pestat] skip orientation FF
[M::mem_pestat] skip orientation RF
[M::mem_pestat] skip orientation RR
[M::mem_process_seqs] Processed 79682 reads in 35.015 CPU sec, 17.295 real sec
[M::process] read 79682 sequences (20000182 bp)...
[M::mem_pestat] # candidate unique pairs for (FF, FR, RF, RR): (9, 37098, 16, 12)
[M::mem_pestat] skip orientation FF as there are not enough pairs
[M::mem_pestat] analyzing insert size distribution for orientation FR...
[M::mem_pestat] (25, 50, 75) percentile: (379, 384, 392)
[M::mem_pestat] low and high boundaries for computing mean and std.dev: (353, 418)
[M::mem_pestat] mean and std.dev: (388.50, 10.61)
[M::mem_pestat] low and high boundaries for proper pairs: (340, 431)
[M::mem_pestat] analyzing insert size distribution for orientation RF...
[M::mem_pestat] (25, 50, 75) percentile: (815, 1508, 1545)
[M::mem_pestat] low and high boundaries for computing mean and std.dev: (1, 3005)
[M::mem_pestat] mean and std.dev: (1116.93, 551.80)
[M::mem_pestat] low and high boundaries for proper pairs: (1, 3735)
[M::mem_pestat] analyzing insert size distribution for orientation RR...
[M::mem_pestat] (25, 50, 75) percentile: (1702, 2057, 3310)
[M::mem_pestat] low and high boundaries for computing mean and std.dev: (1, 6526)
[M::mem_pestat] mean and std.dev: (2197.00, 1213.57)
[M::mem_pestat] low and high boundaries for proper pairs: (1, 8134)
[M::mem_pestat] skip orientation RF
[M::mem_pestat] skip orientation RR
[M::mem_process_seqs] Processed 79682 reads in 34.557 CPU sec, 17.059 real sec
[M::process] read 79682 sequences (20000182 bp)...
[M::mem_pestat] # candidate unique pairs for (FF, FR, RF, RR): (15, 37229, 19, 12)
[M::mem_pestat] analyzing insert size distribution for orientation FF...
[M::mem_pestat] (25, 50, 75) percentile: (1614, 1884, 5092)
[M::mem_pestat] low and high boundaries for computing mean and std.dev: (1, 12048)
[M::mem_pestat] mean and std.dev: (3379.80, 3032.36)
[M::mem_pestat] low and high boundaries for proper pairs: (1, 15526)
[M::mem_pestat] analyzing insert size distribution for orientation FR...
[M::mem_pestat] (25, 50, 75) percentile: (379, 384, 393)
[M::mem_pestat] low and high boundaries for computing mean and std.dev: (351, 421)
[M::mem_pestat] mean and std.dev: (388.47, 10.58)
[M::mem_pestat] low and high boundaries for proper pairs: (337, 435)
[M::mem_pestat] analyzing insert size distribution for orientation RF...
[M::mem_pestat] (25, 50, 75) percentile: (230, 814, 2324)
[M::mem_pestat] low and high boundaries for computing mean and std.dev: (1, 6512)
[M::mem_pestat] mean and std.dev: (1522.11, 1470.70)
[M::mem_pestat] low and high boundaries for proper pairs: (1, 8606)
[M::mem_pestat] analyzing insert size distribution for orientation RR...
[M::mem_pestat] (25, 50, 75) percentile: (2465, 6049, 7890)
[M::mem_pestat] low and high boundaries for computing mean and std.dev: (1, 18740)
[M::mem_pestat] mean and std.dev: (4991.83, 2910.98)
[M::mem_pestat] low and high boundaries for proper pairs: (1, 24165)
[M::mem_pestat] skip orientation FF
[M::mem_pestat] skip orientation RF
[M::mem_pestat] skip orientation RR
[M::mem_process_seqs] Processed 79682 reads in 33.599 CPU sec, 16.590 real sec
[M::process] read 6206 sequences (1557706 bp)...
[M::mem_pestat] # candidate unique pairs for (FF, FR, RF, RR): (9, 37097, 29, 15)
[M::mem_pestat] skip orientation FF as there are not enough pairs
[M::mem_pestat] analyzing insert size distribution for orientation FR...
[M::mem_pestat] (25, 50, 75) percentile: (379, 384, 392)
[M::mem_pestat] low and high boundaries for computing mean and std.dev: (353, 418)
[M::mem_pestat] mean and std.dev: (388.43, 10.53)
[M::mem_pestat] low and high boundaries for proper pairs: (340, 431)
[M::mem_pestat] analyzing insert size distribution for orientation RF...
[M::mem_pestat] (25, 50, 75) percentile: (814, 1454, 4991)
[M::mem_pestat] low and high boundaries for computing mean and std.dev: (1, 13345)
[M::mem_pestat] mean and std.dev: (2707.97, 2800.78)
[M::mem_pestat] low and high boundaries for proper pairs: (1, 17522)
[M::mem_pestat] analyzing insert size distribution for orientation RR...
[M::mem_pestat] (25, 50, 75) percentile: (2462, 5135, 8770)
[M::mem_pestat] low and high boundaries for computing mean and std.dev: (1, 21386)
[M::mem_pestat] mean and std.dev: (5125.40, 3021.98)
[M::mem_pestat] low and high boundaries for proper pairs: (1, 27694)
[M::mem_pestat] skip orientation RF
[M::mem_pestat] skip orientation RR
[M::mem_process_seqs] Processed 79682 reads in 38.188 CPU sec, 19.035 real sec
[M::mem_pestat] # candidate unique pairs for (FF, FR, RF, RR): (1, 2888, 0, 3)
[M::mem_pestat] skip orientation FF as there are not enough pairs
[M::mem_pestat] analyzing insert size distribution for orientation FR...
[M::mem_pestat] (25, 50, 75) percentile: (379, 383, 392)
[M::mem_pestat] low and high boundaries for computing mean and std.dev: (353, 418)
[M::mem_pestat] mean and std.dev: (387.78, 10.77)
[M::mem_pestat] low and high boundaries for proper pairs: (340, 431)
[M::mem_pestat] skip orientation RF as there are not enough pairs
[M::mem_pestat] skip orientation RR as there are not enough pairs
[M::mem_process_seqs] Processed 6206 reads in 3.988 CPU sec, 1.919 real sec
[main] Version: 0.7.17-r1188
[main] CMD: bwa mem -t 2 /workspace/home/nasirja/covid-19-signal/data/composite_human_viral_reference.fna SC2266/raw_fastq/SC2266_R1.fastq.gz SC2266/raw_fastq/SC2266_R2.fastq.gz
[main] Real time: 186.527 sec; CPU: 366.135 sec
viral read count = 672807 (83.78%)
human read count = 101704 (12.67%) 
unmapped read count = 28515 (3.55%)
