Path to Cutadapt set as: 'cutadapt' (default)
Cutadapt seems to be working fine (tested command 'cutadapt --version')
Cutadapt version: 4.1
Could not detect version of Python used by Cutadapt from the first line of Cutadapt (but found this: >>>#!/bin/sh<<<)
Letting the (modified) Cutadapt deal with the Python version instead
Parallel gzip (pigz) detected. Proceeding with multicore (de)compression using 2 cores

No quality encoding type selected. Assuming that the data provided uses Sanger encoded Phred scores (default)

Output will be written into the directory: /workspace/home/nasirja/covid-19-signal/subset_viral_7_results_dir/SC2297/adapter_trimmed/


AUTO-DETECTING ADAPTER TYPE
===========================
Attempting to auto-detect adapter type from the first 1 million sequences of the first file (>> SC2297/host_removal/SC2297_R1.fastq.gz <<)

Found perfect matches for the following adapter sequences:
Adapter type	Count	Sequence	Sequences analysed	Percentage
Illumina	32256	AGATCGGAAGAGC	680428	4.74
Nextera	0	CTGTCTCTTATA	680428	0.00
smallRNA	0	TGGAATTCTCGG	680428	0.00
Using Illumina adapter for trimming (count: 32256). Second best hit was Nextera (count: 0)

Writing report to '/workspace/home/nasirja/covid-19-signal/subset_viral_7_results_dir/SC2297/adapter_trimmed/SC2297_R1.fastq.gz_trimming_report.txt'

SUMMARISING RUN PARAMETERS
==========================
Input filename: SC2297/host_removal/SC2297_R1.fastq.gz
Trimming mode: paired-end
Trim Galore version: 0.6.4_dev
Cutadapt version: 4.1
Python version: could not detect
Number of cores used for trimming: 2
Quality Phred score cutoff: 20
Quality encoding type selected: ASCII+33
Adapter sequence: 'AGATCGGAAGAGC' (Illumina TruSeq, Sanger iPCR; auto-detected)
Maximum trimming error rate: 0.1 (default)
Minimum required adapter overlap (stringency): 1 bp
Minimum required sequence length for both reads before a sequence pair gets removed: 20 bp
Running FastQC on the data once trimming has completed
Output file(s) will be GZIP compressed

Cutadapt seems to be fairly up-to-date (version 4.1). Setting -j 2
Writing final adapter and quality trimmed output to SC2297_R1_trimmed.fq.gz


  >>> Now performing quality (cutoff '-q 20') and adapter trimming in a single pass for the adapter sequence: 'AGATCGGAAGAGC' from file SC2297/host_removal/SC2297_R1.fastq.gz <<< 
This is cutadapt 4.1 with Python 3.9.13
Command line parameters: -j 2 -e 0.1 -q 20 -O 1 -a AGATCGGAAGAGC SC2297/host_removal/SC2297_R1.fastq.gz
Processing single-end reads on 2 cores ...
Finished in 23.38 s (34 µs/read; 1.75 M reads/minute).

=== Summary ===

Total reads processed:                 680,428
Reads with adapters:                   259,840 (38.2%)
Reads written (passing filters):       680,428 (100.0%)

Total basepairs processed:   170,787,428 bp
Quality-trimmed:               3,248,170 bp (1.9%)
Total written (filtered):    164,435,004 bp (96.3%)

=== Adapter 1 ===

Sequence: AGATCGGAAGAGC; Type: regular 3'; Length: 13; Trimmed: 259840 times

Minimum overlap: 1
No. of allowed errors:
1-9 bp: 0; 10-13 bp: 1

Bases preceding removed adapters:
  A: 31.6%
  C: 14.3%
  G: 8.2%
  T: 44.9%
  none/other: 1.0%

Overview of removed sequences
length	count	expect	max.err	error counts
1	145334	170107.0	0	145334
2	56838	42526.8	0	56838
3	3936	10631.7	0	3936
4	831	2657.9	0	831
5	283	664.5	0	283
6	598	166.1	0	598
7	13886	41.5	0	13886
8	375	10.4	0	375
9	591	2.6	0	590 1
10	433	0.6	1	408 25
11	137	0.2	1	123 14
12	175	0.0	1	154 21
13	140	0.0	1	123 17
14	111	0.0	1	94 17
15	112	0.0	1	104 8
16	53	0.0	1	49 4
17	107	0.0	1	94 13
18	156	0.0	1	144 12
19	144	0.0	1	124 20
20	955	0.0	1	916 39
21	840	0.0	1	801 39
22	267	0.0	1	245 22
23	193	0.0	1	173 20
24	1553	0.0	1	1491 62
25	411	0.0	1	375 36
26	108	0.0	1	87 21
27	223	0.0	1	194 29
28	2048	0.0	1	1967 81
29	929	0.0	1	893 36
30	389	0.0	1	366 23
31	109	0.0	1	87 22
32	187	0.0	1	172 15
33	49	0.0	1	34 15
34	147	0.0	1	122 25
35	107	0.0	1	86 21
36	108	0.0	1	93 15
37	1508	0.0	1	1445 63
38	160	0.0	1	136 24
39	108	0.0	1	98 10
40	108	0.0	1	93 15
41	65	0.0	1	59 6
42	119	0.0	1	100 19
43	327	0.0	1	291 36
44	200	0.0	1	184 16
45	222	0.0	1	210 12
46	78	0.0	1	64 14
47	141	0.0	1	106 35
48	62	0.0	1	48 14
49	209	0.0	1	188 21
50	83	0.0	1	72 11
51	174	0.0	1	159 15
52	134	0.0	1	108 26
53	104	0.0	1	79 25
54	164	0.0	1	126 38
55	96	0.0	1	84 12
56	70	0.0	1	52 18
57	104	0.0	1	90 14
58	68	0.0	1	63 5
59	108	0.0	1	96 12
60	88	0.0	1	76 12
61	63	0.0	1	57 6
62	55	0.0	1	48 7
63	98	0.0	1	88 10
64	59	0.0	1	53 6
65	78	0.0	1	67 11
66	151	0.0	1	136 15
67	61	0.0	1	48 13
68	87	0.0	1	74 13
69	147	0.0	1	116 31
70	174	0.0	1	153 21
71	187	0.0	1	169 18
72	283	0.0	1	238 45
73	468	0.0	1	391 77
74	714	0.0	1	583 131
75	1375	0.0	1	1121 254
76	3298	0.0	1	3003 295
77	2397	0.0	1	2195 202
78	1477	0.0	1	1346 131
79	885	0.0	1	778 107
80	619	0.0	1	536 83
81	441	0.0	1	382 59
82	318	0.0	1	262 56
83	279	0.0	1	237 42
84	241	0.0	1	189 52
85	207	0.0	1	173 34
86	195	0.0	1	161 34
87	194	0.0	1	158 36
88	165	0.0	1	134 31
89	135	0.0	1	109 26
90	120	0.0	1	107 13
91	96	0.0	1	88 8
92	115	0.0	1	101 14
93	168	0.0	1	148 20
94	1147	0.0	1	1112 35
95	176	0.0	1	158 18
96	144	0.0	1	123 21
97	94	0.0	1	81 13
98	72	0.0	1	67 5
99	60	0.0	1	54 6
100	54	0.0	1	49 5
101	63	0.0	1	56 7
102	52	0.0	1	47 5
103	47	0.0	1	39 8
104	41	0.0	1	34 7
105	64	0.0	1	48 16
106	62	0.0	1	44 18
107	70	0.0	1	59 11
108	68	0.0	1	61 7
109	69	0.0	1	56 13
110	47	0.0	1	33 14
111	49	0.0	1	35 14
112	54	0.0	1	41 13
113	72	0.0	1	58 14
114	73	0.0	1	59 14
115	49	0.0	1	35 14
116	67	0.0	1	53 14
117	52	0.0	1	37 15
118	36	0.0	1	29 7
119	38	0.0	1	31 7
120	28	0.0	1	24 4
121	38	0.0	1	26 12
122	34	0.0	1	24 10
123	46	0.0	1	36 10
124	27	0.0	1	21 6
125	34	0.0	1	30 4
126	28	0.0	1	22 6
127	61	0.0	1	52 9
128	42	0.0	1	34 8
129	49	0.0	1	40 9
130	25	0.0	1	22 3
131	23	0.0	1	15 8
132	26	0.0	1	19 7
133	34	0.0	1	28 6
134	59	0.0	1	52 7
135	31	0.0	1	24 7
136	46	0.0	1	39 7
137	42	0.0	1	26 16
138	38	0.0	1	28 10
139	19	0.0	1	14 5
140	15	0.0	1	10 5
141	23	0.0	1	18 5
142	26	0.0	1	15 11
143	18	0.0	1	13 5
144	20	0.0	1	15 5
145	26	0.0	1	20 6
146	26	0.0	1	18 8
147	46	0.0	1	36 10
148	25	0.0	1	18 7
149	35	0.0	1	24 11
150	23	0.0	1	16 7
151	24	0.0	1	17 7
152	20	0.0	1	16 4
153	22	0.0	1	20 2
154	44	0.0	1	37 7
155	31	0.0	1	22 9
156	74	0.0	1	61 13
157	24	0.0	1	19 5
158	24	0.0	1	15 9
159	22	0.0	1	14 8
160	31	0.0	1	27 4
161	27	0.0	1	11 16
162	17	0.0	1	9 8
163	17	0.0	1	11 6
164	18	0.0	1	13 5
165	19	0.0	1	11 8
166	19	0.0	1	14 5
167	28	0.0	1	23 5
168	36	0.0	1	24 12
169	29	0.0	1	21 8
170	25	0.0	1	20 5
171	12	0.0	1	9 3
172	30	0.0	1	22 8
173	27	0.0	1	20 7
174	26	0.0	1	17 9
175	36	0.0	1	27 9
176	30	0.0	1	22 8
177	17	0.0	1	9 8
178	15	0.0	1	10 5
179	28	0.0	1	14 14
180	20	0.0	1	12 8
181	27	0.0	1	23 4
182	18	0.0	1	13 5
183	11	0.0	1	8 3
184	18	0.0	1	17 1
185	33	0.0	1	27 6
186	25	0.0	1	17 8
187	29	0.0	1	22 7
188	51	0.0	1	42 9
189	63	0.0	1	56 7
190	50	0.0	1	43 7
191	55	0.0	1	47 8
192	39	0.0	1	34 5
193	41	0.0	1	39 2
194	42	0.0	1	39 3
195	19	0.0	1	18 1
196	27	0.0	1	24 3
197	44	0.0	1	38 6
198	45	0.0	1	40 5
199	41	0.0	1	39 2
200	38	0.0	1	34 4
201	36	0.0	1	34 2
202	63	0.0	1	59 4
203	110	0.0	1	106 4
204	52	0.0	1	46 6
205	67	0.0	1	64 3
206	101	0.0	1	96 5
207	95	0.0	1	89 6
208	98	0.0	1	96 2
209	88	0.0	1	84 4
210	94	0.0	1	91 3
211	58	0.0	1	58
212	30	0.0	1	30
213	35	0.0	1	31 4
214	37	0.0	1	34 3
215	32	0.0	1	30 2
216	6	0.0	1	5 1
217	22	0.0	1	20 2
218	5	0.0	1	4 1
219	3	0.0	1	2 1
220	3	0.0	1	2 1
221	4	0.0	1	4
222	3	0.0	1	3
223	1	0.0	1	0 1
224	2	0.0	1	1 1
225	1	0.0	1	1
226	3	0.0	1	3
227	3	0.0	1	3
228	5	0.0	1	5
229	1	0.0	1	1
230	2	0.0	1	1 1
231	2	0.0	1	2
232	2	0.0	1	1 1
233	2	0.0	1	2
234	8	0.0	1	8
235	1	0.0	1	1
236	2	0.0	1	1 1
237	1	0.0	1	0 1
238	3	0.0	1	2 1
239	4	0.0	1	2 2
240	1	0.0	1	0 1
241	3	0.0	1	2 1
242	2	0.0	1	0 2
243	1	0.0	1	0 1
244	4	0.0	1	0 4
245	3	0.0	1	0 3
246	4	0.0	1	0 4
247	7	0.0	1	0 7
248	10	0.0	1	0 10
249	15	0.0	1	0 15
250	34	0.0	1	0 34
251	617	0.0	1	0 617

RUN STATISTICS FOR INPUT FILE: SC2297/host_removal/SC2297_R1.fastq.gz
=============================================
680428 sequences processed in total
The length threshold of paired-end sequences gets evaluated later on (in the validation step)

Writing report to '/workspace/home/nasirja/covid-19-signal/subset_viral_7_results_dir/SC2297/adapter_trimmed/SC2297_R2.fastq.gz_trimming_report.txt'

SUMMARISING RUN PARAMETERS
==========================
Input filename: SC2297/host_removal/SC2297_R2.fastq.gz
Trimming mode: paired-end
Trim Galore version: 0.6.4_dev
Cutadapt version: 4.1
Python version: could not detect
Number of cores used for trimming: 2
Quality Phred score cutoff: 20
Quality encoding type selected: ASCII+33
Adapter sequence: 'AGATCGGAAGAGC' (Illumina TruSeq, Sanger iPCR; auto-detected)
Maximum trimming error rate: 0.1 (default)
Minimum required adapter overlap (stringency): 1 bp
Minimum required sequence length for both reads before a sequence pair gets removed: 20 bp
Running FastQC on the data once trimming has completed
Output file(s) will be GZIP compressed

Cutadapt seems to be fairly up-to-date (version 4.1). Setting -j -j 2
Writing final adapter and quality trimmed output to SC2297_R2_trimmed.fq.gz


  >>> Now performing quality (cutoff '-q 20') and adapter trimming in a single pass for the adapter sequence: 'AGATCGGAAGAGC' from file SC2297/host_removal/SC2297_R2.fastq.gz <<< 
This is cutadapt 4.1 with Python 3.9.13
Command line parameters: -j 2 -e 0.1 -q 20 -O 1 -a AGATCGGAAGAGC SC2297/host_removal/SC2297_R2.fastq.gz
Processing single-end reads on 2 cores ...
Finished in 23.63 s (35 µs/read; 1.73 M reads/minute).

=== Summary ===

Total reads processed:                 680,428
Reads with adapters:                   263,028 (38.7%)
Reads written (passing filters):       680,428 (100.0%)

Total basepairs processed:   170,787,428 bp
Quality-trimmed:               6,479,136 bp (3.8%)
Total written (filtered):    161,809,218 bp (94.7%)

=== Adapter 1 ===

Sequence: AGATCGGAAGAGC; Type: regular 3'; Length: 13; Trimmed: 263028 times

Minimum overlap: 1
No. of allowed errors:
1-9 bp: 0; 10-13 bp: 1

Bases preceding removed adapters:
  A: 35.2%
  C: 14.8%
  G: 8.3%
  T: 40.5%
  none/other: 1.2%

Overview of removed sequences
length	count	expect	max.err	error counts
1	162704	170107.0	0	162704
2	47574	42526.8	0	47574
3	4461	10631.7	0	4461
4	930	2657.9	0	930
5	314	664.5	0	314
6	569	166.1	0	569
7	13144	41.5	0	13144
8	221	10.4	0	221
9	494	2.6	0	492 2
10	466	0.6	1	415 51
11	127	0.2	1	103 24
12	211	0.0	1	189 22
13	104	0.0	1	89 15
14	237	0.0	1	209 28
15	89	0.0	1	77 12
16	96	0.0	1	84 12
17	340	0.0	1	319 21
18	101	0.0	1	87 14
19	365	0.0	1	338 27
20	706	0.0	1	653 53
21	274	0.0	1	253 21
22	178	0.0	1	161 17
23	291	0.0	1	265 26
24	1915	0.0	1	1791 124
25	127	0.0	1	107 20
26	370	0.0	1	348 22
27	344	0.0	1	300 44
28	2215	0.0	1	2084 131
29	222	0.0	1	180 42
30	502	0.0	1	461 41
31	58	0.0	1	51 7
32	204	0.0	1	175 29
33	158	0.0	1	137 21
34	382	0.0	1	343 39
35	110	0.0	1	96 14
36	752	0.0	1	730 22
37	449	0.0	1	420 29
38	310	0.0	1	285 25
39	123	0.0	1	109 14
40	191	0.0	1	169 22
41	145	0.0	1	128 17
42	186	0.0	1	173 13
43	152	0.0	1	140 12
44	292	0.0	1	277 15
45	437	0.0	1	407 30
46	360	0.0	1	337 23
47	396	0.0	1	370 26
48	293	0.0	1	275 18
49	245	0.0	1	234 11
50	191	0.0	1	176 15
51	199	0.0	1	185 14
52	111	0.0	1	105 6
53	166	0.0	1	158 8
54	361	0.0	1	347 14
55	142	0.0	1	132 10
56	255	0.0	1	244 11
57	555	0.0	1	539 16
58	392	0.0	1	374 18
59	98	0.0	1	88 10
60	298	0.0	1	284 14
61	155	0.0	1	148 7
62	103	0.0	1	97 6
63	268	0.0	1	258 10
64	149	0.0	1	143 6
65	65	0.0	1	60 5
66	49	0.0	1	47 2
67	48	0.0	1	44 4
68	58	0.0	1	53 5
69	57	0.0	1	50 7
70	55	0.0	1	47 8
71	50	0.0	1	43 7
72	83	0.0	1	70 13
73	103	0.0	1	83 20
74	148	0.0	1	121 27
75	229	0.0	1	175 54
76	370	0.0	1	291 79
77	558	0.0	1	411 147
78	864	0.0	1	646 218
79	1229	0.0	1	837 392
80	2045	0.0	1	1705 340
81	1312	0.0	1	1084 228
82	768	0.0	1	624 144
83	512	0.0	1	419 93
84	359	0.0	1	285 74
85	255	0.0	1	202 53
86	210	0.0	1	164 46
87	168	0.0	1	116 52
88	150	0.0	1	112 38
89	129	0.0	1	95 34
90	110	0.0	1	84 26
91	95	0.0	1	76 19
92	72	0.0	1	57 15
93	97	0.0	1	80 17
94	859	0.0	1	809 50
95	104	0.0	1	85 19
96	98	0.0	1	80 18
97	41	0.0	1	27 14
98	49	0.0	1	37 12
99	42	0.0	1	32 10
100	36	0.0	1	26 10
101	35	0.0	1	31 4
102	28	0.0	1	20 8
103	38	0.0	1	28 10
104	31	0.0	1	28 3
105	44	0.0	1	35 9
106	45	0.0	1	30 15
107	49	0.0	1	40 9
108	37	0.0	1	25 12
109	28	0.0	1	21 7
110	27	0.0	1	21 6
111	31	0.0	1	26 5
112	24	0.0	1	17 7
113	30	0.0	1	18 12
114	39	0.0	1	30 9
115	25	0.0	1	15 10
116	22	0.0	1	14 8
117	29	0.0	1	20 9
118	15	0.0	1	8 7
119	16	0.0	1	9 7
120	24	0.0	1	11 13
121	16	0.0	1	7 9
122	15	0.0	1	8 7
123	18	0.0	1	10 8
124	20	0.0	1	12 8
125	18	0.0	1	9 9
126	17	0.0	1	9 8
127	27	0.0	1	18 9
128	21	0.0	1	9 12
129	23	0.0	1	13 10
130	21	0.0	1	12 9
131	20	0.0	1	10 10
132	10	0.0	1	2 8
133	12	0.0	1	4 8
134	24	0.0	1	17 7
135	22	0.0	1	10 12
136	23	0.0	1	12 11
137	8	0.0	1	4 4
138	5	0.0	1	4 1
139	9	0.0	1	6 3
140	12	0.0	1	5 7
141	11	0.0	1	3 8
142	8	0.0	1	6 2
143	13	0.0	1	5 8
144	12	0.0	1	6 6
145	9	0.0	1	7 2
146	21	0.0	1	15 6
147	18	0.0	1	13 5
148	21	0.0	1	16 5
149	22	0.0	1	17 5
150	15	0.0	1	6 9
151	13	0.0	1	7 6
152	7	0.0	1	4 3
153	14	0.0	1	9 5
154	34	0.0	1	27 7
155	23	0.0	1	15 8
156	36	0.0	1	30 6
157	18	0.0	1	14 4
158	14	0.0	1	8 6
159	11	0.0	1	5 6
160	12	0.0	1	10 2
161	8	0.0	1	5 3
162	9	0.0	1	5 4
163	8	0.0	1	3 5
164	17	0.0	1	13 4
165	7	0.0	1	3 4
166	15	0.0	1	12 3
167	21	0.0	1	16 5
168	19	0.0	1	18 1
169	15	0.0	1	10 5
170	12	0.0	1	10 2
171	10	0.0	1	5 5
172	12	0.0	1	9 3
173	7	0.0	1	4 3
174	8	0.0	1	8
175	25	0.0	1	22 3
176	20	0.0	1	16 4
177	10	0.0	1	9 1
178	12	0.0	1	9 3
179	5	0.0	1	4 1
180	13	0.0	1	12 1
181	15	0.0	1	14 1
182	11	0.0	1	8 3
183	6	0.0	1	5 1
184	5	0.0	1	4 1
185	10	0.0	1	9 1
186	8	0.0	1	8
187	12	0.0	1	11 1
188	21	0.0	1	19 2
189	37	0.0	1	34 3
190	40	0.0	1	36 4
191	25	0.0	1	25
192	22	0.0	1	19 3
193	26	0.0	1	25 1
194	21	0.0	1	19 2
195	14	0.0	1	13 1
196	15	0.0	1	15
197	30	0.0	1	30
198	18	0.0	1	17 1
199	38	0.0	1	36 2
200	31	0.0	1	31
201	35	0.0	1	34 1
202	34	0.0	1	33 1
203	62	0.0	1	61 1
204	34	0.0	1	34
205	56	0.0	1	55 1
206	56	0.0	1	56
207	66	0.0	1	64 2
208	60	0.0	1	58 2
209	62	0.0	1	61 1
210	66	0.0	1	64 2
211	29	0.0	1	28 1
212	12	0.0	1	12
213	25	0.0	1	23 2
214	20	0.0	1	20
215	21	0.0	1	19 2
216	5	0.0	1	3 2
217	8	0.0	1	6 2
218	5	0.0	1	4 1
219	4	0.0	1	3 1
220	1	0.0	1	1
221	2	0.0	1	1 1
222	1	0.0	1	1
223	2	0.0	1	2
225	1	0.0	1	0 1
226	2	0.0	1	2
227	3	0.0	1	3
228	3	0.0	1	3
229	1	0.0	1	1
230	2	0.0	1	2
231	2	0.0	1	2
232	3	0.0	1	3
233	1	0.0	1	1
234	1	0.0	1	1
235	3	0.0	1	3
237	1	0.0	1	1
241	1	0.0	1	1
243	1	0.0	1	0 1
246	2	0.0	1	0 2
247	3	0.0	1	0 3
248	5	0.0	1	0 5
249	6	0.0	1	0 6
250	15	0.0	1	0 15
251	504	0.0	1	0 504

RUN STATISTICS FOR INPUT FILE: SC2297/host_removal/SC2297_R2.fastq.gz
=============================================
680428 sequences processed in total
The length threshold of paired-end sequences gets evaluated later on (in the validation step)

Validate paired-end files SC2297_R1_trimmed.fq.gz and SC2297_R2_trimmed.fq.gz
file_1: SC2297_R1_trimmed.fq.gz, file_2: SC2297_R2_trimmed.fq.gz


>>>>> Now validing the length of the 2 paired-end infiles: SC2297_R1_trimmed.fq.gz and SC2297_R2_trimmed.fq.gz <<<<<
Writing validated paired-end Read 1 reads to SC2297_R1_val_1.fq.gz
Writing validated paired-end Read 2 reads to SC2297_R2_val_2.fq.gz

Total number of sequences analysed: 680428

Number of sequence pairs removed because at least one read was shorter than the length cutoff (20 bp): 5079 (0.75%)


  >>> Now running FastQC on the validated data SC2297_R1_val_1.fq.gz<<<

Started analysis of SC2297_R1_val_1.fq.gz
Approx 5% complete for SC2297_R1_val_1.fq.gz
Approx 10% complete for SC2297_R1_val_1.fq.gz
Approx 15% complete for SC2297_R1_val_1.fq.gz
Approx 20% complete for SC2297_R1_val_1.fq.gz
Approx 25% complete for SC2297_R1_val_1.fq.gz
Approx 30% complete for SC2297_R1_val_1.fq.gz
Approx 35% complete for SC2297_R1_val_1.fq.gz
Approx 40% complete for SC2297_R1_val_1.fq.gz
Approx 45% complete for SC2297_R1_val_1.fq.gz
Approx 50% complete for SC2297_R1_val_1.fq.gz
Approx 55% complete for SC2297_R1_val_1.fq.gz
Approx 60% complete for SC2297_R1_val_1.fq.gz
Approx 65% complete for SC2297_R1_val_1.fq.gz
Approx 70% complete for SC2297_R1_val_1.fq.gz
Approx 75% complete for SC2297_R1_val_1.fq.gz
Approx 80% complete for SC2297_R1_val_1.fq.gz
Approx 85% complete for SC2297_R1_val_1.fq.gz
Approx 90% complete for SC2297_R1_val_1.fq.gz
Approx 95% complete for SC2297_R1_val_1.fq.gz

  >>> Now running FastQC on the validated data SC2297_R2_val_2.fq.gz<<<

Started analysis of SC2297_R2_val_2.fq.gz
Approx 5% complete for SC2297_R2_val_2.fq.gz
Approx 10% complete for SC2297_R2_val_2.fq.gz
Approx 15% complete for SC2297_R2_val_2.fq.gz
Approx 20% complete for SC2297_R2_val_2.fq.gz
Approx 25% complete for SC2297_R2_val_2.fq.gz
Approx 30% complete for SC2297_R2_val_2.fq.gz
Approx 35% complete for SC2297_R2_val_2.fq.gz
Approx 40% complete for SC2297_R2_val_2.fq.gz
Approx 45% complete for SC2297_R2_val_2.fq.gz
Approx 50% complete for SC2297_R2_val_2.fq.gz
Approx 55% complete for SC2297_R2_val_2.fq.gz
Approx 60% complete for SC2297_R2_val_2.fq.gz
Approx 65% complete for SC2297_R2_val_2.fq.gz
Approx 70% complete for SC2297_R2_val_2.fq.gz
Approx 75% complete for SC2297_R2_val_2.fq.gz
Approx 80% complete for SC2297_R2_val_2.fq.gz
Approx 85% complete for SC2297_R2_val_2.fq.gz
Approx 90% complete for SC2297_R2_val_2.fq.gz
Approx 95% complete for SC2297_R2_val_2.fq.gz
Deleting both intermediate output files SC2297_R1_trimmed.fq.gz and SC2297_R2_trimmed.fq.gz

====================================================================================================

