[M::bwa_idx_load_from_disk] read 0 ALT contigs
[M::process] read 79682 sequences (20000182 bp)...
[M::process] read 79682 sequences (20000182 bp)...
[M::mem_pestat] # candidate unique pairs for (FF, FR, RF, RR): (2, 39612, 16, 7)
[M::mem_pestat] skip orientation FF as there are not enough pairs
[M::mem_pestat] analyzing insert size distribution for orientation FR...
[M::mem_pestat] (25, 50, 75) percentile: (381, 387, 396)
[M::mem_pestat] low and high boundaries for computing mean and std.dev: (351, 426)
[M::mem_pestat] mean and std.dev: (389.75, 11.03)
[M::mem_pestat] low and high boundaries for proper pairs: (336, 441)
[M::mem_pestat] analyzing insert size distribution for orientation RF...
[M::mem_pestat] (25, 50, 75) percentile: (207, 233, 848)
[M::mem_pestat] low and high boundaries for computing mean and std.dev: (1, 2130)
[M::mem_pestat] mean and std.dev: (264.77, 170.60)
[M::mem_pestat] low and high boundaries for proper pairs: (1, 2771)
[M::mem_pestat] skip orientation RR as there are not enough pairs
[M::mem_pestat] skip orientation RF
[M::mem_process_seqs] Processed 79682 reads in 24.698 CPU sec, 15.244 real sec
[M::process] read 79682 sequences (20000182 bp)...
[M::mem_pestat] # candidate unique pairs for (FF, FR, RF, RR): (7, 39615, 18, 8)
[M::mem_pestat] skip orientation FF as there are not enough pairs
[M::mem_pestat] analyzing insert size distribution for orientation FR...
[M::mem_pestat] (25, 50, 75) percentile: (381, 387, 397)
[M::mem_pestat] low and high boundaries for computing mean and std.dev: (349, 429)
[M::mem_pestat] mean and std.dev: (389.80, 11.15)
[M::mem_pestat] low and high boundaries for proper pairs: (333, 445)
[M::mem_pestat] analyzing insert size distribution for orientation RF...
[M::mem_pestat] (25, 50, 75) percentile: (200, 233, 6750)
[M::mem_pestat] low and high boundaries for computing mean and std.dev: (1, 19850)
[M::mem_pestat] mean and std.dev: (2223.94, 3276.07)
[M::mem_pestat] low and high boundaries for proper pairs: (1, 26400)
[M::mem_pestat] skip orientation RR as there are not enough pairs
[M::mem_pestat] skip orientation RF
[M::mem_process_seqs] Processed 79682 reads in 17.931 CPU sec, 8.742 real sec
[M::process] read 79682 sequences (20000182 bp)...
[M::mem_pestat] # candidate unique pairs for (FF, FR, RF, RR): (3, 39558, 28, 4)
[M::mem_pestat] skip orientation FF as there are not enough pairs
[M::mem_pestat] analyzing insert size distribution for orientation FR...
[M::mem_pestat] (25, 50, 75) percentile: (381, 387, 396)
[M::mem_pestat] low and high boundaries for computing mean and std.dev: (351, 426)
[M::mem_pestat] mean and std.dev: (389.74, 11.08)
[M::mem_pestat] low and high boundaries for proper pairs: (336, 441)
[M::mem_pestat] analyzing insert size distribution for orientation RF...
[M::mem_pestat] (25, 50, 75) percentile: (228, 233, 1971)
[M::mem_pestat] low and high boundaries for computing mean and std.dev: (1, 5457)
[M::mem_pestat] mean and std.dev: (484.29, 637.93)
[M::mem_pestat] low and high boundaries for proper pairs: (1, 7200)
[M::mem_pestat] skip orientation RR as there are not enough pairs
[M::mem_pestat] skip orientation RF
[M::mem_process_seqs] Processed 79682 reads in 15.760 CPU sec, 20.638 real sec
[M::process] read 79682 sequences (20000182 bp)...
[M::mem_pestat] # candidate unique pairs for (FF, FR, RF, RR): (11, 39500, 34, 4)
[M::mem_pestat] analyzing insert size distribution for orientation FF...
[M::mem_pestat] (25, 50, 75) percentile: (3102, 3599, 6975)
[M::mem_pestat] low and high boundaries for computing mean and std.dev: (1, 14721)
[M::mem_pestat] mean and std.dev: (4511.09, 2697.41)
[M::mem_pestat] low and high boundaries for proper pairs: (1, 18594)
[M::mem_pestat] analyzing insert size distribution for orientation FR...
[M::mem_pestat] (25, 50, 75) percentile: (381, 387, 395)
[M::mem_pestat] low and high boundaries for computing mean and std.dev: (353, 423)
[M::mem_pestat] mean and std.dev: (389.68, 11.02)
[M::mem_pestat] low and high boundaries for proper pairs: (339, 437)
[M::mem_pestat] analyzing insert size distribution for orientation RF...
[M::mem_pestat] (25, 50, 75) percentile: (218, 242, 1023)
[M::mem_pestat] low and high boundaries for computing mean and std.dev: (1, 2633)
[M::mem_pestat] mean and std.dev: (442.04, 476.05)
[M::mem_pestat] low and high boundaries for proper pairs: (1, 3438)
[M::mem_pestat] skip orientation RR as there are not enough pairs
[M::mem_pestat] skip orientation FF
[M::mem_pestat] skip orientation RF
[M::mem_process_seqs] Processed 79682 reads in 15.474 CPU sec, 7.507 real sec
[M::process] read 79682 sequences (20000182 bp)...
[M::mem_pestat] # candidate unique pairs for (FF, FR, RF, RR): (6, 39510, 33, 7)
[M::mem_pestat] skip orientation FF as there are not enough pairs
[M::mem_pestat] analyzing insert size distribution for orientation FR...
[M::mem_pestat] (25, 50, 75) percentile: (381, 387, 396)
[M::mem_pestat] low and high boundaries for computing mean and std.dev: (351, 426)
[M::mem_pestat] mean and std.dev: (389.72, 11.15)
[M::mem_pestat] low and high boundaries for proper pairs: (336, 441)
[M::mem_pestat] analyzing insert size distribution for orientation RF...
[M::mem_pestat] (25, 50, 75) percentile: (207, 233, 663)
[M::mem_pestat] low and high boundaries for computing mean and std.dev: (1, 1575)
[M::mem_pestat] mean and std.dev: (281.36, 200.71)
[M::mem_pestat] low and high boundaries for proper pairs: (1, 2031)
[M::mem_pestat] skip orientation RR as there are not enough pairs
[M::mem_pestat] skip orientation RF
[M::mem_process_seqs] Processed 79682 reads in 18.616 CPU sec, 8.980 real sec
[M::process] read 79682 sequences (20000182 bp)...
[M::mem_pestat] # candidate unique pairs for (FF, FR, RF, RR): (2, 39598, 28, 11)
[M::mem_pestat] skip orientation FF as there are not enough pairs
[M::mem_pestat] analyzing insert size distribution for orientation FR...
[M::mem_pestat] (25, 50, 75) percentile: (381, 387, 395)
[M::mem_pestat] low and high boundaries for computing mean and std.dev: (353, 423)
[M::mem_pestat] mean and std.dev: (389.74, 11.07)
[M::mem_pestat] low and high boundaries for proper pairs: (339, 437)
[M::mem_pestat] analyzing insert size distribution for orientation RF...
[M::mem_pestat] (25, 50, 75) percentile: (208, 233, 268)
[M::mem_pestat] low and high boundaries for computing mean and std.dev: (88, 388)
[M::mem_pestat] mean and std.dev: (215.50, 33.22)
[M::mem_pestat] low and high boundaries for proper pairs: (28, 448)
[M::mem_pestat] analyzing insert size distribution for orientation RR...
[M::mem_pestat] (25, 50, 75) percentile: (2057, 3443, 5499)
[M::mem_pestat] low and high boundaries for computing mean and std.dev: (1, 12383)
[M::mem_pestat] mean and std.dev: (3467.18, 2311.06)
[M::mem_pestat] low and high boundaries for proper pairs: (1, 15825)
[M::mem_pestat] skip orientation RF
[M::mem_pestat] skip orientation RR
[M::mem_process_seqs] Processed 79682 reads in 19.204 CPU sec, 9.370 real sec
[M::process] read 79682 sequences (20000182 bp)...
[M::mem_pestat] # candidate unique pairs for (FF, FR, RF, RR): (4, 39566, 20, 6)
[M::mem_pestat] skip orientation FF as there are not enough pairs
[M::mem_pestat] analyzing insert size distribution for orientation FR...
[M::mem_pestat] (25, 50, 75) percentile: (381, 387, 396)
[M::mem_pestat] low and high boundaries for computing mean and std.dev: (351, 426)
[M::mem_pestat] mean and std.dev: (389.76, 11.14)
[M::mem_pestat] low and high boundaries for proper pairs: (336, 441)
[M::mem_pestat] analyzing insert size distribution for orientation RF...
[M::mem_pestat] (25, 50, 75) percentile: (214, 237, 1954)
[M::mem_pestat] low and high boundaries for computing mean and std.dev: (1, 5434)
[M::mem_pestat] mean and std.dev: (689.05, 809.29)
[M::mem_pestat] low and high boundaries for proper pairs: (1, 7174)
[M::mem_pestat] skip orientation RR as there are not enough pairs
[M::mem_pestat] skip orientation RF
[M::mem_process_seqs] Processed 79682 reads in 19.738 CPU sec, 9.661 real sec
[M::process] read 6992 sequences (1754992 bp)...
[M::mem_pestat] # candidate unique pairs for (FF, FR, RF, RR): (6, 39520, 20, 6)
[M::mem_pestat] skip orientation FF as there are not enough pairs
[M::mem_pestat] analyzing insert size distribution for orientation FR...
[M::mem_pestat] (25, 50, 75) percentile: (381, 387, 397)
[M::mem_pestat] low and high boundaries for computing mean and std.dev: (349, 429)
[M::mem_pestat] mean and std.dev: (389.83, 11.15)
[M::mem_pestat] low and high boundaries for proper pairs: (333, 445)
[M::mem_pestat] analyzing insert size distribution for orientation RF...
[M::mem_pestat] (25, 50, 75) percentile: (224, 253, 2261)
[M::mem_pestat] low and high boundaries for computing mean and std.dev: (1, 6335)
[M::mem_pestat] mean and std.dev: (877.39, 1041.90)
[M::mem_pestat] low and high boundaries for proper pairs: (1, 8372)
[M::mem_pestat] skip orientation RR as there are not enough pairs
[M::mem_pestat] skip orientation RF
[M::mem_process_seqs] Processed 79682 reads in 16.023 CPU sec, 7.881 real sec
[M::mem_pestat] # candidate unique pairs for (FF, FR, RF, RR): (2, 3460, 2, 1)
[M::mem_pestat] skip orientation FF as there are not enough pairs
[M::mem_pestat] analyzing insert size distribution for orientation FR...
[M::mem_pestat] (25, 50, 75) percentile: (381, 387, 395)
[M::mem_pestat] low and high boundaries for computing mean and std.dev: (353, 423)
[M::mem_pestat] mean and std.dev: (389.77, 10.96)
[M::mem_pestat] low and high boundaries for proper pairs: (339, 437)
[M::mem_pestat] skip orientation RF as there are not enough pairs
[M::mem_pestat] skip orientation RR as there are not enough pairs
[M::mem_process_seqs] Processed 6992 reads in 1.546 CPU sec, 0.758 real sec
[main] Version: 0.7.17-r1188
[main] CMD: bwa mem -t 2 /workspace/lab/mcarthurlab/nasirja/covid-19-signal/data/composite_human_viral_reference.fna E16/raw_fastq/E16_R1.fastq.gz E16/raw_fastq/E16_R2.fastq.gz
[main] Real time: 96.727 sec; CPU: 154.150 sec
viral read count = 642376 (99.68%)
human read count = 0 (0.00%) 
unmapped read count = 2072 (0.32%)
