Path to Cutadapt set as: 'cutadapt' (default)
Cutadapt seems to be working fine (tested command 'cutadapt --version')
Cutadapt version: 4.1
Could not detect version of Python used by Cutadapt from the first line of Cutadapt (but found this: >>>#!/bin/sh<<<)
Letting the (modified) Cutadapt deal with the Python version instead
Parallel gzip (pigz) detected. Proceeding with multicore (de)compression using 2 cores

No quality encoding type selected. Assuming that the data provided uses Sanger encoded Phred scores (default)

Output will be written into the directory: /workspace/home/nasirja/covid-19-signal/subset_viral_7_results_dir/SC2189/adapter_trimmed/


AUTO-DETECTING ADAPTER TYPE
===========================
Attempting to auto-detect adapter type from the first 1 million sequences of the first file (>> SC2189/host_removal/SC2189_R1.fastq.gz <<)

Found perfect matches for the following adapter sequences:
Adapter type	Count	Sequence	Sequences analysed	Percentage
Illumina	10513	AGATCGGAAGAGC	603084	1.74
Nextera	0	CTGTCTCTTATA	603084	0.00
smallRNA	0	TGGAATTCTCGG	603084	0.00
Using Illumina adapter for trimming (count: 10513). Second best hit was Nextera (count: 0)

Writing report to '/workspace/home/nasirja/covid-19-signal/subset_viral_7_results_dir/SC2189/adapter_trimmed/SC2189_R1.fastq.gz_trimming_report.txt'

SUMMARISING RUN PARAMETERS
==========================
Input filename: SC2189/host_removal/SC2189_R1.fastq.gz
Trimming mode: paired-end
Trim Galore version: 0.6.4_dev
Cutadapt version: 4.1
Python version: could not detect
Number of cores used for trimming: 2
Quality Phred score cutoff: 20
Quality encoding type selected: ASCII+33
Adapter sequence: 'AGATCGGAAGAGC' (Illumina TruSeq, Sanger iPCR; auto-detected)
Maximum trimming error rate: 0.1 (default)
Minimum required adapter overlap (stringency): 1 bp
Minimum required sequence length for both reads before a sequence pair gets removed: 20 bp
Running FastQC on the data once trimming has completed
Output file(s) will be GZIP compressed

Cutadapt seems to be fairly up-to-date (version 4.1). Setting -j 2
Writing final adapter and quality trimmed output to SC2189_R1_trimmed.fq.gz


  >>> Now performing quality (cutoff '-q 20') and adapter trimming in a single pass for the adapter sequence: 'AGATCGGAAGAGC' from file SC2189/host_removal/SC2189_R1.fastq.gz <<< 
This is cutadapt 4.1 with Python 3.9.13
Command line parameters: -j 2 -e 0.1 -q 20 -O 1 -a AGATCGGAAGAGC SC2189/host_removal/SC2189_R1.fastq.gz
Processing single-end reads on 2 cores ...
Finished in 21.01 s (35 µs/read; 1.72 M reads/minute).

=== Summary ===

Total reads processed:                 603,084
Reads with adapters:                   221,437 (36.7%)
Reads written (passing filters):       603,084 (100.0%)

Total basepairs processed:   151,374,084 bp
Quality-trimmed:                 961,143 bp (0.6%)
Total written (filtered):    149,125,904 bp (98.5%)

=== Adapter 1 ===

Sequence: AGATCGGAAGAGC; Type: regular 3'; Length: 13; Trimmed: 221437 times

Minimum overlap: 1
No. of allowed errors:
1-9 bp: 0; 10-13 bp: 1

Bases preceding removed adapters:
  A: 32.8%
  C: 21.5%
  G: 12.4%
  T: 32.4%
  none/other: 0.9%

Overview of removed sequences
length	count	expect	max.err	error counts
1	143488	150771.0	0	143488
2	55028	37692.8	0	55028
3	6658	9423.2	0	6658
4	1816	2355.8	0	1816
5	88	588.9	0	88
6	121	147.2	0	121
7	975	36.8	0	975
8	76	9.2	0	76
9	138	2.3	0	138
10	146	0.6	1	135 11
11	63	0.1	1	59 4
12	160	0.0	1	155 5
13	106	0.0	1	100 6
14	68	0.0	1	61 7
15	100	0.0	1	97 3
16	62	0.0	1	60 2
17	103	0.0	1	98 5
18	100	0.0	1	97 3
19	64	0.0	1	62 2
20	84	0.0	1	82 2
21	58	0.0	1	51 7
22	85	0.0	1	80 5
23	76	0.0	1	74 2
24	542	0.0	1	525 17
25	211	0.0	1	204 7
26	50	0.0	1	49 1
27	99	0.0	1	95 4
28	164	0.0	1	158 6
29	75	0.0	1	70 5
30	131	0.0	1	126 5
31	110	0.0	1	102 8
32	117	0.0	1	114 3
33	30	0.0	1	28 2
34	99	0.0	1	95 4
35	49	0.0	1	47 2
36	96	0.0	1	88 8
37	95	0.0	1	87 8
38	136	0.0	1	128 8
39	14	0.0	1	11 3
40	73	0.0	1	69 4
41	202	0.0	1	195 7
42	93	0.0	1	88 5
43	105	0.0	1	101 4
44	40	0.0	1	38 2
45	77	0.0	1	73 4
46	42	0.0	1	38 4
47	106	0.0	1	93 13
48	37	0.0	1	37
49	94	0.0	1	89 5
50	39	0.0	1	39
51	155	0.0	1	147 8
52	76	0.0	1	70 6
53	97	0.0	1	92 5
54	119	0.0	1	112 7
55	62	0.0	1	58 4
56	34	0.0	1	31 3
57	70	0.0	1	68 2
58	40	0.0	1	38 2
59	83	0.0	1	82 1
60	39	0.0	1	36 3
61	35	0.0	1	35
62	22	0.0	1	19 3
63	44	0.0	1	43 1
64	34	0.0	1	32 2
65	56	0.0	1	52 4
66	43	0.0	1	41 2
67	18	0.0	1	16 2
68	36	0.0	1	34 2
69	56	0.0	1	48 8
70	73	0.0	1	65 8
71	55	0.0	1	51 4
72	103	0.0	1	92 11
73	146	0.0	1	117 29
74	245	0.0	1	198 47
75	508	0.0	1	357 151
76	1180	0.0	1	996 184
77	924	0.0	1	794 130
78	530	0.0	1	421 109
79	294	0.0	1	239 55
80	218	0.0	1	166 52
81	141	0.0	1	106 35
82	137	0.0	1	96 41
83	93	0.0	1	74 19
84	91	0.0	1	65 26
85	57	0.0	1	48 9
86	66	0.0	1	54 12
87	44	0.0	1	35 9
88	51	0.0	1	37 14
89	69	0.0	1	54 15
90	31	0.0	1	23 8
91	34	0.0	1	23 11
92	35	0.0	1	27 8
93	38	0.0	1	30 8
94	204	0.0	1	186 18
95	61	0.0	1	49 12
96	52	0.0	1	47 5
97	59	0.0	1	54 5
98	18	0.0	1	16 2
99	24	0.0	1	20 4
100	25	0.0	1	22 3
101	28	0.0	1	22 6
102	20	0.0	1	18 2
103	26	0.0	1	21 5
104	22	0.0	1	15 7
105	30	0.0	1	29 1
106	14	0.0	1	10 4
107	18	0.0	1	10 8
108	14	0.0	1	8 6
109	15	0.0	1	11 4
110	22	0.0	1	16 6
111	16	0.0	1	12 4
112	10	0.0	1	6 4
113	16	0.0	1	13 3
114	18	0.0	1	16 2
115	12	0.0	1	8 4
116	17	0.0	1	11 6
117	32	0.0	1	24 8
118	22	0.0	1	17 5
119	14	0.0	1	9 5
120	14	0.0	1	7 7
121	9	0.0	1	5 4
122	12	0.0	1	9 3
123	19	0.0	1	12 7
124	11	0.0	1	6 5
125	4	0.0	1	2 2
126	16	0.0	1	13 3
127	30	0.0	1	25 5
128	11	0.0	1	4 7
129	19	0.0	1	12 7
130	9	0.0	1	5 4
131	13	0.0	1	10 3
132	11	0.0	1	2 9
133	15	0.0	1	10 5
134	17	0.0	1	11 6
135	13	0.0	1	7 6
136	16	0.0	1	9 7
137	14	0.0	1	7 7
138	13	0.0	1	7 6
139	14	0.0	1	6 8
140	11	0.0	1	5 6
141	27	0.0	1	23 4
142	16	0.0	1	10 6
143	19	0.0	1	10 9
144	11	0.0	1	2 9
145	11	0.0	1	9 2
146	15	0.0	1	11 4
147	26	0.0	1	19 7
148	7	0.0	1	2 5
149	13	0.0	1	3 10
150	11	0.0	1	3 8
151	12	0.0	1	7 5
152	6	0.0	1	1 5
153	10	0.0	1	7 3
154	24	0.0	1	16 8
155	10	0.0	1	8 2
156	32	0.0	1	27 5
157	16	0.0	1	12 4
158	29	0.0	1	22 7
159	17	0.0	1	13 4
160	24	0.0	1	20 4
161	26	0.0	1	19 7
162	28	0.0	1	25 3
163	16	0.0	1	12 4
164	22	0.0	1	14 8
165	14	0.0	1	9 5
166	22	0.0	1	16 6
167	40	0.0	1	31 9
168	22	0.0	1	16 6
169	36	0.0	1	27 9
170	31	0.0	1	23 8
171	20	0.0	1	15 5
172	22	0.0	1	13 9
173	16	0.0	1	10 6
174	10	0.0	1	6 4
175	18	0.0	1	11 7
176	13	0.0	1	11 2
177	10	0.0	1	5 5
178	7	0.0	1	4 3
179	13	0.0	1	5 8
180	5	0.0	1	4 1
181	3	0.0	1	1 2
182	2	0.0	1	1 1
183	6	0.0	1	4 2
184	12	0.0	1	9 3
185	19	0.0	1	16 3
186	4	0.0	1	2 2
187	14	0.0	1	11 3
188	5	0.0	1	3 2
189	8	0.0	1	2 6
190	6	0.0	1	6
191	6	0.0	1	0 6
192	5	0.0	1	1 4
193	6	0.0	1	5 1
194	3	0.0	1	1 2
195	6	0.0	1	4 2
197	6	0.0	1	6
198	7	0.0	1	4 3
199	3	0.0	1	1 2
200	2	0.0	1	1 1
201	5	0.0	1	2 3
202	4	0.0	1	2 2
203	3	0.0	1	1 2
204	2	0.0	1	1 1
205	2	0.0	1	1 1
206	1	0.0	1	0 1
207	3	0.0	1	2 1
208	7	0.0	1	6 1
209	2	0.0	1	1 1
210	4	0.0	1	4
211	3	0.0	1	0 3
212	4	0.0	1	4
213	2	0.0	1	2
214	5	0.0	1	4 1
215	1	0.0	1	1
216	4	0.0	1	2 2
217	1	0.0	1	0 1
218	1	0.0	1	1
219	1	0.0	1	1
220	2	0.0	1	1 1
221	4	0.0	1	3 1
222	1	0.0	1	1
223	6	0.0	1	6
224	3	0.0	1	2 1
225	1	0.0	1	1
226	6	0.0	1	6
227	5	0.0	1	4 1
228	5	0.0	1	5
229	6	0.0	1	6
230	4	0.0	1	4
231	5	0.0	1	4 1
232	5	0.0	1	4 1
233	3	0.0	1	3
234	1	0.0	1	0 1
235	2	0.0	1	1 1
236	2	0.0	1	1 1
237	4	0.0	1	3 1
238	1	0.0	1	1
239	2	0.0	1	1 1
240	4	0.0	1	3 1
241	5	0.0	1	5
242	1	0.0	1	0 1
243	3	0.0	1	1 2
244	5	0.0	1	2 3
245	6	0.0	1	2 4
246	3	0.0	1	1 2
247	7	0.0	1	1 6
248	6	0.0	1	1 5
249	14	0.0	1	3 11
250	15	0.0	1	0 15
251	424	0.0	1	2 422

RUN STATISTICS FOR INPUT FILE: SC2189/host_removal/SC2189_R1.fastq.gz
=============================================
603084 sequences processed in total
The length threshold of paired-end sequences gets evaluated later on (in the validation step)

Writing report to '/workspace/home/nasirja/covid-19-signal/subset_viral_7_results_dir/SC2189/adapter_trimmed/SC2189_R2.fastq.gz_trimming_report.txt'

SUMMARISING RUN PARAMETERS
==========================
Input filename: SC2189/host_removal/SC2189_R2.fastq.gz
Trimming mode: paired-end
Trim Galore version: 0.6.4_dev
Cutadapt version: 4.1
Python version: could not detect
Number of cores used for trimming: 2
Quality Phred score cutoff: 20
Quality encoding type selected: ASCII+33
Adapter sequence: 'AGATCGGAAGAGC' (Illumina TruSeq, Sanger iPCR; auto-detected)
Maximum trimming error rate: 0.1 (default)
Minimum required adapter overlap (stringency): 1 bp
Minimum required sequence length for both reads before a sequence pair gets removed: 20 bp
Running FastQC on the data once trimming has completed
Output file(s) will be GZIP compressed

Cutadapt seems to be fairly up-to-date (version 4.1). Setting -j -j 2
Writing final adapter and quality trimmed output to SC2189_R2_trimmed.fq.gz


  >>> Now performing quality (cutoff '-q 20') and adapter trimming in a single pass for the adapter sequence: 'AGATCGGAAGAGC' from file SC2189/host_removal/SC2189_R2.fastq.gz <<< 
This is cutadapt 4.1 with Python 3.9.13
Command line parameters: -j 2 -e 0.1 -q 20 -O 1 -a AGATCGGAAGAGC SC2189/host_removal/SC2189_R2.fastq.gz
Processing single-end reads on 2 cores ...
Finished in 22.67 s (38 µs/read; 1.60 M reads/minute).

=== Summary ===

Total reads processed:                 603,084
Reads with adapters:                   212,425 (35.2%)
Reads written (passing filters):       603,084 (100.0%)

Total basepairs processed:   151,374,084 bp
Quality-trimmed:               1,975,352 bp (1.3%)
Total written (filtered):    148,251,704 bp (97.9%)

=== Adapter 1 ===

Sequence: AGATCGGAAGAGC; Type: regular 3'; Length: 13; Trimmed: 212425 times

Minimum overlap: 1
No. of allowed errors:
1-9 bp: 0; 10-13 bp: 1

Bases preceding removed adapters:
  A: 35.4%
  C: 20.8%
  G: 12.4%
  T: 30.4%
  none/other: 1.1%

Overview of removed sequences
length	count	expect	max.err	error counts
1	140436	150771.0	0	140436
2	49232	37692.8	0	49232
3	7149	9423.2	0	7149
4	1288	2355.8	0	1288
5	75	588.9	0	75
6	110	147.2	0	110
7	1010	36.8	0	1010
8	51	9.2	0	51
9	143	2.3	0	142 1
10	170	0.6	1	164 6
11	38	0.1	1	36 2
12	189	0.0	1	176 13
13	23	0.0	1	21 2
14	154	0.0	1	149 5
15	57	0.0	1	54 3
16	56	0.0	1	51 5
17	158	0.0	1	152 6
18	28	0.0	1	27 1
19	113	0.0	1	111 2
20	52	0.0	1	46 6
21	16	0.0	1	16
22	74	0.0	1	72 2
23	102	0.0	1	95 7
24	703	0.0	1	687 16
25	29	0.0	1	29
26	94	0.0	1	90 4
27	136	0.0	1	132 4
28	176	0.0	1	170 6
29	29	0.0	1	23 6
30	210	0.0	1	203 7
31	19	0.0	1	16 3
32	106	0.0	1	100 6
33	92	0.0	1	86 6
34	45	0.0	1	41 4
35	99	0.0	1	94 5
36	255	0.0	1	243 12
37	124	0.0	1	119 5
38	58	0.0	1	55 3
39	67	0.0	1	66 1
40	92	0.0	1	89 3
41	206	0.0	1	195 11
42	385	0.0	1	375 10
43	111	0.0	1	106 5
44	246	0.0	1	234 12
45	273	0.0	1	267 6
46	170	0.0	1	164 6
47	314	0.0	1	308 6
48	194	0.0	1	188 6
49	103	0.0	1	99 4
50	59	0.0	1	57 2
51	68	0.0	1	66 2
52	49	0.0	1	44 5
53	124	0.0	1	122 2
54	207	0.0	1	200 7
55	65	0.0	1	60 5
56	129	0.0	1	119 10
57	371	0.0	1	364 7
58	175	0.0	1	172 3
59	49	0.0	1	43 6
60	134	0.0	1	132 2
61	60	0.0	1	59 1
62	24	0.0	1	21 3
63	116	0.0	1	109 7
64	56	0.0	1	54 2
65	26	0.0	1	25 1
66	19	0.0	1	17 2
67	15	0.0	1	13 2
68	21	0.0	1	17 4
69	25	0.0	1	23 2
70	19	0.0	1	19
71	23	0.0	1	23
72	30	0.0	1	29 1
73	54	0.0	1	47 7
74	65	0.0	1	55 10
75	76	0.0	1	63 13
76	125	0.0	1	97 28
77	208	0.0	1	136 72
78	326	0.0	1	224 102
79	557	0.0	1	300 257
80	844	0.0	1	544 300
81	560	0.0	1	353 207
82	307	0.0	1	166 141
83	194	0.0	1	108 86
84	128	0.0	1	58 70
85	74	0.0	1	38 36
86	62	0.0	1	28 34
87	36	0.0	1	19 17
88	49	0.0	1	21 28
89	44	0.0	1	28 16
90	35	0.0	1	20 15
91	29	0.0	1	14 15
92	23	0.0	1	14 9
93	21	0.0	1	10 11
94	126	0.0	1	111 15
95	31	0.0	1	18 13
96	36	0.0	1	22 14
97	38	0.0	1	32 6
98	17	0.0	1	10 7
99	13	0.0	1	8 5
100	14	0.0	1	9 5
101	13	0.0	1	5 8
102	13	0.0	1	9 4
103	8	0.0	1	5 3
104	10	0.0	1	4 6
105	30	0.0	1	22 8
106	7	0.0	1	4 3
107	13	0.0	1	7 6
108	14	0.0	1	5 9
109	11	0.0	1	7 4
110	9	0.0	1	4 5
111	14	0.0	1	8 6
112	8	0.0	1	6 2
113	11	0.0	1	6 5
114	7	0.0	1	3 4
115	7	0.0	1	3 4
116	15	0.0	1	7 8
117	5	0.0	1	3 2
118	15	0.0	1	8 7
119	10	0.0	1	3 7
120	7	0.0	1	4 3
121	6	0.0	1	2 4
122	9	0.0	1	4 5
123	8	0.0	1	6 2
124	9	0.0	1	5 4
125	8	0.0	1	4 4
126	6	0.0	1	3 3
127	24	0.0	1	16 8
128	7	0.0	1	4 3
129	8	0.0	1	4 4
130	13	0.0	1	7 6
131	9	0.0	1	6 3
132	6	0.0	1	1 5
133	4	0.0	1	1 3
134	10	0.0	1	5 5
135	4	0.0	1	3 1
136	6	0.0	1	3 3
137	7	0.0	1	2 5
138	9	0.0	1	2 7
139	6	0.0	1	2 4
140	15	0.0	1	5 10
141	25	0.0	1	21 4
142	7	0.0	1	3 4
143	7	0.0	1	4 3
144	10	0.0	1	3 7
145	15	0.0	1	11 4
146	15	0.0	1	10 5
147	15	0.0	1	10 5
148	4	0.0	1	2 2
149	5	0.0	1	1 4
150	7	0.0	1	2 5
151	7	0.0	1	5 2
152	10	0.0	1	3 7
153	10	0.0	1	5 5
154	14	0.0	1	8 6
155	9	0.0	1	4 5
156	20	0.0	1	15 5
157	11	0.0	1	10 1
158	15	0.0	1	10 5
159	18	0.0	1	12 6
160	17	0.0	1	15 2
161	18	0.0	1	15 3
162	25	0.0	1	22 3
163	24	0.0	1	20 4
164	24	0.0	1	18 6
165	8	0.0	1	7 1
166	14	0.0	1	9 5
167	13	0.0	1	10 3
168	14	0.0	1	13 1
169	12	0.0	1	9 3
170	12	0.0	1	10 2
171	5	0.0	1	3 2
172	15	0.0	1	14 1
173	5	0.0	1	4 1
174	9	0.0	1	5 4
175	6	0.0	1	5 1
176	11	0.0	1	9 2
177	2	0.0	1	0 2
178	4	0.0	1	2 2
179	3	0.0	1	3
180	4	0.0	1	4
181	4	0.0	1	3 1
182	2	0.0	1	2
183	6	0.0	1	1 5
184	5	0.0	1	3 2
185	17	0.0	1	17
186	4	0.0	1	1 3
187	4	0.0	1	3 1
188	3	0.0	1	2 1
190	3	0.0	1	2 1
192	2	0.0	1	2
193	4	0.0	1	4
195	1	0.0	1	1
197	4	0.0	1	4
198	1	0.0	1	1
199	2	0.0	1	2
202	1	0.0	1	0 1
203	2	0.0	1	2
205	2	0.0	1	0 2
206	2	0.0	1	0 2
208	3	0.0	1	2 1
209	1	0.0	1	1
210	3	0.0	1	3
212	2	0.0	1	1 1
213	2	0.0	1	2
214	1	0.0	1	1
215	2	0.0	1	2
217	1	0.0	1	1
218	2	0.0	1	2
219	1	0.0	1	1
220	1	0.0	1	1
221	1	0.0	1	1
222	1	0.0	1	1
224	3	0.0	1	2 1
225	3	0.0	1	3
226	2	0.0	1	2
227	1	0.0	1	1
228	1	0.0	1	1
229	1	0.0	1	1
230	7	0.0	1	7
231	1	0.0	1	1
232	5	0.0	1	5
233	5	0.0	1	5
235	1	0.0	1	1
238	4	0.0	1	4
239	5	0.0	1	5
240	1	0.0	1	1
241	4	0.0	1	4
242	1	0.0	1	1
244	2	0.0	1	1 1
245	2	0.0	1	2
246	1	0.0	1	0 1
247	2	0.0	1	0 2
248	2	0.0	1	0 2
249	6	0.0	1	3 3
250	9	0.0	1	0 9
251	380	0.0	1	0 380

RUN STATISTICS FOR INPUT FILE: SC2189/host_removal/SC2189_R2.fastq.gz
=============================================
603084 sequences processed in total
The length threshold of paired-end sequences gets evaluated later on (in the validation step)

Validate paired-end files SC2189_R1_trimmed.fq.gz and SC2189_R2_trimmed.fq.gz
file_1: SC2189_R1_trimmed.fq.gz, file_2: SC2189_R2_trimmed.fq.gz


>>>>> Now validing the length of the 2 paired-end infiles: SC2189_R1_trimmed.fq.gz and SC2189_R2_trimmed.fq.gz <<<<<
Writing validated paired-end Read 1 reads to SC2189_R1_val_1.fq.gz
Writing validated paired-end Read 2 reads to SC2189_R2_val_2.fq.gz

Total number of sequences analysed: 603084

Number of sequence pairs removed because at least one read was shorter than the length cutoff (20 bp): 4019 (0.67%)


  >>> Now running FastQC on the validated data SC2189_R1_val_1.fq.gz<<<

Started analysis of SC2189_R1_val_1.fq.gz
Approx 5% complete for SC2189_R1_val_1.fq.gz
Approx 10% complete for SC2189_R1_val_1.fq.gz
Approx 15% complete for SC2189_R1_val_1.fq.gz
Approx 20% complete for SC2189_R1_val_1.fq.gz
Approx 25% complete for SC2189_R1_val_1.fq.gz
Approx 30% complete for SC2189_R1_val_1.fq.gz
Approx 35% complete for SC2189_R1_val_1.fq.gz
Approx 40% complete for SC2189_R1_val_1.fq.gz
Approx 45% complete for SC2189_R1_val_1.fq.gz
Approx 50% complete for SC2189_R1_val_1.fq.gz
Approx 55% complete for SC2189_R1_val_1.fq.gz
Approx 60% complete for SC2189_R1_val_1.fq.gz
Approx 65% complete for SC2189_R1_val_1.fq.gz
Approx 70% complete for SC2189_R1_val_1.fq.gz
Approx 75% complete for SC2189_R1_val_1.fq.gz
Approx 80% complete for SC2189_R1_val_1.fq.gz
Approx 85% complete for SC2189_R1_val_1.fq.gz
Approx 90% complete for SC2189_R1_val_1.fq.gz
Approx 95% complete for SC2189_R1_val_1.fq.gz

  >>> Now running FastQC on the validated data SC2189_R2_val_2.fq.gz<<<

Started analysis of SC2189_R2_val_2.fq.gz
Approx 5% complete for SC2189_R2_val_2.fq.gz
Approx 10% complete for SC2189_R2_val_2.fq.gz
Approx 15% complete for SC2189_R2_val_2.fq.gz
Approx 20% complete for SC2189_R2_val_2.fq.gz
Approx 25% complete for SC2189_R2_val_2.fq.gz
Approx 30% complete for SC2189_R2_val_2.fq.gz
Approx 35% complete for SC2189_R2_val_2.fq.gz
Approx 40% complete for SC2189_R2_val_2.fq.gz
Approx 45% complete for SC2189_R2_val_2.fq.gz
Approx 50% complete for SC2189_R2_val_2.fq.gz
Approx 55% complete for SC2189_R2_val_2.fq.gz
Approx 60% complete for SC2189_R2_val_2.fq.gz
Approx 65% complete for SC2189_R2_val_2.fq.gz
Approx 70% complete for SC2189_R2_val_2.fq.gz
Approx 75% complete for SC2189_R2_val_2.fq.gz
Approx 80% complete for SC2189_R2_val_2.fq.gz
Approx 85% complete for SC2189_R2_val_2.fq.gz
Approx 90% complete for SC2189_R2_val_2.fq.gz
Approx 95% complete for SC2189_R2_val_2.fq.gz
Deleting both intermediate output files SC2189_R1_trimmed.fq.gz and SC2189_R2_trimmed.fq.gz

====================================================================================================

