ARGUMENT 'distribution_file=SC2196/breseq/07_error_calibration/0.unique_only_coverage_distribution.tab' __ignored__

ARGUMENT 'plot_file=SC2196/breseq/output/calibration/0.unique_coverage.pdf' __ignored__

ARGUMENT 'deletion_propagation_pr_cutoff=0.000289143' __ignored__


R version 3.5.1 (2018-07-02) -- "Feather Spray"
Copyright (C) 2018 The R Foundation for Statistical Computing
Platform: x86_64-conda_cos6-linux-gnu (64-bit)

R is free software and comes with ABSOLUTELY NO WARRANTY.
You are welcome to redistribute it under certain conditions.
Type 'license()' or 'licence()' for distribution details.

  Natural language support but running in an English locale

R is a collaborative project with many contributors.
Type 'contributors()' for more information and
'citation()' on how to cite R or R packages in publications.

Type 'demo()' for some demos, 'help()' for on-line help, or
'help.start()' for an HTML browser interface to help.
Type 'q()' to quit R.

> ##
> ##
> ## AUTHORS
> ##
> ## Jeffrey E. Barrick <jeffrey.e.barrick@gmail.com>
> ##
> ## LICENSE AND COPYRIGHT
> ##
> ## Copyright (c) 2008-2010 Michigan State University
> ## Copyright (c) 2011-2017 The University of Texas at Austin
> ##
> ## breseq is free software; you can redistribute it and/or modify it under the
> ## terms the GNU General Public License as published by the Free Software
> ## Foundation; either version 1, or (at your option) any later version.
> ##
> ##
> 
> ## Arguments:
> ##   distribution_file=/path/to/input 
> ##   plot_file=/path/to/output 
> ##   deletion_propagation_pr_cutoff=float
> ##   plot_poisson=0 or 1
> ##   pdf_output=0 or 1
> 
> ## Returns these values printed out to output log
> ## 
> ##  1. print(nb_fit_size); # 0 if fit failed
> ##  2. print(nb_fit_mu);   # 0 if fit failed
> ##  3. print(m)q
> ##  4. print(v)
> ##  5. print(D)
> ##  6. print(deletion_propagation_coverage)
> ##     -1 if it was <1 after fitting (implying reference sequence is deleted)
> ##
> 
> plot_poisson = 0;
> pdf_output = 1;
> 
> this.print.level = 0
> #this.print.level = 2
> 
> for (e in commandArgs()) {
+   ta = strsplit(e,"=",fixed=TRUE)
+   if(! is.na(ta[[1]][2])) {
+     temp = ta[[1]][2]
+  #   temp = as.numeric(temp) #Im only inputting numbers so I added this to recognize scientific notation
+     if(substr(ta[[1]][1],nchar(ta[[1]][1]),nchar(ta[[1]][1])) == "I") {
+       temp = as.integer(temp)
+     }
+     if(substr(ta[[1]][1],nchar(ta[[1]][1]),nchar(ta[[1]][1])) == "N") {
+       temp = as.numeric(temp)
+     }
+     assign(ta[[1]][1],temp)
+     cat("assigned ",ta[[1]][1]," the value of |",temp,"|\n")
+   } else {
+     assign(ta[[1]][1],TRUE)
+     cat("assigned ",ta[[1]][1]," the value of TRUE\n")
+   }
+ }
assigned  /workspace/home/nasirja/covid-19-signal/.snakemake/conda/1f267c8dfdaa0356ebaad13adc66d00a/lib/R/bin/exec/R  the value of TRUE
assigned  --vanilla  the value of TRUE
assigned  distribution_file  the value of | SC2196/breseq/07_error_calibration/0.unique_only_coverage_distribution.tab |
assigned  plot_file  the value of | SC2196/breseq/output/calibration/0.unique_coverage.pdf |
assigned  deletion_propagation_pr_cutoff  the value of | 0.000289143 |
> 
> deletion_propagation_pr_cutoff = as.numeric(deletion_propagation_pr_cutoff);
> 
> ## initialize values to be filled in
> nb_fit_mu = 0
> nb_fit_size = 0
> m = 0
> v = 0
> D = 0
> deletion_propagation_coverage = -1
> 
> min_fraction_included_in_nb_fit = 0.01
> 
> #load data
> X<-read.table(distribution_file, header=T)
> 
> #table might be empty
> if (nrow(X) == 0)
+ {
+   #print out statistics
+   
+   print(nb_fit_size);
+   print(nb_fit_mu);
+   
+   print(m)
+   print(v)
+   print(D)
+   
+   print(deletion_propagation_coverage)
+   
+   q()
+ }
> 
> #create the distribution vector and fit
> Y<-rep(X$coverage, X$n)
> m<-mean(Y)
> v<-var(Y)
> D<-v/m
> 
> ###
> ## Smooth the distribution with a moving average window of size 5
> ## so that we can more reliably find it's maximum value
> ###
> 
> ma5 = c(1, 1, 1, 1, 1)/5;
> 
> ## filtering fails if there are too few points
> if (nrow(X) >= 5) {
+   X$ma = filter(X$n, ma5)
+ } else {
+ 	X$ma = X$n
+ }
> 
> i<-0
> max_n <- 0;
> min_i <- max( trunc(m/4), 1 ); #prevents zero for pathological distributions
> max_i <- i;
> for (i in min_i:length(X$ma))
+ {		
+   #cat(i, "\n")
+ 	if (!is.na(X$ma[i]) && (X$ma[i] > max_n))
+ 	{
+ 		max_n = X$ma[i];
+ 		max_i = i;
+ 	}
+ }
> 
> ##
> # Censor data on the right and left of the maximum
> ##
> 
> start_i = max(floor(max_i*0.5), 1);
> end_i = min(ceiling(max_i*1.5), length(X$ma));
> 
> if (start_i == end_i)
+ {
+   print(nb_fit_size);
+   print(nb_fit_mu);
+   
+   print(m)
+   print(v)
+   print(D)
+   
+   print(deletion_propagation_coverage)
+   
+   q()
+ }
> 
> cat("Fitting from coverage of ", start_i, " to ", end_i, ".\n", sep="")
Fitting from coverage of 1540 to 4620.
> 
> ##
> # Coarse grain so that we are only fitting a number of bins that is 1000-2000
> #
> # The later adjustment for doing the fits this way is to multiply the means
> # of the negative binomial and poisson distributions by the binning number.
> # (The size parameter of the negative binomial doesn't need to be adjusted.)
> ##
> 
> 
> num_per_bin = trunc((end_i - start_i) / 1000)
> 
> if (num_per_bin > 1) 
+ {
+   cat("Coarse-graining for fits\n")
+   start_i_for_fits = trunc(start_i/num_per_bin)
+   end_i_for_fits = ceiling(end_i/num_per_bin)
+   num_bins = end_i - start_i  + 1
+   cat("Fitting from coverage in adjusted bins ", start_i_for_fits, " to ", end_i_for_fits, ".\n", sep="")
+   cat("Number of bins ", num_bins, ". Each bin has ", num_per_bin, " coverage values.\n", sep="")
+ 
+   # Create a new vector where we've added together values in bins
+   X.for.fits = vector("double", end_i_for_fits)
+   for (i in start_i_for_fits:end_i_for_fits)
+   {
+     for (j in 1:num_per_bin)
+     {
+       if (i*num_per_bin+j <= length(X$n))
+       {
+         X.for.fits[i] = X.for.fits[i] + X$n[i*num_per_bin+j]
+       }
+     }
+   }
+ 
+ } else {
+   ## AVOID num_per_bin equalling zero!!
+   X.for.fits = X$n[1:end_i]
+   num_per_bin = 1
+   start_i_for_fits = start_i
+   end_i_for_fits = end_i
+ }
Coarse-graining for fits
Fitting from coverage in adjusted bins 513 to 1540.
Number of bins 3081. Each bin has 3 coverage values.
> 
> 
> ##
> # Now perform negative binomial fitting to the censored data
> ##
> 
> inner_total<-0;
> for (i in start_i_for_fits:end_i_for_fits)
+ {
+ 	inner_total = inner_total + X.for.fits[i]; 
+ }
> # Yes: it's correct to use X here because we want the overall total total
> total_total<-sum(X$n);
> 
> ## let's preconstruct these for speed
> dist = vector("double", end_i_for_fits)
> 
> f_nb <- function(par) {
+ 
+ 	mu = par[1];
+ 	size = par[2];
+ 
+   if ((mu <= 0) || (size <= 0))
+   {
+     return(0);
+   }
+   
+   cat(start_i_for_fits, " ", end_i_for_fits, "\n");
+   cat(mu, " ", size, "\n");
+   
+ 	dist<-c()
+ 	total <- 0;
+ 	for (i in start_i_for_fits:end_i_for_fits)
+ 	{	
+ 		dist[i] <- dnbinom(i, size=size, mu=mu);
+ 		total <- total + dist[i] 
+ 	}
+ 	#print (mu, size)
+ 
+  	l <- 0;
+ 	for (i in start_i_for_fits:end_i_for_fits)
+ 	{
+ 		l <- l + ((X.for.fits[i]/inner_total)-(dist[i]/total))^2;
+ 	}
+ 	return(l);
+ }
> 
> 
> 
> ## Fit negative binomial 
> ## - allow fit to fail and set all params to zero/empty if that is the case
> nb_fit = NULL
> ## as.numeric prevents overflow in sums involving integers
> mean_estimate = sum((as.numeric(1:end_i_for_fits)*as.numeric(X.for.fits)))/sum(as.numeric(X.for.fits))
> 
> nb_fit_mu = -1
> nb_fit_size = -1
> try_size = 100000
> try_means_index = 1
> #This is a list of different means to test <-  sometimes the actual mean doesn't lead to a fit
> try_means = c(mean_estimate, 
+               end_i_for_fits, 
+               start_i_for_fits, 
+               1*(end_i_for_fits + start_i_for_fits)/4,
+               2*(end_i_for_fits + start_i_for_fits)/4,
+               3*(end_i_for_fits + start_i_for_fits)/4
+               )
>               
>               
> nb_fit = c()
> 
> while ( ((nb_fit_mu < 0) || (nb_fit_size < 0) || (nb_fit$code != 1)) && (try_size > 0.001) && (try_means_index <= length(try_means)))
+ {
+   try_size = try_size / 10
+   try_mean = try_means[try_means_index]
+ 
+   ## SIZE ESTIMATE from the censored data can be negative, so try various values instead
+   cat("Try Mean: ", try_mean, " Size: ", try_size, "\n")
+ 
+   try( suppressWarnings(nb_fit<-nlm(f_nb, c(try_mean, try_size), iterlim=1000, print.level=this.print.level)) )
+ 
+   nb_fit_mu = nb_fit$estimate[1];
+   nb_fit_size = nb_fit$estimate[2];
+ 
+   cat("Fit Mean: ", nb_fit_mu, " Size: ", nb_fit_size, " Code: ", nb_fit$code, "\n")
+   
+   if (try_size <= 0.001) {
+     try_size = 100000
+     try_means_index = try_means_index + 1
+   }
+ }
Try Mean:  1063.446  Size:  10000 
513   1540 
1063.446   10000 
513   1540 
1063.446   10000 
513   1540 
1063.447   10000 
513   1540 
1063.446   10000.01 
513   1540 
1063.446   10000 
513   1540 
1063.447   10000 
513   1540 
1063.446   10000.01 
Fit Mean:  1063.446  Size:  10000  Code:  2 
Try Mean:  1063.446  Size:  1000 
513   1540 
1063.446   1000 
513   1540 
1063.446   1000 
513   1540 
1063.447   1000 
513   1540 
1063.446   1000.001 
513   1540 
1063.446   1000 
513   1540 
1063.447   1000 
513   1540 
1063.446   1000.001 
Fit Mean:  1063.446  Size:  1000  Code:  2 
Try Mean:  1063.446  Size:  100 
513   1540 
1063.446   100 
513   1540 
1063.446   100 
513   1540 
1063.447   100 
513   1540 
1063.446   100.0001 
513   1540 
1063.446   99.99999 
513   1540 
1063.447   99.99999 
513   1540 
1063.446   100.0001 
Fit Mean:  1063.446  Size:  99.99999  Code:  2 
Try Mean:  1063.446  Size:  10 
513   1540 
1063.446   10 
513   1540 
1063.446   10 
513   1540 
1063.447   10 
513   1540 
1063.446   10.00001 
513   1540 
1063.446   9.999981 
513   1540 
1063.447   9.999981 
513   1540 
1063.446   9.999991 
Fit Mean:  1063.22  Size:  -12.46912  Code:  1 
Try Mean:  1063.446  Size:  1 
513   1540 
1063.446   1 
513   1540 
1063.446   1 
513   1540 
1063.447   1 
513   1540 
1063.446   1.000001 
513   1540 
1063.446   1.000018 
513   1540 
1063.447   1.000018 
513   1540 
1063.446   1.000019 
513   1540 
1063.523   2.954851 
513   1540 
1063.524   2.954851 
513   1540 
1063.523   2.954854 
513   1540 
1063.585   3.19792 
513   1540 
1063.586   3.19792 
513   1540 
1063.585   3.197923 
513   1540 
1063.662   3.282615 
513   1540 
1063.663   3.282615 
513   1540 
1063.662   3.282618 
513   1540 
1063.8   3.339553 
513   1540 
1063.801   3.339553 
513   1540 
1063.8   3.339556 
513   1540 
1064.414   3.477897 
513   1540 
1064.415   3.477897 
513   1540 
1064.414   3.4779 
513   1540 
1065.995   3.689169 
513   1540 
1065.996   3.689169 
513   1540 
1065.995   3.689173 
513   1540 
1070.544   4.083145 
513   1540 
1070.545   4.083145 
513   1540 
1070.544   4.083149 
513   1540 
1082.328   4.788167 
513   1540 
1082.329   4.788167 
513   1540 
1082.328   4.788172 
513   1540 
1111.059   6.043691 
513   1540 
1111.06   6.043691 
513   1540 
1111.059   6.043697 
513   1540 
1166.739   7.867767 
513   1540 
1166.74   7.867767 
513   1540 
1166.739   7.867775 
513   1540 
1229.924   9.298613 
513   1540 
1229.925   9.298613 
513   1540 
1229.924   9.298622 
513   1540 
1253.757   8.992506 
513   1540 
1253.759   8.992506 
513   1540 
1253.757   8.992515 
513   1540 
1354.855   2.253601 
513   1540 
1354.856   2.253601 
513   1540 
1354.855   2.253603 
513   1540 
1355.859   6.621139 
513   1540 
1355.861   6.621139 
513   1540 
1355.859   6.621146 
513   1540 
1388.833   5.274583 
513   1540 
1388.835   5.274583 
513   1540 
1388.833   5.274589 
513   1540 
1543.851   1.131905 
513   1540 
1424.925   4.310084 
513   1540 
1424.926   4.310084 
513   1540 
1424.925   4.310089 
513   1540 
1509.544   3.182429 
513   1540 
1509.545   3.182429 
513   1540 
1509.544   3.182432 
513   1540 
1548.649   3.424782 
513   1540 
1548.65   3.424782 
513   1540 
1548.649   3.424786 
513   1540 
1726.253   3.350638 
513   1540 
1726.255   3.350638 
513   1540 
1726.253   3.350641 
513   1540 
1898.093   2.8519 
513   1540 
1898.095   2.8519 
513   1540 
1898.093   2.851903 
513   1540 
2153.31   2.406764 
513   1540 
2153.312   2.406764 
513   1540 
2153.31   2.406766 
513   1540 
2366.811   2.381712 
513   1540 
2366.814   2.381712 
513   1540 
2366.811   2.381715 
513   1540 
2721.183   2.134107 
513   1540 
2721.186   2.134107 
513   1540 
2721.183   2.134109 
513   1540 
3104.407   2.048524 
513   1540 
3104.41   2.048524 
513   1540 
3104.407   2.048526 
513   1540 
3626.386   1.870329 
513   1540 
3626.39   1.870329 
513   1540 
3626.386   1.870331 
513   1540 
4238.017   1.838696 
513   1540 
4238.021   1.838696 
513   1540 
4238.017   1.838698 
513   1540 
5095.233   1.695496 
513   1540 
5095.238   1.695496 
513   1540 
5095.233   1.695497 
513   1540 
5730.924   1.679118 
513   1540 
5730.93   1.679118 
513   1540 
5730.924   1.679119 
513   1540 
6844.934   1.628748 
513   1540 
6844.941   1.628748 
513   1540 
6844.934   1.62875 
513   1540 
8138.804   1.600989 
513   1540 
8138.812   1.600989 
513   1540 
8138.804   1.600991 
513   1540 
10232.07   1.527895 
513   1540 
10232.08   1.527895 
513   1540 
10232.07   1.527897 
513   1540 
12328.89   1.531111 
513   1540 
12328.9   1.531111 
513   1540 
12328.89   1.531112 
Fit Mean:  12328.89  Size:  1.531111  Code:  1 
> 
> cat("Final Fit Mean: ", nb_fit_mu, " Size: ", nb_fit_size, " Code: ", nb_fit$code, " Try Size: ", try_size, "\n")
Final Fit Mean:  12328.89  Size:  1.531111  Code:  1  Try Size:  1 
> 
> ## Fit failed = reset parameters so graphing and output code can recognize this
> if ((nb_fit_mu < 0) || (nb_fit_size < 0) || (nb_fit$code != 1))
+ {
+   nb_fit_mu = 0
+   nb_fit_size = 0
+ }
> 
> 
> ## things can go wrong with fitting and we can still end up with invalid values
> 
> fit_nb = c()
> included_fract = 0
> if (nb_fit_mu > 0)
+ {
+   end_fract = pnbinom(end_i_for_fits, mu = nb_fit_mu, size=nb_fit_size)
+   start_fract = pnbinom(start_i_for_fits, mu = nb_fit_mu, size=nb_fit_size)
+   included_fract = end_fract-start_fract;
+ 
+   if (included_fract >= 0.01) {
+ 
+     ## Adjust so that we are back in full coords before making fit!!
+     if (num_per_bin > 1) 
+     {
+       nb_fit_mu = nb_fit_mu * num_per_bin
+     }
+     fit_nb = dnbinom(0:max(X$coverage), mu = nb_fit_mu, size=nb_fit_size)*inner_total/included_fract;
+   }
+ }
> 
> ## If an insufficient amount of fit was included, then invalidate it
> if (included_fract < 0.01)
+ {
+   nb_fit_mu = 0
+   nb_fit_size = 0
+ }
> 
> f_p <- function(par) {
+ 
+   lambda = par[1];
+ 
+   if (lambda <= 0)
+   {
+     return(0);
+   }
+   
+ 	total <- 0;
+ 	for (i in start_i_for_fits:end_i_for_fits)
+ 	{	
+     #cat(i, " ", lambda, "\n");
+ 		dist[i] <- dpois(i, lambda=lambda);
+ 		total <- total + dist[i] 
+ 	}
+ 	#print (total)
+ 
+  	l <- 0;
+ 	for (i in start_i_for_fits:end_i_for_fits)
+ 	{
+ 		l <- l + ((X.for.fits[i]/inner_total)-(dist[i]/total))^2;
+ 	}
+ 	return(l);
+ }
> 
> 
> ## Fit Poisson 
> ## - allow fit to fail and set all params to zero/empty if that is the case
> 
> p_fit = NULL
> try(suppressWarnings(p_fit<-nlm(f_p, c(m), print.level=this.print.level)))
> 
> fit_p = c()
> if (!is.null(p_fit) && (p_fit$estimate[1] > 0))
+ {
+   #print (nb_fit$estimate[1])
+   p_fit_lambda = p_fit$estimate[1];
+   #print(0:max(X$coverage))
+ 
+   end_fract = ppois(end_i_for_fits, lambda = p_fit_lambda)
+   start_fract = ppois(start_i_for_fits, lambda = p_fit_lambda)
+   included_fract = end_fract-start_fract;
+ 
+   ## Adjust so that we are back in full coords before making fit!!
+   if (num_per_bin > 1) 
+   {
+     p_fit_lambda = p_fit_lambda * num_per_bin
+   }
+   fit_p<-dpois(0:max(X$coverage), lambda = p_fit_lambda)*inner_total/included_fract;
+ }
> 
> 
> ## Graphing
> ##
> ## don't graph very high values with very little coverage
> i<-max_i
> while (i <= length(X$n) && X$n[i]>0.01*max_n)
+ {		
+ 	i <- i+1;
+ }
> graph_end_i <-i
> 
> ## Ths leaves enough room to the right of the peak for the legend
> graph_end_i = max(floor(2.2 * max_i), graph_end_i);
> 
> ## graphics settings
> my_pch = 21
> my_col = "black";
> my_col_censored = "red";
> 
> if (pdf_output == 0) {
+   
+   ## bitmap() requires ghostscript to be installed.
+   ## taa=4, gaa=2 options NOT compatible with earlier R versions!
+   ## units = "px" NOT compatible with even earlier R versions!
+   
+   if(!capabilities(what = "png"))
+   {
+     ## fallback to ghostscript
+     bitmap(plot_file, height=6, width=7, type = "png16m", res = 72, pointsize=18)
+   } else {
+     ## use X11 function, which gives better resolution
+     png(plot_file, height=6, width=7, units ="in", res = 72, pointsize=18)
+     par(family="sans")
+   }
+ } else {
+   pdf(plot_file, height=6, width=7)
+   par(family="sans")
+ }
> 
> par(mar=c(5.5,7.5,3,1.5));
> 
> max_y = 0
> if (plot_poisson) {
+ 	max_y = max(X$n, fit_p, fit_nb)
+ } else {
+ 	max_y = max(X$n, fit_nb)
+ }
> 
> plot(0:10, 0:10, type="n", lty="solid", ylim=c(0, max_y)*1.05, xlim=c(0, graph_end_i), lwd=1, xaxs="i", yaxs="i", axes=F, las=1, main="Coverage Distribution at Unique-Only Positions", xlab="Coverage depth (reads)", ylab="", cex.lab=1.2, cex.axis=1.2)
> 
> mtext(side = 2, text = "Number of reference positions", line = 5.5, cex=1.2)
> 
> sciNotation <- function(x, digits = 1) {
+     if (length(x) > 1) {
+         return(append(sciNotation(x[1]), sciNotation(x[-1])))     
+ 	} 
+     if (!x) return(0) 
+ 
+ 	exponent <- floor(log10(x)) 
+     base <- round(x / 10^exponent, digits)     
+ 	as.expression(substitute(base %*% 10^exponent, list(base = base, exponent = exponent))) 
+ }
> 
> #axis(2, cex.lab=1.2, las=1, cex.axis=1.2, labels=T, at=(0:6)*50000)
> axis(2, cex.lab=1.2, las=1, cex.axis=1.2, at = axTicks(2), labels = sciNotation(axTicks(2), 1))
> axis(1, cex.lab=1.2, cex.axis=1.2, labels=T)
> box()
> 
> #graph the coverage as points
> fit_data <- subset(X, (coverage>=start_i) & (coverage<=end_i) );
> points(fit_data$coverage, fit_data$n, pch=my_pch, col=my_col, bg="white", cex=1.2)
> 
> #graph the censored coverage as red points
> cat(start_i, " ", end_i, "\n", sep="")
1540 4620
> 
> censored_data <- subset(X, (coverage<start_i) | (coverage>end_i) );
> points(censored_data$coverage, censored_data$n, pch=my_pch, col=my_col_censored, bg="white", cex=1.2)
> 
> #graph the poisson fit IF REQUESTED
> if (plot_poisson) {
+ 	lines(0:max(X$coverage), fit_p, lwd=3, lty="22", col="black");
+ }
> 
> #graph the negative binomial fit
> if (nb_fit_mu > 0) {
+   lines(0:max(X$coverage), fit_nb, lwd=3, col="black");
+ }
> 
> if (plot_poisson) {
+ 	legend("topright", c("Coverage distribution", "Censored data", "Negative binomial", "Poisson"), lty=c("blank","blank","solid","22"), lwd=c(1,1,2,2), pch=c(my_pch, my_pch, -1, -1), col=c("black", "red", "black", "black"), bty="n")
+ } else {
+ 	legend("topright", c("Coverage distribution", "Censored data", "Negative binomial"), lty=c("blank","blank","solid"), lwd=c(1,1,2), pch=c(my_pch, my_pch, -1), col=c("black", "red", "black"), bty="n")
+ }
> 
> dev.off()
null device 
          1 
> 
> ## Fit the marginal value that we use for propagating deletions
> 
> if (nb_fit_mu > 0) {
+   cat(nb_fit_size, " ", nb_fit_mu, "\n")
+   deletion_propagation_coverage = suppressWarnings(qnbinom(deletion_propagation_pr_cutoff, size = nb_fit_size, mu = nb_fit_mu))
+ } else {
+   cat("Fallback to calculating off an estimate of just variance = mu + mu^2/size\n")
+   size_estimate = (1/(v-m))*(m*m)
+   cat("Mu estimate=", m," Size estimate =", size_estimate, "\n")
+   deletion_propagation_coverage = suppressWarnings(qnbinom(deletion_propagation_pr_cutoff, size = size_estimate, mu = m))
+   if (is.na(deletion_propagation_coverage) || is.nan(deletion_propagation_coverage) || (deletion_propagation_coverage < 1)) {
+     cat("Double fallback to calculating as just 10% of the mean\n")
+     deletion_propagation_coverage = m * 0.1
+   }
+ }
1.531111   36986.66 
> 
> #Don't allow one read to indicate non-deleted regions
> if (deletion_propagation_coverage < 1) {
+     deletion_propagation_coverage = 1
+ }
> 
> #This works fine with the negative values
> #If we have both low fit coverage and low straight average coverage then we're deleted...
> if ( (nb_fit_mu <= 3) && (m <= 3) ) {
+   deletion_propagation_coverage = -1
+ }
> 
> #print out statistics
> 
> print(nb_fit_size);
[1] 1.531111
> print(nb_fit_mu);
[1] 36986.66
> 
> print(m)
[1] 10330.27
> print(v)
[1] 49167414
> print(D)
[1] 4759.547
> 
> print(deletion_propagation_coverage)
[1] 144
> 
> warnings()
> 
