Path to Cutadapt set as: 'cutadapt' (default)
Cutadapt seems to be working fine (tested command 'cutadapt --version')
Cutadapt version: 4.8
Could not detect version of Python used by Cutadapt from the first line of Cutadapt (but found this: >>>#!/bin/sh<<<)
Letting the (modified) Cutadapt deal with the Python version instead
Parallel gzip (pigz) detected. Proceeding with multicore (de)compression using 2 cores

No quality encoding type selected. Assuming that the data provided uses Sanger encoded Phred scores (default)

Output will be written into the directory: /workspace/lab/mcarthurlab/nasirja/covid-19-signal/benchmark_output/PRJNA689621_subset-input_results_dir/E70/adapter_trimmed/


AUTO-DETECTING ADAPTER TYPE
===========================
Attempting to auto-detect adapter type from the first 1 million sequences of the first file (>> E70/host_removal/E70_R1.fastq.gz <<)

Found perfect matches for the following adapter sequences:
Adapter type	Count	Sequence	Sequences analysed	Percentage
Illumina	3670	AGATCGGAAGAGC	673422	0.54
Nextera	0	CTGTCTCTTATA	673422	0.00
smallRNA	0	TGGAATTCTCGG	673422	0.00
Using Illumina adapter for trimming (count: 3670). Second best hit was Nextera (count: 0)

Writing report to '/workspace/lab/mcarthurlab/nasirja/covid-19-signal/benchmark_output/PRJNA689621_subset-input_results_dir/E70/adapter_trimmed/E70_R1.fastq.gz_trimming_report.txt'

SUMMARISING RUN PARAMETERS
==========================
Input filename: E70/host_removal/E70_R1.fastq.gz
Trimming mode: paired-end
Trim Galore version: 0.6.4_dev
Cutadapt version: 4.8
Python version: could not detect
Number of cores used for trimming: 2
Quality Phred score cutoff: 20
Quality encoding type selected: ASCII+33
Adapter sequence: 'AGATCGGAAGAGC' (Illumina TruSeq, Sanger iPCR; auto-detected)
Maximum trimming error rate: 0.1 (default)
Minimum required adapter overlap (stringency): 1 bp
Minimum required sequence length for both reads before a sequence pair gets removed: 20 bp
Running FastQC on the data once trimming has completed
Output file(s) will be GZIP compressed

Cutadapt seems to be fairly up-to-date (version 4.8). Setting -j 2
Writing final adapter and quality trimmed output to E70_R1_trimmed.fq.gz


  >>> Now performing quality (cutoff '-q 20') and adapter trimming in a single pass for the adapter sequence: 'AGATCGGAAGAGC' from file E70/host_removal/E70_R1.fastq.gz <<< 
This is cutadapt 4.8 with Python 3.12.3
Command line parameters: -j 2 -e 0.1 -q 20 -O 1 -a AGATCGGAAGAGC E70/host_removal/E70_R1.fastq.gz
Processing single-end reads on 2 cores ...
Finished in 25.794 s (38.302 µs/read; 1.57 M reads/minute).

=== Summary ===

Total reads processed:                 673,422
Reads with adapters:                   227,542 (33.8%)
Reads written (passing filters):       673,422 (100.0%)

Total basepairs processed:   169,028,922 bp
Quality-trimmed:                 789,736 bp (0.5%)
Total written (filtered):    167,687,436 bp (99.2%)

=== Adapter 1 ===

Sequence: AGATCGGAAGAGC; Type: regular 3'; Length: 13; Trimmed: 227542 times

Minimum overlap: 1
No. of allowed errors:
1-9 bp: 0; 10-13 bp: 1

Bases preceding removed adapters:
  A: 35.8%
  C: 18.8%
  G: 11.2%
  T: 34.2%
  none/other: 0.0%

Overview of removed sequences
length	count	expect	max.err	error counts
1	160734	168355.5	0	160734
2	55964	42088.9	0	55964
3	3724	10522.2	0	3724
4	1086	2630.6	0	1086
5	68	657.6	0	68
6	44	164.4	0	44
7	1724	41.1	0	1724
8	64	10.3	0	64
9	64	2.6	0	64
10	48	0.6	1	45 3
11	28	0.2	1	24 4
12	59	0.0	1	53 6
13	19	0.0	1	14 5
14	20	0.0	1	16 4
15	14	0.0	1	13 1
16	12	0.0	1	11 1
17	20	0.0	1	17 3
18	17	0.0	1	13 4
19	33	0.0	1	31 2
20	25	0.0	1	23 2
21	17	0.0	1	13 4
22	38	0.0	1	36 2
23	19	0.0	1	17 2
24	300	0.0	1	294 6
25	72	0.0	1	62 10
26	26	0.0	1	17 9
27	45	0.0	1	41 4
28	48	0.0	1	36 12
29	19	0.0	1	14 5
30	26	0.0	1	26
31	38	0.0	1	32 6
32	55	0.0	1	50 5
33	38	0.0	1	36 2
34	34	0.0	1	26 8
35	34	0.0	1	32 2
36	242	0.0	1	235 7
37	110	0.0	1	106 4
38	37	0.0	1	36 1
39	26	0.0	1	24 2
40	25	0.0	1	20 5
41	18	0.0	1	13 5
42	23	0.0	1	21 2
43	59	0.0	1	52 7
44	24	0.0	1	22 2
45	33	0.0	1	30 3
46	61	0.0	1	58 3
47	33	0.0	1	28 5
48	9	0.0	1	8 1
49	25	0.0	1	20 5
50	10	0.0	1	6 4
51	18	0.0	1	15 3
52	19	0.0	1	16 3
53	19	0.0	1	17 2
54	37	0.0	1	24 13
55	19	0.0	1	17 2
56	12	0.0	1	9 3
57	13	0.0	1	13
58	5	0.0	1	5
59	21	0.0	1	21
60	14	0.0	1	14
61	10	0.0	1	9 1
62	11	0.0	1	10 1
63	19	0.0	1	18 1
64	5	0.0	1	5
65	11	0.0	1	10 1
66	35	0.0	1	34 1
67	10	0.0	1	8 2
68	22	0.0	1	22
69	49	0.0	1	47 2
70	14	0.0	1	14
71	25	0.0	1	21 4
72	31	0.0	1	27 4
73	37	0.0	1	28 9
74	47	0.0	1	38 9
75	115	0.0	1	102 13
76	379	0.0	1	362 17
77	261	0.0	1	250 11
78	131	0.0	1	126 5
79	88	0.0	1	82 6
80	54	0.0	1	50 4
81	30	0.0	1	29 1
82	34	0.0	1	34
83	16	0.0	1	15 1
84	18	0.0	1	17 1
85	11	0.0	1	8 3
86	16	0.0	1	16
87	18	0.0	1	16 2
88	17	0.0	1	14 3
89	18	0.0	1	17 1
90	9	0.0	1	8 1
91	10	0.0	1	9 1
92	5	0.0	1	5
93	12	0.0	1	12
94	98	0.0	1	94 4
95	13	0.0	1	12 1
96	15	0.0	1	14 1
97	11	0.0	1	10 1
98	5	0.0	1	5
99	8	0.0	1	8
100	1	0.0	1	1
101	4	0.0	1	4
102	3	0.0	1	3
103	3	0.0	1	3
104	5	0.0	1	5
105	6	0.0	1	4 2
106	8	0.0	1	7 1
107	3	0.0	1	3
108	3	0.0	1	0 3
109	4	0.0	1	3 1
111	3	0.0	1	2 1
112	3	0.0	1	3
113	9	0.0	1	8 1
114	7	0.0	1	6 1
115	1	0.0	1	1
116	5	0.0	1	3 2
117	3	0.0	1	3
118	1	0.0	1	1
119	3	0.0	1	3
120	2	0.0	1	2
121	1	0.0	1	1
122	1	0.0	1	1
123	2	0.0	1	1 1
124	4	0.0	1	3 1
125	3	0.0	1	3
126	5	0.0	1	5
127	23	0.0	1	21 2
128	3	0.0	1	3
129	3	0.0	1	3
130	4	0.0	1	4
131	1	0.0	1	0 1
132	2	0.0	1	2
133	1	0.0	1	1
134	2	0.0	1	2
135	3	0.0	1	2 1
136	3	0.0	1	3
137	4	0.0	1	4
138	3	0.0	1	2 1
139	2	0.0	1	2
140	1	0.0	1	1
141	2	0.0	1	2
142	1	0.0	1	0 1
143	4	0.0	1	3 1
145	3	0.0	1	3
146	1	0.0	1	0 1
147	5	0.0	1	4 1
148	1	0.0	1	1
149	2	0.0	1	2
150	1	0.0	1	0 1
151	5	0.0	1	5
152	1	0.0	1	1
153	7	0.0	1	7
154	3	0.0	1	3
155	6	0.0	1	5 1
156	10	0.0	1	10
157	4	0.0	1	3 1
158	5	0.0	1	4 1
159	5	0.0	1	5
160	2	0.0	1	2
161	6	0.0	1	6
162	4	0.0	1	3 1
163	1	0.0	1	1
164	3	0.0	1	3
165	4	0.0	1	4
166	8	0.0	1	8
167	2	0.0	1	2
168	6	0.0	1	5 1
169	3	0.0	1	3
170	3	0.0	1	3
171	3	0.0	1	3
172	5	0.0	1	4 1
173	1	0.0	1	1
174	1	0.0	1	1
175	7	0.0	1	7
176	1	0.0	1	1
177	4	0.0	1	3 1
178	1	0.0	1	1
179	2	0.0	1	1 1
180	5	0.0	1	5
181	3	0.0	1	3
182	2	0.0	1	2
184	2	0.0	1	1 1
185	4	0.0	1	4
186	1	0.0	1	0 1
189	1	0.0	1	1
190	1	0.0	1	1
191	1	0.0	1	1
192	2	0.0	1	1 1
195	1	0.0	1	1
197	2	0.0	1	2
198	1	0.0	1	1
200	1	0.0	1	1
202	1	0.0	1	0 1
203	2	0.0	1	2
206	1	0.0	1	1
207	2	0.0	1	2
208	1	0.0	1	1
210	1	0.0	1	1
211	1	0.0	1	1
213	1	0.0	1	1
216	1	0.0	1	1
218	1	0.0	1	1
235	1	0.0	1	1
236	1	0.0	1	0 1
250	1	0.0	1	0 1
251	13	0.0	1	0 13

RUN STATISTICS FOR INPUT FILE: E70/host_removal/E70_R1.fastq.gz
=============================================
673422 sequences processed in total
The length threshold of paired-end sequences gets evaluated later on (in the validation step)

Writing report to '/workspace/lab/mcarthurlab/nasirja/covid-19-signal/benchmark_output/PRJNA689621_subset-input_results_dir/E70/adapter_trimmed/E70_R2.fastq.gz_trimming_report.txt'

SUMMARISING RUN PARAMETERS
==========================
Input filename: E70/host_removal/E70_R2.fastq.gz
Trimming mode: paired-end
Trim Galore version: 0.6.4_dev
Cutadapt version: 4.8
Python version: could not detect
Number of cores used for trimming: 2
Quality Phred score cutoff: 20
Quality encoding type selected: ASCII+33
Adapter sequence: 'AGATCGGAAGAGC' (Illumina TruSeq, Sanger iPCR; auto-detected)
Maximum trimming error rate: 0.1 (default)
Minimum required adapter overlap (stringency): 1 bp
Minimum required sequence length for both reads before a sequence pair gets removed: 20 bp
Running FastQC on the data once trimming has completed
Output file(s) will be GZIP compressed

Cutadapt seems to be fairly up-to-date (version 4.8). Setting -j -j 2
Writing final adapter and quality trimmed output to E70_R2_trimmed.fq.gz


  >>> Now performing quality (cutoff '-q 20') and adapter trimming in a single pass for the adapter sequence: 'AGATCGGAAGAGC' from file E70/host_removal/E70_R2.fastq.gz <<< 
This is cutadapt 4.8 with Python 3.12.3
Command line parameters: -j 2 -e 0.1 -q 20 -O 1 -a AGATCGGAAGAGC E70/host_removal/E70_R2.fastq.gz
Processing single-end reads on 2 cores ...
Finished in 27.966 s (41.527 µs/read; 1.44 M reads/minute).

=== Summary ===

Total reads processed:                 673,422
Reads with adapters:                   227,299 (33.8%)
Reads written (passing filters):       673,422 (100.0%)

Total basepairs processed:   169,028,922 bp
Quality-trimmed:               2,756,650 bp (1.6%)
Total written (filtered):    165,799,189 bp (98.1%)

=== Adapter 1 ===

Sequence: AGATCGGAAGAGC; Type: regular 3'; Length: 13; Trimmed: 227299 times

Minimum overlap: 1
No. of allowed errors:
1-9 bp: 0; 10-13 bp: 1

Bases preceding removed adapters:
  A: 41.2%
  C: 17.8%
  G: 10.9%
  T: 30.1%
  none/other: 0.1%

Overview of removed sequences
length	count	expect	max.err	error counts
1	173781	168355.5	0	173781
2	42827	42088.9	0	42827
3	4684	10522.2	0	4684
4	996	2630.6	0	996
5	87	657.6	0	87
6	53	164.4	0	53
7	1598	41.1	0	1598
8	17	10.3	0	17
9	50	2.6	0	49 1
10	48	0.6	1	45 3
11	23	0.2	1	17 6
12	49	0.0	1	46 3
13	7	0.0	1	6 1
14	23	0.0	1	21 2
15	5	0.0	1	4 1
16	17	0.0	1	16 1
17	19	0.0	1	18 1
18	9	0.0	1	7 2
19	26	0.0	1	24 2
20	21	0.0	1	18 3
21	3	0.0	1	3
22	25	0.0	1	24 1
23	21	0.0	1	20 1
24	335	0.0	1	322 13
25	19	0.0	1	13 6
26	35	0.0	1	30 5
27	40	0.0	1	36 4
28	45	0.0	1	39 6
29	18	0.0	1	17 1
30	58	0.0	1	54 4
31	10	0.0	1	8 2
32	59	0.0	1	57 2
33	14	0.0	1	14
34	41	0.0	1	39 2
35	33	0.0	1	31 2
36	221	0.0	1	216 5
37	82	0.0	1	81 1
38	49	0.0	1	47 2
39	5	0.0	1	5
40	24	0.0	1	22 2
41	16	0.0	1	16
42	20	0.0	1	20
43	33	0.0	1	33
44	30	0.0	1	29 1
45	68	0.0	1	65 3
46	37	0.0	1	35 2
47	40	0.0	1	39 1
48	23	0.0	1	22 1
49	18	0.0	1	17 1
50	20	0.0	1	20
51	13	0.0	1	12 1
52	13	0.0	1	12 1
53	28	0.0	1	28
54	38	0.0	1	37 1
55	11	0.0	1	11
56	27	0.0	1	26 1
57	52	0.0	1	52
58	32	0.0	1	31 1
59	14	0.0	1	14
60	31	0.0	1	28 3
61	18	0.0	1	18
62	14	0.0	1	13 1
63	27	0.0	1	27
64	13	0.0	1	12 1
65	4	0.0	1	4
66	5	0.0	1	5
67	6	0.0	1	6
68	4	0.0	1	4
69	10	0.0	1	10
70	5	0.0	1	5
71	2	0.0	1	2
72	6	0.0	1	6
73	15	0.0	1	15
74	11	0.0	1	11
75	25	0.0	1	22 3
76	38	0.0	1	36 2
77	44	0.0	1	43 1
78	77	0.0	1	72 5
79	105	0.0	1	94 11
80	224	0.0	1	212 12
81	115	0.0	1	109 6
82	57	0.0	1	50 7
83	32	0.0	1	31 1
84	19	0.0	1	15 4
85	18	0.0	1	15 3
86	7	0.0	1	6 1
87	11	0.0	1	8 3
88	3	0.0	1	2 1
89	8	0.0	1	7 1
90	11	0.0	1	7 4
91	4	0.0	1	2 2
92	3	0.0	1	2 1
93	7	0.0	1	7
94	78	0.0	1	74 4
95	7	0.0	1	7
96	7	0.0	1	5 2
97	4	0.0	1	4
98	1	0.0	1	0 1
99	1	0.0	1	1
100	1	0.0	1	1
101	2	0.0	1	2
102	4	0.0	1	2 2
103	2	0.0	1	2
104	2	0.0	1	1 1
105	3	0.0	1	3
106	5	0.0	1	2 3
107	2	0.0	1	1 1
108	1	0.0	1	1
109	1	0.0	1	1
110	1	0.0	1	1
112	1	0.0	1	0 1
113	6	0.0	1	5 1
114	3	0.0	1	3
115	1	0.0	1	1
116	3	0.0	1	0 3
117	3	0.0	1	3
121	1	0.0	1	1
122	1	0.0	1	0 1
123	3	0.0	1	2 1
125	1	0.0	1	1
126	1	0.0	1	1
127	14	0.0	1	11 3
128	2	0.0	1	2
129	1	0.0	1	1
132	1	0.0	1	1
133	1	0.0	1	1
134	4	0.0	1	4
135	2	0.0	1	0 2
136	3	0.0	1	3
138	1	0.0	1	1
141	2	0.0	1	2
142	1	0.0	1	1
145	2	0.0	1	2
146	1	0.0	1	0 1
147	6	0.0	1	5 1
149	1	0.0	1	1
151	3	0.0	1	3
152	1	0.0	1	1
153	4	0.0	1	3 1
154	3	0.0	1	3
155	1	0.0	1	1
156	7	0.0	1	5 2
157	2	0.0	1	2
158	3	0.0	1	3
159	3	0.0	1	3
160	4	0.0	1	4
162	3	0.0	1	3
164	6	0.0	1	5 1
165	1	0.0	1	1
166	3	0.0	1	2 1
167	5	0.0	1	5
168	3	0.0	1	2 1
170	1	0.0	1	1
172	4	0.0	1	4
173	5	0.0	1	5
175	6	0.0	1	6
176	3	0.0	1	3
177	2	0.0	1	2
178	3	0.0	1	3
180	2	0.0	1	2
181	3	0.0	1	3
185	2	0.0	1	2
189	1	0.0	1	1
192	2	0.0	1	2
195	1	0.0	1	1
196	1	0.0	1	1
197	2	0.0	1	2
198	1	0.0	1	1
201	1	0.0	1	1
202	2	0.0	1	2
207	2	0.0	1	2
208	3	0.0	1	3
209	1	0.0	1	1
210	1	0.0	1	1
211	1	0.0	1	1
214	1	0.0	1	1
215	2	0.0	1	2
216	1	0.0	1	0 1
217	1	0.0	1	1
233	1	0.0	1	1
251	14	0.0	1	0 14

RUN STATISTICS FOR INPUT FILE: E70/host_removal/E70_R2.fastq.gz
=============================================
673422 sequences processed in total
The length threshold of paired-end sequences gets evaluated later on (in the validation step)

Validate paired-end files E70_R1_trimmed.fq.gz and E70_R2_trimmed.fq.gz
file_1: E70_R1_trimmed.fq.gz, file_2: E70_R2_trimmed.fq.gz


>>>>> Now validing the length of the 2 paired-end infiles: E70_R1_trimmed.fq.gz and E70_R2_trimmed.fq.gz <<<<<
Writing validated paired-end Read 1 reads to E70_R1_val_1.fq.gz
Writing validated paired-end Read 2 reads to E70_R2_val_2.fq.gz

Total number of sequences analysed: 673422

Number of sequence pairs removed because at least one read was shorter than the length cutoff (20 bp): 915 (0.14%)


  >>> Now running FastQC on the validated data E70_R1_val_1.fq.gz<<<

Started analysis of E70_R1_val_1.fq.gz
Approx 5% complete for E70_R1_val_1.fq.gz
Approx 10% complete for E70_R1_val_1.fq.gz
Approx 15% complete for E70_R1_val_1.fq.gz
Approx 20% complete for E70_R1_val_1.fq.gz
Approx 25% complete for E70_R1_val_1.fq.gz
Approx 30% complete for E70_R1_val_1.fq.gz
Approx 35% complete for E70_R1_val_1.fq.gz
Approx 40% complete for E70_R1_val_1.fq.gz
Approx 45% complete for E70_R1_val_1.fq.gz
Approx 50% complete for E70_R1_val_1.fq.gz
Approx 55% complete for E70_R1_val_1.fq.gz
Approx 60% complete for E70_R1_val_1.fq.gz
Approx 65% complete for E70_R1_val_1.fq.gz
Approx 70% complete for E70_R1_val_1.fq.gz
Approx 75% complete for E70_R1_val_1.fq.gz
Approx 80% complete for E70_R1_val_1.fq.gz
Approx 85% complete for E70_R1_val_1.fq.gz
Approx 90% complete for E70_R1_val_1.fq.gz
Approx 95% complete for E70_R1_val_1.fq.gz

  >>> Now running FastQC on the validated data E70_R2_val_2.fq.gz<<<

Started analysis of E70_R2_val_2.fq.gz
Approx 5% complete for E70_R2_val_2.fq.gz
Approx 10% complete for E70_R2_val_2.fq.gz
Approx 15% complete for E70_R2_val_2.fq.gz
Approx 20% complete for E70_R2_val_2.fq.gz
Approx 25% complete for E70_R2_val_2.fq.gz
Approx 30% complete for E70_R2_val_2.fq.gz
Approx 35% complete for E70_R2_val_2.fq.gz
Approx 40% complete for E70_R2_val_2.fq.gz
Approx 45% complete for E70_R2_val_2.fq.gz
Approx 50% complete for E70_R2_val_2.fq.gz
Approx 55% complete for E70_R2_val_2.fq.gz
Approx 60% complete for E70_R2_val_2.fq.gz
Approx 65% complete for E70_R2_val_2.fq.gz
Approx 70% complete for E70_R2_val_2.fq.gz
Approx 75% complete for E70_R2_val_2.fq.gz
Approx 80% complete for E70_R2_val_2.fq.gz
Approx 85% complete for E70_R2_val_2.fq.gz
Approx 90% complete for E70_R2_val_2.fq.gz
Approx 95% complete for E70_R2_val_2.fq.gz
Deleting both intermediate output files E70_R1_trimmed.fq.gz and E70_R2_trimmed.fq.gz

====================================================================================================

