Path to Cutadapt set as: 'cutadapt' (default)
Cutadapt seems to be working fine (tested command 'cutadapt --version')
Cutadapt version: 4.1
Could not detect version of Python used by Cutadapt from the first line of Cutadapt (but found this: >>>#!/bin/sh<<<)
Letting the (modified) Cutadapt deal with the Python version instead
Parallel gzip (pigz) detected. Proceeding with multicore (de)compression using 2 cores

No quality encoding type selected. Assuming that the data provided uses Sanger encoded Phred scores (default)

Output will be written into the directory: /workspace/home/nasirja/covid-19-signal/subset_viral_7_results_dir/SC2295/adapter_trimmed/


AUTO-DETECTING ADAPTER TYPE
===========================
Attempting to auto-detect adapter type from the first 1 million sequences of the first file (>> SC2295/host_removal/SC2295_R1.fastq.gz <<)

Found perfect matches for the following adapter sequences:
Adapter type	Count	Sequence	Sequences analysed	Percentage
Illumina	30058	AGATCGGAAGAGC	964585	3.12
Nextera	0	CTGTCTCTTATA	964585	0.00
smallRNA	0	TGGAATTCTCGG	964585	0.00
Using Illumina adapter for trimming (count: 30058). Second best hit was Nextera (count: 0)

Writing report to '/workspace/home/nasirja/covid-19-signal/subset_viral_7_results_dir/SC2295/adapter_trimmed/SC2295_R1.fastq.gz_trimming_report.txt'

SUMMARISING RUN PARAMETERS
==========================
Input filename: SC2295/host_removal/SC2295_R1.fastq.gz
Trimming mode: paired-end
Trim Galore version: 0.6.4_dev
Cutadapt version: 4.1
Python version: could not detect
Number of cores used for trimming: 2
Quality Phred score cutoff: 20
Quality encoding type selected: ASCII+33
Adapter sequence: 'AGATCGGAAGAGC' (Illumina TruSeq, Sanger iPCR; auto-detected)
Maximum trimming error rate: 0.1 (default)
Minimum required adapter overlap (stringency): 1 bp
Minimum required sequence length for both reads before a sequence pair gets removed: 20 bp
Running FastQC on the data once trimming has completed
Output file(s) will be GZIP compressed

Cutadapt seems to be fairly up-to-date (version 4.1). Setting -j 2
Writing final adapter and quality trimmed output to SC2295_R1_trimmed.fq.gz


  >>> Now performing quality (cutoff '-q 20') and adapter trimming in a single pass for the adapter sequence: 'AGATCGGAAGAGC' from file SC2295/host_removal/SC2295_R1.fastq.gz <<< 
This is cutadapt 4.1 with Python 3.9.13
Command line parameters: -j 2 -e 0.1 -q 20 -O 1 -a AGATCGGAAGAGC SC2295/host_removal/SC2295_R1.fastq.gz
Processing single-end reads on 2 cores ...
Finished in 34.06 s (35 µs/read; 1.70 M reads/minute).

=== Summary ===

Total reads processed:                 964,585
Reads with adapters:                   340,702 (35.3%)
Reads written (passing filters):       964,585 (100.0%)

Total basepairs processed:   242,110,835 bp
Quality-trimmed:               3,168,066 bp (1.3%)
Total written (filtered):    235,676,141 bp (97.3%)

=== Adapter 1 ===

Sequence: AGATCGGAAGAGC; Type: regular 3'; Length: 13; Trimmed: 340702 times

Minimum overlap: 1
No. of allowed errors:
1-9 bp: 0; 10-13 bp: 1

Bases preceding removed adapters:
  A: 33.3%
  C: 17.1%
  G: 11.4%
  T: 37.0%
  none/other: 1.2%

Overview of removed sequences
length	count	expect	max.err	error counts
1	212006	241146.2	0	212006
2	63042	60286.6	0	63042
3	5683	15071.6	0	5683
4	1484	3767.9	0	1484
5	253	942.0	0	253
6	687	235.5	0	687
7	19860	58.9	0	19860
8	546	14.7	0	546
9	753	3.7	0	750 3
10	491	0.9	1	469 22
11	228	0.2	1	207 21
12	360	0.1	1	343 17
13	146	0.0	1	134 12
14	113	0.0	1	99 14
15	133	0.0	1	120 13
16	75	0.0	1	64 11
17	118	0.0	1	97 21
18	96	0.0	1	89 7
19	76	0.0	1	66 10
20	449	0.0	1	431 18
21	447	0.0	1	418 29
22	344	0.0	1	325 19
23	150	0.0	1	135 15
24	1678	0.0	1	1608 70
25	463	0.0	1	434 29
26	108	0.0	1	93 15
27	229	0.0	1	196 33
28	711	0.0	1	660 51
29	299	0.0	1	272 27
30	232	0.0	1	208 24
31	130	0.0	1	116 14
32	170	0.0	1	148 22
33	59	0.0	1	43 16
34	108	0.0	1	92 16
35	108	0.0	1	88 20
36	125	0.0	1	110 15
37	2408	0.0	1	2324 84
38	259	0.0	1	243 16
39	151	0.0	1	134 17
40	182	0.0	1	166 16
41	172	0.0	1	158 14
42	242	0.0	1	224 18
43	566	0.0	1	528 38
44	133	0.0	1	119 14
45	153	0.0	1	145 8
46	186	0.0	1	169 17
47	102	0.0	1	86 16
48	52	0.0	1	45 7
49	97	0.0	1	84 13
50	81	0.0	1	70 11
51	124	0.0	1	108 16
52	97	0.0	1	79 18
53	75	0.0	1	60 15
54	142	0.0	1	107 35
55	113	0.0	1	98 15
56	77	0.0	1	59 18
57	81	0.0	1	71 10
58	62	0.0	1	57 5
59	132	0.0	1	121 11
60	75	0.0	1	66 9
61	75	0.0	1	71 4
62	76	0.0	1	66 10
63	75	0.0	1	67 8
64	56	0.0	1	45 11
65	56	0.0	1	49 7
66	118	0.0	1	98 20
67	65	0.0	1	51 14
68	113	0.0	1	96 17
69	140	0.0	1	127 13
70	128	0.0	1	112 16
71	154	0.0	1	143 11
72	267	0.0	1	228 39
73	427	0.0	1	338 89
74	692	0.0	1	559 133
75	1408	0.0	1	1079 329
76	3371	0.0	1	2980 391
77	2738	0.0	1	2411 327
78	1598	0.0	1	1362 236
79	931	0.0	1	766 165
80	666	0.0	1	551 115
81	413	0.0	1	330 83
82	314	0.0	1	262 52
83	256	0.0	1	208 48
84	226	0.0	1	179 47
85	209	0.0	1	157 52
86	168	0.0	1	128 40
87	169	0.0	1	134 35
88	146	0.0	1	104 42
89	154	0.0	1	116 38
90	121	0.0	1	90 31
91	112	0.0	1	91 21
92	107	0.0	1	87 20
93	155	0.0	1	127 28
94	946	0.0	1	914 32
95	165	0.0	1	143 22
96	183	0.0	1	161 22
97	91	0.0	1	71 20
98	91	0.0	1	75 16
99	79	0.0	1	65 14
100	47	0.0	1	43 4
101	47	0.0	1	36 11
102	54	0.0	1	39 15
103	59	0.0	1	42 17
104	49	0.0	1	36 13
105	93	0.0	1	76 17
106	68	0.0	1	52 16
107	71	0.0	1	55 16
108	62	0.0	1	50 12
109	64	0.0	1	49 15
110	56	0.0	1	43 13
111	186	0.0	1	168 18
112	63	0.0	1	50 13
113	75	0.0	1	60 15
114	62	0.0	1	51 11
115	54	0.0	1	39 15
116	44	0.0	1	32 12
117	55	0.0	1	49 6
118	37	0.0	1	25 12
119	44	0.0	1	32 12
120	32	0.0	1	19 13
121	34	0.0	1	25 9
122	30	0.0	1	18 12
123	41	0.0	1	27 14
124	26	0.0	1	17 9
125	25	0.0	1	16 9
126	36	0.0	1	25 11
127	65	0.0	1	47 18
128	36	0.0	1	23 13
129	28	0.0	1	17 11
130	24	0.0	1	15 9
131	36	0.0	1	21 15
132	28	0.0	1	13 15
133	50	0.0	1	37 13
134	38	0.0	1	26 12
135	32	0.0	1	21 11
136	43	0.0	1	27 16
137	29	0.0	1	22 7
138	32	0.0	1	18 14
139	30	0.0	1	17 13
140	20	0.0	1	6 14
141	33	0.0	1	26 7
142	20	0.0	1	8 12
143	21	0.0	1	14 7
144	16	0.0	1	9 7
145	25	0.0	1	15 10
146	35	0.0	1	21 14
147	47	0.0	1	37 10
148	24	0.0	1	12 12
149	40	0.0	1	31 9
150	27	0.0	1	13 14
151	38	0.0	1	25 13
152	26	0.0	1	19 7
153	50	0.0	1	39 11
154	64	0.0	1	57 7
155	36	0.0	1	29 7
156	107	0.0	1	92 15
157	45	0.0	1	36 9
158	31	0.0	1	18 13
159	34	0.0	1	22 12
160	47	0.0	1	32 15
161	39	0.0	1	31 8
162	26	0.0	1	19 7
163	33	0.0	1	24 9
164	25	0.0	1	21 4
165	45	0.0	1	31 14
166	59	0.0	1	45 14
167	41	0.0	1	35 6
168	50	0.0	1	43 7
169	39	0.0	1	29 10
170	22	0.0	1	16 6
171	19	0.0	1	11 8
172	55	0.0	1	45 10
173	32	0.0	1	14 18
174	39	0.0	1	25 14
175	56	0.0	1	51 5
176	29	0.0	1	18 11
177	34	0.0	1	23 11
178	40	0.0	1	23 17
179	19	0.0	1	8 11
180	26	0.0	1	18 8
181	62	0.0	1	55 7
182	21	0.0	1	13 8
183	18	0.0	1	12 6
184	17	0.0	1	13 4
185	47	0.0	1	37 10
186	23	0.0	1	16 7
187	31	0.0	1	25 6
188	18	0.0	1	14 4
189	37	0.0	1	30 7
190	37	0.0	1	32 5
191	22	0.0	1	20 2
192	47	0.0	1	41 6
193	24	0.0	1	20 4
194	12	0.0	1	10 2
195	13	0.0	1	10 3
196	14	0.0	1	10 4
197	29	0.0	1	25 4
198	32	0.0	1	26 6
199	25	0.0	1	20 5
200	24	0.0	1	21 3
201	17	0.0	1	14 3
202	28	0.0	1	24 4
203	49	0.0	1	47 2
204	28	0.0	1	23 5
205	38	0.0	1	36 2
206	46	0.0	1	44 2
207	38	0.0	1	32 6
208	59	0.0	1	58 1
209	70	0.0	1	62 8
210	64	0.0	1	60 4
211	38	0.0	1	37 1
212	24	0.0	1	21 3
213	28	0.0	1	25 3
214	33	0.0	1	26 7
215	24	0.0	1	22 2
216	10	0.0	1	8 2
217	17	0.0	1	16 1
218	11	0.0	1	6 5
219	5	0.0	1	1 4
220	2	0.0	1	0 2
221	2	0.0	1	2
222	5	0.0	1	3 2
223	7	0.0	1	5 2
224	6	0.0	1	4 2
225	4	0.0	1	1 3
226	2	0.0	1	1 1
227	2	0.0	1	1 1
228	2	0.0	1	1 1
229	1	0.0	1	1
230	2	0.0	1	1 1
231	2	0.0	1	1 1
233	3	0.0	1	3
234	2	0.0	1	1 1
235	5	0.0	1	1 4
236	2	0.0	1	0 2
238	4	0.0	1	2 2
239	5	0.0	1	0 5
240	5	0.0	1	2 3
241	4	0.0	1	0 4
242	1	0.0	1	0 1
243	4	0.0	1	0 4
244	2	0.0	1	1 1
245	2	0.0	1	0 2
246	8	0.0	1	0 8
247	7	0.0	1	0 7
248	13	0.0	1	0 13
249	16	0.0	1	0 16
250	53	0.0	1	0 53
251	869	0.0	1	0 869

RUN STATISTICS FOR INPUT FILE: SC2295/host_removal/SC2295_R1.fastq.gz
=============================================
964585 sequences processed in total
The length threshold of paired-end sequences gets evaluated later on (in the validation step)

Writing report to '/workspace/home/nasirja/covid-19-signal/subset_viral_7_results_dir/SC2295/adapter_trimmed/SC2295_R2.fastq.gz_trimming_report.txt'

SUMMARISING RUN PARAMETERS
==========================
Input filename: SC2295/host_removal/SC2295_R2.fastq.gz
Trimming mode: paired-end
Trim Galore version: 0.6.4_dev
Cutadapt version: 4.1
Python version: could not detect
Number of cores used for trimming: 2
Quality Phred score cutoff: 20
Quality encoding type selected: ASCII+33
Adapter sequence: 'AGATCGGAAGAGC' (Illumina TruSeq, Sanger iPCR; auto-detected)
Maximum trimming error rate: 0.1 (default)
Minimum required adapter overlap (stringency): 1 bp
Minimum required sequence length for both reads before a sequence pair gets removed: 20 bp
Running FastQC on the data once trimming has completed
Output file(s) will be GZIP compressed

Cutadapt seems to be fairly up-to-date (version 4.1). Setting -j -j 2
Writing final adapter and quality trimmed output to SC2295_R2_trimmed.fq.gz


  >>> Now performing quality (cutoff '-q 20') and adapter trimming in a single pass for the adapter sequence: 'AGATCGGAAGAGC' from file SC2295/host_removal/SC2295_R2.fastq.gz <<< 
This is cutadapt 4.1 with Python 3.9.13
Command line parameters: -j 2 -e 0.1 -q 20 -O 1 -a AGATCGGAAGAGC SC2295/host_removal/SC2295_R2.fastq.gz
Processing single-end reads on 2 cores ...
Finished in 38.06 s (39 µs/read; 1.52 M reads/minute).

=== Summary ===

Total reads processed:                 964,585
Reads with adapters:                   341,194 (35.4%)
Reads written (passing filters):       964,585 (100.0%)

Total basepairs processed:   242,110,835 bp
Quality-trimmed:               6,468,887 bp (2.7%)
Total written (filtered):    232,858,530 bp (96.2%)

=== Adapter 1 ===

Sequence: AGATCGGAAGAGC; Type: regular 3'; Length: 13; Trimmed: 341194 times

Minimum overlap: 1
No. of allowed errors:
1-9 bp: 0; 10-13 bp: 1

Bases preceding removed adapters:
  A: 36.5%
  C: 16.9%
  G: 10.8%
  T: 34.4%
  none/other: 1.4%

Overview of removed sequences
length	count	expect	max.err	error counts
1	223705	241146.2	0	223705
2	55216	60286.6	0	55216
3	6447	15071.6	0	6447
4	1627	3767.9	0	1627
5	379	942.0	0	379
6	630	235.5	0	630
7	19013	58.9	0	19013
8	310	14.7	0	310
9	569	3.7	0	569
10	592	0.9	1	532 60
11	128	0.2	1	103 25
12	347	0.1	1	317 30
13	70	0.0	1	59 11
14	224	0.0	1	206 18
15	86	0.0	1	74 12
16	74	0.0	1	64 10
17	217	0.0	1	197 20
18	53	0.0	1	50 3
19	188	0.0	1	173 15
20	340	0.0	1	314 26
21	114	0.0	1	96 18
22	318	0.0	1	300 18
23	206	0.0	1	188 18
24	1972	0.0	1	1856 116
25	113	0.0	1	98 15
26	265	0.0	1	236 29
27	249	0.0	1	221 28
28	655	0.0	1	617 38
29	103	0.0	1	90 13
30	330	0.0	1	308 22
31	47	0.0	1	38 9
32	145	0.0	1	123 22
33	108	0.0	1	95 13
34	205	0.0	1	184 21
35	388	0.0	1	351 37
36	1257	0.0	1	1198 59
37	1212	0.0	1	1156 56
38	226	0.0	1	207 19
39	134	0.0	1	126 8
40	233	0.0	1	209 24
41	214	0.0	1	198 16
42	403	0.0	1	379 24
43	242	0.0	1	226 16
44	229	0.0	1	212 17
45	488	0.0	1	460 28
46	322	0.0	1	303 19
47	368	0.0	1	347 21
48	223	0.0	1	205 18
49	221	0.0	1	209 12
50	167	0.0	1	157 10
51	165	0.0	1	157 8
52	99	0.0	1	91 8
53	189	0.0	1	182 7
54	394	0.0	1	378 16
55	144	0.0	1	136 8
56	341	0.0	1	325 16
57	707	0.0	1	690 17
58	459	0.0	1	440 19
59	112	0.0	1	108 4
60	323	0.0	1	311 12
61	195	0.0	1	187 8
62	94	0.0	1	85 9
63	318	0.0	1	308 10
64	160	0.0	1	155 5
65	62	0.0	1	61 1
66	55	0.0	1	50 5
67	63	0.0	1	61 2
68	69	0.0	1	62 7
69	74	0.0	1	64 10
70	66	0.0	1	60 6
71	53	0.0	1	48 5
72	89	0.0	1	80 9
73	129	0.0	1	105 24
74	174	0.0	1	147 27
75	248	0.0	1	199 49
76	401	0.0	1	303 98
77	714	0.0	1	504 210
78	1020	0.0	1	697 323
79	1620	0.0	1	983 637
80	2476	0.0	1	1943 533
81	1440	0.0	1	1061 379
82	765	0.0	1	549 216
83	471	0.0	1	324 147
84	307	0.0	1	195 112
85	219	0.0	1	154 65
86	154	0.0	1	101 53
87	163	0.0	1	102 61
88	93	0.0	1	61 32
89	103	0.0	1	64 39
90	89	0.0	1	63 26
91	93	0.0	1	58 35
92	71	0.0	1	43 28
93	102	0.0	1	73 29
94	650	0.0	1	598 52
95	115	0.0	1	84 31
96	130	0.0	1	110 20
97	74	0.0	1	59 15
98	52	0.0	1	40 12
99	56	0.0	1	35 21
100	32	0.0	1	22 10
101	28	0.0	1	15 13
102	34	0.0	1	17 17
103	32	0.0	1	20 12
104	22	0.0	1	13 9
105	56	0.0	1	42 14
106	20	0.0	1	14 6
107	35	0.0	1	19 16
108	41	0.0	1	26 15
109	16	0.0	1	6 10
110	30	0.0	1	14 16
111	177	0.0	1	154 23
112	37	0.0	1	27 10
113	48	0.0	1	31 17
114	38	0.0	1	24 14
115	22	0.0	1	11 11
116	28	0.0	1	12 16
117	35	0.0	1	20 15
118	21	0.0	1	11 10
119	27	0.0	1	16 11
120	29	0.0	1	14 15
121	14	0.0	1	7 7
122	22	0.0	1	11 11
123	19	0.0	1	12 7
124	13	0.0	1	6 7
125	20	0.0	1	10 10
126	26	0.0	1	14 12
127	47	0.0	1	25 22
128	25	0.0	1	11 14
129	17	0.0	1	7 10
130	15	0.0	1	3 12
131	14	0.0	1	3 11
132	16	0.0	1	4 12
133	29	0.0	1	14 15
134	26	0.0	1	13 13
135	21	0.0	1	7 14
136	25	0.0	1	6 19
137	16	0.0	1	3 13
138	12	0.0	1	4 8
139	17	0.0	1	3 14
140	18	0.0	1	6 12
141	14	0.0	1	7 7
142	15	0.0	1	4 11
143	14	0.0	1	7 7
144	9	0.0	1	6 3
145	13	0.0	1	3 10
146	19	0.0	1	12 7
147	23	0.0	1	14 9
148	22	0.0	1	13 9
149	15	0.0	1	8 7
150	10	0.0	1	2 8
151	23	0.0	1	15 8
152	16	0.0	1	6 10
153	28	0.0	1	20 8
154	34	0.0	1	22 12
155	22	0.0	1	13 9
156	53	0.0	1	44 9
157	34	0.0	1	27 7
158	14	0.0	1	8 6
159	24	0.0	1	16 8
160	43	0.0	1	34 9
161	22	0.0	1	17 5
162	22	0.0	1	14 8
163	20	0.0	1	13 7
164	18	0.0	1	13 5
165	29	0.0	1	20 9
166	47	0.0	1	38 9
167	27	0.0	1	19 8
168	32	0.0	1	27 5
169	18	0.0	1	13 5
170	11	0.0	1	7 4
171	13	0.0	1	8 5
172	43	0.0	1	41 2
173	13	0.0	1	12 1
174	18	0.0	1	12 6
175	34	0.0	1	34
176	24	0.0	1	19 5
177	18	0.0	1	13 5
178	13	0.0	1	10 3
179	8	0.0	1	6 2
180	13	0.0	1	12 1
181	41	0.0	1	37 4
182	13	0.0	1	11 2
183	8	0.0	1	7 1
184	10	0.0	1	9 1
185	29	0.0	1	24 5
186	5	0.0	1	5
187	13	0.0	1	12 1
188	17	0.0	1	15 2
189	27	0.0	1	26 1
190	22	0.0	1	21 1
191	15	0.0	1	15
192	28	0.0	1	26 2
193	13	0.0	1	12 1
194	6	0.0	1	6
195	8	0.0	1	6 2
196	8	0.0	1	8
197	8	0.0	1	7 1
198	16	0.0	1	16
199	13	0.0	1	10 3
200	19	0.0	1	18 1
201	11	0.0	1	11
202	14	0.0	1	14
203	37	0.0	1	37
204	20	0.0	1	18 2
205	25	0.0	1	25
206	34	0.0	1	34
207	29	0.0	1	26 3
208	45	0.0	1	41 4
209	38	0.0	1	36 2
210	41	0.0	1	39 2
211	31	0.0	1	29 2
212	12	0.0	1	11 1
213	20	0.0	1	19 1
214	15	0.0	1	15
215	24	0.0	1	23 1
216	5	0.0	1	5
217	8	0.0	1	8
218	1	0.0	1	1
219	2	0.0	1	2
221	3	0.0	1	3
222	4	0.0	1	4
223	1	0.0	1	1
224	1	0.0	1	1
228	1	0.0	1	1
229	1	0.0	1	1
230	3	0.0	1	3
231	1	0.0	1	1
232	1	0.0	1	1
233	3	0.0	1	3
234	1	0.0	1	1
235	1	0.0	1	1
238	2	0.0	1	2
239	2	0.0	1	2
240	2	0.0	1	2
241	3	0.0	1	2 1
242	2	0.0	1	1 1
243	2	0.0	1	0 2
245	2	0.0	1	1 1
246	2	0.0	1	0 2
248	3	0.0	1	0 3
249	15	0.0	1	0 15
250	25	0.0	1	0 25
251	742	0.0	1	0 742

RUN STATISTICS FOR INPUT FILE: SC2295/host_removal/SC2295_R2.fastq.gz
=============================================
964585 sequences processed in total
The length threshold of paired-end sequences gets evaluated later on (in the validation step)

Validate paired-end files SC2295_R1_trimmed.fq.gz and SC2295_R2_trimmed.fq.gz
file_1: SC2295_R1_trimmed.fq.gz, file_2: SC2295_R2_trimmed.fq.gz


>>>>> Now validing the length of the 2 paired-end infiles: SC2295_R1_trimmed.fq.gz and SC2295_R2_trimmed.fq.gz <<<<<
Writing validated paired-end Read 1 reads to SC2295_R1_val_1.fq.gz
Writing validated paired-end Read 2 reads to SC2295_R2_val_2.fq.gz

Total number of sequences analysed: 964585

Number of sequence pairs removed because at least one read was shorter than the length cutoff (20 bp): 7531 (0.78%)


  >>> Now running FastQC on the validated data SC2295_R1_val_1.fq.gz<<<

Started analysis of SC2295_R1_val_1.fq.gz
Approx 5% complete for SC2295_R1_val_1.fq.gz
Approx 10% complete for SC2295_R1_val_1.fq.gz
Approx 15% complete for SC2295_R1_val_1.fq.gz
Approx 20% complete for SC2295_R1_val_1.fq.gz
Approx 25% complete for SC2295_R1_val_1.fq.gz
Approx 30% complete for SC2295_R1_val_1.fq.gz
Approx 35% complete for SC2295_R1_val_1.fq.gz
Approx 40% complete for SC2295_R1_val_1.fq.gz
Approx 45% complete for SC2295_R1_val_1.fq.gz
Approx 50% complete for SC2295_R1_val_1.fq.gz
Approx 55% complete for SC2295_R1_val_1.fq.gz
Approx 60% complete for SC2295_R1_val_1.fq.gz
Approx 65% complete for SC2295_R1_val_1.fq.gz
Approx 70% complete for SC2295_R1_val_1.fq.gz
Approx 75% complete for SC2295_R1_val_1.fq.gz
Approx 80% complete for SC2295_R1_val_1.fq.gz
Approx 85% complete for SC2295_R1_val_1.fq.gz
Approx 90% complete for SC2295_R1_val_1.fq.gz
Approx 95% complete for SC2295_R1_val_1.fq.gz

  >>> Now running FastQC on the validated data SC2295_R2_val_2.fq.gz<<<

Started analysis of SC2295_R2_val_2.fq.gz
Approx 5% complete for SC2295_R2_val_2.fq.gz
Approx 10% complete for SC2295_R2_val_2.fq.gz
Approx 15% complete for SC2295_R2_val_2.fq.gz
Approx 20% complete for SC2295_R2_val_2.fq.gz
Approx 25% complete for SC2295_R2_val_2.fq.gz
Approx 30% complete for SC2295_R2_val_2.fq.gz
Approx 35% complete for SC2295_R2_val_2.fq.gz
Approx 40% complete for SC2295_R2_val_2.fq.gz
Approx 45% complete for SC2295_R2_val_2.fq.gz
Approx 50% complete for SC2295_R2_val_2.fq.gz
Approx 55% complete for SC2295_R2_val_2.fq.gz
Approx 60% complete for SC2295_R2_val_2.fq.gz
Approx 65% complete for SC2295_R2_val_2.fq.gz
Approx 70% complete for SC2295_R2_val_2.fq.gz
Approx 75% complete for SC2295_R2_val_2.fq.gz
Approx 80% complete for SC2295_R2_val_2.fq.gz
Approx 85% complete for SC2295_R2_val_2.fq.gz
Approx 90% complete for SC2295_R2_val_2.fq.gz
Approx 95% complete for SC2295_R2_val_2.fq.gz
Deleting both intermediate output files SC2295_R1_trimmed.fq.gz and SC2295_R2_trimmed.fq.gz

====================================================================================================

