[M::bwa_idx_load_from_disk] read 0 ALT contigs
[M::process] read 79682 sequences (20000182 bp)...
[M::process] read 79682 sequences (20000182 bp)...
[M::mem_pestat] # candidate unique pairs for (FF, FR, RF, RR): (7, 38008, 54, 12)
[M::mem_pestat] skip orientation FF as there are not enough pairs
[M::mem_pestat] analyzing insert size distribution for orientation FR...
[M::mem_pestat] (25, 50, 75) percentile: (379, 385, 393)
[M::mem_pestat] low and high boundaries for computing mean and std.dev: (351, 421)
[M::mem_pestat] mean and std.dev: (388.67, 10.72)
[M::mem_pestat] low and high boundaries for proper pairs: (337, 435)
[M::mem_pestat] analyzing insert size distribution for orientation RF...
[M::mem_pestat] (25, 50, 75) percentile: (190, 215, 250)
[M::mem_pestat] low and high boundaries for computing mean and std.dev: (70, 370)
[M::mem_pestat] mean and std.dev: (199.57, 41.20)
[M::mem_pestat] low and high boundaries for proper pairs: (10, 430)
[M::mem_pestat] analyzing insert size distribution for orientation RR...
[M::mem_pestat] (25, 50, 75) percentile: (623, 2057, 2479)
[M::mem_pestat] low and high boundaries for computing mean and std.dev: (1, 6191)
[M::mem_pestat] mean and std.dev: (1283.80, 760.62)
[M::mem_pestat] low and high boundaries for proper pairs: (1, 8047)
[M::mem_pestat] skip orientation RF
[M::mem_pestat] skip orientation RR
[M::mem_process_seqs] Processed 79682 reads in 31.591 CPU sec, 17.804 real sec
[M::process] read 79682 sequences (20000182 bp)...
[M::mem_pestat] # candidate unique pairs for (FF, FR, RF, RR): (8, 38117, 56, 8)
[M::mem_pestat] skip orientation FF as there are not enough pairs
[M::mem_pestat] analyzing insert size distribution for orientation FR...
[M::mem_pestat] (25, 50, 75) percentile: (379, 384, 393)
[M::mem_pestat] low and high boundaries for computing mean and std.dev: (351, 421)
[M::mem_pestat] mean and std.dev: (388.55, 10.67)
[M::mem_pestat] low and high boundaries for proper pairs: (337, 435)
[M::mem_pestat] analyzing insert size distribution for orientation RF...
[M::mem_pestat] (25, 50, 75) percentile: (212, 215, 215)
[M::mem_pestat] low and high boundaries for computing mean and std.dev: (206, 221)
[M::mem_pestat] mean and std.dev: (214.75, 1.64)
[M::mem_pestat] low and high boundaries for proper pairs: (203, 224)
[M::mem_pestat] skip orientation RR as there are not enough pairs
[M::mem_pestat] skip orientation RF
[M::mem_process_seqs] Processed 79682 reads in 23.367 CPU sec, 11.464 real sec
[M::process] read 79682 sequences (20000182 bp)...
[M::mem_pestat] # candidate unique pairs for (FF, FR, RF, RR): (8, 38009, 53, 13)
[M::mem_pestat] skip orientation FF as there are not enough pairs
[M::mem_pestat] analyzing insert size distribution for orientation FR...
[M::mem_pestat] (25, 50, 75) percentile: (379, 384, 393)
[M::mem_pestat] low and high boundaries for computing mean and std.dev: (351, 421)
[M::mem_pestat] mean and std.dev: (387.99, 10.76)
[M::mem_pestat] low and high boundaries for proper pairs: (337, 435)
[M::mem_pestat] analyzing insert size distribution for orientation RF...
[M::mem_pestat] (25, 50, 75) percentile: (203, 215, 221)
[M::mem_pestat] low and high boundaries for computing mean and std.dev: (167, 257)
[M::mem_pestat] mean and std.dev: (212.68, 11.95)
[M::mem_pestat] low and high boundaries for proper pairs: (149, 275)
[M::mem_pestat] analyzing insert size distribution for orientation RR...
[M::mem_pestat] (25, 50, 75) percentile: (556, 601, 4621)
[M::mem_pestat] low and high boundaries for computing mean and std.dev: (1, 12751)
[M::mem_pestat] mean and std.dev: (1948.77, 2084.54)
[M::mem_pestat] low and high boundaries for proper pairs: (1, 16816)
[M::mem_pestat] skip orientation RF
[M::mem_pestat] skip orientation RR
[M::mem_process_seqs] Processed 79682 reads in 27.255 CPU sec, 13.414 real sec
[M::process] read 79682 sequences (20000182 bp)...
[M::mem_pestat] # candidate unique pairs for (FF, FR, RF, RR): (7, 38005, 64, 8)
[M::mem_pestat] skip orientation FF as there are not enough pairs
[M::mem_pestat] analyzing insert size distribution for orientation FR...
[M::mem_pestat] (25, 50, 75) percentile: (379, 385, 393)
[M::mem_pestat] low and high boundaries for computing mean and std.dev: (351, 421)
[M::mem_pestat] mean and std.dev: (388.75, 10.67)
[M::mem_pestat] low and high boundaries for proper pairs: (337, 435)
[M::mem_pestat] analyzing insert size distribution for orientation RF...
[M::mem_pestat] (25, 50, 75) percentile: (212, 215, 241)
[M::mem_pestat] low and high boundaries for computing mean and std.dev: (154, 299)
[M::mem_pestat] mean and std.dev: (214.80, 24.33)
[M::mem_pestat] low and high boundaries for proper pairs: (117, 328)
[M::mem_pestat] skip orientation RR as there are not enough pairs
[M::mem_pestat] skip orientation RF
[M::mem_process_seqs] Processed 79682 reads in 27.587 CPU sec, 13.576 real sec
[M::process] read 79682 sequences (20000182 bp)...
[M::mem_pestat] # candidate unique pairs for (FF, FR, RF, RR): (12, 38052, 55, 10)
[M::mem_pestat] analyzing insert size distribution for orientation FF...
[M::mem_pestat] (25, 50, 75) percentile: (4551, 7282, 9000)
[M::mem_pestat] low and high boundaries for computing mean and std.dev: (1, 17898)
[M::mem_pestat] mean and std.dev: (5886.50, 3206.49)
[M::mem_pestat] low and high boundaries for proper pairs: (1, 22347)
[M::mem_pestat] analyzing insert size distribution for orientation FR...
[M::mem_pestat] (25, 50, 75) percentile: (379, 384, 393)
[M::mem_pestat] low and high boundaries for computing mean and std.dev: (351, 421)
[M::mem_pestat] mean and std.dev: (388.74, 10.70)
[M::mem_pestat] low and high boundaries for proper pairs: (337, 435)
[M::mem_pestat] analyzing insert size distribution for orientation RF...
[M::mem_pestat] (25, 50, 75) percentile: (212, 215, 215)
[M::mem_pestat] low and high boundaries for computing mean and std.dev: (206, 221)
[M::mem_pestat] mean and std.dev: (214.82, 1.20)
[M::mem_pestat] low and high boundaries for proper pairs: (203, 224)
[M::mem_pestat] analyzing insert size distribution for orientation RR...
[M::mem_pestat] (25, 50, 75) percentile: (556, 2057, 2057)
[M::mem_pestat] low and high boundaries for computing mean and std.dev: (1, 5059)
[M::mem_pestat] mean and std.dev: (1179.62, 725.17)
[M::mem_pestat] low and high boundaries for proper pairs: (1, 6560)
[M::mem_pestat] skip orientation FF
[M::mem_pestat] skip orientation RF
[M::mem_pestat] skip orientation RR
[M::mem_process_seqs] Processed 79682 reads in 25.646 CPU sec, 12.593 real sec
[M::process] read 79682 sequences (20000182 bp)...
[M::mem_pestat] # candidate unique pairs for (FF, FR, RF, RR): (5, 37997, 63, 9)
[M::mem_pestat] skip orientation FF as there are not enough pairs
[M::mem_pestat] analyzing insert size distribution for orientation FR...
[M::mem_pestat] (25, 50, 75) percentile: (379, 384, 393)
[M::mem_pestat] low and high boundaries for computing mean and std.dev: (351, 421)
[M::mem_pestat] mean and std.dev: (388.09, 10.73)
[M::mem_pestat] low and high boundaries for proper pairs: (337, 435)
[M::mem_pestat] analyzing insert size distribution for orientation RF...
[M::mem_pestat] (25, 50, 75) percentile: (212, 215, 241)
[M::mem_pestat] low and high boundaries for computing mean and std.dev: (154, 299)
[M::mem_pestat] mean and std.dev: (210.43, 19.18)
[M::mem_pestat] low and high boundaries for proper pairs: (125, 328)
[M::mem_pestat] skip orientation RR as there are not enough pairs
[M::mem_pestat] skip orientation RF
[M::mem_process_seqs] Processed 79682 reads in 24.085 CPU sec, 11.824 real sec
[M::process] read 79682 sequences (20000182 bp)...
[M::mem_pestat] # candidate unique pairs for (FF, FR, RF, RR): (6, 38124, 68, 17)
[M::mem_pestat] skip orientation FF as there are not enough pairs
[M::mem_pestat] analyzing insert size distribution for orientation FR...
[M::mem_pestat] (25, 50, 75) percentile: (379, 385, 393)
[M::mem_pestat] low and high boundaries for computing mean and std.dev: (351, 421)
[M::mem_pestat] mean and std.dev: (388.71, 10.74)
[M::mem_pestat] low and high boundaries for proper pairs: (337, 435)
[M::mem_pestat] analyzing insert size distribution for orientation RF...
[M::mem_pestat] (25, 50, 75) percentile: (192, 215, 217)
[M::mem_pestat] low and high boundaries for computing mean and std.dev: (142, 267)
[M::mem_pestat] mean and std.dev: (206.23, 16.54)
[M::mem_pestat] low and high boundaries for proper pairs: (117, 292)
[M::mem_pestat] analyzing insert size distribution for orientation RR...
[M::mem_pestat] (25, 50, 75) percentile: (1501, 2187, 6062)
[M::mem_pestat] low and high boundaries for computing mean and std.dev: (1, 15184)
[M::mem_pestat] mean and std.dev: (3419.53, 2632.18)
[M::mem_pestat] low and high boundaries for proper pairs: (1, 19745)
[M::mem_pestat] skip orientation RF
[M::mem_pestat] skip orientation RR
[M::mem_process_seqs] Processed 79682 reads in 21.809 CPU sec, 10.691 real sec
[M::process] read 79682 sequences (20000182 bp)...
[M::mem_pestat] # candidate unique pairs for (FF, FR, RF, RR): (5, 38070, 62, 13)
[M::mem_pestat] skip orientation FF as there are not enough pairs
[M::mem_pestat] analyzing insert size distribution for orientation FR...
[M::mem_pestat] (25, 50, 75) percentile: (379, 384, 393)
[M::mem_pestat] low and high boundaries for computing mean and std.dev: (351, 421)
[M::mem_pestat] mean and std.dev: (388.53, 10.61)
[M::mem_pestat] low and high boundaries for proper pairs: (337, 435)
[M::mem_pestat] analyzing insert size distribution for orientation RF...
[M::mem_pestat] (25, 50, 75) percentile: (206, 215, 825)
[M::mem_pestat] low and high boundaries for computing mean and std.dev: (1, 2063)
[M::mem_pestat] mean and std.dev: (356.83, 360.71)
[M::mem_pestat] low and high boundaries for proper pairs: (1, 2682)
[M::mem_pestat] analyzing insert size distribution for orientation RR...
[M::mem_pestat] (25, 50, 75) percentile: (843, 2057, 7890)
[M::mem_pestat] low and high boundaries for computing mean and std.dev: (1, 21984)
[M::mem_pestat] mean and std.dev: (3665.00, 3311.72)
[M::mem_pestat] low and high boundaries for proper pairs: (1, 29031)
[M::mem_pestat] skip orientation RF
[M::mem_pestat] skip orientation RR
[M::mem_process_seqs] Processed 79682 reads in 21.496 CPU sec, 10.512 real sec
[M::process] read 79682 sequences (20000182 bp)...
[M::mem_pestat] # candidate unique pairs for (FF, FR, RF, RR): (7, 38165, 52, 6)
[M::mem_pestat] skip orientation FF as there are not enough pairs
[M::mem_pestat] analyzing insert size distribution for orientation FR...
[M::mem_pestat] (25, 50, 75) percentile: (379, 384, 393)
[M::mem_pestat] low and high boundaries for computing mean and std.dev: (351, 421)
[M::mem_pestat] mean and std.dev: (387.73, 10.95)
[M::mem_pestat] low and high boundaries for proper pairs: (337, 435)
[M::mem_pestat] analyzing insert size distribution for orientation RF...
[M::mem_pestat] (25, 50, 75) percentile: (212, 215, 219)
[M::mem_pestat] low and high boundaries for computing mean and std.dev: (198, 233)
[M::mem_pestat] mean and std.dev: (215.74, 4.22)
[M::mem_pestat] low and high boundaries for proper pairs: (191, 240)
[M::mem_pestat] skip orientation RR as there are not enough pairs
[M::mem_pestat] skip orientation RF
[M::mem_process_seqs] Processed 79682 reads in 25.900 CPU sec, 12.723 real sec
[M::process] read 79682 sequences (20000182 bp)...
[M::mem_pestat] # candidate unique pairs for (FF, FR, RF, RR): (7, 38032, 73, 13)
[M::mem_pestat] skip orientation FF as there are not enough pairs
[M::mem_pestat] analyzing insert size distribution for orientation FR...
[M::mem_pestat] (25, 50, 75) percentile: (380, 385, 393)
[M::mem_pestat] low and high boundaries for computing mean and std.dev: (354, 419)
[M::mem_pestat] mean and std.dev: (388.72, 10.49)
[M::mem_pestat] low and high boundaries for proper pairs: (341, 432)
[M::mem_pestat] analyzing insert size distribution for orientation RF...
[M::mem_pestat] (25, 50, 75) percentile: (215, 215, 241)
[M::mem_pestat] low and high boundaries for computing mean and std.dev: (163, 293)
[M::mem_pestat] mean and std.dev: (215.23, 13.81)
[M::mem_pestat] low and high boundaries for proper pairs: (137, 319)
[M::mem_pestat] analyzing insert size distribution for orientation RR...
[M::mem_pestat] (25, 50, 75) percentile: (583, 636, 6057)
[M::mem_pestat] low and high boundaries for computing mean and std.dev: (1, 17005)
[M::mem_pestat] mean and std.dev: (2899.77, 3160.76)
[M::mem_pestat] low and high boundaries for proper pairs: (1, 22479)
[M::mem_pestat] skip orientation RF
[M::mem_pestat] skip orientation RR
[M::mem_process_seqs] Processed 79682 reads in 22.921 CPU sec, 11.244 real sec
[M::process] read 79682 sequences (20000182 bp)...
[M::mem_pestat] # candidate unique pairs for (FF, FR, RF, RR): (7, 38043, 69, 11)
[M::mem_pestat] skip orientation FF as there are not enough pairs
[M::mem_pestat] analyzing insert size distribution for orientation FR...
[M::mem_pestat] (25, 50, 75) percentile: (379, 384, 393)
[M::mem_pestat] low and high boundaries for computing mean and std.dev: (351, 421)
[M::mem_pestat] mean and std.dev: (388.58, 10.67)
[M::mem_pestat] low and high boundaries for proper pairs: (337, 435)
[M::mem_pestat] analyzing insert size distribution for orientation RF...
[M::mem_pestat] (25, 50, 75) percentile: (192, 215, 242)
[M::mem_pestat] low and high boundaries for computing mean and std.dev: (92, 342)
[M::mem_pestat] mean and std.dev: (205.73, 28.47)
[M::mem_pestat] low and high boundaries for proper pairs: (42, 392)
[M::mem_pestat] analyzing insert size distribution for orientation RR...
[M::mem_pestat] (25, 50, 75) percentile: (577, 943, 6523)
[M::mem_pestat] low and high boundaries for computing mean and std.dev: (1, 18415)
[M::mem_pestat] mean and std.dev: (3009.91, 3071.34)
[M::mem_pestat] low and high boundaries for proper pairs: (1, 24361)
[M::mem_pestat] skip orientation RF
[M::mem_pestat] skip orientation RR
[M::mem_process_seqs] Processed 79682 reads in 28.878 CPU sec, 14.208 real sec
[M::process] read 79682 sequences (20000182 bp)...
[M::mem_pestat] # candidate unique pairs for (FF, FR, RF, RR): (7, 38034, 61, 20)
[M::mem_pestat] skip orientation FF as there are not enough pairs
[M::mem_pestat] analyzing insert size distribution for orientation FR...
[M::mem_pestat] (25, 50, 75) percentile: (379, 384, 393)
[M::mem_pestat] low and high boundaries for computing mean and std.dev: (351, 421)
[M::mem_pestat] mean and std.dev: (388.18, 10.77)
[M::mem_pestat] low and high boundaries for proper pairs: (337, 435)
[M::mem_pestat] analyzing insert size distribution for orientation RF...
[M::mem_pestat] (25, 50, 75) percentile: (215, 215, 218)
[M::mem_pestat] low and high boundaries for computing mean and std.dev: (209, 224)
[M::mem_pestat] mean and std.dev: (215.59, 2.28)
[M::mem_pestat] low and high boundaries for proper pairs: (206, 227)
[M::mem_pestat] analyzing insert size distribution for orientation RR...
[M::mem_pestat] (25, 50, 75) percentile: (1759, 2177, 7633)
[M::mem_pestat] low and high boundaries for computing mean and std.dev: (1, 19381)
[M::mem_pestat] mean and std.dev: (3905.45, 3112.64)
[M::mem_pestat] low and high boundaries for proper pairs: (1, 25255)
[M::mem_pestat] skip orientation RF
[M::mem_pestat] skip orientation RR
[M::mem_process_seqs] Processed 79682 reads in 22.867 CPU sec, 11.216 real sec
[M::process] read 79682 sequences (20000182 bp)...
[M::mem_pestat] # candidate unique pairs for (FF, FR, RF, RR): (12, 38085, 61, 7)
[M::mem_pestat] analyzing insert size distribution for orientation FF...
[M::mem_pestat] (25, 50, 75) percentile: (1665, 4646, 7890)
[M::mem_pestat] low and high boundaries for computing mean and std.dev: (1, 20340)
[M::mem_pestat] mean and std.dev: (4259.58, 3402.64)
[M::mem_pestat] low and high boundaries for proper pairs: (1, 26565)
[M::mem_pestat] analyzing insert size distribution for orientation FR...
[M::mem_pestat] (25, 50, 75) percentile: (379, 385, 393)
[M::mem_pestat] low and high boundaries for computing mean and std.dev: (351, 421)
[M::mem_pestat] mean and std.dev: (388.70, 10.61)
[M::mem_pestat] low and high boundaries for proper pairs: (337, 435)
[M::mem_pestat] analyzing insert size distribution for orientation RF...
[M::mem_pestat] (25, 50, 75) percentile: (212, 215, 231)
[M::mem_pestat] low and high boundaries for computing mean and std.dev: (174, 269)
[M::mem_pestat] mean and std.dev: (209.04, 11.13)
[M::mem_pestat] low and high boundaries for proper pairs: (155, 288)
[M::mem_pestat] skip orientation RR as there are not enough pairs
[M::mem_pestat] skip orientation FF
[M::mem_pestat] skip orientation RF
[M::mem_process_seqs] Processed 79682 reads in 23.058 CPU sec, 11.313 real sec
[M::process] read 79682 sequences (20000182 bp)...
[M::mem_pestat] # candidate unique pairs for (FF, FR, RF, RR): (10, 38139, 47, 19)
[M::mem_pestat] analyzing insert size distribution for orientation FF...
[M::mem_pestat] (25, 50, 75) percentile: (1614, 1884, 6724)
[M::mem_pestat] low and high boundaries for computing mean and std.dev: (1, 16944)
[M::mem_pestat] mean and std.dev: (3722.00, 2829.86)
[M::mem_pestat] low and high boundaries for proper pairs: (1, 22054)
[M::mem_pestat] analyzing insert size distribution for orientation FR...
[M::mem_pestat] (25, 50, 75) percentile: (379, 384, 393)
[M::mem_pestat] low and high boundaries for computing mean and std.dev: (351, 421)
[M::mem_pestat] mean and std.dev: (388.56, 10.67)
[M::mem_pestat] low and high boundaries for proper pairs: (337, 435)
[M::mem_pestat] analyzing insert size distribution for orientation RF...
[M::mem_pestat] (25, 50, 75) percentile: (215, 215, 222)
[M::mem_pestat] low and high boundaries for computing mean and std.dev: (201, 236)
[M::mem_pestat] mean and std.dev: (215.15, 1.58)
[M::mem_pestat] low and high boundaries for proper pairs: (194, 243)
[M::mem_pestat] analyzing insert size distribution for orientation RR...
[M::mem_pestat] (25, 50, 75) percentile: (1268, 2057, 6897)
[M::mem_pestat] low and high boundaries for computing mean and std.dev: (1, 18155)
[M::mem_pestat] mean and std.dev: (3547.74, 3095.19)
[M::mem_pestat] low and high boundaries for proper pairs: (1, 23784)
[M::mem_pestat] skip orientation FF
[M::mem_pestat] skip orientation RF
[M::mem_pestat] skip orientation RR
[M::mem_process_seqs] Processed 79682 reads in 22.818 CPU sec, 11.195 real sec
[M::process] read 79682 sequences (20000182 bp)...
[M::mem_pestat] # candidate unique pairs for (FF, FR, RF, RR): (6, 38122, 59, 12)
[M::mem_pestat] skip orientation FF as there are not enough pairs
[M::mem_pestat] analyzing insert size distribution for orientation FR...
[M::mem_pestat] (25, 50, 75) percentile: (379, 384, 393)
[M::mem_pestat] low and high boundaries for computing mean and std.dev: (351, 421)
[M::mem_pestat] mean and std.dev: (387.82, 10.82)
[M::mem_pestat] low and high boundaries for proper pairs: (337, 435)
[M::mem_pestat] analyzing insert size distribution for orientation RF...
[M::mem_pestat] (25, 50, 75) percentile: (212, 215, 219)
[M::mem_pestat] low and high boundaries for computing mean and std.dev: (198, 233)
[M::mem_pestat] mean and std.dev: (214.71, 3.10)
[M::mem_pestat] low and high boundaries for proper pairs: (191, 240)
[M::mem_pestat] analyzing insert size distribution for orientation RR...
[M::mem_pestat] (25, 50, 75) percentile: (556, 1268, 8135)
[M::mem_pestat] low and high boundaries for computing mean and std.dev: (1, 23293)
[M::mem_pestat] mean and std.dev: (3625.83, 3675.55)
[M::mem_pestat] low and high boundaries for proper pairs: (1, 30872)
[M::mem_pestat] skip orientation RF
[M::mem_pestat] skip orientation RR
[M::mem_process_seqs] Processed 79682 reads in 23.179 CPU sec, 11.364 real sec
[M::process] read 79682 sequences (20000182 bp)...
[M::mem_pestat] # candidate unique pairs for (FF, FR, RF, RR): (9, 38039, 61, 13)
[M::mem_pestat] skip orientation FF as there are not enough pairs
[M::mem_pestat] analyzing insert size distribution for orientation FR...
[M::mem_pestat] (25, 50, 75) percentile: (379, 385, 393)
[M::mem_pestat] low and high boundaries for computing mean and std.dev: (351, 421)
[M::mem_pestat] mean and std.dev: (388.63, 10.69)
[M::mem_pestat] low and high boundaries for proper pairs: (337, 435)
[M::mem_pestat] analyzing insert size distribution for orientation RF...
[M::mem_pestat] (25, 50, 75) percentile: (215, 215, 1260)
[M::mem_pestat] low and high boundaries for computing mean and std.dev: (1, 3350)
[M::mem_pestat] mean and std.dev: (489.35, 696.52)
[M::mem_pestat] low and high boundaries for proper pairs: (1, 4395)
[M::mem_pestat] analyzing insert size distribution for orientation RR...
[M::mem_pestat] (25, 50, 75) percentile: (610, 2057, 5555)
[M::mem_pestat] low and high boundaries for computing mean and std.dev: (1, 15445)
[M::mem_pestat] mean and std.dev: (3316.69, 3151.92)
[M::mem_pestat] low and high boundaries for proper pairs: (1, 20390)
[M::mem_pestat] skip orientation RF
[M::mem_pestat] skip orientation RR
[M::mem_process_seqs] Processed 79682 reads in 22.472 CPU sec, 10.998 real sec
[M::process] read 79682 sequences (20000182 bp)...
[M::mem_pestat] # candidate unique pairs for (FF, FR, RF, RR): (9, 37999, 65, 6)
[M::mem_pestat] skip orientation FF as there are not enough pairs
[M::mem_pestat] analyzing insert size distribution for orientation FR...
[M::mem_pestat] (25, 50, 75) percentile: (379, 384, 393)
[M::mem_pestat] low and high boundaries for computing mean and std.dev: (351, 421)
[M::mem_pestat] mean and std.dev: (388.51, 10.68)
[M::mem_pestat] low and high boundaries for proper pairs: (337, 435)
[M::mem_pestat] analyzing insert size distribution for orientation RF...
[M::mem_pestat] (25, 50, 75) percentile: (212, 215, 639)
[M::mem_pestat] low and high boundaries for computing mean and std.dev: (1, 1493)
[M::mem_pestat] mean and std.dev: (298.37, 241.37)
[M::mem_pestat] low and high boundaries for proper pairs: (1, 1920)
[M::mem_pestat] skip orientation RR as there are not enough pairs
[M::mem_pestat] skip orientation RF
[M::mem_process_seqs] Processed 79682 reads in 22.062 CPU sec, 10.814 real sec
[M::process] read 79682 sequences (20000182 bp)...
[M::mem_pestat] # candidate unique pairs for (FF, FR, RF, RR): (3, 38018, 61, 14)
[M::mem_pestat] skip orientation FF as there are not enough pairs
[M::mem_pestat] analyzing insert size distribution for orientation FR...
[M::mem_pestat] (25, 50, 75) percentile: (379, 384, 393)
[M::mem_pestat] low and high boundaries for computing mean and std.dev: (351, 421)
[M::mem_pestat] mean and std.dev: (388.24, 10.72)
[M::mem_pestat] low and high boundaries for proper pairs: (337, 435)
[M::mem_pestat] analyzing insert size distribution for orientation RF...
[M::mem_pestat] (25, 50, 75) percentile: (192, 215, 218)
[M::mem_pestat] low and high boundaries for computing mean and std.dev: (140, 270)
[M::mem_pestat] mean and std.dev: (209.23, 14.53)
[M::mem_pestat] low and high boundaries for proper pairs: (114, 296)
[M::mem_pestat] analyzing insert size distribution for orientation RR...
[M::mem_pestat] (25, 50, 75) percentile: (1229, 2057, 3411)
[M::mem_pestat] low and high boundaries for computing mean and std.dev: (1, 7775)
[M::mem_pestat] mean and std.dev: (2167.62, 1725.26)
[M::mem_pestat] low and high boundaries for proper pairs: (1, 9957)
[M::mem_pestat] skip orientation RF
[M::mem_pestat] skip orientation RR
[M::mem_process_seqs] Processed 79682 reads in 23.428 CPU sec, 11.478 real sec
[M::process] read 79682 sequences (20000182 bp)...
[M::mem_pestat] # candidate unique pairs for (FF, FR, RF, RR): (7, 38172, 68, 11)
[M::mem_pestat] skip orientation FF as there are not enough pairs
[M::mem_pestat] analyzing insert size distribution for orientation FR...
[M::mem_pestat] (25, 50, 75) percentile: (379, 385, 393)
[M::mem_pestat] low and high boundaries for computing mean and std.dev: (351, 421)
[M::mem_pestat] mean and std.dev: (388.69, 10.71)
[M::mem_pestat] low and high boundaries for proper pairs: (337, 435)
[M::mem_pestat] analyzing insert size distribution for orientation RF...
[M::mem_pestat] (25, 50, 75) percentile: (215, 215, 826)
[M::mem_pestat] low and high boundaries for computing mean and std.dev: (1, 2048)
[M::mem_pestat] mean and std.dev: (354.00, 336.97)
[M::mem_pestat] low and high boundaries for proper pairs: (1, 2659)
[M::mem_pestat] analyzing insert size distribution for orientation RR...
[M::mem_pestat] (25, 50, 75) percentile: (556, 2034, 2060)
[M::mem_pestat] low and high boundaries for computing mean and std.dev: (1, 5068)
[M::mem_pestat] mean and std.dev: (1162.56, 798.34)
[M::mem_pestat] low and high boundaries for proper pairs: (1, 6572)
[M::mem_pestat] skip orientation RF
[M::mem_pestat] skip orientation RR
[M::mem_process_seqs] Processed 79682 reads in 25.821 CPU sec, 12.686 real sec
[M::process] read 79682 sequences (20000182 bp)...
[M::mem_pestat] # candidate unique pairs for (FF, FR, RF, RR): (7, 38139, 68, 6)
[M::mem_pestat] skip orientation FF as there are not enough pairs
[M::mem_pestat] analyzing insert size distribution for orientation FR...
[M::mem_pestat] (25, 50, 75) percentile: (379, 384, 393)
[M::mem_pestat] low and high boundaries for computing mean and std.dev: (351, 421)
[M::mem_pestat] mean and std.dev: (388.65, 10.72)
[M::mem_pestat] low and high boundaries for proper pairs: (337, 435)
[M::mem_pestat] analyzing insert size distribution for orientation RF...
[M::mem_pestat] (25, 50, 75) percentile: (215, 215, 220)
[M::mem_pestat] low and high boundaries for computing mean and std.dev: (205, 230)
[M::mem_pestat] mean and std.dev: (215.41, 2.41)
[M::mem_pestat] low and high boundaries for proper pairs: (200, 235)
[M::mem_pestat] skip orientation RR as there are not enough pairs
[M::mem_pestat] skip orientation RF
[M::mem_process_seqs] Processed 79682 reads in 21.876 CPU sec, 10.692 real sec
[M::process] read 79682 sequences (20000182 bp)...
[M::mem_pestat] # candidate unique pairs for (FF, FR, RF, RR): (9, 38147, 68, 13)
[M::mem_pestat] skip orientation FF as there are not enough pairs
[M::mem_pestat] analyzing insert size distribution for orientation FR...
[M::mem_pestat] (25, 50, 75) percentile: (379, 384, 393)
[M::mem_pestat] low and high boundaries for computing mean and std.dev: (351, 421)
[M::mem_pestat] mean and std.dev: (388.35, 10.67)
[M::mem_pestat] low and high boundaries for proper pairs: (337, 435)
[M::mem_pestat] analyzing insert size distribution for orientation RF...
[M::mem_pestat] (25, 50, 75) percentile: (215, 215, 763)
[M::mem_pestat] low and high boundaries for computing mean and std.dev: (1, 1859)
[M::mem_pestat] mean and std.dev: (408.67, 420.48)
[M::mem_pestat] low and high boundaries for proper pairs: (1, 2407)
[M::mem_pestat] analyzing insert size distribution for orientation RR...
[M::mem_pestat] (25, 50, 75) percentile: (623, 2057, 8135)
[M::mem_pestat] low and high boundaries for computing mean and std.dev: (1, 23159)
[M::mem_pestat] mean and std.dev: (3755.54, 3202.50)
[M::mem_pestat] low and high boundaries for proper pairs: (1, 30671)
[M::mem_pestat] skip orientation RF
[M::mem_pestat] skip orientation RR
[M::mem_process_seqs] Processed 79682 reads in 21.901 CPU sec, 10.738 real sec
[M::process] read 79682 sequences (20000182 bp)...
[M::mem_pestat] # candidate unique pairs for (FF, FR, RF, RR): (7, 38126, 56, 10)
[M::mem_pestat] skip orientation FF as there are not enough pairs
[M::mem_pestat] analyzing insert size distribution for orientation FR...
[M::mem_pestat] (25, 50, 75) percentile: (379, 385, 393)
[M::mem_pestat] low and high boundaries for computing mean and std.dev: (351, 421)
[M::mem_pestat] mean and std.dev: (388.78, 10.64)
[M::mem_pestat] low and high boundaries for proper pairs: (337, 435)
[M::mem_pestat] analyzing insert size distribution for orientation RF...
[M::mem_pestat] (25, 50, 75) percentile: (212, 215, 216)
[M::mem_pestat] low and high boundaries for computing mean and std.dev: (204, 224)
[M::mem_pestat] mean and std.dev: (214.70, 2.17)
[M::mem_pestat] low and high boundaries for proper pairs: (200, 228)
[M::mem_pestat] analyzing insert size distribution for orientation RR...
[M::mem_pestat] (25, 50, 75) percentile: (556, 2427, 4840)
[M::mem_pestat] low and high boundaries for computing mean and std.dev: (1, 13408)
[M::mem_pestat] mean and std.dev: (2692.40, 2125.14)
[M::mem_pestat] low and high boundaries for proper pairs: (1, 17692)
[M::mem_pestat] skip orientation RF
[M::mem_pestat] skip orientation RR
[M::mem_process_seqs] Processed 79682 reads in 20.731 CPU sec, 10.124 real sec
[M::process] read 77424 sequences (19433424 bp)...
[M::mem_pestat] # candidate unique pairs for (FF, FR, RF, RR): (14, 38072, 60, 14)
[M::mem_pestat] analyzing insert size distribution for orientation FF...
[M::mem_pestat] (25, 50, 75) percentile: (1268, 1834, 4296)
[M::mem_pestat] low and high boundaries for computing mean and std.dev: (1, 10352)
[M::mem_pestat] mean and std.dev: (3125.36, 2776.77)
[M::mem_pestat] low and high boundaries for proper pairs: (1, 14232)
[M::mem_pestat] analyzing insert size distribution for orientation FR...
[M::mem_pestat] (25, 50, 75) percentile: (379, 384, 393)
[M::mem_pestat] low and high boundaries for computing mean and std.dev: (351, 421)
[M::mem_pestat] mean and std.dev: (388.54, 10.68)
[M::mem_pestat] low and high boundaries for proper pairs: (337, 435)
[M::mem_pestat] analyzing insert size distribution for orientation RF...
[M::mem_pestat] (25, 50, 75) percentile: (215, 215, 217)
[M::mem_pestat] low and high boundaries for computing mean and std.dev: (211, 221)
[M::mem_pestat] mean and std.dev: (215.03, 1.14)
[M::mem_pestat] low and high boundaries for proper pairs: (209, 223)
[M::mem_pestat] analyzing insert size distribution for orientation RR...
[M::mem_pestat] (25, 50, 75) percentile: (2057, 2744, 5110)
[M::mem_pestat] low and high boundaries for computing mean and std.dev: (1, 11216)
[M::mem_pestat] mean and std.dev: (3387.00, 2262.98)
[M::mem_pestat] low and high boundaries for proper pairs: (1, 14269)
[M::mem_pestat] skip orientation FF
[M::mem_pestat] skip orientation RF
[M::mem_pestat] skip orientation RR
[M::mem_process_seqs] Processed 79682 reads in 21.181 CPU sec, 10.387 real sec
[M::mem_pestat] # candidate unique pairs for (FF, FR, RF, RR): (9, 36986, 53, 9)
[M::mem_pestat] skip orientation FF as there are not enough pairs
[M::mem_pestat] analyzing insert size distribution for orientation FR...
[M::mem_pestat] (25, 50, 75) percentile: (379, 384, 393)
[M::mem_pestat] low and high boundaries for computing mean and std.dev: (351, 421)
[M::mem_pestat] mean and std.dev: (388.18, 10.75)
[M::mem_pestat] low and high boundaries for proper pairs: (337, 435)
[M::mem_pestat] analyzing insert size distribution for orientation RF...
[M::mem_pestat] (25, 50, 75) percentile: (215, 215, 245)
[M::mem_pestat] low and high boundaries for computing mean and std.dev: (155, 305)
[M::mem_pestat] mean and std.dev: (212.47, 17.60)
[M::mem_pestat] low and high boundaries for proper pairs: (125, 335)
[M::mem_pestat] skip orientation RR as there are not enough pairs
[M::mem_pestat] skip orientation RF
[M::mem_process_seqs] Processed 77424 reads in 21.097 CPU sec, 10.470 real sec
[main] Version: 0.7.17-r1188
[main] CMD: bwa mem -t 2 /workspace/home/nasirja/covid-19-signal/data/composite_human_viral_reference.fna SC2233/raw_fastq/SC2233_R1.fastq.gz SC2233/raw_fastq/SC2233_R2.fastq.gz
[main] Real time: 289.109 sec; CPU: 577.682 sec
viral read count = 1720903 (90.09%)
human read count = 135244 (7.08%) 
unmapped read count = 53963 (2.83%)
