Path to Cutadapt set as: 'cutadapt' (default)
Cutadapt seems to be working fine (tested command 'cutadapt --version')
Cutadapt version: 4.1
Could not detect version of Python used by Cutadapt from the first line of Cutadapt (but found this: >>>#!/bin/sh<<<)
Letting the (modified) Cutadapt deal with the Python version instead
Parallel gzip (pigz) detected. Proceeding with multicore (de)compression using 2 cores

No quality encoding type selected. Assuming that the data provided uses Sanger encoded Phred scores (default)

Output will be written into the directory: /workspace/home/nasirja/covid-19-signal/subset_viral_7_results_dir/SC2192/adapter_trimmed/


AUTO-DETECTING ADAPTER TYPE
===========================
Attempting to auto-detect adapter type from the first 1 million sequences of the first file (>> SC2192/host_removal/SC2192_R1.fastq.gz <<)

Found perfect matches for the following adapter sequences:
Adapter type	Count	Sequence	Sequences analysed	Percentage
Illumina	10242	AGATCGGAAGAGC	612327	1.67
smallRNA	0	TGGAATTCTCGG	612327	0.00
Nextera	0	CTGTCTCTTATA	612327	0.00
Using Illumina adapter for trimming (count: 10242). Second best hit was smallRNA (count: 0)

Writing report to '/workspace/home/nasirja/covid-19-signal/subset_viral_7_results_dir/SC2192/adapter_trimmed/SC2192_R1.fastq.gz_trimming_report.txt'

SUMMARISING RUN PARAMETERS
==========================
Input filename: SC2192/host_removal/SC2192_R1.fastq.gz
Trimming mode: paired-end
Trim Galore version: 0.6.4_dev
Cutadapt version: 4.1
Python version: could not detect
Number of cores used for trimming: 2
Quality Phred score cutoff: 20
Quality encoding type selected: ASCII+33
Adapter sequence: 'AGATCGGAAGAGC' (Illumina TruSeq, Sanger iPCR; auto-detected)
Maximum trimming error rate: 0.1 (default)
Minimum required adapter overlap (stringency): 1 bp
Minimum required sequence length for both reads before a sequence pair gets removed: 20 bp
Running FastQC on the data once trimming has completed
Output file(s) will be GZIP compressed

Cutadapt seems to be fairly up-to-date (version 4.1). Setting -j 2
Writing final adapter and quality trimmed output to SC2192_R1_trimmed.fq.gz


  >>> Now performing quality (cutoff '-q 20') and adapter trimming in a single pass for the adapter sequence: 'AGATCGGAAGAGC' from file SC2192/host_removal/SC2192_R1.fastq.gz <<< 
This is cutadapt 4.1 with Python 3.9.13
Command line parameters: -j 2 -e 0.1 -q 20 -O 1 -a AGATCGGAAGAGC SC2192/host_removal/SC2192_R1.fastq.gz
Processing single-end reads on 2 cores ...
Finished in 26.99 s (44 µs/read; 1.36 M reads/minute).

=== Summary ===

Total reads processed:                 612,327
Reads with adapters:                   218,257 (35.6%)
Reads written (passing filters):       612,327 (100.0%)

Total basepairs processed:   153,694,077 bp
Quality-trimmed:                 866,712 bp (0.6%)
Total written (filtered):    151,667,522 bp (98.7%)

=== Adapter 1 ===

Sequence: AGATCGGAAGAGC; Type: regular 3'; Length: 13; Trimmed: 218257 times

Minimum overlap: 1
No. of allowed errors:
1-9 bp: 0; 10-13 bp: 1

Bases preceding removed adapters:
  A: 32.6%
  C: 22.2%
  G: 12.2%
  T: 32.5%
  none/other: 0.5%

Overview of removed sequences
length	count	expect	max.err	error counts
1	143620	153081.8	0	143620
2	51512	38270.4	0	51512
3	6808	9567.6	0	6808
4	1959	2391.9	0	1959
5	95	598.0	0	95
6	122	149.5	0	122
7	1944	37.4	0	1944
8	85	9.3	0	85
9	150	2.3	0	150
10	110	0.6	1	103 7
11	65	0.1	1	62 3
12	144	0.0	1	139 5
13	84	0.0	1	79 5
14	58	0.0	1	51 7
15	79	0.0	1	75 4
16	62	0.0	1	59 3
17	72	0.0	1	70 2
18	93	0.0	1	89 4
19	27	0.0	1	27
20	76	0.0	1	75 1
21	48	0.0	1	47 1
22	60	0.0	1	56 4
23	69	0.0	1	64 5
24	795	0.0	1	774 21
25	217	0.0	1	208 9
26	54	0.0	1	51 3
27	78	0.0	1	72 6
28	125	0.0	1	120 5
29	48	0.0	1	47 1
30	85	0.0	1	82 3
31	70	0.0	1	67 3
32	88	0.0	1	83 5
33	32	0.0	1	26 6
34	67	0.0	1	61 6
35	47	0.0	1	43 4
36	66	0.0	1	61 5
37	114	0.0	1	105 9
38	131	0.0	1	124 7
39	71	0.0	1	64 7
40	36	0.0	1	29 7
41	171	0.0	1	157 14
42	155	0.0	1	143 12
43	137	0.0	1	126 11
44	36	0.0	1	32 4
45	57	0.0	1	55 2
46	27	0.0	1	25 2
47	66	0.0	1	59 7
48	28	0.0	1	27 1
49	62	0.0	1	61 1
50	48	0.0	1	42 6
51	67	0.0	1	61 6
52	40	0.0	1	36 4
53	62	0.0	1	59 3
54	142	0.0	1	127 15
55	56	0.0	1	53 3
56	30	0.0	1	25 5
57	62	0.0	1	60 2
58	25	0.0	1	24 1
59	63	0.0	1	61 2
60	40	0.0	1	38 2
61	41	0.0	1	39 2
62	23	0.0	1	22 1
63	64	0.0	1	59 5
64	27	0.0	1	24 3
65	38	0.0	1	35 3
66	41	0.0	1	40 1
67	19	0.0	1	17 2
68	36	0.0	1	34 2
69	55	0.0	1	47 8
70	43	0.0	1	42 1
71	74	0.0	1	68 6
72	97	0.0	1	84 13
73	153	0.0	1	137 16
74	241	0.0	1	199 42
75	436	0.0	1	361 75
76	1172	0.0	1	1074 98
77	973	0.0	1	886 87
78	521	0.0	1	465 56
79	296	0.0	1	254 42
80	181	0.0	1	157 24
81	121	0.0	1	97 24
82	110	0.0	1	96 14
83	86	0.0	1	69 17
84	57	0.0	1	45 12
85	77	0.0	1	67 10
86	58	0.0	1	50 8
87	61	0.0	1	44 17
88	37	0.0	1	30 7
89	72	0.0	1	60 12
90	38	0.0	1	34 4
91	28	0.0	1	26 2
92	27	0.0	1	27
93	63	0.0	1	57 6
94	285	0.0	1	278 7
95	45	0.0	1	39 6
96	59	0.0	1	51 8
97	46	0.0	1	42 4
98	17	0.0	1	14 3
99	25	0.0	1	23 2
100	15	0.0	1	13 2
101	15	0.0	1	10 5
102	18	0.0	1	16 2
103	14	0.0	1	13 1
104	12	0.0	1	6 6
105	24	0.0	1	18 6
106	13	0.0	1	10 3
107	17	0.0	1	13 4
108	24	0.0	1	19 5
109	17	0.0	1	13 4
110	14	0.0	1	11 3
111	11	0.0	1	8 3
112	11	0.0	1	8 3
113	22	0.0	1	15 7
114	12	0.0	1	8 4
115	15	0.0	1	8 7
116	11	0.0	1	7 4
117	18	0.0	1	13 5
118	12	0.0	1	6 6
119	8	0.0	1	5 3
120	8	0.0	1	6 2
121	13	0.0	1	10 3
122	10	0.0	1	6 4
123	14	0.0	1	9 5
124	5	0.0	1	4 1
125	12	0.0	1	7 5
126	10	0.0	1	8 2
127	28	0.0	1	22 6
128	7	0.0	1	3 4
129	5	0.0	1	4 1
130	11	0.0	1	5 6
131	10	0.0	1	6 4
132	8	0.0	1	3 5
133	14	0.0	1	9 5
134	12	0.0	1	8 4
135	6	0.0	1	2 4
136	4	0.0	1	1 3
137	11	0.0	1	5 6
138	6	0.0	1	3 3
139	2	0.0	1	0 2
140	6	0.0	1	1 5
141	32	0.0	1	30 2
142	7	0.0	1	4 3
143	5	0.0	1	3 2
144	9	0.0	1	5 4
145	13	0.0	1	3 10
146	10	0.0	1	8 2
147	24	0.0	1	18 6
148	7	0.0	1	4 3
149	9	0.0	1	5 4
150	10	0.0	1	8 2
151	7	0.0	1	5 2
152	9	0.0	1	8 1
153	16	0.0	1	14 2
154	17	0.0	1	12 5
155	15	0.0	1	12 3
156	29	0.0	1	25 4
157	13	0.0	1	10 3
158	18	0.0	1	14 4
159	17	0.0	1	17
160	25	0.0	1	22 3
161	27	0.0	1	20 7
162	26	0.0	1	24 2
163	15	0.0	1	13 2
164	21	0.0	1	15 6
165	8	0.0	1	7 1
166	28	0.0	1	25 3
167	36	0.0	1	29 7
168	6	0.0	1	4 2
169	20	0.0	1	18 2
170	9	0.0	1	9
171	7	0.0	1	5 2
172	15	0.0	1	11 4
173	14	0.0	1	11 3
174	10	0.0	1	3 7
175	19	0.0	1	14 5
176	14	0.0	1	13 1
177	4	0.0	1	2 2
178	3	0.0	1	2 1
179	7	0.0	1	4 3
180	8	0.0	1	6 2
181	1	0.0	1	1
182	4	0.0	1	1 3
183	9	0.0	1	6 3
184	3	0.0	1	2 1
185	19	0.0	1	17 2
186	1	0.0	1	1
187	3	0.0	1	2 1
188	5	0.0	1	3 2
189	4	0.0	1	4
190	6	0.0	1	5 1
191	2	0.0	1	2
192	11	0.0	1	10 1
193	2	0.0	1	2
195	3	0.0	1	2 1
196	2	0.0	1	1 1
197	2	0.0	1	1 1
198	4	0.0	1	2 2
199	5	0.0	1	5
200	6	0.0	1	5 1
201	6	0.0	1	3 3
202	4	0.0	1	3 1
203	2	0.0	1	2
204	4	0.0	1	2 2
205	3	0.0	1	2 1
207	2	0.0	1	0 2
208	5	0.0	1	4 1
209	1	0.0	1	1
210	3	0.0	1	3
211	3	0.0	1	2 1
212	1	0.0	1	0 1
213	4	0.0	1	3 1
214	1	0.0	1	1
215	2	0.0	1	2
216	4	0.0	1	4
217	4	0.0	1	1 3
218	1	0.0	1	1
219	2	0.0	1	1 1
220	1	0.0	1	0 1
221	1	0.0	1	1
222	1	0.0	1	1
223	3	0.0	1	3
224	4	0.0	1	4
225	2	0.0	1	2
226	4	0.0	1	2 2
227	3	0.0	1	2 1
228	2	0.0	1	2
229	2	0.0	1	2
230	5	0.0	1	4 1
231	4	0.0	1	2 2
232	5	0.0	1	4 1
233	2	0.0	1	1 1
235	2	0.0	1	1 1
237	1	0.0	1	1
238	5	0.0	1	5
239	4	0.0	1	4
241	1	0.0	1	1
242	1	0.0	1	0 1
243	2	0.0	1	2
244	4	0.0	1	3 1
245	1	0.0	1	0 1
246	4	0.0	1	0 4
247	1	0.0	1	0 1
248	3	0.0	1	1 2
249	8	0.0	1	1 7
250	15	0.0	1	0 15
251	245	0.0	1	0 245

RUN STATISTICS FOR INPUT FILE: SC2192/host_removal/SC2192_R1.fastq.gz
=============================================
612327 sequences processed in total
The length threshold of paired-end sequences gets evaluated later on (in the validation step)

Writing report to '/workspace/home/nasirja/covid-19-signal/subset_viral_7_results_dir/SC2192/adapter_trimmed/SC2192_R2.fastq.gz_trimming_report.txt'

SUMMARISING RUN PARAMETERS
==========================
Input filename: SC2192/host_removal/SC2192_R2.fastq.gz
Trimming mode: paired-end
Trim Galore version: 0.6.4_dev
Cutadapt version: 4.1
Python version: could not detect
Number of cores used for trimming: 2
Quality Phred score cutoff: 20
Quality encoding type selected: ASCII+33
Adapter sequence: 'AGATCGGAAGAGC' (Illumina TruSeq, Sanger iPCR; auto-detected)
Maximum trimming error rate: 0.1 (default)
Minimum required adapter overlap (stringency): 1 bp
Minimum required sequence length for both reads before a sequence pair gets removed: 20 bp
Running FastQC on the data once trimming has completed
Output file(s) will be GZIP compressed

Cutadapt seems to be fairly up-to-date (version 4.1). Setting -j -j 2
Writing final adapter and quality trimmed output to SC2192_R2_trimmed.fq.gz


  >>> Now performing quality (cutoff '-q 20') and adapter trimming in a single pass for the adapter sequence: 'AGATCGGAAGAGC' from file SC2192/host_removal/SC2192_R2.fastq.gz <<< 
This is cutadapt 4.1 with Python 3.9.13
Command line parameters: -j 2 -e 0.1 -q 20 -O 1 -a AGATCGGAAGAGC SC2192/host_removal/SC2192_R2.fastq.gz
Processing single-end reads on 2 cores ...
Finished in 26.63 s (43 µs/read; 1.38 M reads/minute).

=== Summary ===

Total reads processed:                 612,327
Reads with adapters:                   211,583 (34.6%)
Reads written (passing filters):       612,327 (100.0%)

Total basepairs processed:   153,694,077 bp
Quality-trimmed:               1,873,735 bp (1.2%)
Total written (filtered):    150,802,423 bp (98.1%)

=== Adapter 1 ===

Sequence: AGATCGGAAGAGC; Type: regular 3'; Length: 13; Trimmed: 211583 times

Minimum overlap: 1
No. of allowed errors:
1-9 bp: 0; 10-13 bp: 1

Bases preceding removed adapters:
  A: 35.8%
  C: 20.5%
  G: 12.0%
  T: 31.0%
  none/other: 0.6%

Overview of removed sequences
length	count	expect	max.err	error counts
1	141394	153081.8	0	141394
2	47146	38270.4	0	47146
3	7427	9567.6	0	7427
4	1633	2391.9	0	1633
5	85	598.0	0	85
6	106	149.5	0	106
7	1979	37.4	0	1979
8	59	9.3	0	59
9	133	2.3	0	133
10	140	0.6	1	136 4
11	36	0.1	1	34 2
12	168	0.0	1	158 10
13	25	0.0	1	24 1
14	128	0.0	1	126 2
15	43	0.0	1	40 3
16	48	0.0	1	47 1
17	103	0.0	1	100 3
18	18	0.0	1	16 2
19	104	0.0	1	96 8
20	58	0.0	1	54 4
21	10	0.0	1	8 2
22	59	0.0	1	58 1
23	88	0.0	1	84 4
24	950	0.0	1	927 23
25	30	0.0	1	25 5
26	99	0.0	1	96 3
27	102	0.0	1	97 5
28	128	0.0	1	115 13
29	18	0.0	1	12 6
30	156	0.0	1	152 4
31	12	0.0	1	9 3
32	87	0.0	1	82 5
33	65	0.0	1	60 5
34	33	0.0	1	29 4
35	80	0.0	1	77 3
36	243	0.0	1	236 7
37	123	0.0	1	116 7
38	52	0.0	1	47 5
39	75	0.0	1	68 7
40	92	0.0	1	86 6
41	181	0.0	1	179 2
42	426	0.0	1	411 15
43	110	0.0	1	109 1
44	226	0.0	1	224 2
45	244	0.0	1	236 8
46	182	0.0	1	174 8
47	323	0.0	1	316 7
48	162	0.0	1	156 6
49	112	0.0	1	109 3
50	84	0.0	1	80 4
51	65	0.0	1	62 3
52	56	0.0	1	52 4
53	79	0.0	1	75 4
54	261	0.0	1	259 2
55	48	0.0	1	45 3
56	160	0.0	1	155 5
57	397	0.0	1	388 9
58	183	0.0	1	176 7
59	46	0.0	1	45 1
60	126	0.0	1	124 2
61	46	0.0	1	43 3
62	36	0.0	1	35 1
63	98	0.0	1	95 3
64	47	0.0	1	46 1
65	23	0.0	1	23
66	19	0.0	1	17 2
67	17	0.0	1	17
68	18	0.0	1	17 1
69	17	0.0	1	17
70	18	0.0	1	16 2
71	13	0.0	1	11 2
72	27	0.0	1	23 4
73	38	0.0	1	37 1
74	58	0.0	1	55 3
75	69	0.0	1	58 11
76	114	0.0	1	102 12
77	198	0.0	1	160 38
78	282	0.0	1	208 74
79	403	0.0	1	251 152
80	682	0.0	1	508 174
81	488	0.0	1	371 117
82	218	0.0	1	144 74
83	134	0.0	1	87 47
84	87	0.0	1	53 34
85	60	0.0	1	37 23
86	37	0.0	1	27 10
87	35	0.0	1	17 18
88	23	0.0	1	12 11
89	33	0.0	1	24 9
90	30	0.0	1	17 13
91	26	0.0	1	12 14
92	19	0.0	1	7 12
93	21	0.0	1	15 6
94	177	0.0	1	167 10
95	26	0.0	1	22 4
96	35	0.0	1	29 6
97	25	0.0	1	19 6
98	17	0.0	1	11 6
99	20	0.0	1	17 3
100	12	0.0	1	6 6
101	9	0.0	1	4 5
102	13	0.0	1	12 1
103	8	0.0	1	7 1
104	9	0.0	1	4 5
105	13	0.0	1	11 2
106	6	0.0	1	3 3
107	6	0.0	1	3 3
108	7	0.0	1	7
109	9	0.0	1	6 3
110	7	0.0	1	2 5
111	7	0.0	1	3 4
112	7	0.0	1	3 4
113	11	0.0	1	6 5
114	3	0.0	1	3
115	8	0.0	1	3 5
116	6	0.0	1	4 2
117	19	0.0	1	17 2
118	6	0.0	1	5 1
119	4	0.0	1	2 2
120	3	0.0	1	0 3
121	8	0.0	1	6 2
122	2	0.0	1	0 2
123	5	0.0	1	4 1
124	10	0.0	1	3 7
125	9	0.0	1	3 6
126	7	0.0	1	2 5
127	17	0.0	1	13 4
128	3	0.0	1	1 2
129	5	0.0	1	3 2
130	8	0.0	1	3 5
131	6	0.0	1	3 3
132	6	0.0	1	4 2
133	6	0.0	1	4 2
134	7	0.0	1	2 5
135	8	0.0	1	3 5
136	5	0.0	1	4 1
137	5	0.0	1	1 4
138	6	0.0	1	2 4
139	4	0.0	1	2 2
140	5	0.0	1	0 5
141	14	0.0	1	13 1
142	8	0.0	1	5 3
143	7	0.0	1	4 3
144	4	0.0	1	2 2
145	5	0.0	1	5
146	4	0.0	1	3 1
147	12	0.0	1	8 4
148	8	0.0	1	4 4
149	4	0.0	1	2 2
150	2	0.0	1	1 1
151	11	0.0	1	7 4
152	8	0.0	1	4 4
153	13	0.0	1	8 5
154	13	0.0	1	11 2
155	9	0.0	1	6 3
156	20	0.0	1	16 4
157	7	0.0	1	5 2
158	14	0.0	1	12 2
159	17	0.0	1	12 5
160	10	0.0	1	9 1
161	15	0.0	1	11 4
162	13	0.0	1	10 3
163	21	0.0	1	16 5
164	11	0.0	1	10 1
165	1	0.0	1	1
166	10	0.0	1	6 4
167	17	0.0	1	15 2
168	17	0.0	1	16 1
169	8	0.0	1	7 1
170	9	0.0	1	8 1
171	4	0.0	1	3 1
172	10	0.0	1	6 4
173	7	0.0	1	6 1
174	10	0.0	1	7 3
175	7	0.0	1	6 1
176	11	0.0	1	10 1
177	4	0.0	1	3 1
179	1	0.0	1	1
180	8	0.0	1	6 2
181	3	0.0	1	1 2
182	1	0.0	1	0 1
183	2	0.0	1	2
184	2	0.0	1	2
185	12	0.0	1	12
186	3	0.0	1	1 2
187	3	0.0	1	2 1
188	1	0.0	1	0 1
189	3	0.0	1	3
190	4	0.0	1	4
191	2	0.0	1	2
192	6	0.0	1	6
193	4	0.0	1	4
194	1	0.0	1	0 1
195	2	0.0	1	1 1
198	1	0.0	1	1
199	3	0.0	1	3
200	5	0.0	1	4 1
201	1	0.0	1	1
202	1	0.0	1	1
203	2	0.0	1	0 2
206	1	0.0	1	1
207	1	0.0	1	1
208	7	0.0	1	7
210	3	0.0	1	3
211	2	0.0	1	1 1
212	1	0.0	1	1
213	4	0.0	1	2 2
214	2	0.0	1	2
216	3	0.0	1	3
217	1	0.0	1	1
221	1	0.0	1	1
222	2	0.0	1	2
223	2	0.0	1	2
224	2	0.0	1	2
225	1	0.0	1	1
226	2	0.0	1	2
228	2	0.0	1	1 1
229	2	0.0	1	2
230	1	0.0	1	1
231	2	0.0	1	2
232	1	0.0	1	1
233	1	0.0	1	1
235	3	0.0	1	2 1
236	2	0.0	1	2
238	2	0.0	1	2
240	1	0.0	1	1
241	3	0.0	1	2 1
242	2	0.0	1	2
243	2	0.0	1	0 2
244	1	0.0	1	1
245	2	0.0	1	2
247	3	0.0	1	0 3
248	1	0.0	1	1
249	2	0.0	1	0 2
250	10	0.0	1	0 10
251	224	0.0	1	0 224

RUN STATISTICS FOR INPUT FILE: SC2192/host_removal/SC2192_R2.fastq.gz
=============================================
612327 sequences processed in total
The length threshold of paired-end sequences gets evaluated later on (in the validation step)

Validate paired-end files SC2192_R1_trimmed.fq.gz and SC2192_R2_trimmed.fq.gz
file_1: SC2192_R1_trimmed.fq.gz, file_2: SC2192_R2_trimmed.fq.gz


>>>>> Now validing the length of the 2 paired-end infiles: SC2192_R1_trimmed.fq.gz and SC2192_R2_trimmed.fq.gz <<<<<
Writing validated paired-end Read 1 reads to SC2192_R1_val_1.fq.gz
Writing validated paired-end Read 2 reads to SC2192_R2_val_2.fq.gz

Total number of sequences analysed: 612327

Number of sequence pairs removed because at least one read was shorter than the length cutoff (20 bp): 2890 (0.47%)


  >>> Now running FastQC on the validated data SC2192_R1_val_1.fq.gz<<<

Started analysis of SC2192_R1_val_1.fq.gz
Approx 5% complete for SC2192_R1_val_1.fq.gz
Approx 10% complete for SC2192_R1_val_1.fq.gz
Approx 15% complete for SC2192_R1_val_1.fq.gz
Approx 20% complete for SC2192_R1_val_1.fq.gz
Approx 25% complete for SC2192_R1_val_1.fq.gz
Approx 30% complete for SC2192_R1_val_1.fq.gz
Approx 35% complete for SC2192_R1_val_1.fq.gz
Approx 40% complete for SC2192_R1_val_1.fq.gz
Approx 45% complete for SC2192_R1_val_1.fq.gz
Approx 50% complete for SC2192_R1_val_1.fq.gz
Approx 55% complete for SC2192_R1_val_1.fq.gz
Approx 60% complete for SC2192_R1_val_1.fq.gz
Approx 65% complete for SC2192_R1_val_1.fq.gz
Approx 70% complete for SC2192_R1_val_1.fq.gz
Approx 75% complete for SC2192_R1_val_1.fq.gz
Approx 80% complete for SC2192_R1_val_1.fq.gz
Approx 85% complete for SC2192_R1_val_1.fq.gz
Approx 90% complete for SC2192_R1_val_1.fq.gz
Approx 95% complete for SC2192_R1_val_1.fq.gz

  >>> Now running FastQC on the validated data SC2192_R2_val_2.fq.gz<<<

Started analysis of SC2192_R2_val_2.fq.gz
Approx 5% complete for SC2192_R2_val_2.fq.gz
Approx 10% complete for SC2192_R2_val_2.fq.gz
Approx 15% complete for SC2192_R2_val_2.fq.gz
Approx 20% complete for SC2192_R2_val_2.fq.gz
Approx 25% complete for SC2192_R2_val_2.fq.gz
Approx 30% complete for SC2192_R2_val_2.fq.gz
Approx 35% complete for SC2192_R2_val_2.fq.gz
Approx 40% complete for SC2192_R2_val_2.fq.gz
Approx 45% complete for SC2192_R2_val_2.fq.gz
Approx 50% complete for SC2192_R2_val_2.fq.gz
Approx 55% complete for SC2192_R2_val_2.fq.gz
Approx 60% complete for SC2192_R2_val_2.fq.gz
Approx 65% complete for SC2192_R2_val_2.fq.gz
Approx 70% complete for SC2192_R2_val_2.fq.gz
Approx 75% complete for SC2192_R2_val_2.fq.gz
Approx 80% complete for SC2192_R2_val_2.fq.gz
Approx 85% complete for SC2192_R2_val_2.fq.gz
Approx 90% complete for SC2192_R2_val_2.fq.gz
Approx 95% complete for SC2192_R2_val_2.fq.gz
Deleting both intermediate output files SC2192_R1_trimmed.fq.gz and SC2192_R2_trimmed.fq.gz

====================================================================================================

