[M::bwa_idx_load_from_disk] read 0 ALT contigs
[M::process] read 107872 sequences (20000392 bp)...
[M::process] read 57798 sequences (10716398 bp)...
[M::mem_pestat] # candidate unique pairs for (FF, FR, RF, RR): (233, 15259, 39, 224)
[M::mem_pestat] analyzing insert size distribution for orientation FF...
[M::mem_pestat] (25, 50, 75) percentile: (1835, 1835, 1835)
[M::mem_pestat] low and high boundaries for computing mean and std.dev: (1835, 1835)
[M::mem_pestat] mean and std.dev: (1835.00, 0.00)
[M::mem_pestat] low and high boundaries for proper pairs: (1835, 1835)
[M::mem_pestat] analyzing insert size distribution for orientation FR...
[M::mem_pestat] (25, 50, 75) percentile: (24, 24, 25)
[M::mem_pestat] low and high boundaries for computing mean and std.dev: (22, 27)
[M::mem_pestat] mean and std.dev: (24.39, 1.25)
[M::mem_pestat] low and high boundaries for proper pairs: (19, 29)
[M::mem_pestat] analyzing insert size distribution for orientation RF...
[M::mem_pestat] (25, 50, 75) percentile: (2759, 5982, 8109)
[M::mem_pestat] low and high boundaries for computing mean and std.dev: (1, 18809)
[M::mem_pestat] mean and std.dev: (5415.28, 2839.32)
[M::mem_pestat] low and high boundaries for proper pairs: (1, 24159)
[M::mem_pestat] analyzing insert size distribution for orientation RR...
[M::mem_pestat] (25, 50, 75) percentile: (1835, 1835, 4061)
[M::mem_pestat] low and high boundaries for computing mean and std.dev: (1, 8513)
[M::mem_pestat] mean and std.dev: (2841.49, 1843.89)
[M::mem_pestat] low and high boundaries for proper pairs: (1, 10739)
[M::mem_pestat] skip orientation FF
[M::mem_pestat] skip orientation RF
[M::mem_pestat] skip orientation RR
[M::mem_process_seqs] Processed 107872 reads in 8.209 CPU sec, 4.027 real sec
[M::mem_pestat] # candidate unique pairs for (FF, FR, RF, RR): (131, 8568, 16, 113)
[M::mem_pestat] analyzing insert size distribution for orientation FF...
[M::mem_pestat] (25, 50, 75) percentile: (1835, 1835, 1835)
[M::mem_pestat] low and high boundaries for computing mean and std.dev: (1835, 1835)
[M::mem_pestat] mean and std.dev: (1835.00, 0.00)
[M::mem_pestat] low and high boundaries for proper pairs: (1835, 1835)
[M::mem_pestat] analyzing insert size distribution for orientation FR...
[M::mem_pestat] (25, 50, 75) percentile: (24, 24, 25)
[M::mem_pestat] low and high boundaries for computing mean and std.dev: (22, 27)
[M::mem_pestat] mean and std.dev: (24.42, 1.26)
[M::mem_pestat] low and high boundaries for proper pairs: (19, 29)
[M::mem_pestat] analyzing insert size distribution for orientation RF...
[M::mem_pestat] (25, 50, 75) percentile: (2759, 5826, 8109)
[M::mem_pestat] low and high boundaries for computing mean and std.dev: (1, 18809)
[M::mem_pestat] mean and std.dev: (5093.38, 3005.47)
[M::mem_pestat] low and high boundaries for proper pairs: (1, 24159)
[M::mem_pestat] analyzing insert size distribution for orientation RR...
[M::mem_pestat] (25, 50, 75) percentile: (1835, 1835, 3453)
[M::mem_pestat] low and high boundaries for computing mean and std.dev: (1, 6689)
[M::mem_pestat] mean and std.dev: (2335.86, 1114.37)
[M::mem_pestat] low and high boundaries for proper pairs: (1, 8307)
[M::mem_pestat] skip orientation FF
[M::mem_pestat] skip orientation RF
[M::mem_pestat] skip orientation RR
[M::mem_process_seqs] Processed 57798 reads in 6.391 CPU sec, 3.078 real sec
[main] Version: 0.7.17-r1188
[main] CMD: bwa mem -t 2 SC2259/core/viral_reference SC2259/adapter_trimmed/SC2259_R1_val_1_posttrim_filter.fq.gz SC2259/adapter_trimmed/SC2259_R2_val_2_posttrim_filter.fq.gz
[main] Real time: 8.957 sec; CPU: 15.044 sec
[bam_sort_core] merging from 0 files and 2 in-memory blocks...
