[M::bwa_idx_load_from_disk] read 0 ALT contigs
[M::process] read 79682 sequences (20000182 bp)...
[M::process] read 79682 sequences (20000182 bp)...
[M::mem_pestat] # candidate unique pairs for (FF, FR, RF, RR): (10, 39341, 26, 5)
[M::mem_pestat] analyzing insert size distribution for orientation FF...
[M::mem_pestat] (25, 50, 75) percentile: (906, 4591, 7152)
[M::mem_pestat] low and high boundaries for computing mean and std.dev: (1, 19644)
[M::mem_pestat] mean and std.dev: (4281.30, 3625.82)
[M::mem_pestat] low and high boundaries for proper pairs: (1, 25890)
[M::mem_pestat] analyzing insert size distribution for orientation FR...
[M::mem_pestat] (25, 50, 75) percentile: (380, 386, 395)
[M::mem_pestat] low and high boundaries for computing mean and std.dev: (350, 425)
[M::mem_pestat] mean and std.dev: (388.48, 10.43)
[M::mem_pestat] low and high boundaries for proper pairs: (335, 440)
[M::mem_pestat] analyzing insert size distribution for orientation RF...
[M::mem_pestat] (25, 50, 75) percentile: (249, 1463, 2347)
[M::mem_pestat] low and high boundaries for computing mean and std.dev: (1, 6543)
[M::mem_pestat] mean and std.dev: (1558.08, 1534.88)
[M::mem_pestat] low and high boundaries for proper pairs: (1, 8641)
[M::mem_pestat] skip orientation RR as there are not enough pairs
[M::mem_pestat] skip orientation FF
[M::mem_pestat] skip orientation RF
[M::mem_process_seqs] Processed 79682 reads in 15.260 CPU sec, 9.884 real sec
[M::process] read 79682 sequences (20000182 bp)...
[M::mem_pestat] # candidate unique pairs for (FF, FR, RF, RR): (4, 39296, 20, 5)
[M::mem_pestat] skip orientation FF as there are not enough pairs
[M::mem_pestat] analyzing insert size distribution for orientation FR...
[M::mem_pestat] (25, 50, 75) percentile: (380, 386, 394)
[M::mem_pestat] low and high boundaries for computing mean and std.dev: (352, 422)
[M::mem_pestat] mean and std.dev: (388.01, 10.41)
[M::mem_pestat] low and high boundaries for proper pairs: (338, 436)
[M::mem_pestat] analyzing insert size distribution for orientation RF...
[M::mem_pestat] (25, 50, 75) percentile: (226, 848, 3097)
[M::mem_pestat] low and high boundaries for computing mean and std.dev: (1, 8839)
[M::mem_pestat] mean and std.dev: (1889.90, 2130.96)
[M::mem_pestat] low and high boundaries for proper pairs: (1, 11710)
[M::mem_pestat] skip orientation RR as there are not enough pairs
[M::mem_pestat] skip orientation RF
[M::mem_process_seqs] Processed 79682 reads in 17.123 CPU sec, 8.723 real sec
[M::process] read 79682 sequences (20000182 bp)...
[M::mem_pestat] # candidate unique pairs for (FF, FR, RF, RR): (5, 39285, 23, 7)
[M::mem_pestat] skip orientation FF as there are not enough pairs
[M::mem_pestat] analyzing insert size distribution for orientation FR...
[M::mem_pestat] (25, 50, 75) percentile: (380, 386, 396)
[M::mem_pestat] low and high boundaries for computing mean and std.dev: (348, 428)
[M::mem_pestat] mean and std.dev: (388.61, 10.46)
[M::mem_pestat] low and high boundaries for proper pairs: (332, 444)
[M::mem_pestat] analyzing insert size distribution for orientation RF...
[M::mem_pestat] (25, 50, 75) percentile: (223, 1208, 3078)
[M::mem_pestat] low and high boundaries for computing mean and std.dev: (1, 8788)
[M::mem_pestat] mean and std.dev: (1899.96, 1834.38)
[M::mem_pestat] low and high boundaries for proper pairs: (1, 11643)
[M::mem_pestat] skip orientation RR as there are not enough pairs
[M::mem_pestat] skip orientation RF
[M::mem_process_seqs] Processed 79682 reads in 14.537 CPU sec, 7.077 real sec
[M::process] read 79682 sequences (20000182 bp)...
[M::mem_pestat] # candidate unique pairs for (FF, FR, RF, RR): (3, 39270, 28, 6)
[M::mem_pestat] skip orientation FF as there are not enough pairs
[M::mem_pestat] analyzing insert size distribution for orientation FR...
[M::mem_pestat] (25, 50, 75) percentile: (380, 386, 395)
[M::mem_pestat] low and high boundaries for computing mean and std.dev: (350, 425)
[M::mem_pestat] mean and std.dev: (388.17, 10.48)
[M::mem_pestat] low and high boundaries for proper pairs: (335, 440)
[M::mem_pestat] analyzing insert size distribution for orientation RF...
[M::mem_pestat] (25, 50, 75) percentile: (402, 867, 1687)
[M::mem_pestat] low and high boundaries for computing mean and std.dev: (1, 4257)
[M::mem_pestat] mean and std.dev: (1027.35, 824.77)
[M::mem_pestat] low and high boundaries for proper pairs: (1, 5542)
[M::mem_pestat] skip orientation RR as there are not enough pairs
[M::mem_pestat] skip orientation RF
[M::mem_process_seqs] Processed 79682 reads in 15.526 CPU sec, 7.560 real sec
[M::process] read 79682 sequences (20000182 bp)...
[M::mem_pestat] # candidate unique pairs for (FF, FR, RF, RR): (5, 39345, 27, 6)
[M::mem_pestat] skip orientation FF as there are not enough pairs
[M::mem_pestat] analyzing insert size distribution for orientation FR...
[M::mem_pestat] (25, 50, 75) percentile: (380, 386, 396)
[M::mem_pestat] low and high boundaries for computing mean and std.dev: (348, 428)
[M::mem_pestat] mean and std.dev: (388.62, 10.57)
[M::mem_pestat] low and high boundaries for proper pairs: (332, 444)
[M::mem_pestat] analyzing insert size distribution for orientation RF...
[M::mem_pestat] (25, 50, 75) percentile: (251, 1647, 2711)
[M::mem_pestat] low and high boundaries for computing mean and std.dev: (1, 7631)
[M::mem_pestat] mean and std.dev: (1781.48, 1929.76)
[M::mem_pestat] low and high boundaries for proper pairs: (1, 10091)
[M::mem_pestat] skip orientation RR as there are not enough pairs
[M::mem_pestat] skip orientation RF
[M::mem_process_seqs] Processed 79682 reads in 14.375 CPU sec, 6.989 real sec
[M::process] read 79682 sequences (20000182 bp)...
[M::mem_pestat] # candidate unique pairs for (FF, FR, RF, RR): (5, 39321, 27, 7)
[M::mem_pestat] skip orientation FF as there are not enough pairs
[M::mem_pestat] analyzing insert size distribution for orientation FR...
[M::mem_pestat] (25, 50, 75) percentile: (380, 386, 395)
[M::mem_pestat] low and high boundaries for computing mean and std.dev: (350, 425)
[M::mem_pestat] mean and std.dev: (387.95, 10.63)
[M::mem_pestat] low and high boundaries for proper pairs: (335, 440)
[M::mem_pestat] analyzing insert size distribution for orientation RF...
[M::mem_pestat] (25, 50, 75) percentile: (522, 858, 5986)
[M::mem_pestat] low and high boundaries for computing mean and std.dev: (1, 16914)
[M::mem_pestat] mean and std.dev: (2731.81, 3052.45)
[M::mem_pestat] low and high boundaries for proper pairs: (1, 22378)
[M::mem_pestat] skip orientation RR as there are not enough pairs
[M::mem_pestat] skip orientation RF
[M::mem_process_seqs] Processed 79682 reads in 17.211 CPU sec, 8.386 real sec
[M::process] read 79682 sequences (20000182 bp)...
[M::mem_pestat] # candidate unique pairs for (FF, FR, RF, RR): (3, 39304, 18, 3)
[M::mem_pestat] skip orientation FF as there are not enough pairs
[M::mem_pestat] analyzing insert size distribution for orientation FR...
[M::mem_pestat] (25, 50, 75) percentile: (380, 386, 395)
[M::mem_pestat] low and high boundaries for computing mean and std.dev: (350, 425)
[M::mem_pestat] mean and std.dev: (388.52, 10.52)
[M::mem_pestat] low and high boundaries for proper pairs: (335, 440)
[M::mem_pestat] analyzing insert size distribution for orientation RF...
[M::mem_pestat] (25, 50, 75) percentile: (810, 1214, 2654)
[M::mem_pestat] low and high boundaries for computing mean and std.dev: (1, 6342)
[M::mem_pestat] mean and std.dev: (1447.12, 1057.89)
[M::mem_pestat] low and high boundaries for proper pairs: (1, 8186)
[M::mem_pestat] skip orientation RR as there are not enough pairs
[M::mem_pestat] skip orientation RF
[M::mem_process_seqs] Processed 79682 reads in 17.186 CPU sec, 8.381 real sec
[M::process] read 79682 sequences (20000182 bp)...
[M::mem_pestat] # candidate unique pairs for (FF, FR, RF, RR): (4, 39395, 25, 9)
[M::mem_pestat] skip orientation FF as there are not enough pairs
[M::mem_pestat] analyzing insert size distribution for orientation FR...
[M::mem_pestat] (25, 50, 75) percentile: (380, 386, 395)
[M::mem_pestat] low and high boundaries for computing mean and std.dev: (350, 425)
[M::mem_pestat] mean and std.dev: (388.26, 10.52)
[M::mem_pestat] low and high boundaries for proper pairs: (335, 440)
[M::mem_pestat] analyzing insert size distribution for orientation RF...
[M::mem_pestat] (25, 50, 75) percentile: (243, 582, 1665)
[M::mem_pestat] low and high boundaries for computing mean and std.dev: (1, 4509)
[M::mem_pestat] mean and std.dev: (793.43, 856.46)
[M::mem_pestat] low and high boundaries for proper pairs: (1, 5931)
[M::mem_pestat] skip orientation RR as there are not enough pairs
[M::mem_pestat] skip orientation RF
[M::mem_process_seqs] Processed 79682 reads in 15.885 CPU sec, 7.708 real sec
[M::process] read 79682 sequences (20000182 bp)...
[M::mem_pestat] # candidate unique pairs for (FF, FR, RF, RR): (4, 39315, 32, 7)
[M::mem_pestat] skip orientation FF as there are not enough pairs
[M::mem_pestat] analyzing insert size distribution for orientation FR...
[M::mem_pestat] (25, 50, 75) percentile: (380, 386, 395)
[M::mem_pestat] low and high boundaries for computing mean and std.dev: (350, 425)
[M::mem_pestat] mean and std.dev: (388.47, 10.51)
[M::mem_pestat] low and high boundaries for proper pairs: (335, 440)
[M::mem_pestat] analyzing insert size distribution for orientation RF...
[M::mem_pestat] (25, 50, 75) percentile: (246, 1665, 3074)
[M::mem_pestat] low and high boundaries for computing mean and std.dev: (1, 8730)
[M::mem_pestat] mean and std.dev: (2189.75, 2291.45)
[M::mem_pestat] low and high boundaries for proper pairs: (1, 11558)
[M::mem_pestat] skip orientation RR as there are not enough pairs
[M::mem_pestat] skip orientation RF
[M::mem_process_seqs] Processed 79682 reads in 15.286 CPU sec, 7.423 real sec
[M::process] read 79682 sequences (20000182 bp)...
[M::mem_pestat] # candidate unique pairs for (FF, FR, RF, RR): (7, 39263, 24, 13)
[M::mem_pestat] skip orientation FF as there are not enough pairs
[M::mem_pestat] analyzing insert size distribution for orientation FR...
[M::mem_pestat] (25, 50, 75) percentile: (380, 386, 395)
[M::mem_pestat] low and high boundaries for computing mean and std.dev: (350, 425)
[M::mem_pestat] mean and std.dev: (388.09, 10.51)
[M::mem_pestat] low and high boundaries for proper pairs: (335, 440)
[M::mem_pestat] analyzing insert size distribution for orientation RF...
[M::mem_pestat] (25, 50, 75) percentile: (241, 1473, 3362)
[M::mem_pestat] low and high boundaries for computing mean and std.dev: (1, 9604)
[M::mem_pestat] mean and std.dev: (2161.30, 2752.96)
[M::mem_pestat] low and high boundaries for proper pairs: (1, 13173)
[M::mem_pestat] analyzing insert size distribution for orientation RR...
[M::mem_pestat] (25, 50, 75) percentile: (358, 1445, 3693)
[M::mem_pestat] low and high boundaries for computing mean and std.dev: (1, 10363)
[M::mem_pestat] mean and std.dev: (1971.62, 1822.64)
[M::mem_pestat] low and high boundaries for proper pairs: (1, 13698)
[M::mem_pestat] skip orientation RF
[M::mem_pestat] skip orientation RR
[M::mem_process_seqs] Processed 79682 reads in 16.655 CPU sec, 8.125 real sec
[M::process] read 79682 sequences (20000182 bp)...
[M::mem_pestat] # candidate unique pairs for (FF, FR, RF, RR): (5, 39255, 26, 7)
[M::mem_pestat] skip orientation FF as there are not enough pairs
[M::mem_pestat] analyzing insert size distribution for orientation FR...
[M::mem_pestat] (25, 50, 75) percentile: (380, 386, 395)
[M::mem_pestat] low and high boundaries for computing mean and std.dev: (350, 425)
[M::mem_pestat] mean and std.dev: (388.37, 10.43)
[M::mem_pestat] low and high boundaries for proper pairs: (335, 440)
[M::mem_pestat] analyzing insert size distribution for orientation RF...
[M::mem_pestat] (25, 50, 75) percentile: (210, 760, 2699)
[M::mem_pestat] low and high boundaries for computing mean and std.dev: (1, 7677)
[M::mem_pestat] mean and std.dev: (1349.96, 1486.42)
[M::mem_pestat] low and high boundaries for proper pairs: (1, 10166)
[M::mem_pestat] skip orientation RR as there are not enough pairs
[M::mem_pestat] skip orientation RF
[M::mem_process_seqs] Processed 79682 reads in 16.192 CPU sec, 7.879 real sec
[M::process] read 79682 sequences (20000182 bp)...
[M::mem_pestat] # candidate unique pairs for (FF, FR, RF, RR): (6, 39363, 22, 6)
[M::mem_pestat] skip orientation FF as there are not enough pairs
[M::mem_pestat] analyzing insert size distribution for orientation FR...
[M::mem_pestat] (25, 50, 75) percentile: (380, 386, 395)
[M::mem_pestat] low and high boundaries for computing mean and std.dev: (350, 425)
[M::mem_pestat] mean and std.dev: (388.36, 10.47)
[M::mem_pestat] low and high boundaries for proper pairs: (335, 440)
[M::mem_pestat] analyzing insert size distribution for orientation RF...
[M::mem_pestat] (25, 50, 75) percentile: (536, 1700, 2699)
[M::mem_pestat] low and high boundaries for computing mean and std.dev: (1, 7025)
[M::mem_pestat] mean and std.dev: (1736.05, 1587.93)
[M::mem_pestat] low and high boundaries for proper pairs: (1, 9188)
[M::mem_pestat] skip orientation RR as there are not enough pairs
[M::mem_pestat] skip orientation RF
[M::mem_process_seqs] Processed 79682 reads in 16.029 CPU sec, 7.823 real sec
[M::process] read 79682 sequences (20000182 bp)...
[M::mem_pestat] # candidate unique pairs for (FF, FR, RF, RR): (7, 39387, 20, 12)
[M::mem_pestat] skip orientation FF as there are not enough pairs
[M::mem_pestat] analyzing insert size distribution for orientation FR...
[M::mem_pestat] (25, 50, 75) percentile: (380, 386, 395)
[M::mem_pestat] low and high boundaries for computing mean and std.dev: (350, 425)
[M::mem_pestat] mean and std.dev: (388.25, 10.47)
[M::mem_pestat] low and high boundaries for proper pairs: (335, 440)
[M::mem_pestat] analyzing insert size distribution for orientation RF...
[M::mem_pestat] (25, 50, 75) percentile: (725, 1805, 2699)
[M::mem_pestat] low and high boundaries for computing mean and std.dev: (1, 6647)
[M::mem_pestat] mean and std.dev: (1622.58, 1275.71)
[M::mem_pestat] low and high boundaries for proper pairs: (1, 8621)
[M::mem_pestat] analyzing insert size distribution for orientation RR...
[M::mem_pestat] (25, 50, 75) percentile: (302, 587, 1374)
[M::mem_pestat] low and high boundaries for computing mean and std.dev: (1, 3518)
[M::mem_pestat] mean and std.dev: (745.55, 652.26)
[M::mem_pestat] low and high boundaries for proper pairs: (1, 4590)
[M::mem_pestat] skip orientation RF
[M::mem_pestat] skip orientation RR
[M::mem_process_seqs] Processed 79682 reads in 14.665 CPU sec, 7.153 real sec
[M::process] read 79682 sequences (20000182 bp)...
[M::mem_pestat] # candidate unique pairs for (FF, FR, RF, RR): (6, 39309, 30, 9)
[M::mem_pestat] skip orientation FF as there are not enough pairs
[M::mem_pestat] analyzing insert size distribution for orientation FR...
[M::mem_pestat] (25, 50, 75) percentile: (380, 386, 395)
[M::mem_pestat] low and high boundaries for computing mean and std.dev: (350, 425)
[M::mem_pestat] mean and std.dev: (388.41, 10.45)
[M::mem_pestat] low and high boundaries for proper pairs: (335, 440)
[M::mem_pestat] analyzing insert size distribution for orientation RF...
[M::mem_pestat] (25, 50, 75) percentile: (610, 1665, 2699)
[M::mem_pestat] low and high boundaries for computing mean and std.dev: (1, 6877)
[M::mem_pestat] mean and std.dev: (1664.07, 1367.60)
[M::mem_pestat] low and high boundaries for proper pairs: (1, 8966)
[M::mem_pestat] skip orientation RR as there are not enough pairs
[M::mem_pestat] skip orientation RF
[M::mem_process_seqs] Processed 79682 reads in 13.681 CPU sec, 6.645 real sec
[M::process] read 11572 sequences (2904572 bp)...
[M::mem_pestat] # candidate unique pairs for (FF, FR, RF, RR): (2, 39277, 26, 9)
[M::mem_pestat] skip orientation FF as there are not enough pairs
[M::mem_pestat] analyzing insert size distribution for orientation FR...
[M::mem_pestat] (25, 50, 75) percentile: (380, 386, 395)
[M::mem_pestat] low and high boundaries for computing mean and std.dev: (350, 425)
[M::mem_pestat] mean and std.dev: (388.27, 10.50)
[M::mem_pestat] low and high boundaries for proper pairs: (335, 440)
[M::mem_pestat] analyzing insert size distribution for orientation RF...
[M::mem_pestat] (25, 50, 75) percentile: (250, 821, 2700)
[M::mem_pestat] low and high boundaries for computing mean and std.dev: (1, 7600)
[M::mem_pestat] mean and std.dev: (1438.84, 1361.45)
[M::mem_pestat] low and high boundaries for proper pairs: (1, 10050)
[M::mem_pestat] skip orientation RR as there are not enough pairs
[M::mem_pestat] skip orientation RF
[M::mem_process_seqs] Processed 79682 reads in 16.531 CPU sec, 8.189 real sec
[M::mem_pestat] # candidate unique pairs for (FF, FR, RF, RR): (1, 5717, 4, 1)
[M::mem_pestat] skip orientation FF as there are not enough pairs
[M::mem_pestat] analyzing insert size distribution for orientation FR...
[M::mem_pestat] (25, 50, 75) percentile: (379, 385, 394)
[M::mem_pestat] low and high boundaries for computing mean and std.dev: (349, 424)
[M::mem_pestat] mean and std.dev: (387.60, 10.72)
[M::mem_pestat] low and high boundaries for proper pairs: (334, 439)
[M::mem_pestat] skip orientation RF as there are not enough pairs
[M::mem_pestat] skip orientation RR as there are not enough pairs
[M::mem_process_seqs] Processed 11572 reads in 2.747 CPU sec, 1.319 real sec
[main] Version: 0.7.17-r1188
[main] CMD: bwa mem -t 2 /workspace/home/nasirja/covid-19-signal/data/composite_human_viral_reference.fna SC2189/raw_fastq/SC2189_R1.fastq.gz SC2189/raw_fastq/SC2189_R2.fastq.gz
[main] Real time: 124.633 sec; CPU: 243.932 sec
viral read count = 1197197 (99.20%)
human read count = 421 (0.03%) 
unmapped read count = 9184 (0.76%)
