[M::bwa_idx_load_from_disk] read 0 ALT contigs
[M::process] read 80898 sequences (20000304 bp)...
[M::process] read 80948 sequences (20000096 bp)...
[M::mem_pestat] # candidate unique pairs for (FF, FR, RF, RR): (2, 40188, 10, 5)
[M::mem_pestat] skip orientation FF as there are not enough pairs
[M::mem_pestat] analyzing insert size distribution for orientation FR...
[M::mem_pestat] (25, 50, 75) percentile: (380, 386, 395)
[M::mem_pestat] low and high boundaries for computing mean and std.dev: (350, 425)
[M::mem_pestat] mean and std.dev: (388.67, 10.69)
[M::mem_pestat] low and high boundaries for proper pairs: (335, 440)
[M::mem_pestat] analyzing insert size distribution for orientation RF...
[M::mem_pestat] (25, 50, 75) percentile: (814, 2088, 2699)
[M::mem_pestat] low and high boundaries for computing mean and std.dev: (1, 6469)
[M::mem_pestat] mean and std.dev: (1914.50, 1258.04)
[M::mem_pestat] low and high boundaries for proper pairs: (1, 8354)
[M::mem_pestat] skip orientation RR as there are not enough pairs
[M::mem_pestat] skip orientation RF
[M::mem_process_seqs] Processed 80898 reads in 5.028 CPU sec, 2.377 real sec
[M::mem_pestat] # candidate unique pairs for (FF, FR, RF, RR): (3, 40189, 8, 8)
[M::mem_pestat] skip orientation FF as there are not enough pairs
[M::mem_pestat] analyzing insert size distribution for orientation FR...
[M::mem_pestat] (25, 50, 75) percentile: (380, 385, 394)
[M::mem_pestat] low and high boundaries for computing mean and std.dev: (352, 422)
[M::mem_pestat] mean and std.dev: (388.42, 10.71)
[M::mem_pestat] low and high boundaries for proper pairs: (338, 436)
[M::mem_pestat] skip orientation RF as there are not enough pairs
[M::mem_pestat] skip orientation RR as there are not enough pairs
[M::mem_process_seqs] Processed 80948 reads in 5.072 CPU sec, 2.458 real sec
[M::process] read 81022 sequences (20000414 bp)...
[M::mem_pestat] # candidate unique pairs for (FF, FR, RF, RR): (3, 40196, 7, 5)
[M::mem_pestat] skip orientation FF as there are not enough pairs
[M::mem_pestat] analyzing insert size distribution for orientation FR...
[M::mem_pestat] (25, 50, 75) percentile: (380, 385, 394)
[M::mem_pestat] low and high boundaries for computing mean and std.dev: (352, 422)
[M::mem_pestat] mean and std.dev: (388.57, 10.73)
[M::mem_pestat] low and high boundaries for proper pairs: (338, 436)
[M::mem_pestat] skip orientation RF as there are not enough pairs
[M::mem_pestat] skip orientation RR as there are not enough pairs
[M::mem_process_seqs] Processed 81022 reads in 5.213 CPU sec, 2.523 real sec
[M::process] read 80980 sequences (20000265 bp)...
[M::mem_pestat] # candidate unique pairs for (FF, FR, RF, RR): (10, 40157, 10, 5)
[M::mem_pestat] analyzing insert size distribution for orientation FF...
[M::mem_pestat] (25, 50, 75) percentile: (610, 1201, 2085)
[M::mem_pestat] low and high boundaries for computing mean and std.dev: (1, 5035)
[M::mem_pestat] mean and std.dev: (1479.30, 1141.29)
[M::mem_pestat] low and high boundaries for proper pairs: (1, 6510)
[M::mem_pestat] analyzing insert size distribution for orientation FR...
[M::mem_pestat] (25, 50, 75) percentile: (380, 385, 394)
[M::mem_pestat] low and high boundaries for computing mean and std.dev: (352, 422)
[M::mem_pestat] mean and std.dev: (388.57, 10.64)
[M::mem_pestat] low and high boundaries for proper pairs: (338, 436)
[M::mem_pestat] analyzing insert size distribution for orientation RF...
[M::mem_pestat] (25, 50, 75) percentile: (226, 723, 4412)
[M::mem_pestat] low and high boundaries for computing mean and std.dev: (1, 12784)
[M::mem_pestat] mean and std.dev: (2378.30, 3026.87)
[M::mem_pestat] low and high boundaries for proper pairs: (1, 16970)
[M::mem_pestat] skip orientation RR as there are not enough pairs
[M::mem_pestat] skip orientation FF
[M::mem_pestat] skip orientation RF
[M::mem_process_seqs] Processed 80980 reads in 5.018 CPU sec, 2.393 real sec
[M::process] read 81004 sequences (20000248 bp)...
[M::mem_pestat] # candidate unique pairs for (FF, FR, RF, RR): (3, 40182, 15, 7)
[M::mem_pestat] skip orientation FF as there are not enough pairs
[M::mem_pestat] analyzing insert size distribution for orientation FR...
[M::mem_pestat] (25, 50, 75) percentile: (380, 385, 394)
[M::mem_pestat] low and high boundaries for computing mean and std.dev: (352, 422)
[M::mem_pestat] mean and std.dev: (388.48, 10.69)
[M::mem_pestat] low and high boundaries for proper pairs: (338, 436)
[M::mem_pestat] analyzing insert size distribution for orientation RF...
[M::mem_pestat] (25, 50, 75) percentile: (263, 1955, 7744)
[M::mem_pestat] low and high boundaries for computing mean and std.dev: (1, 22706)
[M::mem_pestat] mean and std.dev: (3477.20, 3365.49)
[M::mem_pestat] low and high boundaries for proper pairs: (1, 30187)
[M::mem_pestat] skip orientation RR as there are not enough pairs
[M::mem_pestat] skip orientation RF
[M::mem_process_seqs] Processed 81004 reads in 5.069 CPU sec, 2.449 real sec
[M::process] read 80808 sequences (20000465 bp)...
[M::mem_pestat] # candidate unique pairs for (FF, FR, RF, RR): (6, 40115, 10, 5)
[M::mem_pestat] skip orientation FF as there are not enough pairs
[M::mem_pestat] analyzing insert size distribution for orientation FR...
[M::mem_pestat] (25, 50, 75) percentile: (380, 386, 395)
[M::mem_pestat] low and high boundaries for computing mean and std.dev: (350, 425)
[M::mem_pestat] mean and std.dev: (388.76, 10.68)
[M::mem_pestat] low and high boundaries for proper pairs: (335, 440)
[M::mem_pestat] analyzing insert size distribution for orientation RF...
[M::mem_pestat] (25, 50, 75) percentile: (249, 814, 4455)
[M::mem_pestat] low and high boundaries for computing mean and std.dev: (1, 12867)
[M::mem_pestat] mean and std.dev: (1910.60, 1969.96)
[M::mem_pestat] low and high boundaries for proper pairs: (1, 17073)
[M::mem_pestat] skip orientation RR as there are not enough pairs
[M::mem_pestat] skip orientation RF
[M::mem_process_seqs] Processed 80808 reads in 4.728 CPU sec, 2.276 real sec
[M::process] read 80836 sequences (20000242 bp)...
[M::mem_pestat] # candidate unique pairs for (FF, FR, RF, RR): (8, 40122, 12, 5)
[M::mem_pestat] skip orientation FF as there are not enough pairs
[M::mem_pestat] analyzing insert size distribution for orientation FR...
[M::mem_pestat] (25, 50, 75) percentile: (380, 385, 394)
[M::mem_pestat] low and high boundaries for computing mean and std.dev: (352, 422)
[M::mem_pestat] mean and std.dev: (387.90, 10.82)
[M::mem_pestat] low and high boundaries for proper pairs: (338, 436)
[M::mem_pestat] analyzing insert size distribution for orientation RF...
[M::mem_pestat] (25, 50, 75) percentile: (808, 1435, 5642)
[M::mem_pestat] low and high boundaries for computing mean and std.dev: (1, 15310)
[M::mem_pestat] mean and std.dev: (2854.08, 2775.33)
[M::mem_pestat] low and high boundaries for proper pairs: (1, 20144)
[M::mem_pestat] skip orientation RR as there are not enough pairs
[M::mem_pestat] skip orientation RF
[M::mem_process_seqs] Processed 80836 reads in 5.591 CPU sec, 2.664 real sec
[M::process] read 80864 sequences (20000064 bp)...
[M::mem_pestat] # candidate unique pairs for (FF, FR, RF, RR): (6, 40122, 10, 8)
[M::mem_pestat] skip orientation FF as there are not enough pairs
[M::mem_pestat] analyzing insert size distribution for orientation FR...
[M::mem_pestat] (25, 50, 75) percentile: (380, 386, 395)
[M::mem_pestat] low and high boundaries for computing mean and std.dev: (350, 425)
[M::mem_pestat] mean and std.dev: (388.75, 10.69)
[M::mem_pestat] low and high boundaries for proper pairs: (335, 440)
[M::mem_pestat] analyzing insert size distribution for orientation RF...
[M::mem_pestat] (25, 50, 75) percentile: (225, 1418, 7248)
[M::mem_pestat] low and high boundaries for computing mean and std.dev: (1, 21294)
[M::mem_pestat] mean and std.dev: (3386.80, 3421.47)
[M::mem_pestat] low and high boundaries for proper pairs: (1, 28317)
[M::mem_pestat] skip orientation RR as there are not enough pairs
[M::mem_pestat] skip orientation RF
[M::mem_process_seqs] Processed 80864 reads in 5.311 CPU sec, 2.585 real sec
[M::process] read 80954 sequences (20000441 bp)...
[M::mem_pestat] # candidate unique pairs for (FF, FR, RF, RR): (2, 40167, 8, 3)
[M::mem_pestat] skip orientation FF as there are not enough pairs
[M::mem_pestat] analyzing insert size distribution for orientation FR...
[M::mem_pestat] (25, 50, 75) percentile: (380, 385, 394)
[M::mem_pestat] low and high boundaries for computing mean and std.dev: (352, 422)
[M::mem_pestat] mean and std.dev: (388.18, 10.71)
[M::mem_pestat] low and high boundaries for proper pairs: (338, 436)
[M::mem_pestat] skip orientation RF as there are not enough pairs
[M::mem_pestat] skip orientation RR as there are not enough pairs
[M::mem_process_seqs] Processed 80954 reads in 5.680 CPU sec, 2.720 real sec
[M::process] read 80978 sequences (20000086 bp)...
[M::mem_pestat] # candidate unique pairs for (FF, FR, RF, RR): (5, 40195, 11, 5)
[M::mem_pestat] skip orientation FF as there are not enough pairs
[M::mem_pestat] analyzing insert size distribution for orientation FR...
[M::mem_pestat] (25, 50, 75) percentile: (380, 386, 395)
[M::mem_pestat] low and high boundaries for computing mean and std.dev: (350, 425)
[M::mem_pestat] mean and std.dev: (388.86, 10.69)
[M::mem_pestat] low and high boundaries for proper pairs: (335, 440)
[M::mem_pestat] analyzing insert size distribution for orientation RF...
[M::mem_pestat] (25, 50, 75) percentile: (575, 824, 2074)
[M::mem_pestat] low and high boundaries for computing mean and std.dev: (1, 5072)
[M::mem_pestat] mean and std.dev: (1623.55, 1600.56)
[M::mem_pestat] low and high boundaries for proper pairs: (1, 8026)
[M::mem_pestat] skip orientation RR as there are not enough pairs
[M::mem_pestat] skip orientation RF
[M::mem_process_seqs] Processed 80978 reads in 5.079 CPU sec, 2.458 real sec
[M::process] read 81040 sequences (20000077 bp)...
[M::mem_pestat] # candidate unique pairs for (FF, FR, RF, RR): (3, 40195, 5, 4)
[M::mem_pestat] skip orientation FF as there are not enough pairs
[M::mem_pestat] analyzing insert size distribution for orientation FR...
[M::mem_pestat] (25, 50, 75) percentile: (380, 385, 394)
[M::mem_pestat] low and high boundaries for computing mean and std.dev: (352, 422)
[M::mem_pestat] mean and std.dev: (388.36, 10.76)
[M::mem_pestat] low and high boundaries for proper pairs: (338, 436)
[M::mem_pestat] skip orientation RF as there are not enough pairs
[M::mem_pestat] skip orientation RR as there are not enough pairs
[M::mem_process_seqs] Processed 81040 reads in 5.307 CPU sec, 2.544 real sec
[M::process] read 80968 sequences (20000318 bp)...
[M::mem_pestat] # candidate unique pairs for (FF, FR, RF, RR): (5, 40183, 9, 8)
[M::mem_pestat] skip orientation FF as there are not enough pairs
[M::mem_pestat] analyzing insert size distribution for orientation FR...
[M::mem_pestat] (25, 50, 75) percentile: (380, 385, 394)
[M::mem_pestat] low and high boundaries for computing mean and std.dev: (352, 422)
[M::mem_pestat] mean and std.dev: (388.46, 10.69)
[M::mem_pestat] low and high boundaries for proper pairs: (338, 436)
[M::mem_pestat] skip orientation RF as there are not enough pairs
[M::mem_pestat] skip orientation RR as there are not enough pairs
[M::mem_process_seqs] Processed 80968 reads in 5.307 CPU sec, 2.539 real sec
[M::process] read 80954 sequences (20000210 bp)...
[M::mem_pestat] # candidate unique pairs for (FF, FR, RF, RR): (6, 40147, 11, 8)
[M::mem_pestat] skip orientation FF as there are not enough pairs
[M::mem_pestat] analyzing insert size distribution for orientation FR...
[M::mem_pestat] (25, 50, 75) percentile: (380, 385, 394)
[M::mem_pestat] low and high boundaries for computing mean and std.dev: (352, 422)
[M::mem_pestat] mean and std.dev: (388.64, 10.63)
[M::mem_pestat] low and high boundaries for proper pairs: (338, 436)
[M::mem_pestat] analyzing insert size distribution for orientation RF...
[M::mem_pestat] (25, 50, 75) percentile: (215, 1075, 3780)
[M::mem_pestat] low and high boundaries for computing mean and std.dev: (1, 10910)
[M::mem_pestat] mean and std.dev: (2209.09, 2562.82)
[M::mem_pestat] low and high boundaries for proper pairs: (1, 14475)
[M::mem_pestat] skip orientation RR as there are not enough pairs
[M::mem_pestat] skip orientation RF
[M::mem_process_seqs] Processed 80954 reads in 5.113 CPU sec, 2.479 real sec
[M::process] read 81006 sequences (20000157 bp)...
[M::mem_pestat] # candidate unique pairs for (FF, FR, RF, RR): (6, 40194, 11, 7)
[M::mem_pestat] skip orientation FF as there are not enough pairs
[M::mem_pestat] analyzing insert size distribution for orientation FR...
[M::mem_pestat] (25, 50, 75) percentile: (380, 385, 394)
[M::mem_pestat] low and high boundaries for computing mean and std.dev: (352, 422)
[M::mem_pestat] mean and std.dev: (388.49, 10.74)
[M::mem_pestat] low and high boundaries for proper pairs: (338, 436)
[M::mem_pestat] analyzing insert size distribution for orientation RF...
[M::mem_pestat] (25, 50, 75) percentile: (743, 1348, 3436)
[M::mem_pestat] low and high boundaries for computing mean and std.dev: (1, 8822)
[M::mem_pestat] mean and std.dev: (1938.00, 1588.01)
[M::mem_pestat] low and high boundaries for proper pairs: (1, 11515)
[M::mem_pestat] skip orientation RR as there are not enough pairs
[M::mem_pestat] skip orientation RF
[M::mem_process_seqs] Processed 81006 reads in 5.368 CPU sec, 2.603 real sec
[M::process] read 80932 sequences (20000108 bp)...
[M::mem_pestat] # candidate unique pairs for (FF, FR, RF, RR): (0, 40174, 13, 7)
[M::mem_pestat] skip orientation FF as there are not enough pairs
[M::mem_pestat] analyzing insert size distribution for orientation FR...
[M::mem_pestat] (25, 50, 75) percentile: (380, 386, 395)
[M::mem_pestat] low and high boundaries for computing mean and std.dev: (350, 425)
[M::mem_pestat] mean and std.dev: (388.71, 10.63)
[M::mem_pestat] low and high boundaries for proper pairs: (335, 440)
[M::mem_pestat] analyzing insert size distribution for orientation RF...
[M::mem_pestat] (25, 50, 75) percentile: (774, 3148, 5250)
[M::mem_pestat] low and high boundaries for computing mean and std.dev: (1, 14202)
[M::mem_pestat] mean and std.dev: (3382.77, 2480.80)
[M::mem_pestat] low and high boundaries for proper pairs: (1, 18678)
[M::mem_pestat] skip orientation RR as there are not enough pairs
[M::mem_pestat] skip orientation RF
[M::mem_process_seqs] Processed 80932 reads in 5.168 CPU sec, 2.481 real sec
[M::process] read 80986 sequences (20000360 bp)...
[M::mem_pestat] # candidate unique pairs for (FF, FR, RF, RR): (6, 40164, 8, 5)
[M::mem_pestat] skip orientation FF as there are not enough pairs
[M::mem_pestat] analyzing insert size distribution for orientation FR...
[M::mem_pestat] (25, 50, 75) percentile: (380, 385, 394)
[M::mem_pestat] low and high boundaries for computing mean and std.dev: (352, 422)
[M::mem_pestat] mean and std.dev: (388.37, 10.67)
[M::mem_pestat] low and high boundaries for proper pairs: (338, 436)
[M::mem_pestat] skip orientation RF as there are not enough pairs
[M::mem_pestat] skip orientation RR as there are not enough pairs
[M::mem_process_seqs] Processed 80986 reads in 5.534 CPU sec, 2.677 real sec
[M::process] read 80788 sequences (20000361 bp)...
[M::mem_pestat] # candidate unique pairs for (FF, FR, RF, RR): (4, 40151, 10, 1)
[M::mem_pestat] skip orientation FF as there are not enough pairs
[M::mem_pestat] analyzing insert size distribution for orientation FR...
[M::mem_pestat] (25, 50, 75) percentile: (380, 386, 395)
[M::mem_pestat] low and high boundaries for computing mean and std.dev: (350, 425)
[M::mem_pestat] mean and std.dev: (388.82, 10.69)
[M::mem_pestat] low and high boundaries for proper pairs: (335, 440)
[M::mem_pestat] analyzing insert size distribution for orientation RF...
[M::mem_pestat] (25, 50, 75) percentile: (256, 804, 1957)
[M::mem_pestat] low and high boundaries for computing mean and std.dev: (1, 5359)
[M::mem_pestat] mean and std.dev: (858.78, 688.98)
[M::mem_pestat] low and high boundaries for proper pairs: (1, 7060)
[M::mem_pestat] skip orientation RR as there are not enough pairs
[M::mem_pestat] skip orientation RF
[M::mem_process_seqs] Processed 80788 reads in 4.919 CPU sec, 2.387 real sec
[M::process] read 80882 sequences (20000273 bp)...
[M::mem_pestat] # candidate unique pairs for (FF, FR, RF, RR): (5, 40129, 9, 7)
[M::mem_pestat] skip orientation FF as there are not enough pairs
[M::mem_pestat] analyzing insert size distribution for orientation FR...
[M::mem_pestat] (25, 50, 75) percentile: (380, 385, 394)
[M::mem_pestat] low and high boundaries for computing mean and std.dev: (352, 422)
[M::mem_pestat] mean and std.dev: (388.45, 10.65)
[M::mem_pestat] low and high boundaries for proper pairs: (338, 436)
[M::mem_pestat] skip orientation RF as there are not enough pairs
[M::mem_pestat] skip orientation RR as there are not enough pairs
[M::mem_process_seqs] Processed 80882 reads in 5.336 CPU sec, 2.549 real sec
[M::process] read 20984 sequences (5177628 bp)...
[M::mem_pestat] # candidate unique pairs for (FF, FR, RF, RR): (0, 10405, 0, 1)
[M::mem_pestat] skip orientation FF as there are not enough pairs
[M::mem_pestat] analyzing insert size distribution for orientation FR...
[M::mem_pestat] (25, 50, 75) percentile: (379, 385, 393)
[M::mem_pestat] low and high boundaries for computing mean and std.dev: (351, 421)
[M::mem_pestat] mean and std.dev: (387.80, 10.72)
[M::mem_pestat] low and high boundaries for proper pairs: (337, 435)
[M::mem_pestat] skip orientation RF as there are not enough pairs
[M::mem_pestat] skip orientation RR as there are not enough pairs
[M::mem_process_seqs] Processed 20984 reads in 1.482 CPU sec, 0.727 real sec
[main] Version: 0.7.17-r1188
[main] CMD: bwa mem -t 2 SC2216/core/viral_reference SC2216/adapter_trimmed/SC2216_R1_val_1_posttrim_filter.fq.gz SC2216/adapter_trimmed/SC2216_R2_val_2_posttrim_filter.fq.gz
[main] Real time: 57.748 sec; CPU: 100.921 sec
[bam_sort_core] merging from 0 files and 2 in-memory blocks...
