[M::bwa_idx_load_from_disk] read 0 ALT contigs
[M::process] read 79682 sequences (20000182 bp)...
[M::process] read 79682 sequences (20000182 bp)...
[M::mem_pestat] # candidate unique pairs for (FF, FR, RF, RR): (0, 39737, 11, 6)
[M::mem_pestat] skip orientation FF as there are not enough pairs
[M::mem_pestat] analyzing insert size distribution for orientation FR...
[M::mem_pestat] (25, 50, 75) percentile: (381, 387, 396)
[M::mem_pestat] low and high boundaries for computing mean and std.dev: (351, 426)
[M::mem_pestat] mean and std.dev: (389.76, 10.76)
[M::mem_pestat] low and high boundaries for proper pairs: (336, 441)
[M::mem_pestat] analyzing insert size distribution for orientation RF...
[M::mem_pestat] (25, 50, 75) percentile: (246, 1348, 4768)
[M::mem_pestat] low and high boundaries for computing mean and std.dev: (1, 13812)
[M::mem_pestat] mean and std.dev: (2092.91, 2316.49)
[M::mem_pestat] low and high boundaries for proper pairs: (1, 18334)
[M::mem_pestat] skip orientation RR as there are not enough pairs
[M::mem_pestat] skip orientation RF
[M::mem_process_seqs] Processed 79682 reads in 31.425 CPU sec, 18.559 real sec
[M::process] read 79682 sequences (20000182 bp)...
[M::mem_pestat] # candidate unique pairs for (FF, FR, RF, RR): (0, 39761, 13, 3)
[M::mem_pestat] skip orientation FF as there are not enough pairs
[M::mem_pestat] analyzing insert size distribution for orientation FR...
[M::mem_pestat] (25, 50, 75) percentile: (381, 387, 396)
[M::mem_pestat] low and high boundaries for computing mean and std.dev: (351, 426)
[M::mem_pestat] mean and std.dev: (389.73, 10.74)
[M::mem_pestat] low and high boundaries for proper pairs: (336, 441)
[M::mem_pestat] analyzing insert size distribution for orientation RF...
[M::mem_pestat] (25, 50, 75) percentile: (383, 611, 1457)
[M::mem_pestat] low and high boundaries for computing mean and std.dev: (1, 3605)
[M::mem_pestat] mean and std.dev: (764.92, 672.38)
[M::mem_pestat] low and high boundaries for proper pairs: (1, 4679)
[M::mem_pestat] skip orientation RR as there are not enough pairs
[M::mem_pestat] skip orientation RF
[M::mem_process_seqs] Processed 79682 reads in 19.415 CPU sec, 9.375 real sec
[M::process] read 79682 sequences (20000182 bp)...
[M::mem_pestat] # candidate unique pairs for (FF, FR, RF, RR): (1, 39750, 11, 2)
[M::mem_pestat] skip orientation FF as there are not enough pairs
[M::mem_pestat] analyzing insert size distribution for orientation FR...
[M::mem_pestat] (25, 50, 75) percentile: (381, 387, 396)
[M::mem_pestat] low and high boundaries for computing mean and std.dev: (351, 426)
[M::mem_pestat] mean and std.dev: (389.66, 10.79)
[M::mem_pestat] low and high boundaries for proper pairs: (336, 441)
[M::mem_pestat] analyzing insert size distribution for orientation RF...
[M::mem_pestat] (25, 50, 75) percentile: (214, 640, 1082)
[M::mem_pestat] low and high boundaries for computing mean and std.dev: (1, 2818)
[M::mem_pestat] mean and std.dev: (569.00, 438.78)
[M::mem_pestat] low and high boundaries for proper pairs: (1, 3686)
[M::mem_pestat] skip orientation RR as there are not enough pairs
[M::mem_pestat] skip orientation RF
[M::mem_process_seqs] Processed 79682 reads in 22.155 CPU sec, 10.771 real sec
[M::process] read 79682 sequences (20000182 bp)...
[M::mem_pestat] # candidate unique pairs for (FF, FR, RF, RR): (0, 39719, 10, 2)
[M::mem_pestat] skip orientation FF as there are not enough pairs
[M::mem_pestat] analyzing insert size distribution for orientation FR...
[M::mem_pestat] (25, 50, 75) percentile: (381, 387, 395)
[M::mem_pestat] low and high boundaries for computing mean and std.dev: (353, 423)
[M::mem_pestat] mean and std.dev: (389.67, 10.68)
[M::mem_pestat] low and high boundaries for proper pairs: (339, 437)
[M::mem_pestat] analyzing insert size distribution for orientation RF...
[M::mem_pestat] (25, 50, 75) percentile: (225, 752, 2025)
[M::mem_pestat] low and high boundaries for computing mean and std.dev: (1, 5625)
[M::mem_pestat] mean and std.dev: (990.70, 886.00)
[M::mem_pestat] low and high boundaries for proper pairs: (1, 7425)
[M::mem_pestat] skip orientation RR as there are not enough pairs
[M::mem_pestat] skip orientation RF
[M::mem_process_seqs] Processed 79682 reads in 21.436 CPU sec, 10.505 real sec
[M::process] read 79682 sequences (20000182 bp)...
[M::mem_pestat] # candidate unique pairs for (FF, FR, RF, RR): (4, 39676, 10, 0)
[M::mem_pestat] skip orientation FF as there are not enough pairs
[M::mem_pestat] analyzing insert size distribution for orientation FR...
[M::mem_pestat] (25, 50, 75) percentile: (381, 387, 396)
[M::mem_pestat] low and high boundaries for computing mean and std.dev: (351, 426)
[M::mem_pestat] mean and std.dev: (389.72, 10.77)
[M::mem_pestat] low and high boundaries for proper pairs: (336, 441)
[M::mem_pestat] analyzing insert size distribution for orientation RF...
[M::mem_pestat] (25, 50, 75) percentile: (280, 906, 5096)
[M::mem_pestat] low and high boundaries for computing mean and std.dev: (1, 14728)
[M::mem_pestat] mean and std.dev: (2228.90, 2392.77)
[M::mem_pestat] low and high boundaries for proper pairs: (1, 19544)
[M::mem_pestat] skip orientation RR as there are not enough pairs
[M::mem_pestat] skip orientation RF
[M::mem_process_seqs] Processed 79682 reads in 20.626 CPU sec, 9.967 real sec
[M::process] read 79682 sequences (20000182 bp)...
[M::mem_pestat] # candidate unique pairs for (FF, FR, RF, RR): (4, 39707, 4, 1)
[M::mem_pestat] skip orientation FF as there are not enough pairs
[M::mem_pestat] analyzing insert size distribution for orientation FR...
[M::mem_pestat] (25, 50, 75) percentile: (381, 387, 396)
[M::mem_pestat] low and high boundaries for computing mean and std.dev: (351, 426)
[M::mem_pestat] mean and std.dev: (389.68, 10.70)
[M::mem_pestat] low and high boundaries for proper pairs: (336, 441)
[M::mem_pestat] skip orientation RF as there are not enough pairs
[M::mem_pestat] skip orientation RR as there are not enough pairs
[M::mem_process_seqs] Processed 79682 reads in 25.263 CPU sec, 12.298 real sec
[M::process] read 79682 sequences (20000182 bp)...
[M::mem_pestat] # candidate unique pairs for (FF, FR, RF, RR): (0, 39729, 11, 4)
[M::mem_pestat] skip orientation FF as there are not enough pairs
[M::mem_pestat] analyzing insert size distribution for orientation FR...
[M::mem_pestat] (25, 50, 75) percentile: (381, 387, 396)
[M::mem_pestat] low and high boundaries for computing mean and std.dev: (351, 426)
[M::mem_pestat] mean and std.dev: (389.72, 10.77)
[M::mem_pestat] low and high boundaries for proper pairs: (336, 441)
[M::mem_pestat] analyzing insert size distribution for orientation RF...
[M::mem_pestat] (25, 50, 75) percentile: (757, 841, 1393)
[M::mem_pestat] low and high boundaries for computing mean and std.dev: (1, 2665)
[M::mem_pestat] mean and std.dev: (788.44, 385.91)
[M::mem_pestat] low and high boundaries for proper pairs: (1, 3301)
[M::mem_pestat] skip orientation RR as there are not enough pairs
[M::mem_pestat] skip orientation RF
[M::mem_process_seqs] Processed 79682 reads in 24.472 CPU sec, 11.921 real sec
[M::process] read 79682 sequences (20000182 bp)...
[M::mem_pestat] # candidate unique pairs for (FF, FR, RF, RR): (4, 39746, 8, 4)
[M::mem_pestat] skip orientation FF as there are not enough pairs
[M::mem_pestat] analyzing insert size distribution for orientation FR...
[M::mem_pestat] (25, 50, 75) percentile: (381, 387, 396)
[M::mem_pestat] low and high boundaries for computing mean and std.dev: (351, 426)
[M::mem_pestat] mean and std.dev: (389.77, 10.80)
[M::mem_pestat] low and high boundaries for proper pairs: (336, 441)
[M::mem_pestat] skip orientation RF as there are not enough pairs
[M::mem_pestat] skip orientation RR as there are not enough pairs
[M::mem_process_seqs] Processed 79682 reads in 24.345 CPU sec, 11.942 real sec
[M::process] read 79682 sequences (20000182 bp)...
[M::mem_pestat] # candidate unique pairs for (FF, FR, RF, RR): (1, 39674, 5, 2)
[M::mem_pestat] skip orientation FF as there are not enough pairs
[M::mem_pestat] analyzing insert size distribution for orientation FR...
[M::mem_pestat] (25, 50, 75) percentile: (381, 387, 397)
[M::mem_pestat] low and high boundaries for computing mean and std.dev: (349, 429)
[M::mem_pestat] mean and std.dev: (389.75, 10.77)
[M::mem_pestat] low and high boundaries for proper pairs: (333, 445)
[M::mem_pestat] skip orientation RF as there are not enough pairs
[M::mem_pestat] skip orientation RR as there are not enough pairs
[M::mem_process_seqs] Processed 79682 reads in 24.544 CPU sec, 12.056 real sec
[M::process] read 6896 sequences (1730896 bp)...
[M::mem_pestat] # candidate unique pairs for (FF, FR, RF, RR): (0, 39704, 6, 1)
[M::mem_pestat] skip orientation FF as there are not enough pairs
[M::mem_pestat] analyzing insert size distribution for orientation FR...
[M::mem_pestat] (25, 50, 75) percentile: (381, 387, 395)
[M::mem_pestat] low and high boundaries for computing mean and std.dev: (353, 423)
[M::mem_pestat] mean and std.dev: (389.65, 10.74)
[M::mem_pestat] low and high boundaries for proper pairs: (339, 437)
[M::mem_pestat] skip orientation RF as there are not enough pairs
[M::mem_pestat] skip orientation RR as there are not enough pairs
[M::mem_process_seqs] Processed 79682 reads in 19.258 CPU sec, 9.576 real sec
[M::mem_pestat] # candidate unique pairs for (FF, FR, RF, RR): (1, 3415, 1, 0)
[M::mem_pestat] skip orientation FF as there are not enough pairs
[M::mem_pestat] analyzing insert size distribution for orientation FR...
[M::mem_pestat] (25, 50, 75) percentile: (381, 387, 395)
[M::mem_pestat] low and high boundaries for computing mean and std.dev: (353, 423)
[M::mem_pestat] mean and std.dev: (389.58, 10.64)
[M::mem_pestat] low and high boundaries for proper pairs: (339, 437)
[M::mem_pestat] skip orientation RF as there are not enough pairs
[M::mem_pestat] skip orientation RR as there are not enough pairs
[M::mem_process_seqs] Processed 6896 reads in 1.889 CPU sec, 0.932 real sec
[main] Version: 0.7.17-r1188
[main] CMD: bwa mem -t 2 /workspace/lab/mcarthurlab/nasirja/covid-19-signal/data/composite_human_viral_reference.fna E18/raw_fastq/E18_R1.fastq.gz E18/raw_fastq/E18_R2.fastq.gz
[main] Real time: 127.098 sec; CPU: 240.587 sec
viral read count = 803240 (99.94%)
human read count = 0 (0.00%) 
unmapped read count = 476 (0.06%)
