[M::bwa_idx_load_from_disk] read 0 ALT contigs
[M::process] read 79682 sequences (20000182 bp)...
[M::process] read 79682 sequences (20000182 bp)...
[M::mem_pestat] # candidate unique pairs for (FF, FR, RF, RR): (2, 39654, 13, 3)
[M::mem_pestat] skip orientation FF as there are not enough pairs
[M::mem_pestat] analyzing insert size distribution for orientation FR...
[M::mem_pestat] (25, 50, 75) percentile: (381, 387, 397)
[M::mem_pestat] low and high boundaries for computing mean and std.dev: (349, 429)
[M::mem_pestat] mean and std.dev: (389.87, 10.92)
[M::mem_pestat] low and high boundaries for proper pairs: (333, 445)
[M::mem_pestat] analyzing insert size distribution for orientation RF...
[M::mem_pestat] (25, 50, 75) percentile: (524, 848, 1909)
[M::mem_pestat] low and high boundaries for computing mean and std.dev: (1, 4679)
[M::mem_pestat] mean and std.dev: (1011.08, 611.69)
[M::mem_pestat] low and high boundaries for proper pairs: (1, 6064)
[M::mem_pestat] skip orientation RR as there are not enough pairs
[M::mem_pestat] skip orientation RF
[M::mem_process_seqs] Processed 79682 reads in 22.687 CPU sec, 11.313 real sec
[M::process] read 79682 sequences (20000182 bp)...
[M::mem_pestat] # candidate unique pairs for (FF, FR, RF, RR): (2, 39673, 11, 4)
[M::mem_pestat] skip orientation FF as there are not enough pairs
[M::mem_pestat] analyzing insert size distribution for orientation FR...
[M::mem_pestat] (25, 50, 75) percentile: (381, 387, 397)
[M::mem_pestat] low and high boundaries for computing mean and std.dev: (349, 429)
[M::mem_pestat] mean and std.dev: (389.96, 11.04)
[M::mem_pestat] low and high boundaries for proper pairs: (333, 445)
[M::mem_pestat] analyzing insert size distribution for orientation RF...
[M::mem_pestat] (25, 50, 75) percentile: (207, 258, 1487)
[M::mem_pestat] low and high boundaries for computing mean and std.dev: (1, 4047)
[M::mem_pestat] mean and std.dev: (875.27, 894.09)
[M::mem_pestat] low and high boundaries for proper pairs: (1, 5327)
[M::mem_pestat] skip orientation RR as there are not enough pairs
[M::mem_pestat] skip orientation RF
[M::mem_process_seqs] Processed 79682 reads in 30.003 CPU sec, 14.824 real sec
[M::process] read 79682 sequences (20000182 bp)...
[M::mem_pestat] # candidate unique pairs for (FF, FR, RF, RR): (1, 39682, 15, 2)
[M::mem_pestat] skip orientation FF as there are not enough pairs
[M::mem_pestat] analyzing insert size distribution for orientation FR...
[M::mem_pestat] (25, 50, 75) percentile: (381, 387, 397)
[M::mem_pestat] low and high boundaries for computing mean and std.dev: (349, 429)
[M::mem_pestat] mean and std.dev: (389.86, 10.83)
[M::mem_pestat] low and high boundaries for proper pairs: (333, 445)
[M::mem_pestat] analyzing insert size distribution for orientation RF...
[M::mem_pestat] (25, 50, 75) percentile: (867, 1908, 5316)
[M::mem_pestat] low and high boundaries for computing mean and std.dev: (1, 14214)
[M::mem_pestat] mean and std.dev: (2915.73, 2596.71)
[M::mem_pestat] low and high boundaries for proper pairs: (1, 18663)
[M::mem_pestat] skip orientation RR as there are not enough pairs
[M::mem_pestat] skip orientation RF
[M::mem_process_seqs] Processed 79682 reads in 22.689 CPU sec, 11.065 real sec
[M::process] read 79682 sequences (20000182 bp)...
[M::mem_pestat] # candidate unique pairs for (FF, FR, RF, RR): (4, 39709, 8, 1)
[M::mem_pestat] skip orientation FF as there are not enough pairs
[M::mem_pestat] analyzing insert size distribution for orientation FR...
[M::mem_pestat] (25, 50, 75) percentile: (381, 386, 397)
[M::mem_pestat] low and high boundaries for computing mean and std.dev: (349, 429)
[M::mem_pestat] mean and std.dev: (389.69, 10.86)
[M::mem_pestat] low and high boundaries for proper pairs: (333, 445)
[M::mem_pestat] skip orientation RF as there are not enough pairs
[M::mem_pestat] skip orientation RR as there are not enough pairs
[M::mem_process_seqs] Processed 79682 reads in 22.858 CPU sec, 11.146 real sec
[M::process] read 79682 sequences (20000182 bp)...
[M::mem_pestat] # candidate unique pairs for (FF, FR, RF, RR): (1, 39632, 15, 3)
[M::mem_pestat] skip orientation FF as there are not enough pairs
[M::mem_pestat] analyzing insert size distribution for orientation FR...
[M::mem_pestat] (25, 50, 75) percentile: (381, 387, 397)
[M::mem_pestat] low and high boundaries for computing mean and std.dev: (349, 429)
[M::mem_pestat] mean and std.dev: (389.79, 10.84)
[M::mem_pestat] low and high boundaries for proper pairs: (333, 445)
[M::mem_pestat] analyzing insert size distribution for orientation RF...
[M::mem_pestat] (25, 50, 75) percentile: (226, 814, 3964)
[M::mem_pestat] low and high boundaries for computing mean and std.dev: (1, 11440)
[M::mem_pestat] mean and std.dev: (2060.73, 2634.79)
[M::mem_pestat] low and high boundaries for proper pairs: (1, 15178)
[M::mem_pestat] skip orientation RR as there are not enough pairs
[M::mem_pestat] skip orientation RF
[M::mem_process_seqs] Processed 79682 reads in 18.810 CPU sec, 9.184 real sec
[M::mem_pestat] # candidate unique pairs for (FF, FR, RF, RR): (4, 39616, 12, 5)
[M::process] read 79682 sequences (20000182 bp)...
[M::mem_pestat] skip orientation FF as there are not enough pairs
[M::mem_pestat] analyzing insert size distribution for orientation FR...
[M::mem_pestat] (25, 50, 75) percentile: (381, 387, 397)
[M::mem_pestat] low and high boundaries for computing mean and std.dev: (349, 429)
[M::mem_pestat] mean and std.dev: (389.89, 10.87)
[M::mem_pestat] low and high boundaries for proper pairs: (333, 445)
[M::mem_pestat] analyzing insert size distribution for orientation RF...
[M::mem_pestat] (25, 50, 75) percentile: (247, 848, 3659)
[M::mem_pestat] low and high boundaries for computing mean and std.dev: (1, 10483)
[M::mem_pestat] mean and std.dev: (1762.42, 1954.87)
[M::mem_pestat] low and high boundaries for proper pairs: (1, 13895)
[M::mem_pestat] skip orientation RR as there are not enough pairs
[M::mem_pestat] skip orientation RF
[M::mem_process_seqs] Processed 79682 reads in 14.671 CPU sec, 8.559 real sec
[M::process] read 79682 sequences (20000182 bp)...
[M::mem_pestat] # candidate unique pairs for (FF, FR, RF, RR): (3, 39642, 7, 2)
[M::mem_pestat] skip orientation FF as there are not enough pairs
[M::mem_pestat] analyzing insert size distribution for orientation FR...
[M::mem_pestat] (25, 50, 75) percentile: (381, 387, 397)
[M::mem_pestat] low and high boundaries for computing mean and std.dev: (349, 429)
[M::mem_pestat] mean and std.dev: (389.94, 10.93)
[M::mem_pestat] low and high boundaries for proper pairs: (333, 445)
[M::mem_pestat] skip orientation RF as there are not enough pairs
[M::mem_pestat] skip orientation RR as there are not enough pairs
[M::mem_process_seqs] Processed 79682 reads in 21.690 CPU sec, 10.580 real sec
[M::process] read 79682 sequences (20000182 bp)...
[M::mem_pestat] # candidate unique pairs for (FF, FR, RF, RR): (2, 39579, 13, 6)
[M::mem_pestat] skip orientation FF as there are not enough pairs
[M::mem_pestat] analyzing insert size distribution for orientation FR...
[M::mem_pestat] (25, 50, 75) percentile: (381, 387, 397)
[M::mem_pestat] low and high boundaries for computing mean and std.dev: (349, 429)
[M::mem_pestat] mean and std.dev: (389.84, 10.94)
[M::mem_pestat] low and high boundaries for proper pairs: (333, 445)
[M::mem_pestat] analyzing insert size distribution for orientation RF...
[M::mem_pestat] (25, 50, 75) percentile: (230, 848, 1909)
[M::mem_pestat] low and high boundaries for computing mean and std.dev: (1, 5267)
[M::mem_pestat] mean and std.dev: (973.92, 650.81)
[M::mem_pestat] low and high boundaries for proper pairs: (1, 6946)
[M::mem_pestat] skip orientation RR as there are not enough pairs
[M::mem_pestat] skip orientation RF
[M::mem_process_seqs] Processed 79682 reads in 22.921 CPU sec, 11.208 real sec
[M::process] read 79682 sequences (20000182 bp)...
[M::mem_pestat] # candidate unique pairs for (FF, FR, RF, RR): (2, 39560, 14, 1)
[M::mem_pestat] skip orientation FF as there are not enough pairs
[M::mem_pestat] analyzing insert size distribution for orientation FR...
[M::mem_pestat] (25, 50, 75) percentile: (381, 387, 397)
[M::mem_pestat] low and high boundaries for computing mean and std.dev: (349, 429)
[M::mem_pestat] mean and std.dev: (389.86, 10.91)
[M::mem_pestat] low and high boundaries for proper pairs: (333, 445)
[M::mem_pestat] analyzing insert size distribution for orientation RF...
[M::mem_pestat] (25, 50, 75) percentile: (226, 232, 846)
[M::mem_pestat] low and high boundaries for computing mean and std.dev: (1, 2086)
[M::mem_pestat] mean and std.dev: (559.79, 488.65)
[M::mem_pestat] low and high boundaries for proper pairs: (1, 2706)
[M::mem_pestat] skip orientation RR as there are not enough pairs
[M::mem_pestat] skip orientation RF
[M::mem_process_seqs] Processed 79682 reads in 22.237 CPU sec, 10.817 real sec
[M::process] read 79682 sequences (20000182 bp)...
[M::mem_pestat] # candidate unique pairs for (FF, FR, RF, RR): (1, 39577, 13, 2)
[M::mem_pestat] skip orientation FF as there are not enough pairs
[M::mem_pestat] analyzing insert size distribution for orientation FR...
[M::mem_pestat] (25, 50, 75) percentile: (381, 387, 397)
[M::mem_pestat] low and high boundaries for computing mean and std.dev: (349, 429)
[M::mem_pestat] mean and std.dev: (389.84, 10.92)
[M::mem_pestat] low and high boundaries for proper pairs: (333, 445)
[M::mem_pestat] analyzing insert size distribution for orientation RF...
[M::mem_pestat] (25, 50, 75) percentile: (192, 226, 2744)
[M::mem_pestat] low and high boundaries for computing mean and std.dev: (1, 7848)
[M::mem_pestat] mean and std.dev: (1275.15, 2121.45)
[M::mem_pestat] low and high boundaries for proper pairs: (1, 10400)
[M::mem_pestat] skip orientation RR as there are not enough pairs
[M::mem_pestat] skip orientation RF
[M::mem_process_seqs] Processed 79682 reads in 27.450 CPU sec, 13.499 real sec
[M::process] read 79682 sequences (20000182 bp)...
[M::mem_pestat] # candidate unique pairs for (FF, FR, RF, RR): (1, 39646, 7, 9)
[M::mem_pestat] skip orientation FF as there are not enough pairs
[M::mem_pestat] analyzing insert size distribution for orientation FR...
[M::mem_pestat] (25, 50, 75) percentile: (381, 387, 397)
[M::mem_pestat] low and high boundaries for computing mean and std.dev: (349, 429)
[M::mem_pestat] mean and std.dev: (389.79, 10.89)
[M::mem_pestat] low and high boundaries for proper pairs: (333, 445)
[M::mem_pestat] skip orientation RF as there are not enough pairs
[M::mem_pestat] skip orientation RR as there are not enough pairs
[M::mem_process_seqs] Processed 79682 reads in 25.568 CPU sec, 12.470 real sec
[M::process] read 79682 sequences (20000182 bp)...
[M::mem_pestat] # candidate unique pairs for (FF, FR, RF, RR): (3, 39677, 9, 2)
[M::mem_pestat] skip orientation FF as there are not enough pairs
[M::mem_pestat] analyzing insert size distribution for orientation FR...
[M::mem_pestat] (25, 50, 75) percentile: (381, 387, 397)
[M::mem_pestat] low and high boundaries for computing mean and std.dev: (349, 429)
[M::mem_pestat] mean and std.dev: (389.86, 10.95)
[M::mem_pestat] low and high boundaries for proper pairs: (333, 445)
[M::mem_pestat] skip orientation RF as there are not enough pairs
[M::mem_pestat] skip orientation RR as there are not enough pairs
[M::mem_process_seqs] Processed 79682 reads in 24.264 CPU sec, 11.820 real sec
[M::process] read 79682 sequences (20000182 bp)...
[M::mem_pestat] # candidate unique pairs for (FF, FR, RF, RR): (3, 39649, 14, 1)
[M::mem_pestat] skip orientation FF as there are not enough pairs
[M::mem_pestat] analyzing insert size distribution for orientation FR...
[M::mem_pestat] (25, 50, 75) percentile: (381, 387, 397)
[M::mem_pestat] low and high boundaries for computing mean and std.dev: (349, 429)
[M::mem_pestat] mean and std.dev: (389.92, 10.92)
[M::mem_pestat] low and high boundaries for proper pairs: (333, 445)
[M::mem_pestat] analyzing insert size distribution for orientation RF...
[M::mem_pestat] (25, 50, 75) percentile: (207, 814, 845)
[M::mem_pestat] low and high boundaries for computing mean and std.dev: (1, 2121)
[M::mem_pestat] mean and std.dev: (624.71, 469.50)
[M::mem_pestat] low and high boundaries for proper pairs: (1, 2759)
[M::mem_pestat] skip orientation RR as there are not enough pairs
[M::mem_pestat] skip orientation RF
[M::mem_process_seqs] Processed 79682 reads in 26.367 CPU sec, 12.885 real sec
[M::process] read 79682 sequences (20000182 bp)...
[M::mem_pestat] # candidate unique pairs for (FF, FR, RF, RR): (1, 39584, 16, 1)
[M::mem_pestat] skip orientation FF as there are not enough pairs
[M::mem_pestat] analyzing insert size distribution for orientation FR...
[M::mem_pestat] (25, 50, 75) percentile: (381, 387, 397)
[M::mem_pestat] low and high boundaries for computing mean and std.dev: (349, 429)
[M::mem_pestat] mean and std.dev: (389.86, 10.93)
[M::mem_pestat] low and high boundaries for proper pairs: (333, 445)
[M::mem_pestat] analyzing insert size distribution for orientation RF...
[M::mem_pestat] (25, 50, 75) percentile: (215, 268, 877)
[M::mem_pestat] low and high boundaries for computing mean and std.dev: (1, 2201)
[M::mem_pestat] mean and std.dev: (485.64, 471.56)
[M::mem_pestat] low and high boundaries for proper pairs: (1, 2863)
[M::mem_pestat] skip orientation RR as there are not enough pairs
[M::mem_pestat] skip orientation RF
[M::mem_process_seqs] Processed 79682 reads in 23.603 CPU sec, 11.574 real sec
[M::process] read 67754 sequences (17006254 bp)...
[M::mem_pestat] # candidate unique pairs for (FF, FR, RF, RR): (3, 39607, 20, 3)
[M::mem_pestat] skip orientation FF as there are not enough pairs
[M::mem_pestat] analyzing insert size distribution for orientation FR...
[M::mem_pestat] (25, 50, 75) percentile: (381, 387, 397)
[M::mem_pestat] low and high boundaries for computing mean and std.dev: (349, 429)
[M::mem_pestat] mean and std.dev: (389.91, 10.88)
[M::mem_pestat] low and high boundaries for proper pairs: (333, 445)
[M::mem_pestat] analyzing insert size distribution for orientation RF...
[M::mem_pestat] (25, 50, 75) percentile: (215, 218, 871)
[M::mem_pestat] low and high boundaries for computing mean and std.dev: (1, 2183)
[M::mem_pestat] mean and std.dev: (557.21, 571.72)
[M::mem_pestat] low and high boundaries for proper pairs: (1, 2844)
[M::mem_pestat] skip orientation RR as there are not enough pairs
[M::mem_pestat] skip orientation RF
[M::mem_process_seqs] Processed 79682 reads in 21.020 CPU sec, 10.229 real sec
[M::mem_pestat] # candidate unique pairs for (FF, FR, RF, RR): (4, 33634, 7, 3)
[M::mem_pestat] skip orientation FF as there are not enough pairs
[M::mem_pestat] analyzing insert size distribution for orientation FR...
[M::mem_pestat] (25, 50, 75) percentile: (381, 387, 397)
[M::mem_pestat] low and high boundaries for computing mean and std.dev: (349, 429)
[M::mem_pestat] mean and std.dev: (389.79, 10.82)
[M::mem_pestat] low and high boundaries for proper pairs: (333, 445)
[M::mem_pestat] skip orientation RF as there are not enough pairs
[M::mem_pestat] skip orientation RR as there are not enough pairs
[M::mem_process_seqs] Processed 67754 reads in 18.304 CPU sec, 9.049 real sec
[main] Version: 0.7.17-r1188
[main] CMD: bwa mem -t 2 /workspace/lab/mcarthurlab/nasirja/covid-19-signal/data/composite_human_viral_reference.fna E26/raw_fastq/E26_R1.fastq.gz E26/raw_fastq/E26_R2.fastq.gz
[main] Real time: 188.519 sec; CPU: 370.432 sec
viral read count = 1259516 (99.73%)
human read count = 0 (0.00%) 
unmapped read count = 3468 (0.27%)
