Path to Cutadapt set as: 'cutadapt' (default)
Cutadapt seems to be working fine (tested command 'cutadapt --version')
Cutadapt version: 4.1
Could not detect version of Python used by Cutadapt from the first line of Cutadapt (but found this: >>>#!/bin/sh<<<)
Letting the (modified) Cutadapt deal with the Python version instead
Parallel gzip (pigz) detected. Proceeding with multicore (de)compression using 2 cores

No quality encoding type selected. Assuming that the data provided uses Sanger encoded Phred scores (default)

Output will be written into the directory: /workspace/home/nasirja/covid-19-signal/subset_viral_7_results_dir/SC2227/adapter_trimmed/


AUTO-DETECTING ADAPTER TYPE
===========================
Attempting to auto-detect adapter type from the first 1 million sequences of the first file (>> SC2227/host_removal/SC2227_R1.fastq.gz <<)

Found perfect matches for the following adapter sequences:
Adapter type	Count	Sequence	Sequences analysed	Percentage
Illumina	14798	AGATCGGAAGAGC	774272	1.91
smallRNA	1	TGGAATTCTCGG	774272	0.00
Nextera	0	CTGTCTCTTATA	774272	0.00
Using Illumina adapter for trimming (count: 14798). Second best hit was smallRNA (count: 1)

Writing report to '/workspace/home/nasirja/covid-19-signal/subset_viral_7_results_dir/SC2227/adapter_trimmed/SC2227_R1.fastq.gz_trimming_report.txt'

SUMMARISING RUN PARAMETERS
==========================
Input filename: SC2227/host_removal/SC2227_R1.fastq.gz
Trimming mode: paired-end
Trim Galore version: 0.6.4_dev
Cutadapt version: 4.1
Python version: could not detect
Number of cores used for trimming: 2
Quality Phred score cutoff: 20
Quality encoding type selected: ASCII+33
Adapter sequence: 'AGATCGGAAGAGC' (Illumina TruSeq, Sanger iPCR; auto-detected)
Maximum trimming error rate: 0.1 (default)
Minimum required adapter overlap (stringency): 1 bp
Minimum required sequence length for both reads before a sequence pair gets removed: 20 bp
Running FastQC on the data once trimming has completed
Output file(s) will be GZIP compressed

Cutadapt seems to be fairly up-to-date (version 4.1). Setting -j 2
Writing final adapter and quality trimmed output to SC2227_R1_trimmed.fq.gz


  >>> Now performing quality (cutoff '-q 20') and adapter trimming in a single pass for the adapter sequence: 'AGATCGGAAGAGC' from file SC2227/host_removal/SC2227_R1.fastq.gz <<< 
This is cutadapt 4.1 with Python 3.9.13
Command line parameters: -j 2 -e 0.1 -q 20 -O 1 -a AGATCGGAAGAGC SC2227/host_removal/SC2227_R1.fastq.gz
Processing single-end reads on 2 cores ...
Finished in 28.48 s (37 µs/read; 1.63 M reads/minute).

=== Summary ===

Total reads processed:                 774,272
Reads with adapters:                   272,243 (35.2%)
Reads written (passing filters):       774,272 (100.0%)

Total basepairs processed:   194,342,272 bp
Quality-trimmed:               1,385,162 bp (0.7%)
Total written (filtered):    191,203,566 bp (98.4%)

=== Adapter 1 ===

Sequence: AGATCGGAAGAGC; Type: regular 3'; Length: 13; Trimmed: 272243 times

Minimum overlap: 1
No. of allowed errors:
1-9 bp: 0; 10-13 bp: 1

Bases preceding removed adapters:
  A: 34.7%
  C: 22.3%
  G: 11.9%
  T: 30.4%
  none/other: 0.7%

Overview of removed sequences
length	count	expect	max.err	error counts
1	172028	193568.0	0	172028
2	63293	48392.0	0	63293
3	8405	12098.0	0	8405
4	4318	3024.5	0	4318
5	144	756.1	0	144
6	204	189.0	0	204
7	5517	47.3	0	5517
8	163	11.8	0	163
9	277	3.0	0	276 1
10	306	0.7	1	291 15
11	89	0.2	1	83 6
12	269	0.0	1	258 11
13	121	0.0	1	119 2
14	76	0.0	1	76
15	102	0.0	1	97 5
16	56	0.0	1	52 4
17	94	0.0	1	84 10
18	108	0.0	1	103 5
19	75	0.0	1	73 2
20	78	0.0	1	73 5
21	85	0.0	1	81 4
22	94	0.0	1	87 7
23	102	0.0	1	95 7
24	883	0.0	1	845 38
25	227	0.0	1	210 17
26	70	0.0	1	66 4
27	115	0.0	1	100 15
28	120	0.0	1	109 11
29	59	0.0	1	50 9
30	82	0.0	1	80 2
31	91	0.0	1	85 6
32	119	0.0	1	109 10
33	37	0.0	1	24 13
34	82	0.0	1	77 5
35	122	0.0	1	112 10
36	166	0.0	1	155 11
37	67	0.0	1	61 6
38	104	0.0	1	95 9
39	40	0.0	1	38 2
40	77	0.0	1	68 9
41	193	0.0	1	188 5
42	155	0.0	1	150 5
43	305	0.0	1	292 13
44	58	0.0	1	56 2
45	72	0.0	1	67 5
46	76	0.0	1	74 2
47	85	0.0	1	75 10
48	58	0.0	1	47 11
49	105	0.0	1	95 10
50	44	0.0	1	39 5
51	75	0.0	1	72 3
52	76	0.0	1	65 11
53	71	0.0	1	63 8
54	141	0.0	1	122 19
55	87	0.0	1	78 9
56	46	0.0	1	40 6
57	72	0.0	1	68 4
58	45	0.0	1	44 1
59	92	0.0	1	88 4
60	46	0.0	1	44 2
61	51	0.0	1	48 3
62	44	0.0	1	42 2
63	41	0.0	1	35 6
64	25	0.0	1	23 2
65	56	0.0	1	50 6
66	65	0.0	1	60 5
67	33	0.0	1	28 5
68	75	0.0	1	68 7
69	102	0.0	1	88 14
70	69	0.0	1	61 8
71	124	0.0	1	109 15
72	158	0.0	1	141 17
73	229	0.0	1	200 29
74	384	0.0	1	305 79
75	750	0.0	1	601 149
76	1850	0.0	1	1685 165
77	1428	0.0	1	1277 151
78	870	0.0	1	756 114
79	487	0.0	1	404 83
80	318	0.0	1	272 46
81	205	0.0	1	170 35
82	188	0.0	1	160 28
83	139	0.0	1	107 32
84	115	0.0	1	92 23
85	98	0.0	1	86 12
86	76	0.0	1	64 12
87	89	0.0	1	75 14
88	67	0.0	1	47 20
89	121	0.0	1	94 27
90	39	0.0	1	32 7
91	45	0.0	1	37 8
92	50	0.0	1	40 10
93	64	0.0	1	55 9
94	357	0.0	1	341 16
95	93	0.0	1	81 12
96	75	0.0	1	67 8
97	84	0.0	1	77 7
98	38	0.0	1	33 5
99	32	0.0	1	24 8
100	30	0.0	1	25 5
101	19	0.0	1	13 6
102	32	0.0	1	25 7
103	29	0.0	1	21 8
104	22	0.0	1	19 3
105	23	0.0	1	19 4
106	13	0.0	1	9 4
107	25	0.0	1	21 4
108	26	0.0	1	19 7
109	32	0.0	1	28 4
110	19	0.0	1	10 9
111	16	0.0	1	12 4
112	17	0.0	1	12 5
113	21	0.0	1	18 3
114	39	0.0	1	30 9
115	21	0.0	1	15 6
116	29	0.0	1	23 6
117	39	0.0	1	33 6
118	10	0.0	1	9 1
119	8	0.0	1	6 2
120	6	0.0	1	3 3
121	15	0.0	1	11 4
122	15	0.0	1	14 1
123	19	0.0	1	13 6
124	11	0.0	1	7 4
125	16	0.0	1	9 7
126	14	0.0	1	10 4
127	46	0.0	1	38 8
128	13	0.0	1	5 8
129	19	0.0	1	13 6
130	17	0.0	1	11 6
131	25	0.0	1	19 6
132	13	0.0	1	7 6
133	17	0.0	1	12 5
134	23	0.0	1	18 5
135	10	0.0	1	7 3
136	22	0.0	1	14 8
137	13	0.0	1	4 9
138	11	0.0	1	5 6
139	12	0.0	1	6 6
140	16	0.0	1	9 7
141	48	0.0	1	38 10
142	13	0.0	1	8 5
143	19	0.0	1	9 10
144	10	0.0	1	6 4
145	19	0.0	1	12 7
146	27	0.0	1	22 5
147	25	0.0	1	16 9
148	14	0.0	1	7 7
149	13	0.0	1	9 4
150	11	0.0	1	6 5
151	19	0.0	1	14 5
152	21	0.0	1	17 4
153	26	0.0	1	18 8
154	32	0.0	1	30 2
155	28	0.0	1	20 8
156	50	0.0	1	44 6
157	25	0.0	1	19 6
158	30	0.0	1	23 7
159	37	0.0	1	29 8
160	51	0.0	1	45 6
161	48	0.0	1	39 9
162	49	0.0	1	44 5
163	30	0.0	1	24 6
164	40	0.0	1	34 6
165	14	0.0	1	8 6
166	43	0.0	1	34 9
167	45	0.0	1	39 6
168	31	0.0	1	27 4
169	26	0.0	1	20 6
170	35	0.0	1	28 7
171	18	0.0	1	13 5
172	36	0.0	1	25 11
173	31	0.0	1	28 3
174	20	0.0	1	14 6
175	36	0.0	1	27 9
176	23	0.0	1	18 5
177	19	0.0	1	12 7
178	12	0.0	1	6 6
179	12	0.0	1	5 7
180	9	0.0	1	7 2
181	30	0.0	1	23 7
182	3	0.0	1	1 2
183	7	0.0	1	4 3
184	10	0.0	1	7 3
185	43	0.0	1	39 4
186	7	0.0	1	1 6
187	8	0.0	1	6 2
188	2	0.0	1	1 1
189	6	0.0	1	3 3
190	14	0.0	1	13 1
191	12	0.0	1	4 8
192	5	0.0	1	2 3
193	13	0.0	1	11 2
194	2	0.0	1	0 2
195	6	0.0	1	4 2
196	7	0.0	1	4 3
197	2	0.0	1	2
198	4	0.0	1	3 1
199	5	0.0	1	1 4
200	7	0.0	1	7
201	11	0.0	1	4 7
202	2	0.0	1	2
203	8	0.0	1	4 4
204	1	0.0	1	0 1
205	1	0.0	1	0 1
206	3	0.0	1	0 3
207	2	0.0	1	1 1
208	14	0.0	1	10 4
209	2	0.0	1	1 1
210	3	0.0	1	3
211	1	0.0	1	1
212	3	0.0	1	3
213	6	0.0	1	5 1
214	9	0.0	1	7 2
215	6	0.0	1	4 2
216	2	0.0	1	0 2
217	2	0.0	1	1 1
218	3	0.0	1	1 2
219	3	0.0	1	2 1
221	2	0.0	1	2
222	2	0.0	1	0 2
223	2	0.0	1	1 1
224	2	0.0	1	1 1
225	1	0.0	1	1
226	2	0.0	1	2
227	2	0.0	1	1 1
228	3	0.0	1	2 1
229	1	0.0	1	1
230	5	0.0	1	3 2
231	6	0.0	1	4 2
232	4	0.0	1	3 1
233	3	0.0	1	3
234	2	0.0	1	2
235	3	0.0	1	2 1
236	7	0.0	1	5 2
237	1	0.0	1	0 1
238	1	0.0	1	1
239	1	0.0	1	1
240	4	0.0	1	1 3
241	1	0.0	1	1
242	2	0.0	1	2
243	1	0.0	1	0 1
244	3	0.0	1	2 1
245	10	0.0	1	1 9
246	5	0.0	1	1 4
247	6	0.0	1	0 6
248	11	0.0	1	2 9
249	11	0.0	1	3 8
250	24	0.0	1	0 24
251	421	0.0	1	0 421

RUN STATISTICS FOR INPUT FILE: SC2227/host_removal/SC2227_R1.fastq.gz
=============================================
774272 sequences processed in total
The length threshold of paired-end sequences gets evaluated later on (in the validation step)

Writing report to '/workspace/home/nasirja/covid-19-signal/subset_viral_7_results_dir/SC2227/adapter_trimmed/SC2227_R2.fastq.gz_trimming_report.txt'

SUMMARISING RUN PARAMETERS
==========================
Input filename: SC2227/host_removal/SC2227_R2.fastq.gz
Trimming mode: paired-end
Trim Galore version: 0.6.4_dev
Cutadapt version: 4.1
Python version: could not detect
Number of cores used for trimming: 2
Quality Phred score cutoff: 20
Quality encoding type selected: ASCII+33
Adapter sequence: 'AGATCGGAAGAGC' (Illumina TruSeq, Sanger iPCR; auto-detected)
Maximum trimming error rate: 0.1 (default)
Minimum required adapter overlap (stringency): 1 bp
Minimum required sequence length for both reads before a sequence pair gets removed: 20 bp
Running FastQC on the data once trimming has completed
Output file(s) will be GZIP compressed

Cutadapt seems to be fairly up-to-date (version 4.1). Setting -j -j 2
Writing final adapter and quality trimmed output to SC2227_R2_trimmed.fq.gz


  >>> Now performing quality (cutoff '-q 20') and adapter trimming in a single pass for the adapter sequence: 'AGATCGGAAGAGC' from file SC2227/host_removal/SC2227_R2.fastq.gz <<< 
This is cutadapt 4.1 with Python 3.9.13
Command line parameters: -j 2 -e 0.1 -q 20 -O 1 -a AGATCGGAAGAGC SC2227/host_removal/SC2227_R2.fastq.gz
Processing single-end reads on 2 cores ...
Finished in 29.68 s (38 µs/read; 1.57 M reads/minute).

=== Summary ===

Total reads processed:                 774,272
Reads with adapters:                   266,796 (34.5%)
Reads written (passing filters):       774,272 (100.0%)

Total basepairs processed:   194,342,272 bp
Quality-trimmed:               2,950,460 bp (1.5%)
Total written (filtered):    189,867,653 bp (97.7%)

=== Adapter 1 ===

Sequence: AGATCGGAAGAGC; Type: regular 3'; Length: 13; Trimmed: 266796 times

Minimum overlap: 1
No. of allowed errors:
1-9 bp: 0; 10-13 bp: 1

Bases preceding removed adapters:
  A: 38.3%
  C: 20.6%
  G: 11.4%
  T: 28.9%
  none/other: 0.9%

Overview of removed sequences
length	count	expect	max.err	error counts
1	175910	193568.0	0	175910
2	55068	48392.0	0	55068
3	9453	12098.0	0	9453
4	3367	3024.5	0	3367
5	149	756.1	0	149
6	184	189.0	0	184
7	5455	47.3	0	5455
8	120	11.8	0	120
9	251	3.0	0	250 1
10	309	0.7	1	295 14
11	70	0.2	1	61 9
12	283	0.0	1	268 15
13	34	0.0	1	28 6
14	178	0.0	1	163 15
15	53	0.0	1	45 8
16	53	0.0	1	50 3
17	169	0.0	1	159 10
18	38	0.0	1	30 8
19	101	0.0	1	97 4
20	74	0.0	1	71 3
21	15	0.0	1	14 1
22	71	0.0	1	65 6
23	107	0.0	1	96 11
24	1067	0.0	1	1034 33
25	38	0.0	1	32 6
26	109	0.0	1	99 10
27	130	0.0	1	121 9
28	119	0.0	1	115 4
29	25	0.0	1	19 6
30	145	0.0	1	136 9
31	18	0.0	1	17 1
32	102	0.0	1	95 7
33	45	0.0	1	43 2
34	133	0.0	1	125 8
35	103	0.0	1	94 9
36	255	0.0	1	238 17
37	131	0.0	1	115 16
38	147	0.0	1	138 9
39	114	0.0	1	102 12
40	187	0.0	1	171 16
41	325	0.0	1	300 25
42	306	0.0	1	273 33
43	480	0.0	1	448 32
44	364	0.0	1	342 22
45	377	0.0	1	356 21
46	362	0.0	1	343 19
47	266	0.0	1	247 19
48	204	0.0	1	197 7
49	136	0.0	1	125 11
50	92	0.0	1	84 8
51	115	0.0	1	108 7
52	102	0.0	1	95 7
53	118	0.0	1	107 11
54	270	0.0	1	266 4
55	89	0.0	1	82 7
56	177	0.0	1	161 16
57	438	0.0	1	422 16
58	186	0.0	1	183 3
59	57	0.0	1	51 6
60	140	0.0	1	138 2
61	48	0.0	1	44 4
62	42	0.0	1	40 2
63	79	0.0	1	78 1
64	36	0.0	1	36
65	22	0.0	1	22
66	13	0.0	1	13
67	16	0.0	1	16
68	18	0.0	1	15 3
69	16	0.0	1	14 2
70	25	0.0	1	23 2
71	21	0.0	1	20 1
72	20	0.0	1	19 1
73	25	0.0	1	20 5
74	57	0.0	1	51 6
75	78	0.0	1	72 6
76	87	0.0	1	78 9
77	143	0.0	1	111 32
78	275	0.0	1	216 59
79	448	0.0	1	308 140
80	983	0.0	1	798 185
81	905	0.0	1	682 223
82	587	0.0	1	419 168
83	400	0.0	1	274 126
84	224	0.0	1	143 81
85	167	0.0	1	116 51
86	131	0.0	1	94 37
87	93	0.0	1	50 43
88	77	0.0	1	47 30
89	86	0.0	1	63 23
90	56	0.0	1	31 25
91	47	0.0	1	34 13
92	41	0.0	1	19 22
93	51	0.0	1	33 18
94	275	0.0	1	250 25
95	62	0.0	1	44 18
96	72	0.0	1	56 16
97	56	0.0	1	39 17
98	27	0.0	1	17 10
99	20	0.0	1	14 6
100	15	0.0	1	11 4
101	17	0.0	1	10 7
102	17	0.0	1	12 5
103	16	0.0	1	9 7
104	13	0.0	1	8 5
105	31	0.0	1	25 6
106	15	0.0	1	10 5
107	16	0.0	1	6 10
108	8	0.0	1	4 4
109	18	0.0	1	7 11
110	13	0.0	1	5 8
111	14	0.0	1	7 7
112	12	0.0	1	5 7
113	12	0.0	1	8 4
114	13	0.0	1	8 5
115	12	0.0	1	7 5
116	13	0.0	1	5 8
117	24	0.0	1	16 8
118	13	0.0	1	4 9
119	14	0.0	1	7 7
120	8	0.0	1	1 7
121	19	0.0	1	11 8
122	8	0.0	1	2 6
123	16	0.0	1	10 6
124	5	0.0	1	2 3
125	11	0.0	1	5 6
126	12	0.0	1	5 7
127	39	0.0	1	31 8
128	8	0.0	1	5 3
129	17	0.0	1	7 10
130	13	0.0	1	4 9
131	15	0.0	1	9 6
132	6	0.0	1	5 1
133	15	0.0	1	6 9
134	14	0.0	1	6 8
135	8	0.0	1	1 7
136	10	0.0	1	2 8
137	9	0.0	1	3 6
138	6	0.0	1	3 3
139	3	0.0	1	3
140	6	0.0	1	2 4
141	36	0.0	1	33 3
142	11	0.0	1	4 7
143	11	0.0	1	2 9
144	6	0.0	1	3 3
145	12	0.0	1	8 4
146	24	0.0	1	20 4
147	19	0.0	1	14 5
148	9	0.0	1	7 2
149	7	0.0	1	3 4
150	4	0.0	1	1 3
151	10	0.0	1	6 4
152	12	0.0	1	7 5
153	22	0.0	1	13 9
154	27	0.0	1	20 7
155	16	0.0	1	10 6
156	43	0.0	1	36 7
157	11	0.0	1	8 3
158	12	0.0	1	11 1
159	32	0.0	1	28 4
160	41	0.0	1	37 4
161	28	0.0	1	21 7
162	36	0.0	1	31 5
163	18	0.0	1	15 3
164	33	0.0	1	29 4
165	11	0.0	1	8 3
166	26	0.0	1	25 1
167	49	0.0	1	46 3
168	22	0.0	1	18 4
169	25	0.0	1	23 2
170	22	0.0	1	20 2
171	12	0.0	1	9 3
172	21	0.0	1	19 2
173	21	0.0	1	16 5
174	20	0.0	1	15 5
175	21	0.0	1	20 1
176	18	0.0	1	16 2
177	4	0.0	1	4
178	11	0.0	1	6 5
179	9	0.0	1	5 4
180	14	0.0	1	12 2
181	19	0.0	1	18 1
182	3	0.0	1	3
183	9	0.0	1	7 2
184	6	0.0	1	6
185	32	0.0	1	30 2
186	2	0.0	1	2
187	9	0.0	1	7 2
188	1	0.0	1	0 1
189	3	0.0	1	3
190	5	0.0	1	4 1
191	3	0.0	1	2 1
192	8	0.0	1	7 1
193	5	0.0	1	5
194	2	0.0	1	2
195	2	0.0	1	2
196	2	0.0	1	2
197	3	0.0	1	2 1
198	6	0.0	1	6
199	1	0.0	1	1
200	3	0.0	1	3
201	2	0.0	1	1 1
202	1	0.0	1	1
203	3	0.0	1	2 1
207	3	0.0	1	2 1
208	6	0.0	1	5 1
209	1	0.0	1	1
210	5	0.0	1	5
211	1	0.0	1	1
212	3	0.0	1	2 1
213	3	0.0	1	3
214	2	0.0	1	2
215	2	0.0	1	2
216	1	0.0	1	1
217	3	0.0	1	3
223	3	0.0	1	2 1
224	1	0.0	1	1
226	3	0.0	1	2 1
227	4	0.0	1	4
228	2	0.0	1	2
229	2	0.0	1	2
230	1	0.0	1	1
231	2	0.0	1	1 1
232	4	0.0	1	4
233	2	0.0	1	2
235	2	0.0	1	2
236	1	0.0	1	1
239	1	0.0	1	1
240	2	0.0	1	2
241	1	0.0	1	1
242	2	0.0	1	1 1
243	1	0.0	1	1
244	2	0.0	1	2
245	2	0.0	1	1 1
246	2	0.0	1	1 1
247	1	0.0	1	1
248	2	0.0	1	0 2
249	3	0.0	1	1 2
250	13	0.0	1	0 13
251	424	0.0	1	1 423

RUN STATISTICS FOR INPUT FILE: SC2227/host_removal/SC2227_R2.fastq.gz
=============================================
774272 sequences processed in total
The length threshold of paired-end sequences gets evaluated later on (in the validation step)

Validate paired-end files SC2227_R1_trimmed.fq.gz and SC2227_R2_trimmed.fq.gz
file_1: SC2227_R1_trimmed.fq.gz, file_2: SC2227_R2_trimmed.fq.gz


>>>>> Now validing the length of the 2 paired-end infiles: SC2227_R1_trimmed.fq.gz and SC2227_R2_trimmed.fq.gz <<<<<
Writing validated paired-end Read 1 reads to SC2227_R1_val_1.fq.gz
Writing validated paired-end Read 2 reads to SC2227_R2_val_2.fq.gz

Total number of sequences analysed: 774272

Number of sequence pairs removed because at least one read was shorter than the length cutoff (20 bp): 4426 (0.57%)


  >>> Now running FastQC on the validated data SC2227_R1_val_1.fq.gz<<<

Started analysis of SC2227_R1_val_1.fq.gz
Approx 5% complete for SC2227_R1_val_1.fq.gz
Approx 10% complete for SC2227_R1_val_1.fq.gz
Approx 15% complete for SC2227_R1_val_1.fq.gz
Approx 20% complete for SC2227_R1_val_1.fq.gz
Approx 25% complete for SC2227_R1_val_1.fq.gz
Approx 30% complete for SC2227_R1_val_1.fq.gz
Approx 35% complete for SC2227_R1_val_1.fq.gz
Approx 40% complete for SC2227_R1_val_1.fq.gz
Approx 45% complete for SC2227_R1_val_1.fq.gz
Approx 50% complete for SC2227_R1_val_1.fq.gz
Approx 55% complete for SC2227_R1_val_1.fq.gz
Approx 60% complete for SC2227_R1_val_1.fq.gz
Approx 65% complete for SC2227_R1_val_1.fq.gz
Approx 70% complete for SC2227_R1_val_1.fq.gz
Approx 75% complete for SC2227_R1_val_1.fq.gz
Approx 80% complete for SC2227_R1_val_1.fq.gz
Approx 85% complete for SC2227_R1_val_1.fq.gz
Approx 90% complete for SC2227_R1_val_1.fq.gz
Approx 95% complete for SC2227_R1_val_1.fq.gz

  >>> Now running FastQC on the validated data SC2227_R2_val_2.fq.gz<<<

Started analysis of SC2227_R2_val_2.fq.gz
Approx 5% complete for SC2227_R2_val_2.fq.gz
Approx 10% complete for SC2227_R2_val_2.fq.gz
Approx 15% complete for SC2227_R2_val_2.fq.gz
Approx 20% complete for SC2227_R2_val_2.fq.gz
Approx 25% complete for SC2227_R2_val_2.fq.gz
Approx 30% complete for SC2227_R2_val_2.fq.gz
Approx 35% complete for SC2227_R2_val_2.fq.gz
Approx 40% complete for SC2227_R2_val_2.fq.gz
Approx 45% complete for SC2227_R2_val_2.fq.gz
Approx 50% complete for SC2227_R2_val_2.fq.gz
Approx 55% complete for SC2227_R2_val_2.fq.gz
Approx 60% complete for SC2227_R2_val_2.fq.gz
Approx 65% complete for SC2227_R2_val_2.fq.gz
Approx 70% complete for SC2227_R2_val_2.fq.gz
Approx 75% complete for SC2227_R2_val_2.fq.gz
Approx 80% complete for SC2227_R2_val_2.fq.gz
Approx 85% complete for SC2227_R2_val_2.fq.gz
Approx 90% complete for SC2227_R2_val_2.fq.gz
Approx 95% complete for SC2227_R2_val_2.fq.gz
Deleting both intermediate output files SC2227_R1_trimmed.fq.gz and SC2227_R2_trimmed.fq.gz

====================================================================================================

