[M::bwa_idx_load_from_disk] read 0 ALT contigs
[M::process] read 81150 sequences (20000036 bp)...
[M::process] read 81246 sequences (20000006 bp)...
[M::mem_pestat] # candidate unique pairs for (FF, FR, RF, RR): (3, 40169, 14, 1)
[M::mem_pestat] skip orientation FF as there are not enough pairs
[M::mem_pestat] analyzing insert size distribution for orientation FR...
[M::mem_pestat] (25, 50, 75) percentile: (380, 385, 393)
[M::mem_pestat] low and high boundaries for computing mean and std.dev: (354, 419)
[M::mem_pestat] mean and std.dev: (388.58, 10.54)
[M::mem_pestat] low and high boundaries for proper pairs: (341, 432)
[M::mem_pestat] analyzing insert size distribution for orientation RF...
[M::mem_pestat] (25, 50, 75) percentile: (203, 824, 983)
[M::mem_pestat] low and high boundaries for computing mean and std.dev: (1, 2543)
[M::mem_pestat] mean and std.dev: (564.75, 541.92)
[M::mem_pestat] low and high boundaries for proper pairs: (1, 3323)
[M::mem_pestat] skip orientation RR as there are not enough pairs
[M::mem_pestat] skip orientation RF
[M::mem_process_seqs] Processed 81150 reads in 6.140 CPU sec, 2.925 real sec
[M::mem_pestat] # candidate unique pairs for (FF, FR, RF, RR): (4, 40194, 11, 4)
[M::mem_pestat] skip orientation FF as there are not enough pairs
[M::mem_pestat] analyzing insert size distribution for orientation FR...
[M::mem_pestat] (25, 50, 75) percentile: (380, 385, 393)
[M::mem_pestat] low and high boundaries for computing mean and std.dev: (354, 419)
[M::mem_pestat] mean and std.dev: (388.25, 10.65)
[M::mem_pestat] low and high boundaries for proper pairs: (341, 432)
[M::mem_pestat] analyzing insert size distribution for orientation RF...
[M::mem_pestat] (25, 50, 75) percentile: (2372, 2574, 4455)
[M::mem_pestat] low and high boundaries for computing mean and std.dev: (1, 8621)
[M::mem_pestat] mean and std.dev: (3216.64, 2451.65)
[M::mem_pestat] low and high boundaries for proper pairs: (1, 13023)
[M::mem_pestat] skip orientation RR as there are not enough pairs
[M::mem_pestat] skip orientation RF
[M::mem_process_seqs] Processed 81246 reads in 5.921 CPU sec, 2.892 real sec
[M::process] read 81140 sequences (20000238 bp)...
[M::mem_pestat] # candidate unique pairs for (FF, FR, RF, RR): (5, 40192, 13, 6)
[M::mem_pestat] skip orientation FF as there are not enough pairs
[M::mem_pestat] analyzing insert size distribution for orientation FR...
[M::mem_pestat] (25, 50, 75) percentile: (380, 385, 393)
[M::mem_pestat] low and high boundaries for computing mean and std.dev: (354, 419)
[M::mem_pestat] mean and std.dev: (388.30, 10.54)
[M::mem_pestat] low and high boundaries for proper pairs: (341, 432)
[M::mem_pestat] analyzing insert size distribution for orientation RF...
[M::mem_pestat] (25, 50, 75) percentile: (900, 2397, 7744)
[M::mem_pestat] low and high boundaries for computing mean and std.dev: (1, 21432)
[M::mem_pestat] mean and std.dev: (3065.38, 2750.83)
[M::mem_pestat] low and high boundaries for proper pairs: (1, 28276)
[M::mem_pestat] skip orientation RR as there are not enough pairs
[M::mem_pestat] skip orientation RF
[M::mem_process_seqs] Processed 81140 reads in 5.919 CPU sec, 2.867 real sec
[M::process] read 81138 sequences (20000486 bp)...
[M::mem_pestat] # candidate unique pairs for (FF, FR, RF, RR): (4, 40145, 13, 6)
[M::mem_pestat] skip orientation FF as there are not enough pairs
[M::mem_pestat] analyzing insert size distribution for orientation FR...
[M::mem_pestat] (25, 50, 75) percentile: (380, 385, 393)
[M::mem_pestat] low and high boundaries for computing mean and std.dev: (354, 419)
[M::mem_pestat] mean and std.dev: (388.36, 10.49)
[M::mem_pestat] low and high boundaries for proper pairs: (341, 432)
[M::mem_pestat] analyzing insert size distribution for orientation RF...
[M::mem_pestat] (25, 50, 75) percentile: (232, 1453, 6747)
[M::mem_pestat] low and high boundaries for computing mean and std.dev: (1, 19777)
[M::mem_pestat] mean and std.dev: (2853.31, 3159.24)
[M::mem_pestat] low and high boundaries for proper pairs: (1, 26292)
[M::mem_pestat] skip orientation RR as there are not enough pairs
[M::mem_pestat] skip orientation RF
[M::mem_process_seqs] Processed 81138 reads in 5.605 CPU sec, 2.718 real sec
[M::process] read 81064 sequences (20000424 bp)...
[M::mem_pestat] # candidate unique pairs for (FF, FR, RF, RR): (8, 40131, 11, 2)
[M::mem_pestat] skip orientation FF as there are not enough pairs
[M::mem_pestat] analyzing insert size distribution for orientation FR...
[M::mem_pestat] (25, 50, 75) percentile: (379, 385, 393)
[M::mem_pestat] low and high boundaries for computing mean and std.dev: (351, 421)
[M::mem_pestat] mean and std.dev: (387.85, 10.73)
[M::mem_pestat] low and high boundaries for proper pairs: (337, 435)
[M::mem_pestat] analyzing insert size distribution for orientation RF...
[M::mem_pestat] (25, 50, 75) percentile: (229, 556, 2594)
[M::mem_pestat] low and high boundaries for computing mean and std.dev: (1, 7324)
[M::mem_pestat] mean and std.dev: (1115.70, 1237.46)
[M::mem_pestat] low and high boundaries for proper pairs: (1, 9689)
[M::mem_pestat] skip orientation RR as there are not enough pairs
[M::mem_pestat] skip orientation RF
[M::mem_process_seqs] Processed 81064 reads in 6.093 CPU sec, 2.894 real sec
[M::process] read 81048 sequences (20000398 bp)...
[M::mem_pestat] # candidate unique pairs for (FF, FR, RF, RR): (5, 40084, 12, 8)
[M::mem_pestat] skip orientation FF as there are not enough pairs
[M::mem_pestat] analyzing insert size distribution for orientation FR...
[M::mem_pestat] (25, 50, 75) percentile: (380, 385, 393)
[M::mem_pestat] low and high boundaries for computing mean and std.dev: (354, 419)
[M::mem_pestat] mean and std.dev: (388.55, 10.55)
[M::mem_pestat] low and high boundaries for proper pairs: (341, 432)
[M::mem_pestat] analyzing insert size distribution for orientation RF...
[M::mem_pestat] (25, 50, 75) percentile: (847, 1113, 1789)
[M::mem_pestat] low and high boundaries for computing mean and std.dev: (1, 3673)
[M::mem_pestat] mean and std.dev: (1151.09, 667.33)
[M::mem_pestat] low and high boundaries for proper pairs: (1, 4615)
[M::mem_pestat] skip orientation RR as there are not enough pairs
[M::mem_pestat] skip orientation RF
[M::mem_process_seqs] Processed 81048 reads in 5.710 CPU sec, 2.763 real sec
[M::process] read 81094 sequences (20000486 bp)...
[M::mem_pestat] # candidate unique pairs for (FF, FR, RF, RR): (3, 40150, 14, 7)
[M::mem_pestat] skip orientation FF as there are not enough pairs
[M::mem_pestat] analyzing insert size distribution for orientation FR...
[M::mem_pestat] (25, 50, 75) percentile: (380, 385, 393)
[M::mem_pestat] low and high boundaries for computing mean and std.dev: (354, 419)
[M::mem_pestat] mean and std.dev: (388.24, 10.53)
[M::mem_pestat] low and high boundaries for proper pairs: (341, 432)
[M::mem_pestat] analyzing insert size distribution for orientation RF...
[M::mem_pestat] (25, 50, 75) percentile: (380, 1315, 2720)
[M::mem_pestat] low and high boundaries for computing mean and std.dev: (1, 7400)
[M::mem_pestat] mean and std.dev: (2030.71, 2008.36)
[M::mem_pestat] low and high boundaries for proper pairs: (1, 10064)
[M::mem_pestat] skip orientation RR as there are not enough pairs
[M::mem_pestat] skip orientation RF
[M::mem_process_seqs] Processed 81094 reads in 5.590 CPU sec, 2.725 real sec
[M::process] read 81246 sequences (20000449 bp)...
[M::mem_pestat] # candidate unique pairs for (FF, FR, RF, RR): (4, 40227, 6, 4)
[M::mem_pestat] skip orientation FF as there are not enough pairs
[M::mem_pestat] analyzing insert size distribution for orientation FR...
[M::mem_pestat] (25, 50, 75) percentile: (380, 385, 393)
[M::mem_pestat] low and high boundaries for computing mean and std.dev: (354, 419)
[M::mem_pestat] mean and std.dev: (388.26, 10.59)
[M::mem_pestat] low and high boundaries for proper pairs: (341, 432)
[M::mem_pestat] skip orientation RF as there are not enough pairs
[M::mem_pestat] skip orientation RR as there are not enough pairs
[M::mem_process_seqs] Processed 81246 reads in 5.576 CPU sec, 2.706 real sec
[M::process] read 81196 sequences (20000268 bp)...
[M::mem_pestat] # candidate unique pairs for (FF, FR, RF, RR): (2, 40197, 18, 6)
[M::mem_pestat] skip orientation FF as there are not enough pairs
[M::mem_pestat] analyzing insert size distribution for orientation FR...
[M::mem_pestat] (25, 50, 75) percentile: (380, 385, 393)
[M::mem_pestat] low and high boundaries for computing mean and std.dev: (354, 419)
[M::mem_pestat] mean and std.dev: (388.44, 10.51)
[M::mem_pestat] low and high boundaries for proper pairs: (341, 432)
[M::mem_pestat] analyzing insert size distribution for orientation RF...
[M::mem_pestat] (25, 50, 75) percentile: (352, 1037, 2435)
[M::mem_pestat] low and high boundaries for computing mean and std.dev: (1, 6601)
[M::mem_pestat] mean and std.dev: (1370.53, 1213.53)
[M::mem_pestat] low and high boundaries for proper pairs: (1, 8684)
[M::mem_pestat] skip orientation RR as there are not enough pairs
[M::mem_pestat] skip orientation RF
[M::mem_process_seqs] Processed 81196 reads in 5.256 CPU sec, 2.556 real sec
[M::process] read 81192 sequences (20000062 bp)...
[M::mem_pestat] # candidate unique pairs for (FF, FR, RF, RR): (2, 40205, 9, 5)
[M::mem_pestat] skip orientation FF as there are not enough pairs
[M::mem_pestat] analyzing insert size distribution for orientation FR...
[M::mem_pestat] (25, 50, 75) percentile: (380, 385, 393)
[M::mem_pestat] low and high boundaries for computing mean and std.dev: (354, 419)
[M::mem_pestat] mean and std.dev: (388.37, 10.60)
[M::mem_pestat] low and high boundaries for proper pairs: (341, 432)
[M::mem_pestat] skip orientation RF as there are not enough pairs
[M::mem_pestat] skip orientation RR as there are not enough pairs
[M::mem_process_seqs] Processed 81192 reads in 5.243 CPU sec, 2.545 real sec
[M::process] read 81058 sequences (20000451 bp)...
[M::mem_pestat] # candidate unique pairs for (FF, FR, RF, RR): (3, 40129, 12, 7)
[M::mem_pestat] skip orientation FF as there are not enough pairs
[M::mem_pestat] analyzing insert size distribution for orientation FR...
[M::mem_pestat] (25, 50, 75) percentile: (380, 385, 393)
[M::mem_pestat] low and high boundaries for computing mean and std.dev: (354, 419)
[M::mem_pestat] mean and std.dev: (388.54, 10.54)
[M::mem_pestat] low and high boundaries for proper pairs: (341, 432)
[M::mem_pestat] analyzing insert size distribution for orientation RF...
[M::mem_pestat] (25, 50, 75) percentile: (825, 1171, 2700)
[M::mem_pestat] low and high boundaries for computing mean and std.dev: (1, 6450)
[M::mem_pestat] mean and std.dev: (1604.33, 1676.54)
[M::mem_pestat] low and high boundaries for proper pairs: (1, 8325)
[M::mem_pestat] skip orientation RR as there are not enough pairs
[M::mem_pestat] skip orientation RF
[M::mem_process_seqs] Processed 81058 reads in 5.502 CPU sec, 2.632 real sec
[M::process] read 81142 sequences (20000225 bp)...
[M::mem_pestat] # candidate unique pairs for (FF, FR, RF, RR): (6, 40150, 12, 2)
[M::mem_pestat] skip orientation FF as there are not enough pairs
[M::mem_pestat] analyzing insert size distribution for orientation FR...
[M::mem_pestat] (25, 50, 75) percentile: (380, 385, 393)
[M::mem_pestat] low and high boundaries for computing mean and std.dev: (354, 419)
[M::mem_pestat] mean and std.dev: (388.35, 10.54)
[M::mem_pestat] low and high boundaries for proper pairs: (341, 432)
[M::mem_pestat] analyzing insert size distribution for orientation RF...
[M::mem_pestat] (25, 50, 75) percentile: (239, 558, 3311)
[M::mem_pestat] low and high boundaries for computing mean and std.dev: (1, 9455)
[M::mem_pestat] mean and std.dev: (1812.00, 2716.96)
[M::mem_pestat] low and high boundaries for proper pairs: (1, 12680)
[M::mem_pestat] skip orientation RR as there are not enough pairs
[M::mem_pestat] skip orientation RF
[M::mem_process_seqs] Processed 81142 reads in 5.341 CPU sec, 2.584 real sec
[M::process] read 81086 sequences (20000269 bp)...
[M::mem_pestat] # candidate unique pairs for (FF, FR, RF, RR): (6, 40159, 14, 3)
[M::mem_pestat] skip orientation FF as there are not enough pairs
[M::mem_pestat] analyzing insert size distribution for orientation FR...
[M::mem_pestat] (25, 50, 75) percentile: (380, 385, 393)
[M::mem_pestat] low and high boundaries for computing mean and std.dev: (354, 419)
[M::mem_pestat] mean and std.dev: (388.43, 10.64)
[M::mem_pestat] low and high boundaries for proper pairs: (341, 432)
[M::mem_pestat] analyzing insert size distribution for orientation RF...
[M::mem_pestat] (25, 50, 75) percentile: (239, 795, 3814)
[M::mem_pestat] low and high boundaries for computing mean and std.dev: (1, 10964)
[M::mem_pestat] mean and std.dev: (2316.29, 2885.62)
[M::mem_pestat] low and high boundaries for proper pairs: (1, 14539)
[M::mem_pestat] skip orientation RR as there are not enough pairs
[M::mem_pestat] skip orientation RF
[M::mem_process_seqs] Processed 81086 reads in 5.384 CPU sec, 2.600 real sec
[M::process] read 13752 sequences (3387252 bp)...
[M::mem_pestat] # candidate unique pairs for (FF, FR, RF, RR): (0, 6812, 2, 1)
[M::mem_pestat] skip orientation FF as there are not enough pairs
[M::mem_pestat] analyzing insert size distribution for orientation FR...
[M::mem_pestat] (25, 50, 75) percentile: (379, 384, 393)
[M::mem_pestat] low and high boundaries for computing mean and std.dev: (351, 421)
[M::mem_pestat] mean and std.dev: (387.41, 10.66)
[M::mem_pestat] low and high boundaries for proper pairs: (337, 435)
[M::mem_pestat] skip orientation RF as there are not enough pairs
[M::mem_pestat] skip orientation RR as there are not enough pairs
[M::mem_process_seqs] Processed 13752 reads in 1.030 CPU sec, 0.497 real sec
[main] Version: 0.7.17-r1188
[main] CMD: bwa mem -t 2 SC2211/core/viral_reference SC2211/adapter_trimmed/SC2211_R1_val_1_posttrim_filter.fq.gz SC2211/adapter_trimmed/SC2211_R2_val_2_posttrim_filter.fq.gz
[main] Real time: 43.496 sec; CPU: 78.312 sec
[bam_sort_core] merging from 0 files and 2 in-memory blocks...
