Path to Cutadapt set as: 'cutadapt' (default)
Cutadapt seems to be working fine (tested command 'cutadapt --version')
Cutadapt version: 4.1
Could not detect version of Python used by Cutadapt from the first line of Cutadapt (but found this: >>>#!/bin/sh<<<)
Letting the (modified) Cutadapt deal with the Python version instead
Parallel gzip (pigz) detected. Proceeding with multicore (de)compression using 2 cores

No quality encoding type selected. Assuming that the data provided uses Sanger encoded Phred scores (default)

Output will be written into the directory: /workspace/home/nasirja/covid-19-signal/subset_viral_7_results_dir/SC2198/adapter_trimmed/


AUTO-DETECTING ADAPTER TYPE
===========================
Attempting to auto-detect adapter type from the first 1 million sequences of the first file (>> SC2198/host_removal/SC2198_R1.fastq.gz <<)

Found perfect matches for the following adapter sequences:
Adapter type	Count	Sequence	Sequences analysed	Percentage
Illumina	14656	AGATCGGAAGAGC	680593	2.15
Nextera	0	CTGTCTCTTATA	680593	0.00
smallRNA	0	TGGAATTCTCGG	680593	0.00
Using Illumina adapter for trimming (count: 14656). Second best hit was Nextera (count: 0)

Writing report to '/workspace/home/nasirja/covid-19-signal/subset_viral_7_results_dir/SC2198/adapter_trimmed/SC2198_R1.fastq.gz_trimming_report.txt'

SUMMARISING RUN PARAMETERS
==========================
Input filename: SC2198/host_removal/SC2198_R1.fastq.gz
Trimming mode: paired-end
Trim Galore version: 0.6.4_dev
Cutadapt version: 4.1
Python version: could not detect
Number of cores used for trimming: 2
Quality Phred score cutoff: 20
Quality encoding type selected: ASCII+33
Adapter sequence: 'AGATCGGAAGAGC' (Illumina TruSeq, Sanger iPCR; auto-detected)
Maximum trimming error rate: 0.1 (default)
Minimum required adapter overlap (stringency): 1 bp
Minimum required sequence length for both reads before a sequence pair gets removed: 20 bp
Running FastQC on the data once trimming has completed
Output file(s) will be GZIP compressed

Cutadapt seems to be fairly up-to-date (version 4.1). Setting -j 2
Writing final adapter and quality trimmed output to SC2198_R1_trimmed.fq.gz


  >>> Now performing quality (cutoff '-q 20') and adapter trimming in a single pass for the adapter sequence: 'AGATCGGAAGAGC' from file SC2198/host_removal/SC2198_R1.fastq.gz <<< 
This is cutadapt 4.1 with Python 3.9.13
Command line parameters: -j 2 -e 0.1 -q 20 -O 1 -a AGATCGGAAGAGC SC2198/host_removal/SC2198_R1.fastq.gz
Processing single-end reads on 2 cores ...
Finished in 24.24 s (36 µs/read; 1.68 M reads/minute).

=== Summary ===

Total reads processed:                 680,593
Reads with adapters:                   234,863 (34.5%)
Reads written (passing filters):       680,593 (100.0%)

Total basepairs processed:   170,828,843 bp
Quality-trimmed:               1,544,759 bp (0.9%)
Total written (filtered):    167,658,397 bp (98.1%)

=== Adapter 1 ===

Sequence: AGATCGGAAGAGC; Type: regular 3'; Length: 13; Trimmed: 234863 times

Minimum overlap: 1
No. of allowed errors:
1-9 bp: 0; 10-13 bp: 1

Bases preceding removed adapters:
  A: 36.3%
  C: 17.4%
  G: 12.5%
  T: 33.3%
  none/other: 0.5%

Overview of removed sequences
length	count	expect	max.err	error counts
1	152494	170148.2	0	152494
2	53718	42537.1	0	53718
3	4572	10634.3	0	4572
4	1517	2658.6	0	1517
5	117	664.6	0	117
6	188	166.2	0	188
7	4964	41.5	0	4964
8	138	10.4	0	138
9	299	2.6	0	297 2
10	216	0.6	1	210 6
11	82	0.2	1	72 10
12	196	0.0	1	188 8
13	100	0.0	1	93 7
14	56	0.0	1	46 10
15	70	0.0	1	63 7
16	39	0.0	1	34 5
17	76	0.0	1	71 5
18	94	0.0	1	84 10
19	73	0.0	1	64 9
20	89	0.0	1	81 8
21	71	0.0	1	64 7
22	86	0.0	1	80 6
23	99	0.0	1	89 10
24	853	0.0	1	830 23
25	188	0.0	1	182 6
26	49	0.0	1	40 9
27	85	0.0	1	70 15
28	116	0.0	1	103 13
29	45	0.0	1	33 12
30	55	0.0	1	51 4
31	49	0.0	1	45 4
32	58	0.0	1	49 9
33	29	0.0	1	18 11
34	70	0.0	1	56 14
35	114	0.0	1	84 30
36	170	0.0	1	155 15
37	405	0.0	1	391 14
38	78	0.0	1	74 4
39	72	0.0	1	64 8
40	87	0.0	1	84 3
41	34	0.0	1	27 7
42	112	0.0	1	103 9
43	140	0.0	1	132 8
44	56	0.0	1	53 3
45	42	0.0	1	39 3
46	61	0.0	1	52 9
47	54	0.0	1	46 8
48	37	0.0	1	34 3
49	50	0.0	1	41 9
50	31	0.0	1	29 2
51	55	0.0	1	48 7
52	48	0.0	1	42 6
53	63	0.0	1	46 17
54	99	0.0	1	84 15
55	79	0.0	1	72 7
56	27	0.0	1	21 6
57	42	0.0	1	38 4
58	26	0.0	1	23 3
59	48	0.0	1	44 4
60	40	0.0	1	39 1
61	36	0.0	1	33 3
62	24	0.0	1	21 3
63	37	0.0	1	34 3
64	29	0.0	1	26 3
65	44	0.0	1	40 4
66	52	0.0	1	42 10
67	27	0.0	1	24 3
68	49	0.0	1	43 6
69	63	0.0	1	52 11
70	67	0.0	1	60 7
71	83	0.0	1	69 14
72	160	0.0	1	138 22
73	221	0.0	1	201 20
74	377	0.0	1	318 59
75	770	0.0	1	665 105
76	1916	0.0	1	1789 127
77	1489	0.0	1	1384 105
78	812	0.0	1	738 74
79	563	0.0	1	501 62
80	367	0.0	1	326 41
81	217	0.0	1	194 23
82	181	0.0	1	158 23
83	138	0.0	1	119 19
84	107	0.0	1	97 10
85	94	0.0	1	81 13
86	87	0.0	1	70 17
87	95	0.0	1	81 14
88	62	0.0	1	56 6
89	87	0.0	1	76 11
90	74	0.0	1	64 10
91	56	0.0	1	45 11
92	48	0.0	1	44 4
93	66	0.0	1	55 11
94	396	0.0	1	380 16
95	66	0.0	1	59 7
96	104	0.0	1	96 8
97	38	0.0	1	35 3
98	28	0.0	1	25 3
99	20	0.0	1	17 3
100	21	0.0	1	18 3
101	23	0.0	1	18 5
102	31	0.0	1	25 6
103	33	0.0	1	30 3
104	20	0.0	1	17 3
105	44	0.0	1	40 4
106	26	0.0	1	19 7
107	34	0.0	1	29 5
108	23	0.0	1	18 5
109	37	0.0	1	28 9
110	20	0.0	1	16 4
111	69	0.0	1	68 1
112	19	0.0	1	17 2
113	45	0.0	1	42 3
114	40	0.0	1	32 8
115	17	0.0	1	15 2
116	30	0.0	1	21 9
117	42	0.0	1	35 7
118	12	0.0	1	10 2
119	15	0.0	1	11 4
120	8	0.0	1	6 2
121	15	0.0	1	13 2
122	11	0.0	1	8 3
123	29	0.0	1	24 5
124	15	0.0	1	13 2
125	15	0.0	1	12 3
126	14	0.0	1	12 2
127	36	0.0	1	33 3
128	19	0.0	1	17 2
129	20	0.0	1	14 6
130	6	0.0	1	1 5
131	6	0.0	1	5 1
132	9	0.0	1	9
133	18	0.0	1	15 3
134	20	0.0	1	14 6
135	12	0.0	1	9 3
136	20	0.0	1	17 3
137	11	0.0	1	5 6
138	9	0.0	1	8 1
139	10	0.0	1	8 2
140	9	0.0	1	6 3
141	29	0.0	1	24 5
142	6	0.0	1	3 3
143	13	0.0	1	6 7
144	3	0.0	1	1 2
145	14	0.0	1	9 5
146	19	0.0	1	16 3
147	34	0.0	1	30 4
148	32	0.0	1	29 3
149	28	0.0	1	25 3
150	12	0.0	1	9 3
151	19	0.0	1	16 3
152	12	0.0	1	9 3
153	28	0.0	1	25 3
154	43	0.0	1	37 6
155	21	0.0	1	18 3
156	98	0.0	1	93 5
157	41	0.0	1	39 2
158	17	0.0	1	14 3
159	29	0.0	1	24 5
160	48	0.0	1	47 1
161	36	0.0	1	35 1
162	52	0.0	1	46 6
163	23	0.0	1	20 3
164	27	0.0	1	24 3
165	17	0.0	1	16 1
166	44	0.0	1	44
167	42	0.0	1	40 2
168	26	0.0	1	24 2
169	29	0.0	1	22 7
170	18	0.0	1	15 3
171	15	0.0	1	12 3
172	52	0.0	1	45 7
173	14	0.0	1	12 2
174	20	0.0	1	20
175	39	0.0	1	37 2
176	21	0.0	1	20 1
177	26	0.0	1	24 2
178	25	0.0	1	23 2
179	7	0.0	1	5 2
180	25	0.0	1	23 2
181	29	0.0	1	26 3
182	8	0.0	1	6 2
183	11	0.0	1	8 3
184	12	0.0	1	12
185	46	0.0	1	44 2
186	7	0.0	1	5 2
187	7	0.0	1	7
188	4	0.0	1	4
189	13	0.0	1	13
190	14	0.0	1	13 1
191	9	0.0	1	7 2
192	17	0.0	1	15 2
193	9	0.0	1	8 1
194	6	0.0	1	4 2
195	4	0.0	1	3 1
196	6	0.0	1	6
197	4	0.0	1	4
198	11	0.0	1	10 1
199	4	0.0	1	1 3
200	11	0.0	1	9 2
201	5	0.0	1	5
202	7	0.0	1	6 1
203	6	0.0	1	5 1
204	2	0.0	1	2
205	5	0.0	1	4 1
206	5	0.0	1	5
207	9	0.0	1	8 1
208	9	0.0	1	8 1
209	12	0.0	1	11 1
210	16	0.0	1	14 2
211	5	0.0	1	5
212	8	0.0	1	6 2
213	4	0.0	1	3 1
214	8	0.0	1	7 1
215	11	0.0	1	10 1
216	4	0.0	1	4
217	10	0.0	1	9 1
219	1	0.0	1	0 1
220	1	0.0	1	1
221	2	0.0	1	1 1
222	2	0.0	1	2
224	3	0.0	1	1 2
228	1	0.0	1	1
229	2	0.0	1	2
230	1	0.0	1	0 1
231	2	0.0	1	2
232	1	0.0	1	1
233	1	0.0	1	1
240	1	0.0	1	0 1
243	1	0.0	1	0 1
245	2	0.0	1	0 2
246	1	0.0	1	0 1
247	3	0.0	1	0 3
248	2	0.0	1	0 2
249	5	0.0	1	0 5
250	16	0.0	1	0 16
251	269	0.0	1	0 269

RUN STATISTICS FOR INPUT FILE: SC2198/host_removal/SC2198_R1.fastq.gz
=============================================
680593 sequences processed in total
The length threshold of paired-end sequences gets evaluated later on (in the validation step)

Writing report to '/workspace/home/nasirja/covid-19-signal/subset_viral_7_results_dir/SC2198/adapter_trimmed/SC2198_R2.fastq.gz_trimming_report.txt'

SUMMARISING RUN PARAMETERS
==========================
Input filename: SC2198/host_removal/SC2198_R2.fastq.gz
Trimming mode: paired-end
Trim Galore version: 0.6.4_dev
Cutadapt version: 4.1
Python version: could not detect
Number of cores used for trimming: 2
Quality Phred score cutoff: 20
Quality encoding type selected: ASCII+33
Adapter sequence: 'AGATCGGAAGAGC' (Illumina TruSeq, Sanger iPCR; auto-detected)
Maximum trimming error rate: 0.1 (default)
Minimum required adapter overlap (stringency): 1 bp
Minimum required sequence length for both reads before a sequence pair gets removed: 20 bp
Running FastQC on the data once trimming has completed
Output file(s) will be GZIP compressed

Cutadapt seems to be fairly up-to-date (version 4.1). Setting -j -j 2
Writing final adapter and quality trimmed output to SC2198_R2_trimmed.fq.gz


  >>> Now performing quality (cutoff '-q 20') and adapter trimming in a single pass for the adapter sequence: 'AGATCGGAAGAGC' from file SC2198/host_removal/SC2198_R2.fastq.gz <<< 
This is cutadapt 4.1 with Python 3.9.13
Command line parameters: -j 2 -e 0.1 -q 20 -O 1 -a AGATCGGAAGAGC SC2198/host_removal/SC2198_R2.fastq.gz
Processing single-end reads on 2 cores ...
Finished in 24.50 s (36 µs/read; 1.67 M reads/minute).

=== Summary ===

Total reads processed:                 680,593
Reads with adapters:                   230,680 (33.9%)
Reads written (passing filters):       680,593 (100.0%)

Total basepairs processed:   170,828,843 bp
Quality-trimmed:               3,123,850 bp (1.8%)
Total written (filtered):    166,344,830 bp (97.4%)

=== Adapter 1 ===

Sequence: AGATCGGAAGAGC; Type: regular 3'; Length: 13; Trimmed: 230680 times

Minimum overlap: 1
No. of allowed errors:
1-9 bp: 0; 10-13 bp: 1

Bases preceding removed adapters:
  A: 39.5%
  C: 16.8%
  G: 12.1%
  T: 30.9%
  none/other: 0.6%

Overview of removed sequences
length	count	expect	max.err	error counts
1	155133	170148.2	0	155133
2	48093	42537.1	0	48093
3	5119	10634.3	0	5119
4	1322	2658.6	0	1322
5	113	664.6	0	113
6	162	166.2	0	162
7	4941	41.5	0	4941
8	95	10.4	0	95
9	261	2.6	0	261
10	226	0.6	1	210 16
11	68	0.2	1	55 13
12	191	0.0	1	180 11
13	33	0.0	1	28 5
14	143	0.0	1	130 13
15	34	0.0	1	30 4
16	42	0.0	1	40 2
17	105	0.0	1	98 7
18	28	0.0	1	26 2
19	94	0.0	1	85 9
20	55	0.0	1	55
21	12	0.0	1	9 3
22	72	0.0	1	63 9
23	107	0.0	1	90 17
24	1000	0.0	1	960 40
25	28	0.0	1	27 1
26	71	0.0	1	64 7
27	92	0.0	1	86 6
28	85	0.0	1	82 3
29	20	0.0	1	14 6
30	99	0.0	1	91 8
31	14	0.0	1	12 2
32	71	0.0	1	65 6
33	46	0.0	1	41 5
34	59	0.0	1	51 8
35	98	0.0	1	87 11
36	577	0.0	1	544 33
37	150	0.0	1	140 10
38	61	0.0	1	57 4
39	72	0.0	1	67 5
40	88	0.0	1	82 6
41	167	0.0	1	160 7
42	297	0.0	1	287 10
43	114	0.0	1	104 10
44	325	0.0	1	307 18
45	272	0.0	1	258 14
46	221	0.0	1	207 14
47	358	0.0	1	344 14
48	189	0.0	1	179 10
49	130	0.0	1	125 5
50	94	0.0	1	88 6
51	89	0.0	1	83 6
52	45	0.0	1	44 1
53	111	0.0	1	106 5
54	285	0.0	1	279 6
55	84	0.0	1	78 6
56	189	0.0	1	180 9
57	527	0.0	1	518 9
58	271	0.0	1	262 9
59	82	0.0	1	79 3
60	195	0.0	1	189 6
61	71	0.0	1	69 2
62	57	0.0	1	55 2
63	140	0.0	1	137 3
64	61	0.0	1	61
65	32	0.0	1	31 1
66	27	0.0	1	25 2
67	24	0.0	1	24
68	31	0.0	1	31
69	29	0.0	1	23 6
70	28	0.0	1	27 1
71	25	0.0	1	22 3
72	37	0.0	1	32 5
73	41	0.0	1	35 6
74	76	0.0	1	68 8
75	96	0.0	1	89 7
76	190	0.0	1	166 24
77	320	0.0	1	279 41
78	417	0.0	1	342 75
79	697	0.0	1	525 172
80	1129	0.0	1	926 203
81	790	0.0	1	664 126
82	415	0.0	1	325 90
83	225	0.0	1	174 51
84	148	0.0	1	110 38
85	86	0.0	1	65 21
86	65	0.0	1	42 23
87	49	0.0	1	27 22
88	48	0.0	1	39 9
89	37	0.0	1	24 13
90	33	0.0	1	20 13
91	23	0.0	1	19 4
92	26	0.0	1	16 10
93	21	0.0	1	10 11
94	263	0.0	1	251 12
95	32	0.0	1	26 6
96	66	0.0	1	60 6
97	21	0.0	1	17 4
98	19	0.0	1	15 4
99	12	0.0	1	6 6
100	10	0.0	1	8 2
101	9	0.0	1	7 2
102	9	0.0	1	6 3
103	12	0.0	1	7 5
104	11	0.0	1	7 4
105	28	0.0	1	21 7
106	8	0.0	1	7 1
107	15	0.0	1	10 5
108	11	0.0	1	6 5
109	16	0.0	1	9 7
110	6	0.0	1	2 4
111	51	0.0	1	45 6
112	9	0.0	1	5 4
113	27	0.0	1	22 5
114	11	0.0	1	5 6
115	10	0.0	1	6 4
116	7	0.0	1	2 5
117	11	0.0	1	9 2
118	6	0.0	1	3 3
119	4	0.0	1	2 2
120	8	0.0	1	4 4
121	4	0.0	1	3 1
122	3	0.0	1	3
123	15	0.0	1	13 2
124	5	0.0	1	2 3
125	6	0.0	1	4 2
126	5	0.0	1	3 2
127	25	0.0	1	19 6
128	14	0.0	1	12 2
129	9	0.0	1	3 6
130	5	0.0	1	2 3
131	6	0.0	1	5 1
132	3	0.0	1	3
133	14	0.0	1	13 1
134	21	0.0	1	7 14
135	7	0.0	1	4 3
136	6	0.0	1	2 4
137	8	0.0	1	4 4
138	8	0.0	1	4 4
139	3	0.0	1	2 1
140	6	0.0	1	2 4
141	19	0.0	1	15 4
142	4	0.0	1	2 2
143	6	0.0	1	5 1
144	12	0.0	1	3 9
145	3	0.0	1	2 1
146	14	0.0	1	8 6
147	18	0.0	1	15 3
148	14	0.0	1	14
149	13	0.0	1	6 7
150	7	0.0	1	4 3
151	9	0.0	1	7 2
152	6	0.0	1	3 3
153	25	0.0	1	21 4
154	37	0.0	1	32 5
155	12	0.0	1	8 4
156	75	0.0	1	71 4
157	22	0.0	1	21 1
158	16	0.0	1	14 2
159	22	0.0	1	19 3
160	34	0.0	1	29 5
161	29	0.0	1	27 2
162	25	0.0	1	19 6
163	5	0.0	1	3 2
164	15	0.0	1	14 1
165	19	0.0	1	16 3
166	29	0.0	1	27 2
167	19	0.0	1	17 2
168	26	0.0	1	22 4
169	16	0.0	1	16
170	8	0.0	1	4 4
171	7	0.0	1	7
172	37	0.0	1	37
173	13	0.0	1	13
174	11	0.0	1	9 2
175	24	0.0	1	24
176	18	0.0	1	16 2
177	5	0.0	1	4 1
178	12	0.0	1	10 2
179	5	0.0	1	4 1
180	10	0.0	1	8 2
181	32	0.0	1	31 1
182	5	0.0	1	5
183	9	0.0	1	9
184	2	0.0	1	2
185	33	0.0	1	28 5
186	5	0.0	1	5
187	7	0.0	1	6 1
188	3	0.0	1	3
189	11	0.0	1	10 1
190	14	0.0	1	13 1
191	2	0.0	1	1 1
192	12	0.0	1	12
193	7	0.0	1	7
194	2	0.0	1	2
195	1	0.0	1	0 1
196	2	0.0	1	2
197	4	0.0	1	3 1
198	7	0.0	1	7
199	6	0.0	1	6
200	7	0.0	1	5 2
201	1	0.0	1	1
202	3	0.0	1	3
203	4	0.0	1	4
204	2	0.0	1	2
205	5	0.0	1	4 1
206	5	0.0	1	5
207	5	0.0	1	5
208	14	0.0	1	10 4
209	9	0.0	1	9
210	8	0.0	1	7 1
211	2	0.0	1	2
212	3	0.0	1	3
213	3	0.0	1	2 1
214	1	0.0	1	1
215	12	0.0	1	9 3
216	1	0.0	1	1
217	4	0.0	1	3 1
221	1	0.0	1	1
222	1	0.0	1	1
229	1	0.0	1	1
232	1	0.0	1	1
243	1	0.0	1	1
246	3	0.0	1	0 3
247	1	0.0	1	0 1
250	7	0.0	1	0 7
251	226	0.0	1	0 226

RUN STATISTICS FOR INPUT FILE: SC2198/host_removal/SC2198_R2.fastq.gz
=============================================
680593 sequences processed in total
The length threshold of paired-end sequences gets evaluated later on (in the validation step)

Validate paired-end files SC2198_R1_trimmed.fq.gz and SC2198_R2_trimmed.fq.gz
file_1: SC2198_R1_trimmed.fq.gz, file_2: SC2198_R2_trimmed.fq.gz


>>>>> Now validing the length of the 2 paired-end infiles: SC2198_R1_trimmed.fq.gz and SC2198_R2_trimmed.fq.gz <<<<<
Writing validated paired-end Read 1 reads to SC2198_R1_val_1.fq.gz
Writing validated paired-end Read 2 reads to SC2198_R2_val_2.fq.gz

Total number of sequences analysed: 680593

Number of sequence pairs removed because at least one read was shorter than the length cutoff (20 bp): 3132 (0.46%)


  >>> Now running FastQC on the validated data SC2198_R1_val_1.fq.gz<<<

Started analysis of SC2198_R1_val_1.fq.gz
Approx 5% complete for SC2198_R1_val_1.fq.gz
Approx 10% complete for SC2198_R1_val_1.fq.gz
Approx 15% complete for SC2198_R1_val_1.fq.gz
Approx 20% complete for SC2198_R1_val_1.fq.gz
Approx 25% complete for SC2198_R1_val_1.fq.gz
Approx 30% complete for SC2198_R1_val_1.fq.gz
Approx 35% complete for SC2198_R1_val_1.fq.gz
Approx 40% complete for SC2198_R1_val_1.fq.gz
Approx 45% complete for SC2198_R1_val_1.fq.gz
Approx 50% complete for SC2198_R1_val_1.fq.gz
Approx 55% complete for SC2198_R1_val_1.fq.gz
Approx 60% complete for SC2198_R1_val_1.fq.gz
Approx 65% complete for SC2198_R1_val_1.fq.gz
Approx 70% complete for SC2198_R1_val_1.fq.gz
Approx 75% complete for SC2198_R1_val_1.fq.gz
Approx 80% complete for SC2198_R1_val_1.fq.gz
Approx 85% complete for SC2198_R1_val_1.fq.gz
Approx 90% complete for SC2198_R1_val_1.fq.gz
Approx 95% complete for SC2198_R1_val_1.fq.gz

  >>> Now running FastQC on the validated data SC2198_R2_val_2.fq.gz<<<

Started analysis of SC2198_R2_val_2.fq.gz
Approx 5% complete for SC2198_R2_val_2.fq.gz
Approx 10% complete for SC2198_R2_val_2.fq.gz
Approx 15% complete for SC2198_R2_val_2.fq.gz
Approx 20% complete for SC2198_R2_val_2.fq.gz
Approx 25% complete for SC2198_R2_val_2.fq.gz
Approx 30% complete for SC2198_R2_val_2.fq.gz
Approx 35% complete for SC2198_R2_val_2.fq.gz
Approx 40% complete for SC2198_R2_val_2.fq.gz
Approx 45% complete for SC2198_R2_val_2.fq.gz
Approx 50% complete for SC2198_R2_val_2.fq.gz
Approx 55% complete for SC2198_R2_val_2.fq.gz
Approx 60% complete for SC2198_R2_val_2.fq.gz
Approx 65% complete for SC2198_R2_val_2.fq.gz
Approx 70% complete for SC2198_R2_val_2.fq.gz
Approx 75% complete for SC2198_R2_val_2.fq.gz
Approx 80% complete for SC2198_R2_val_2.fq.gz
Approx 85% complete for SC2198_R2_val_2.fq.gz
Approx 90% complete for SC2198_R2_val_2.fq.gz
Approx 95% complete for SC2198_R2_val_2.fq.gz
Deleting both intermediate output files SC2198_R1_trimmed.fq.gz and SC2198_R2_trimmed.fq.gz

====================================================================================================

