Aligning contigs to reference...
	Aligning contigs to the reference
Filtering alignments...
Parsing coords...
Loading reference...
	Loaded [MN908947.3]
	Total Regions: 1
	Total Region Length: 29903
Analyzing contigs...
CONTIG: SC2300 (29903bp)
Best alignment score: 29818.1 (LEN: 29833, IDY: 99.95), Total number of alignments: 1
		One align captures most of this contig: 4 29836 | 4 29836 | 29833 29833 | 99.95 | MN908947.3 SC2300

Analyzing coverage...
Writing SNPs into /workspace/home/nasirja/covid-19-signal/subset_viral_7_results_dir/SC2300/freebayes/quast/contigs_reports/minimap_output/SC2300-consensus.used_snps.gz

Analysis is finished!
Founded SNPs were written into /workspace/home/nasirja/covid-19-signal/subset_viral_7_results_dir/SC2300/freebayes/quast/contigs_reports/minimap_output/SC2300-consensus.used_snps.gz

Results:
	Local Misassemblies: 0
	Misassemblies: 0
		Relocations: 0
		Translocations: 0
		Inversions: 0
	Scaffold gap extensive misassemblies: 0
	Scaffold gap local misassemblies: 0
	Misassembled Contigs: 0
	Misassembled Contig Bases: 0
	Misassemblies Inter-Contig Overlap: 0
Unaligned Contigs: 0 + 0 part
Half Unaligned Contigs with Misassemblies: 0
Unaligned Contig Bases: 0

Ambiguously Mapped Contigs: 0
Total Bases in Ambiguously Mapped Contigs: 0
Extra Bases in Ambiguously Mapped Contigs: 0
Note that --allow-ambiguity option was set to "one" and only first alignment per each of these contigs was used.

	Covered Bases: 29833

	SNPs: 14
	Insertions: 0
	Deletions: 0

