Path to Cutadapt set as: 'cutadapt' (default)
Cutadapt seems to be working fine (tested command 'cutadapt --version')
Cutadapt version: 4.1
Could not detect version of Python used by Cutadapt from the first line of Cutadapt (but found this: >>>#!/bin/sh<<<)
Letting the (modified) Cutadapt deal with the Python version instead
Parallel gzip (pigz) detected. Proceeding with multicore (de)compression using 2 cores

No quality encoding type selected. Assuming that the data provided uses Sanger encoded Phred scores (default)

Output will be written into the directory: /workspace/home/nasirja/covid-19-signal/subset_viral_7_results_dir/SC2232/adapter_trimmed/


AUTO-DETECTING ADAPTER TYPE
===========================
Attempting to auto-detect adapter type from the first 1 million sequences of the first file (>> SC2232/host_removal/SC2232_R1.fastq.gz <<)

Found perfect matches for the following adapter sequences:
Adapter type	Count	Sequence	Sequences analysed	Percentage
Illumina	26405	AGATCGGAAGAGC	928024	2.85
smallRNA	0	TGGAATTCTCGG	928024	0.00
Nextera	0	CTGTCTCTTATA	928024	0.00
Using Illumina adapter for trimming (count: 26405). Second best hit was smallRNA (count: 0)

Writing report to '/workspace/home/nasirja/covid-19-signal/subset_viral_7_results_dir/SC2232/adapter_trimmed/SC2232_R1.fastq.gz_trimming_report.txt'

SUMMARISING RUN PARAMETERS
==========================
Input filename: SC2232/host_removal/SC2232_R1.fastq.gz
Trimming mode: paired-end
Trim Galore version: 0.6.4_dev
Cutadapt version: 4.1
Python version: could not detect
Number of cores used for trimming: 2
Quality Phred score cutoff: 20
Quality encoding type selected: ASCII+33
Adapter sequence: 'AGATCGGAAGAGC' (Illumina TruSeq, Sanger iPCR; auto-detected)
Maximum trimming error rate: 0.1 (default)
Minimum required adapter overlap (stringency): 1 bp
Minimum required sequence length for both reads before a sequence pair gets removed: 20 bp
Running FastQC on the data once trimming has completed
Output file(s) will be GZIP compressed

Cutadapt seems to be fairly up-to-date (version 4.1). Setting -j 2
Writing final adapter and quality trimmed output to SC2232_R1_trimmed.fq.gz


  >>> Now performing quality (cutoff '-q 20') and adapter trimming in a single pass for the adapter sequence: 'AGATCGGAAGAGC' from file SC2232/host_removal/SC2232_R1.fastq.gz <<< 
This is cutadapt 4.1 with Python 3.9.13
Command line parameters: -j 2 -e 0.1 -q 20 -O 1 -a AGATCGGAAGAGC SC2232/host_removal/SC2232_R1.fastq.gz
Processing single-end reads on 2 cores ...
Finished in 34.80 s (38 µs/read; 1.60 M reads/minute).

=== Summary ===

Total reads processed:                 928,024
Reads with adapters:                   328,112 (35.4%)
Reads written (passing filters):       928,024 (100.0%)

Total basepairs processed:   232,934,024 bp
Quality-trimmed:               2,653,581 bp (1.1%)
Total written (filtered):    227,750,469 bp (97.8%)

=== Adapter 1 ===

Sequence: AGATCGGAAGAGC; Type: regular 3'; Length: 13; Trimmed: 328112 times

Minimum overlap: 1
No. of allowed errors:
1-9 bp: 0; 10-13 bp: 1

Bases preceding removed adapters:
  A: 33.9%
  C: 16.0%
  G: 11.8%
  T: 37.8%
  none/other: 0.5%

Overview of removed sequences
length	count	expect	max.err	error counts
1	204227	232006.0	0	204227
2	73269	58001.5	0	73269
3	5541	14500.4	0	5541
4	1003	3625.1	0	1003
5	332	906.3	0	332
6	507	226.6	0	507
7	12184	56.6	0	12184
8	382	14.2	0	382
9	571	3.5	0	571
10	461	0.9	1	442 19
11	205	0.2	1	184 21
12	264	0.1	1	242 22
13	161	0.0	1	148 13
14	91	0.0	1	81 10
15	118	0.0	1	108 10
16	69	0.0	1	56 13
17	95	0.0	1	77 18
18	124	0.0	1	112 12
19	76	0.0	1	69 7
20	373	0.0	1	357 16
21	383	0.0	1	359 24
22	941	0.0	1	901 40
23	217	0.0	1	200 17
24	1937	0.0	1	1876 61
25	608	0.0	1	568 40
26	138	0.0	1	124 14
27	187	0.0	1	157 30
28	623	0.0	1	596 27
29	257	0.0	1	228 29
30	217	0.0	1	202 15
31	190	0.0	1	169 21
32	207	0.0	1	189 18
33	44	0.0	1	29 15
34	150	0.0	1	128 22
35	121	0.0	1	106 15
36	982	0.0	1	921 61
37	639	0.0	1	608 31
38	108	0.0	1	91 17
39	168	0.0	1	158 10
40	114	0.0	1	97 17
41	96	0.0	1	84 12
42	158	0.0	1	139 19
43	273	0.0	1	253 20
44	87	0.0	1	73 14
45	193	0.0	1	183 10
46	181	0.0	1	161 20
47	114	0.0	1	98 16
48	50	0.0	1	39 11
49	135	0.0	1	116 19
50	98	0.0	1	82 16
51	320	0.0	1	302 18
52	107	0.0	1	91 16
53	95	0.0	1	81 14
54	257	0.0	1	218 39
55	300	0.0	1	278 22
56	97	0.0	1	82 15
57	94	0.0	1	83 11
58	59	0.0	1	55 4
59	150	0.0	1	145 5
60	82	0.0	1	75 7
61	53	0.0	1	49 4
62	49	0.0	1	41 8
63	73	0.0	1	67 6
64	37	0.0	1	33 4
65	55	0.0	1	47 8
66	106	0.0	1	88 18
67	63	0.0	1	43 20
68	86	0.0	1	70 16
69	103	0.0	1	85 18
70	96	0.0	1	83 13
71	145	0.0	1	131 14
72	248	0.0	1	219 29
73	330	0.0	1	288 42
74	541	0.0	1	479 62
75	1096	0.0	1	942 154
76	2763	0.0	1	2568 195
77	2069	0.0	1	1921 148
78	1099	0.0	1	1017 82
79	697	0.0	1	631 66
80	421	0.0	1	388 33
81	302	0.0	1	264 38
82	217	0.0	1	204 13
83	148	0.0	1	129 19
84	147	0.0	1	126 21
85	112	0.0	1	98 14
86	120	0.0	1	98 22
87	103	0.0	1	87 16
88	92	0.0	1	80 12
89	105	0.0	1	85 20
90	83	0.0	1	72 11
91	89	0.0	1	81 8
92	82	0.0	1	69 13
93	141	0.0	1	126 15
94	786	0.0	1	754 32
95	132	0.0	1	116 16
96	146	0.0	1	139 7
97	67	0.0	1	59 8
98	63	0.0	1	57 6
99	48	0.0	1	38 10
100	24	0.0	1	18 6
101	45	0.0	1	43 2
102	28	0.0	1	25 3
103	42	0.0	1	37 5
104	31	0.0	1	29 2
105	55	0.0	1	52 3
106	37	0.0	1	30 7
107	47	0.0	1	39 8
108	31	0.0	1	29 2
109	51	0.0	1	43 8
110	42	0.0	1	32 10
111	171	0.0	1	151 20
112	54	0.0	1	48 6
113	55	0.0	1	46 9
114	59	0.0	1	52 7
115	40	0.0	1	32 8
116	44	0.0	1	39 5
117	36	0.0	1	31 5
118	17	0.0	1	12 5
119	24	0.0	1	17 7
120	21	0.0	1	15 6
121	21	0.0	1	14 7
122	26	0.0	1	14 12
123	25	0.0	1	22 3
124	15	0.0	1	12 3
125	26	0.0	1	23 3
126	26	0.0	1	19 7
127	49	0.0	1	37 12
128	19	0.0	1	14 5
129	22	0.0	1	17 5
130	18	0.0	1	13 5
131	13	0.0	1	7 6
132	13	0.0	1	10 3
133	27	0.0	1	22 5
134	34	0.0	1	30 4
135	17	0.0	1	12 5
136	25	0.0	1	17 8
137	16	0.0	1	8 8
138	15	0.0	1	9 6
139	12	0.0	1	6 6
140	15	0.0	1	11 4
141	24	0.0	1	19 5
142	19	0.0	1	11 8
143	17	0.0	1	8 9
144	15	0.0	1	7 8
145	17	0.0	1	12 5
146	13	0.0	1	10 3
147	40	0.0	1	33 7
148	20	0.0	1	15 5
149	26	0.0	1	14 12
150	26	0.0	1	14 12
151	29	0.0	1	24 5
152	20	0.0	1	15 5
153	28	0.0	1	23 5
154	54	0.0	1	47 7
155	28	0.0	1	24 4
156	74	0.0	1	69 5
157	26	0.0	1	24 2
158	26	0.0	1	20 6
159	36	0.0	1	26 10
160	33	0.0	1	25 8
161	38	0.0	1	32 6
162	24	0.0	1	17 7
163	21	0.0	1	17 4
164	21	0.0	1	14 7
165	30	0.0	1	25 5
166	33	0.0	1	29 4
167	34	0.0	1	26 8
168	33	0.0	1	31 2
169	24	0.0	1	18 6
170	9	0.0	1	8 1
171	12	0.0	1	8 4
172	34	0.0	1	25 9
173	18	0.0	1	13 5
174	16	0.0	1	13 3
175	38	0.0	1	30 8
176	19	0.0	1	14 5
177	13	0.0	1	8 5
178	21	0.0	1	16 5
179	3	0.0	1	1 2
180	15	0.0	1	11 4
181	38	0.0	1	35 3
182	12	0.0	1	7 5
183	18	0.0	1	13 5
184	9	0.0	1	5 4
185	37	0.0	1	29 8
186	10	0.0	1	8 2
187	20	0.0	1	18 2
188	23	0.0	1	17 6
189	29	0.0	1	27 2
190	26	0.0	1	24 2
191	22	0.0	1	20 2
192	24	0.0	1	19 5
193	25	0.0	1	21 4
194	14	0.0	1	13 1
195	15	0.0	1	14 1
196	17	0.0	1	14 3
197	22	0.0	1	17 5
198	23	0.0	1	23
199	13	0.0	1	12 1
200	26	0.0	1	25 1
201	23	0.0	1	23
202	17	0.0	1	17
203	36	0.0	1	35 1
204	22	0.0	1	21 1
205	26	0.0	1	23 3
206	40	0.0	1	38 2
207	35	0.0	1	35
208	48	0.0	1	47 1
209	44	0.0	1	43 1
210	39	0.0	1	38 1
211	32	0.0	1	31 1
212	34	0.0	1	29 5
213	28	0.0	1	26 2
214	25	0.0	1	24 1
215	22	0.0	1	22
216	5	0.0	1	5
217	14	0.0	1	14
218	3	0.0	1	2 1
220	2	0.0	1	2
221	2	0.0	1	2
222	2	0.0	1	0 2
223	2	0.0	1	1 1
224	3	0.0	1	1 2
225	1	0.0	1	1
226	1	0.0	1	1
227	3	0.0	1	2 1
228	1	0.0	1	0 1
230	2	0.0	1	1 1
233	3	0.0	1	3
235	1	0.0	1	1
237	1	0.0	1	0 1
238	1	0.0	1	0 1
239	2	0.0	1	1 1
240	4	0.0	1	0 4
241	2	0.0	1	1 1
242	1	0.0	1	0 1
243	2	0.0	1	0 2
244	3	0.0	1	1 2
245	3	0.0	1	0 3
246	3	0.0	1	0 3
247	2	0.0	1	0 2
248	3	0.0	1	0 3
249	6	0.0	1	0 6
250	18	0.0	1	0 18
251	364	0.0	1	0 364

RUN STATISTICS FOR INPUT FILE: SC2232/host_removal/SC2232_R1.fastq.gz
=============================================
928024 sequences processed in total
The length threshold of paired-end sequences gets evaluated later on (in the validation step)

Writing report to '/workspace/home/nasirja/covid-19-signal/subset_viral_7_results_dir/SC2232/adapter_trimmed/SC2232_R2.fastq.gz_trimming_report.txt'

SUMMARISING RUN PARAMETERS
==========================
Input filename: SC2232/host_removal/SC2232_R2.fastq.gz
Trimming mode: paired-end
Trim Galore version: 0.6.4_dev
Cutadapt version: 4.1
Python version: could not detect
Number of cores used for trimming: 2
Quality Phred score cutoff: 20
Quality encoding type selected: ASCII+33
Adapter sequence: 'AGATCGGAAGAGC' (Illumina TruSeq, Sanger iPCR; auto-detected)
Maximum trimming error rate: 0.1 (default)
Minimum required adapter overlap (stringency): 1 bp
Minimum required sequence length for both reads before a sequence pair gets removed: 20 bp
Running FastQC on the data once trimming has completed
Output file(s) will be GZIP compressed

Cutadapt seems to be fairly up-to-date (version 4.1). Setting -j -j 2
Writing final adapter and quality trimmed output to SC2232_R2_trimmed.fq.gz


  >>> Now performing quality (cutoff '-q 20') and adapter trimming in a single pass for the adapter sequence: 'AGATCGGAAGAGC' from file SC2232/host_removal/SC2232_R2.fastq.gz <<< 
This is cutadapt 4.1 with Python 3.9.13
Command line parameters: -j 2 -e 0.1 -q 20 -O 1 -a AGATCGGAAGAGC SC2232/host_removal/SC2232_R2.fastq.gz
Processing single-end reads on 2 cores ...
Finished in 36.11 s (39 µs/read; 1.54 M reads/minute).

=== Summary ===

Total reads processed:                 928,024
Reads with adapters:                   323,751 (34.9%)
Reads written (passing filters):       928,024 (100.0%)

Total basepairs processed:   232,934,024 bp
Quality-trimmed:               5,089,822 bp (2.2%)
Total written (filtered):    225,715,177 bp (96.9%)

=== Adapter 1 ===

Sequence: AGATCGGAAGAGC; Type: regular 3'; Length: 13; Trimmed: 323751 times

Minimum overlap: 1
No. of allowed errors:
1-9 bp: 0; 10-13 bp: 1

Bases preceding removed adapters:
  A: 37.4%
  C: 15.4%
  G: 11.5%
  T: 35.1%
  none/other: 0.6%

Overview of removed sequences
length	count	expect	max.err	error counts
1	210708	232006.0	0	210708
2	63747	58001.5	0	63747
3	6501	14500.4	0	6501
4	1314	3625.1	0	1314
5	308	906.3	0	308
6	428	226.6	0	428
7	12305	56.6	0	12305
8	228	14.2	0	228
9	498	3.5	0	498
10	553	0.9	1	510 43
11	108	0.2	1	97 11
12	329	0.1	1	311 18
13	47	0.0	1	42 5
14	217	0.0	1	198 19
15	60	0.0	1	54 6
16	80	0.0	1	75 5
17	179	0.0	1	167 12
18	47	0.0	1	41 6
19	172	0.0	1	161 11
20	268	0.0	1	253 15
21	115	0.0	1	102 13
22	982	0.0	1	926 56
23	262	0.0	1	235 27
24	2372	0.0	1	2275 97
25	108	0.0	1	96 12
26	309	0.0	1	285 24
27	239	0.0	1	214 25
28	614	0.0	1	589 25
29	78	0.0	1	60 18
30	315	0.0	1	294 21
31	50	0.0	1	44 6
32	174	0.0	1	161 13
33	70	0.0	1	60 10
34	140	0.0	1	126 14
35	134	0.0	1	121 13
36	1228	0.0	1	1186 42
37	548	0.0	1	521 27
38	261	0.0	1	232 29
39	161	0.0	1	151 10
40	259	0.0	1	240 19
41	362	0.0	1	327 35
42	394	0.0	1	345 49
43	688	0.0	1	656 32
44	569	0.0	1	526 43
45	675	0.0	1	648 27
46	553	0.0	1	531 22
47	410	0.0	1	384 26
48	330	0.0	1	320 10
49	210	0.0	1	201 9
50	152	0.0	1	147 5
51	200	0.0	1	197 3
52	117	0.0	1	110 7
53	157	0.0	1	148 9
54	381	0.0	1	370 11
55	151	0.0	1	145 6
56	339	0.0	1	319 20
57	643	0.0	1	629 14
58	372	0.0	1	367 5
59	84	0.0	1	80 4
60	189	0.0	1	180 9
61	76	0.0	1	75 1
62	40	0.0	1	37 3
63	99	0.0	1	97 2
64	43	0.0	1	41 2
65	22	0.0	1	22
66	21	0.0	1	18 3
67	16	0.0	1	14 2
68	13	0.0	1	13
69	20	0.0	1	19 1
70	22	0.0	1	22
71	14	0.0	1	14
72	25	0.0	1	22 3
73	24	0.0	1	20 4
74	46	0.0	1	37 9
75	82	0.0	1	77 5
76	92	0.0	1	84 8
77	145	0.0	1	120 25
78	302	0.0	1	261 41
79	530	0.0	1	419 111
80	1108	0.0	1	905 203
81	1069	0.0	1	911 158
82	774	0.0	1	585 189
83	610	0.0	1	499 111
84	364	0.0	1	278 86
85	281	0.0	1	240 41
86	204	0.0	1	157 47
87	132	0.0	1	101 31
88	120	0.0	1	85 35
89	101	0.0	1	66 35
90	70	0.0	1	49 21
91	91	0.0	1	69 22
92	72	0.0	1	51 21
93	105	0.0	1	87 18
94	710	0.0	1	675 35
95	87	0.0	1	72 15
96	89	0.0	1	74 15
97	53	0.0	1	40 13
98	49	0.0	1	37 12
99	45	0.0	1	33 12
100	31	0.0	1	23 8
101	24	0.0	1	18 6
102	15	0.0	1	11 4
103	24	0.0	1	19 5
104	22	0.0	1	16 6
105	39	0.0	1	34 5
106	20	0.0	1	15 5
107	28	0.0	1	23 5
108	24	0.0	1	18 6
109	21	0.0	1	11 10
110	27	0.0	1	16 11
111	180	0.0	1	148 32
112	37	0.0	1	27 10
113	39	0.0	1	31 8
114	37	0.0	1	23 14
115	23	0.0	1	15 8
116	22	0.0	1	16 6
117	13	0.0	1	11 2
118	16	0.0	1	9 7
119	16	0.0	1	13 3
120	11	0.0	1	7 4
121	11	0.0	1	5 6
122	8	0.0	1	4 4
123	18	0.0	1	10 8
124	12	0.0	1	8 4
125	10	0.0	1	3 7
126	13	0.0	1	5 8
127	29	0.0	1	25 4
128	14	0.0	1	8 6
129	20	0.0	1	14 6
130	16	0.0	1	5 11
131	6	0.0	1	4 2
132	11	0.0	1	6 5
133	16	0.0	1	11 5
134	25	0.0	1	20 5
135	11	0.0	1	8 3
136	21	0.0	1	13 8
137	8	0.0	1	2 6
138	7	0.0	1	2 5
139	8	0.0	1	4 4
140	7	0.0	1	4 3
141	6	0.0	1	4 2
142	11	0.0	1	2 9
143	14	0.0	1	8 6
144	6	0.0	1	4 2
145	12	0.0	1	9 3
146	7	0.0	1	2 5
147	17	0.0	1	15 2
148	9	0.0	1	5 4
149	16	0.0	1	12 4
150	7	0.0	1	2 5
151	21	0.0	1	13 8
152	12	0.0	1	10 2
153	24	0.0	1	18 6
154	36	0.0	1	24 12
155	18	0.0	1	12 6
156	53	0.0	1	44 9
157	16	0.0	1	14 2
158	10	0.0	1	7 3
159	13	0.0	1	7 6
160	20	0.0	1	13 7
161	17	0.0	1	15 2
162	17	0.0	1	15 2
163	17	0.0	1	14 3
164	9	0.0	1	4 5
165	13	0.0	1	11 2
166	29	0.0	1	27 2
167	18	0.0	1	14 4
168	26	0.0	1	23 3
169	8	0.0	1	8
170	7	0.0	1	4 3
171	6	0.0	1	3 3
172	19	0.0	1	18 1
173	11	0.0	1	11
174	9	0.0	1	6 3
175	32	0.0	1	32
176	18	0.0	1	17 1
177	11	0.0	1	9 2
178	10	0.0	1	10
179	1	0.0	1	1
180	8	0.0	1	6 2
181	27	0.0	1	24 3
182	4	0.0	1	3 1
183	5	0.0	1	3 2
184	4	0.0	1	3 1
185	19	0.0	1	17 2
186	4	0.0	1	3 1
187	10	0.0	1	9 1
188	14	0.0	1	13 1
189	15	0.0	1	14 1
190	16	0.0	1	16
191	13	0.0	1	12 1
192	7	0.0	1	7
193	28	0.0	1	27 1
194	10	0.0	1	10
195	7	0.0	1	7
196	7	0.0	1	7
197	10	0.0	1	10
198	7	0.0	1	7
199	8	0.0	1	8
200	20	0.0	1	20
201	11	0.0	1	9 2
202	19	0.0	1	19
203	28	0.0	1	28
204	8	0.0	1	7 1
205	26	0.0	1	25 1
206	23	0.0	1	23
207	18	0.0	1	17 1
208	32	0.0	1	30 2
209	39	0.0	1	36 3
210	28	0.0	1	28
211	34	0.0	1	34
212	18	0.0	1	17 1
213	20	0.0	1	19 1
214	15	0.0	1	13 2
215	25	0.0	1	23 2
216	3	0.0	1	3
217	16	0.0	1	14 2
218	2	0.0	1	1 1
219	2	0.0	1	2
224	1	0.0	1	1
226	1	0.0	1	1
231	1	0.0	1	1
233	1	0.0	1	1
235	1	0.0	1	1
238	1	0.0	1	0 1
239	1	0.0	1	1
240	1	0.0	1	0 1
244	2	0.0	1	1 1
245	1	0.0	1	0 1
246	1	0.0	1	0 1
247	2	0.0	1	0 2
248	1	0.0	1	0 1
249	2	0.0	1	0 2
250	11	0.0	1	0 11
251	309	0.0	1	0 309

RUN STATISTICS FOR INPUT FILE: SC2232/host_removal/SC2232_R2.fastq.gz
=============================================
928024 sequences processed in total
The length threshold of paired-end sequences gets evaluated later on (in the validation step)

Validate paired-end files SC2232_R1_trimmed.fq.gz and SC2232_R2_trimmed.fq.gz
file_1: SC2232_R1_trimmed.fq.gz, file_2: SC2232_R2_trimmed.fq.gz


>>>>> Now validing the length of the 2 paired-end infiles: SC2232_R1_trimmed.fq.gz and SC2232_R2_trimmed.fq.gz <<<<<
Writing validated paired-end Read 1 reads to SC2232_R1_val_1.fq.gz
Writing validated paired-end Read 2 reads to SC2232_R2_val_2.fq.gz

Total number of sequences analysed: 928024

Number of sequence pairs removed because at least one read was shorter than the length cutoff (20 bp): 4226 (0.46%)


  >>> Now running FastQC on the validated data SC2232_R1_val_1.fq.gz<<<

Started analysis of SC2232_R1_val_1.fq.gz
Approx 5% complete for SC2232_R1_val_1.fq.gz
Approx 10% complete for SC2232_R1_val_1.fq.gz
Approx 15% complete for SC2232_R1_val_1.fq.gz
Approx 20% complete for SC2232_R1_val_1.fq.gz
Approx 25% complete for SC2232_R1_val_1.fq.gz
Approx 30% complete for SC2232_R1_val_1.fq.gz
Approx 35% complete for SC2232_R1_val_1.fq.gz
Approx 40% complete for SC2232_R1_val_1.fq.gz
Approx 45% complete for SC2232_R1_val_1.fq.gz
Approx 50% complete for SC2232_R1_val_1.fq.gz
Approx 55% complete for SC2232_R1_val_1.fq.gz
Approx 60% complete for SC2232_R1_val_1.fq.gz
Approx 65% complete for SC2232_R1_val_1.fq.gz
Approx 70% complete for SC2232_R1_val_1.fq.gz
Approx 75% complete for SC2232_R1_val_1.fq.gz
Approx 80% complete for SC2232_R1_val_1.fq.gz
Approx 85% complete for SC2232_R1_val_1.fq.gz
Approx 90% complete for SC2232_R1_val_1.fq.gz
Approx 95% complete for SC2232_R1_val_1.fq.gz

  >>> Now running FastQC on the validated data SC2232_R2_val_2.fq.gz<<<

Started analysis of SC2232_R2_val_2.fq.gz
Approx 5% complete for SC2232_R2_val_2.fq.gz
Approx 10% complete for SC2232_R2_val_2.fq.gz
Approx 15% complete for SC2232_R2_val_2.fq.gz
Approx 20% complete for SC2232_R2_val_2.fq.gz
Approx 25% complete for SC2232_R2_val_2.fq.gz
Approx 30% complete for SC2232_R2_val_2.fq.gz
Approx 35% complete for SC2232_R2_val_2.fq.gz
Approx 40% complete for SC2232_R2_val_2.fq.gz
Approx 45% complete for SC2232_R2_val_2.fq.gz
Approx 50% complete for SC2232_R2_val_2.fq.gz
Approx 55% complete for SC2232_R2_val_2.fq.gz
Approx 60% complete for SC2232_R2_val_2.fq.gz
Approx 65% complete for SC2232_R2_val_2.fq.gz
Approx 70% complete for SC2232_R2_val_2.fq.gz
Approx 75% complete for SC2232_R2_val_2.fq.gz
Approx 80% complete for SC2232_R2_val_2.fq.gz
Approx 85% complete for SC2232_R2_val_2.fq.gz
Approx 90% complete for SC2232_R2_val_2.fq.gz
Approx 95% complete for SC2232_R2_val_2.fq.gz
Deleting both intermediate output files SC2232_R1_trimmed.fq.gz and SC2232_R2_trimmed.fq.gz

====================================================================================================

