[M::bwa_idx_load_from_disk] read 0 ALT contigs
[M::process] read 81430 sequences (20000475 bp)...
[M::process] read 81488 sequences (20000279 bp)...
[M::mem_pestat] # candidate unique pairs for (FF, FR, RF, RR): (6, 39939, 6, 5)
[M::mem_pestat] skip orientation FF as there are not enough pairs
[M::mem_pestat] analyzing insert size distribution for orientation FR...
[M::mem_pestat] (25, 50, 75) percentile: (381, 386, 394)
[M::mem_pestat] low and high boundaries for computing mean and std.dev: (355, 420)
[M::mem_pestat] mean and std.dev: (389.09, 10.57)
[M::mem_pestat] low and high boundaries for proper pairs: (342, 433)
[M::mem_pestat] skip orientation RF as there are not enough pairs
[M::mem_pestat] skip orientation RR as there are not enough pairs
[M::mem_process_seqs] Processed 81430 reads in 5.852 CPU sec, 2.776 real sec
[M::mem_pestat] # candidate unique pairs for (FF, FR, RF, RR): (6, 39931, 5, 3)
[M::mem_pestat] skip orientation FF as there are not enough pairs
[M::mem_pestat] analyzing insert size distribution for orientation FR...
[M::mem_pestat] (25, 50, 75) percentile: (380, 386, 393)
[M::mem_pestat] low and high boundaries for computing mean and std.dev: (354, 419)
[M::mem_pestat] mean and std.dev: (388.59, 10.61)
[M::mem_pestat] low and high boundaries for proper pairs: (341, 432)
[M::mem_pestat] skip orientation RF as there are not enough pairs
[M::mem_pestat] skip orientation RR as there are not enough pairs
[M::mem_process_seqs] Processed 81488 reads in 5.640 CPU sec, 2.731 real sec
[M::process] read 81572 sequences (20000079 bp)...
[M::mem_pestat] # candidate unique pairs for (FF, FR, RF, RR): (4, 39968, 9, 4)
[M::mem_pestat] skip orientation FF as there are not enough pairs
[M::mem_pestat] analyzing insert size distribution for orientation FR...
[M::mem_pestat] (25, 50, 75) percentile: (380, 386, 393)
[M::mem_pestat] low and high boundaries for computing mean and std.dev: (354, 419)
[M::mem_pestat] mean and std.dev: (388.71, 10.60)
[M::mem_pestat] low and high boundaries for proper pairs: (341, 432)
[M::mem_pestat] skip orientation RF as there are not enough pairs
[M::mem_pestat] skip orientation RR as there are not enough pairs
[M::mem_process_seqs] Processed 81572 reads in 5.433 CPU sec, 2.645 real sec
[M::process] read 81464 sequences (20000229 bp)...
[M::mem_pestat] # candidate unique pairs for (FF, FR, RF, RR): (2, 39909, 6, 9)
[M::mem_pestat] skip orientation FF as there are not enough pairs
[M::mem_pestat] analyzing insert size distribution for orientation FR...
[M::mem_pestat] (25, 50, 75) percentile: (381, 386, 393)
[M::mem_pestat] low and high boundaries for computing mean and std.dev: (357, 417)
[M::mem_pestat] mean and std.dev: (388.40, 10.02)
[M::mem_pestat] low and high boundaries for proper pairs: (345, 429)
[M::mem_pestat] skip orientation RF as there are not enough pairs
[M::mem_pestat] skip orientation RR as there are not enough pairs
[M::mem_process_seqs] Processed 81464 reads in 5.436 CPU sec, 2.628 real sec
[M::process] read 81598 sequences (20000260 bp)...
[M::mem_pestat] # candidate unique pairs for (FF, FR, RF, RR): (3, 39928, 12, 7)
[M::mem_pestat] skip orientation FF as there are not enough pairs
[M::mem_pestat] analyzing insert size distribution for orientation FR...
[M::mem_pestat] (25, 50, 75) percentile: (380, 386, 393)
[M::mem_pestat] low and high boundaries for computing mean and std.dev: (354, 419)
[M::mem_pestat] mean and std.dev: (388.62, 10.59)
[M::mem_pestat] low and high boundaries for proper pairs: (341, 432)
[M::mem_pestat] analyzing insert size distribution for orientation RF...
[M::mem_pestat] (25, 50, 75) percentile: (867, 1670, 4816)
[M::mem_pestat] low and high boundaries for computing mean and std.dev: (1, 12714)
[M::mem_pestat] mean and std.dev: (2610.17, 2384.67)
[M::mem_pestat] low and high boundaries for proper pairs: (1, 16663)
[M::mem_pestat] skip orientation RR as there are not enough pairs
[M::mem_pestat] skip orientation RF
[M::mem_process_seqs] Processed 81598 reads in 5.379 CPU sec, 2.651 real sec
[M::process] read 81290 sequences (20000225 bp)...
[M::mem_pestat] # candidate unique pairs for (FF, FR, RF, RR): (10, 39876, 7, 5)
[M::mem_pestat] analyzing insert size distribution for orientation FF...
[M::mem_pestat] (25, 50, 75) percentile: (1835, 1885, 4061)
[M::mem_pestat] low and high boundaries for computing mean and std.dev: (1, 8513)
[M::mem_pestat] mean and std.dev: (2605.90, 1638.28)
[M::mem_pestat] low and high boundaries for proper pairs: (1, 10739)
[M::mem_pestat] analyzing insert size distribution for orientation FR...
[M::mem_pestat] (25, 50, 75) percentile: (381, 386, 394)
[M::mem_pestat] low and high boundaries for computing mean and std.dev: (355, 420)
[M::mem_pestat] mean and std.dev: (389.04, 10.67)
[M::mem_pestat] low and high boundaries for proper pairs: (342, 433)
[M::mem_pestat] skip orientation RF as there are not enough pairs
[M::mem_pestat] skip orientation RR as there are not enough pairs
[M::mem_pestat] skip orientation FF
[M::mem_process_seqs] Processed 81290 reads in 5.400 CPU sec, 2.617 real sec
[M::process] read 81284 sequences (20000439 bp)...
[M::mem_pestat] # candidate unique pairs for (FF, FR, RF, RR): (2, 39882, 10, 10)
[M::mem_pestat] skip orientation FF as there are not enough pairs
[M::mem_pestat] analyzing insert size distribution for orientation FR...
[M::mem_pestat] (25, 50, 75) percentile: (380, 385, 393)
[M::mem_pestat] low and high boundaries for computing mean and std.dev: (354, 419)
[M::mem_pestat] mean and std.dev: (388.30, 10.71)
[M::mem_pestat] low and high boundaries for proper pairs: (341, 432)
[M::mem_pestat] analyzing insert size distribution for orientation RF...
[M::mem_pestat] (25, 50, 75) percentile: (867, 2409, 4368)
[M::mem_pestat] low and high boundaries for computing mean and std.dev: (1, 11370)
[M::mem_pestat] mean and std.dev: (3227.40, 2993.15)
[M::mem_pestat] low and high boundaries for proper pairs: (1, 15200)
[M::mem_pestat] analyzing insert size distribution for orientation RR...
[M::mem_pestat] (25, 50, 75) percentile: (1834, 3937, 6062)
[M::mem_pestat] low and high boundaries for computing mean and std.dev: (1, 14518)
[M::mem_pestat] mean and std.dev: (3846.80, 2481.23)
[M::mem_pestat] low and high boundaries for proper pairs: (1, 18746)
[M::mem_pestat] skip orientation RF
[M::mem_pestat] skip orientation RR
[M::mem_process_seqs] Processed 81284 reads in 5.732 CPU sec, 2.777 real sec
[M::process] read 81300 sequences (20000127 bp)...
[M::mem_pestat] # candidate unique pairs for (FF, FR, RF, RR): (3, 39865, 5, 7)
[M::mem_pestat] skip orientation FF as there are not enough pairs
[M::mem_pestat] analyzing insert size distribution for orientation FR...
[M::mem_pestat] (25, 50, 75) percentile: (381, 386, 393)
[M::mem_pestat] low and high boundaries for computing mean and std.dev: (357, 417)
[M::mem_pestat] mean and std.dev: (388.48, 10.18)
[M::mem_pestat] low and high boundaries for proper pairs: (345, 429)
[M::mem_pestat] skip orientation RF as there are not enough pairs
[M::mem_pestat] skip orientation RR as there are not enough pairs
[M::mem_process_seqs] Processed 81300 reads in 5.944 CPU sec, 2.877 real sec
[M::process] read 81292 sequences (20000444 bp)...
[M::mem_pestat] # candidate unique pairs for (FF, FR, RF, RR): (3, 39859, 14, 4)
[M::mem_pestat] skip orientation FF as there are not enough pairs
[M::mem_pestat] analyzing insert size distribution for orientation FR...
[M::mem_pestat] (25, 50, 75) percentile: (381, 386, 393)
[M::mem_pestat] low and high boundaries for computing mean and std.dev: (357, 417)
[M::mem_pestat] mean and std.dev: (388.54, 10.05)
[M::mem_pestat] low and high boundaries for proper pairs: (345, 429)
[M::mem_pestat] analyzing insert size distribution for orientation RF...
[M::mem_pestat] (25, 50, 75) percentile: (845, 1498, 2759)
[M::mem_pestat] low and high boundaries for computing mean and std.dev: (1, 6587)
[M::mem_pestat] mean and std.dev: (1601.25, 1204.01)
[M::mem_pestat] low and high boundaries for proper pairs: (1, 8501)
[M::mem_pestat] skip orientation RR as there are not enough pairs
[M::mem_pestat] skip orientation RF
[M::mem_process_seqs] Processed 81292 reads in 5.376 CPU sec, 2.637 real sec
[M::process] read 81474 sequences (20000391 bp)...
[M::mem_pestat] # candidate unique pairs for (FF, FR, RF, RR): (7, 39958, 6, 4)
[M::mem_pestat] skip orientation FF as there are not enough pairs
[M::mem_pestat] analyzing insert size distribution for orientation FR...
[M::mem_pestat] (25, 50, 75) percentile: (380, 385, 393)
[M::mem_pestat] low and high boundaries for computing mean and std.dev: (354, 419)
[M::mem_pestat] mean and std.dev: (388.40, 10.61)
[M::mem_pestat] low and high boundaries for proper pairs: (341, 432)
[M::mem_pestat] skip orientation RF as there are not enough pairs
[M::mem_pestat] skip orientation RR as there are not enough pairs
[M::mem_process_seqs] Processed 81474 reads in 5.647 CPU sec, 2.742 real sec
[M::process] read 81518 sequences (20000299 bp)...
[M::mem_pestat] # candidate unique pairs for (FF, FR, RF, RR): (3, 39963, 6, 5)
[M::mem_pestat] skip orientation FF as there are not enough pairs
[M::mem_pestat] analyzing insert size distribution for orientation FR...
[M::mem_pestat] (25, 50, 75) percentile: (381, 386, 393)
[M::mem_pestat] low and high boundaries for computing mean and std.dev: (357, 417)
[M::mem_pestat] mean and std.dev: (388.50, 10.04)
[M::mem_pestat] low and high boundaries for proper pairs: (345, 429)
[M::mem_pestat] skip orientation RF as there are not enough pairs
[M::mem_pestat] skip orientation RR as there are not enough pairs
[M::mem_process_seqs] Processed 81518 reads in 5.226 CPU sec, 2.562 real sec
[M::process] read 81588 sequences (20000160 bp)...
[M::mem_pestat] # candidate unique pairs for (FF, FR, RF, RR): (8, 39979, 5, 8)
[M::mem_pestat] skip orientation FF as there are not enough pairs
[M::mem_pestat] analyzing insert size distribution for orientation FR...
[M::mem_pestat] (25, 50, 75) percentile: (380, 385, 393)
[M::mem_pestat] low and high boundaries for computing mean and std.dev: (354, 419)
[M::mem_pestat] mean and std.dev: (388.36, 10.70)
[M::mem_pestat] low and high boundaries for proper pairs: (341, 432)
[M::mem_pestat] skip orientation RF as there are not enough pairs
[M::mem_pestat] skip orientation RR as there are not enough pairs
[M::mem_process_seqs] Processed 81588 reads in 5.646 CPU sec, 2.784 real sec
[M::process] read 81336 sequences (20000246 bp)...
[M::mem_pestat] # candidate unique pairs for (FF, FR, RF, RR): (9, 39931, 4, 6)
[M::mem_pestat] skip orientation FF as there are not enough pairs
[M::mem_pestat] analyzing insert size distribution for orientation FR...
[M::mem_pestat] (25, 50, 75) percentile: (381, 386, 394)
[M::mem_pestat] low and high boundaries for computing mean and std.dev: (355, 420)
[M::mem_pestat] mean and std.dev: (389.06, 10.59)
[M::mem_pestat] low and high boundaries for proper pairs: (342, 433)
[M::mem_pestat] skip orientation RF as there are not enough pairs
[M::mem_pestat] skip orientation RR as there are not enough pairs
[M::mem_process_seqs] Processed 81336 reads in 5.310 CPU sec, 2.597 real sec
[M::process] read 81464 sequences (20000089 bp)...
[M::mem_pestat] # candidate unique pairs for (FF, FR, RF, RR): (3, 39907, 5, 3)
[M::mem_pestat] skip orientation FF as there are not enough pairs
[M::mem_pestat] analyzing insert size distribution for orientation FR...
[M::mem_pestat] (25, 50, 75) percentile: (381, 386, 393)
[M::mem_pestat] low and high boundaries for computing mean and std.dev: (357, 417)
[M::mem_pestat] mean and std.dev: (388.47, 10.09)
[M::mem_pestat] low and high boundaries for proper pairs: (345, 429)
[M::mem_pestat] skip orientation RF as there are not enough pairs
[M::mem_pestat] skip orientation RR as there are not enough pairs
[M::mem_process_seqs] Processed 81464 reads in 5.296 CPU sec, 2.578 real sec
[M::process] read 81448 sequences (20000377 bp)...
[M::mem_pestat] # candidate unique pairs for (FF, FR, RF, RR): (8, 39883, 11, 13)
[M::mem_pestat] skip orientation FF as there are not enough pairs
[M::mem_pestat] analyzing insert size distribution for orientation FR...
[M::mem_pestat] (25, 50, 75) percentile: (381, 386, 393)
[M::mem_pestat] low and high boundaries for computing mean and std.dev: (357, 417)
[M::mem_pestat] mean and std.dev: (388.51, 10.09)
[M::mem_pestat] low and high boundaries for proper pairs: (345, 429)
[M::mem_pestat] analyzing insert size distribution for orientation RF...
[M::mem_pestat] (25, 50, 75) percentile: (867, 1087, 2074)
[M::mem_pestat] low and high boundaries for computing mean and std.dev: (1, 4488)
[M::mem_pestat] mean and std.dev: (1281.90, 794.28)
[M::mem_pestat] low and high boundaries for proper pairs: (1, 5695)
[M::mem_pestat] analyzing insert size distribution for orientation RR...
[M::mem_pestat] (25, 50, 75) percentile: (843, 1717, 2570)
[M::mem_pestat] low and high boundaries for computing mean and std.dev: (1, 6024)
[M::mem_pestat] mean and std.dev: (1417.27, 655.60)
[M::mem_pestat] low and high boundaries for proper pairs: (1, 7751)
[M::mem_pestat] skip orientation RF
[M::mem_pestat] skip orientation RR
[M::mem_process_seqs] Processed 81448 reads in 5.768 CPU sec, 2.810 real sec
[M::process] read 81316 sequences (20000400 bp)...
[M::mem_pestat] # candidate unique pairs for (FF, FR, RF, RR): (7, 39912, 7, 5)
[M::mem_pestat] skip orientation FF as there are not enough pairs
[M::mem_pestat] analyzing insert size distribution for orientation FR...
[M::mem_pestat] (25, 50, 75) percentile: (381, 386, 393)
[M::mem_pestat] low and high boundaries for computing mean and std.dev: (357, 417)
[M::mem_pestat] mean and std.dev: (388.46, 10.01)
[M::mem_pestat] low and high boundaries for proper pairs: (345, 429)
[M::mem_pestat] skip orientation RF as there are not enough pairs
[M::mem_pestat] skip orientation RR as there are not enough pairs
[M::mem_process_seqs] Processed 81316 reads in 5.326 CPU sec, 2.571 real sec
[M::process] read 81420 sequences (20000209 bp)...
[M::mem_pestat] # candidate unique pairs for (FF, FR, RF, RR): (4, 39918, 6, 13)
[M::mem_pestat] skip orientation FF as there are not enough pairs
[M::mem_pestat] analyzing insert size distribution for orientation FR...
[M::mem_pestat] (25, 50, 75) percentile: (380, 385, 393)
[M::mem_pestat] low and high boundaries for computing mean and std.dev: (354, 419)
[M::mem_pestat] mean and std.dev: (388.54, 10.59)
[M::mem_pestat] low and high boundaries for proper pairs: (341, 432)
[M::mem_pestat] skip orientation RF as there are not enough pairs
[M::mem_pestat] analyzing insert size distribution for orientation RR...
[M::mem_pestat] (25, 50, 75) percentile: (1834, 2195, 7863)
[M::mem_pestat] low and high boundaries for computing mean and std.dev: (1, 19921)
[M::mem_pestat] mean and std.dev: (3825.54, 2869.76)
[M::mem_pestat] low and high boundaries for proper pairs: (1, 25950)
[M::mem_pestat] skip orientation RR
[M::mem_process_seqs] Processed 81420 reads in 5.141 CPU sec, 2.528 real sec
[M::process] read 81254 sequences (20000225 bp)...
[M::mem_pestat] # candidate unique pairs for (FF, FR, RF, RR): (3, 39907, 8, 1)
[M::mem_pestat] skip orientation FF as there are not enough pairs
[M::mem_pestat] analyzing insert size distribution for orientation FR...
[M::mem_pestat] (25, 50, 75) percentile: (381, 386, 393)
[M::mem_pestat] low and high boundaries for computing mean and std.dev: (357, 417)
[M::mem_pestat] mean and std.dev: (388.63, 10.07)
[M::mem_pestat] low and high boundaries for proper pairs: (345, 429)
[M::mem_pestat] skip orientation RF as there are not enough pairs
[M::mem_pestat] skip orientation RR as there are not enough pairs
[M::mem_process_seqs] Processed 81254 reads in 4.992 CPU sec, 2.425 real sec
[M::process] read 81322 sequences (20000090 bp)...
[M::mem_pestat] # candidate unique pairs for (FF, FR, RF, RR): (6, 39936, 8, 8)
[M::mem_pestat] skip orientation FF as there are not enough pairs
[M::mem_pestat] analyzing insert size distribution for orientation FR...
[M::mem_pestat] (25, 50, 75) percentile: (381, 386, 393)
[M::mem_pestat] low and high boundaries for computing mean and std.dev: (357, 417)
[M::mem_pestat] mean and std.dev: (388.47, 10.06)
[M::mem_pestat] low and high boundaries for proper pairs: (345, 429)
[M::mem_pestat] skip orientation RF as there are not enough pairs
[M::mem_pestat] skip orientation RR as there are not enough pairs
[M::mem_process_seqs] Processed 81322 reads in 5.222 CPU sec, 2.537 real sec
[M::process] read 28628 sequences (7027797 bp)...
[M::mem_pestat] # candidate unique pairs for (FF, FR, RF, RR): (3, 14025, 1, 4)
[M::mem_pestat] skip orientation FF as there are not enough pairs
[M::mem_pestat] analyzing insert size distribution for orientation FR...
[M::mem_pestat] (25, 50, 75) percentile: (380, 385, 393)
[M::mem_pestat] low and high boundaries for computing mean and std.dev: (354, 419)
[M::mem_pestat] mean and std.dev: (388.14, 10.77)
[M::mem_pestat] low and high boundaries for proper pairs: (341, 432)
[M::mem_pestat] skip orientation RF as there are not enough pairs
[M::mem_pestat] skip orientation RR as there are not enough pairs
[M::mem_process_seqs] Processed 28628 reads in 1.999 CPU sec, 0.971 real sec
[main] Version: 0.7.17-r1188
[main] CMD: bwa mem -t 2 SC2235/core/viral_reference SC2235/adapter_trimmed/SC2235_R1_val_1_posttrim_filter.fq.gz SC2235/adapter_trimmed/SC2235_R2_val_2_posttrim_filter.fq.gz
[main] Real time: 62.412 sec; CPU: 111.660 sec
[bam_sort_core] merging from 0 files and 2 in-memory blocks...
