Path to Cutadapt set as: 'cutadapt' (default)
Cutadapt seems to be working fine (tested command 'cutadapt --version')
Cutadapt version: 4.1
Could not detect version of Python used by Cutadapt from the first line of Cutadapt (but found this: >>>#!/bin/sh<<<)
Letting the (modified) Cutadapt deal with the Python version instead
Parallel gzip (pigz) detected. Proceeding with multicore (de)compression using 2 cores

No quality encoding type selected. Assuming that the data provided uses Sanger encoded Phred scores (default)

Output will be written into the directory: /workspace/home/nasirja/covid-19-signal/subset_viral_7_results_dir/SC2279/adapter_trimmed/


AUTO-DETECTING ADAPTER TYPE
===========================
Attempting to auto-detect adapter type from the first 1 million sequences of the first file (>> SC2279/host_removal/SC2279_R1.fastq.gz <<)

Found perfect matches for the following adapter sequences:
Adapter type	Count	Sequence	Sequences analysed	Percentage
Illumina	12199	AGATCGGAAGAGC	44516	27.40
Nextera	0	CTGTCTCTTATA	44516	0.00
smallRNA	0	TGGAATTCTCGG	44516	0.00
Using Illumina adapter for trimming (count: 12199). Second best hit was Nextera (count: 0)

Writing report to '/workspace/home/nasirja/covid-19-signal/subset_viral_7_results_dir/SC2279/adapter_trimmed/SC2279_R1.fastq.gz_trimming_report.txt'

SUMMARISING RUN PARAMETERS
==========================
Input filename: SC2279/host_removal/SC2279_R1.fastq.gz
Trimming mode: paired-end
Trim Galore version: 0.6.4_dev
Cutadapt version: 4.1
Python version: could not detect
Number of cores used for trimming: 2
Quality Phred score cutoff: 20
Quality encoding type selected: ASCII+33
Adapter sequence: 'AGATCGGAAGAGC' (Illumina TruSeq, Sanger iPCR; auto-detected)
Maximum trimming error rate: 0.1 (default)
Minimum required adapter overlap (stringency): 1 bp
Minimum required sequence length for both reads before a sequence pair gets removed: 20 bp
Running FastQC on the data once trimming has completed
Output file(s) will be GZIP compressed

Cutadapt seems to be fairly up-to-date (version 4.1). Setting -j 2
Writing final adapter and quality trimmed output to SC2279_R1_trimmed.fq.gz


  >>> Now performing quality (cutoff '-q 20') and adapter trimming in a single pass for the adapter sequence: 'AGATCGGAAGAGC' from file SC2279/host_removal/SC2279_R1.fastq.gz <<< 
This is cutadapt 4.1 with Python 3.9.13
Command line parameters: -j 2 -e 0.1 -q 20 -O 1 -a AGATCGGAAGAGC SC2279/host_removal/SC2279_R1.fastq.gz
Processing single-end reads on 2 cores ...
Finished in 0.83 s (19 µs/read; 3.21 M reads/minute).

=== Summary ===

Total reads processed:                  44,516
Reads with adapters:                    24,188 (54.3%)
Reads written (passing filters):        44,516 (100.0%)

Total basepairs processed:    11,173,516 bp
Quality-trimmed:               2,814,136 bp (25.2%)
Total written (filtered):      7,113,814 bp (63.7%)

=== Adapter 1 ===

Sequence: AGATCGGAAGAGC; Type: regular 3'; Length: 13; Trimmed: 24188 times

Minimum overlap: 1
No. of allowed errors:
1-9 bp: 0; 10-13 bp: 1

Bases preceding removed adapters:
  A: 17.5%
  C: 29.5%
  G: 21.3%
  T: 27.9%
  none/other: 3.7%

Overview of removed sequences
length	count	expect	max.err	error counts
1	6939	11129.0	0	6939
2	1686	2782.2	0	1686
3	624	695.6	0	624
4	203	173.9	0	203
5	58	43.5	0	58
6	76	10.9	0	76
7	87	2.7	0	87
8	31	0.7	0	31
9	75	0.2	0	75
10	78	0.0	1	63 15
11	43	0.0	1	28 15
12	31	0.0	1	21 10
13	37	0.0	1	21 16
14	21	0.0	1	11 10
15	21	0.0	1	16 5
16	33	0.0	1	25 8
17	61	0.0	1	48 13
18	56	0.0	1	45 11
19	39	0.0	1	32 7
20	77	0.0	1	63 14
21	68	0.0	1	55 13
22	34	0.0	1	22 12
23	25	0.0	1	12 13
24	49	0.0	1	31 18
25	70	0.0	1	34 36
26	50	0.0	1	37 13
27	160	0.0	1	122 38
28	136	0.0	1	91 45
29	78	0.0	1	52 26
30	66	0.0	1	48 18
31	46	0.0	1	30 16
32	53	0.0	1	38 15
33	43	0.0	1	31 12
34	100	0.0	1	56 44
35	117	0.0	1	78 39
36	52	0.0	1	36 16
37	402	0.0	1	370 32
38	55	0.0	1	46 9
39	85	0.0	1	66 19
40	47	0.0	1	35 12
41	51	0.0	1	32 19
42	60	0.0	1	44 16
43	70	0.0	1	53 17
44	29	0.0	1	19 10
45	45	0.0	1	31 14
46	32	0.0	1	15 17
47	71	0.0	1	50 21
48	37	0.0	1	26 11
49	52	0.0	1	34 18
50	52	0.0	1	38 14
51	63	0.0	1	44 19
52	93	0.0	1	62 31
53	107	0.0	1	82 25
54	165	0.0	1	114 51
55	212	0.0	1	188 24
56	95	0.0	1	81 14
57	72	0.0	1	58 14
58	55	0.0	1	44 11
59	56	0.0	1	49 7
60	65	0.0	1	57 8
61	46	0.0	1	37 9
62	46	0.0	1	38 8
63	62	0.0	1	54 8
64	43	0.0	1	32 11
65	59	0.0	1	44 15
66	93	0.0	1	77 16
67	46	0.0	1	33 13
68	63	0.0	1	44 19
69	95	0.0	1	70 25
70	98	0.0	1	81 17
71	132	0.0	1	108 24
72	173	0.0	1	142 31
73	273	0.0	1	236 37
74	429	0.0	1	362 67
75	654	0.0	1	543 111
76	1244	0.0	1	1135 109
77	1028	0.0	1	939 89
78	632	0.0	1	580 52
79	401	0.0	1	366 35
80	267	0.0	1	238 29
81	210	0.0	1	187 23
82	160	0.0	1	141 19
83	141	0.0	1	132 9
84	130	0.0	1	111 19
85	92	0.0	1	84 8
86	109	0.0	1	94 15
87	111	0.0	1	101 10
88	105	0.0	1	94 11
89	79	0.0	1	68 11
90	200	0.0	1	183 17
91	78	0.0	1	71 7
92	54	0.0	1	51 3
93	64	0.0	1	55 9
94	67	0.0	1	58 9
95	69	0.0	1	52 17
96	62	0.0	1	51 11
97	45	0.0	1	42 3
98	33	0.0	1	31 2
99	49	0.0	1	44 5
100	24	0.0	1	23 1
101	30	0.0	1	26 4
102	27	0.0	1	22 5
103	33	0.0	1	30 3
104	30	0.0	1	25 5
105	42	0.0	1	36 6
106	41	0.0	1	34 7
107	66	0.0	1	50 16
108	47	0.0	1	41 6
109	39	0.0	1	31 8
110	33	0.0	1	23 10
111	49	0.0	1	42 7
112	28	0.0	1	23 5
113	27	0.0	1	23 4
114	42	0.0	1	31 11
115	38	0.0	1	31 7
116	36	0.0	1	28 8
117	18	0.0	1	17 1
118	24	0.0	1	18 6
119	21	0.0	1	18 3
120	22	0.0	1	20 2
121	20	0.0	1	18 2
122	24	0.0	1	21 3
123	21	0.0	1	19 2
124	21	0.0	1	18 3
125	27	0.0	1	23 4
126	33	0.0	1	31 2
127	38	0.0	1	33 5
128	28	0.0	1	20 8
129	30	0.0	1	26 4
130	18	0.0	1	15 3
131	14	0.0	1	11 3
132	14	0.0	1	12 2
133	15	0.0	1	12 3
134	43	0.0	1	41 2
135	21	0.0	1	17 4
136	22	0.0	1	19 3
137	20	0.0	1	13 7
138	10	0.0	1	9 1
139	16	0.0	1	12 4
140	17	0.0	1	15 2
141	10	0.0	1	4 6
142	14	0.0	1	8 6
143	21	0.0	1	17 4
144	10	0.0	1	9 1
145	17	0.0	1	16 1
146	25	0.0	1	21 4
147	35	0.0	1	31 4
148	10	0.0	1	8 2
149	26	0.0	1	26
150	12	0.0	1	9 3
151	9	0.0	1	5 4
152	9	0.0	1	6 3
153	10	0.0	1	9 1
154	21	0.0	1	16 5
155	19	0.0	1	15 4
156	27	0.0	1	24 3
157	15	0.0	1	10 5
158	7	0.0	1	6 1
159	9	0.0	1	5 4
160	7	0.0	1	3 4
161	9	0.0	1	7 2
162	12	0.0	1	7 5
163	9	0.0	1	8 1
164	2	0.0	1	1 1
165	6	0.0	1	5 1
166	11	0.0	1	6 5
167	27	0.0	1	24 3
168	16	0.0	1	11 5
169	18	0.0	1	17 1
170	22	0.0	1	22
171	10	0.0	1	9 1
172	8	0.0	1	3 5
173	4	0.0	1	3 1
174	17	0.0	1	14 3
175	12	0.0	1	9 3
176	13	0.0	1	11 2
177	12	0.0	1	10 2
178	13	0.0	1	10 3
179	10	0.0	1	9 1
180	11	0.0	1	8 3
181	8	0.0	1	5 3
182	14	0.0	1	12 2
183	8	0.0	1	6 2
184	10	0.0	1	10
185	5	0.0	1	1 4
186	13	0.0	1	9 4
187	17	0.0	1	15 2
188	28	0.0	1	27 1
189	25	0.0	1	24 1
190	31	0.0	1	31
191	28	0.0	1	26 2
192	20	0.0	1	19 1
193	28	0.0	1	25 3
194	16	0.0	1	15 1
195	14	0.0	1	14
196	8	0.0	1	8
197	24	0.0	1	21 3
198	28	0.0	1	26 2
199	18	0.0	1	17 1
200	16	0.0	1	15 1
201	16	0.0	1	16
202	33	0.0	1	33
203	50	0.0	1	49 1
204	30	0.0	1	29 1
205	46	0.0	1	46
206	61	0.0	1	59 2
207	46	0.0	1	46
208	53	0.0	1	51 2
209	47	0.0	1	45 2
210	63	0.0	1	60 3
211	30	0.0	1	30
212	26	0.0	1	25 1
213	24	0.0	1	23 1
214	24	0.0	1	24
215	16	0.0	1	15 1
216	7	0.0	1	5 2
217	24	0.0	1	21 3
218	6	0.0	1	6
220	5	0.0	1	5
221	3	0.0	1	3
222	2	0.0	1	2
223	1	0.0	1	1
224	1	0.0	1	0 1
226	2	0.0	1	2
227	1	0.0	1	0 1
228	1	0.0	1	1
229	2	0.0	1	2
231	2	0.0	1	2
233	1	0.0	1	1
234	2	0.0	1	1 1
235	1	0.0	1	1
236	1	0.0	1	0 1
240	1	0.0	1	0 1
241	2	0.0	1	2
243	1	0.0	1	0 1
245	1	0.0	1	0 1
246	2	0.0	1	1 1
247	6	0.0	1	0 6
248	5	0.0	1	0 5
249	8	0.0	1	1 7
250	21	0.0	1	0 21
251	195	0.0	1	0 195

RUN STATISTICS FOR INPUT FILE: SC2279/host_removal/SC2279_R1.fastq.gz
=============================================
44516 sequences processed in total
The length threshold of paired-end sequences gets evaluated later on (in the validation step)

Writing report to '/workspace/home/nasirja/covid-19-signal/subset_viral_7_results_dir/SC2279/adapter_trimmed/SC2279_R2.fastq.gz_trimming_report.txt'

SUMMARISING RUN PARAMETERS
==========================
Input filename: SC2279/host_removal/SC2279_R2.fastq.gz
Trimming mode: paired-end
Trim Galore version: 0.6.4_dev
Cutadapt version: 4.1
Python version: could not detect
Number of cores used for trimming: 2
Quality Phred score cutoff: 20
Quality encoding type selected: ASCII+33
Adapter sequence: 'AGATCGGAAGAGC' (Illumina TruSeq, Sanger iPCR; auto-detected)
Maximum trimming error rate: 0.1 (default)
Minimum required adapter overlap (stringency): 1 bp
Minimum required sequence length for both reads before a sequence pair gets removed: 20 bp
Running FastQC on the data once trimming has completed
Output file(s) will be GZIP compressed

Cutadapt seems to be fairly up-to-date (version 4.1). Setting -j -j 2
Writing final adapter and quality trimmed output to SC2279_R2_trimmed.fq.gz


  >>> Now performing quality (cutoff '-q 20') and adapter trimming in a single pass for the adapter sequence: 'AGATCGGAAGAGC' from file SC2279/host_removal/SC2279_R2.fastq.gz <<< 
This is cutadapt 4.1 with Python 3.9.13
Command line parameters: -j 2 -e 0.1 -q 20 -O 1 -a AGATCGGAAGAGC SC2279/host_removal/SC2279_R2.fastq.gz
Processing single-end reads on 2 cores ...
Finished in 0.75 s (17 µs/read; 3.59 M reads/minute).

=== Summary ===

Total reads processed:                  44,516
Reads with adapters:                    22,576 (50.7%)
Reads written (passing filters):        44,516 (100.0%)

Total basepairs processed:    11,173,516 bp
Quality-trimmed:               4,863,477 bp (43.5%)
Total written (filtered):      5,482,685 bp (49.1%)

=== Adapter 1 ===

Sequence: AGATCGGAAGAGC; Type: regular 3'; Length: 13; Trimmed: 22576 times

Minimum overlap: 1
No. of allowed errors:
1-9 bp: 0; 10-13 bp: 1

Bases preceding removed adapters:
  A: 19.7%
  C: 29.2%
  G: 25.6%
  T: 20.8%
  none/other: 4.6%

Overview of removed sequences
length	count	expect	max.err	error counts
1	7940	11129.0	0	7940
2	3013	2782.2	0	3013
3	747	695.6	0	747
4	120	173.9	0	120
5	36	43.5	0	36
6	33	10.9	0	33
7	89	2.7	0	89
8	22	0.7	0	22
9	64	0.2	0	64
10	53	0.0	1	42 11
11	23	0.0	1	14 9
12	40	0.0	1	24 16
13	26	0.0	1	15 11
14	43	0.0	1	31 12
15	24	0.0	1	16 8
16	23	0.0	1	14 9
17	84	0.0	1	74 10
18	24	0.0	1	18 6
19	66	0.0	1	53 13
20	53	0.0	1	44 9
21	17	0.0	1	13 4
22	18	0.0	1	15 3
23	21	0.0	1	12 9
24	93	0.0	1	55 38
25	29	0.0	1	19 10
26	60	0.0	1	46 14
27	93	0.0	1	76 17
28	105	0.0	1	87 18
29	36	0.0	1	26 10
30	90	0.0	1	68 22
31	21	0.0	1	15 6
32	73	0.0	1	56 17
33	67	0.0	1	51 16
34	86	0.0	1	66 20
35	124	0.0	1	96 28
36	139	0.0	1	111 28
37	145	0.0	1	122 23
38	433	0.0	1	409 24
39	58	0.0	1	47 11
40	111	0.0	1	92 19
41	184	0.0	1	157 27
42	287	0.0	1	234 53
43	404	0.0	1	367 37
44	412	0.0	1	362 50
45	399	0.0	1	370 29
46	154	0.0	1	130 24
47	170	0.0	1	158 12
48	77	0.0	1	69 8
49	65	0.0	1	52 13
50	33	0.0	1	30 3
51	44	0.0	1	40 4
52	58	0.0	1	52 6
53	53	0.0	1	45 8
54	62	0.0	1	59 3
55	36	0.0	1	30 6
56	122	0.0	1	104 18
57	129	0.0	1	119 10
58	53	0.0	1	48 5
59	21	0.0	1	14 7
60	29	0.0	1	27 2
61	10	0.0	1	10
62	15	0.0	1	15
63	12	0.0	1	12
64	2	0.0	1	1 1
65	6	0.0	1	5 1
66	6	0.0	1	5 1
67	1	0.0	1	1
68	8	0.0	1	7 1
69	3	0.0	1	2 1
70	4	0.0	1	0 4
71	5	0.0	1	3 2
72	6	0.0	1	6
73	5	0.0	1	4 1
74	7	0.0	1	3 4
75	9	0.0	1	5 4
76	16	0.0	1	15 1
77	53	0.0	1	48 5
78	77	0.0	1	64 13
79	137	0.0	1	99 38
80	250	0.0	1	182 68
81	373	0.0	1	292 81
82	443	0.0	1	374 69
83	420	0.0	1	356 64
84	347	0.0	1	292 55
85	259	0.0	1	220 39
86	193	0.0	1	167 26
87	165	0.0	1	141 24
88	143	0.0	1	117 26
89	98	0.0	1	81 17
90	190	0.0	1	177 13
91	86	0.0	1	74 12
92	50	0.0	1	38 12
93	61	0.0	1	51 10
94	56	0.0	1	36 20
95	36	0.0	1	24 12
96	41	0.0	1	30 11
97	34	0.0	1	22 12
98	32	0.0	1	27 5
99	25	0.0	1	22 3
100	11	0.0	1	10 1
101	20	0.0	1	20
102	23	0.0	1	15 8
103	25	0.0	1	20 5
104	20	0.0	1	18 2
105	21	0.0	1	18 3
106	23	0.0	1	16 7
107	22	0.0	1	12 10
108	30	0.0	1	28 2
109	21	0.0	1	13 8
110	16	0.0	1	11 5
111	43	0.0	1	32 11
112	14	0.0	1	9 5
113	17	0.0	1	12 5
114	20	0.0	1	7 13
115	15	0.0	1	5 10
116	20	0.0	1	16 4
117	14	0.0	1	11 3
118	6	0.0	1	3 3
119	15	0.0	1	7 8
120	3	0.0	1	3
121	8	0.0	1	5 3
122	7	0.0	1	4 3
123	6	0.0	1	3 3
124	8	0.0	1	3 5
125	6	0.0	1	3 3
126	17	0.0	1	10 7
127	13	0.0	1	8 5
128	12	0.0	1	8 4
129	19	0.0	1	15 4
130	7	0.0	1	4 3
131	6	0.0	1	2 4
132	5	0.0	1	1 4
133	12	0.0	1	5 7
134	27	0.0	1	19 8
135	12	0.0	1	4 8
136	17	0.0	1	14 3
137	9	0.0	1	6 3
138	3	0.0	1	1 2
139	10	0.0	1	7 3
140	2	0.0	1	1 1
141	5	0.0	1	1 4
142	4	0.0	1	1 3
143	4	0.0	1	2 2
144	5	0.0	1	5
145	9	0.0	1	6 3
146	7	0.0	1	6 1
147	20	0.0	1	15 5
148	10	0.0	1	7 3
149	26	0.0	1	22 4
150	6	0.0	1	4 2
151	4	0.0	1	3 1
152	2	0.0	1	2
153	4	0.0	1	4
154	19	0.0	1	16 3
155	8	0.0	1	7 1
156	15	0.0	1	11 4
157	10	0.0	1	6 4
158	1	0.0	1	0 1
159	5	0.0	1	4 1
160	2	0.0	1	2
161	9	0.0	1	6 3
162	4	0.0	1	4
163	3	0.0	1	1 2
164	5	0.0	1	3 2
165	6	0.0	1	5 1
166	5	0.0	1	5
167	17	0.0	1	13 4
168	7	0.0	1	7
169	11	0.0	1	8 3
170	18	0.0	1	17 1
171	6	0.0	1	5 1
172	2	0.0	1	1 1
173	10	0.0	1	8 2
174	11	0.0	1	8 3
175	5	0.0	1	5
176	7	0.0	1	6 1
177	9	0.0	1	8 1
178	4	0.0	1	3 1
179	2	0.0	1	2
180	3	0.0	1	3
181	2	0.0	1	2
182	3	0.0	1	3
183	1	0.0	1	1
184	8	0.0	1	5 3
185	3	0.0	1	3
186	3	0.0	1	3
187	13	0.0	1	11 2
188	21	0.0	1	20 1
189	18	0.0	1	16 2
190	13	0.0	1	13
191	16	0.0	1	16
192	15	0.0	1	14 1
193	8	0.0	1	8
194	11	0.0	1	10 1
195	9	0.0	1	9
196	6	0.0	1	6
197	15	0.0	1	14 1
198	14	0.0	1	14
199	9	0.0	1	8 1
200	13	0.0	1	13
201	15	0.0	1	14 1
202	26	0.0	1	25 1
203	45	0.0	1	40 5
204	21	0.0	1	21
205	41	0.0	1	40 1
206	44	0.0	1	41 3
207	28	0.0	1	28
208	37	0.0	1	36 1
209	42	0.0	1	42
210	36	0.0	1	35 1
211	25	0.0	1	25
212	15	0.0	1	14 1
213	9	0.0	1	9
214	8	0.0	1	8
215	23	0.0	1	21 2
216	8	0.0	1	6 2
217	10	0.0	1	10
218	1	0.0	1	1
219	2	0.0	1	2
220	1	0.0	1	1
221	2	0.0	1	2
222	3	0.0	1	3
224	1	0.0	1	1
226	1	0.0	1	1
228	1	0.0	1	1
229	2	0.0	1	2
231	1	0.0	1	1
233	2	0.0	1	2
234	1	0.0	1	1
235	2	0.0	1	2
237	1	0.0	1	1
246	1	0.0	1	0 1
248	1	0.0	1	0 1
249	3	0.0	1	0 3
250	6	0.0	1	0 6
251	177	0.0	1	0 177

RUN STATISTICS FOR INPUT FILE: SC2279/host_removal/SC2279_R2.fastq.gz
=============================================
44516 sequences processed in total
The length threshold of paired-end sequences gets evaluated later on (in the validation step)

Validate paired-end files SC2279_R1_trimmed.fq.gz and SC2279_R2_trimmed.fq.gz
file_1: SC2279_R1_trimmed.fq.gz, file_2: SC2279_R2_trimmed.fq.gz


>>>>> Now validing the length of the 2 paired-end infiles: SC2279_R1_trimmed.fq.gz and SC2279_R2_trimmed.fq.gz <<<<<
Writing validated paired-end Read 1 reads to SC2279_R1_val_1.fq.gz
Writing validated paired-end Read 2 reads to SC2279_R2_val_2.fq.gz

Total number of sequences analysed: 44516

Number of sequence pairs removed because at least one read was shorter than the length cutoff (20 bp): 1313 (2.95%)


  >>> Now running FastQC on the validated data SC2279_R1_val_1.fq.gz<<<

Started analysis of SC2279_R1_val_1.fq.gz
Approx 5% complete for SC2279_R1_val_1.fq.gz
Approx 10% complete for SC2279_R1_val_1.fq.gz
Approx 15% complete for SC2279_R1_val_1.fq.gz
Approx 20% complete for SC2279_R1_val_1.fq.gz
Approx 25% complete for SC2279_R1_val_1.fq.gz
Approx 30% complete for SC2279_R1_val_1.fq.gz
Approx 35% complete for SC2279_R1_val_1.fq.gz
Approx 40% complete for SC2279_R1_val_1.fq.gz
Approx 45% complete for SC2279_R1_val_1.fq.gz
Approx 50% complete for SC2279_R1_val_1.fq.gz
Approx 55% complete for SC2279_R1_val_1.fq.gz
Approx 60% complete for SC2279_R1_val_1.fq.gz
Approx 65% complete for SC2279_R1_val_1.fq.gz
Approx 70% complete for SC2279_R1_val_1.fq.gz
Approx 75% complete for SC2279_R1_val_1.fq.gz
Approx 80% complete for SC2279_R1_val_1.fq.gz
Approx 85% complete for SC2279_R1_val_1.fq.gz
Approx 90% complete for SC2279_R1_val_1.fq.gz
Approx 95% complete for SC2279_R1_val_1.fq.gz

  >>> Now running FastQC on the validated data SC2279_R2_val_2.fq.gz<<<

Started analysis of SC2279_R2_val_2.fq.gz
Approx 5% complete for SC2279_R2_val_2.fq.gz
Approx 10% complete for SC2279_R2_val_2.fq.gz
Approx 15% complete for SC2279_R2_val_2.fq.gz
Approx 20% complete for SC2279_R2_val_2.fq.gz
Approx 25% complete for SC2279_R2_val_2.fq.gz
Approx 30% complete for SC2279_R2_val_2.fq.gz
Approx 35% complete for SC2279_R2_val_2.fq.gz
Approx 40% complete for SC2279_R2_val_2.fq.gz
Approx 45% complete for SC2279_R2_val_2.fq.gz
Approx 50% complete for SC2279_R2_val_2.fq.gz
Approx 55% complete for SC2279_R2_val_2.fq.gz
Approx 60% complete for SC2279_R2_val_2.fq.gz
Approx 65% complete for SC2279_R2_val_2.fq.gz
Approx 70% complete for SC2279_R2_val_2.fq.gz
Approx 75% complete for SC2279_R2_val_2.fq.gz
Approx 80% complete for SC2279_R2_val_2.fq.gz
Approx 85% complete for SC2279_R2_val_2.fq.gz
Approx 90% complete for SC2279_R2_val_2.fq.gz
Approx 95% complete for SC2279_R2_val_2.fq.gz
Deleting both intermediate output files SC2279_R1_trimmed.fq.gz and SC2279_R2_trimmed.fq.gz

====================================================================================================

