Path to Cutadapt set as: 'cutadapt' (default)
Cutadapt seems to be working fine (tested command 'cutadapt --version')
Cutadapt version: 4.1
Could not detect version of Python used by Cutadapt from the first line of Cutadapt (but found this: >>>#!/bin/sh<<<)
Letting the (modified) Cutadapt deal with the Python version instead
Parallel gzip (pigz) detected. Proceeding with multicore (de)compression using 2 cores

No quality encoding type selected. Assuming that the data provided uses Sanger encoded Phred scores (default)

Output will be written into the directory: /workspace/home/nasirja/covid-19-signal/subset_viral_7_results_dir/SC2185/adapter_trimmed/


AUTO-DETECTING ADAPTER TYPE
===========================
Attempting to auto-detect adapter type from the first 1 million sequences of the first file (>> SC2185/host_removal/SC2185_R1.fastq.gz <<)

Found perfect matches for the following adapter sequences:
Adapter type	Count	Sequence	Sequences analysed	Percentage
Illumina	5826	AGATCGGAAGAGC	772538	0.75
Nextera	0	CTGTCTCTTATA	772538	0.00
smallRNA	0	TGGAATTCTCGG	772538	0.00
Using Illumina adapter for trimming (count: 5826). Second best hit was Nextera (count: 0)

Writing report to '/workspace/home/nasirja/covid-19-signal/subset_viral_7_results_dir/SC2185/adapter_trimmed/SC2185_R1.fastq.gz_trimming_report.txt'

SUMMARISING RUN PARAMETERS
==========================
Input filename: SC2185/host_removal/SC2185_R1.fastq.gz
Trimming mode: paired-end
Trim Galore version: 0.6.4_dev
Cutadapt version: 4.1
Python version: could not detect
Number of cores used for trimming: 2
Quality Phred score cutoff: 20
Quality encoding type selected: ASCII+33
Adapter sequence: 'AGATCGGAAGAGC' (Illumina TruSeq, Sanger iPCR; auto-detected)
Maximum trimming error rate: 0.1 (default)
Minimum required adapter overlap (stringency): 1 bp
Minimum required sequence length for both reads before a sequence pair gets removed: 20 bp
Running FastQC on the data once trimming has completed
Output file(s) will be GZIP compressed

Cutadapt seems to be fairly up-to-date (version 4.1). Setting -j 2
Writing final adapter and quality trimmed output to SC2185_R1_trimmed.fq.gz


  >>> Now performing quality (cutoff '-q 20') and adapter trimming in a single pass for the adapter sequence: 'AGATCGGAAGAGC' from file SC2185/host_removal/SC2185_R1.fastq.gz <<< 
This is cutadapt 4.1 with Python 3.9.13
Command line parameters: -j 2 -e 0.1 -q 20 -O 1 -a AGATCGGAAGAGC SC2185/host_removal/SC2185_R1.fastq.gz
Processing single-end reads on 2 cores ...
Finished in 33.42 s (43 µs/read; 1.39 M reads/minute).

=== Summary ===

Total reads processed:                 772,538
Reads with adapters:                   256,981 (33.3%)
Reads written (passing filters):       772,538 (100.0%)

Total basepairs processed:   193,907,038 bp
Quality-trimmed:               1,243,054 bp (0.6%)
Total written (filtered):    191,914,191 bp (99.0%)

=== Adapter 1 ===

Sequence: AGATCGGAAGAGC; Type: regular 3'; Length: 13; Trimmed: 256981 times

Minimum overlap: 1
No. of allowed errors:
1-9 bp: 0; 10-13 bp: 1

Bases preceding removed adapters:
  A: 36.5%
  C: 17.5%
  G: 10.4%
  T: 35.3%
  none/other: 0.1%

Overview of removed sequences
length	count	expect	max.err	error counts
1	179558	193134.5	0	179558
2	60553	48283.6	0	60553
3	4973	12070.9	0	4973
4	834	3017.7	0	834
5	111	754.4	0	111
6	124	188.6	0	124
7	3660	47.2	0	3660
8	124	11.8	0	124
9	255	2.9	0	255
10	151	0.7	1	140 11
11	58	0.2	1	52 6
12	81	0.0	1	80 1
13	55	0.0	1	50 5
14	40	0.0	1	35 5
15	37	0.0	1	31 6
16	32	0.0	1	29 3
17	49	0.0	1	43 6
18	55	0.0	1	44 11
19	29	0.0	1	26 3
20	176	0.0	1	168 8
21	121	0.0	1	118 3
22	72	0.0	1	68 4
23	64	0.0	1	62 2
24	371	0.0	1	361 10
25	123	0.0	1	112 11
26	40	0.0	1	34 6
27	52	0.0	1	42 10
28	63	0.0	1	54 9
29	39	0.0	1	32 7
30	51	0.0	1	49 2
31	42	0.0	1	39 3
32	73	0.0	1	64 9
33	44	0.0	1	37 7
34	151	0.0	1	138 13
35	49	0.0	1	39 10
36	182	0.0	1	164 18
37	247	0.0	1	238 9
38	133	0.0	1	119 14
39	41	0.0	1	32 9
40	108	0.0	1	100 8
41	55	0.0	1	49 6
42	47	0.0	1	44 3
43	136	0.0	1	128 8
44	34	0.0	1	31 3
45	44	0.0	1	42 2
46	82	0.0	1	76 6
47	50	0.0	1	36 14
48	16	0.0	1	12 4
49	25	0.0	1	20 5
50	16	0.0	1	14 2
51	19	0.0	1	17 2
52	33	0.0	1	22 11
53	26	0.0	1	21 5
54	54	0.0	1	39 15
55	50	0.0	1	43 7
56	24	0.0	1	22 2
57	28	0.0	1	26 2
58	16	0.0	1	14 2
59	40	0.0	1	37 3
60	11	0.0	1	10 1
61	22	0.0	1	21 1
62	14	0.0	1	13 1
63	17	0.0	1	14 3
64	12	0.0	1	11 1
65	16	0.0	1	12 4
66	36	0.0	1	33 3
67	16	0.0	1	13 3
68	27	0.0	1	21 6
69	63	0.0	1	54 9
70	32	0.0	1	29 3
71	30	0.0	1	27 3
72	65	0.0	1	57 8
73	89	0.0	1	76 13
74	136	0.0	1	121 15
75	262	0.0	1	230 32
76	544	0.0	1	505 39
77	375	0.0	1	348 27
78	186	0.0	1	155 31
79	95	0.0	1	79 16
80	60	0.0	1	53 7
81	40	0.0	1	30 10
82	28	0.0	1	18 10
83	25	0.0	1	19 6
84	13	0.0	1	10 3
85	15	0.0	1	12 3
86	16	0.0	1	10 6
87	19	0.0	1	13 6
88	17	0.0	1	9 8
89	24	0.0	1	19 5
90	12	0.0	1	11 1
91	12	0.0	1	9 3
92	16	0.0	1	11 5
93	36	0.0	1	30 6
94	209	0.0	1	196 13
95	33	0.0	1	28 5
96	16	0.0	1	14 2
97	6	0.0	1	6
98	13	0.0	1	10 3
99	3	0.0	1	2 1
100	8	0.0	1	8
101	5	0.0	1	5
102	18	0.0	1	17 1
103	11	0.0	1	10 1
104	3	0.0	1	3
105	3	0.0	1	2 1
106	4	0.0	1	2 2
107	10	0.0	1	9 1
108	8	0.0	1	8
109	12	0.0	1	11 1
110	4	0.0	1	2 2
111	17	0.0	1	16 1
112	7	0.0	1	4 3
113	10	0.0	1	8 2
114	12	0.0	1	8 4
115	8	0.0	1	4 4
116	8	0.0	1	8
117	3	0.0	1	3
118	5	0.0	1	5
119	4	0.0	1	3 1
120	3	0.0	1	2 1
121	2	0.0	1	0 2
122	3	0.0	1	2 1
123	3	0.0	1	2 1
124	3	0.0	1	1 2
125	5	0.0	1	3 2
126	2	0.0	1	1 1
127	26	0.0	1	23 3
128	7	0.0	1	6 1
129	5	0.0	1	4 1
130	6	0.0	1	4 2
131	1	0.0	1	0 1
132	2	0.0	1	0 2
133	3	0.0	1	2 1
134	5	0.0	1	3 2
135	6	0.0	1	4 2
136	3	0.0	1	3
137	3	0.0	1	2 1
138	1	0.0	1	0 1
139	3	0.0	1	1 2
140	2	0.0	1	2
141	3	0.0	1	1 2
142	1	0.0	1	0 1
143	5	0.0	1	3 2
144	2	0.0	1	1 1
145	1	0.0	1	0 1
146	3	0.0	1	1 2
147	4	0.0	1	2 2
148	3	0.0	1	2 1
149	7	0.0	1	4 3
150	2	0.0	1	2
151	2	0.0	1	0 2
152	2	0.0	1	2
153	4	0.0	1	3 1
154	2	0.0	1	2
155	1	0.0	1	0 1
156	6	0.0	1	6
157	4	0.0	1	3 1
158	2	0.0	1	1 1
160	1	0.0	1	0 1
161	3	0.0	1	2 1
162	1	0.0	1	0 1
164	3	0.0	1	2 1
165	1	0.0	1	1
166	3	0.0	1	2 1
167	3	0.0	1	2 1
169	3	0.0	1	2 1
170	1	0.0	1	1
172	2	0.0	1	2
173	3	0.0	1	2 1
174	2	0.0	1	2
175	8	0.0	1	7 1
176	3	0.0	1	1 2
177	4	0.0	1	4
178	4	0.0	1	2 2
181	1	0.0	1	1
182	2	0.0	1	1 1
184	2	0.0	1	0 2
185	2	0.0	1	1 1
186	1	0.0	1	0 1
187	2	0.0	1	2
188	2	0.0	1	2
189	1	0.0	1	1
190	1	0.0	1	1
191	1	0.0	1	1
192	1	0.0	1	1
193	1	0.0	1	1
195	2	0.0	1	2
197	3	0.0	1	3
198	2	0.0	1	1 1
199	2	0.0	1	2
200	1	0.0	1	1
201	1	0.0	1	1
202	2	0.0	1	1 1
203	2	0.0	1	2
204	2	0.0	1	1 1
205	2	0.0	1	2
207	3	0.0	1	3
208	2	0.0	1	2
209	3	0.0	1	3
210	3	0.0	1	3
211	1	0.0	1	1
212	2	0.0	1	1 1
213	2	0.0	1	2
214	2	0.0	1	2
215	3	0.0	1	2 1
216	2	0.0	1	2
217	1	0.0	1	1
219	1	0.0	1	0 1
220	1	0.0	1	0 1
223	1	0.0	1	1
224	1	0.0	1	0 1
231	2	0.0	1	1 1
235	1	0.0	1	0 1
243	1	0.0	1	0 1
246	1	0.0	1	0 1
248	1	0.0	1	0 1
249	1	0.0	1	0 1
250	1	0.0	1	0 1
251	79	0.0	1	0 79

RUN STATISTICS FOR INPUT FILE: SC2185/host_removal/SC2185_R1.fastq.gz
=============================================
772538 sequences processed in total
The length threshold of paired-end sequences gets evaluated later on (in the validation step)

Writing report to '/workspace/home/nasirja/covid-19-signal/subset_viral_7_results_dir/SC2185/adapter_trimmed/SC2185_R2.fastq.gz_trimming_report.txt'

SUMMARISING RUN PARAMETERS
==========================
Input filename: SC2185/host_removal/SC2185_R2.fastq.gz
Trimming mode: paired-end
Trim Galore version: 0.6.4_dev
Cutadapt version: 4.1
Python version: could not detect
Number of cores used for trimming: 2
Quality Phred score cutoff: 20
Quality encoding type selected: ASCII+33
Adapter sequence: 'AGATCGGAAGAGC' (Illumina TruSeq, Sanger iPCR; auto-detected)
Maximum trimming error rate: 0.1 (default)
Minimum required adapter overlap (stringency): 1 bp
Minimum required sequence length for both reads before a sequence pair gets removed: 20 bp
Running FastQC on the data once trimming has completed
Output file(s) will be GZIP compressed

Cutadapt seems to be fairly up-to-date (version 4.1). Setting -j -j 2
Writing final adapter and quality trimmed output to SC2185_R2_trimmed.fq.gz


  >>> Now performing quality (cutoff '-q 20') and adapter trimming in a single pass for the adapter sequence: 'AGATCGGAAGAGC' from file SC2185/host_removal/SC2185_R2.fastq.gz <<< 
This is cutadapt 4.1 with Python 3.9.13
Command line parameters: -j 2 -e 0.1 -q 20 -O 1 -a AGATCGGAAGAGC SC2185/host_removal/SC2185_R2.fastq.gz
Processing single-end reads on 2 cores ...
Finished in 40.88 s (53 µs/read; 1.13 M reads/minute).

=== Summary ===

Total reads processed:                 772,538
Reads with adapters:                   256,531 (33.2%)
Reads written (passing filters):       772,538 (100.0%)

Total basepairs processed:   193,907,038 bp
Quality-trimmed:               3,017,200 bp (1.6%)
Total written (filtered):    190,235,248 bp (98.1%)

=== Adapter 1 ===

Sequence: AGATCGGAAGAGC; Type: regular 3'; Length: 13; Trimmed: 256531 times

Minimum overlap: 1
No. of allowed errors:
1-9 bp: 0; 10-13 bp: 1

Bases preceding removed adapters:
  A: 39.5%
  C: 17.4%
  G: 10.5%
  T: 32.5%
  none/other: 0.2%

Overview of removed sequences
length	count	expect	max.err	error counts
1	188603	193134.5	0	188603
2	51314	48283.6	0	51314
3	5882	12070.9	0	5882
4	798	3017.7	0	798
5	120	754.4	0	120
6	122	188.6	0	122
7	3564	47.2	0	3564
8	91	11.8	0	91
9	216	2.9	0	215 1
10	160	0.7	1	139 21
11	27	0.2	1	23 4
12	87	0.0	1	82 5
13	19	0.0	1	13 6
14	81	0.0	1	72 9
15	33	0.0	1	30 3
16	31	0.0	1	26 5
17	70	0.0	1	56 14
18	22	0.0	1	19 3
19	51	0.0	1	46 5
20	98	0.0	1	90 8
21	37	0.0	1	30 7
22	55	0.0	1	51 4
23	69	0.0	1	63 6
24	451	0.0	1	435 16
25	34	0.0	1	29 5
26	83	0.0	1	70 13
27	58	0.0	1	53 5
28	86	0.0	1	77 9
29	27	0.0	1	21 6
30	107	0.0	1	98 9
31	18	0.0	1	15 3
32	89	0.0	1	86 3
33	24	0.0	1	22 2
34	170	0.0	1	154 16
35	61	0.0	1	57 4
36	329	0.0	1	318 11
37	112	0.0	1	101 11
38	104	0.0	1	99 5
39	21	0.0	1	19 2
40	59	0.0	1	57 2
41	63	0.0	1	61 2
42	48	0.0	1	48
43	89	0.0	1	80 9
44	54	0.0	1	53 1
45	147	0.0	1	137 10
46	70	0.0	1	65 5
47	61	0.0	1	58 3
48	53	0.0	1	49 4
49	50	0.0	1	47 3
50	32	0.0	1	27 5
51	37	0.0	1	33 4
52	21	0.0	1	20 1
53	50	0.0	1	50
54	72	0.0	1	71 1
55	36	0.0	1	30 6
56	76	0.0	1	74 2
57	114	0.0	1	111 3
58	77	0.0	1	76 1
59	29	0.0	1	28 1
60	55	0.0	1	52 3
61	29	0.0	1	29
62	12	0.0	1	11 1
63	68	0.0	1	63 5
64	18	0.0	1	18
65	8	0.0	1	7 1
66	6	0.0	1	6
67	14	0.0	1	12 2
68	12	0.0	1	11 1
69	20	0.0	1	20
70	10	0.0	1	9 1
71	7	0.0	1	6 1
72	18	0.0	1	15 3
73	23	0.0	1	20 3
74	30	0.0	1	25 5
75	39	0.0	1	32 7
76	67	0.0	1	54 13
77	83	0.0	1	61 22
78	120	0.0	1	91 29
79	161	0.0	1	110 51
80	239	0.0	1	200 39
81	113	0.0	1	83 30
82	68	0.0	1	52 16
83	32	0.0	1	22 10
84	30	0.0	1	19 11
85	17	0.0	1	13 4
86	18	0.0	1	11 7
87	15	0.0	1	8 7
88	14	0.0	1	8 6
89	17	0.0	1	12 5
90	7	0.0	1	4 3
91	9	0.0	1	2 7
92	10	0.0	1	7 3
93	15	0.0	1	7 8
94	177	0.0	1	171 6
95	13	0.0	1	11 2
96	13	0.0	1	11 2
97	10	0.0	1	8 2
98	7	0.0	1	4 3
99	3	0.0	1	2 1
100	7	0.0	1	7
101	2	0.0	1	1 1
102	12	0.0	1	10 2
103	4	0.0	1	4
104	5	0.0	1	4 1
105	6	0.0	1	3 3
106	6	0.0	1	2 4
107	3	0.0	1	2 1
108	1	0.0	1	1
109	4	0.0	1	1 3
110	3	0.0	1	3
111	17	0.0	1	10 7
112	6	0.0	1	6
113	3	0.0	1	2 1
114	5	0.0	1	4 1
115	3	0.0	1	2 1
117	3	0.0	1	2 1
118	2	0.0	1	1 1
119	3	0.0	1	1 2
120	1	0.0	1	1
122	3	0.0	1	1 2
123	2	0.0	1	1 1
124	1	0.0	1	1
126	9	0.0	1	6 3
127	22	0.0	1	21 1
128	4	0.0	1	3 1
130	2	0.0	1	0 2
131	2	0.0	1	1 1
132	4	0.0	1	0 4
133	2	0.0	1	2
134	5	0.0	1	3 2
135	6	0.0	1	2 4
136	4	0.0	1	3 1
137	3	0.0	1	2 1
138	1	0.0	1	1
139	3	0.0	1	1 2
140	2	0.0	1	1 1
141	4	0.0	1	4
142	1	0.0	1	1
143	6	0.0	1	4 2
145	2	0.0	1	0 2
146	2	0.0	1	1 1
147	3	0.0	1	2 1
149	2	0.0	1	1 1
150	1	0.0	1	1
151	2	0.0	1	0 2
152	1	0.0	1	1
153	1	0.0	1	0 1
154	1	0.0	1	0 1
155	2	0.0	1	1 1
156	2	0.0	1	1 1
157	2	0.0	1	2
158	1	0.0	1	0 1
160	1	0.0	1	0 1
162	1	0.0	1	0 1
164	3	0.0	1	3
165	1	0.0	1	1
166	4	0.0	1	2 2
167	1	0.0	1	1
168	1	0.0	1	1
169	3	0.0	1	2 1
170	1	0.0	1	0 1
172	2	0.0	1	2
173	2	0.0	1	2
174	1	0.0	1	0 1
175	5	0.0	1	4 1
177	1	0.0	1	1
178	1	0.0	1	0 1
181	4	0.0	1	4
182	1	0.0	1	1
185	1	0.0	1	1
186	3	0.0	1	3
187	1	0.0	1	1
190	1	0.0	1	1
191	2	0.0	1	2
195	1	0.0	1	1
196	1	0.0	1	1
197	1	0.0	1	1
201	1	0.0	1	1
203	2	0.0	1	2
206	1	0.0	1	1
207	1	0.0	1	1
209	4	0.0	1	3 1
210	1	0.0	1	1
212	3	0.0	1	3
213	1	0.0	1	1
214	1	0.0	1	1
215	5	0.0	1	5
217	1	0.0	1	1
242	1	0.0	1	0 1
250	2	0.0	1	0 2
251	70	0.0	1	0 70

RUN STATISTICS FOR INPUT FILE: SC2185/host_removal/SC2185_R2.fastq.gz
=============================================
772538 sequences processed in total
The length threshold of paired-end sequences gets evaluated later on (in the validation step)

Validate paired-end files SC2185_R1_trimmed.fq.gz and SC2185_R2_trimmed.fq.gz
file_1: SC2185_R1_trimmed.fq.gz, file_2: SC2185_R2_trimmed.fq.gz


>>>>> Now validing the length of the 2 paired-end infiles: SC2185_R1_trimmed.fq.gz and SC2185_R2_trimmed.fq.gz <<<<<
Writing validated paired-end Read 1 reads to SC2185_R1_val_1.fq.gz
Writing validated paired-end Read 2 reads to SC2185_R2_val_2.fq.gz

Total number of sequences analysed: 772538

Number of sequence pairs removed because at least one read was shorter than the length cutoff (20 bp): 2267 (0.29%)


  >>> Now running FastQC on the validated data SC2185_R1_val_1.fq.gz<<<

Started analysis of SC2185_R1_val_1.fq.gz
Approx 5% complete for SC2185_R1_val_1.fq.gz
Approx 10% complete for SC2185_R1_val_1.fq.gz
Approx 15% complete for SC2185_R1_val_1.fq.gz
Approx 20% complete for SC2185_R1_val_1.fq.gz
Approx 25% complete for SC2185_R1_val_1.fq.gz
Approx 30% complete for SC2185_R1_val_1.fq.gz
Approx 35% complete for SC2185_R1_val_1.fq.gz
Approx 40% complete for SC2185_R1_val_1.fq.gz
Approx 45% complete for SC2185_R1_val_1.fq.gz
Approx 50% complete for SC2185_R1_val_1.fq.gz
Approx 55% complete for SC2185_R1_val_1.fq.gz
Approx 60% complete for SC2185_R1_val_1.fq.gz
Approx 65% complete for SC2185_R1_val_1.fq.gz
Approx 70% complete for SC2185_R1_val_1.fq.gz
Approx 75% complete for SC2185_R1_val_1.fq.gz
Approx 80% complete for SC2185_R1_val_1.fq.gz
Approx 85% complete for SC2185_R1_val_1.fq.gz
Approx 90% complete for SC2185_R1_val_1.fq.gz
Approx 95% complete for SC2185_R1_val_1.fq.gz

  >>> Now running FastQC on the validated data SC2185_R2_val_2.fq.gz<<<

Started analysis of SC2185_R2_val_2.fq.gz
Approx 5% complete for SC2185_R2_val_2.fq.gz
Approx 10% complete for SC2185_R2_val_2.fq.gz
Approx 15% complete for SC2185_R2_val_2.fq.gz
Approx 20% complete for SC2185_R2_val_2.fq.gz
Approx 25% complete for SC2185_R2_val_2.fq.gz
Approx 30% complete for SC2185_R2_val_2.fq.gz
Approx 35% complete for SC2185_R2_val_2.fq.gz
Approx 40% complete for SC2185_R2_val_2.fq.gz
Approx 45% complete for SC2185_R2_val_2.fq.gz
Approx 50% complete for SC2185_R2_val_2.fq.gz
Approx 55% complete for SC2185_R2_val_2.fq.gz
Approx 60% complete for SC2185_R2_val_2.fq.gz
Approx 65% complete for SC2185_R2_val_2.fq.gz
Approx 70% complete for SC2185_R2_val_2.fq.gz
Approx 75% complete for SC2185_R2_val_2.fq.gz
Approx 80% complete for SC2185_R2_val_2.fq.gz
Approx 85% complete for SC2185_R2_val_2.fq.gz
Approx 90% complete for SC2185_R2_val_2.fq.gz
Approx 95% complete for SC2185_R2_val_2.fq.gz
Deleting both intermediate output files SC2185_R1_trimmed.fq.gz and SC2185_R2_trimmed.fq.gz

====================================================================================================

