[M::bwa_idx_load_from_disk] read 0 ALT contigs
[M::process] read 79682 sequences (20000182 bp)...
[M::process] read 79682 sequences (20000182 bp)...
[M::mem_pestat] # candidate unique pairs for (FF, FR, RF, RR): (4, 32004, 25, 9)
[M::mem_pestat] skip orientation FF as there are not enough pairs
[M::mem_pestat] analyzing insert size distribution for orientation FR...
[M::mem_pestat] (25, 50, 75) percentile: (209, 297, 382)
[M::mem_pestat] low and high boundaries for computing mean and std.dev: (1, 728)
[M::mem_pestat] mean and std.dev: (293.84, 111.45)
[M::mem_pestat] low and high boundaries for proper pairs: (1, 901)
[M::mem_pestat] analyzing insert size distribution for orientation RF...
[M::mem_pestat] (25, 50, 75) percentile: (861, 1002, 3699)
[M::mem_pestat] low and high boundaries for computing mean and std.dev: (1, 9375)
[M::mem_pestat] mean and std.dev: (2003.68, 1955.33)
[M::mem_pestat] low and high boundaries for proper pairs: (1, 12213)
[M::mem_pestat] skip orientation RR as there are not enough pairs
[M::mem_pestat] skip orientation RF
[M::mem_process_seqs] Processed 79682 reads in 51.944 CPU sec, 28.297 real sec
[M::process] read 79682 sequences (20000182 bp)...
[M::mem_pestat] # candidate unique pairs for (FF, FR, RF, RR): (9, 32212, 14, 13)
[M::mem_pestat] skip orientation FF as there are not enough pairs
[M::mem_pestat] analyzing insert size distribution for orientation FR...
[M::mem_pestat] (25, 50, 75) percentile: (209, 297, 382)
[M::mem_pestat] low and high boundaries for computing mean and std.dev: (1, 728)
[M::mem_pestat] mean and std.dev: (291.76, 109.46)
[M::mem_pestat] low and high boundaries for proper pairs: (1, 901)
[M::mem_pestat] analyzing insert size distribution for orientation RF...
[M::mem_pestat] (25, 50, 75) percentile: (184, 1545, 4082)
[M::mem_pestat] low and high boundaries for computing mean and std.dev: (1, 11878)
[M::mem_pestat] mean and std.dev: (2181.93, 2206.42)
[M::mem_pestat] low and high boundaries for proper pairs: (1, 15776)
[M::mem_pestat] analyzing insert size distribution for orientation RR...
[M::mem_pestat] (25, 50, 75) percentile: (1835, 4061, 7890)
[M::mem_pestat] low and high boundaries for computing mean and std.dev: (1, 20000)
[M::mem_pestat] mean and std.dev: (3994.54, 2987.93)
[M::mem_pestat] low and high boundaries for proper pairs: (1, 26055)
[M::mem_pestat] skip orientation RF
[M::mem_pestat] skip orientation RR
[M::mem_process_seqs] Processed 79682 reads in 50.922 CPU sec, 25.269 real sec
[M::process] read 79682 sequences (20000182 bp)...
[M::mem_pestat] # candidate unique pairs for (FF, FR, RF, RR): (10, 31842, 21, 6)
[M::mem_pestat] analyzing insert size distribution for orientation FF...
[M::mem_pestat] (25, 50, 75) percentile: (613, 4824, 6062)
[M::mem_pestat] low and high boundaries for computing mean and std.dev: (1, 16960)
[M::mem_pestat] mean and std.dev: (3596.40, 3277.90)
[M::mem_pestat] low and high boundaries for proper pairs: (1, 22409)
[M::mem_pestat] analyzing insert size distribution for orientation FR...
[M::mem_pestat] (25, 50, 75) percentile: (209, 297, 382)
[M::mem_pestat] low and high boundaries for computing mean and std.dev: (1, 728)
[M::mem_pestat] mean and std.dev: (291.97, 111.40)
[M::mem_pestat] low and high boundaries for proper pairs: (1, 901)
[M::mem_pestat] analyzing insert size distribution for orientation RF...
[M::mem_pestat] (25, 50, 75) percentile: (316, 860, 2827)
[M::mem_pestat] low and high boundaries for computing mean and std.dev: (1, 7849)
[M::mem_pestat] mean and std.dev: (1783.52, 1701.62)
[M::mem_pestat] low and high boundaries for proper pairs: (1, 10360)
[M::mem_pestat] skip orientation RR as there are not enough pairs
[M::mem_pestat] skip orientation FF
[M::mem_pestat] skip orientation RF
[M::mem_process_seqs] Processed 79682 reads in 51.605 CPU sec, 25.616 real sec
[M::process] read 79682 sequences (20000182 bp)...
[M::mem_pestat] # candidate unique pairs for (FF, FR, RF, RR): (6, 32018, 19, 13)
[M::mem_pestat] skip orientation FF as there are not enough pairs
[M::mem_pestat] analyzing insert size distribution for orientation FR...
[M::mem_pestat] (25, 50, 75) percentile: (209, 297, 382)
[M::mem_pestat] low and high boundaries for computing mean and std.dev: (1, 728)
[M::mem_pestat] mean and std.dev: (291.08, 111.28)
[M::mem_pestat] low and high boundaries for proper pairs: (1, 901)
[M::mem_pestat] analyzing insert size distribution for orientation RF...
[M::mem_pestat] (25, 50, 75) percentile: (151, 625, 2771)
[M::mem_pestat] low and high boundaries for computing mean and std.dev: (1, 8011)
[M::mem_pestat] mean and std.dev: (1589.06, 1995.33)
[M::mem_pestat] low and high boundaries for proper pairs: (1, 10631)
[M::mem_pestat] analyzing insert size distribution for orientation RR...
[M::mem_pestat] (25, 50, 75) percentile: (2429, 2429, 4061)
[M::mem_pestat] low and high boundaries for computing mean and std.dev: (1, 7325)
[M::mem_pestat] mean and std.dev: (2728.17, 1207.70)
[M::mem_pestat] low and high boundaries for proper pairs: (1, 8957)
[M::mem_pestat] skip orientation RF
[M::mem_pestat] skip orientation RR
[M::mem_process_seqs] Processed 79682 reads in 52.304 CPU sec, 25.954 real sec
[M::process] read 79682 sequences (20000182 bp)...
[M::mem_pestat] # candidate unique pairs for (FF, FR, RF, RR): (8, 31845, 19, 17)
[M::mem_pestat] skip orientation FF as there are not enough pairs
[M::mem_pestat] analyzing insert size distribution for orientation FR...
[M::mem_pestat] (25, 50, 75) percentile: (209, 297, 382)
[M::mem_pestat] low and high boundaries for computing mean and std.dev: (1, 728)
[M::mem_pestat] mean and std.dev: (290.23, 109.87)
[M::mem_pestat] low and high boundaries for proper pairs: (1, 901)
[M::mem_pestat] analyzing insert size distribution for orientation RF...
[M::mem_pestat] (25, 50, 75) percentile: (349, 600, 935)
[M::mem_pestat] low and high boundaries for computing mean and std.dev: (1, 2107)
[M::mem_pestat] mean and std.dev: (549.62, 305.21)
[M::mem_pestat] low and high boundaries for proper pairs: (1, 2693)
[M::mem_pestat] analyzing insert size distribution for orientation RR...
[M::mem_pestat] (25, 50, 75) percentile: (613, 2429, 9000)
[M::mem_pestat] low and high boundaries for computing mean and std.dev: (1, 25774)
[M::mem_pestat] mean and std.dev: (3668.35, 3359.35)
[M::mem_pestat] low and high boundaries for proper pairs: (1, 34161)
[M::mem_pestat] skip orientation RF
[M::mem_pestat] skip orientation RR
[M::mem_process_seqs] Processed 79682 reads in 52.559 CPU sec, 26.066 real sec
[M::process] read 79682 sequences (20000182 bp)...
[M::mem_pestat] # candidate unique pairs for (FF, FR, RF, RR): (9, 32196, 17, 17)
[M::mem_pestat] skip orientation FF as there are not enough pairs
[M::mem_pestat] analyzing insert size distribution for orientation FR...
[M::mem_pestat] (25, 50, 75) percentile: (209, 297, 382)
[M::mem_pestat] low and high boundaries for computing mean and std.dev: (1, 728)
[M::mem_pestat] mean and std.dev: (293.56, 113.12)
[M::mem_pestat] low and high boundaries for proper pairs: (1, 901)
[M::mem_pestat] analyzing insert size distribution for orientation RF...
[M::mem_pestat] (25, 50, 75) percentile: (568, 860, 4082)
[M::mem_pestat] low and high boundaries for computing mean and std.dev: (1, 11110)
[M::mem_pestat] mean and std.dev: (1748.59, 1712.66)
[M::mem_pestat] low and high boundaries for proper pairs: (1, 14624)
[M::mem_pestat] analyzing insert size distribution for orientation RR...
[M::mem_pestat] (25, 50, 75) percentile: (1834, 2430, 4824)
[M::mem_pestat] low and high boundaries for computing mean and std.dev: (1, 10804)
[M::mem_pestat] mean and std.dev: (3375.94, 2179.57)
[M::mem_pestat] low and high boundaries for proper pairs: (1, 13794)
[M::mem_pestat] skip orientation RF
[M::mem_pestat] skip orientation RR
[M::mem_process_seqs] Processed 79682 reads in 50.218 CPU sec, 24.918 real sec
[M::process] read 79682 sequences (20000182 bp)...
[M::mem_pestat] # candidate unique pairs for (FF, FR, RF, RR): (6, 32258, 14, 14)
[M::mem_pestat] skip orientation FF as there are not enough pairs
[M::mem_pestat] analyzing insert size distribution for orientation FR...
[M::mem_pestat] (25, 50, 75) percentile: (209, 297, 382)
[M::mem_pestat] low and high boundaries for computing mean and std.dev: (1, 728)
[M::mem_pestat] mean and std.dev: (292.49, 108.12)
[M::mem_pestat] low and high boundaries for proper pairs: (1, 901)
[M::mem_pestat] analyzing insert size distribution for orientation RF...
[M::mem_pestat] (25, 50, 75) percentile: (568, 876, 3776)
[M::mem_pestat] low and high boundaries for computing mean and std.dev: (1, 10192)
[M::mem_pestat] mean and std.dev: (2415.50, 2700.59)
[M::mem_pestat] low and high boundaries for proper pairs: (1, 13400)
[M::mem_pestat] analyzing insert size distribution for orientation RR...
[M::mem_pestat] (25, 50, 75) percentile: (1757, 2429, 5716)
[M::mem_pestat] low and high boundaries for computing mean and std.dev: (1, 13634)
[M::mem_pestat] mean and std.dev: (3614.50, 2526.87)
[M::mem_pestat] low and high boundaries for proper pairs: (1, 17593)
[M::mem_pestat] skip orientation RF
[M::mem_pestat] skip orientation RR
[M::mem_process_seqs] Processed 79682 reads in 49.885 CPU sec, 24.748 real sec
[M::process] read 79682 sequences (20000182 bp)...
[M::mem_pestat] # candidate unique pairs for (FF, FR, RF, RR): (9, 31953, 18, 10)
[M::mem_pestat] skip orientation FF as there are not enough pairs
[M::mem_pestat] analyzing insert size distribution for orientation FR...
[M::mem_pestat] (25, 50, 75) percentile: (209, 301, 382)
[M::mem_pestat] low and high boundaries for computing mean and std.dev: (1, 728)
[M::mem_pestat] mean and std.dev: (295.40, 111.80)
[M::mem_pestat] low and high boundaries for proper pairs: (1, 901)
[M::mem_pestat] analyzing insert size distribution for orientation RF...
[M::mem_pestat] (25, 50, 75) percentile: (206, 860, 2187)
[M::mem_pestat] low and high boundaries for computing mean and std.dev: (1, 6149)
[M::mem_pestat] mean and std.dev: (1406.67, 1477.40)
[M::mem_pestat] low and high boundaries for proper pairs: (1, 8130)
[M::mem_pestat] analyzing insert size distribution for orientation RR...
[M::mem_pestat] (25, 50, 75) percentile: (2429, 4824, 4824)
[M::mem_pestat] low and high boundaries for computing mean and std.dev: (1, 9614)
[M::mem_pestat] mean and std.dev: (4021.67, 1933.33)
[M::mem_pestat] low and high boundaries for proper pairs: (1, 12009)
[M::mem_pestat] skip orientation RF
[M::mem_pestat] skip orientation RR
[M::mem_process_seqs] Processed 79682 reads in 51.867 CPU sec, 25.741 real sec
[M::process] read 79682 sequences (20000182 bp)...
[M::mem_pestat] # candidate unique pairs for (FF, FR, RF, RR): (11, 32271, 18, 11)
[M::mem_pestat] analyzing insert size distribution for orientation FF...
[M::mem_pestat] (25, 50, 75) percentile: (4823, 5221, 9000)
[M::mem_pestat] low and high boundaries for computing mean and std.dev: (1, 17354)
[M::mem_pestat] mean and std.dev: (5612.91, 2611.49)
[M::mem_pestat] low and high boundaries for proper pairs: (1, 21531)
[M::mem_pestat] analyzing insert size distribution for orientation FR...
[M::mem_pestat] (25, 50, 75) percentile: (209, 297, 382)
[M::mem_pestat] low and high boundaries for computing mean and std.dev: (1, 728)
[M::mem_pestat] mean and std.dev: (292.05, 110.29)
[M::mem_pestat] low and high boundaries for proper pairs: (1, 901)
[M::mem_pestat] analyzing insert size distribution for orientation RF...
[M::mem_pestat] (25, 50, 75) percentile: (93, 924, 2700)
[M::mem_pestat] low and high boundaries for computing mean and std.dev: (1, 7914)
[M::mem_pestat] mean and std.dev: (1508.47, 2000.91)
[M::mem_pestat] low and high boundaries for proper pairs: (1, 10521)
[M::mem_pestat] analyzing insert size distribution for orientation RR...
[M::mem_pestat] (25, 50, 75) percentile: (1048, 4485, 6115)
[M::mem_pestat] low and high boundaries for computing mean and std.dev: (1, 16249)
[M::mem_pestat] mean and std.dev: (3916.00, 2862.79)
[M::mem_pestat] low and high boundaries for proper pairs: (1, 21316)
[M::mem_pestat] skip orientation FF
[M::mem_pestat] skip orientation RF
[M::mem_pestat] skip orientation RR
[M::mem_process_seqs] Processed 79682 reads in 50.559 CPU sec, 25.087 real sec
[M::process] read 79682 sequences (20000182 bp)...
[M::mem_pestat] # candidate unique pairs for (FF, FR, RF, RR): (5, 32140, 17, 11)
[M::mem_pestat] skip orientation FF as there are not enough pairs
[M::mem_pestat] analyzing insert size distribution for orientation FR...
[M::mem_pestat] (25, 50, 75) percentile: (209, 297, 382)
[M::mem_pestat] low and high boundaries for computing mean and std.dev: (1, 728)
[M::mem_pestat] mean and std.dev: (292.26, 110.54)
[M::mem_pestat] low and high boundaries for proper pairs: (1, 901)
[M::mem_pestat] analyzing insert size distribution for orientation RF...
[M::mem_pestat] (25, 50, 75) percentile: (175, 1002, 4704)
[M::mem_pestat] low and high boundaries for computing mean and std.dev: (1, 13762)
[M::mem_pestat] mean and std.dev: (2003.65, 2321.90)
[M::mem_pestat] low and high boundaries for proper pairs: (1, 18291)
[M::mem_pestat] analyzing insert size distribution for orientation RR...
[M::mem_pestat] (25, 50, 75) percentile: (1595, 1835, 4824)
[M::mem_pestat] low and high boundaries for computing mean and std.dev: (1, 11282)
[M::mem_pestat] mean and std.dev: (3119.36, 2535.32)
[M::mem_pestat] low and high boundaries for proper pairs: (1, 14511)
[M::mem_pestat] skip orientation RF
[M::mem_pestat] skip orientation RR
[M::mem_process_seqs] Processed 79682 reads in 54.647 CPU sec, 27.137 real sec
[M::process] read 79682 sequences (20000182 bp)...
[M::mem_pestat] # candidate unique pairs for (FF, FR, RF, RR): (7, 32175, 26, 12)
[M::mem_pestat] skip orientation FF as there are not enough pairs
[M::mem_pestat] analyzing insert size distribution for orientation FR...
[M::mem_pestat] (25, 50, 75) percentile: (209, 297, 382)
[M::mem_pestat] low and high boundaries for computing mean and std.dev: (1, 728)
[M::mem_pestat] mean and std.dev: (292.08, 112.58)
[M::mem_pestat] low and high boundaries for proper pairs: (1, 901)
[M::mem_pestat] analyzing insert size distribution for orientation RF...
[M::mem_pestat] (25, 50, 75) percentile: (135, 591, 2319)
[M::mem_pestat] low and high boundaries for computing mean and std.dev: (1, 6687)
[M::mem_pestat] mean and std.dev: (1418.15, 1714.28)
[M::mem_pestat] low and high boundaries for proper pairs: (1, 8871)
[M::mem_pestat] analyzing insert size distribution for orientation RR...
[M::mem_pestat] (25, 50, 75) percentile: (1221, 1835, 7087)
[M::mem_pestat] low and high boundaries for computing mean and std.dev: (1, 18819)
[M::mem_pestat] mean and std.dev: (3280.92, 2868.95)
[M::mem_pestat] low and high boundaries for proper pairs: (1, 24685)
[M::mem_pestat] skip orientation RF
[M::mem_pestat] skip orientation RR
[M::mem_process_seqs] Processed 79682 reads in 53.200 CPU sec, 26.464 real sec
[M::process] read 79682 sequences (20000182 bp)...
[M::mem_pestat] # candidate unique pairs for (FF, FR, RF, RR): (5, 31983, 25, 14)
[M::mem_pestat] skip orientation FF as there are not enough pairs
[M::mem_pestat] analyzing insert size distribution for orientation FR...
[M::mem_pestat] (25, 50, 75) percentile: (209, 297, 382)
[M::mem_pestat] low and high boundaries for computing mean and std.dev: (1, 728)
[M::mem_pestat] mean and std.dev: (292.44, 108.62)
[M::mem_pestat] low and high boundaries for proper pairs: (1, 901)
[M::mem_pestat] analyzing insert size distribution for orientation RF...
[M::mem_pestat] (25, 50, 75) percentile: (44, 236, 1440)
[M::mem_pestat] low and high boundaries for computing mean and std.dev: (1, 4232)
[M::mem_pestat] mean and std.dev: (380.24, 462.90)
[M::mem_pestat] low and high boundaries for proper pairs: (1, 5628)
[M::mem_pestat] analyzing insert size distribution for orientation RR...
[M::mem_pestat] (25, 50, 75) percentile: (617, 1834, 4061)
[M::mem_pestat] low and high boundaries for computing mean and std.dev: (1, 10949)
[M::mem_pestat] mean and std.dev: (2701.36, 2301.43)
[M::mem_pestat] low and high boundaries for proper pairs: (1, 14393)
[M::mem_pestat] skip orientation RF
[M::mem_pestat] skip orientation RR
[M::mem_process_seqs] Processed 79682 reads in 55.201 CPU sec, 27.410 real sec
[M::process] read 79682 sequences (20000182 bp)...
[M::mem_pestat] # candidate unique pairs for (FF, FR, RF, RR): (7, 32285, 24, 13)
[M::mem_pestat] skip orientation FF as there are not enough pairs
[M::mem_pestat] analyzing insert size distribution for orientation FR...
[M::mem_pestat] (25, 50, 75) percentile: (209, 301, 382)
[M::mem_pestat] low and high boundaries for computing mean and std.dev: (1, 728)
[M::mem_pestat] mean and std.dev: (294.19, 112.08)
[M::mem_pestat] low and high boundaries for proper pairs: (1, 901)
[M::mem_pestat] analyzing insert size distribution for orientation RF...
[M::mem_pestat] (25, 50, 75) percentile: (590, 860, 1655)
[M::mem_pestat] low and high boundaries for computing mean and std.dev: (1, 3785)
[M::mem_pestat] mean and std.dev: (854.45, 690.35)
[M::mem_pestat] low and high boundaries for proper pairs: (1, 4850)
[M::mem_pestat] analyzing insert size distribution for orientation RR...
[M::mem_pestat] (25, 50, 75) percentile: (1221, 2429, 4824)
[M::mem_pestat] low and high boundaries for computing mean and std.dev: (1, 12030)
[M::mem_pestat] mean and std.dev: (2813.46, 2244.26)
[M::mem_pestat] low and high boundaries for proper pairs: (1, 15633)
[M::mem_pestat] skip orientation RF
[M::mem_pestat] skip orientation RR
[M::mem_process_seqs] Processed 79682 reads in 49.010 CPU sec, 24.301 real sec
[M::process] read 79682 sequences (20000182 bp)...
[M::mem_pestat] # candidate unique pairs for (FF, FR, RF, RR): (9, 32095, 19, 16)
[M::mem_pestat] skip orientation FF as there are not enough pairs
[M::mem_pestat] analyzing insert size distribution for orientation FR...
[M::mem_pestat] (25, 50, 75) percentile: (209, 297, 382)
[M::mem_pestat] low and high boundaries for computing mean and std.dev: (1, 728)
[M::mem_pestat] mean and std.dev: (290.63, 110.75)
[M::mem_pestat] low and high boundaries for proper pairs: (1, 901)
[M::mem_pestat] analyzing insert size distribution for orientation RF...
[M::mem_pestat] (25, 50, 75) percentile: (272, 590, 4985)
[M::mem_pestat] low and high boundaries for computing mean and std.dev: (1, 14411)
[M::mem_pestat] mean and std.dev: (2135.74, 2790.39)
[M::mem_pestat] low and high boundaries for proper pairs: (1, 19124)
[M::mem_pestat] analyzing insert size distribution for orientation RR...
[M::mem_pestat] (25, 50, 75) percentile: (2429, 4747, 9000)
[M::mem_pestat] low and high boundaries for computing mean and std.dev: (1, 22142)
[M::mem_pestat] mean and std.dev: (4579.62, 3222.28)
[M::mem_pestat] low and high boundaries for proper pairs: (1, 28713)
[M::mem_pestat] skip orientation RF
[M::mem_pestat] skip orientation RR
[M::mem_process_seqs] Processed 79682 reads in 49.712 CPU sec, 24.666 real sec
[M::process] read 79682 sequences (20000182 bp)...
[M::mem_pestat] # candidate unique pairs for (FF, FR, RF, RR): (9, 32064, 21, 15)
[M::mem_pestat] skip orientation FF as there are not enough pairs
[M::mem_pestat] analyzing insert size distribution for orientation FR...
[M::mem_pestat] (25, 50, 75) percentile: (209, 297, 382)
[M::mem_pestat] low and high boundaries for computing mean and std.dev: (1, 728)
[M::mem_pestat] mean and std.dev: (293.64, 111.39)
[M::mem_pestat] low and high boundaries for proper pairs: (1, 901)
[M::mem_pestat] analyzing insert size distribution for orientation RF...
[M::mem_pestat] (25, 50, 75) percentile: (166, 872, 4256)
[M::mem_pestat] low and high boundaries for computing mean and std.dev: (1, 12436)
[M::mem_pestat] mean and std.dev: (2073.90, 2361.83)
[M::mem_pestat] low and high boundaries for proper pairs: (1, 16526)
[M::mem_pestat] analyzing insert size distribution for orientation RR...
[M::mem_pestat] (25, 50, 75) percentile: (2389, 4824, 7087)
[M::mem_pestat] low and high boundaries for computing mean and std.dev: (1, 16483)
[M::mem_pestat] mean and std.dev: (4562.47, 2948.35)
[M::mem_pestat] low and high boundaries for proper pairs: (1, 21181)
[M::mem_pestat] skip orientation RF
[M::mem_pestat] skip orientation RR
[M::mem_process_seqs] Processed 79682 reads in 56.177 CPU sec, 27.901 real sec
[M::process] read 79682 sequences (20000182 bp)...
[M::mem_pestat] # candidate unique pairs for (FF, FR, RF, RR): (9, 32355, 24, 15)
[M::mem_pestat] skip orientation FF as there are not enough pairs
[M::mem_pestat] analyzing insert size distribution for orientation FR...
[M::mem_pestat] (25, 50, 75) percentile: (209, 297, 382)
[M::mem_pestat] low and high boundaries for computing mean and std.dev: (1, 728)
[M::mem_pestat] mean and std.dev: (291.58, 111.83)
[M::mem_pestat] low and high boundaries for proper pairs: (1, 901)
[M::mem_pestat] analyzing insert size distribution for orientation RF...
[M::mem_pestat] (25, 50, 75) percentile: (590, 872, 2759)
[M::mem_pestat] low and high boundaries for computing mean and std.dev: (1, 7097)
[M::mem_pestat] mean and std.dev: (1620.29, 1653.31)
[M::mem_pestat] low and high boundaries for proper pairs: (1, 9266)
[M::mem_pestat] analyzing insert size distribution for orientation RR...
[M::mem_pestat] (25, 50, 75) percentile: (1834, 2429, 6270)
[M::mem_pestat] low and high boundaries for computing mean and std.dev: (1, 15142)
[M::mem_pestat] mean and std.dev: (3752.40, 2741.58)
[M::mem_pestat] low and high boundaries for proper pairs: (1, 19578)
[M::mem_pestat] skip orientation RF
[M::mem_pestat] skip orientation RR
[M::mem_process_seqs] Processed 79682 reads in 54.898 CPU sec, 27.254 real sec
[M::process] read 79682 sequences (20000182 bp)...
[M::mem_pestat] # candidate unique pairs for (FF, FR, RF, RR): (11, 32177, 21, 14)
[M::mem_pestat] analyzing insert size distribution for orientation FF...
[M::mem_pestat] (25, 50, 75) percentile: (4061, 4824, 4824)
[M::mem_pestat] low and high boundaries for computing mean and std.dev: (2535, 6350)
[M::mem_pestat] mean and std.dev: (4599.33, 321.85)
[M::mem_pestat] low and high boundaries for proper pairs: (1772, 7113)
[M::mem_pestat] analyzing insert size distribution for orientation FR...
[M::mem_pestat] (25, 50, 75) percentile: (209, 297, 382)
[M::mem_pestat] low and high boundaries for computing mean and std.dev: (1, 728)
[M::mem_pestat] mean and std.dev: (291.47, 111.04)
[M::mem_pestat] low and high boundaries for proper pairs: (1, 901)
[M::mem_pestat] analyzing insert size distribution for orientation RF...
[M::mem_pestat] (25, 50, 75) percentile: (68, 600, 1426)
[M::mem_pestat] low and high boundaries for computing mean and std.dev: (1, 4142)
[M::mem_pestat] mean and std.dev: (659.56, 818.65)
[M::mem_pestat] low and high boundaries for proper pairs: (1, 5500)
[M::mem_pestat] analyzing insert size distribution for orientation RR...
[M::mem_pestat] (25, 50, 75) percentile: (1834, 4061, 4824)
[M::mem_pestat] low and high boundaries for computing mean and std.dev: (1, 10804)
[M::mem_pestat] mean and std.dev: (3765.00, 2775.52)
[M::mem_pestat] low and high boundaries for proper pairs: (1, 14867)
[M::mem_pestat] skip orientation FF
[M::mem_pestat] skip orientation RF
[M::mem_pestat] skip orientation RR
[M::mem_process_seqs] Processed 79682 reads in 64.373 CPU sec, 31.943 real sec
[M::process] read 71122 sequences (17851622 bp)...
[M::mem_pestat] # candidate unique pairs for (FF, FR, RF, RR): (10, 32035, 14, 9)
[M::mem_pestat] analyzing insert size distribution for orientation FF...
[M::mem_pestat] (25, 50, 75) percentile: (2429, 4824, 6271)
[M::mem_pestat] low and high boundaries for computing mean and std.dev: (1, 13955)
[M::mem_pestat] mean and std.dev: (4667.30, 2382.53)
[M::mem_pestat] low and high boundaries for proper pairs: (1, 17797)
[M::mem_pestat] analyzing insert size distribution for orientation FR...
[M::mem_pestat] (25, 50, 75) percentile: (209, 297, 382)
[M::mem_pestat] low and high boundaries for computing mean and std.dev: (1, 728)
[M::mem_pestat] mean and std.dev: (293.53, 112.78)
[M::mem_pestat] low and high boundaries for proper pairs: (1, 901)
[M::mem_pestat] analyzing insert size distribution for orientation RF...
[M::mem_pestat] (25, 50, 75) percentile: (590, 860, 1002)
[M::mem_pestat] low and high boundaries for computing mean and std.dev: (1, 1826)
[M::mem_pestat] mean and std.dev: (688.42, 364.83)
[M::mem_pestat] low and high boundaries for proper pairs: (1, 2238)
[M::mem_pestat] skip orientation RR as there are not enough pairs
[M::mem_pestat] skip orientation FF
[M::mem_pestat] skip orientation RF
[M::mem_process_seqs] Processed 79682 reads in 71.578 CPU sec, 35.595 real sec
[M::mem_pestat] # candidate unique pairs for (FF, FR, RF, RR): (8, 28740, 17, 9)
[M::mem_pestat] skip orientation FF as there are not enough pairs
[M::mem_pestat] analyzing insert size distribution for orientation FR...
[M::mem_pestat] (25, 50, 75) percentile: (209, 297, 382)
[M::mem_pestat] low and high boundaries for computing mean and std.dev: (1, 728)
[M::mem_pestat] mean and std.dev: (291.39, 108.93)
[M::mem_pestat] low and high boundaries for proper pairs: (1, 901)
[M::mem_pestat] analyzing insert size distribution for orientation RF...
[M::mem_pestat] (25, 50, 75) percentile: (184, 860, 2621)
[M::mem_pestat] low and high boundaries for computing mean and std.dev: (1, 7495)
[M::mem_pestat] mean and std.dev: (1356.18, 1281.79)
[M::mem_pestat] low and high boundaries for proper pairs: (1, 9932)
[M::mem_pestat] skip orientation RR as there are not enough pairs
[M::mem_pestat] skip orientation RF
[M::mem_process_seqs] Processed 71122 reads in 55.461 CPU sec, 27.651 real sec
[main] Version: 0.7.17-r1188
[main] CMD: bwa mem -t 2 /workspace/home/nasirja/covid-19-signal/data/composite_human_viral_reference.fna SC2265/raw_fastq/SC2265_R1.fastq.gz SC2265/raw_fastq/SC2265_R2.fastq.gz
[main] Real time: 516.800 sec; CPU: 1030.536 sec
viral read count = 576348 (38.29%)
human read count = 892116 (59.26%) 
unmapped read count = 36934 (2.45%)
