================================================================================
breseq 0.35.0     http://barricklab.org/breseq

Active Developers: Barrick JE, Deatherage DE
Contact:           <jeffrey.e.barrick@gmail.com>

breseq is free software; you can redistribute it and/or modify it under the
terms the GNU General Public License as published by the Free Software 
Foundation; either version 2, or (at your option) any later version.

Copyright (c) 2008-2010 Michigan State University
Copyright (c) 2011-2017 The University of Texas at Austin

If you use breseq in your research, please cite:

  Deatherage, D.E., Barrick, J.E. (2014) Identification of mutations
  in laboratory-evolved microbes from next-generation sequencing
  data using breseq. Methods Mol. Biol. 1151: 165–188.

If you use structural variation (junction) predictions, please cite:

  Barrick, J.E., Colburn, G., Deatherage D.E., Traverse, C.C.,
  Strand, M.D., Borges, J.J., Knoester, D.B., Reba, A., Meyer, A.G. 
  (2014) Identifying structural variation in haploid microbial genomes 
  from short-read resequencing data using breseq. BMC Genomics 15:1039.
================================================================================
---> bowtie2  :: version 2.4.5 [/workspace/home/nasirja/covid-19-signal/.snakemake/conda/1f267c8dfdaa0356ebaad13adc66d00a/bin/bowtie2]
---> R        :: version 3.5.1 [/workspace/home/nasirja/covid-19-signal/.snakemake/conda/1f267c8dfdaa0356ebaad13adc66d00a/bin/R]
+++   NOW PROCESSING Read and reference sequence file input
  READ FILE::SC2246_R1
    Converting/filtering FASTQ file...
    Original base quality format: SANGER New format: SANGER
    Original reads: 268 bases: 30433
    Filtered reads: none
    Analyzed reads: 268 bases: 30433
  READ FILE::SC2246_R2
    Converting/filtering FASTQ file...
    Original base quality format: SANGER New format: SANGER
    Original reads: 268 bases: 30386
    Filtered reads: none
    Analyzed reads: 268 bases: 30386
  ::TOTAL::
    Original reads: 536 bases: 60819
    Analyzed reads: 536 bases: 60819
[samtools] faidx SC2246/breseq/data/reference.fasta
  REFERENCE: MN908947
  LENGTH: 29903
+++   NOW PROCESSING Read alignment to reference genome
[system] bowtie2-build -q SC2246/breseq/data/reference.fasta SC2246/breseq/02_reference_alignment/reference
Renaming SC2246/breseq/02_reference_alignment/reference.3.bt2.tmp to SC2246/breseq/02_reference_alignment/reference.3.bt2
Renaming SC2246/breseq/02_reference_alignment/reference.4.bt2.tmp to SC2246/breseq/02_reference_alignment/reference.4.bt2
Renaming SC2246/breseq/02_reference_alignment/reference.1.bt2.tmp to SC2246/breseq/02_reference_alignment/reference.1.bt2
Renaming SC2246/breseq/02_reference_alignment/reference.2.bt2.tmp to SC2246/breseq/02_reference_alignment/reference.2.bt2
Renaming SC2246/breseq/02_reference_alignment/reference.rev.1.bt2.tmp to SC2246/breseq/02_reference_alignment/reference.rev.1.bt2
Renaming SC2246/breseq/02_reference_alignment/reference.rev.2.bt2.tmp to SC2246/breseq/02_reference_alignment/reference.rev.2.bt2
[system] bowtie2 -t --no-unal -p 4 -L 31 --ma 1 --mp 3 --np 0 --rdg 2,3 --rfg 2,3 --ignore-quals --local -i S,1,0.25 --score-min L,1,0.9 -k 2000 --reorder -x SC2246/breseq/02_reference_alignment/reference -U SC2246/breseq/01_sequence_conversion/SC2246_R1.converted.fastq -S SC2246/breseq/02_reference_alignment/SC2246_R1.stage1.sam --un SC2246/breseq/02_reference_alignment/SC2246_R1.stage1.unmatched.fastq
Time loading reference: 00:00:00
Time loading forward index: 00:00:00
Time loading mirror index: 00:00:00
Multiseed full-index search: 00:00:00
268 reads; of these:
  268 (100.00%) were unpaired; of these:
    210 (78.36%) aligned 0 times
    58 (21.64%) aligned exactly 1 time
    0 (0.00%) aligned >1 times
21.64% overall alignment rate
Time searching: 00:00:00
Overall time: 00:00:00
[system] bowtie2 -t --no-unal -p 4 -L 16 --ma 1 --mp 3 --np 0 --rdg 2,3 --rfg 2,3 --ignore-quals --local -i S,1,0.25 --score-min L,6,0.2 -k 2000 --reorder -x SC2246/breseq/02_reference_alignment/reference -U SC2246/breseq/02_reference_alignment/SC2246_R1.stage1.unmatched.fastq -S SC2246/breseq/02_reference_alignment/SC2246_R1.stage2.matched.sam
Time loading reference: 00:00:00
Time loading forward index: 00:00:00
Time loading mirror index: 00:00:00
Multiseed full-index search: 00:00:00
210 reads; of these:
  210 (100.00%) were unpaired; of these:
    7 (3.33%) aligned 0 times
    14 (6.67%) aligned exactly 1 time
    189 (90.00%) aligned >1 times
96.67% overall alignment rate
Time searching: 00:00:00
Overall time: 00:00:00
[system] bowtie2 -t --no-unal -p 4 -L 31 --ma 1 --mp 3 --np 0 --rdg 2,3 --rfg 2,3 --ignore-quals --local -i S,1,0.25 --score-min L,1,0.9 -k 2000 --reorder -x SC2246/breseq/02_reference_alignment/reference -U SC2246/breseq/01_sequence_conversion/SC2246_R2.converted.fastq -S SC2246/breseq/02_reference_alignment/SC2246_R2.stage1.sam --un SC2246/breseq/02_reference_alignment/SC2246_R2.stage1.unmatched.fastq
Time loading reference: 00:00:00
Time loading forward index: 00:00:00
Time loading mirror index: 00:00:00
Multiseed full-index search: 00:00:00
268 reads; of these:
  268 (100.00%) were unpaired; of these:
    215 (80.22%) aligned 0 times
    53 (19.78%) aligned exactly 1 time
    0 (0.00%) aligned >1 times
19.78% overall alignment rate
Time searching: 00:00:00
Overall time: 00:00:00
[system] bowtie2 -t --no-unal -p 4 -L 16 --ma 1 --mp 3 --np 0 --rdg 2,3 --rfg 2,3 --ignore-quals --local -i S,1,0.25 --score-min L,6,0.2 -k 2000 --reorder -x SC2246/breseq/02_reference_alignment/reference -U SC2246/breseq/02_reference_alignment/SC2246_R2.stage1.unmatched.fastq -S SC2246/breseq/02_reference_alignment/SC2246_R2.stage2.matched.sam
Time loading reference: 00:00:00
Time loading forward index: 00:00:00
Time loading mirror index: 00:00:00
Multiseed full-index search: 00:00:00
215 reads; of these:
  215 (100.00%) were unpaired; of these:
    7 (3.26%) aligned 0 times
    15 (6.98%) aligned exactly 1 time
    193 (89.77%) aligned >1 times
96.74% overall alignment rate
Time searching: 00:00:00
Overall time: 00:00:00
[system] rm -f SC2246/breseq/02_reference_alignment/reference*
[system] rm -f SC2246/breseq/02_reference_alignment/SC2246_R1.stage1.unmatched.fastq
[system] rm -f SC2246/breseq/02_reference_alignment/SC2246_R1.stage1.sam
[system] rm -f SC2246/breseq/02_reference_alignment/SC2246_R1.stage2.matched.sam
[system] rm -f SC2246/breseq/02_reference_alignment/SC2246_R2.stage1.unmatched.fastq
[system] rm -f SC2246/breseq/02_reference_alignment/SC2246_R2.stage1.sam
[system] rm -f SC2246/breseq/02_reference_alignment/SC2246_R2.stage2.matched.sam
+++   NOW PROCESSING Preprocessing alignments for candidate junction identification
Preprocessing alignments.
  READ FILE::SC2246_R1
  READ FILE::SC2246_R2
  Summary... 
  Aligned reads:                                  524
  Read alignments:                               1239
  Alignments split on indels:                       4
  Reads with alignments split on indels:            4
  Split alignments:                              1105
  Reads with split alignments:                    386
+++   NOW PROCESSING Preliminary analysis of coverage distribution
[samtools] import SC2246/breseq/data/reference.fasta.fai SC2246/breseq/03_candidate_junctions/best.sam SC2246/breseq/03_candidate_junctions/best.unsorted.bam
[samtools] sort --threads 4 -o SC2246/breseq/03_candidate_junctions/best.bam -T SC2246/breseq/03_candidate_junctions/best.bam SC2246/breseq/03_candidate_junctions/best.unsorted.bam
[samtools] index SC2246/breseq/03_candidate_junctions/best.bam SC2246/breseq/03_candidate_junctions/best.bam.bai
  REFERENCE: MN908947
  LENGTH: 29903
    POSITION:10000
    POSITION:20000
[system] R --vanilla < /workspace/home/nasirja/covid-19-signal/.snakemake/conda/1f267c8dfdaa0356ebaad13adc66d00a/bin/../share/breseq/coverage_distribution.r > SC2246/breseq/03_candidate_junctions/0.unique_only_coverage_distribution.tab.r.log distribution_file=SC2246/breseq/03_candidate_junctions/0.unique_only_coverage_distribution.tab plot_file=SC2246/breseq/03_candidate_junctions/0.coverage.pdf deletion_propagation_pr_cutoff=0.000289143
[system] rm -f SC2246/breseq/03_candidate_junctions/best.unsorted.bam
[system] rm -f SC2246/breseq/03_candidate_junctions/best.sam
[system] rm -f SC2246/breseq/03_candidate_junctions/best.bam
[system] rm -f SC2246/breseq/03_candidate_junctions/best.bam.bai
[system] rm -f SC2246/breseq/03_candidate_junctions/0.coverage.pdf
[system] rm -f SC2246/breseq/03_candidate_junctions/0.unique_only_coverage_distribution.tab
[system] rm -f SC2246/breseq/03_candidate_junctions/0.unique_only_coverage_distribution.tab.r.log
+++   NOW PROCESSING Identifying junction candidates
  READ FILE::SC2246_R1
  READ FILE::SC2246_R2
  Passed alignment pairs examined: 286
  Taking top candidate junctions...
  Minimum number to keep:     100 
  Maximum number to keep:    5000 
  Maximum length to keep:    2990 bases
    Initial: Number = 27, Cumulative Length = 14146 bases
      Testing Pos Hash Score =    6, Num =      1, Length =    519
      Testing Pos Hash Score =    5, Num =      1, Length =    519
      Testing Pos Hash Score =    4, Num =      3, Length =   1559
      Testing Pos Hash Score =    3, Num =      4, Length =   2075 [Omitted Similar =      1]
      Testing Pos Hash Score =    2, Num =     17, Length =   8956
    Accepted: Number = 26, Pos Hash Score >= 2, Cumulative Length = 13628 bases
[samtools] faidx SC2246/breseq/03_candidate_junctions/candidate_junction.fasta
[system] rm -f SC2246/breseq/03_candidate_junctions/SC2246_R1.split.sam
[system] rm -f SC2246/breseq/03_candidate_junctions/SC2246_R2.split.sam
+++   NOW PROCESSING Re-alignment to junction candidates
[system] bowtie2-build -q SC2246/breseq/03_candidate_junctions/candidate_junction.fasta SC2246/breseq/04_candidate_junction_alignment/candidate_junction
Renaming SC2246/breseq/04_candidate_junction_alignment/candidate_junction.3.bt2.tmp to SC2246/breseq/04_candidate_junction_alignment/candidate_junction.3.bt2
Renaming SC2246/breseq/04_candidate_junction_alignment/candidate_junction.4.bt2.tmp to SC2246/breseq/04_candidate_junction_alignment/candidate_junction.4.bt2
Renaming SC2246/breseq/04_candidate_junction_alignment/candidate_junction.1.bt2.tmp to SC2246/breseq/04_candidate_junction_alignment/candidate_junction.1.bt2
Renaming SC2246/breseq/04_candidate_junction_alignment/candidate_junction.2.bt2.tmp to SC2246/breseq/04_candidate_junction_alignment/candidate_junction.2.bt2
Renaming SC2246/breseq/04_candidate_junction_alignment/candidate_junction.rev.1.bt2.tmp to SC2246/breseq/04_candidate_junction_alignment/candidate_junction.rev.1.bt2
Renaming SC2246/breseq/04_candidate_junction_alignment/candidate_junction.rev.2.bt2.tmp to SC2246/breseq/04_candidate_junction_alignment/candidate_junction.rev.2.bt2
[system] bowtie2 -t --no-unal -p 4 --local  -L 31 --ma 1 --mp 3 --np 0 --rdg 2,3 --rfg 2,3 --ignore-quals --local -i S,1,0.25 --score-min L,1,0.70 -k 2000 --reorder -x SC2246/breseq/04_candidate_junction_alignment/candidate_junction -U SC2246/breseq/01_sequence_conversion/SC2246_R1.converted.fastq -S SC2246/breseq/04_candidate_junction_alignment/SC2246_R1.candidate_junction.sam
Time loading reference: 00:00:00
Time loading forward index: 00:00:00
Time loading mirror index: 00:00:00
Multiseed full-index search: 00:00:00
268 reads; of these:
  268 (100.00%) were unpaired; of these:
    81 (30.22%) aligned 0 times
    39 (14.55%) aligned exactly 1 time
    148 (55.22%) aligned >1 times
69.78% overall alignment rate
Time searching: 00:00:00
Overall time: 00:00:00
[system] bowtie2 -t --no-unal -p 4 --local  -L 31 --ma 1 --mp 3 --np 0 --rdg 2,3 --rfg 2,3 --ignore-quals --local -i S,1,0.25 --score-min L,1,0.70 -k 2000 --reorder -x SC2246/breseq/04_candidate_junction_alignment/candidate_junction -U SC2246/breseq/01_sequence_conversion/SC2246_R2.converted.fastq -S SC2246/breseq/04_candidate_junction_alignment/SC2246_R2.candidate_junction.sam
Time loading reference: 00:00:00
Time loading forward index: 00:00:00
Time loading mirror index: 00:00:00
Multiseed full-index search: 00:00:00
268 reads; of these:
  268 (100.00%) were unpaired; of these:
    85 (31.72%) aligned 0 times
    36 (13.43%) aligned exactly 1 time
    147 (54.85%) aligned >1 times
68.28% overall alignment rate
Time searching: 00:00:00
Overall time: 00:00:00
[system] rm -f SC2246/breseq/04_candidate_junction_alignment/candidate_junction*
+++   NOW PROCESSING Resolving best read alignments
  READ FILE:SC2246_R1
  READ FILE:SC2246_R2
[system] rm -f SC2246/breseq/01_sequence_conversion/SC2246_R1.converted.fastq
[system] rm -f SC2246/breseq/01_sequence_conversion/SC2246_R2.converted.fastq
[system] rm -f SC2246/breseq/02_reference_alignment/SC2246_R1.reference.sam
[system] rm -f SC2246/breseq/02_reference_alignment/SC2246_R2.reference.sam
[system] rm -f SC2246/breseq/04_candidate_junction_alignment/SC2246_R1.candidate_junction.sam*
[system] rm -f SC2246/breseq/04_candidate_junction_alignment/SC2246_R2.candidate_junction.sam*
+++   NOW PROCESSING Creating BAM files
[samtools] import SC2246/breseq/03_candidate_junctions/candidate_junction.fasta.fai SC2246/breseq/05_alignment_correction/junction.sam SC2246/breseq/06_bam/junction.unsorted.bam
[samtools] sort --threads 4 -o SC2246/breseq/06_bam/junction.bam -T SC2246/breseq/06_bam/junction.bam SC2246/breseq/06_bam/junction.unsorted.bam
[system] rm -f SC2246/breseq/06_bam/junction.unsorted.bam
[samtools] index SC2246/breseq/06_bam/junction.bam SC2246/breseq/06_bam/junction.bam.bai
[samtools] import SC2246/breseq/data/reference.fasta.fai SC2246/breseq/05_alignment_correction/reference.sam SC2246/breseq/06_bam/reference.unsorted.bam
[samtools] sort --threads 4 -o SC2246/breseq/data/reference.bam -T SC2246/breseq/data/reference.bam SC2246/breseq/06_bam/reference.unsorted.bam
[system] rm -f SC2246/breseq/06_bam/reference.unsorted.bam
[samtools] index SC2246/breseq/data/reference.bam SC2246/breseq/data/reference.bam.bai
[system] rm -f SC2246/breseq/05_alignment_correction/reference.sam
[system] rm -f SC2246/breseq/05_alignment_correction/junction.sam
+++   NOW PROCESSING Tabulating error counts
  REFERENCE: MN908947
  LENGTH: 29903
    POSITION:10000
    POSITION:20000
+++   NOW PROCESSING Re-calibrating base error rates
[system] R --vanilla < /workspace/home/nasirja/covid-19-signal/.snakemake/conda/1f267c8dfdaa0356ebaad13adc66d00a/bin/../share/breseq/coverage_distribution.r > SC2246/breseq/07_error_calibration/0.unique_only_coverage_distribution.tab.r.log distribution_file=SC2246/breseq/07_error_calibration/0.unique_only_coverage_distribution.tab plot_file=SC2246/breseq/output/calibration/0.unique_coverage.pdf deletion_propagation_pr_cutoff=0.000289143
----------------------------------> WARNING <-----------------------------------
Insufficient coverage to call mutations for some reference sequences. Set either the --targeted-sequencing or --contig-reference option if you want mutations called on these reference sequences.

Insufficient coverage seq ids: MN908947
--------------------------------------------------------------------------------
[system] R --vanilla in_file=SC2246/breseq/07_error_calibration/base_qual_error_prob.SC2246_R1.tab out_file=SC2246/breseq/output/calibration/SC2246_R1.error_rates.pdf < /workspace/home/nasirja/covid-19-signal/.snakemake/conda/1f267c8dfdaa0356ebaad13adc66d00a/bin/../share/breseq/plot_error_rate.r > SC2246/breseq/07_error_calibration/SC2246_R1.plot_error_rate.log
[system] R --vanilla in_file=SC2246/breseq/07_error_calibration/base_qual_error_prob.SC2246_R2.tab out_file=SC2246/breseq/output/calibration/SC2246_R2.error_rates.pdf < /workspace/home/nasirja/covid-19-signal/.snakemake/conda/1f267c8dfdaa0356ebaad13adc66d00a/bin/../share/breseq/plot_error_rate.r > SC2246/breseq/07_error_calibration/SC2246_R2.plot_error_rate.log
+++   NOW PROCESSING Examining read alignment evidence
  REFERENCE: MN908947
  LENGTH: 29903
    POSITION:10000
    POSITION:20000
+++   NOW PROCESSING Polymorphism statistics
[system] R --vanilla total_length=29903 in_file=SC2246/breseq/08_mutation_identification/polymorphism_statistics_input.tab out_file=SC2246/breseq/08_mutation_identification/polymorphism_statistics_output.tab qual_file=SC2246/breseq/08_mutation_identification/error_counts.tab < /workspace/home/nasirja/covid-19-signal/.snakemake/conda/1f267c8dfdaa0356ebaad13adc66d00a/bin/../share/breseq/polymorphism_statistics.r > SC2246/breseq/08_mutation_identification/polymorphism_statistics_output.log
+++   NOW PROCESSING Output
Creating merged genome diff evidence file...
Predicting mutations from evidence...
  Preparing junctions...
  Predicting mobile element insertions...
  Predicting large deletions...
  Predicting small indels and substitutions from junctions...
  Predicting small indels and substitutions from alignments...
  Making final adjustments to mutations...
  Writing final GD file...
  Writing final VCF file...
Annotating mutations...
Drawing coverage plots...
Creating coverage plot for region: MN908947:1-29903
Creating index HTML table...
[system] rm -f SC2246/breseq/01_sequence_conversion/*.trims
[system] rm -f SC2246/breseq/03_candidate_junctions/candidate_junction.fasta
[system] rm -f SC2246/breseq/03_candidate_junctions/candidate_junction.fasta.fai
[system] rm -f SC2246/breseq/05_alignment_correction/jc_evidence.gd
[system] rm -f SC2246/breseq/06_bam/junction.bam
[system] rm -f SC2246/breseq/06_bam/junction.bam.bai
+++   SUCCESSFULLY COMPLETED
