Aligning contigs to reference...
	Aligning contigs to the reference
Filtering alignments...
Parsing coords...
Loading reference...
	Loaded [MN908947.3]
	Total Regions: 1
	Total Region Length: 29903
Analyzing contigs...
CONTIG: SC2229 (29903bp)
Best alignment score: 29815.1 (LEN: 29836, IDY: 99.93), Total number of alignments: 1
		One align captures most of this contig: 1 29836 | 1 29836 | 29836 29836 | 99.93 | MN908947.3 SC2229

Analyzing coverage...
Writing SNPs into /workspace/home/nasirja/covid-19-signal/subset_viral_7_results_dir/SC2229/freebayes/quast/contigs_reports/minimap_output/SC2229-consensus.used_snps.gz

Analysis is finished!
Founded SNPs were written into /workspace/home/nasirja/covid-19-signal/subset_viral_7_results_dir/SC2229/freebayes/quast/contigs_reports/minimap_output/SC2229-consensus.used_snps.gz

Results:
	Local Misassemblies: 0
	Misassemblies: 0
		Relocations: 0
		Translocations: 0
		Inversions: 0
	Scaffold gap extensive misassemblies: 0
	Scaffold gap local misassemblies: 0
	Misassembled Contigs: 0
	Misassembled Contig Bases: 0
	Misassemblies Inter-Contig Overlap: 0
Unaligned Contigs: 0 + 0 part
Half Unaligned Contigs with Misassemblies: 0
Unaligned Contig Bases: 0

Ambiguously Mapped Contigs: 0
Total Bases in Ambiguously Mapped Contigs: 0
Extra Bases in Ambiguously Mapped Contigs: 0
Note that --allow-ambiguity option was set to "one" and only first alignment per each of these contigs was used.

	Covered Bases: 29836

	SNPs: 20
	Insertions: 0
	Deletions: 0

