Path to Cutadapt set as: 'cutadapt' (default)
Cutadapt seems to be working fine (tested command 'cutadapt --version')
Cutadapt version: 4.1
Could not detect version of Python used by Cutadapt from the first line of Cutadapt (but found this: >>>#!/bin/sh<<<)
Letting the (modified) Cutadapt deal with the Python version instead
Parallel gzip (pigz) detected. Proceeding with multicore (de)compression using 2 cores

No quality encoding type selected. Assuming that the data provided uses Sanger encoded Phred scores (default)

Output will be written into the directory: /workspace/home/nasirja/covid-19-signal/subset_viral_7_results_dir/SC2238/adapter_trimmed/


AUTO-DETECTING ADAPTER TYPE
===========================
Attempting to auto-detect adapter type from the first 1 million sequences of the first file (>> SC2238/host_removal/SC2238_R1.fastq.gz <<)

Found perfect matches for the following adapter sequences:
Adapter type	Count	Sequence	Sequences analysed	Percentage
Illumina	653	AGATCGGAAGAGC	477053	0.14
Nextera	1	CTGTCTCTTATA	477053	0.00
smallRNA	0	TGGAATTCTCGG	477053	0.00
Using Illumina adapter for trimming (count: 653). Second best hit was Nextera (count: 1)

Writing report to '/workspace/home/nasirja/covid-19-signal/subset_viral_7_results_dir/SC2238/adapter_trimmed/SC2238_R1.fastq.gz_trimming_report.txt'

SUMMARISING RUN PARAMETERS
==========================
Input filename: SC2238/host_removal/SC2238_R1.fastq.gz
Trimming mode: paired-end
Trim Galore version: 0.6.4_dev
Cutadapt version: 4.1
Python version: could not detect
Number of cores used for trimming: 2
Quality Phred score cutoff: 20
Quality encoding type selected: ASCII+33
Adapter sequence: 'AGATCGGAAGAGC' (Illumina TruSeq, Sanger iPCR; auto-detected)
Maximum trimming error rate: 0.1 (default)
Minimum required adapter overlap (stringency): 1 bp
Minimum required sequence length for both reads before a sequence pair gets removed: 20 bp
Running FastQC on the data once trimming has completed
Output file(s) will be GZIP compressed

Cutadapt seems to be fairly up-to-date (version 4.1). Setting -j 2
Writing final adapter and quality trimmed output to SC2238_R1_trimmed.fq.gz


  >>> Now performing quality (cutoff '-q 20') and adapter trimming in a single pass for the adapter sequence: 'AGATCGGAAGAGC' from file SC2238/host_removal/SC2238_R1.fastq.gz <<< 
This is cutadapt 4.1 with Python 3.9.13
Command line parameters: -j 2 -e 0.1 -q 20 -O 1 -a AGATCGGAAGAGC SC2238/host_removal/SC2238_R1.fastq.gz
Processing single-end reads on 2 cores ...
Finished in 17.58 s (37 µs/read; 1.63 M reads/minute).

=== Summary ===

Total reads processed:                 477,053
Reads with adapters:                   151,870 (31.8%)
Reads written (passing filters):       477,053 (100.0%)

Total basepairs processed:   119,740,303 bp
Quality-trimmed:                 921,245 bp (0.8%)
Total written (filtered):    118,408,228 bp (98.9%)

=== Adapter 1 ===

Sequence: AGATCGGAAGAGC; Type: regular 3'; Length: 13; Trimmed: 151870 times

Minimum overlap: 1
No. of allowed errors:
1-9 bp: 0; 10-13 bp: 1

Bases preceding removed adapters:
  A: 35.3%
  C: 12.6%
  G: 10.3%
  T: 41.1%
  none/other: 0.7%

Overview of removed sequences
length	count	expect	max.err	error counts
1	99707	119263.2	0	99707
2	45135	29815.8	0	45135
3	3682	7454.0	0	3682
4	577	1863.5	0	577
5	26	465.9	0	26
6	26	116.5	0	26
7	547	29.1	0	547
8	193	7.3	0	193
9	99	1.8	0	99
10	17	0.5	1	11 6
11	8	0.1	1	4 4
12	13	0.0	1	9 4
13	6	0.0	1	5 1
14	2	0.0	1	2
15	4	0.0	1	2 2
16	3	0.0	1	2 1
17	4	0.0	1	2 2
18	2	0.0	1	2
19	4	0.0	1	4
20	10	0.0	1	7 3
21	6	0.0	1	5 1
22	5	0.0	1	3 2
23	2	0.0	1	2
24	13	0.0	1	13
25	7	0.0	1	5 2
26	3	0.0	1	2 1
27	8	0.0	1	3 5
28	9	0.0	1	9
29	5	0.0	1	3 2
30	6	0.0	1	2 4
31	6	0.0	1	4 2
32	17	0.0	1	14 3
33	5	0.0	1	2 3
34	5	0.0	1	4 1
35	5	0.0	1	4 1
36	15	0.0	1	15
37	67	0.0	1	63 4
38	30	0.0	1	20 10
39	12	0.0	1	4 8
40	8	0.0	1	5 3
41	10	0.0	1	6 4
42	8	0.0	1	5 3
43	15	0.0	1	12 3
44	7	0.0	1	5 2
45	8	0.0	1	8
46	10	0.0	1	8 2
47	10	0.0	1	7 3
48	4	0.0	1	2 2
49	6	0.0	1	3 3
50	4	0.0	1	3 1
51	1	0.0	1	1
52	7	0.0	1	5 2
53	10	0.0	1	7 3
54	13	0.0	1	5 8
55	8	0.0	1	6 2
56	5	0.0	1	2 3
57	3	0.0	1	1 2
58	2	0.0	1	2
59	5	0.0	1	4 1
60	7	0.0	1	5 2
61	8	0.0	1	8
62	3	0.0	1	2 1
63	2	0.0	1	2
64	5	0.0	1	4 1
65	11	0.0	1	10 1
66	11	0.0	1	7 4
67	3	0.0	1	2 1
68	2	0.0	1	1 1
69	6	0.0	1	2 4
70	4	0.0	1	2 2
71	8	0.0	1	8
72	22	0.0	1	15 7
73	41	0.0	1	19 22
74	45	0.0	1	18 27
75	93	0.0	1	17 76
76	130	0.0	1	38 92
77	117	0.0	1	27 90
78	56	0.0	1	17 39
79	38	0.0	1	8 30
80	33	0.0	1	8 25
81	22	0.0	1	6 16
82	21	0.0	1	3 18
83	15	0.0	1	2 13
84	11	0.0	1	1 10
85	9	0.0	1	3 6
86	12	0.0	1	2 10
87	9	0.0	1	2 7
88	11	0.0	1	1 10
89	9	0.0	1	2 7
90	6	0.0	1	1 5
91	4	0.0	1	2 2
92	6	0.0	1	1 5
93	7	0.0	1	2 5
94	11	0.0	1	7 4
95	6	0.0	1	0 6
96	7	0.0	1	3 4
97	3	0.0	1	0 3
98	5	0.0	1	2 3
99	2	0.0	1	1 1
100	3	0.0	1	1 2
101	3	0.0	1	2 1
102	4	0.0	1	1 3
103	4	0.0	1	0 4
104	1	0.0	1	1
105	3	0.0	1	1 2
106	2	0.0	1	0 2
107	6	0.0	1	3 3
108	3	0.0	1	1 2
109	3	0.0	1	1 2
110	2	0.0	1	1 1
111	3	0.0	1	1 2
112	3	0.0	1	2 1
113	2	0.0	1	0 2
114	4	0.0	1	0 4
115	9	0.0	1	1 8
116	6	0.0	1	2 4
117	1	0.0	1	1
118	4	0.0	1	2 2
119	4	0.0	1	1 3
120	5	0.0	1	0 5
121	3	0.0	1	0 3
122	2	0.0	1	0 2
123	2	0.0	1	0 2
124	1	0.0	1	0 1
125	2	0.0	1	1 1
126	4	0.0	1	1 3
127	3	0.0	1	0 3
128	2	0.0	1	0 2
129	3	0.0	1	0 3
130	2	0.0	1	0 2
131	1	0.0	1	1
132	3	0.0	1	1 2
133	7	0.0	1	0 7
134	3	0.0	1	1 2
135	4	0.0	1	1 3
136	6	0.0	1	1 5
138	5	0.0	1	0 5
139	4	0.0	1	1 3
140	3	0.0	1	1 2
141	5	0.0	1	0 5
142	4	0.0	1	0 4
143	4	0.0	1	0 4
144	4	0.0	1	0 4
145	3	0.0	1	0 3
146	5	0.0	1	0 5
147	3	0.0	1	0 3
148	4	0.0	1	1 3
149	1	0.0	1	1
150	3	0.0	1	1 2
151	5	0.0	1	0 5
152	3	0.0	1	0 3
153	2	0.0	1	0 2
154	4	0.0	1	1 3
155	2	0.0	1	0 2
156	2	0.0	1	1 1
157	3	0.0	1	0 3
158	1	0.0	1	1
159	3	0.0	1	0 3
160	3	0.0	1	1 2
161	2	0.0	1	1 1
162	8	0.0	1	0 8
163	2	0.0	1	0 2
164	3	0.0	1	0 3
165	2	0.0	1	1 1
166	4	0.0	1	2 2
167	5	0.0	1	0 5
168	4	0.0	1	0 4
169	2	0.0	1	0 2
170	4	0.0	1	0 4
171	1	0.0	1	0 1
172	2	0.0	1	0 2
173	6	0.0	1	1 5
174	4	0.0	1	0 4
175	4	0.0	1	3 1
176	2	0.0	1	0 2
178	2	0.0	1	0 2
179	4	0.0	1	1 3
180	2	0.0	1	0 2
181	2	0.0	1	0 2
182	2	0.0	1	0 2
183	3	0.0	1	0 3
184	2	0.0	1	0 2
186	3	0.0	1	0 3
187	1	0.0	1	0 1
188	1	0.0	1	0 1
189	1	0.0	1	0 1
190	2	0.0	1	0 2
191	2	0.0	1	0 2
192	1	0.0	1	0 1
193	3	0.0	1	0 3
194	1	0.0	1	0 1
196	2	0.0	1	0 2
197	2	0.0	1	0 2
199	4	0.0	1	0 4
201	1	0.0	1	0 1
202	1	0.0	1	0 1
203	2	0.0	1	0 2
206	1	0.0	1	0 1
207	1	0.0	1	0 1
208	1	0.0	1	0 1
210	2	0.0	1	0 2
214	1	0.0	1	0 1
215	2	0.0	1	2
217	1	0.0	1	0 1
218	2	0.0	1	0 2
222	3	0.0	1	1 2
223	1	0.0	1	0 1
225	3	0.0	1	0 3
226	1	0.0	1	0 1
229	2	0.0	1	0 2
233	2	0.0	1	0 2
236	1	0.0	1	0 1
237	2	0.0	1	0 2
238	1	0.0	1	0 1
240	2	0.0	1	0 2
241	1	0.0	1	0 1
242	2	0.0	1	0 2
244	1	0.0	1	0 1
245	1	0.0	1	0 1
246	4	0.0	1	0 4
247	4	0.0	1	0 4
248	4	0.0	1	0 4
249	5	0.0	1	0 5
250	14	0.0	1	0 14
251	251	0.0	1	1 250

RUN STATISTICS FOR INPUT FILE: SC2238/host_removal/SC2238_R1.fastq.gz
=============================================
477053 sequences processed in total
The length threshold of paired-end sequences gets evaluated later on (in the validation step)

Writing report to '/workspace/home/nasirja/covid-19-signal/subset_viral_7_results_dir/SC2238/adapter_trimmed/SC2238_R2.fastq.gz_trimming_report.txt'

SUMMARISING RUN PARAMETERS
==========================
Input filename: SC2238/host_removal/SC2238_R2.fastq.gz
Trimming mode: paired-end
Trim Galore version: 0.6.4_dev
Cutadapt version: 4.1
Python version: could not detect
Number of cores used for trimming: 2
Quality Phred score cutoff: 20
Quality encoding type selected: ASCII+33
Adapter sequence: 'AGATCGGAAGAGC' (Illumina TruSeq, Sanger iPCR; auto-detected)
Maximum trimming error rate: 0.1 (default)
Minimum required adapter overlap (stringency): 1 bp
Minimum required sequence length for both reads before a sequence pair gets removed: 20 bp
Running FastQC on the data once trimming has completed
Output file(s) will be GZIP compressed

Cutadapt seems to be fairly up-to-date (version 4.1). Setting -j -j 2
Writing final adapter and quality trimmed output to SC2238_R2_trimmed.fq.gz


  >>> Now performing quality (cutoff '-q 20') and adapter trimming in a single pass for the adapter sequence: 'AGATCGGAAGAGC' from file SC2238/host_removal/SC2238_R2.fastq.gz <<< 
This is cutadapt 4.1 with Python 3.9.13
Command line parameters: -j 2 -e 0.1 -q 20 -O 1 -a AGATCGGAAGAGC SC2238/host_removal/SC2238_R2.fastq.gz
Processing single-end reads on 2 cores ...
Finished in 19.75 s (41 µs/read; 1.45 M reads/minute).

=== Summary ===

Total reads processed:                 477,053
Reads with adapters:                   154,807 (32.5%)
Reads written (passing filters):       477,053 (100.0%)

Total basepairs processed:   119,740,303 bp
Quality-trimmed:               2,164,984 bp (1.8%)
Total written (filtered):    117,196,617 bp (97.9%)

=== Adapter 1 ===

Sequence: AGATCGGAAGAGC; Type: regular 3'; Length: 13; Trimmed: 154807 times

Minimum overlap: 1
No. of allowed errors:
1-9 bp: 0; 10-13 bp: 1

Bases preceding removed adapters:
  A: 40.3%
  C: 11.8%
  G: 9.9%
  T: 37.1%
  none/other: 0.8%

Overview of removed sequences
length	count	expect	max.err	error counts
1	110212	119263.2	0	110212
2	37083	29815.8	0	37083
3	4094	7454.0	0	4094
4	803	1863.5	0	803
5	24	465.9	0	24
6	52	116.5	0	52
7	609	29.1	0	609
8	98	7.3	0	98
9	98	1.8	0	98
10	24	0.5	1	22 2
11	1	0.1	1	1
12	13	0.0	1	10 3
13	1	0.0	1	1
14	4	0.0	1	3 1
15	2	0.0	1	1 1
16	2	0.0	1	2
17	3	0.0	1	3
18	3	0.0	1	3
19	3	0.0	1	2 1
20	4	0.0	1	3 1
21	1	0.0	1	1
22	4	0.0	1	3 1
23	4	0.0	1	2 2
24	11	0.0	1	8 3
25	1	0.0	1	0 1
26	5	0.0	1	3 2
27	4	0.0	1	3 1
28	8	0.0	1	6 2
29	5	0.0	1	4 1
30	9	0.0	1	5 4
31	3	0.0	1	2 1
32	12	0.0	1	10 2
33	4	0.0	1	2 2
34	1	0.0	1	1
35	6	0.0	1	5 1
36	68	0.0	1	67 1
37	25	0.0	1	23 2
38	11	0.0	1	7 4
39	11	0.0	1	10 1
40	1	0.0	1	1
41	3	0.0	1	2 1
42	6	0.0	1	6
43	10	0.0	1	10
44	6	0.0	1	4 2
45	21	0.0	1	19 2
46	11	0.0	1	10 1
47	11	0.0	1	10 1
48	6	0.0	1	6
49	4	0.0	1	3 1
50	2	0.0	1	1 1
51	3	0.0	1	2 1
52	2	0.0	1	2
53	2	0.0	1	1 1
54	2	0.0	1	1 1
55	2	0.0	1	1 1
56	4	0.0	1	2 2
57	8	0.0	1	6 2
58	8	0.0	1	7 1
60	6	0.0	1	4 2
61	2	0.0	1	0 2
62	1	0.0	1	0 1
63	4	0.0	1	2 2
64	3	0.0	1	1 2
65	2	0.0	1	1 1
66	2	0.0	1	2
67	2	0.0	1	2
68	4	0.0	1	2 2
69	1	0.0	1	0 1
70	1	0.0	1	0 1
71	1	0.0	1	1
72	2	0.0	1	1 1
73	4	0.0	1	0 4
74	6	0.0	1	0 6
75	15	0.0	1	1 14
76	21	0.0	1	3 18
77	40	0.0	1	3 37
78	92	0.0	1	3 89
79	141	0.0	1	8 133
80	159	0.0	1	17 142
81	114	0.0	1	14 100
82	55	0.0	1	4 51
83	35	0.0	1	5 30
84	30	0.0	1	3 27
85	25	0.0	1	1 24
86	22	0.0	1	0 22
87	18	0.0	1	2 16
88	10	0.0	1	1 9
89	12	0.0	1	0 12
90	18	0.0	1	2 16
91	13	0.0	1	0 13
92	16	0.0	1	2 14
93	9	0.0	1	0 9
94	8	0.0	1	6 2
95	5	0.0	1	1 4
96	8	0.0	1	1 7
97	9	0.0	1	0 9
98	4	0.0	1	0 4
99	6	0.0	1	0 6
100	1	0.0	1	0 1
101	3	0.0	1	0 3
102	4	0.0	1	1 3
103	2	0.0	1	1 1
104	4	0.0	1	0 4
105	5	0.0	1	1 4
106	4	0.0	1	0 4
108	2	0.0	1	0 2
109	6	0.0	1	0 6
110	4	0.0	1	0 4
111	2	0.0	1	0 2
112	2	0.0	1	2
113	6	0.0	1	3 3
114	2	0.0	1	0 2
115	1	0.0	1	1
116	4	0.0	1	1 3
117	3	0.0	1	0 3
118	7	0.0	1	1 6
119	6	0.0	1	1 5
120	1	0.0	1	0 1
121	5	0.0	1	0 5
122	2	0.0	1	0 2
123	1	0.0	1	0 1
124	4	0.0	1	1 3
125	3	0.0	1	0 3
126	4	0.0	1	0 4
127	5	0.0	1	0 5
128	1	0.0	1	0 1
129	2	0.0	1	0 2
130	5	0.0	1	0 5
131	4	0.0	1	1 3
132	3	0.0	1	1 2
133	2	0.0	1	0 2
134	7	0.0	1	0 7
135	3	0.0	1	0 3
136	7	0.0	1	0 7
137	3	0.0	1	0 3
138	3	0.0	1	0 3
139	3	0.0	1	0 3
140	1	0.0	1	0 1
142	3	0.0	1	0 3
143	1	0.0	1	1
144	2	0.0	1	0 2
145	4	0.0	1	0 4
146	2	0.0	1	0 2
147	1	0.0	1	0 1
148	5	0.0	1	1 4
149	5	0.0	1	0 5
150	2	0.0	1	0 2
151	3	0.0	1	0 3
152	1	0.0	1	0 1
153	5	0.0	1	0 5
154	2	0.0	1	0 2
155	5	0.0	1	0 5
156	3	0.0	1	1 2
157	4	0.0	1	2 2
158	3	0.0	1	0 3
159	2	0.0	1	0 2
160	1	0.0	1	0 1
161	1	0.0	1	0 1
162	3	0.0	1	1 2
163	2	0.0	1	0 2
166	6	0.0	1	0 6
168	2	0.0	1	1 1
169	1	0.0	1	0 1
170	1	0.0	1	1
171	2	0.0	1	0 2
172	1	0.0	1	1
174	3	0.0	1	1 2
175	2	0.0	1	0 2
177	1	0.0	1	1
178	2	0.0	1	0 2
181	3	0.0	1	1 2
182	1	0.0	1	0 1
184	3	0.0	1	1 2
187	1	0.0	1	0 1
189	1	0.0	1	0 1
190	1	0.0	1	1
191	1	0.0	1	0 1
193	1	0.0	1	0 1
194	1	0.0	1	0 1
203	1	0.0	1	1
209	1	0.0	1	1
210	1	0.0	1	1
215	1	0.0	1	0 1
219	1	0.0	1	0 1
234	1	0.0	1	0 1
240	1	0.0	1	0 1
243	1	0.0	1	0 1
244	1	0.0	1	0 1
245	1	0.0	1	0 1
248	1	0.0	1	0 1
249	1	0.0	1	0 1
250	5	0.0	1	0 5
251	195	0.0	1	0 195

RUN STATISTICS FOR INPUT FILE: SC2238/host_removal/SC2238_R2.fastq.gz
=============================================
477053 sequences processed in total
The length threshold of paired-end sequences gets evaluated later on (in the validation step)

Validate paired-end files SC2238_R1_trimmed.fq.gz and SC2238_R2_trimmed.fq.gz
file_1: SC2238_R1_trimmed.fq.gz, file_2: SC2238_R2_trimmed.fq.gz


>>>>> Now validing the length of the 2 paired-end infiles: SC2238_R1_trimmed.fq.gz and SC2238_R2_trimmed.fq.gz <<<<<
Writing validated paired-end Read 1 reads to SC2238_R1_val_1.fq.gz
Writing validated paired-end Read 2 reads to SC2238_R2_val_2.fq.gz

Total number of sequences analysed: 477053

Number of sequence pairs removed because at least one read was shorter than the length cutoff (20 bp): 2962 (0.62%)


  >>> Now running FastQC on the validated data SC2238_R1_val_1.fq.gz<<<

Started analysis of SC2238_R1_val_1.fq.gz
Approx 5% complete for SC2238_R1_val_1.fq.gz
Approx 10% complete for SC2238_R1_val_1.fq.gz
Approx 15% complete for SC2238_R1_val_1.fq.gz
Approx 20% complete for SC2238_R1_val_1.fq.gz
Approx 25% complete for SC2238_R1_val_1.fq.gz
Approx 30% complete for SC2238_R1_val_1.fq.gz
Approx 35% complete for SC2238_R1_val_1.fq.gz
Approx 40% complete for SC2238_R1_val_1.fq.gz
Approx 45% complete for SC2238_R1_val_1.fq.gz
Approx 50% complete for SC2238_R1_val_1.fq.gz
Approx 55% complete for SC2238_R1_val_1.fq.gz
Approx 60% complete for SC2238_R1_val_1.fq.gz
Approx 65% complete for SC2238_R1_val_1.fq.gz
Approx 70% complete for SC2238_R1_val_1.fq.gz
Approx 75% complete for SC2238_R1_val_1.fq.gz
Approx 80% complete for SC2238_R1_val_1.fq.gz
Approx 85% complete for SC2238_R1_val_1.fq.gz
Approx 90% complete for SC2238_R1_val_1.fq.gz
Approx 95% complete for SC2238_R1_val_1.fq.gz

  >>> Now running FastQC on the validated data SC2238_R2_val_2.fq.gz<<<

Started analysis of SC2238_R2_val_2.fq.gz
Approx 5% complete for SC2238_R2_val_2.fq.gz
Approx 10% complete for SC2238_R2_val_2.fq.gz
Approx 15% complete for SC2238_R2_val_2.fq.gz
Approx 20% complete for SC2238_R2_val_2.fq.gz
Approx 25% complete for SC2238_R2_val_2.fq.gz
Approx 30% complete for SC2238_R2_val_2.fq.gz
Approx 35% complete for SC2238_R2_val_2.fq.gz
Approx 40% complete for SC2238_R2_val_2.fq.gz
Approx 45% complete for SC2238_R2_val_2.fq.gz
Approx 50% complete for SC2238_R2_val_2.fq.gz
Approx 55% complete for SC2238_R2_val_2.fq.gz
Approx 60% complete for SC2238_R2_val_2.fq.gz
Approx 65% complete for SC2238_R2_val_2.fq.gz
Approx 70% complete for SC2238_R2_val_2.fq.gz
Approx 75% complete for SC2238_R2_val_2.fq.gz
Approx 80% complete for SC2238_R2_val_2.fq.gz
Approx 85% complete for SC2238_R2_val_2.fq.gz
Approx 90% complete for SC2238_R2_val_2.fq.gz
Approx 95% complete for SC2238_R2_val_2.fq.gz
Deleting both intermediate output files SC2238_R1_trimmed.fq.gz and SC2238_R2_trimmed.fq.gz

====================================================================================================

