[M::bwa_idx_load_from_disk] read 0 ALT contigs
[M::process] read 80672 sequences (20000369 bp)...
[M::process] read 80734 sequences (20000193 bp)...
[M::mem_pestat] # candidate unique pairs for (FF, FR, RF, RR): (2, 40045, 77, 7)
[M::mem_pestat] skip orientation FF as there are not enough pairs
[M::mem_pestat] analyzing insert size distribution for orientation FR...
[M::mem_pestat] (25, 50, 75) percentile: (380, 386, 394)
[M::mem_pestat] low and high boundaries for computing mean and std.dev: (352, 422)
[M::mem_pestat] mean and std.dev: (387.82, 9.93)
[M::mem_pestat] low and high boundaries for proper pairs: (338, 436)
[M::mem_pestat] analyzing insert size distribution for orientation RF...
[M::mem_pestat] (25, 50, 75) percentile: (224, 249, 1665)
[M::mem_pestat] low and high boundaries for computing mean and std.dev: (1, 4547)
[M::mem_pestat] mean and std.dev: (761.73, 841.07)
[M::mem_pestat] low and high boundaries for proper pairs: (1, 5988)
[M::mem_pestat] skip orientation RR as there are not enough pairs
[M::mem_pestat] skip orientation RF
[M::mem_process_seqs] Processed 80672 reads in 5.282 CPU sec, 2.504 real sec
[M::mem_pestat] # candidate unique pairs for (FF, FR, RF, RR): (3, 40046, 87, 12)
[M::mem_pestat] skip orientation FF as there are not enough pairs
[M::mem_pestat] analyzing insert size distribution for orientation FR...
[M::mem_pestat] (25, 50, 75) percentile: (380, 385, 393)
[M::mem_pestat] low and high boundaries for computing mean and std.dev: (354, 419)
[M::mem_pestat] mean and std.dev: (387.39, 9.99)
[M::mem_pestat] low and high boundaries for proper pairs: (341, 432)
[M::mem_pestat] analyzing insert size distribution for orientation RF...
[M::mem_pestat] (25, 50, 75) percentile: (228, 267, 932)
[M::mem_pestat] low and high boundaries for computing mean and std.dev: (1, 2340)
[M::mem_pestat] mean and std.dev: (529.14, 536.64)
[M::mem_pestat] low and high boundaries for proper pairs: (1, 3044)
[M::mem_pestat] analyzing insert size distribution for orientation RR...
[M::mem_pestat] (25, 50, 75) percentile: (610, 1662, 2473)
[M::mem_pestat] low and high boundaries for computing mean and std.dev: (1, 6199)
[M::mem_pestat] mean and std.dev: (1156.40, 741.52)
[M::mem_pestat] low and high boundaries for proper pairs: (1, 8062)
[M::mem_pestat] skip orientation RF
[M::mem_pestat] skip orientation RR
[M::mem_process_seqs] Processed 80734 reads in 5.635 CPU sec, 2.765 real sec
[M::process] read 80616 sequences (20000021 bp)...
[M::mem_pestat] # candidate unique pairs for (FF, FR, RF, RR): (8, 40009, 64, 2)
[M::mem_pestat] skip orientation FF as there are not enough pairs
[M::mem_pestat] analyzing insert size distribution for orientation FR...
[M::mem_pestat] (25, 50, 75) percentile: (380, 386, 394)
[M::mem_pestat] low and high boundaries for computing mean and std.dev: (352, 422)
[M::mem_pestat] mean and std.dev: (387.82, 9.85)
[M::mem_pestat] low and high boundaries for proper pairs: (338, 436)
[M::mem_pestat] analyzing insert size distribution for orientation RF...
[M::mem_pestat] (25, 50, 75) percentile: (223, 566, 1156)
[M::mem_pestat] low and high boundaries for computing mean and std.dev: (1, 3022)
[M::mem_pestat] mean and std.dev: (688.84, 720.27)
[M::mem_pestat] low and high boundaries for proper pairs: (1, 3955)
[M::mem_pestat] skip orientation RR as there are not enough pairs
[M::mem_pestat] skip orientation RF
[M::mem_process_seqs] Processed 80616 reads in 5.327 CPU sec, 2.586 real sec
[M::process] read 80710 sequences (20000148 bp)...
[M::mem_pestat] # candidate unique pairs for (FF, FR, RF, RR): (3, 40050, 74, 7)
[M::mem_pestat] skip orientation FF as there are not enough pairs
[M::mem_pestat] analyzing insert size distribution for orientation FR...
[M::mem_pestat] (25, 50, 75) percentile: (380, 385, 393)
[M::mem_pestat] low and high boundaries for computing mean and std.dev: (354, 419)
[M::mem_pestat] mean and std.dev: (387.52, 9.99)
[M::mem_pestat] low and high boundaries for proper pairs: (341, 432)
[M::mem_pestat] analyzing insert size distribution for orientation RF...
[M::mem_pestat] (25, 50, 75) percentile: (220, 249, 1450)
[M::mem_pestat] low and high boundaries for computing mean and std.dev: (1, 3910)
[M::mem_pestat] mean and std.dev: (687.94, 771.14)
[M::mem_pestat] low and high boundaries for proper pairs: (1, 5140)
[M::mem_pestat] skip orientation RR as there are not enough pairs
[M::mem_pestat] skip orientation RF
[M::mem_process_seqs] Processed 80710 reads in 5.272 CPU sec, 2.544 real sec
[M::process] read 80536 sequences (20000015 bp)...
[M::mem_pestat] # candidate unique pairs for (FF, FR, RF, RR): (9, 39990, 70, 9)
[M::mem_pestat] skip orientation FF as there are not enough pairs
[M::mem_pestat] analyzing insert size distribution for orientation FR...
[M::mem_pestat] (25, 50, 75) percentile: (380, 386, 394)
[M::mem_pestat] low and high boundaries for computing mean and std.dev: (352, 422)
[M::mem_pestat] mean and std.dev: (387.75, 9.87)
[M::mem_pestat] low and high boundaries for proper pairs: (338, 436)
[M::mem_pestat] analyzing insert size distribution for orientation RF...
[M::mem_pestat] (25, 50, 75) percentile: (224, 247, 828)
[M::mem_pestat] low and high boundaries for computing mean and std.dev: (1, 2036)
[M::mem_pestat] mean and std.dev: (434.73, 384.80)
[M::mem_pestat] low and high boundaries for proper pairs: (1, 2640)
[M::mem_pestat] skip orientation RR as there are not enough pairs
[M::mem_pestat] skip orientation RF
[M::mem_process_seqs] Processed 80536 reads in 5.149 CPU sec, 2.382 real sec
[M::process] read 80600 sequences (20000077 bp)...
[M::mem_pestat] # candidate unique pairs for (FF, FR, RF, RR): (5, 39977, 69, 8)
[M::mem_pestat] skip orientation FF as there are not enough pairs
[M::mem_pestat] analyzing insert size distribution for orientation FR...
[M::mem_pestat] (25, 50, 75) percentile: (379, 385, 393)
[M::mem_pestat] low and high boundaries for computing mean and std.dev: (351, 421)
[M::mem_pestat] mean and std.dev: (387.13, 10.14)
[M::mem_pestat] low and high boundaries for proper pairs: (337, 435)
[M::mem_pestat] analyzing insert size distribution for orientation RF...
[M::mem_pestat] (25, 50, 75) percentile: (223, 242, 1038)
[M::mem_pestat] low and high boundaries for computing mean and std.dev: (1, 2668)
[M::mem_pestat] mean and std.dev: (611.70, 596.50)
[M::mem_pestat] low and high boundaries for proper pairs: (1, 3483)
[M::mem_pestat] skip orientation RR as there are not enough pairs
[M::mem_pestat] skip orientation RF
[M::mem_process_seqs] Processed 80600 reads in 6.001 CPU sec, 2.914 real sec
[M::process] read 80588 sequences (20000249 bp)...
[M::mem_pestat] # candidate unique pairs for (FF, FR, RF, RR): (8, 39983, 83, 11)
[M::mem_pestat] skip orientation FF as there are not enough pairs
[M::mem_pestat] analyzing insert size distribution for orientation FR...
[M::mem_pestat] (25, 50, 75) percentile: (380, 386, 394)
[M::mem_pestat] low and high boundaries for computing mean and std.dev: (352, 422)
[M::mem_pestat] mean and std.dev: (387.77, 9.93)
[M::mem_pestat] low and high boundaries for proper pairs: (338, 436)
[M::mem_pestat] analyzing insert size distribution for orientation RF...
[M::mem_pestat] (25, 50, 75) percentile: (225, 758, 1665)
[M::mem_pestat] low and high boundaries for computing mean and std.dev: (1, 4545)
[M::mem_pestat] mean and std.dev: (896.20, 948.08)
[M::mem_pestat] low and high boundaries for proper pairs: (1, 5985)
[M::mem_pestat] analyzing insert size distribution for orientation RR...
[M::mem_pestat] (25, 50, 75) percentile: (365, 936, 5787)
[M::mem_pestat] low and high boundaries for computing mean and std.dev: (1, 16631)
[M::mem_pestat] mean and std.dev: (2598.45, 2810.18)
[M::mem_pestat] low and high boundaries for proper pairs: (1, 22053)
[M::mem_pestat] skip orientation RF
[M::mem_pestat] skip orientation RR
[M::mem_process_seqs] Processed 80588 reads in 5.482 CPU sec, 2.693 real sec
[M::process] read 80664 sequences (20000373 bp)...
[M::mem_pestat] # candidate unique pairs for (FF, FR, RF, RR): (9, 40030, 68, 5)
[M::mem_pestat] skip orientation FF as there are not enough pairs
[M::mem_pestat] analyzing insert size distribution for orientation FR...
[M::mem_pestat] (25, 50, 75) percentile: (380, 385, 393)
[M::mem_pestat] low and high boundaries for computing mean and std.dev: (354, 419)
[M::mem_pestat] mean and std.dev: (387.47, 10.00)
[M::mem_pestat] low and high boundaries for proper pairs: (341, 432)
[M::mem_pestat] analyzing insert size distribution for orientation RF...
[M::mem_pestat] (25, 50, 75) percentile: (224, 271, 1108)
[M::mem_pestat] low and high boundaries for computing mean and std.dev: (1, 2876)
[M::mem_pestat] mean and std.dev: (667.12, 700.17)
[M::mem_pestat] low and high boundaries for proper pairs: (1, 3760)
[M::mem_pestat] skip orientation RR as there are not enough pairs
[M::mem_pestat] skip orientation RF
[M::mem_process_seqs] Processed 80664 reads in 5.635 CPU sec, 2.710 real sec
[M::process] read 80664 sequences (20000363 bp)...
[M::mem_pestat] # candidate unique pairs for (FF, FR, RF, RR): (6, 40026, 80, 13)
[M::mem_pestat] skip orientation FF as there are not enough pairs
[M::mem_pestat] analyzing insert size distribution for orientation FR...
[M::mem_pestat] (25, 50, 75) percentile: (380, 386, 394)
[M::mem_pestat] low and high boundaries for computing mean and std.dev: (352, 422)
[M::mem_pestat] mean and std.dev: (387.70, 9.89)
[M::mem_pestat] low and high boundaries for proper pairs: (338, 436)
[M::mem_pestat] analyzing insert size distribution for orientation RF...
[M::mem_pestat] (25, 50, 75) percentile: (229, 392, 1492)
[M::mem_pestat] low and high boundaries for computing mean and std.dev: (1, 4018)
[M::mem_pestat] mean and std.dev: (714.00, 729.66)
[M::mem_pestat] low and high boundaries for proper pairs: (1, 5281)
[M::mem_pestat] analyzing insert size distribution for orientation RR...
[M::mem_pestat] (25, 50, 75) percentile: (535, 641, 1874)
[M::mem_pestat] low and high boundaries for computing mean and std.dev: (1, 4552)
[M::mem_pestat] mean and std.dev: (1019.00, 643.86)
[M::mem_pestat] low and high boundaries for proper pairs: (1, 5891)
[M::mem_pestat] skip orientation RF
[M::mem_pestat] skip orientation RR
[M::mem_process_seqs] Processed 80664 reads in 5.270 CPU sec, 2.541 real sec
[M::process] read 80692 sequences (20000453 bp)...
[M::mem_pestat] # candidate unique pairs for (FF, FR, RF, RR): (8, 40056, 70, 6)
[M::mem_pestat] skip orientation FF as there are not enough pairs
[M::mem_pestat] analyzing insert size distribution for orientation FR...
[M::mem_pestat] (25, 50, 75) percentile: (379, 385, 393)
[M::mem_pestat] low and high boundaries for computing mean and std.dev: (351, 421)
[M::mem_pestat] mean and std.dev: (387.35, 10.03)
[M::mem_pestat] low and high boundaries for proper pairs: (337, 435)
[M::mem_pestat] analyzing insert size distribution for orientation RF...
[M::mem_pestat] (25, 50, 75) percentile: (229, 812, 1492)
[M::mem_pestat] low and high boundaries for computing mean and std.dev: (1, 4018)
[M::mem_pestat] mean and std.dev: (837.35, 820.32)
[M::mem_pestat] low and high boundaries for proper pairs: (1, 5281)
[M::mem_pestat] skip orientation RR as there are not enough pairs
[M::mem_pestat] skip orientation RF
[M::mem_process_seqs] Processed 80692 reads in 5.481 CPU sec, 2.674 real sec
[M::process] read 80678 sequences (20000133 bp)...
[M::mem_pestat] # candidate unique pairs for (FF, FR, RF, RR): (7, 40002, 81, 8)
[M::mem_pestat] skip orientation FF as there are not enough pairs
[M::mem_pestat] analyzing insert size distribution for orientation FR...
[M::mem_pestat] (25, 50, 75) percentile: (380, 385, 393)
[M::mem_pestat] low and high boundaries for computing mean and std.dev: (354, 419)
[M::mem_pestat] mean and std.dev: (387.68, 9.88)
[M::mem_pestat] low and high boundaries for proper pairs: (341, 432)
[M::mem_pestat] analyzing insert size distribution for orientation RF...
[M::mem_pestat] (25, 50, 75) percentile: (225, 335, 975)
[M::mem_pestat] low and high boundaries for computing mean and std.dev: (1, 2475)
[M::mem_pestat] mean and std.dev: (544.33, 506.40)
[M::mem_pestat] low and high boundaries for proper pairs: (1, 3225)
[M::mem_pestat] skip orientation RR as there are not enough pairs
[M::mem_pestat] skip orientation RF
[M::mem_process_seqs] Processed 80678 reads in 5.222 CPU sec, 2.529 real sec
[M::process] read 80666 sequences (20000272 bp)...
[M::mem_pestat] # candidate unique pairs for (FF, FR, RF, RR): (10, 40033, 69, 5)
[M::mem_pestat] analyzing insert size distribution for orientation FF...
[M::mem_pestat] (25, 50, 75) percentile: (609, 1797, 3502)
[M::mem_pestat] low and high boundaries for computing mean and std.dev: (1, 9288)
[M::mem_pestat] mean and std.dev: (1599.11, 1191.54)
[M::mem_pestat] low and high boundaries for proper pairs: (1, 12181)
[M::mem_pestat] analyzing insert size distribution for orientation FR...
[M::mem_pestat] (25, 50, 75) percentile: (380, 385, 393)
[M::mem_pestat] low and high boundaries for computing mean and std.dev: (354, 419)
[M::mem_pestat] mean and std.dev: (387.60, 9.89)
[M::mem_pestat] low and high boundaries for proper pairs: (341, 432)
[M::mem_pestat] analyzing insert size distribution for orientation RF...
[M::mem_pestat] (25, 50, 75) percentile: (225, 454, 1475)
[M::mem_pestat] low and high boundaries for computing mean and std.dev: (1, 3975)
[M::mem_pestat] mean and std.dev: (763.51, 860.65)
[M::mem_pestat] low and high boundaries for proper pairs: (1, 5225)
[M::mem_pestat] skip orientation RR as there are not enough pairs
[M::mem_pestat] skip orientation FF
[M::mem_pestat] skip orientation RF
[M::mem_process_seqs] Processed 80666 reads in 5.708 CPU sec, 2.759 real sec
[M::process] read 80616 sequences (20000186 bp)...
[M::mem_pestat] # candidate unique pairs for (FF, FR, RF, RR): (8, 39993, 75, 19)
[M::mem_pestat] skip orientation FF as there are not enough pairs
[M::mem_pestat] analyzing insert size distribution for orientation FR...
[M::mem_pestat] (25, 50, 75) percentile: (380, 386, 394)
[M::mem_pestat] low and high boundaries for computing mean and std.dev: (352, 422)
[M::mem_pestat] mean and std.dev: (387.67, 9.97)
[M::mem_pestat] low and high boundaries for proper pairs: (338, 436)
[M::mem_pestat] analyzing insert size distribution for orientation RF...
[M::mem_pestat] (25, 50, 75) percentile: (224, 249, 857)
[M::mem_pestat] low and high boundaries for computing mean and std.dev: (1, 2123)
[M::mem_pestat] mean and std.dev: (529.41, 522.11)
[M::mem_pestat] low and high boundaries for proper pairs: (1, 2756)
[M::mem_pestat] analyzing insert size distribution for orientation RR...
[M::mem_pestat] (25, 50, 75) percentile: (357, 375, 1593)
[M::mem_pestat] low and high boundaries for computing mean and std.dev: (1, 4065)
[M::mem_pestat] mean and std.dev: (931.26, 858.10)
[M::mem_pestat] low and high boundaries for proper pairs: (1, 5301)
[M::mem_pestat] skip orientation RF
[M::mem_pestat] skip orientation RR
[M::mem_process_seqs] Processed 80616 reads in 5.646 CPU sec, 2.754 real sec
[M::process] read 80656 sequences (20000328 bp)...
[M::mem_pestat] # candidate unique pairs for (FF, FR, RF, RR): (5, 40037, 73, 13)
[M::mem_pestat] skip orientation FF as there are not enough pairs
[M::mem_pestat] analyzing insert size distribution for orientation FR...
[M::mem_pestat] (25, 50, 75) percentile: (380, 386, 393)
[M::mem_pestat] low and high boundaries for computing mean and std.dev: (354, 419)
[M::mem_pestat] mean and std.dev: (387.68, 9.86)
[M::mem_pestat] low and high boundaries for proper pairs: (341, 432)
[M::mem_pestat] analyzing insert size distribution for orientation RF...
[M::mem_pestat] (25, 50, 75) percentile: (223, 264, 1055)
[M::mem_pestat] low and high boundaries for computing mean and std.dev: (1, 2719)
[M::mem_pestat] mean and std.dev: (668.39, 656.86)
[M::mem_pestat] low and high boundaries for proper pairs: (1, 3551)
[M::mem_pestat] analyzing insert size distribution for orientation RR...
[M::mem_pestat] (25, 50, 75) percentile: (452, 774, 2057)
[M::mem_pestat] low and high boundaries for computing mean and std.dev: (1, 5267)
[M::mem_pestat] mean and std.dev: (761.82, 504.45)
[M::mem_pestat] low and high boundaries for proper pairs: (1, 6872)
[M::mem_pestat] skip orientation RF
[M::mem_pestat] skip orientation RR
[M::mem_process_seqs] Processed 80656 reads in 5.684 CPU sec, 2.710 real sec
[M::process] read 80576 sequences (20000436 bp)...
[M::mem_pestat] # candidate unique pairs for (FF, FR, RF, RR): (6, 39975, 93, 13)
[M::mem_pestat] skip orientation FF as there are not enough pairs
[M::mem_pestat] analyzing insert size distribution for orientation FR...
[M::mem_pestat] (25, 50, 75) percentile: (380, 385, 394)
[M::mem_pestat] low and high boundaries for computing mean and std.dev: (352, 422)
[M::mem_pestat] mean and std.dev: (387.65, 9.92)
[M::mem_pestat] low and high boundaries for proper pairs: (338, 436)
[M::mem_pestat] analyzing insert size distribution for orientation RF...
[M::mem_pestat] (25, 50, 75) percentile: (229, 814, 1945)
[M::mem_pestat] low and high boundaries for computing mean and std.dev: (1, 5377)
[M::mem_pestat] mean and std.dev: (986.25, 1192.75)
[M::mem_pestat] low and high boundaries for proper pairs: (1, 7093)
[M::mem_pestat] analyzing insert size distribution for orientation RR...
[M::mem_pestat] (25, 50, 75) percentile: (415, 945, 2172)
[M::mem_pestat] low and high boundaries for computing mean and std.dev: (1, 5686)
[M::mem_pestat] mean and std.dev: (1188.50, 906.35)
[M::mem_pestat] low and high boundaries for proper pairs: (1, 7443)
[M::mem_pestat] skip orientation RF
[M::mem_pestat] skip orientation RR
[M::mem_process_seqs] Processed 80576 reads in 5.282 CPU sec, 2.569 real sec
[M::process] read 20720 sequences (5136584 bp)...
[M::mem_pestat] # candidate unique pairs for (FF, FR, RF, RR): (1, 10307, 15, 1)
[M::mem_pestat] skip orientation FF as there are not enough pairs
[M::mem_pestat] analyzing insert size distribution for orientation FR...
[M::mem_pestat] (25, 50, 75) percentile: (379, 385, 393)
[M::mem_pestat] low and high boundaries for computing mean and std.dev: (351, 421)
[M::mem_pestat] mean and std.dev: (386.99, 10.19)
[M::mem_pestat] low and high boundaries for proper pairs: (337, 435)
[M::mem_pestat] analyzing insert size distribution for orientation RF...
[M::mem_pestat] (25, 50, 75) percentile: (249, 609, 1238)
[M::mem_pestat] low and high boundaries for computing mean and std.dev: (1, 3216)
[M::mem_pestat] mean and std.dev: (843.87, 739.70)
[M::mem_pestat] low and high boundaries for proper pairs: (1, 4205)
[M::mem_pestat] skip orientation RR as there are not enough pairs
[M::mem_pestat] skip orientation RF
[M::mem_process_seqs] Processed 20720 reads in 1.612 CPU sec, 0.790 real sec
[main] Version: 0.7.17-r1188
[main] CMD: bwa mem -t 2 SC2222/core/viral_reference SC2222/adapter_trimmed/SC2222_R1_val_1_posttrim_filter.fq.gz SC2222/adapter_trimmed/SC2222_R2_val_2_posttrim_filter.fq.gz
[main] Real time: 49.700 sec; CPU: 88.010 sec
[bam_sort_core] merging from 0 files and 2 in-memory blocks...
