[M::bwa_idx_load_from_disk] read 0 ALT contigs
[M::process] read 80806 sequences (20000038 bp)...
[M::process] read 80876 sequences (20000227 bp)...
[M::mem_pestat] # candidate unique pairs for (FF, FR, RF, RR): (3, 40066, 12, 6)
[M::mem_pestat] skip orientation FF as there are not enough pairs
[M::mem_pestat] analyzing insert size distribution for orientation FR...
[M::mem_pestat] (25, 50, 75) percentile: (380, 386, 395)
[M::mem_pestat] low and high boundaries for computing mean and std.dev: (350, 425)
[M::mem_pestat] mean and std.dev: (388.63, 10.60)
[M::mem_pestat] low and high boundaries for proper pairs: (335, 440)
[M::mem_pestat] analyzing insert size distribution for orientation RF...
[M::mem_pestat] (25, 50, 75) percentile: (214, 215, 611)
[M::mem_pestat] low and high boundaries for computing mean and std.dev: (1, 1405)
[M::mem_pestat] mean and std.dev: (307.73, 203.25)
[M::mem_pestat] low and high boundaries for proper pairs: (1, 1802)
[M::mem_pestat] skip orientation RR as there are not enough pairs
[M::mem_pestat] skip orientation RF
[M::mem_process_seqs] Processed 80806 reads in 5.560 CPU sec, 2.623 real sec
[M::mem_pestat] # candidate unique pairs for (FF, FR, RF, RR): (5, 40059, 26, 5)
[M::mem_pestat] skip orientation FF as there are not enough pairs
[M::mem_pestat] analyzing insert size distribution for orientation FR...
[M::mem_pestat] (25, 50, 75) percentile: (380, 385, 394)
[M::mem_pestat] low and high boundaries for computing mean and std.dev: (352, 422)
[M::mem_pestat] mean and std.dev: (388.21, 10.63)
[M::mem_pestat] low and high boundaries for proper pairs: (338, 436)
[M::mem_pestat] analyzing insert size distribution for orientation RF...
[M::mem_pestat] (25, 50, 75) percentile: (207, 246, 610)
[M::mem_pestat] low and high boundaries for computing mean and std.dev: (1, 1416)
[M::mem_pestat] mean and std.dev: (280.27, 187.93)
[M::mem_pestat] low and high boundaries for proper pairs: (1, 1819)
[M::mem_pestat] skip orientation RR as there are not enough pairs
[M::mem_pestat] skip orientation RF
[M::mem_process_seqs] Processed 80876 reads in 6.190 CPU sec, 3.019 real sec
[M::process] read 80772 sequences (20000353 bp)...
[M::mem_pestat] # candidate unique pairs for (FF, FR, RF, RR): (5, 40030, 29, 5)
[M::mem_pestat] skip orientation FF as there are not enough pairs
[M::mem_pestat] analyzing insert size distribution for orientation FR...
[M::mem_pestat] (25, 50, 75) percentile: (380, 386, 395)
[M::mem_pestat] low and high boundaries for computing mean and std.dev: (350, 425)
[M::mem_pestat] mean and std.dev: (388.68, 10.70)
[M::mem_pestat] low and high boundaries for proper pairs: (335, 440)
[M::mem_pestat] analyzing insert size distribution for orientation RF...
[M::mem_pestat] (25, 50, 75) percentile: (210, 246, 825)
[M::mem_pestat] low and high boundaries for computing mean and std.dev: (1, 2055)
[M::mem_pestat] mean and std.dev: (400.27, 361.18)
[M::mem_pestat] low and high boundaries for proper pairs: (1, 2670)
[M::mem_pestat] skip orientation RR as there are not enough pairs
[M::mem_pestat] skip orientation RF
[M::mem_process_seqs] Processed 80772 reads in 5.728 CPU sec, 2.777 real sec
[M::process] read 80812 sequences (20000038 bp)...
[M::mem_pestat] # candidate unique pairs for (FF, FR, RF, RR): (1, 40067, 22, 3)
[M::mem_pestat] skip orientation FF as there are not enough pairs
[M::mem_pestat] analyzing insert size distribution for orientation FR...
[M::mem_pestat] (25, 50, 75) percentile: (380, 385, 394)
[M::mem_pestat] low and high boundaries for computing mean and std.dev: (352, 422)
[M::mem_pestat] mean and std.dev: (388.39, 10.70)
[M::mem_pestat] low and high boundaries for proper pairs: (338, 436)
[M::mem_pestat] analyzing insert size distribution for orientation RF...
[M::mem_pestat] (25, 50, 75) percentile: (204, 249, 611)
[M::mem_pestat] low and high boundaries for computing mean and std.dev: (1, 1425)
[M::mem_pestat] mean and std.dev: (383.67, 246.28)
[M::mem_pestat] low and high boundaries for proper pairs: (1, 1832)
[M::mem_pestat] skip orientation RR as there are not enough pairs
[M::mem_pestat] skip orientation RF
[M::mem_process_seqs] Processed 80812 reads in 5.880 CPU sec, 2.853 real sec
[M::process] read 80718 sequences (20000333 bp)...
[M::mem_pestat] # candidate unique pairs for (FF, FR, RF, RR): (2, 40038, 24, 7)
[M::mem_pestat] skip orientation FF as there are not enough pairs
[M::mem_pestat] analyzing insert size distribution for orientation FR...
[M::mem_pestat] (25, 50, 75) percentile: (380, 386, 395)
[M::mem_pestat] low and high boundaries for computing mean and std.dev: (350, 425)
[M::mem_pestat] mean and std.dev: (388.60, 10.63)
[M::mem_pestat] low and high boundaries for proper pairs: (335, 440)
[M::mem_pestat] analyzing insert size distribution for orientation RF...
[M::mem_pestat] (25, 50, 75) percentile: (207, 241, 2336)
[M::mem_pestat] low and high boundaries for computing mean and std.dev: (1, 6594)
[M::mem_pestat] mean and std.dev: (847.64, 1067.11)
[M::mem_pestat] low and high boundaries for proper pairs: (1, 8723)
[M::mem_pestat] skip orientation RR as there are not enough pairs
[M::mem_pestat] skip orientation RF
[M::mem_process_seqs] Processed 80718 reads in 5.765 CPU sec, 2.797 real sec
[M::process] read 80734 sequences (20000003 bp)...
[M::mem_pestat] # candidate unique pairs for (FF, FR, RF, RR): (3, 39992, 34, 9)
[M::mem_pestat] skip orientation FF as there are not enough pairs
[M::mem_pestat] analyzing insert size distribution for orientation FR...
[M::mem_pestat] (25, 50, 75) percentile: (380, 385, 394)
[M::mem_pestat] low and high boundaries for computing mean and std.dev: (352, 422)
[M::mem_pestat] mean and std.dev: (388.11, 10.77)
[M::mem_pestat] low and high boundaries for proper pairs: (338, 436)
[M::mem_pestat] analyzing insert size distribution for orientation RF...
[M::mem_pestat] (25, 50, 75) percentile: (214, 249, 847)
[M::mem_pestat] low and high boundaries for computing mean and std.dev: (1, 2113)
[M::mem_pestat] mean and std.dev: (450.00, 397.66)
[M::mem_pestat] low and high boundaries for proper pairs: (1, 2746)
[M::mem_pestat] skip orientation RR as there are not enough pairs
[M::mem_pestat] skip orientation RF
[M::mem_process_seqs] Processed 80734 reads in 6.439 CPU sec, 3.077 real sec
[M::process] read 80708 sequences (20000013 bp)...
[M::mem_pestat] # candidate unique pairs for (FF, FR, RF, RR): (8, 40012, 23, 11)
[M::mem_pestat] skip orientation FF as there are not enough pairs
[M::mem_pestat] analyzing insert size distribution for orientation FR...
[M::mem_pestat] (25, 50, 75) percentile: (380, 386, 394)
[M::mem_pestat] low and high boundaries for computing mean and std.dev: (352, 422)
[M::mem_pestat] mean and std.dev: (388.42, 10.62)
[M::mem_pestat] low and high boundaries for proper pairs: (338, 436)
[M::mem_pestat] analyzing insert size distribution for orientation RF...
[M::mem_pestat] (25, 50, 75) percentile: (225, 249, 1171)
[M::mem_pestat] low and high boundaries for computing mean and std.dev: (1, 3063)
[M::mem_pestat] mean and std.dev: (638.76, 704.79)
[M::mem_pestat] low and high boundaries for proper pairs: (1, 4009)
[M::mem_pestat] analyzing insert size distribution for orientation RR...
[M::mem_pestat] (25, 50, 75) percentile: (1419, 1634, 6426)
[M::mem_pestat] low and high boundaries for computing mean and std.dev: (1, 16440)
[M::mem_pestat] mean and std.dev: (3049.73, 3084.72)
[M::mem_pestat] low and high boundaries for proper pairs: (1, 21447)
[M::mem_pestat] skip orientation RF
[M::mem_pestat] skip orientation RR
[M::mem_process_seqs] Processed 80708 reads in 5.942 CPU sec, 2.917 real sec
[M::process] read 80826 sequences (20000054 bp)...
[M::mem_pestat] # candidate unique pairs for (FF, FR, RF, RR): (7, 40085, 21, 4)
[M::mem_pestat] skip orientation FF as there are not enough pairs
[M::mem_pestat] analyzing insert size distribution for orientation FR...
[M::mem_pestat] (25, 50, 75) percentile: (380, 386, 394)
[M::mem_pestat] low and high boundaries for computing mean and std.dev: (352, 422)
[M::mem_pestat] mean and std.dev: (388.47, 10.66)
[M::mem_pestat] low and high boundaries for proper pairs: (338, 436)
[M::mem_pestat] analyzing insert size distribution for orientation RF...
[M::mem_pestat] (25, 50, 75) percentile: (214, 380, 2365)
[M::mem_pestat] low and high boundaries for computing mean and std.dev: (1, 6667)
[M::mem_pestat] mean and std.dev: (1115.32, 1620.54)
[M::mem_pestat] low and high boundaries for proper pairs: (1, 8818)
[M::mem_pestat] skip orientation RR as there are not enough pairs
[M::mem_pestat] skip orientation RF
[M::mem_process_seqs] Processed 80826 reads in 5.902 CPU sec, 2.841 real sec
[M::process] read 80866 sequences (20000028 bp)...
[M::mem_pestat] # candidate unique pairs for (FF, FR, RF, RR): (4, 40081, 20, 7)
[M::mem_pestat] skip orientation FF as there are not enough pairs
[M::mem_pestat] analyzing insert size distribution for orientation FR...
[M::mem_pestat] (25, 50, 75) percentile: (380, 385, 394)
[M::mem_pestat] low and high boundaries for computing mean and std.dev: (352, 422)
[M::mem_pestat] mean and std.dev: (388.17, 10.71)
[M::mem_pestat] low and high boundaries for proper pairs: (338, 436)
[M::mem_pestat] analyzing insert size distribution for orientation RF...
[M::mem_pestat] (25, 50, 75) percentile: (218, 522, 857)
[M::mem_pestat] low and high boundaries for computing mean and std.dev: (1, 2135)
[M::mem_pestat] mean and std.dev: (408.50, 244.65)
[M::mem_pestat] low and high boundaries for proper pairs: (1, 2774)
[M::mem_pestat] skip orientation RR as there are not enough pairs
[M::mem_pestat] skip orientation RF
[M::mem_process_seqs] Processed 80866 reads in 5.688 CPU sec, 2.777 real sec
[M::process] read 80798 sequences (20000396 bp)...
[M::mem_pestat] # candidate unique pairs for (FF, FR, RF, RR): (5, 40023, 24, 3)
[M::mem_pestat] skip orientation FF as there are not enough pairs
[M::mem_pestat] analyzing insert size distribution for orientation FR...
[M::mem_pestat] (25, 50, 75) percentile: (380, 386, 395)
[M::mem_pestat] low and high boundaries for computing mean and std.dev: (350, 425)
[M::mem_pestat] mean and std.dev: (388.71, 10.68)
[M::mem_pestat] low and high boundaries for proper pairs: (335, 440)
[M::mem_pestat] analyzing insert size distribution for orientation RF...
[M::mem_pestat] (25, 50, 75) percentile: (220, 249, 825)
[M::mem_pestat] low and high boundaries for computing mean and std.dev: (1, 2035)
[M::mem_pestat] mean and std.dev: (387.14, 281.86)
[M::mem_pestat] low and high boundaries for proper pairs: (1, 2640)
[M::mem_pestat] skip orientation RR as there are not enough pairs
[M::mem_pestat] skip orientation RF
[M::mem_process_seqs] Processed 80798 reads in 5.530 CPU sec, 2.683 real sec
[M::process] read 80840 sequences (20000296 bp)...
[M::mem_pestat] # candidate unique pairs for (FF, FR, RF, RR): (3, 40089, 20, 5)
[M::mem_pestat] skip orientation FF as there are not enough pairs
[M::mem_pestat] analyzing insert size distribution for orientation FR...
[M::mem_pestat] (25, 50, 75) percentile: (380, 385, 394)
[M::mem_pestat] low and high boundaries for computing mean and std.dev: (352, 422)
[M::mem_pestat] mean and std.dev: (388.29, 10.60)
[M::mem_pestat] low and high boundaries for proper pairs: (338, 436)
[M::mem_pestat] analyzing insert size distribution for orientation RF...
[M::mem_pestat] (25, 50, 75) percentile: (218, 243, 825)
[M::mem_pestat] low and high boundaries for computing mean and std.dev: (1, 2039)
[M::mem_pestat] mean and std.dev: (370.11, 383.81)
[M::mem_pestat] low and high boundaries for proper pairs: (1, 2646)
[M::mem_pestat] skip orientation RR as there are not enough pairs
[M::mem_pestat] skip orientation RF
[M::mem_process_seqs] Processed 80840 reads in 6.036 CPU sec, 2.914 real sec
[M::process] read 80752 sequences (20000313 bp)...
[M::mem_pestat] # candidate unique pairs for (FF, FR, RF, RR): (5, 40022, 27, 3)
[M::mem_pestat] skip orientation FF as there are not enough pairs
[M::mem_pestat] analyzing insert size distribution for orientation FR...
[M::mem_pestat] (25, 50, 75) percentile: (380, 386, 394)
[M::mem_pestat] low and high boundaries for computing mean and std.dev: (352, 422)
[M::mem_pestat] mean and std.dev: (388.63, 10.51)
[M::mem_pestat] low and high boundaries for proper pairs: (338, 436)
[M::mem_pestat] analyzing insert size distribution for orientation RF...
[M::mem_pestat] (25, 50, 75) percentile: (219, 451, 1816)
[M::mem_pestat] low and high boundaries for computing mean and std.dev: (1, 5010)
[M::mem_pestat] mean and std.dev: (1075.92, 1349.41)
[M::mem_pestat] low and high boundaries for proper pairs: (1, 6607)
[M::mem_pestat] skip orientation RR as there are not enough pairs
[M::mem_pestat] skip orientation RF
[M::mem_process_seqs] Processed 80752 reads in 5.542 CPU sec, 2.694 real sec
[M::process] read 80728 sequences (20000203 bp)...
[M::mem_pestat] # candidate unique pairs for (FF, FR, RF, RR): (6, 40029, 32, 4)
[M::mem_pestat] skip orientation FF as there are not enough pairs
[M::mem_pestat] analyzing insert size distribution for orientation FR...
[M::mem_pestat] (25, 50, 75) percentile: (380, 386, 394)
[M::mem_pestat] low and high boundaries for computing mean and std.dev: (352, 422)
[M::mem_pestat] mean and std.dev: (388.37, 10.59)
[M::mem_pestat] low and high boundaries for proper pairs: (338, 436)
[M::mem_pestat] analyzing insert size distribution for orientation RF...
[M::mem_pestat] (25, 50, 75) percentile: (233, 508, 1954)
[M::mem_pestat] low and high boundaries for computing mean and std.dev: (1, 5396)
[M::mem_pestat] mean and std.dev: (963.45, 1235.02)
[M::mem_pestat] low and high boundaries for proper pairs: (1, 7117)
[M::mem_pestat] skip orientation RR as there are not enough pairs
[M::mem_pestat] skip orientation RF
[M::mem_process_seqs] Processed 80728 reads in 5.768 CPU sec, 2.797 real sec
[M::process] read 80684 sequences (20000477 bp)...
[M::mem_pestat] # candidate unique pairs for (FF, FR, RF, RR): (5, 40015, 27, 6)
[M::mem_pestat] skip orientation FF as there are not enough pairs
[M::mem_pestat] analyzing insert size distribution for orientation FR...
[M::mem_pestat] (25, 50, 75) percentile: (380, 386, 394)
[M::mem_pestat] low and high boundaries for computing mean and std.dev: (352, 422)
[M::mem_pestat] mean and std.dev: (388.58, 10.58)
[M::mem_pestat] low and high boundaries for proper pairs: (338, 436)
[M::mem_pestat] analyzing insert size distribution for orientation RF...
[M::mem_pestat] (25, 50, 75) percentile: (217, 246, 857)
[M::mem_pestat] low and high boundaries for computing mean and std.dev: (1, 2137)
[M::mem_pestat] mean and std.dev: (446.00, 391.54)
[M::mem_pestat] low and high boundaries for proper pairs: (1, 2777)
[M::mem_pestat] skip orientation RR as there are not enough pairs
[M::mem_pestat] skip orientation RF
[M::mem_process_seqs] Processed 80684 reads in 5.594 CPU sec, 2.721 real sec
[M::process] read 44364 sequences (10992407 bp)...
[M::mem_pestat] # candidate unique pairs for (FF, FR, RF, RR): (3, 21992, 17, 3)
[M::mem_pestat] skip orientation FF as there are not enough pairs
[M::mem_pestat] analyzing insert size distribution for orientation FR...
[M::mem_pestat] (25, 50, 75) percentile: (380, 385, 394)
[M::mem_pestat] low and high boundaries for computing mean and std.dev: (352, 422)
[M::mem_pestat] mean and std.dev: (388.05, 10.61)
[M::mem_pestat] low and high boundaries for proper pairs: (338, 436)
[M::mem_pestat] analyzing insert size distribution for orientation RF...
[M::mem_pestat] (25, 50, 75) percentile: (219, 551, 845)
[M::mem_pestat] low and high boundaries for computing mean and std.dev: (1, 2097)
[M::mem_pestat] mean and std.dev: (546.44, 396.60)
[M::mem_pestat] low and high boundaries for proper pairs: (1, 2723)
[M::mem_pestat] skip orientation RR as there are not enough pairs
[M::mem_pestat] skip orientation RF
[M::mem_process_seqs] Processed 44364 reads in 3.396 CPU sec, 1.663 real sec
[main] Version: 0.7.17-r1188
[main] CMD: bwa mem -t 2 SC2193/core/viral_reference SC2193/adapter_trimmed/SC2193_R1_val_1_posttrim_filter.fq.gz SC2193/adapter_trimmed/SC2193_R2_val_2_posttrim_filter.fq.gz
[main] Real time: 51.868 sec; CPU: 89.727 sec
[bam_sort_core] merging from 0 files and 2 in-memory blocks...
