ARGUMENT 'distribution_file=SC2299/breseq/07_error_calibration/0.unique_only_coverage_distribution.tab' __ignored__

ARGUMENT 'plot_file=SC2299/breseq/output/calibration/0.unique_coverage.pdf' __ignored__

ARGUMENT 'deletion_propagation_pr_cutoff=0.000289143' __ignored__


R version 3.5.1 (2018-07-02) -- "Feather Spray"
Copyright (C) 2018 The R Foundation for Statistical Computing
Platform: x86_64-conda_cos6-linux-gnu (64-bit)

R is free software and comes with ABSOLUTELY NO WARRANTY.
You are welcome to redistribute it under certain conditions.
Type 'license()' or 'licence()' for distribution details.

  Natural language support but running in an English locale

R is a collaborative project with many contributors.
Type 'contributors()' for more information and
'citation()' on how to cite R or R packages in publications.

Type 'demo()' for some demos, 'help()' for on-line help, or
'help.start()' for an HTML browser interface to help.
Type 'q()' to quit R.

> ##
> ##
> ## AUTHORS
> ##
> ## Jeffrey E. Barrick <jeffrey.e.barrick@gmail.com>
> ##
> ## LICENSE AND COPYRIGHT
> ##
> ## Copyright (c) 2008-2010 Michigan State University
> ## Copyright (c) 2011-2017 The University of Texas at Austin
> ##
> ## breseq is free software; you can redistribute it and/or modify it under the
> ## terms the GNU General Public License as published by the Free Software
> ## Foundation; either version 1, or (at your option) any later version.
> ##
> ##
> 
> ## Arguments:
> ##   distribution_file=/path/to/input 
> ##   plot_file=/path/to/output 
> ##   deletion_propagation_pr_cutoff=float
> ##   plot_poisson=0 or 1
> ##   pdf_output=0 or 1
> 
> ## Returns these values printed out to output log
> ## 
> ##  1. print(nb_fit_size); # 0 if fit failed
> ##  2. print(nb_fit_mu);   # 0 if fit failed
> ##  3. print(m)q
> ##  4. print(v)
> ##  5. print(D)
> ##  6. print(deletion_propagation_coverage)
> ##     -1 if it was <1 after fitting (implying reference sequence is deleted)
> ##
> 
> plot_poisson = 0;
> pdf_output = 1;
> 
> this.print.level = 0
> #this.print.level = 2
> 
> for (e in commandArgs()) {
+   ta = strsplit(e,"=",fixed=TRUE)
+   if(! is.na(ta[[1]][2])) {
+     temp = ta[[1]][2]
+  #   temp = as.numeric(temp) #Im only inputting numbers so I added this to recognize scientific notation
+     if(substr(ta[[1]][1],nchar(ta[[1]][1]),nchar(ta[[1]][1])) == "I") {
+       temp = as.integer(temp)
+     }
+     if(substr(ta[[1]][1],nchar(ta[[1]][1]),nchar(ta[[1]][1])) == "N") {
+       temp = as.numeric(temp)
+     }
+     assign(ta[[1]][1],temp)
+     cat("assigned ",ta[[1]][1]," the value of |",temp,"|\n")
+   } else {
+     assign(ta[[1]][1],TRUE)
+     cat("assigned ",ta[[1]][1]," the value of TRUE\n")
+   }
+ }
assigned  /workspace/home/nasirja/covid-19-signal/.snakemake/conda/1f267c8dfdaa0356ebaad13adc66d00a/lib/R/bin/exec/R  the value of TRUE
assigned  --vanilla  the value of TRUE
assigned  distribution_file  the value of | SC2299/breseq/07_error_calibration/0.unique_only_coverage_distribution.tab |
assigned  plot_file  the value of | SC2299/breseq/output/calibration/0.unique_coverage.pdf |
assigned  deletion_propagation_pr_cutoff  the value of | 0.000289143 |
> 
> deletion_propagation_pr_cutoff = as.numeric(deletion_propagation_pr_cutoff);
> 
> ## initialize values to be filled in
> nb_fit_mu = 0
> nb_fit_size = 0
> m = 0
> v = 0
> D = 0
> deletion_propagation_coverage = -1
> 
> min_fraction_included_in_nb_fit = 0.01
> 
> #load data
> X<-read.table(distribution_file, header=T)
> 
> #table might be empty
> if (nrow(X) == 0)
+ {
+   #print out statistics
+   
+   print(nb_fit_size);
+   print(nb_fit_mu);
+   
+   print(m)
+   print(v)
+   print(D)
+   
+   print(deletion_propagation_coverage)
+   
+   q()
+ }
> 
> #create the distribution vector and fit
> Y<-rep(X$coverage, X$n)
> m<-mean(Y)
> v<-var(Y)
> D<-v/m
> 
> ###
> ## Smooth the distribution with a moving average window of size 5
> ## so that we can more reliably find it's maximum value
> ###
> 
> ma5 = c(1, 1, 1, 1, 1)/5;
> 
> ## filtering fails if there are too few points
> if (nrow(X) >= 5) {
+   X$ma = filter(X$n, ma5)
+ } else {
+ 	X$ma = X$n
+ }
> 
> i<-0
> max_n <- 0;
> min_i <- max( trunc(m/4), 1 ); #prevents zero for pathological distributions
> max_i <- i;
> for (i in min_i:length(X$ma))
+ {		
+   #cat(i, "\n")
+ 	if (!is.na(X$ma[i]) && (X$ma[i] > max_n))
+ 	{
+ 		max_n = X$ma[i];
+ 		max_i = i;
+ 	}
+ }
> 
> ##
> # Censor data on the right and left of the maximum
> ##
> 
> start_i = max(floor(max_i*0.5), 1);
> end_i = min(ceiling(max_i*1.5), length(X$ma));
> 
> if (start_i == end_i)
+ {
+   print(nb_fit_size);
+   print(nb_fit_mu);
+   
+   print(m)
+   print(v)
+   print(D)
+   
+   print(deletion_propagation_coverage)
+   
+   q()
+ }
> 
> cat("Fitting from coverage of ", start_i, " to ", end_i, ".\n", sep="")
Fitting from coverage of 963 to 2889.
> 
> ##
> # Coarse grain so that we are only fitting a number of bins that is 1000-2000
> #
> # The later adjustment for doing the fits this way is to multiply the means
> # of the negative binomial and poisson distributions by the binning number.
> # (The size parameter of the negative binomial doesn't need to be adjusted.)
> ##
> 
> 
> num_per_bin = trunc((end_i - start_i) / 1000)
> 
> if (num_per_bin > 1) 
+ {
+   cat("Coarse-graining for fits\n")
+   start_i_for_fits = trunc(start_i/num_per_bin)
+   end_i_for_fits = ceiling(end_i/num_per_bin)
+   num_bins = end_i - start_i  + 1
+   cat("Fitting from coverage in adjusted bins ", start_i_for_fits, " to ", end_i_for_fits, ".\n", sep="")
+   cat("Number of bins ", num_bins, ". Each bin has ", num_per_bin, " coverage values.\n", sep="")
+ 
+   # Create a new vector where we've added together values in bins
+   X.for.fits = vector("double", end_i_for_fits)
+   for (i in start_i_for_fits:end_i_for_fits)
+   {
+     for (j in 1:num_per_bin)
+     {
+       if (i*num_per_bin+j <= length(X$n))
+       {
+         X.for.fits[i] = X.for.fits[i] + X$n[i*num_per_bin+j]
+       }
+     }
+   }
+ 
+ } else {
+   ## AVOID num_per_bin equalling zero!!
+   X.for.fits = X$n[1:end_i]
+   num_per_bin = 1
+   start_i_for_fits = start_i
+   end_i_for_fits = end_i
+ }
> 
> 
> ##
> # Now perform negative binomial fitting to the censored data
> ##
> 
> inner_total<-0;
> for (i in start_i_for_fits:end_i_for_fits)
+ {
+ 	inner_total = inner_total + X.for.fits[i]; 
+ }
> # Yes: it's correct to use X here because we want the overall total total
> total_total<-sum(X$n);
> 
> ## let's preconstruct these for speed
> dist = vector("double", end_i_for_fits)
> 
> f_nb <- function(par) {
+ 
+ 	mu = par[1];
+ 	size = par[2];
+ 
+   if ((mu <= 0) || (size <= 0))
+   {
+     return(0);
+   }
+   
+   cat(start_i_for_fits, " ", end_i_for_fits, "\n");
+   cat(mu, " ", size, "\n");
+   
+ 	dist<-c()
+ 	total <- 0;
+ 	for (i in start_i_for_fits:end_i_for_fits)
+ 	{	
+ 		dist[i] <- dnbinom(i, size=size, mu=mu);
+ 		total <- total + dist[i] 
+ 	}
+ 	#print (mu, size)
+ 
+  	l <- 0;
+ 	for (i in start_i_for_fits:end_i_for_fits)
+ 	{
+ 		l <- l + ((X.for.fits[i]/inner_total)-(dist[i]/total))^2;
+ 	}
+ 	return(l);
+ }
> 
> 
> 
> ## Fit negative binomial 
> ## - allow fit to fail and set all params to zero/empty if that is the case
> nb_fit = NULL
> ## as.numeric prevents overflow in sums involving integers
> mean_estimate = sum((as.numeric(1:end_i_for_fits)*as.numeric(X.for.fits)))/sum(as.numeric(X.for.fits))
> 
> nb_fit_mu = -1
> nb_fit_size = -1
> try_size = 100000
> try_means_index = 1
> #This is a list of different means to test <-  sometimes the actual mean doesn't lead to a fit
> try_means = c(mean_estimate, 
+               end_i_for_fits, 
+               start_i_for_fits, 
+               1*(end_i_for_fits + start_i_for_fits)/4,
+               2*(end_i_for_fits + start_i_for_fits)/4,
+               3*(end_i_for_fits + start_i_for_fits)/4
+               )
>               
>               
> nb_fit = c()
> 
> while ( ((nb_fit_mu < 0) || (nb_fit_size < 0) || (nb_fit$code != 1)) && (try_size > 0.001) && (try_means_index <= length(try_means)))
+ {
+   try_size = try_size / 10
+   try_mean = try_means[try_means_index]
+ 
+   ## SIZE ESTIMATE from the censored data can be negative, so try various values instead
+   cat("Try Mean: ", try_mean, " Size: ", try_size, "\n")
+ 
+   try( suppressWarnings(nb_fit<-nlm(f_nb, c(try_mean, try_size), iterlim=1000, print.level=this.print.level)) )
+ 
+   nb_fit_mu = nb_fit$estimate[1];
+   nb_fit_size = nb_fit$estimate[2];
+ 
+   cat("Fit Mean: ", nb_fit_mu, " Size: ", nb_fit_size, " Code: ", nb_fit$code, "\n")
+   
+   if (try_size <= 0.001) {
+     try_size = 100000
+     try_means_index = try_means_index + 1
+   }
+ }
Try Mean:  1520.785  Size:  10000 
963   2889 
1520.785   10000 
963   2889 
1520.785   10000 
963   2889 
1520.787   10000 
963   2889 
1520.785   10000.01 
963   2889 
1520.785   10000 
963   2889 
1520.787   10000 
963   2889 
1520.785   10000.01 
Fit Mean:  1520.785  Size:  10000  Code:  2 
Try Mean:  1520.785  Size:  1000 
963   2889 
1520.785   1000 
963   2889 
1520.785   1000 
963   2889 
1520.787   1000 
963   2889 
1520.785   1000.001 
963   2889 
1520.785   1000 
963   2889 
1520.787   1000 
963   2889 
1520.785   1000.001 
Fit Mean:  1520.785  Size:  1000  Code:  2 
Try Mean:  1520.785  Size:  100 
963   2889 
1520.785   100 
963   2889 
1520.785   100 
963   2889 
1520.787   100 
963   2889 
1520.785   100.0001 
963   2889 
1520.785   99.99999 
963   2889 
1520.787   99.99999 
963   2889 
1520.785   100.0001 
Fit Mean:  1520.785  Size:  99.99999  Code:  2 
Try Mean:  1520.785  Size:  10 
963   2889 
1520.785   10 
963   2889 
1520.785   10 
963   2889 
1520.787   10 
963   2889 
1520.785   10.00001 
963   2889 
1520.785   9.999982 
963   2889 
1520.787   9.999982 
963   2889 
1520.785   9.999992 
963   2889 
1520.785   9.999964 
963   2889 
1520.787   9.999964 
963   2889 
1520.785   9.999974 
963   2889 
1520.785   9.999945 
963   2889 
1520.787   9.999945 
963   2889 
1520.785   9.999955 
963   2889 
1520.785   9.999927 
963   2889 
1520.787   9.999927 
963   2889 
1520.785   9.999937 
963   2889 
1520.785   9.999909 
963   2889 
1520.787   9.999909 
963   2889 
1520.785   9.999919 
963   2889 
1520.785   9.999891 
963   2889 
1520.787   9.999891 
963   2889 
1520.785   9.999901 
963   2889 
1520.785   9.999873 
963   2889 
1520.787   9.999873 
963   2889 
1520.785   9.999883 
963   2889 
1520.785   9.999854 
963   2889 
1520.787   9.999854 
963   2889 
1520.785   9.999864 
963   2889 
1520.785   9.999836 
963   2889 
1520.787   9.999836 
963   2889 
1520.785   9.999846 
963   2889 
1520.785   9.999818 
963   2889 
1520.787   9.999818 
963   2889 
1520.785   9.999828 
963   2889 
1520.785   9.9998 
963   2889 
1520.787   9.9998 
963   2889 
1520.785   9.99981 
963   2889 
1520.785   9.999782 
963   2889 
1520.787   9.999782 
963   2889 
1520.785   9.999792 
963   2889 
1520.785   9.999763 
963   2889 
1520.787   9.999763 
963   2889 
1520.785   9.999773 
963   2889 
1520.785   9.999745 
963   2889 
1520.787   9.999745 
963   2889 
1520.785   9.999755 
963   2889 
1520.785   9.999727 
963   2889 
1520.787   9.999727 
963   2889 
1520.785   9.999737 
963   2889 
1520.785   9.999709 
963   2889 
1520.787   9.999709 
963   2889 
1520.785   9.999719 
963   2889 
1520.785   9.999691 
963   2889 
1520.787   9.999691 
963   2889 
1520.785   9.999701 
963   2889 
1520.785   9.999672 
963   2889 
1520.787   9.999672 
963   2889 
1520.785   9.999682 
963   2889 
1520.785   9.999654 
963   2889 
1520.787   9.999654 
963   2889 
1520.785   9.999664 
963   2889 
1520.785   9.999636 
963   2889 
1520.787   9.999636 
963   2889 
1520.785   9.999646 
963   2889 
1520.785   9.999618 
963   2889 
1520.787   9.999618 
963   2889 
1520.785   9.999628 
963   2889 
1520.785   9.9996 
963   2889 
1520.787   9.9996 
963   2889 
1520.785   9.99961 
963   2889 
1520.785   9.999581 
963   2889 
1520.787   9.999581 
963   2889 
1520.785   9.999591 
963   2889 
1520.785   9.999563 
963   2889 
1520.787   9.999563 
963   2889 
1520.785   9.999573 
963   2889 
1520.785   9.999545 
963   2889 
1520.787   9.999545 
963   2889 
1520.785   9.999555 
963   2889 
1520.785   9.999527 
963   2889 
1520.787   9.999527 
963   2889 
1520.785   9.999537 
963   2889 
1520.785   9.999509 
963   2889 
1520.787   9.999509 
963   2889 
1520.785   9.999519 
963   2889 
1520.785   9.99949 
963   2889 
1520.787   9.99949 
963   2889 
1520.785   9.9995 
963   2889 
1520.785   9.999472 
963   2889 
1520.787   9.999472 
963   2889 
1520.785   9.999482 
963   2889 
1520.785   9.999454 
963   2889 
1520.787   9.999454 
963   2889 
1520.785   9.999464 
963   2889 
1520.785   9.999436 
963   2889 
1520.787   9.999436 
963   2889 
1520.785   9.999446 
963   2889 
1520.785   9.999418 
963   2889 
1520.787   9.999418 
963   2889 
1520.785   9.999428 
963   2889 
1520.785   9.999399 
963   2889 
1520.787   9.999399 
963   2889 
1520.785   9.999409 
963   2889 
1520.785   9.999381 
963   2889 
1520.787   9.999381 
963   2889 
1520.785   9.999391 
963   2889 
1520.785   9.999363 
963   2889 
1520.787   9.999363 
963   2889 
1520.785   9.999373 
963   2889 
1520.785   9.999345 
963   2889 
1520.787   9.999345 
963   2889 
1520.785   9.999355 
963   2889 
1520.785   9.999327 
963   2889 
1520.787   9.999327 
963   2889 
1520.785   9.999337 
963   2889 
1520.785   9.999308 
963   2889 
1520.787   9.999308 
963   2889 
1520.785   9.999318 
963   2889 
1520.785   9.99929 
963   2889 
1520.787   9.99929 
963   2889 
1520.785   9.9993 
963   2889 
1520.785   9.999272 
963   2889 
1520.787   9.999272 
963   2889 
1520.785   9.999282 
963   2889 
1520.785   9.999254 
963   2889 
1520.787   9.999254 
963   2889 
1520.785   9.999264 
963   2889 
1520.785   9.999236 
963   2889 
1520.787   9.999236 
963   2889 
1520.785   9.999246 
963   2889 
1520.785   9.999217 
963   2889 
1520.787   9.999217 
963   2889 
1520.785   9.999227 
963   2889 
1520.785   9.999199 
963   2889 
1520.787   9.999199 
963   2889 
1520.785   9.999209 
963   2889 
1520.785   9.999181 
963   2889 
1520.787   9.999181 
963   2889 
1520.785   9.999191 
963   2889 
1520.785   9.999163 
963   2889 
1520.787   9.999163 
963   2889 
1520.785   9.999173 
963   2889 
1520.785   9.999145 
963   2889 
1520.787   9.999145 
963   2889 
1520.785   9.999155 
963   2889 
1520.785   9.999126 
963   2889 
1520.787   9.999126 
963   2889 
1520.785   9.999136 
963   2889 
1520.785   9.999108 
963   2889 
1520.787   9.999108 
963   2889 
1520.785   9.999118 
963   2889 
1520.785   9.99909 
963   2889 
1520.787   9.99909 
963   2889 
1520.785   9.9991 
963   2889 
1520.785   9.999072 
963   2889 
1520.787   9.999072 
963   2889 
1520.785   9.999082 
963   2889 
1520.785   9.999054 
963   2889 
1520.787   9.999054 
963   2889 
1520.785   9.999064 
963   2889 
1520.785   9.999035 
963   2889 
1520.787   9.999035 
963   2889 
1520.785   9.999045 
963   2889 
1520.785   9.999017 
963   2889 
1520.787   9.999017 
963   2889 
1520.785   9.999027 
963   2889 
1520.785   9.998999 
963   2889 
1520.787   9.998999 
963   2889 
1520.785   9.999009 
963   2889 
1520.785   9.998981 
963   2889 
1520.787   9.998981 
963   2889 
1520.785   9.998991 
963   2889 
1520.785   9.998963 
963   2889 
1520.787   9.998963 
963   2889 
1520.785   9.998973 
963   2889 
1520.785   9.998944 
963   2889 
1520.787   9.998944 
963   2889 
1520.785   9.998954 
963   2889 
1520.785   9.998926 
963   2889 
1520.787   9.998926 
963   2889 
1520.785   9.998936 
963   2889 
1520.785   9.998908 
963   2889 
1520.787   9.998908 
963   2889 
1520.785   9.998918 
963   2889 
1520.785   9.99889 
963   2889 
1520.787   9.99889 
963   2889 
1520.785   9.9989 
963   2889 
1520.785   9.998872 
963   2889 
1520.787   9.998872 
963   2889 
1520.785   9.998882 
963   2889 
1520.785   9.998853 
963   2889 
1520.787   9.998853 
963   2889 
1520.785   9.998863 
963   2889 
1520.785   9.998835 
963   2889 
1520.787   9.998835 
963   2889 
1520.785   9.998845 
963   2889 
1520.785   9.998817 
963   2889 
1520.787   9.998817 
963   2889 
1520.785   9.998827 
963   2889 
1520.785   9.998799 
963   2889 
1520.787   9.998799 
963   2889 
1520.785   9.998809 
963   2889 
1520.785   9.998781 
963   2889 
1520.787   9.998781 
963   2889 
1520.785   9.998791 
963   2889 
1520.785   9.998762 
963   2889 
1520.787   9.998762 
963   2889 
1520.785   9.998772 
963   2889 
1520.785   9.998744 
963   2889 
1520.787   9.998744 
963   2889 
1520.785   9.998754 
963   2889 
1520.785   9.998726 
963   2889 
1520.787   9.998726 
963   2889 
1520.785   9.998736 
963   2889 
1520.785   9.998708 
963   2889 
1520.787   9.998708 
963   2889 
1520.785   9.998718 
963   2889 
1520.785   9.99869 
963   2889 
1520.787   9.99869 
963   2889 
1520.785   9.9987 
963   2889 
1520.785   9.998671 
963   2889 
1520.787   9.998671 
963   2889 
1520.785   9.998681 
963   2889 
1520.785   9.998653 
963   2889 
1520.787   9.998653 
963   2889 
1520.785   9.998663 
963   2889 
1520.785   9.998635 
963   2889 
1520.787   9.998635 
963   2889 
1520.785   9.998645 
963   2889 
1520.785   9.998617 
963   2889 
1520.787   9.998617 
963   2889 
1520.785   9.998627 
963   2889 
1520.785   9.998598 
963   2889 
1520.787   9.998598 
963   2889 
1520.785   9.998608 
963   2889 
1520.785   9.99858 
963   2889 
1520.787   9.99858 
963   2889 
1520.785   9.99859 
963   2889 
1520.785   9.998562 
963   2889 
1520.787   9.998562 
963   2889 
1520.785   9.998572 
963   2889 
1520.785   9.998544 
963   2889 
1520.787   9.998544 
963   2889 
1520.785   9.998554 
963   2889 
1520.785   9.998526 
963   2889 
1520.787   9.998526 
963   2889 
1520.785   9.998536 
963   2889 
1520.785   9.998507 
963   2889 
1520.787   9.998507 
963   2889 
1520.785   9.998517 
963   2889 
1520.785   9.998489 
963   2889 
1520.787   9.998489 
963   2889 
1520.785   9.998499 
963   2889 
1520.785   9.998471 
963   2889 
1520.787   9.998471 
963   2889 
1520.785   9.998481 
963   2889 
1520.785   9.998453 
963   2889 
1520.787   9.998453 
963   2889 
1520.785   9.998463 
963   2889 
1520.785   9.998435 
963   2889 
1520.787   9.998435 
963   2889 
1520.785   9.998445 
963   2889 
1520.785   9.998416 
963   2889 
1520.787   9.998416 
963   2889 
1520.785   9.998426 
963   2889 
1520.785   9.998398 
963   2889 
1520.787   9.998398 
963   2889 
1520.785   9.998408 
963   2889 
1520.785   9.99838 
963   2889 
1520.787   9.99838 
963   2889 
1520.785   9.99839 
963   2889 
1520.785   9.998362 
963   2889 
1520.787   9.998362 
963   2889 
1520.785   9.998372 
963   2889 
1520.785   9.998344 
963   2889 
1520.787   9.998344 
963   2889 
1520.785   9.998354 
963   2889 
1520.785   9.998325 
963   2889 
1520.787   9.998325 
963   2889 
1520.785   9.998335 
963   2889 
1520.785   9.998307 
963   2889 
1520.787   9.998307 
963   2889 
1520.785   9.998317 
963   2889 
1520.785   9.998289 
963   2889 
1520.787   9.998289 
963   2889 
1520.785   9.998299 
963   2889 
1520.785   9.998271 
963   2889 
1520.787   9.998271 
963   2889 
1520.785   9.998281 
963   2889 
1520.785   9.998253 
963   2889 
1520.787   9.998253 
963   2889 
1520.785   9.998263 
963   2889 
1520.785   9.998234 
963   2889 
1520.787   9.998234 
963   2889 
1520.785   9.998244 
963   2889 
1520.785   9.998216 
963   2889 
1520.787   9.998216 
963   2889 
1520.785   9.998226 
963   2889 
1520.785   9.998198 
963   2889 
1520.787   9.998198 
963   2889 
1520.785   9.998208 
963   2889 
1520.785   9.99818 
963   2889 
1520.787   9.99818 
963   2889 
1520.785   9.99819 
963   2889 
1520.785   9.998162 
963   2889 
1520.787   9.998162 
963   2889 
1520.785   9.998172 
963   2889 
1520.785   9.998143 
963   2889 
1520.787   9.998143 
963   2889 
1520.785   9.998153 
963   2889 
1520.785   9.998125 
963   2889 
1520.787   9.998125 
963   2889 
1520.785   9.998135 
963   2889 
1520.785   9.998107 
963   2889 
1520.787   9.998107 
963   2889 
1520.785   9.998117 
963   2889 
1520.785   9.998089 
963   2889 
1520.787   9.998089 
963   2889 
1520.785   9.998099 
963   2889 
1520.785   9.998071 
963   2889 
1520.787   9.998071 
963   2889 
1520.785   9.998081 
963   2889 
1520.785   9.998052 
963   2889 
1520.787   9.998052 
963   2889 
1520.785   9.998062 
963   2889 
1520.785   9.998034 
963   2889 
1520.787   9.998034 
963   2889 
1520.785   9.998044 
963   2889 
1520.785   9.998016 
963   2889 
1520.787   9.998016 
963   2889 
1520.785   9.998026 
963   2889 
1520.785   9.997998 
963   2889 
1520.787   9.997998 
963   2889 
1520.785   9.998008 
963   2889 
1520.785   9.99798 
963   2889 
1520.787   9.99798 
963   2889 
1520.785   9.99799 
963   2889 
1520.785   9.997961 
963   2889 
1520.787   9.997961 
963   2889 
1520.785   9.997971 
963   2889 
1520.785   9.997943 
963   2889 
1520.787   9.997943 
963   2889 
1520.785   9.997953 
963   2889 
1520.785   9.997925 
963   2889 
1520.787   9.997925 
963   2889 
1520.785   9.997935 
963   2889 
1520.785   9.997907 
963   2889 
1520.787   9.997907 
963   2889 
1520.785   9.997917 
963   2889 
1520.785   9.997889 
963   2889 
1520.787   9.997889 
963   2889 
1520.785   9.997899 
963   2889 
1520.785   9.99787 
963   2889 
1520.787   9.99787 
963   2889 
1520.785   9.99788 
963   2889 
1520.785   9.997852 
963   2889 
1520.787   9.997852 
963   2889 
1520.785   9.997862 
963   2889 
1520.785   9.997834 
963   2889 
1520.787   9.997834 
963   2889 
1520.785   9.997844 
963   2889 
1520.785   9.997816 
963   2889 
1520.787   9.997816 
963   2889 
1520.785   9.997826 
963   2889 
1520.785   9.997798 
963   2889 
1520.787   9.997798 
963   2889 
1520.785   9.997808 
963   2889 
1520.785   9.997779 
963   2889 
1520.787   9.997779 
963   2889 
1520.785   9.997789 
963   2889 
1520.785   9.997761 
963   2889 
1520.787   9.997761 
963   2889 
1520.785   9.997771 
963   2889 
1520.785   9.997743 
963   2889 
1520.787   9.997743 
963   2889 
1520.785   9.997753 
963   2889 
1520.785   9.997725 
963   2889 
1520.787   9.997725 
963   2889 
1520.785   9.997735 
963   2889 
1520.785   9.997707 
963   2889 
1520.787   9.997707 
963   2889 
1520.785   9.997717 
963   2889 
1520.785   9.997688 
963   2889 
1520.787   9.997688 
963   2889 
1520.785   9.997698 
963   2889 
1520.785   9.99767 
963   2889 
1520.787   9.99767 
963   2889 
1520.785   9.99768 
963   2889 
1520.785   9.997652 
963   2889 
1520.787   9.997652 
963   2889 
1520.785   9.997662 
963   2889 
1520.785   9.997634 
963   2889 
1520.787   9.997634 
963   2889 
1520.785   9.997644 
963   2889 
1520.785   9.997616 
963   2889 
1520.787   9.997616 
963   2889 
1520.785   9.997626 
963   2889 
1520.785   9.997597 
963   2889 
1520.787   9.997597 
963   2889 
1520.785   9.997607 
963   2889 
1520.785   9.997579 
963   2889 
1520.787   9.997579 
963   2889 
1520.785   9.997589 
963   2889 
1520.785   9.997561 
963   2889 
1520.787   9.997561 
963   2889 
1520.785   9.997571 
963   2889 
1520.785   9.997543 
963   2889 
1520.787   9.997543 
963   2889 
1520.785   9.997553 
963   2889 
1520.785   9.997525 
963   2889 
1520.787   9.997525 
963   2889 
1520.785   9.997535 
963   2889 
1520.785   9.997506 
963   2889 
1520.787   9.997506 
963   2889 
1520.785   9.997516 
963   2889 
1520.785   9.997488 
963   2889 
1520.787   9.997488 
963   2889 
1520.785   9.997498 
963   2889 
1520.785   9.99747 
963   2889 
1520.787   9.99747 
963   2889 
1520.785   9.99748 
963   2889 
1520.785   9.997452 
963   2889 
1520.787   9.997452 
963   2889 
1520.785   9.997462 
963   2889 
1520.785   9.997434 
963   2889 
1520.787   9.997434 
963   2889 
1520.785   9.997444 
963   2889 
1520.785   9.997415 
963   2889 
1520.787   9.997415 
963   2889 
1520.785   9.997425 
963   2889 
1520.785   9.997397 
963   2889 
1520.787   9.997397 
963   2889 
1520.785   9.997407 
963   2889 
1520.785   9.997379 
963   2889 
1520.787   9.997379 
963   2889 
1520.785   9.997389 
963   2889 
1520.785   9.997361 
963   2889 
1520.787   9.997361 
963   2889 
1520.785   9.997371 
963   2889 
1520.785   9.997343 
963   2889 
1520.787   9.997343 
963   2889 
1520.785   9.997353 
963   2889 
1520.785   9.997324 
963   2889 
1520.787   9.997324 
963   2889 
1520.785   9.997334 
963   2889 
1520.785   9.997306 
963   2889 
1520.787   9.997306 
963   2889 
1520.785   9.997316 
963   2889 
1520.785   9.997288 
963   2889 
1520.787   9.997288 
963   2889 
1520.785   9.997298 
963   2889 
1520.785   9.99727 
963   2889 
1520.787   9.99727 
963   2889 
1520.785   9.99728 
963   2889 
1520.785   9.997252 
963   2889 
1520.787   9.997252 
963   2889 
1520.785   9.997262 
963   2889 
1520.785   9.997233 
963   2889 
1520.787   9.997233 
963   2889 
1520.785   9.997243 
963   2889 
1520.785   9.997215 
963   2889 
1520.787   9.997215 
963   2889 
1520.785   9.997225 
963   2889 
1520.785   9.997197 
963   2889 
1520.787   9.997197 
963   2889 
1520.785   9.997207 
963   2889 
1520.785   9.997179 
963   2889 
1520.787   9.997179 
963   2889 
1520.785   9.997189 
963   2889 
1520.785   9.997161 
963   2889 
1520.787   9.997161 
963   2889 
1520.785   9.997171 
963   2889 
1520.785   9.997142 
963   2889 
1520.787   9.997142 
963   2889 
1520.785   9.997152 
963   2889 
1520.785   9.997124 
963   2889 
1520.787   9.997124 
963   2889 
1520.785   9.997134 
963   2889 
1520.785   9.997106 
963   2889 
1520.787   9.997106 
963   2889 
1520.785   9.997116 
963   2889 
1520.785   9.997088 
963   2889 
1520.787   9.997088 
963   2889 
1520.785   9.997098 
963   2889 
1520.785   9.99707 
963   2889 
1520.787   9.99707 
963   2889 
1520.785   9.99708 
963   2889 
1520.785   9.997051 
963   2889 
1520.787   9.997051 
963   2889 
1520.785   9.997061 
963   2889 
1520.785   9.997033 
963   2889 
1520.787   9.997033 
963   2889 
1520.785   9.997043 
963   2889 
1520.785   9.997015 
963   2889 
1520.787   9.997015 
963   2889 
1520.785   9.997025 
963   2889 
1520.785   9.996997 
963   2889 
1520.787   9.996997 
963   2889 
1520.785   9.997007 
963   2889 
1520.785   9.996979 
963   2889 
1520.787   9.996979 
963   2889 
1520.785   9.996989 
963   2889 
1520.785   9.99696 
963   2889 
1520.787   9.99696 
963   2889 
1520.785   9.99697 
963   2889 
1520.785   9.996942 
963   2889 
1520.787   9.996942 
963   2889 
1520.785   9.996952 
963   2889 
1520.785   9.996924 
963   2889 
1520.787   9.996924 
963   2889 
1520.785   9.996934 
963   2889 
1520.785   9.996906 
963   2889 
1520.787   9.996906 
963   2889 
1520.785   9.996916 
963   2889 
1520.785   9.996888 
963   2889 
1520.787   9.996888 
963   2889 
1520.785   9.996898 
963   2889 
1520.785   9.996869 
963   2889 
1520.787   9.996869 
963   2889 
1520.785   9.996879 
963   2889 
1520.785   9.996851 
963   2889 
1520.787   9.996851 
963   2889 
1520.785   9.996861 
963   2889 
1520.785   9.996833 
963   2889 
1520.787   9.996833 
963   2889 
1520.785   9.996843 
963   2889 
1520.785   9.996815 
963   2889 
1520.787   9.996815 
963   2889 
1520.785   9.996825 
963   2889 
1520.785   9.996797 
963   2889 
1520.787   9.996797 
963   2889 
1520.785   9.996807 
963   2889 
1520.785   9.996778 
963   2889 
1520.787   9.996778 
963   2889 
1520.785   9.996788 
963   2889 
1520.785   9.99676 
963   2889 
1520.787   9.99676 
963   2889 
1520.785   9.99677 
963   2889 
1520.785   9.996742 
963   2889 
1520.787   9.996742 
963   2889 
1520.785   9.996752 
963   2889 
1520.785   9.996724 
963   2889 
1520.787   9.996724 
963   2889 
1520.785   9.996734 
963   2889 
1520.785   9.996706 
963   2889 
1520.787   9.996706 
963   2889 
1520.785   9.996716 
963   2889 
1520.785   9.996687 
963   2889 
1520.787   9.996687 
963   2889 
1520.785   9.996697 
963   2889 
1520.785   9.996669 
963   2889 
1520.787   9.996669 
963   2889 
1520.785   9.996679 
963   2889 
1520.785   9.996651 
963   2889 
1520.787   9.996651 
963   2889 
1520.785   9.996661 
963   2889 
1520.785   9.996633 
963   2889 
1520.787   9.996633 
963   2889 
1520.785   9.996643 
963   2889 
1520.785   9.996615 
963   2889 
1520.787   9.996615 
963   2889 
1520.785   9.996625 
963   2889 
1520.785   9.996596 
963   2889 
1520.787   9.996596 
963   2889 
1520.785   9.996606 
963   2889 
1520.785   9.996578 
963   2889 
1520.787   9.996578 
963   2889 
1520.785   9.996588 
963   2889 
1520.785   9.99656 
963   2889 
1520.787   9.99656 
963   2889 
1520.785   9.99657 
963   2889 
1520.785   9.996542 
963   2889 
1520.787   9.996542 
963   2889 
1520.785   9.996552 
963   2889 
1520.785   9.996524 
963   2889 
1520.787   9.996524 
963   2889 
1520.785   9.996534 
963   2889 
1520.785   9.996505 
963   2889 
1520.787   9.996505 
963   2889 
1520.785   9.996515 
963   2889 
1520.785   9.996487 
963   2889 
1520.787   9.996487 
963   2889 
1520.785   9.996497 
963   2889 
1520.785   9.996469 
963   2889 
1520.787   9.996469 
963   2889 
1520.785   9.996479 
963   2889 
1520.785   9.996451 
963   2889 
1520.787   9.996451 
963   2889 
1520.785   9.996461 
963   2889 
1520.785   9.996433 
963   2889 
1520.787   9.996433 
963   2889 
1520.785   9.996443 
963   2889 
1520.785   9.996414 
963   2889 
1520.787   9.996414 
963   2889 
1520.785   9.996424 
963   2889 
1520.785   9.996396 
963   2889 
1520.787   9.996396 
963   2889 
1520.785   9.996406 
963   2889 
1520.785   9.996378 
963   2889 
1520.787   9.996378 
963   2889 
1520.785   9.996388 
963   2889 
1520.785   9.99636 
963   2889 
1520.787   9.99636 
963   2889 
1520.785   9.99637 
963   2889 
1520.785   9.996342 
963   2889 
1520.787   9.996342 
963   2889 
1520.785   9.996352 
963   2889 
1520.785   9.996323 
963   2889 
1520.787   9.996323 
963   2889 
1520.785   9.996333 
963   2889 
1520.785   9.996305 
963   2889 
1520.787   9.996305 
963   2889 
1520.785   9.996315 
963   2889 
1520.785   9.996287 
963   2889 
1520.787   9.996287 
963   2889 
1520.785   9.996297 
963   2889 
1520.785   9.996269 
963   2889 
1520.787   9.996269 
963   2889 
1520.785   9.996279 
963   2889 
1520.785   9.996251 
963   2889 
1520.787   9.996251 
963   2889 
1520.785   9.996261 
963   2889 
1520.785   9.996232 
963   2889 
1520.787   9.996232 
963   2889 
1520.785   9.996242 
963   2889 
1520.785   9.996214 
963   2889 
1520.787   9.996214 
963   2889 
1520.785   9.996224 
963   2889 
1520.785   9.996196 
963   2889 
1520.787   9.996196 
963   2889 
1520.785   9.996206 
963   2889 
1520.785   9.996178 
963   2889 
1520.787   9.996178 
963   2889 
1520.785   9.996188 
963   2889 
1520.785   9.99616 
963   2889 
1520.787   9.99616 
963   2889 
1520.785   9.99617 
963   2889 
1520.785   9.996141 
963   2889 
1520.787   9.996141 
963   2889 
1520.785   9.996151 
963   2889 
1520.785   9.996123 
963   2889 
1520.787   9.996123 
963   2889 
1520.785   9.996133 
963   2889 
1520.785   9.996105 
963   2889 
1520.787   9.996105 
963   2889 
1520.785   9.996115 
963   2889 
1520.785   9.996087 
963   2889 
1520.787   9.996087 
963   2889 
1520.785   9.996097 
963   2889 
1520.785   9.996069 
963   2889 
1520.787   9.996069 
963   2889 
1520.785   9.996078 
963   2889 
1520.785   9.99605 
963   2889 
1520.787   9.99605 
963   2889 
1520.785   9.99606 
963   2889 
1520.785   9.996032 
963   2889 
1520.787   9.996032 
963   2889 
1520.785   9.996042 
963   2889 
1520.785   9.996014 
963   2889 
1520.787   9.996014 
963   2889 
1520.785   9.996024 
963   2889 
1520.785   9.995996 
963   2889 
1520.787   9.995996 
963   2889 
1520.785   9.996006 
963   2889 
1520.785   9.995977 
963   2889 
1520.787   9.995977 
963   2889 
1520.785   9.995987 
963   2889 
1520.785   9.995959 
963   2889 
1520.787   9.995959 
963   2889 
1520.785   9.995969 
963   2889 
1520.785   9.995941 
963   2889 
1520.787   9.995941 
963   2889 
1520.785   9.995951 
963   2889 
1520.785   9.995923 
963   2889 
1520.787   9.995923 
963   2889 
1520.785   9.995933 
963   2889 
1520.785   9.995905 
963   2889 
1520.787   9.995905 
963   2889 
1520.785   9.995915 
963   2889 
1520.785   9.995886 
963   2889 
1520.787   9.995886 
963   2889 
1520.785   9.995896 
963   2889 
1520.785   9.995868 
963   2889 
1520.787   9.995868 
963   2889 
1520.785   9.995878 
963   2889 
1520.785   9.99585 
963   2889 
1520.787   9.99585 
963   2889 
1520.785   9.99586 
963   2889 
1520.785   9.995832 
963   2889 
1520.787   9.995832 
963   2889 
1520.785   9.995842 
963   2889 
1520.785   9.995814 
963   2889 
1520.787   9.995814 
963   2889 
1520.785   9.995824 
963   2889 
1520.785   9.995795 
963   2889 
1520.787   9.995795 
963   2889 
1520.785   9.995805 
963   2889 
1520.785   9.995777 
963   2889 
1520.787   9.995777 
963   2889 
1520.785   9.995787 
963   2889 
1520.785   9.995759 
963   2889 
1520.787   9.995759 
963   2889 
1520.785   9.995769 
963   2889 
1520.785   9.995741 
963   2889 
1520.787   9.995741 
963   2889 
1520.785   9.995751 
963   2889 
1520.785   9.995723 
963   2889 
1520.787   9.995723 
963   2889 
1520.785   9.995733 
963   2889 
1520.785   9.995704 
963   2889 
1520.787   9.995704 
963   2889 
1520.785   9.995714 
963   2889 
1520.785   9.995686 
963   2889 
1520.787   9.995686 
963   2889 
1520.785   9.995696 
963   2889 
1520.785   9.995668 
963   2889 
1520.787   9.995668 
963   2889 
1520.785   9.995678 
963   2889 
1520.785   9.99565 
963   2889 
1520.787   9.99565 
963   2889 
1520.785   9.99566 
963   2889 
1520.785   9.995632 
963   2889 
1520.787   9.995632 
963   2889 
1520.785   9.995642 
963   2889 
1520.785   9.995613 
963   2889 
1520.787   9.995613 
963   2889 
1520.785   9.995623 
963   2889 
1520.785   9.995595 
963   2889 
1520.787   9.995595 
963   2889 
1520.785   9.995605 
963   2889 
1520.785   9.995577 
963   2889 
1520.787   9.995577 
963   2889 
1520.785   9.995587 
963   2889 
1520.785   9.995559 
963   2889 
1520.787   9.995559 
963   2889 
1520.785   9.995569 
963   2889 
1520.785   9.995541 
963   2889 
1520.787   9.995541 
963   2889 
1520.785   9.995551 
963   2889 
1520.785   9.995522 
963   2889 
1520.787   9.995522 
963   2889 
1520.785   9.995532 
963   2889 
1520.785   9.995504 
963   2889 
1520.787   9.995504 
963   2889 
1520.785   9.995514 
963   2889 
1520.785   9.995486 
963   2889 
1520.787   9.995486 
963   2889 
1520.785   9.995496 
963   2889 
1520.785   9.995468 
963   2889 
1520.787   9.995468 
963   2889 
1520.785   9.995478 
963   2889 
1520.785   9.99545 
963   2889 
1520.787   9.99545 
963   2889 
1520.785   9.99546 
963   2889 
1520.785   9.995431 
963   2889 
1520.787   9.995431 
963   2889 
1520.785   9.995441 
963   2889 
1520.785   9.995413 
963   2889 
1520.787   9.995413 
963   2889 
1520.785   9.995423 
963   2889 
1520.785   9.995395 
963   2889 
1520.787   9.995395 
963   2889 
1520.785   9.995405 
963   2889 
1520.785   9.995377 
963   2889 
1520.787   9.995377 
963   2889 
1520.785   9.995387 
963   2889 
1520.785   9.995359 
963   2889 
1520.787   9.995359 
963   2889 
1520.785   9.995369 
963   2889 
1520.785   9.99534 
963   2889 
1520.787   9.99534 
963   2889 
1520.785   9.99535 
963   2889 
1520.785   9.995322 
963   2889 
1520.787   9.995322 
963   2889 
1520.785   9.995332 
963   2889 
1520.785   9.995304 
963   2889 
1520.787   9.995304 
963   2889 
1520.785   9.995314 
963   2889 
1520.785   9.995286 
963   2889 
1520.787   9.995286 
963   2889 
1520.785   9.995296 
963   2889 
1520.785   9.995268 
963   2889 
1520.787   9.995268 
963   2889 
1520.785   9.995278 
963   2889 
1520.785   9.995249 
963   2889 
1520.787   9.995249 
963   2889 
1520.785   9.995259 
963   2889 
1520.785   9.995231 
963   2889 
1520.787   9.995231 
963   2889 
1520.785   9.995241 
963   2889 
1520.785   9.995213 
963   2889 
1520.787   9.995213 
963   2889 
1520.785   9.995223 
963   2889 
1520.785   9.995195 
963   2889 
1520.787   9.995195 
963   2889 
1520.785   9.995205 
963   2889 
1520.785   9.995177 
963   2889 
1520.787   9.995177 
963   2889 
1520.785   9.995187 
963   2889 
1520.785   9.995158 
963   2889 
1520.787   9.995158 
963   2889 
1520.785   9.995168 
963   2889 
1520.785   9.99514 
963   2889 
1520.787   9.99514 
963   2889 
1520.785   9.99515 
963   2889 
1520.785   9.995122 
963   2889 
1520.787   9.995122 
963   2889 
1520.785   9.995132 
963   2889 
1520.785   9.995104 
963   2889 
1520.787   9.995104 
963   2889 
1520.785   9.995114 
963   2889 
1520.785   9.995086 
963   2889 
1520.787   9.995086 
963   2889 
1520.785   9.995096 
963   2889 
1520.785   9.995067 
963   2889 
1520.787   9.995067 
963   2889 
1520.785   9.995077 
963   2889 
1520.785   9.995049 
963   2889 
1520.787   9.995049 
963   2889 
1520.785   9.995059 
963   2889 
1520.785   9.995031 
963   2889 
1520.787   9.995031 
963   2889 
1520.785   9.995041 
963   2889 
1520.785   9.995013 
963   2889 
1520.787   9.995013 
963   2889 
1520.785   9.995023 
963   2889 
1520.785   9.994995 
963   2889 
1520.787   9.994995 
963   2889 
1520.785   9.995005 
963   2889 
1520.785   9.994976 
963   2889 
1520.787   9.994976 
963   2889 
1520.785   9.994986 
963   2889 
1520.785   9.994958 
963   2889 
1520.787   9.994958 
963   2889 
1520.785   9.994968 
963   2889 
1520.785   9.99494 
963   2889 
1520.787   9.99494 
963   2889 
1520.785   9.99495 
963   2889 
1520.785   9.994922 
963   2889 
1520.787   9.994922 
963   2889 
1520.785   9.994932 
963   2889 
1520.785   9.994904 
963   2889 
1520.787   9.994904 
963   2889 
1520.785   9.994914 
963   2889 
1520.785   9.994885 
963   2889 
1520.787   9.994885 
963   2889 
1520.785   9.994895 
963   2889 
1520.785   9.994867 
963   2889 
1520.787   9.994867 
963   2889 
1520.785   9.994877 
963   2889 
1520.785   9.994849 
963   2889 
1520.787   9.994849 
963   2889 
1520.785   9.994859 
963   2889 
1520.785   9.994831 
963   2889 
1520.787   9.994831 
963   2889 
1520.785   9.994841 
963   2889 
1520.785   9.994813 
963   2889 
1520.787   9.994813 
963   2889 
1520.785   9.994823 
963   2889 
1520.785   9.994794 
963   2889 
1520.787   9.994794 
963   2889 
1520.785   9.994804 
963   2889 
1520.785   9.994776 
963   2889 
1520.787   9.994776 
963   2889 
1520.785   9.994786 
963   2889 
1520.785   9.994758 
963   2889 
1520.787   9.994758 
963   2889 
1520.785   9.994768 
963   2889 
1520.785   9.99474 
963   2889 
1520.787   9.99474 
963   2889 
1520.785   9.99475 
963   2889 
1520.785   9.994722 
963   2889 
1520.787   9.994722 
963   2889 
1520.785   9.994732 
963   2889 
1520.785   9.994703 
963   2889 
1520.787   9.994703 
963   2889 
1520.785   9.994713 
963   2889 
1520.785   9.994685 
963   2889 
1520.787   9.994685 
963   2889 
1520.785   9.994695 
963   2889 
1520.785   9.994667 
963   2889 
1520.787   9.994667 
963   2889 
1520.785   9.994677 
963   2889 
1520.785   9.994649 
963   2889 
1520.787   9.994649 
963   2889 
1520.785   9.994659 
963   2889 
1520.785   9.994631 
963   2889 
1520.787   9.994631 
963   2889 
1520.785   9.994641 
963   2889 
1520.785   9.994612 
963   2889 
1520.787   9.994612 
963   2889 
1520.785   9.994622 
963   2889 
1520.785   9.994594 
963   2889 
1520.787   9.994594 
963   2889 
1520.785   9.994604 
963   2889 
1520.785   9.994576 
963   2889 
1520.787   9.994576 
963   2889 
1520.785   9.994586 
963   2889 
1520.785   9.994558 
963   2889 
1520.787   9.994558 
963   2889 
1520.785   9.994568 
963   2889 
1520.785   9.99454 
963   2889 
1520.787   9.99454 
963   2889 
1520.785   9.99455 
963   2889 
1520.785   9.994521 
963   2889 
1520.787   9.994521 
963   2889 
1520.785   9.994531 
963   2889 
1520.785   9.994503 
963   2889 
1520.787   9.994503 
963   2889 
1520.785   9.994513 
963   2889 
1520.785   9.994485 
963   2889 
1520.787   9.994485 
963   2889 
1520.785   9.994495 
963   2889 
1520.785   9.994467 
963   2889 
1520.787   9.994467 
963   2889 
1520.785   9.994477 
963   2889 
1520.785   9.994449 
963   2889 
1520.787   9.994449 
963   2889 
1520.785   9.994459 
963   2889 
1520.785   9.99443 
963   2889 
1520.787   9.99443 
963   2889 
1520.785   9.99444 
963   2889 
1520.785   9.994412 
963   2889 
1520.787   9.994412 
963   2889 
1520.785   9.994422 
963   2889 
1520.785   9.994394 
963   2889 
1520.787   9.994394 
963   2889 
1520.785   9.994404 
963   2889 
1520.785   9.994376 
963   2889 
1520.787   9.994376 
963   2889 
1520.785   9.994386 
963   2889 
1520.785   9.994358 
963   2889 
1520.787   9.994358 
963   2889 
1520.785   9.994368 
963   2889 
1520.785   9.994339 
963   2889 
1520.787   9.994339 
963   2889 
1520.785   9.994349 
963   2889 
1520.785   9.994321 
963   2889 
1520.787   9.994321 
963   2889 
1520.785   9.994331 
963   2889 
1520.785   9.994303 
963   2889 
1520.787   9.994303 
963   2889 
1520.785   9.994313 
963   2889 
1520.785   9.994285 
963   2889 
1520.787   9.994285 
963   2889 
1520.785   9.994295 
963   2889 
1520.785   9.994267 
963   2889 
1520.787   9.994267 
963   2889 
1520.785   9.994277 
963   2889 
1520.785   9.994248 
963   2889 
1520.787   9.994248 
963   2889 
1520.785   9.994258 
963   2889 
1520.785   9.99423 
963   2889 
1520.787   9.99423 
963   2889 
1520.785   9.99424 
963   2889 
1520.785   9.994212 
963   2889 
1520.787   9.994212 
963   2889 
1520.785   9.994222 
963   2889 
1520.785   9.994194 
963   2889 
1520.787   9.994194 
963   2889 
1520.785   9.994204 
963   2889 
1520.785   9.994176 
963   2889 
1520.787   9.994176 
963   2889 
1520.785   9.994186 
963   2889 
1520.785   9.994157 
963   2889 
1520.787   9.994157 
963   2889 
1520.785   9.994167 
963   2889 
1520.785   9.994139 
963   2889 
1520.787   9.994139 
963   2889 
1520.785   9.994149 
963   2889 
1520.785   9.994121 
963   2889 
1520.787   9.994121 
963   2889 
1520.785   9.994131 
963   2889 
1520.785   9.994103 
963   2889 
1520.787   9.994103 
963   2889 
1520.785   9.994113 
963   2889 
1520.785   9.994085 
963   2889 
1520.787   9.994085 
963   2889 
1520.785   9.994095 
963   2889 
1520.785   9.994066 
963   2889 
1520.787   9.994066 
963   2889 
1520.785   9.994076 
963   2889 
1520.785   9.994048 
963   2889 
1520.787   9.994048 
963   2889 
1520.785   9.994058 
963   2889 
1520.785   9.99403 
963   2889 
1520.787   9.99403 
963   2889 
1520.785   9.99404 
963   2889 
1520.785   9.994012 
963   2889 
1520.787   9.994012 
963   2889 
1520.785   9.994022 
963   2889 
1520.785   9.993994 
963   2889 
1520.787   9.993994 
963   2889 
1520.785   9.994004 
963   2889 
1520.785   9.993975 
963   2889 
1520.787   9.993975 
963   2889 
1520.785   9.993985 
963   2889 
1520.785   9.993957 
963   2889 
1520.787   9.993957 
963   2889 
1520.785   9.993967 
963   2889 
1520.785   9.993939 
963   2889 
1520.787   9.993939 
963   2889 
1520.785   9.993949 
963   2889 
1520.785   9.993921 
963   2889 
1520.787   9.993921 
963   2889 
1520.785   9.993931 
963   2889 
1520.785   9.993903 
963   2889 
1520.787   9.993903 
963   2889 
1520.785   9.993913 
963   2889 
1520.785   9.993884 
963   2889 
1520.787   9.993884 
963   2889 
1520.785   9.993894 
963   2889 
1520.785   9.993866 
963   2889 
1520.787   9.993866 
963   2889 
1520.785   9.993876 
963   2889 
1520.785   9.993848 
963   2889 
1520.787   9.993848 
963   2889 
1520.785   9.993858 
963   2889 
1520.785   9.99383 
963   2889 
1520.787   9.99383 
963   2889 
1520.785   9.99384 
963   2889 
1520.785   9.993812 
963   2889 
1520.787   9.993812 
963   2889 
1520.785   9.993822 
963   2889 
1520.785   9.993793 
963   2889 
1520.787   9.993793 
963   2889 
1520.785   9.993803 
963   2889 
1520.785   9.993775 
963   2889 
1520.787   9.993775 
963   2889 
1520.785   9.993785 
963   2889 
1520.785   9.993757 
963   2889 
1520.787   9.993757 
963   2889 
1520.785   9.993767 
963   2889 
1520.785   9.993739 
963   2889 
1520.787   9.993739 
963   2889 
1520.785   9.993749 
963   2889 
1520.785   9.993721 
963   2889 
1520.787   9.993721 
963   2889 
1520.785   9.99373 
963   2889 
1520.785   9.993702 
963   2889 
1520.787   9.993702 
963   2889 
1520.785   9.993712 
963   2889 
1520.785   9.993684 
963   2889 
1520.787   9.993684 
963   2889 
1520.785   9.993694 
963   2889 
1520.785   9.993666 
963   2889 
1520.787   9.993666 
963   2889 
1520.785   9.993676 
963   2889 
1520.785   9.993648 
963   2889 
1520.787   9.993648 
963   2889 
1520.785   9.993658 
963   2889 
1520.785   9.993629 
963   2889 
1520.787   9.993629 
963   2889 
1520.785   9.993639 
963   2889 
1520.785   9.993611 
963   2889 
1520.787   9.993611 
963   2889 
1520.785   9.993621 
963   2889 
1520.785   9.993593 
963   2889 
1520.787   9.993593 
963   2889 
1520.785   9.993603 
963   2889 
1520.785   9.993575 
963   2889 
1520.787   9.993575 
963   2889 
1520.785   9.993585 
963   2889 
1520.785   9.993557 
963   2889 
1520.787   9.993557 
963   2889 
1520.785   9.993567 
963   2889 
1520.785   9.993538 
963   2889 
1520.787   9.993538 
963   2889 
1520.785   9.993548 
963   2889 
1520.785   9.99352 
963   2889 
1520.787   9.99352 
963   2889 
1520.785   9.99353 
963   2889 
1520.785   9.993502 
963   2889 
1520.787   9.993502 
963   2889 
1520.785   9.993512 
963   2889 
1520.785   9.993484 
963   2889 
1520.787   9.993484 
963   2889 
1520.785   9.993494 
963   2889 
1520.785   9.993466 
963   2889 
1520.787   9.993466 
963   2889 
1520.785   9.993476 
963   2889 
1520.785   9.993447 
963   2889 
1520.787   9.993447 
963   2889 
1520.785   9.993457 
963   2889 
1520.785   9.993429 
963   2889 
1520.787   9.993429 
963   2889 
1520.785   9.993439 
963   2889 
1520.785   9.993411 
963   2889 
1520.787   9.993411 
963   2889 
1520.785   9.993421 
963   2889 
1520.785   9.993393 
963   2889 
1520.787   9.993393 
963   2889 
1520.785   9.993403 
963   2889 
1520.785   9.993375 
963   2889 
1520.787   9.993375 
963   2889 
1520.785   9.993385 
963   2889 
1520.785   9.993356 
963   2889 
1520.787   9.993356 
963   2889 
1520.785   9.993366 
963   2889 
1520.785   9.993338 
963   2889 
1520.787   9.993338 
963   2889 
1520.785   9.993348 
963   2889 
1520.785   9.99332 
963   2889 
1520.787   9.99332 
963   2889 
1520.785   9.99333 
963   2889 
1520.785   9.993302 
963   2889 
1520.787   9.993302 
963   2889 
1520.785   9.993312 
963   2889 
1520.785   9.993284 
963   2889 
1520.787   9.993284 
963   2889 
1520.785   9.993294 
963   2889 
1520.785   9.993265 
963   2889 
1520.787   9.993265 
963   2889 
1520.785   9.993275 
963   2889 
1520.785   9.993247 
963   2889 
1520.787   9.993247 
963   2889 
1520.785   9.993257 
963   2889 
1520.785   9.993229 
963   2889 
1520.787   9.993229 
963   2889 
1520.785   9.993239 
963   2889 
1520.785   9.993211 
963   2889 
1520.787   9.993211 
963   2889 
1520.785   9.993221 
963   2889 
1520.785   9.993193 
963   2889 
1520.787   9.993193 
963   2889 
1520.785   9.993203 
963   2889 
1520.785   9.993174 
963   2889 
1520.787   9.993174 
963   2889 
1520.785   9.993184 
963   2889 
1520.785   9.993156 
963   2889 
1520.787   9.993156 
963   2889 
1520.785   9.993166 
963   2889 
1520.785   9.993138 
963   2889 
1520.787   9.993138 
963   2889 
1520.785   9.993148 
963   2889 
1520.785   9.99312 
963   2889 
1520.787   9.99312 
963   2889 
1520.785   9.99313 
963   2889 
1520.785   9.993102 
963   2889 
1520.787   9.993102 
963   2889 
1520.785   9.993112 
963   2889 
1520.785   9.993083 
963   2889 
1520.787   9.993083 
963   2889 
1520.785   9.993093 
963   2889 
1520.785   9.993065 
963   2889 
1520.787   9.993065 
963   2889 
1520.785   9.993075 
963   2889 
1520.785   9.993047 
963   2889 
1520.787   9.993047 
963   2889 
1520.785   9.993057 
963   2889 
1520.785   9.993029 
963   2889 
1520.787   9.993029 
963   2889 
1520.785   9.993039 
963   2889 
1520.785   9.993011 
963   2889 
1520.787   9.993011 
963   2889 
1520.785   9.993021 
963   2889 
1520.785   9.992992 
963   2889 
1520.787   9.992992 
963   2889 
1520.785   9.993002 
963   2889 
1520.785   9.992974 
963   2889 
1520.787   9.992974 
963   2889 
1520.785   9.992984 
963   2889 
1520.785   9.992956 
963   2889 
1520.787   9.992956 
963   2889 
1520.785   9.992966 
963   2889 
1520.785   9.992938 
963   2889 
1520.787   9.992938 
963   2889 
1520.785   9.992948 
963   2889 
1520.785   9.99292 
963   2889 
1520.787   9.99292 
963   2889 
1520.785   9.99293 
963   2889 
1520.785   9.992901 
963   2889 
1520.787   9.992901 
963   2889 
1520.785   9.992911 
963   2889 
1520.785   9.992883 
963   2889 
1520.787   9.992883 
963   2889 
1520.785   9.992893 
963   2889 
1520.785   9.992865 
963   2889 
1520.787   9.992865 
963   2889 
1520.785   9.992875 
963   2889 
1520.785   9.992847 
963   2889 
1520.787   9.992847 
963   2889 
1520.785   9.992857 
963   2889 
1520.785   9.992829 
963   2889 
1520.787   9.992829 
963   2889 
1520.785   9.992839 
963   2889 
1520.785   9.99281 
963   2889 
1520.787   9.99281 
963   2889 
1520.785   9.99282 
963   2889 
1520.785   9.992792 
963   2889 
1520.787   9.992792 
963   2889 
1520.785   9.992802 
963   2889 
1520.785   9.992774 
963   2889 
1520.787   9.992774 
963   2889 
1520.785   9.992784 
963   2889 
1520.785   9.992756 
963   2889 
1520.787   9.992756 
963   2889 
1520.785   9.992766 
963   2889 
1520.785   9.992738 
963   2889 
1520.787   9.992738 
963   2889 
1520.785   9.992748 
963   2889 
1520.785   9.992719 
963   2889 
1520.787   9.992719 
963   2889 
1520.785   9.992729 
963   2889 
1520.785   9.992701 
963   2889 
1520.787   9.992701 
963   2889 
1520.785   9.992711 
963   2889 
1520.785   9.992683 
963   2889 
1520.787   9.992683 
963   2889 
1520.785   9.992693 
963   2889 
1520.785   9.992665 
963   2889 
1520.787   9.992665 
963   2889 
1520.785   9.992675 
963   2889 
1520.785   9.992647 
963   2889 
1520.787   9.992647 
963   2889 
1520.785   9.992657 
963   2889 
1520.785   9.992628 
963   2889 
1520.787   9.992628 
963   2889 
1520.785   9.992638 
963   2889 
1520.785   9.99261 
963   2889 
1520.787   9.99261 
963   2889 
1520.785   9.99262 
963   2889 
1520.785   9.992592 
963   2889 
1520.787   9.992592 
963   2889 
1520.785   9.992602 
963   2889 
1520.785   9.992574 
963   2889 
1520.787   9.992574 
963   2889 
1520.785   9.992584 
963   2889 
1520.785   9.992556 
963   2889 
1520.787   9.992556 
963   2889 
1520.785   9.992566 
963   2889 
1520.785   9.992537 
963   2889 
1520.787   9.992537 
963   2889 
1520.785   9.992547 
963   2889 
1520.785   9.992519 
963   2889 
1520.787   9.992519 
963   2889 
1520.785   9.992529 
963   2889 
1520.785   9.992501 
963   2889 
1520.787   9.992501 
963   2889 
1520.785   9.992511 
963   2889 
1520.785   9.992483 
963   2889 
1520.787   9.992483 
963   2889 
1520.785   9.992493 
963   2889 
1520.785   9.992465 
963   2889 
1520.787   9.992465 
963   2889 
1520.785   9.992475 
963   2889 
1520.785   9.992446 
963   2889 
1520.787   9.992446 
963   2889 
1520.785   9.992456 
963   2889 
1520.785   9.992428 
963   2889 
1520.787   9.992428 
963   2889 
1520.785   9.992438 
963   2889 
1520.785   9.99241 
963   2889 
1520.787   9.99241 
963   2889 
1520.785   9.99242 
963   2889 
1520.785   9.992392 
963   2889 
1520.787   9.992392 
963   2889 
1520.785   9.992402 
963   2889 
1520.785   9.992374 
963   2889 
1520.787   9.992374 
963   2889 
1520.785   9.992384 
963   2889 
1520.785   9.992355 
963   2889 
1520.787   9.992355 
963   2889 
1520.785   9.992365 
963   2889 
1520.785   9.992337 
963   2889 
1520.787   9.992337 
963   2889 
1520.785   9.992347 
963   2889 
1520.785   9.992319 
963   2889 
1520.787   9.992319 
963   2889 
1520.785   9.992329 
963   2889 
1520.785   9.992301 
963   2889 
1520.787   9.992301 
963   2889 
1520.785   9.992311 
963   2889 
1520.785   9.992283 
963   2889 
1520.787   9.992283 
963   2889 
1520.785   9.992293 
963   2889 
1520.785   9.992264 
963   2889 
1520.787   9.992264 
963   2889 
1520.785   9.992274 
963   2889 
1520.785   9.992246 
963   2889 
1520.787   9.992246 
963   2889 
1520.785   9.992256 
963   2889 
1520.785   9.992228 
963   2889 
1520.787   9.992228 
963   2889 
1520.785   9.992238 
963   2889 
1520.785   9.99221 
963   2889 
1520.787   9.99221 
963   2889 
1520.785   9.99222 
963   2889 
1520.785   9.992192 
963   2889 
1520.787   9.992192 
963   2889 
1520.785   9.992202 
963   2889 
1520.785   9.992173 
963   2889 
1520.787   9.992173 
963   2889 
1520.785   9.992183 
963   2889 
1520.785   9.992155 
963   2889 
1520.787   9.992155 
963   2889 
1520.785   9.992165 
963   2889 
1520.785   9.992137 
963   2889 
1520.787   9.992137 
963   2889 
1520.785   9.992147 
963   2889 
1520.785   9.992119 
963   2889 
1520.787   9.992119 
963   2889 
1520.785   9.992129 
963   2889 
1520.785   9.992101 
963   2889 
1520.787   9.992101 
963   2889 
1520.785   9.992111 
963   2889 
1520.785   9.992082 
963   2889 
1520.787   9.992082 
963   2889 
1520.785   9.992092 
963   2889 
1520.785   9.992064 
963   2889 
1520.787   9.992064 
963   2889 
1520.785   9.992074 
963   2889 
1520.785   9.992046 
963   2889 
1520.787   9.992046 
963   2889 
1520.785   9.992056 
963   2889 
1520.785   9.992028 
963   2889 
1520.787   9.992028 
963   2889 
1520.785   9.992038 
963   2889 
1520.785   9.99201 
963   2889 
1520.787   9.99201 
963   2889 
1520.785   9.99202 
963   2889 
1520.785   9.991991 
963   2889 
1520.787   9.991991 
963   2889 
1520.785   9.992001 
963   2889 
1520.785   9.991973 
963   2889 
1520.787   9.991973 
963   2889 
1520.785   9.991983 
963   2889 
1520.785   9.991955 
963   2889 
1520.787   9.991955 
963   2889 
1520.785   9.991965 
963   2889 
1520.785   9.991937 
963   2889 
1520.787   9.991937 
963   2889 
1520.785   9.991947 
963   2889 
1520.785   9.991919 
963   2889 
1520.787   9.991919 
963   2889 
1520.785   9.991929 
963   2889 
1520.785   9.9919 
963   2889 
1520.787   9.9919 
963   2889 
1520.785   9.99191 
963   2889 
1520.785   9.991882 
963   2889 
1520.787   9.991882 
963   2889 
1520.785   9.991892 
963   2889 
1520.785   9.991864 
963   2889 
1520.787   9.991864 
963   2889 
1520.785   9.991874 
963   2889 
1520.785   9.991846 
963   2889 
1520.787   9.991846 
963   2889 
1520.785   9.991856 
963   2889 
1520.785   9.991828 
963   2889 
1520.787   9.991828 
963   2889 
1520.785   9.991838 
963   2889 
1520.785   9.991809 
963   2889 
1520.787   9.991809 
963   2889 
1520.785   9.991819 
963   2889 
1520.785   9.991791 
963   2889 
1520.787   9.991791 
963   2889 
1520.785   9.991801 
963   2889 
1520.785   9.991773 
963   2889 
1520.787   9.991773 
963   2889 
1520.785   9.991783 
963   2889 
1520.785   9.991755 
963   2889 
1520.787   9.991755 
963   2889 
1520.785   9.991765 
963   2889 
1520.785   9.991737 
963   2889 
1520.787   9.991737 
963   2889 
1520.785   9.991747 
963   2889 
1520.785   9.991718 
963   2889 
1520.787   9.991718 
963   2889 
1520.785   9.991728 
963   2889 
1520.785   9.9917 
963   2889 
1520.787   9.9917 
963   2889 
1520.785   9.99171 
963   2889 
1520.785   9.991682 
963   2889 
1520.787   9.991682 
963   2889 
1520.785   9.991692 
963   2889 
1520.785   9.991664 
963   2889 
1520.787   9.991664 
963   2889 
1520.785   9.991674 
963   2889 
1520.785   9.991646 
963   2889 
1520.787   9.991646 
963   2889 
1520.785   9.991656 
963   2889 
1520.785   9.991627 
963   2889 
1520.787   9.991627 
963   2889 
1520.785   9.991637 
963   2889 
1520.785   9.991609 
963   2889 
1520.787   9.991609 
963   2889 
1520.785   9.991619 
963   2889 
1520.785   9.991591 
963   2889 
1520.787   9.991591 
963   2889 
1520.785   9.991601 
963   2889 
1520.785   9.991573 
963   2889 
1520.787   9.991573 
963   2889 
1520.785   9.991583 
963   2889 
1520.785   9.991555 
963   2889 
1520.787   9.991555 
963   2889 
1520.785   9.991564 
963   2889 
1520.785   9.991536 
963   2889 
1520.787   9.991536 
963   2889 
1520.785   9.991546 
Fit Mean:  1787.076  Size:  -5083.047  Code:  1 
Try Mean:  1520.785  Size:  1 
963   2889 
1520.785   1 
963   2889 
1520.785   1 
963   2889 
1520.787   1 
963   2889 
1520.785   1.000001 
963   2889 
1520.785   0.9999861 
963   2889 
1520.787   0.9999861 
963   2889 
1520.785   0.9999871 
Fit Mean:  1520.524  Size:  -5.857404  Code:  1 
Try Mean:  1520.785  Size:  0.1 
963   2889 
1520.785   0.1 
963   2889 
1520.785   0.1 
963   2889 
1520.787   0.1 
963   2889 
1520.785   0.100001 
963   2889 
1520.785   0.09998796 
963   2889 
1520.787   0.09998796 
963   2889 
1520.785   0.09998896 
Fit Mean:  1520.561  Size:  -5.194216  Code:  1 
Try Mean:  1520.785  Size:  0.01 
963   2889 
1520.785   0.01 
963   2889 
1520.785   0.01 
963   2889 
1520.787   0.01 
963   2889 
1520.785   0.010001 
963   2889 
1520.785   0.009988178 
963   2889 
1520.787   0.009988178 
963   2889 
1520.785   0.009989178 
Fit Mean:  1520.568  Size:  -5.094174  Code:  1 
Try Mean:  1520.785  Size:  0.001 
963   2889 
1520.785   0.001 
963   2889 
1520.785   0.001 
963   2889 
1520.787   0.001 
963   2889 
1520.785   0.001001 
963   2889 
1520.785   0.0009882003 
963   2889 
1520.787   0.0009882003 
963   2889 
1520.785   0.0009892003 
Fit Mean:  1520.56  Size:  -5.186948  Code:  1 
Try Mean:  2889  Size:  10000 
963   2889 
2889   10000 
963   2889 
2889   10000 
963   2889 
2889.003   10000 
963   2889 
2889   10000.01 
963   2889 
2889   10000 
963   2889 
2889.003   10000 
963   2889 
2889   10000.01 
Fit Mean:  2889  Size:  10000  Code:  2 
Try Mean:  2889  Size:  1000 
963   2889 
2889   1000 
963   2889 
2889   1000 
963   2889 
2889.003   1000 
963   2889 
2889   1000.001 
963   2889 
2889   1000 
963   2889 
2889.003   1000 
963   2889 
2889   1000.001 
Fit Mean:  2889  Size:  1000  Code:  2 
Try Mean:  2889  Size:  100 
963   2889 
2889   100 
963   2889 
2889   100 
963   2889 
2889.003   100 
963   2889 
2889   100.0001 
963   2889 
2889   99.99999 
963   2889 
2889.003   99.99999 
963   2889 
2889   100.0001 
Fit Mean:  2889  Size:  99.99999  Code:  2 
Try Mean:  2889  Size:  10 
963   2889 
2889   10 
963   2889 
2889   10 
963   2889 
2889.003   10 
963   2889 
2889   10.00001 
963   2889 
2889   9.999973 
963   2889 
2889.003   9.999973 
963   2889 
2889   9.999983 
Fit Mean:  2891.923  Size:  -43.63166  Code:  1 
Try Mean:  2889  Size:  1 
963   2889 
2889   1 
963   2889 
2889   1 
963   2889 
2889.003   1 
963   2889 
2889   1.000001 
963   2889 
2889   1.000036 
963   2889 
2889.003   1.000036 
963   2889 
2889   1.000037 
963   2889 
2889.002   2.697915 
963   2889 
2889.005   2.697915 
963   2889 
2889.002   2.697918 
963   2889 
2889.003   3.102738 
963   2889 
2889.006   3.102738 
963   2889 
2889.003   3.102742 
963   2889 
2889.003   3.250363 
963   2889 
2889.006   3.250363 
963   2889 
2889.003   3.250367 
963   2889 
2889.003   3.263818 
963   2889 
2889.006   3.263818 
963   2889 
2889.003   3.263821 
963   2889 
2889.003   3.264173 
963   2889 
2889.006   3.264173 
963   2889 
2889.003   3.264176 
963   2889 
2889.003   3.264267 
963   2889 
2889.006   3.264267 
963   2889 
2889.003   3.264271 
963   2889 
2889.001   3.264715 
963   2889 
2889.004   3.264715 
963   2889 
2889.001   3.264718 
963   2889 
2888.996   3.265261 
963   2889 
2888.999   3.265261 
963   2889 
2888.996   3.265264 
963   2889 
2888.982   3.266269 
963   2889 
2888.985   3.266269 
963   2889 
2888.982   3.266273 
963   2889 
2888.946   3.267861 
963   2889 
2888.948   3.267861 
963   2889 
2888.946   3.267864 
963   2889 
2888.845   3.270558 
963   2889 
2888.848   3.270558 
963   2889 
2888.845   3.270561 
963   2889 
2888.578   3.275101 
963   2889 
2888.581   3.275101 
963   2889 
2888.578   3.275104 
963   2889 
2887.871   3.283015 
963   2889 
2887.874   3.283015 
963   2889 
2887.871   3.283019 
963   2889 
2886.007   3.29727 
963   2889 
2886.009   3.29727 
963   2889 
2886.007   3.297273 
963   2889 
2881.072   3.324348 
963   2889 
2881.075   3.324348 
963   2889 
2881.072   3.324351 
963   2889 
2867.806   3.379926 
963   2889 
2867.809   3.379926 
963   2889 
2867.806   3.37993 
963   2889 
2829.482   3.512095 
963   2889 
2829.485   3.512095 
963   2889 
2829.482   3.512098 
963   2889 
2662.928   4.032922 
963   2889 
2662.931   4.032922 
963   2889 
2662.928   4.032926 
963   2889 
2428.617   4.767392 
963   2889 
2428.619   4.767392 
963   2889 
2428.617   4.767397 
963   2889 
2554.791   4.355058 
963   2889 
2489.277   4.569155 
963   2889 
2489.28   4.569155 
963   2889 
2489.277   4.56916 
963   2889 
2485.234   4.571605 
963   2889 
2485.236   4.571605 
963   2889 
2485.234   4.571609 
963   2889 
2480.448   4.520812 
963   2889 
2480.45   4.520812 
963   2889 
2480.448   4.520817 
963   2889 
2490.527   4.438765 
963   2889 
2490.53   4.438765 
963   2889 
2490.527   4.438769 
963   2889 
2505.024   4.361961 
963   2889 
2505.026   4.361961 
963   2889 
2505.024   4.361966 
Fit Mean:  2505.024  Size:  4.361961  Code:  1 
> 
> cat("Final Fit Mean: ", nb_fit_mu, " Size: ", nb_fit_size, " Code: ", nb_fit$code, " Try Size: ", try_size, "\n")
Final Fit Mean:  2505.024  Size:  4.361961  Code:  1  Try Size:  1 
> 
> ## Fit failed = reset parameters so graphing and output code can recognize this
> if ((nb_fit_mu < 0) || (nb_fit_size < 0) || (nb_fit$code != 1))
+ {
+   nb_fit_mu = 0
+   nb_fit_size = 0
+ }
> 
> 
> ## things can go wrong with fitting and we can still end up with invalid values
> 
> fit_nb = c()
> included_fract = 0
> if (nb_fit_mu > 0)
+ {
+   end_fract = pnbinom(end_i_for_fits, mu = nb_fit_mu, size=nb_fit_size)
+   start_fract = pnbinom(start_i_for_fits, mu = nb_fit_mu, size=nb_fit_size)
+   included_fract = end_fract-start_fract;
+ 
+   if (included_fract >= 0.01) {
+ 
+     ## Adjust so that we are back in full coords before making fit!!
+     if (num_per_bin > 1) 
+     {
+       nb_fit_mu = nb_fit_mu * num_per_bin
+     }
+     fit_nb = dnbinom(0:max(X$coverage), mu = nb_fit_mu, size=nb_fit_size)*inner_total/included_fract;
+   }
+ }
> 
> ## If an insufficient amount of fit was included, then invalidate it
> if (included_fract < 0.01)
+ {
+   nb_fit_mu = 0
+   nb_fit_size = 0
+ }
> 
> f_p <- function(par) {
+ 
+   lambda = par[1];
+ 
+   if (lambda <= 0)
+   {
+     return(0);
+   }
+   
+ 	total <- 0;
+ 	for (i in start_i_for_fits:end_i_for_fits)
+ 	{	
+     #cat(i, " ", lambda, "\n");
+ 		dist[i] <- dpois(i, lambda=lambda);
+ 		total <- total + dist[i] 
+ 	}
+ 	#print (total)
+ 
+  	l <- 0;
+ 	for (i in start_i_for_fits:end_i_for_fits)
+ 	{
+ 		l <- l + ((X.for.fits[i]/inner_total)-(dist[i]/total))^2;
+ 	}
+ 	return(l);
+ }
> 
> 
> ## Fit Poisson 
> ## - allow fit to fail and set all params to zero/empty if that is the case
> 
> p_fit = NULL
> try(suppressWarnings(p_fit<-nlm(f_p, c(m), print.level=this.print.level)))
> 
> fit_p = c()
> if (!is.null(p_fit) && (p_fit$estimate[1] > 0))
+ {
+   #print (nb_fit$estimate[1])
+   p_fit_lambda = p_fit$estimate[1];
+   #print(0:max(X$coverage))
+ 
+   end_fract = ppois(end_i_for_fits, lambda = p_fit_lambda)
+   start_fract = ppois(start_i_for_fits, lambda = p_fit_lambda)
+   included_fract = end_fract-start_fract;
+ 
+   ## Adjust so that we are back in full coords before making fit!!
+   if (num_per_bin > 1) 
+   {
+     p_fit_lambda = p_fit_lambda * num_per_bin
+   }
+   fit_p<-dpois(0:max(X$coverage), lambda = p_fit_lambda)*inner_total/included_fract;
+ }
> 
> 
> ## Graphing
> ##
> ## don't graph very high values with very little coverage
> i<-max_i
> while (i <= length(X$n) && X$n[i]>0.01*max_n)
+ {		
+ 	i <- i+1;
+ }
> graph_end_i <-i
> 
> ## Ths leaves enough room to the right of the peak for the legend
> graph_end_i = max(floor(2.2 * max_i), graph_end_i);
> 
> ## graphics settings
> my_pch = 21
> my_col = "black";
> my_col_censored = "red";
> 
> if (pdf_output == 0) {
+   
+   ## bitmap() requires ghostscript to be installed.
+   ## taa=4, gaa=2 options NOT compatible with earlier R versions!
+   ## units = "px" NOT compatible with even earlier R versions!
+   
+   if(!capabilities(what = "png"))
+   {
+     ## fallback to ghostscript
+     bitmap(plot_file, height=6, width=7, type = "png16m", res = 72, pointsize=18)
+   } else {
+     ## use X11 function, which gives better resolution
+     png(plot_file, height=6, width=7, units ="in", res = 72, pointsize=18)
+     par(family="sans")
+   }
+ } else {
+   pdf(plot_file, height=6, width=7)
+   par(family="sans")
+ }
> 
> par(mar=c(5.5,7.5,3,1.5));
> 
> max_y = 0
> if (plot_poisson) {
+ 	max_y = max(X$n, fit_p, fit_nb)
+ } else {
+ 	max_y = max(X$n, fit_nb)
+ }
> 
> plot(0:10, 0:10, type="n", lty="solid", ylim=c(0, max_y)*1.05, xlim=c(0, graph_end_i), lwd=1, xaxs="i", yaxs="i", axes=F, las=1, main="Coverage Distribution at Unique-Only Positions", xlab="Coverage depth (reads)", ylab="", cex.lab=1.2, cex.axis=1.2)
> 
> mtext(side = 2, text = "Number of reference positions", line = 5.5, cex=1.2)
> 
> sciNotation <- function(x, digits = 1) {
+     if (length(x) > 1) {
+         return(append(sciNotation(x[1]), sciNotation(x[-1])))     
+ 	} 
+     if (!x) return(0) 
+ 
+ 	exponent <- floor(log10(x)) 
+     base <- round(x / 10^exponent, digits)     
+ 	as.expression(substitute(base %*% 10^exponent, list(base = base, exponent = exponent))) 
+ }
> 
> #axis(2, cex.lab=1.2, las=1, cex.axis=1.2, labels=T, at=(0:6)*50000)
> axis(2, cex.lab=1.2, las=1, cex.axis=1.2, at = axTicks(2), labels = sciNotation(axTicks(2), 1))
> axis(1, cex.lab=1.2, cex.axis=1.2, labels=T)
> box()
> 
> #graph the coverage as points
> fit_data <- subset(X, (coverage>=start_i) & (coverage<=end_i) );
> points(fit_data$coverage, fit_data$n, pch=my_pch, col=my_col, bg="white", cex=1.2)
> 
> #graph the censored coverage as red points
> cat(start_i, " ", end_i, "\n", sep="")
963 2889
> 
> censored_data <- subset(X, (coverage<start_i) | (coverage>end_i) );
> points(censored_data$coverage, censored_data$n, pch=my_pch, col=my_col_censored, bg="white", cex=1.2)
> 
> #graph the poisson fit IF REQUESTED
> if (plot_poisson) {
+ 	lines(0:max(X$coverage), fit_p, lwd=3, lty="22", col="black");
+ }
> 
> #graph the negative binomial fit
> if (nb_fit_mu > 0) {
+   lines(0:max(X$coverage), fit_nb, lwd=3, col="black");
+ }
> 
> if (plot_poisson) {
+ 	legend("topright", c("Coverage distribution", "Censored data", "Negative binomial", "Poisson"), lty=c("blank","blank","solid","22"), lwd=c(1,1,2,2), pch=c(my_pch, my_pch, -1, -1), col=c("black", "red", "black", "black"), bty="n")
+ } else {
+ 	legend("topright", c("Coverage distribution", "Censored data", "Negative binomial"), lty=c("blank","blank","solid"), lwd=c(1,1,2), pch=c(my_pch, my_pch, -1), col=c("black", "red", "black"), bty="n")
+ }
> 
> dev.off()
null device 
          1 
> 
> ## Fit the marginal value that we use for propagating deletions
> 
> if (nb_fit_mu > 0) {
+   cat(nb_fit_size, " ", nb_fit_mu, "\n")
+   deletion_propagation_coverage = suppressWarnings(qnbinom(deletion_propagation_pr_cutoff, size = nb_fit_size, mu = nb_fit_mu))
+ } else {
+   cat("Fallback to calculating off an estimate of just variance = mu + mu^2/size\n")
+   size_estimate = (1/(v-m))*(m*m)
+   cat("Mu estimate=", m," Size estimate =", size_estimate, "\n")
+   deletion_propagation_coverage = suppressWarnings(qnbinom(deletion_propagation_pr_cutoff, size = size_estimate, mu = m))
+   if (is.na(deletion_propagation_coverage) || is.nan(deletion_propagation_coverage) || (deletion_propagation_coverage < 1)) {
+     cat("Double fallback to calculating as just 10% of the mean\n")
+     deletion_propagation_coverage = m * 0.1
+   }
+ }
4.361961   2505.024 
> 
> #Don't allow one read to indicate non-deleted regions
> if (deletion_propagation_coverage < 1) {
+     deletion_propagation_coverage = 1
+ }
> 
> #This works fine with the negative values
> #If we have both low fit coverage and low straight average coverage then we're deleted...
> if ( (nb_fit_mu <= 3) && (m <= 3) ) {
+   deletion_propagation_coverage = -1
+ }
> 
> #print out statistics
> 
> print(nb_fit_size);
[1] 4.361961
> print(nb_fit_mu);
[1] 2505.024
> 
> print(m)
[1] 7246.572
> print(v)
[1] 48868115
> print(D)
[1] 6743.618
> 
> print(deletion_propagation_coverage)
[1] 223
> 
> warnings()
> 
