Path to Cutadapt set as: 'cutadapt' (default)
Cutadapt seems to be working fine (tested command 'cutadapt --version')
Cutadapt version: 4.1
Could not detect version of Python used by Cutadapt from the first line of Cutadapt (but found this: >>>#!/bin/sh<<<)
Letting the (modified) Cutadapt deal with the Python version instead
Parallel gzip (pigz) detected. Proceeding with multicore (de)compression using 2 cores

No quality encoding type selected. Assuming that the data provided uses Sanger encoded Phred scores (default)

Output will be written into the directory: /workspace/home/nasirja/covid-19-signal/subset_viral_7_results_dir/SC2207/adapter_trimmed/


AUTO-DETECTING ADAPTER TYPE
===========================
Attempting to auto-detect adapter type from the first 1 million sequences of the first file (>> SC2207/host_removal/SC2207_R1.fastq.gz <<)

Found perfect matches for the following adapter sequences:
Adapter type	Count	Sequence	Sequences analysed	Percentage
Illumina	14794	AGATCGGAAGAGC	672345	2.20
Nextera	1	CTGTCTCTTATA	672345	0.00
smallRNA	0	TGGAATTCTCGG	672345	0.00
Using Illumina adapter for trimming (count: 14794). Second best hit was Nextera (count: 1)

Writing report to '/workspace/home/nasirja/covid-19-signal/subset_viral_7_results_dir/SC2207/adapter_trimmed/SC2207_R1.fastq.gz_trimming_report.txt'

SUMMARISING RUN PARAMETERS
==========================
Input filename: SC2207/host_removal/SC2207_R1.fastq.gz
Trimming mode: paired-end
Trim Galore version: 0.6.4_dev
Cutadapt version: 4.1
Python version: could not detect
Number of cores used for trimming: 2
Quality Phred score cutoff: 20
Quality encoding type selected: ASCII+33
Adapter sequence: 'AGATCGGAAGAGC' (Illumina TruSeq, Sanger iPCR; auto-detected)
Maximum trimming error rate: 0.1 (default)
Minimum required adapter overlap (stringency): 1 bp
Minimum required sequence length for both reads before a sequence pair gets removed: 20 bp
Running FastQC on the data once trimming has completed
Output file(s) will be GZIP compressed

Cutadapt seems to be fairly up-to-date (version 4.1). Setting -j 2
Writing final adapter and quality trimmed output to SC2207_R1_trimmed.fq.gz


  >>> Now performing quality (cutoff '-q 20') and adapter trimming in a single pass for the adapter sequence: 'AGATCGGAAGAGC' from file SC2207/host_removal/SC2207_R1.fastq.gz <<< 
This is cutadapt 4.1 with Python 3.9.13
Command line parameters: -j 2 -e 0.1 -q 20 -O 1 -a AGATCGGAAGAGC SC2207/host_removal/SC2207_R1.fastq.gz
Processing single-end reads on 2 cores ...
Finished in 23.94 s (36 µs/read; 1.68 M reads/minute).

=== Summary ===

Total reads processed:                 672,345
Reads with adapters:                   234,146 (34.8%)
Reads written (passing filters):       672,345 (100.0%)

Total basepairs processed:   168,758,595 bp
Quality-trimmed:               1,396,108 bp (0.8%)
Total written (filtered):    165,842,112 bp (98.3%)

=== Adapter 1 ===

Sequence: AGATCGGAAGAGC; Type: regular 3'; Length: 13; Trimmed: 234146 times

Minimum overlap: 1
No. of allowed errors:
1-9 bp: 0; 10-13 bp: 1

Bases preceding removed adapters:
  A: 35.7%
  C: 19.5%
  G: 11.4%
  T: 33.0%
  none/other: 0.4%

Overview of removed sequences
length	count	expect	max.err	error counts
1	151692	168086.2	0	151692
2	52330	42021.6	0	52330
3	5549	10505.4	0	5549
4	1961	2626.3	0	1961
5	168	656.6	0	168
6	177	164.1	0	177
7	5076	41.0	0	5076
8	150	10.3	0	150
9	266	2.6	0	266
10	250	0.6	1	230 20
11	92	0.2	1	84 8
12	219	0.0	1	216 3
13	122	0.0	1	113 9
14	57	0.0	1	54 3
15	103	0.0	1	100 3
16	46	0.0	1	38 8
17	99	0.0	1	91 8
18	121	0.0	1	112 9
19	103	0.0	1	95 8
20	97	0.0	1	88 9
21	61	0.0	1	58 3
22	116	0.0	1	104 12
23	81	0.0	1	74 7
24	1007	0.0	1	968 39
25	238	0.0	1	227 11
26	42	0.0	1	38 4
27	77	0.0	1	66 11
28	192	0.0	1	175 17
29	97	0.0	1	88 9
30	144	0.0	1	131 13
31	71	0.0	1	64 7
32	122	0.0	1	107 15
33	45	0.0	1	37 8
34	93	0.0	1	80 13
35	64	0.0	1	54 10
36	332	0.0	1	302 30
37	247	0.0	1	236 11
38	100	0.0	1	93 7
39	95	0.0	1	82 13
40	43	0.0	1	37 6
41	155	0.0	1	149 6
42	58	0.0	1	54 4
43	183	0.0	1	174 9
44	40	0.0	1	38 2
45	103	0.0	1	98 5
46	61	0.0	1	58 3
47	84	0.0	1	73 11
48	42	0.0	1	36 6
49	79	0.0	1	67 12
50	58	0.0	1	56 2
51	69	0.0	1	62 7
52	66	0.0	1	59 7
53	64	0.0	1	54 10
54	149	0.0	1	130 19
55	82	0.0	1	75 7
56	29	0.0	1	19 10
57	84	0.0	1	79 5
58	40	0.0	1	40
59	76	0.0	1	74 2
60	52	0.0	1	50 2
61	48	0.0	1	45 3
62	50	0.0	1	46 4
63	62	0.0	1	55 7
64	34	0.0	1	32 2
65	51	0.0	1	44 7
66	68	0.0	1	63 5
67	32	0.0	1	31 1
68	140	0.0	1	126 14
69	70	0.0	1	59 11
70	87	0.0	1	80 7
71	105	0.0	1	92 13
72	146	0.0	1	139 7
73	197	0.0	1	172 25
74	336	0.0	1	304 32
75	630	0.0	1	537 93
76	1775	0.0	1	1687 88
77	1381	0.0	1	1296 85
78	751	0.0	1	703 48
79	442	0.0	1	393 49
80	283	0.0	1	252 31
81	187	0.0	1	172 15
82	134	0.0	1	125 9
83	102	0.0	1	85 17
84	105	0.0	1	89 16
85	80	0.0	1	73 7
86	68	0.0	1	59 9
87	66	0.0	1	58 8
88	48	0.0	1	41 7
89	96	0.0	1	87 9
90	53	0.0	1	45 8
91	42	0.0	1	33 9
92	56	0.0	1	46 10
93	94	0.0	1	86 8
94	399	0.0	1	385 14
95	63	0.0	1	58 5
96	93	0.0	1	80 13
97	54	0.0	1	49 5
98	32	0.0	1	30 2
99	26	0.0	1	23 3
100	19	0.0	1	15 4
101	21	0.0	1	20 1
102	20	0.0	1	14 6
103	32	0.0	1	28 4
104	16	0.0	1	13 3
105	43	0.0	1	40 3
106	19	0.0	1	17 2
107	30	0.0	1	27 3
108	25	0.0	1	22 3
109	20	0.0	1	15 5
110	15	0.0	1	13 2
111	32	0.0	1	29 3
112	25	0.0	1	25
113	31	0.0	1	27 4
114	22	0.0	1	21 1
115	11	0.0	1	10 1
116	25	0.0	1	17 8
117	34	0.0	1	28 6
118	7	0.0	1	5 2
119	9	0.0	1	8 1
120	14	0.0	1	9 5
121	7	0.0	1	6 1
122	16	0.0	1	13 3
123	14	0.0	1	11 3
124	9	0.0	1	6 3
125	9	0.0	1	8 1
126	26	0.0	1	18 8
127	50	0.0	1	45 5
128	14	0.0	1	12 2
129	9	0.0	1	7 2
130	6	0.0	1	6
131	14	0.0	1	10 4
132	8	0.0	1	6 2
133	22	0.0	1	18 4
134	21	0.0	1	18 3
135	14	0.0	1	13 1
136	15	0.0	1	10 5
137	8	0.0	1	3 5
138	3	0.0	1	2 1
139	10	0.0	1	7 3
140	20	0.0	1	18 2
141	21	0.0	1	15 6
142	12	0.0	1	6 6
143	18	0.0	1	14 4
144	9	0.0	1	7 2
145	16	0.0	1	13 3
146	6	0.0	1	5 1
147	20	0.0	1	17 3
148	11	0.0	1	8 3
149	14	0.0	1	9 5
150	11	0.0	1	7 4
151	21	0.0	1	20 1
152	11	0.0	1	9 2
153	19	0.0	1	16 3
154	27	0.0	1	23 4
155	19	0.0	1	13 6
156	55	0.0	1	51 4
157	28	0.0	1	23 5
158	23	0.0	1	21 2
159	40	0.0	1	38 2
160	52	0.0	1	50 2
161	33	0.0	1	29 4
162	30	0.0	1	28 2
163	23	0.0	1	18 5
164	31	0.0	1	29 2
165	18	0.0	1	15 3
166	34	0.0	1	31 3
167	32	0.0	1	30 2
168	30	0.0	1	27 3
169	18	0.0	1	16 2
170	13	0.0	1	12 1
171	6	0.0	1	5 1
172	30	0.0	1	25 5
173	18	0.0	1	15 3
174	22	0.0	1	16 6
175	33	0.0	1	31 2
176	23	0.0	1	22 1
177	12	0.0	1	11 1
178	9	0.0	1	7 2
179	6	0.0	1	5 1
180	25	0.0	1	20 5
181	14	0.0	1	12 2
182	2	0.0	1	2
183	8	0.0	1	5 3
184	8	0.0	1	6 2
185	35	0.0	1	33 2
186	4	0.0	1	3 1
187	15	0.0	1	13 2
188	4	0.0	1	1 3
189	8	0.0	1	4 4
190	14	0.0	1	12 2
191	4	0.0	1	4
192	8	0.0	1	8
193	6	0.0	1	4 2
194	6	0.0	1	2 4
195	6	0.0	1	4 2
196	4	0.0	1	4
197	3	0.0	1	2 1
198	3	0.0	1	3
199	4	0.0	1	4
200	6	0.0	1	6
202	3	0.0	1	1 2
203	9	0.0	1	9
204	2	0.0	1	1 1
206	3	0.0	1	2 1
207	4	0.0	1	4
208	3	0.0	1	3
209	8	0.0	1	6 2
210	9	0.0	1	9
211	5	0.0	1	3 2
212	2	0.0	1	2
213	2	0.0	1	0 2
214	7	0.0	1	7
215	9	0.0	1	9
216	2	0.0	1	2
217	3	0.0	1	3
218	1	0.0	1	1
220	2	0.0	1	1 1
223	2	0.0	1	1 1
224	1	0.0	1	1
225	2	0.0	1	1 1
226	1	0.0	1	1
227	2	0.0	1	2
228	2	0.0	1	2
231	1	0.0	1	1
232	1	0.0	1	1
233	1	0.0	1	1
235	2	0.0	1	0 2
236	1	0.0	1	1
237	1	0.0	1	0 1
238	1	0.0	1	0 1
240	1	0.0	1	0 1
243	2	0.0	1	0 2
244	2	0.0	1	0 2
245	2	0.0	1	0 2
246	2	0.0	1	0 2
247	4	0.0	1	0 4
248	3	0.0	1	1 2
249	8	0.0	1	1 7
250	8	0.0	1	0 8
251	211	0.0	1	0 211

RUN STATISTICS FOR INPUT FILE: SC2207/host_removal/SC2207_R1.fastq.gz
=============================================
672345 sequences processed in total
The length threshold of paired-end sequences gets evaluated later on (in the validation step)

Writing report to '/workspace/home/nasirja/covid-19-signal/subset_viral_7_results_dir/SC2207/adapter_trimmed/SC2207_R2.fastq.gz_trimming_report.txt'

SUMMARISING RUN PARAMETERS
==========================
Input filename: SC2207/host_removal/SC2207_R2.fastq.gz
Trimming mode: paired-end
Trim Galore version: 0.6.4_dev
Cutadapt version: 4.1
Python version: could not detect
Number of cores used for trimming: 2
Quality Phred score cutoff: 20
Quality encoding type selected: ASCII+33
Adapter sequence: 'AGATCGGAAGAGC' (Illumina TruSeq, Sanger iPCR; auto-detected)
Maximum trimming error rate: 0.1 (default)
Minimum required adapter overlap (stringency): 1 bp
Minimum required sequence length for both reads before a sequence pair gets removed: 20 bp
Running FastQC on the data once trimming has completed
Output file(s) will be GZIP compressed

Cutadapt seems to be fairly up-to-date (version 4.1). Setting -j -j 2
Writing final adapter and quality trimmed output to SC2207_R2_trimmed.fq.gz


  >>> Now performing quality (cutoff '-q 20') and adapter trimming in a single pass for the adapter sequence: 'AGATCGGAAGAGC' from file SC2207/host_removal/SC2207_R2.fastq.gz <<< 
This is cutadapt 4.1 with Python 3.9.13
Command line parameters: -j 2 -e 0.1 -q 20 -O 1 -a AGATCGGAAGAGC SC2207/host_removal/SC2207_R2.fastq.gz
Processing single-end reads on 2 cores ...
Finished in 24.18 s (36 µs/read; 1.67 M reads/minute).

=== Summary ===

Total reads processed:                 672,345
Reads with adapters:                   227,186 (33.8%)
Reads written (passing filters):       672,345 (100.0%)

Total basepairs processed:   168,758,595 bp
Quality-trimmed:               3,156,044 bp (1.9%)
Total written (filtered):    164,420,069 bp (97.4%)

=== Adapter 1 ===

Sequence: AGATCGGAAGAGC; Type: regular 3'; Length: 13; Trimmed: 227186 times

Minimum overlap: 1
No. of allowed errors:
1-9 bp: 0; 10-13 bp: 1

Bases preceding removed adapters:
  A: 38.8%
  C: 18.5%
  G: 11.5%
  T: 30.7%
  none/other: 0.5%

Overview of removed sequences
length	count	expect	max.err	error counts
1	154131	168086.2	0	154131
2	44313	42021.6	0	44313
3	5741	10505.4	0	5741
4	1981	2626.3	0	1981
5	156	656.6	0	156
6	166	164.1	0	166
7	4958	41.0	0	4958
8	110	10.3	0	110
9	251	2.6	0	251
10	258	0.6	1	240 18
11	60	0.2	1	52 8
12	227	0.0	1	215 12
13	33	0.0	1	26 7
14	136	0.0	1	130 6
15	40	0.0	1	38 2
16	68	0.0	1	64 4
17	141	0.0	1	131 10
18	44	0.0	1	38 6
19	142	0.0	1	136 6
20	62	0.0	1	60 2
21	17	0.0	1	16 1
22	97	0.0	1	91 6
23	106	0.0	1	94 12
24	1172	0.0	1	1128 44
25	34	0.0	1	30 4
26	119	0.0	1	111 8
27	107	0.0	1	99 8
28	209	0.0	1	192 17
29	60	0.0	1	52 8
30	218	0.0	1	199 19
31	39	0.0	1	32 7
32	172	0.0	1	164 8
33	108	0.0	1	102 6
34	57	0.0	1	54 3
35	104	0.0	1	98 6
36	194	0.0	1	181 13
37	418	0.0	1	397 21
38	105	0.0	1	94 11
39	172	0.0	1	158 14
40	182	0.0	1	173 9
41	244	0.0	1	228 16
42	591	0.0	1	533 58
43	1147	0.0	1	1098 49
44	994	0.0	1	931 63
45	759	0.0	1	729 30
46	310	0.0	1	285 25
47	450	0.0	1	428 22
48	234	0.0	1	223 11
49	131	0.0	1	116 15
50	105	0.0	1	97 8
51	84	0.0	1	82 2
52	74	0.0	1	67 7
53	110	0.0	1	95 15
54	216	0.0	1	204 12
55	82	0.0	1	73 9
56	165	0.0	1	137 28
57	361	0.0	1	346 15
58	137	0.0	1	131 6
59	68	0.0	1	59 9
60	108	0.0	1	102 6
61	35	0.0	1	32 3
62	19	0.0	1	17 2
63	31	0.0	1	29 2
64	24	0.0	1	22 2
65	29	0.0	1	23 6
66	11	0.0	1	10 1
67	10	0.0	1	9 1
68	24	0.0	1	21 3
69	9	0.0	1	7 2
70	7	0.0	1	7
71	13	0.0	1	11 2
72	6	0.0	1	6
73	16	0.0	1	13 3
74	15	0.0	1	12 3
75	21	0.0	1	21
76	32	0.0	1	25 7
77	45	0.0	1	37 8
78	71	0.0	1	55 16
79	129	0.0	1	102 27
80	226	0.0	1	176 50
81	306	0.0	1	247 59
82	260	0.0	1	200 60
83	243	0.0	1	193 50
84	167	0.0	1	122 45
85	113	0.0	1	75 38
86	111	0.0	1	75 36
87	69	0.0	1	48 21
88	61	0.0	1	42 19
89	76	0.0	1	62 14
90	50	0.0	1	33 17
91	30	0.0	1	26 4
92	37	0.0	1	27 10
93	39	0.0	1	31 8
94	326	0.0	1	317 9
95	44	0.0	1	38 6
96	54	0.0	1	45 9
97	38	0.0	1	30 8
98	26	0.0	1	18 8
99	11	0.0	1	10 1
100	16	0.0	1	14 2
101	9	0.0	1	7 2
102	9	0.0	1	6 3
103	14	0.0	1	12 2
104	7	0.0	1	4 3
105	21	0.0	1	19 2
106	11	0.0	1	6 5
107	12	0.0	1	8 4
108	17	0.0	1	17
109	14	0.0	1	7 7
110	7	0.0	1	5 2
111	12	0.0	1	8 4
112	3	0.0	1	3
113	17	0.0	1	14 3
114	6	0.0	1	3 3
115	6	0.0	1	4 2
116	7	0.0	1	6 1
117	15	0.0	1	12 3
118	6	0.0	1	1 5
119	5	0.0	1	2 3
120	8	0.0	1	5 3
121	5	0.0	1	4 1
122	5	0.0	1	2 3
123	7	0.0	1	4 3
124	9	0.0	1	7 2
125	7	0.0	1	6 1
126	9	0.0	1	7 2
127	43	0.0	1	33 10
128	11	0.0	1	8 3
129	4	0.0	1	3 1
130	1	0.0	1	1
131	9	0.0	1	5 4
132	6	0.0	1	3 3
133	8	0.0	1	6 2
134	7	0.0	1	3 4
135	7	0.0	1	4 3
136	4	0.0	1	1 3
137	3	0.0	1	0 3
138	5	0.0	1	0 5
139	6	0.0	1	1 5
140	3	0.0	1	3
141	17	0.0	1	13 4
142	8	0.0	1	6 2
143	7	0.0	1	2 5
144	4	0.0	1	3 1
145	6	0.0	1	3 3
146	14	0.0	1	8 6
147	7	0.0	1	6 1
148	7	0.0	1	4 3
149	9	0.0	1	6 3
150	4	0.0	1	2 2
151	18	0.0	1	14 4
152	3	0.0	1	2 1
153	12	0.0	1	10 2
154	19	0.0	1	14 5
155	4	0.0	1	3 1
156	46	0.0	1	39 7
157	15	0.0	1	14 1
158	17	0.0	1	11 6
159	20	0.0	1	18 2
160	31	0.0	1	30 1
161	17	0.0	1	16 1
162	24	0.0	1	23 1
163	8	0.0	1	8
164	17	0.0	1	17
165	4	0.0	1	3 1
166	24	0.0	1	23 1
167	20	0.0	1	19 1
168	24	0.0	1	22 2
169	14	0.0	1	14
170	10	0.0	1	9 1
171	4	0.0	1	3 1
172	17	0.0	1	13 4
173	14	0.0	1	14
174	10	0.0	1	8 2
175	16	0.0	1	15 1
176	15	0.0	1	14 1
177	10	0.0	1	10
178	6	0.0	1	5 1
179	5	0.0	1	5
180	8	0.0	1	8
181	11	0.0	1	11
182	3	0.0	1	3
183	2	0.0	1	2
184	3	0.0	1	2 1
185	29	0.0	1	27 2
186	3	0.0	1	3
187	4	0.0	1	3 1
188	2	0.0	1	2
189	1	0.0	1	1
190	9	0.0	1	9
191	3	0.0	1	2 1
192	7	0.0	1	7
193	6	0.0	1	5 1
194	1	0.0	1	1
195	2	0.0	1	2
196	2	0.0	1	1 1
197	6	0.0	1	5 1
198	2	0.0	1	1 1
200	4	0.0	1	4
201	1	0.0	1	0 1
202	2	0.0	1	2
203	4	0.0	1	4
204	3	0.0	1	3
205	2	0.0	1	2
206	2	0.0	1	2
207	4	0.0	1	3 1
208	2	0.0	1	2
209	4	0.0	1	4
210	9	0.0	1	8 1
211	3	0.0	1	2 1
212	3	0.0	1	3
213	2	0.0	1	2
214	4	0.0	1	4
215	7	0.0	1	5 2
216	1	0.0	1	1
217	2	0.0	1	2
220	1	0.0	1	1
221	1	0.0	1	0 1
223	1	0.0	1	1
224	1	0.0	1	1
226	1	0.0	1	1
229	1	0.0	1	1
231	2	0.0	1	2
237	1	0.0	1	0 1
239	1	0.0	1	1
242	1	0.0	1	1
246	2	0.0	1	0 2
248	1	0.0	1	0 1
249	5	0.0	1	0 5
250	5	0.0	1	0 5
251	179	0.0	1	0 179

RUN STATISTICS FOR INPUT FILE: SC2207/host_removal/SC2207_R2.fastq.gz
=============================================
672345 sequences processed in total
The length threshold of paired-end sequences gets evaluated later on (in the validation step)

Validate paired-end files SC2207_R1_trimmed.fq.gz and SC2207_R2_trimmed.fq.gz
file_1: SC2207_R1_trimmed.fq.gz, file_2: SC2207_R2_trimmed.fq.gz


>>>>> Now validing the length of the 2 paired-end infiles: SC2207_R1_trimmed.fq.gz and SC2207_R2_trimmed.fq.gz <<<<<
Writing validated paired-end Read 1 reads to SC2207_R1_val_1.fq.gz
Writing validated paired-end Read 2 reads to SC2207_R2_val_2.fq.gz

Total number of sequences analysed: 672345

Number of sequence pairs removed because at least one read was shorter than the length cutoff (20 bp): 2820 (0.42%)


  >>> Now running FastQC on the validated data SC2207_R1_val_1.fq.gz<<<

Started analysis of SC2207_R1_val_1.fq.gz
Approx 5% complete for SC2207_R1_val_1.fq.gz
Approx 10% complete for SC2207_R1_val_1.fq.gz
Approx 15% complete for SC2207_R1_val_1.fq.gz
Approx 20% complete for SC2207_R1_val_1.fq.gz
Approx 25% complete for SC2207_R1_val_1.fq.gz
Approx 30% complete for SC2207_R1_val_1.fq.gz
Approx 35% complete for SC2207_R1_val_1.fq.gz
Approx 40% complete for SC2207_R1_val_1.fq.gz
Approx 45% complete for SC2207_R1_val_1.fq.gz
Approx 50% complete for SC2207_R1_val_1.fq.gz
Approx 55% complete for SC2207_R1_val_1.fq.gz
Approx 60% complete for SC2207_R1_val_1.fq.gz
Approx 65% complete for SC2207_R1_val_1.fq.gz
Approx 70% complete for SC2207_R1_val_1.fq.gz
Approx 75% complete for SC2207_R1_val_1.fq.gz
Approx 80% complete for SC2207_R1_val_1.fq.gz
Approx 85% complete for SC2207_R1_val_1.fq.gz
Approx 90% complete for SC2207_R1_val_1.fq.gz
Approx 95% complete for SC2207_R1_val_1.fq.gz

  >>> Now running FastQC on the validated data SC2207_R2_val_2.fq.gz<<<

Started analysis of SC2207_R2_val_2.fq.gz
Approx 5% complete for SC2207_R2_val_2.fq.gz
Approx 10% complete for SC2207_R2_val_2.fq.gz
Approx 15% complete for SC2207_R2_val_2.fq.gz
Approx 20% complete for SC2207_R2_val_2.fq.gz
Approx 25% complete for SC2207_R2_val_2.fq.gz
Approx 30% complete for SC2207_R2_val_2.fq.gz
Approx 35% complete for SC2207_R2_val_2.fq.gz
Approx 40% complete for SC2207_R2_val_2.fq.gz
Approx 45% complete for SC2207_R2_val_2.fq.gz
Approx 50% complete for SC2207_R2_val_2.fq.gz
Approx 55% complete for SC2207_R2_val_2.fq.gz
Approx 60% complete for SC2207_R2_val_2.fq.gz
Approx 65% complete for SC2207_R2_val_2.fq.gz
Approx 70% complete for SC2207_R2_val_2.fq.gz
Approx 75% complete for SC2207_R2_val_2.fq.gz
Approx 80% complete for SC2207_R2_val_2.fq.gz
Approx 85% complete for SC2207_R2_val_2.fq.gz
Approx 90% complete for SC2207_R2_val_2.fq.gz
Approx 95% complete for SC2207_R2_val_2.fq.gz
Deleting both intermediate output files SC2207_R1_trimmed.fq.gz and SC2207_R2_trimmed.fq.gz

====================================================================================================

