Path to Cutadapt set as: 'cutadapt' (default)
Cutadapt seems to be working fine (tested command 'cutadapt --version')
Cutadapt version: 4.1
Could not detect version of Python used by Cutadapt from the first line of Cutadapt (but found this: >>>#!/bin/sh<<<)
Letting the (modified) Cutadapt deal with the Python version instead
Parallel gzip (pigz) detected. Proceeding with multicore (de)compression using 2 cores

No quality encoding type selected. Assuming that the data provided uses Sanger encoded Phred scores (default)

Output will be written into the directory: /workspace/home/nasirja/covid-19-signal/subset_viral_7_results_dir/SC2283/adapter_trimmed/


AUTO-DETECTING ADAPTER TYPE
===========================
Attempting to auto-detect adapter type from the first 1 million sequences of the first file (>> SC2283/host_removal/SC2283_R1.fastq.gz <<)

Found perfect matches for the following adapter sequences:
Adapter type	Count	Sequence	Sequences analysed	Percentage
Illumina	14937	AGATCGGAAGAGC	817940	1.83
Nextera	0	CTGTCTCTTATA	817940	0.00
smallRNA	0	TGGAATTCTCGG	817940	0.00
Using Illumina adapter for trimming (count: 14937). Second best hit was Nextera (count: 0)

Writing report to '/workspace/home/nasirja/covid-19-signal/subset_viral_7_results_dir/SC2283/adapter_trimmed/SC2283_R1.fastq.gz_trimming_report.txt'

SUMMARISING RUN PARAMETERS
==========================
Input filename: SC2283/host_removal/SC2283_R1.fastq.gz
Trimming mode: paired-end
Trim Galore version: 0.6.4_dev
Cutadapt version: 4.1
Python version: could not detect
Number of cores used for trimming: 2
Quality Phred score cutoff: 20
Quality encoding type selected: ASCII+33
Adapter sequence: 'AGATCGGAAGAGC' (Illumina TruSeq, Sanger iPCR; auto-detected)
Maximum trimming error rate: 0.1 (default)
Minimum required adapter overlap (stringency): 1 bp
Minimum required sequence length for both reads before a sequence pair gets removed: 20 bp
Running FastQC on the data once trimming has completed
Output file(s) will be GZIP compressed

Cutadapt seems to be fairly up-to-date (version 4.1). Setting -j 2
Writing final adapter and quality trimmed output to SC2283_R1_trimmed.fq.gz


  >>> Now performing quality (cutoff '-q 20') and adapter trimming in a single pass for the adapter sequence: 'AGATCGGAAGAGC' from file SC2283/host_removal/SC2283_R1.fastq.gz <<< 
This is cutadapt 4.1 with Python 3.9.13
Command line parameters: -j 2 -e 0.1 -q 20 -O 1 -a AGATCGGAAGAGC SC2283/host_removal/SC2283_R1.fastq.gz
Processing single-end reads on 2 cores ...
Finished in 31.64 s (39 µs/read; 1.55 M reads/minute).

=== Summary ===

Total reads processed:                 817,940
Reads with adapters:                   282,497 (34.5%)
Reads written (passing filters):       817,940 (100.0%)

Total basepairs processed:   205,302,940 bp
Quality-trimmed:               1,717,207 bp (0.8%)
Total written (filtered):    201,710,014 bp (98.2%)

=== Adapter 1 ===

Sequence: AGATCGGAAGAGC; Type: regular 3'; Length: 13; Trimmed: 282497 times

Minimum overlap: 1
No. of allowed errors:
1-9 bp: 0; 10-13 bp: 1

Bases preceding removed adapters:
  A: 36.8%
  C: 18.5%
  G: 11.3%
  T: 32.5%
  none/other: 0.9%

Overview of removed sequences
length	count	expect	max.err	error counts
1	184565	204485.0	0	184565
2	61706	51121.2	0	61706
3	6689	12780.3	0	6689
4	2797	3195.1	0	2797
5	152	798.8	0	152
6	259	199.7	0	259
7	7124	49.9	0	7124
8	172	12.5	0	172
9	349	3.1	0	349
10	315	0.8	1	308 7
11	109	0.2	1	103 6
12	239	0.0	1	227 12
13	110	0.0	1	105 5
14	83	0.0	1	76 7
15	93	0.0	1	89 4
16	72	0.0	1	65 7
17	80	0.0	1	76 4
18	81	0.0	1	74 7
19	86	0.0	1	77 9
20	105	0.0	1	98 7
21	78	0.0	1	70 8
22	86	0.0	1	76 10
23	59	0.0	1	57 2
24	733	0.0	1	710 23
25	198	0.0	1	186 12
26	73	0.0	1	57 16
27	76	0.0	1	61 15
28	143	0.0	1	136 7
29	54	0.0	1	44 10
30	87	0.0	1	86 1
31	105	0.0	1	97 8
32	119	0.0	1	106 13
33	34	0.0	1	27 7
34	157	0.0	1	139 18
35	157	0.0	1	144 13
36	71	0.0	1	60 11
37	404	0.0	1	388 16
38	74	0.0	1	69 5
39	70	0.0	1	66 4
40	114	0.0	1	107 7
41	93	0.0	1	80 13
42	376	0.0	1	346 30
43	219	0.0	1	208 11
44	48	0.0	1	42 6
45	125	0.0	1	122 3
46	60	0.0	1	54 6
47	95	0.0	1	86 9
48	49	0.0	1	42 7
49	90	0.0	1	89 1
50	42	0.0	1	36 6
51	87	0.0	1	80 7
52	71	0.0	1	64 7
53	72	0.0	1	62 10
54	151	0.0	1	131 20
55	90	0.0	1	83 7
56	41	0.0	1	34 7
57	70	0.0	1	65 5
58	53	0.0	1	51 2
59	86	0.0	1	78 8
60	46	0.0	1	43 3
61	42	0.0	1	39 3
62	43	0.0	1	43
63	58	0.0	1	52 6
64	31	0.0	1	31
65	51	0.0	1	45 6
66	62	0.0	1	58 4
67	33	0.0	1	22 11
68	34	0.0	1	29 5
69	97	0.0	1	86 11
70	68	0.0	1	60 8
71	108	0.0	1	96 12
72	135	0.0	1	123 12
73	212	0.0	1	167 45
74	400	0.0	1	311 89
75	702	0.0	1	523 179
76	1715	0.0	1	1514 201
77	1502	0.0	1	1297 205
78	822	0.0	1	685 137
79	566	0.0	1	455 111
80	363	0.0	1	284 79
81	242	0.0	1	195 47
82	211	0.0	1	172 39
83	155	0.0	1	122 33
84	123	0.0	1	92 31
85	103	0.0	1	76 27
86	107	0.0	1	77 30
87	87	0.0	1	60 27
88	78	0.0	1	57 21
89	103	0.0	1	78 25
90	44	0.0	1	36 8
91	54	0.0	1	43 11
92	50	0.0	1	46 4
93	84	0.0	1	64 20
94	367	0.0	1	342 25
95	74	0.0	1	63 11
96	100	0.0	1	89 11
97	60	0.0	1	48 12
98	45	0.0	1	37 8
99	33	0.0	1	28 5
100	37	0.0	1	30 7
101	41	0.0	1	34 7
102	31	0.0	1	24 7
103	31	0.0	1	26 5
104	33	0.0	1	22 11
105	54	0.0	1	50 4
106	29	0.0	1	24 5
107	33	0.0	1	25 8
108	29	0.0	1	21 8
109	26	0.0	1	21 5
110	22	0.0	1	11 11
111	38	0.0	1	31 7
112	19	0.0	1	12 7
113	34	0.0	1	28 6
114	35	0.0	1	25 10
115	25	0.0	1	13 12
116	24	0.0	1	13 11
117	31	0.0	1	22 9
118	9	0.0	1	5 4
119	19	0.0	1	14 5
120	14	0.0	1	11 3
121	14	0.0	1	8 6
122	18	0.0	1	9 9
123	22	0.0	1	15 7
124	15	0.0	1	13 2
125	22	0.0	1	14 8
126	28	0.0	1	20 8
127	60	0.0	1	54 6
128	27	0.0	1	14 13
129	26	0.0	1	16 10
130	9	0.0	1	6 3
131	16	0.0	1	8 8
132	18	0.0	1	13 5
133	25	0.0	1	21 4
134	26	0.0	1	14 12
135	11	0.0	1	7 4
136	24	0.0	1	17 7
137	10	0.0	1	6 4
138	16	0.0	1	9 7
139	24	0.0	1	8 16
140	18	0.0	1	7 11
141	36	0.0	1	25 11
142	19	0.0	1	7 12
143	8	0.0	1	7 1
144	11	0.0	1	7 4
145	13	0.0	1	8 5
146	23	0.0	1	17 6
147	37	0.0	1	33 4
148	14	0.0	1	9 5
149	18	0.0	1	9 9
150	14	0.0	1	8 6
151	34	0.0	1	25 9
152	29	0.0	1	17 12
153	39	0.0	1	29 10
154	40	0.0	1	33 7
155	32	0.0	1	22 10
156	61	0.0	1	50 11
157	38	0.0	1	32 6
158	33	0.0	1	25 8
159	45	0.0	1	34 11
160	49	0.0	1	43 6
161	37	0.0	1	26 11
162	37	0.0	1	31 6
163	37	0.0	1	22 15
164	35	0.0	1	26 9
165	14	0.0	1	11 3
166	39	0.0	1	30 9
167	35	0.0	1	29 6
168	33	0.0	1	30 3
169	34	0.0	1	27 7
170	23	0.0	1	19 4
171	15	0.0	1	9 6
172	35	0.0	1	27 8
173	20	0.0	1	15 5
174	20	0.0	1	16 4
175	42	0.0	1	29 13
176	34	0.0	1	27 7
177	18	0.0	1	15 3
178	12	0.0	1	7 5
179	12	0.0	1	7 5
180	32	0.0	1	28 4
181	24	0.0	1	15 9
182	8	0.0	1	6 2
183	21	0.0	1	14 7
184	9	0.0	1	4 5
185	49	0.0	1	39 10
186	6	0.0	1	2 4
187	19	0.0	1	14 5
188	3	0.0	1	2 1
189	13	0.0	1	9 4
190	19	0.0	1	17 2
191	3	0.0	1	2 1
192	20	0.0	1	16 4
193	13	0.0	1	10 3
194	3	0.0	1	2 1
195	13	0.0	1	8 5
196	6	0.0	1	4 2
197	8	0.0	1	8
198	11	0.0	1	8 3
199	12	0.0	1	9 3
200	15	0.0	1	8 7
201	4	0.0	1	4
202	5	0.0	1	3 2
203	11	0.0	1	8 3
204	8	0.0	1	5 3
205	3	0.0	1	1 2
206	6	0.0	1	5 1
207	5	0.0	1	4 1
208	8	0.0	1	6 2
209	13	0.0	1	11 2
210	10	0.0	1	9 1
211	11	0.0	1	6 5
212	13	0.0	1	11 2
213	8	0.0	1	7 1
214	4	0.0	1	3 1
215	5	0.0	1	4 1
216	4	0.0	1	4
217	8	0.0	1	7 1
218	4	0.0	1	4
219	3	0.0	1	2 1
220	1	0.0	1	0 1
221	5	0.0	1	4 1
222	1	0.0	1	1
223	3	0.0	1	0 3
224	1	0.0	1	1
225	3	0.0	1	1 2
227	1	0.0	1	0 1
229	1	0.0	1	1
230	2	0.0	1	2
231	3	0.0	1	3
232	4	0.0	1	3 1
233	3	0.0	1	1 2
234	2	0.0	1	1 1
235	2	0.0	1	0 2
236	1	0.0	1	0 1
237	1	0.0	1	1
239	1	0.0	1	0 1
240	1	0.0	1	0 1
241	5	0.0	1	2 3
242	3	0.0	1	1 2
243	4	0.0	1	0 4
244	5	0.0	1	1 4
246	5	0.0	1	0 5
247	6	0.0	1	0 6
248	5	0.0	1	0 5
249	16	0.0	1	0 16
250	46	0.0	1	0 46
251	552	0.0	1	0 552

RUN STATISTICS FOR INPUT FILE: SC2283/host_removal/SC2283_R1.fastq.gz
=============================================
817940 sequences processed in total
The length threshold of paired-end sequences gets evaluated later on (in the validation step)

Writing report to '/workspace/home/nasirja/covid-19-signal/subset_viral_7_results_dir/SC2283/adapter_trimmed/SC2283_R2.fastq.gz_trimming_report.txt'

SUMMARISING RUN PARAMETERS
==========================
Input filename: SC2283/host_removal/SC2283_R2.fastq.gz
Trimming mode: paired-end
Trim Galore version: 0.6.4_dev
Cutadapt version: 4.1
Python version: could not detect
Number of cores used for trimming: 2
Quality Phred score cutoff: 20
Quality encoding type selected: ASCII+33
Adapter sequence: 'AGATCGGAAGAGC' (Illumina TruSeq, Sanger iPCR; auto-detected)
Maximum trimming error rate: 0.1 (default)
Minimum required adapter overlap (stringency): 1 bp
Minimum required sequence length for both reads before a sequence pair gets removed: 20 bp
Running FastQC on the data once trimming has completed
Output file(s) will be GZIP compressed

Cutadapt seems to be fairly up-to-date (version 4.1). Setting -j -j 2
Writing final adapter and quality trimmed output to SC2283_R2_trimmed.fq.gz


  >>> Now performing quality (cutoff '-q 20') and adapter trimming in a single pass for the adapter sequence: 'AGATCGGAAGAGC' from file SC2283/host_removal/SC2283_R2.fastq.gz <<< 
This is cutadapt 4.1 with Python 3.9.13
Command line parameters: -j 2 -e 0.1 -q 20 -O 1 -a AGATCGGAAGAGC SC2283/host_removal/SC2283_R2.fastq.gz
Processing single-end reads on 2 cores ...
Finished in 33.16 s (41 µs/read; 1.48 M reads/minute).

=== Summary ===

Total reads processed:                 817,940
Reads with adapters:                   278,263 (34.0%)
Reads written (passing filters):       817,940 (100.0%)

Total basepairs processed:   205,302,940 bp
Quality-trimmed:               3,384,857 bp (1.6%)
Total written (filtered):    200,309,616 bp (97.6%)

=== Adapter 1 ===

Sequence: AGATCGGAAGAGC; Type: regular 3'; Length: 13; Trimmed: 278263 times

Minimum overlap: 1
No. of allowed errors:
1-9 bp: 0; 10-13 bp: 1

Bases preceding removed adapters:
  A: 38.9%
  C: 17.8%
  G: 11.7%
  T: 30.6%
  none/other: 1.1%

Overview of removed sequences
length	count	expect	max.err	error counts
1	185147	204485.0	0	185147
2	57349	51121.2	0	57349
3	7417	12780.3	0	7417
4	2340	3195.1	0	2340
5	163	798.8	0	163
6	253	199.7	0	253
7	7113	49.9	0	7113
8	128	12.5	0	128
9	322	3.1	0	322
10	362	0.8	1	343 19
11	73	0.2	1	68 5
12	239	0.0	1	223 16
13	39	0.0	1	33 6
14	176	0.0	1	159 17
15	51	0.0	1	46 5
16	69	0.0	1	64 5
17	136	0.0	1	126 10
18	19	0.0	1	19
19	134	0.0	1	123 11
20	75	0.0	1	69 6
21	17	0.0	1	12 5
22	68	0.0	1	62 6
23	111	0.0	1	99 12
24	892	0.0	1	853 39
25	64	0.0	1	55 9
26	111	0.0	1	109 2
27	57	0.0	1	52 5
28	155	0.0	1	146 9
29	24	0.0	1	18 6
30	184	0.0	1	175 9
31	31	0.0	1	26 5
32	132	0.0	1	121 11
33	88	0.0	1	82 6
34	108	0.0	1	99 9
35	220	0.0	1	211 9
36	221	0.0	1	196 25
37	961	0.0	1	939 22
38	129	0.0	1	109 20
39	367	0.0	1	346 21
40	97	0.0	1	72 25
41	299	0.0	1	267 32
42	409	0.0	1	352 57
43	682	0.0	1	645 37
44	563	0.0	1	504 59
45	603	0.0	1	578 25
46	346	0.0	1	317 29
47	357	0.0	1	333 24
48	195	0.0	1	186 9
49	155	0.0	1	142 13
50	107	0.0	1	95 12
51	122	0.0	1	113 9
52	114	0.0	1	100 14
53	109	0.0	1	100 9
54	231	0.0	1	225 6
55	67	0.0	1	57 10
56	155	0.0	1	130 25
57	378	0.0	1	362 16
58	157	0.0	1	154 3
59	54	0.0	1	44 10
60	93	0.0	1	89 4
61	21	0.0	1	19 2
62	22	0.0	1	20 2
63	22	0.0	1	22
64	13	0.0	1	13
65	10	0.0	1	10
66	9	0.0	1	6 3
67	9	0.0	1	7 2
68	5	0.0	1	3 2
69	8	0.0	1	8
70	22	0.0	1	19 3
71	10	0.0	1	9 1
72	9	0.0	1	7 2
73	17	0.0	1	12 5
74	38	0.0	1	31 7
75	39	0.0	1	35 4
76	42	0.0	1	32 10
77	59	0.0	1	47 12
78	142	0.0	1	97 45
79	289	0.0	1	184 105
80	587	0.0	1	397 190
81	778	0.0	1	534 244
82	673	0.0	1	456 217
83	513	0.0	1	331 182
84	342	0.0	1	201 141
85	252	0.0	1	140 112
86	143	0.0	1	79 64
87	137	0.0	1	68 69
88	111	0.0	1	57 54
89	82	0.0	1	51 31
90	67	0.0	1	34 33
91	62	0.0	1	30 32
92	49	0.0	1	27 22
93	57	0.0	1	37 20
94	271	0.0	1	240 31
95	50	0.0	1	35 15
96	68	0.0	1	47 21
97	55	0.0	1	39 16
98	32	0.0	1	21 11
99	24	0.0	1	15 9
100	17	0.0	1	11 6
101	24	0.0	1	16 8
102	23	0.0	1	10 13
103	23	0.0	1	15 8
104	10	0.0	1	5 5
105	43	0.0	1	30 13
106	13	0.0	1	5 8
107	30	0.0	1	18 12
108	20	0.0	1	13 7
109	22	0.0	1	8 14
110	15	0.0	1	3 12
111	27	0.0	1	13 14
112	24	0.0	1	10 14
113	23	0.0	1	9 14
114	17	0.0	1	9 8
115	9	0.0	1	3 6
116	12	0.0	1	5 7
117	14	0.0	1	13 1
118	10	0.0	1	6 4
119	8	0.0	1	2 6
120	9	0.0	1	6 3
121	12	0.0	1	5 7
122	11	0.0	1	1 10
123	20	0.0	1	12 8
124	18	0.0	1	7 11
125	15	0.0	1	7 8
126	14	0.0	1	3 11
127	50	0.0	1	40 10
128	15	0.0	1	6 9
129	10	0.0	1	2 8
130	7	0.0	1	2 5
131	18	0.0	1	8 10
132	11	0.0	1	1 10
133	18	0.0	1	10 8
134	20	0.0	1	11 9
135	9	0.0	1	4 5
136	19	0.0	1	7 12
137	10	0.0	1	2 8
138	9	0.0	1	3 6
139	11	0.0	1	2 9
140	1	0.0	1	0 1
141	25	0.0	1	12 13
142	10	0.0	1	1 9
143	12	0.0	1	7 5
144	14	0.0	1	5 9
145	6	0.0	1	1 5
146	27	0.0	1	12 15
147	24	0.0	1	15 9
148	13	0.0	1	7 6
149	17	0.0	1	8 9
150	13	0.0	1	2 11
151	15	0.0	1	10 5
152	14	0.0	1	7 7
153	18	0.0	1	12 6
154	23	0.0	1	17 6
155	16	0.0	1	10 6
156	41	0.0	1	34 7
157	21	0.0	1	15 6
158	21	0.0	1	16 5
159	20	0.0	1	13 7
160	41	0.0	1	34 7
161	19	0.0	1	17 2
162	25	0.0	1	18 7
163	22	0.0	1	15 7
164	26	0.0	1	23 3
165	13	0.0	1	10 3
166	31	0.0	1	26 5
167	33	0.0	1	28 5
168	24	0.0	1	23 1
169	20	0.0	1	16 4
170	13	0.0	1	10 3
171	8	0.0	1	5 3
172	31	0.0	1	29 2
173	6	0.0	1	5 1
174	14	0.0	1	12 2
175	36	0.0	1	32 4
176	23	0.0	1	23
177	9	0.0	1	6 3
178	10	0.0	1	8 2
179	8	0.0	1	7 1
180	17	0.0	1	16 1
181	10	0.0	1	10
182	4	0.0	1	1 3
183	9	0.0	1	8 1
184	4	0.0	1	4
185	37	0.0	1	35 2
186	1	0.0	1	1
187	6	0.0	1	6
188	5	0.0	1	5
189	3	0.0	1	3
190	9	0.0	1	7 2
191	3	0.0	1	3
192	8	0.0	1	8
193	10	0.0	1	10
194	3	0.0	1	2 1
195	5	0.0	1	5
196	6	0.0	1	4 2
197	5	0.0	1	5
198	6	0.0	1	6
199	5	0.0	1	4 1
200	5	0.0	1	4 1
201	6	0.0	1	6
202	3	0.0	1	3
203	4	0.0	1	4
204	4	0.0	1	4
205	1	0.0	1	1
206	2	0.0	1	2
207	5	0.0	1	5
208	4	0.0	1	4
209	5	0.0	1	5
210	12	0.0	1	11 1
211	8	0.0	1	7 1
212	6	0.0	1	6
213	3	0.0	1	1 2
214	4	0.0	1	4
215	3	0.0	1	3
216	4	0.0	1	3 1
217	2	0.0	1	2
218	1	0.0	1	1
219	1	0.0	1	1
221	2	0.0	1	2
222	2	0.0	1	1 1
223	2	0.0	1	1 1
225	1	0.0	1	1
227	1	0.0	1	1
228	1	0.0	1	1
229	1	0.0	1	1
230	3	0.0	1	2 1
232	2	0.0	1	2
234	1	0.0	1	1
235	1	0.0	1	0 1
236	1	0.0	1	1
239	4	0.0	1	3 1
241	1	0.0	1	1
242	1	0.0	1	1
244	1	0.0	1	1
246	2	0.0	1	2
247	2	0.0	1	0 2
248	5	0.0	1	0 5
249	10	0.0	1	0 10
250	24	0.0	1	0 24
251	526	0.0	1	2 524

RUN STATISTICS FOR INPUT FILE: SC2283/host_removal/SC2283_R2.fastq.gz
=============================================
817940 sequences processed in total
The length threshold of paired-end sequences gets evaluated later on (in the validation step)

Validate paired-end files SC2283_R1_trimmed.fq.gz and SC2283_R2_trimmed.fq.gz
file_1: SC2283_R1_trimmed.fq.gz, file_2: SC2283_R2_trimmed.fq.gz


>>>>> Now validing the length of the 2 paired-end infiles: SC2283_R1_trimmed.fq.gz and SC2283_R2_trimmed.fq.gz <<<<<
Writing validated paired-end Read 1 reads to SC2283_R1_val_1.fq.gz
Writing validated paired-end Read 2 reads to SC2283_R2_val_2.fq.gz

Total number of sequences analysed: 817940

Number of sequence pairs removed because at least one read was shorter than the length cutoff (20 bp): 5274 (0.64%)


  >>> Now running FastQC on the validated data SC2283_R1_val_1.fq.gz<<<

Started analysis of SC2283_R1_val_1.fq.gz
Approx 5% complete for SC2283_R1_val_1.fq.gz
Approx 10% complete for SC2283_R1_val_1.fq.gz
Approx 15% complete for SC2283_R1_val_1.fq.gz
Approx 20% complete for SC2283_R1_val_1.fq.gz
Approx 25% complete for SC2283_R1_val_1.fq.gz
Approx 30% complete for SC2283_R1_val_1.fq.gz
Approx 35% complete for SC2283_R1_val_1.fq.gz
Approx 40% complete for SC2283_R1_val_1.fq.gz
Approx 45% complete for SC2283_R1_val_1.fq.gz
Approx 50% complete for SC2283_R1_val_1.fq.gz
Approx 55% complete for SC2283_R1_val_1.fq.gz
Approx 60% complete for SC2283_R1_val_1.fq.gz
Approx 65% complete for SC2283_R1_val_1.fq.gz
Approx 70% complete for SC2283_R1_val_1.fq.gz
Approx 75% complete for SC2283_R1_val_1.fq.gz
Approx 80% complete for SC2283_R1_val_1.fq.gz
Approx 85% complete for SC2283_R1_val_1.fq.gz
Approx 90% complete for SC2283_R1_val_1.fq.gz
Approx 95% complete for SC2283_R1_val_1.fq.gz

  >>> Now running FastQC on the validated data SC2283_R2_val_2.fq.gz<<<

Started analysis of SC2283_R2_val_2.fq.gz
Approx 5% complete for SC2283_R2_val_2.fq.gz
Approx 10% complete for SC2283_R2_val_2.fq.gz
Approx 15% complete for SC2283_R2_val_2.fq.gz
Approx 20% complete for SC2283_R2_val_2.fq.gz
Approx 25% complete for SC2283_R2_val_2.fq.gz
Approx 30% complete for SC2283_R2_val_2.fq.gz
Approx 35% complete for SC2283_R2_val_2.fq.gz
Approx 40% complete for SC2283_R2_val_2.fq.gz
Approx 45% complete for SC2283_R2_val_2.fq.gz
Approx 50% complete for SC2283_R2_val_2.fq.gz
Approx 55% complete for SC2283_R2_val_2.fq.gz
Approx 60% complete for SC2283_R2_val_2.fq.gz
Approx 65% complete for SC2283_R2_val_2.fq.gz
Approx 70% complete for SC2283_R2_val_2.fq.gz
Approx 75% complete for SC2283_R2_val_2.fq.gz
Approx 80% complete for SC2283_R2_val_2.fq.gz
Approx 85% complete for SC2283_R2_val_2.fq.gz
Approx 90% complete for SC2283_R2_val_2.fq.gz
Approx 95% complete for SC2283_R2_val_2.fq.gz
Deleting both intermediate output files SC2283_R1_trimmed.fq.gz and SC2283_R2_trimmed.fq.gz

====================================================================================================

