Path to Cutadapt set as: 'cutadapt' (default)
Cutadapt seems to be working fine (tested command 'cutadapt --version')
Cutadapt version: 4.1
Could not detect version of Python used by Cutadapt from the first line of Cutadapt (but found this: >>>#!/bin/sh<<<)
Letting the (modified) Cutadapt deal with the Python version instead
Parallel gzip (pigz) detected. Proceeding with multicore (de)compression using 2 cores

No quality encoding type selected. Assuming that the data provided uses Sanger encoded Phred scores (default)

Output will be written into the directory: /workspace/home/nasirja/covid-19-signal/subset_viral_7_results_dir/SC2245/adapter_trimmed/


AUTO-DETECTING ADAPTER TYPE
===========================
Attempting to auto-detect adapter type from the first 1 million sequences of the first file (>> SC2245/host_removal/SC2245_R1.fastq.gz <<)

Found perfect matches for the following adapter sequences:
Adapter type	Count	Sequence	Sequences analysed	Percentage
Illumina	23580	AGATCGGAAGAGC	800421	2.95
Nextera	0	CTGTCTCTTATA	800421	0.00
smallRNA	0	TGGAATTCTCGG	800421	0.00
Using Illumina adapter for trimming (count: 23580). Second best hit was Nextera (count: 0)

Writing report to '/workspace/home/nasirja/covid-19-signal/subset_viral_7_results_dir/SC2245/adapter_trimmed/SC2245_R1.fastq.gz_trimming_report.txt'

SUMMARISING RUN PARAMETERS
==========================
Input filename: SC2245/host_removal/SC2245_R1.fastq.gz
Trimming mode: paired-end
Trim Galore version: 0.6.4_dev
Cutadapt version: 4.1
Python version: could not detect
Number of cores used for trimming: 2
Quality Phred score cutoff: 20
Quality encoding type selected: ASCII+33
Adapter sequence: 'AGATCGGAAGAGC' (Illumina TruSeq, Sanger iPCR; auto-detected)
Maximum trimming error rate: 0.1 (default)
Minimum required adapter overlap (stringency): 1 bp
Minimum required sequence length for both reads before a sequence pair gets removed: 20 bp
Running FastQC on the data once trimming has completed
Output file(s) will be GZIP compressed

Cutadapt seems to be fairly up-to-date (version 4.1). Setting -j 2
Writing final adapter and quality trimmed output to SC2245_R1_trimmed.fq.gz


  >>> Now performing quality (cutoff '-q 20') and adapter trimming in a single pass for the adapter sequence: 'AGATCGGAAGAGC' from file SC2245/host_removal/SC2245_R1.fastq.gz <<< 
This is cutadapt 4.1 with Python 3.9.13
Command line parameters: -j 2 -e 0.1 -q 20 -O 1 -a AGATCGGAAGAGC SC2245/host_removal/SC2245_R1.fastq.gz
Processing single-end reads on 2 cores ...
Finished in 26.68 s (33 µs/read; 1.80 M reads/minute).

=== Summary ===

Total reads processed:                 800,421
Reads with adapters:                   281,896 (35.2%)
Reads written (passing filters):       800,421 (100.0%)

Total basepairs processed:   200,905,671 bp
Quality-trimmed:               2,818,166 bp (1.4%)
Total written (filtered):    195,866,137 bp (97.5%)

=== Adapter 1 ===

Sequence: AGATCGGAAGAGC; Type: regular 3'; Length: 13; Trimmed: 281896 times

Minimum overlap: 1
No. of allowed errors:
1-9 bp: 0; 10-13 bp: 1

Bases preceding removed adapters:
  A: 35.1%
  C: 16.2%
  G: 9.3%
  T: 38.9%
  none/other: 0.4%

Overview of removed sequences
length	count	expect	max.err	error counts
1	176196	200105.2	0	176196
2	68815	50026.3	0	68815
3	4353	12506.6	0	4353
4	1082	3126.6	0	1082
5	105	781.7	0	105
6	101	195.4	0	101
7	3599	48.9	0	3599
8	120	12.2	0	120
9	278	3.1	0	278
10	277	0.8	1	251 26
11	165	0.2	1	145 20
12	890	0.0	1	861 29
13	114	0.0	1	104 10
14	57	0.0	1	49 8
15	71	0.0	1	60 11
16	71	0.0	1	58 13
17	78	0.0	1	71 7
18	68	0.0	1	56 12
19	50	0.0	1	42 8
20	326	0.0	1	309 17
21	172	0.0	1	159 13
22	88	0.0	1	72 16
23	98	0.0	1	79 19
24	1034	0.0	1	991 43
25	267	0.0	1	244 23
26	100	0.0	1	87 13
27	167	0.0	1	137 30
28	2010	0.0	1	1920 90
29	786	0.0	1	719 67
30	240	0.0	1	218 22
31	79	0.0	1	68 11
32	197	0.0	1	176 21
33	75	0.0	1	55 20
34	105	0.0	1	91 14
35	93	0.0	1	69 24
36	514	0.0	1	465 49
37	717	0.0	1	697 20
38	155	0.0	1	140 15
39	68	0.0	1	54 14
40	222	0.0	1	199 23
41	336	0.0	1	315 21
42	392	0.0	1	374 18
43	201	0.0	1	181 20
44	53	0.0	1	39 14
45	57	0.0	1	48 9
46	42	0.0	1	30 12
47	81	0.0	1	64 17
48	50	0.0	1	39 11
49	166	0.0	1	143 23
50	52	0.0	1	40 12
51	55	0.0	1	46 9
52	69	0.0	1	52 17
53	73	0.0	1	51 22
54	125	0.0	1	87 38
55	100	0.0	1	84 16
56	67	0.0	1	54 13
57	78	0.0	1	71 7
58	63	0.0	1	54 9
59	115	0.0	1	109 6
60	64	0.0	1	52 12
61	60	0.0	1	53 7
62	61	0.0	1	53 8
63	82	0.0	1	64 18
64	64	0.0	1	56 8
65	87	0.0	1	74 13
66	111	0.0	1	90 21
67	63	0.0	1	50 13
68	96	0.0	1	84 12
69	109	0.0	1	89 20
70	130	0.0	1	112 18
71	158	0.0	1	141 17
72	235	0.0	1	208 27
73	296	0.0	1	259 37
74	562	0.0	1	498 64
75	1009	0.0	1	883 126
76	2568	0.0	1	2434 134
77	1889	0.0	1	1779 110
78	1054	0.0	1	988 66
79	631	0.0	1	566 65
80	390	0.0	1	352 38
81	236	0.0	1	215 21
82	198	0.0	1	173 25
83	133	0.0	1	118 15
84	123	0.0	1	109 14
85	133	0.0	1	117 16
86	92	0.0	1	75 17
87	104	0.0	1	88 16
88	85	0.0	1	70 15
89	107	0.0	1	92 15
90	74	0.0	1	58 16
91	69	0.0	1	60 9
92	70	0.0	1	63 7
93	96	0.0	1	90 6
94	667	0.0	1	650 17
95	147	0.0	1	135 12
96	102	0.0	1	94 8
97	49	0.0	1	40 9
98	44	0.0	1	41 3
99	47	0.0	1	40 7
100	37	0.0	1	30 7
101	31	0.0	1	29 2
102	30	0.0	1	25 5
103	37	0.0	1	32 5
104	36	0.0	1	29 7
105	40	0.0	1	35 5
106	56	0.0	1	44 12
107	40	0.0	1	38 2
108	56	0.0	1	45 11
109	40	0.0	1	32 8
110	34	0.0	1	28 6
111	193	0.0	1	172 21
112	52	0.0	1	46 6
113	54	0.0	1	43 11
114	55	0.0	1	47 8
115	39	0.0	1	34 5
116	35	0.0	1	31 4
117	37	0.0	1	33 4
118	18	0.0	1	16 2
119	20	0.0	1	16 4
120	18	0.0	1	14 4
121	22	0.0	1	20 2
122	15	0.0	1	12 3
123	19	0.0	1	16 3
124	15	0.0	1	10 5
125	35	0.0	1	34 1
126	30	0.0	1	24 6
127	49	0.0	1	42 7
128	32	0.0	1	27 5
129	35	0.0	1	29 6
130	19	0.0	1	16 3
131	12	0.0	1	10 2
132	10	0.0	1	8 2
133	52	0.0	1	44 8
134	36	0.0	1	29 7
135	20	0.0	1	17 3
136	33	0.0	1	28 5
137	14	0.0	1	8 6
138	17	0.0	1	12 5
139	20	0.0	1	13 7
140	20	0.0	1	16 4
141	14	0.0	1	9 5
142	11	0.0	1	8 3
143	23	0.0	1	18 5
144	7	0.0	1	6 1
145	16	0.0	1	12 4
146	16	0.0	1	8 8
147	25	0.0	1	20 5
148	32	0.0	1	26 6
149	24	0.0	1	20 4
150	18	0.0	1	14 4
151	18	0.0	1	16 2
152	13	0.0	1	11 2
153	34	0.0	1	25 9
154	34	0.0	1	29 5
155	24	0.0	1	19 5
156	39	0.0	1	37 2
157	21	0.0	1	17 4
158	18	0.0	1	14 4
159	15	0.0	1	12 3
160	34	0.0	1	33 1
161	23	0.0	1	16 7
162	12	0.0	1	8 4
163	15	0.0	1	9 6
164	10	0.0	1	8 2
165	30	0.0	1	26 4
166	18	0.0	1	15 3
167	24	0.0	1	21 3
168	20	0.0	1	16 4
169	17	0.0	1	15 2
170	9	0.0	1	4 5
171	10	0.0	1	3 7
172	17	0.0	1	15 2
173	10	0.0	1	10
174	18	0.0	1	16 2
175	16	0.0	1	15 1
176	10	0.0	1	10
177	12	0.0	1	8 4
178	9	0.0	1	5 4
179	14	0.0	1	9 5
180	8	0.0	1	5 3
181	20	0.0	1	18 2
182	8	0.0	1	5 3
183	10	0.0	1	10
184	10	0.0	1	5 5
185	13	0.0	1	12 1
186	7	0.0	1	7
187	7	0.0	1	6 1
188	27	0.0	1	24 3
189	24	0.0	1	23 1
190	28	0.0	1	25 3
191	25	0.0	1	23 2
192	13	0.0	1	12 1
193	15	0.0	1	15
194	15	0.0	1	14 1
195	13	0.0	1	13
196	14	0.0	1	12 2
197	20	0.0	1	20
198	19	0.0	1	17 2
199	24	0.0	1	21 3
200	20	0.0	1	17 3
201	19	0.0	1	19
202	29	0.0	1	27 2
203	39	0.0	1	38 1
204	30	0.0	1	29 1
205	33	0.0	1	31 2
206	54	0.0	1	53 1
207	38	0.0	1	33 5
208	61	0.0	1	60 1
209	43	0.0	1	43
210	56	0.0	1	54 2
211	28	0.0	1	28
212	24	0.0	1	22 2
213	19	0.0	1	19
214	13	0.0	1	13
215	32	0.0	1	31 1
216	5	0.0	1	5
217	13	0.0	1	13
218	3	0.0	1	3
220	1	0.0	1	1
222	1	0.0	1	0 1
223	2	0.0	1	1 1
226	1	0.0	1	0 1
227	1	0.0	1	1
228	1	0.0	1	1
229	2	0.0	1	2
230	3	0.0	1	3
231	2	0.0	1	2
233	2	0.0	1	1 1
234	1	0.0	1	0 1
235	3	0.0	1	2 1
237	1	0.0	1	0 1
238	3	0.0	1	0 3
239	1	0.0	1	0 1
240	1	0.0	1	0 1
241	3	0.0	1	1 2
242	1	0.0	1	0 1
243	1	0.0	1	0 1
244	3	0.0	1	2 1
246	3	0.0	1	0 3
247	2	0.0	1	0 2
248	9	0.0	1	0 9
249	6	0.0	1	0 6
250	16	0.0	1	0 16
251	281	0.0	1	0 281

RUN STATISTICS FOR INPUT FILE: SC2245/host_removal/SC2245_R1.fastq.gz
=============================================
800421 sequences processed in total
The length threshold of paired-end sequences gets evaluated later on (in the validation step)

Writing report to '/workspace/home/nasirja/covid-19-signal/subset_viral_7_results_dir/SC2245/adapter_trimmed/SC2245_R2.fastq.gz_trimming_report.txt'

SUMMARISING RUN PARAMETERS
==========================
Input filename: SC2245/host_removal/SC2245_R2.fastq.gz
Trimming mode: paired-end
Trim Galore version: 0.6.4_dev
Cutadapt version: 4.1
Python version: could not detect
Number of cores used for trimming: 2
Quality Phred score cutoff: 20
Quality encoding type selected: ASCII+33
Adapter sequence: 'AGATCGGAAGAGC' (Illumina TruSeq, Sanger iPCR; auto-detected)
Maximum trimming error rate: 0.1 (default)
Minimum required adapter overlap (stringency): 1 bp
Minimum required sequence length for both reads before a sequence pair gets removed: 20 bp
Running FastQC on the data once trimming has completed
Output file(s) will be GZIP compressed

Cutadapt seems to be fairly up-to-date (version 4.1). Setting -j -j 2
Writing final adapter and quality trimmed output to SC2245_R2_trimmed.fq.gz


  >>> Now performing quality (cutoff '-q 20') and adapter trimming in a single pass for the adapter sequence: 'AGATCGGAAGAGC' from file SC2245/host_removal/SC2245_R2.fastq.gz <<< 
This is cutadapt 4.1 with Python 3.9.13
Command line parameters: -j 2 -e 0.1 -q 20 -O 1 -a AGATCGGAAGAGC SC2245/host_removal/SC2245_R2.fastq.gz
Processing single-end reads on 2 cores ...
Finished in 27.87 s (35 µs/read; 1.72 M reads/minute).

=== Summary ===

Total reads processed:                 800,421
Reads with adapters:                   280,633 (35.1%)
Reads written (passing filters):       800,421 (100.0%)

Total basepairs processed:   200,905,671 bp
Quality-trimmed:               5,473,182 bp (2.7%)
Total written (filtered):    193,629,475 bp (96.4%)

=== Adapter 1 ===

Sequence: AGATCGGAAGAGC; Type: regular 3'; Length: 13; Trimmed: 280633 times

Minimum overlap: 1
No. of allowed errors:
1-9 bp: 0; 10-13 bp: 1

Bases preceding removed adapters:
  A: 38.9%
  C: 15.8%
  G: 9.1%
  T: 35.7%
  none/other: 0.5%

Overview of removed sequences
length	count	expect	max.err	error counts
1	186198	200105.2	0	186198
2	60190	50026.3	0	60190
3	5131	12506.6	0	5131
4	1115	3126.6	0	1115
5	101	781.7	0	101
6	108	195.4	0	108
7	3594	48.9	0	3594
8	104	12.2	0	104
9	244	3.1	0	241 3
10	264	0.8	1	237 27
11	178	0.2	1	155 23
12	883	0.0	1	847 36
13	41	0.0	1	33 8
14	115	0.0	1	105 10
15	53	0.0	1	48 5
16	58	0.0	1	52 6
17	137	0.0	1	124 13
18	37	0.0	1	31 6
19	120	0.0	1	109 11
20	210	0.0	1	193 17
21	70	0.0	1	64 6
22	71	0.0	1	59 12
23	120	0.0	1	103 17
24	1311	0.0	1	1234 77
25	80	0.0	1	69 11
26	213	0.0	1	188 25
27	214	0.0	1	187 27
28	2160	0.0	1	2053 107
29	250	0.0	1	217 33
30	341	0.0	1	312 29
31	57	0.0	1	50 7
32	256	0.0	1	229 27
33	168	0.0	1	143 25
34	125	0.0	1	106 19
35	148	0.0	1	119 29
36	958	0.0	1	918 40
37	267	0.0	1	245 22
38	104	0.0	1	86 18
39	233	0.0	1	214 19
40	102	0.0	1	93 9
41	323	0.0	1	310 13
42	475	0.0	1	457 18
43	130	0.0	1	120 10
44	140	0.0	1	123 17
45	270	0.0	1	251 19
46	261	0.0	1	236 25
47	364	0.0	1	344 20
48	208	0.0	1	201 7
49	198	0.0	1	181 17
50	136	0.0	1	123 13
51	123	0.0	1	114 9
52	80	0.0	1	69 11
53	132	0.0	1	123 9
54	318	0.0	1	311 7
55	80	0.0	1	74 6
56	225	0.0	1	215 10
57	540	0.0	1	520 20
58	343	0.0	1	329 14
59	72	0.0	1	68 4
60	248	0.0	1	242 6
61	111	0.0	1	105 6
62	57	0.0	1	54 3
63	242	0.0	1	234 8
64	95	0.0	1	90 5
65	39	0.0	1	36 3
66	35	0.0	1	33 2
67	28	0.0	1	28
68	47	0.0	1	45 2
69	31	0.0	1	29 2
70	42	0.0	1	41 1
71	31	0.0	1	30 1
72	59	0.0	1	49 10
73	77	0.0	1	69 8
74	97	0.0	1	87 10
75	131	0.0	1	118 13
76	214	0.0	1	182 32
77	331	0.0	1	274 57
78	559	0.0	1	453 106
79	840	0.0	1	668 172
80	1314	0.0	1	1160 154
81	848	0.0	1	720 128
82	521	0.0	1	444 77
83	292	0.0	1	241 51
84	198	0.0	1	160 38
85	124	0.0	1	94 30
86	99	0.0	1	77 22
87	85	0.0	1	65 20
88	77	0.0	1	66 11
89	80	0.0	1	65 15
90	52	0.0	1	38 14
91	50	0.0	1	42 8
92	48	0.0	1	41 7
93	68	0.0	1	52 16
94	459	0.0	1	443 16
95	114	0.0	1	103 11
96	75	0.0	1	64 11
97	28	0.0	1	21 7
98	27	0.0	1	23 4
99	29	0.0	1	24 5
100	32	0.0	1	24 8
101	16	0.0	1	14 2
102	17	0.0	1	12 5
103	22	0.0	1	17 5
104	10	0.0	1	8 2
105	31	0.0	1	23 8
106	17	0.0	1	16 1
107	18	0.0	1	14 4
108	25	0.0	1	17 8
109	19	0.0	1	13 6
110	23	0.0	1	17 6
111	203	0.0	1	164 39
112	40	0.0	1	29 11
113	28	0.0	1	18 10
114	25	0.0	1	17 8
115	22	0.0	1	13 9
116	21	0.0	1	13 8
117	20	0.0	1	16 4
118	9	0.0	1	8 1
119	10	0.0	1	3 7
120	14	0.0	1	8 6
121	9	0.0	1	4 5
122	6	0.0	1	3 3
123	14	0.0	1	10 4
124	11	0.0	1	4 7
125	22	0.0	1	15 7
126	10	0.0	1	7 3
127	31	0.0	1	20 11
128	12	0.0	1	7 5
129	24	0.0	1	16 8
130	6	0.0	1	3 3
131	11	0.0	1	5 6
132	8	0.0	1	3 5
133	33	0.0	1	28 5
134	21	0.0	1	14 7
135	12	0.0	1	6 6
136	18	0.0	1	10 8
137	12	0.0	1	7 5
138	10	0.0	1	8 2
139	9	0.0	1	3 6
140	3	0.0	1	2 1
141	9	0.0	1	6 3
142	5	0.0	1	3 2
143	12	0.0	1	7 5
144	5	0.0	1	1 4
145	12	0.0	1	6 6
146	7	0.0	1	5 2
147	21	0.0	1	15 6
148	6	0.0	1	6
149	14	0.0	1	13 1
150	13	0.0	1	5 8
151	6	0.0	1	2 4
152	12	0.0	1	9 3
153	17	0.0	1	12 5
154	23	0.0	1	17 6
155	17	0.0	1	9 8
156	34	0.0	1	31 3
157	15	0.0	1	12 3
158	12	0.0	1	9 3
159	11	0.0	1	7 4
160	25	0.0	1	23 2
161	8	0.0	1	6 2
162	5	0.0	1	2 3
163	11	0.0	1	7 4
164	6	0.0	1	3 3
165	15	0.0	1	15
166	9	0.0	1	7 2
167	11	0.0	1	7 4
168	15	0.0	1	13 2
169	22	0.0	1	17 5
170	5	0.0	1	3 2
171	7	0.0	1	5 2
172	6	0.0	1	5 1
173	8	0.0	1	7 1
174	11	0.0	1	10 1
175	12	0.0	1	12
176	10	0.0	1	8 2
177	13	0.0	1	11 2
178	4	0.0	1	3 1
179	5	0.0	1	5
180	3	0.0	1	2 1
181	22	0.0	1	22
182	7	0.0	1	6 1
183	4	0.0	1	4
184	4	0.0	1	4
185	9	0.0	1	8 1
186	8	0.0	1	5 3
187	6	0.0	1	6
188	16	0.0	1	14 2
189	17	0.0	1	17
190	17	0.0	1	17
191	10	0.0	1	10
192	17	0.0	1	15 2
193	19	0.0	1	18 1
194	6	0.0	1	5 1
195	6	0.0	1	5 1
196	11	0.0	1	10 1
197	16	0.0	1	15 1
198	15	0.0	1	13 2
199	13	0.0	1	13
200	18	0.0	1	18
201	5	0.0	1	4 1
202	14	0.0	1	14
203	33	0.0	1	33
204	13	0.0	1	12 1
205	26	0.0	1	26
206	34	0.0	1	33 1
207	21	0.0	1	20 1
208	38	0.0	1	37 1
209	28	0.0	1	26 2
210	30	0.0	1	29 1
211	22	0.0	1	21 1
212	16	0.0	1	14 2
213	8	0.0	1	7 1
214	13	0.0	1	13
215	15	0.0	1	12 3
216	5	0.0	1	5
217	7	0.0	1	7
218	1	0.0	1	1
220	4	0.0	1	4
222	1	0.0	1	1
225	1	0.0	1	0 1
227	1	0.0	1	1
229	2	0.0	1	2
230	1	0.0	1	1
233	2	0.0	1	2
234	4	0.0	1	4
236	1	0.0	1	1
237	1	0.0	1	0 1
241	1	0.0	1	1
245	1	0.0	1	0 1
248	2	0.0	1	0 2
249	2	0.0	1	0 2
250	5	0.0	1	0 5
251	219	0.0	1	0 219

RUN STATISTICS FOR INPUT FILE: SC2245/host_removal/SC2245_R2.fastq.gz
=============================================
800421 sequences processed in total
The length threshold of paired-end sequences gets evaluated later on (in the validation step)

Validate paired-end files SC2245_R1_trimmed.fq.gz and SC2245_R2_trimmed.fq.gz
file_1: SC2245_R1_trimmed.fq.gz, file_2: SC2245_R2_trimmed.fq.gz


>>>>> Now validing the length of the 2 paired-end infiles: SC2245_R1_trimmed.fq.gz and SC2245_R2_trimmed.fq.gz <<<<<
Writing validated paired-end Read 1 reads to SC2245_R1_val_1.fq.gz
Writing validated paired-end Read 2 reads to SC2245_R2_val_2.fq.gz

Total number of sequences analysed: 800421

Number of sequence pairs removed because at least one read was shorter than the length cutoff (20 bp): 3392 (0.42%)


  >>> Now running FastQC on the validated data SC2245_R1_val_1.fq.gz<<<

Started analysis of SC2245_R1_val_1.fq.gz
Approx 5% complete for SC2245_R1_val_1.fq.gz
Approx 10% complete for SC2245_R1_val_1.fq.gz
Approx 15% complete for SC2245_R1_val_1.fq.gz
Approx 20% complete for SC2245_R1_val_1.fq.gz
Approx 25% complete for SC2245_R1_val_1.fq.gz
Approx 30% complete for SC2245_R1_val_1.fq.gz
Approx 35% complete for SC2245_R1_val_1.fq.gz
Approx 40% complete for SC2245_R1_val_1.fq.gz
Approx 45% complete for SC2245_R1_val_1.fq.gz
Approx 50% complete for SC2245_R1_val_1.fq.gz
Approx 55% complete for SC2245_R1_val_1.fq.gz
Approx 60% complete for SC2245_R1_val_1.fq.gz
Approx 65% complete for SC2245_R1_val_1.fq.gz
Approx 70% complete for SC2245_R1_val_1.fq.gz
Approx 75% complete for SC2245_R1_val_1.fq.gz
Approx 80% complete for SC2245_R1_val_1.fq.gz
Approx 85% complete for SC2245_R1_val_1.fq.gz
Approx 90% complete for SC2245_R1_val_1.fq.gz
Approx 95% complete for SC2245_R1_val_1.fq.gz

  >>> Now running FastQC on the validated data SC2245_R2_val_2.fq.gz<<<

Started analysis of SC2245_R2_val_2.fq.gz
Approx 5% complete for SC2245_R2_val_2.fq.gz
Approx 10% complete for SC2245_R2_val_2.fq.gz
Approx 15% complete for SC2245_R2_val_2.fq.gz
Approx 20% complete for SC2245_R2_val_2.fq.gz
Approx 25% complete for SC2245_R2_val_2.fq.gz
Approx 30% complete for SC2245_R2_val_2.fq.gz
Approx 35% complete for SC2245_R2_val_2.fq.gz
Approx 40% complete for SC2245_R2_val_2.fq.gz
Approx 45% complete for SC2245_R2_val_2.fq.gz
Approx 50% complete for SC2245_R2_val_2.fq.gz
Approx 55% complete for SC2245_R2_val_2.fq.gz
Approx 60% complete for SC2245_R2_val_2.fq.gz
Approx 65% complete for SC2245_R2_val_2.fq.gz
Approx 70% complete for SC2245_R2_val_2.fq.gz
Approx 75% complete for SC2245_R2_val_2.fq.gz
Approx 80% complete for SC2245_R2_val_2.fq.gz
Approx 85% complete for SC2245_R2_val_2.fq.gz
Approx 90% complete for SC2245_R2_val_2.fq.gz
Approx 95% complete for SC2245_R2_val_2.fq.gz
Deleting both intermediate output files SC2245_R1_trimmed.fq.gz and SC2245_R2_trimmed.fq.gz

====================================================================================================

