Aligning contigs to reference...
	Aligning contigs to the reference
Filtering alignments...
Parsing coords...
Loading reference...
	Loaded [MN908947.3]
	Total Regions: 1
	Total Region Length: 29903
Analyzing contigs...
CONTIG: SC2265 (29902bp)
Best alignment score: 10421.7 (LEN: 10428, IDY: 99.94), Total number of alignments: 7
			Looking for the best set of alignments (out of 7 total alignments)
			The best set is below. Score: 27239.4, number of alignments: 7, unaligned bases: 2614
		This contig is misassembled.
			Real Alignment 1: 324 10737 | 323 10736 | 10414 10414 | 99.94 | MN908947.3 SC2265
			  Incorrectly estimated size of scaffold gap between these two alignments: gap length difference = 0 (local)
			Real Alignment 2: 11000 21427 | 10999 21426 | 10428 10428 | 99.94 | MN908947.3 SC2265
			  Incorrectly estimated size of scaffold gap between these two alignments: gap length difference = 0 (local)
			Real Alignment 3: 21991 22324 | 21990 22323 | 334 334 | 100.0 | MN908947.3 SC2265
			  Incorrectly estimated size of scaffold gap between these two alignments: gap length difference = 0 (local)
			Real Alignment 4: 22543 22904 | 22542 22903 | 362 362 | 100.0 | MN908947.3 SC2265
			  Incorrectly estimated size of scaffold gap between these two alignments: gap length difference = 0 (local)
			Real Alignment 5: 23145 25052 | 23144 25051 | 1908 1908 | 99.95 | MN908947.3 SC2265
			  Incorrectly estimated size of scaffold gap between these two alignments: gap length difference = 0 (local)
			Real Alignment 6: 25279 25674 | 25278 25673 | 396 396 | 99.75 | MN908947.3 SC2265
			  Incorrectly estimated size of scaffold gap between these two alignments: gap length difference = 0 (local)
			Real Alignment 7: 26220 29665 | 26219 29664 | 3446 3446 | 99.88 | MN908947.3 SC2265

Analyzing coverage...
Writing SNPs into /workspace/home/nasirja/covid-19-signal/subset_viral_7_results_dir/SC2265/freebayes/quast/contigs_reports/minimap_output/SC2265-consensus.used_snps.gz

Analysis is finished!
Founded SNPs were written into /workspace/home/nasirja/covid-19-signal/subset_viral_7_results_dir/SC2265/freebayes/quast/contigs_reports/minimap_output/SC2265-consensus.used_snps.gz

Results:
	Local Misassemblies: 0
	Misassemblies: 0
		Relocations: 0
		Translocations: 0
		Inversions: 0
	Scaffold gap extensive misassemblies: 0
	Scaffold gap local misassemblies: 6
	Misassembled Contigs: 0
	Misassembled Contig Bases: 0
	Misassemblies Inter-Contig Overlap: 0
Unaligned Contigs: 0 + 0 part
Half Unaligned Contigs with Misassemblies: 0
Unaligned Contig Bases: 0

Ambiguously Mapped Contigs: 0
Total Bases in Ambiguously Mapped Contigs: 0
Extra Bases in Ambiguously Mapped Contigs: 0
Note that --allow-ambiguity option was set to "one" and only first alignment per each of these contigs was used.

	Covered Bases: 27288

	SNPs: 18
	Insertions: 0
	Deletions: 0

