[M::bwa_idx_load_from_disk] read 0 ALT contigs
[M::process] read 79682 sequences (20000182 bp)...
[M::process] read 79682 sequences (20000182 bp)...
[M::mem_pestat] # candidate unique pairs for (FF, FR, RF, RR): (4, 38904, 8, 1)
[M::mem_pestat] skip orientation FF as there are not enough pairs
[M::mem_pestat] analyzing insert size distribution for orientation FR...
[M::mem_pestat] (25, 50, 75) percentile: (382, 387, 394)
[M::mem_pestat] low and high boundaries for computing mean and std.dev: (358, 418)
[M::mem_pestat] mean and std.dev: (390.25, 11.16)
[M::mem_pestat] low and high boundaries for proper pairs: (346, 435)
[M::mem_pestat] skip orientation RF as there are not enough pairs
[M::mem_pestat] skip orientation RR as there are not enough pairs
[M::mem_process_seqs] Processed 79682 reads in 21.812 CPU sec, 10.872 real sec
[M::process] read 79682 sequences (20000182 bp)...
[M::mem_pestat] # candidate unique pairs for (FF, FR, RF, RR): (4, 38887, 15, 2)
[M::mem_pestat] skip orientation FF as there are not enough pairs
[M::mem_pestat] analyzing insert size distribution for orientation FR...
[M::mem_pestat] (25, 50, 75) percentile: (382, 387, 394)
[M::mem_pestat] low and high boundaries for computing mean and std.dev: (358, 418)
[M::mem_pestat] mean and std.dev: (390.34, 11.14)
[M::mem_pestat] low and high boundaries for proper pairs: (346, 435)
[M::mem_pestat] analyzing insert size distribution for orientation RF...
[M::mem_pestat] (25, 50, 75) percentile: (1435, 1476, 4434)
[M::mem_pestat] low and high boundaries for computing mean and std.dev: (1, 10432)
[M::mem_pestat] mean and std.dev: (2480.80, 1656.54)
[M::mem_pestat] low and high boundaries for proper pairs: (1, 13431)
[M::mem_pestat] skip orientation RR as there are not enough pairs
[M::mem_pestat] skip orientation RF
[M::mem_process_seqs] Processed 79682 reads in 25.278 CPU sec, 12.426 real sec
[M::process] read 79682 sequences (20000182 bp)...
[M::mem_pestat] # candidate unique pairs for (FF, FR, RF, RR): (2, 38890, 8, 0)
[M::mem_pestat] skip orientation FF as there are not enough pairs
[M::mem_pestat] analyzing insert size distribution for orientation FR...
[M::mem_pestat] (25, 50, 75) percentile: (382, 387, 394)
[M::mem_pestat] low and high boundaries for computing mean and std.dev: (358, 418)
[M::mem_pestat] mean and std.dev: (390.24, 11.10)
[M::mem_pestat] low and high boundaries for proper pairs: (346, 435)
[M::mem_pestat] skip orientation RF as there are not enough pairs
[M::mem_pestat] skip orientation RR as there are not enough pairs
[M::mem_process_seqs] Processed 79682 reads in 23.338 CPU sec, 11.498 real sec
[M::process] read 79682 sequences (20000182 bp)...
[M::mem_pestat] # candidate unique pairs for (FF, FR, RF, RR): (3, 38831, 14, 1)
[M::mem_pestat] skip orientation FF as there are not enough pairs
[M::mem_pestat] analyzing insert size distribution for orientation FR...
[M::mem_pestat] (25, 50, 75) percentile: (382, 387, 394)
[M::mem_pestat] low and high boundaries for computing mean and std.dev: (358, 418)
[M::mem_pestat] mean and std.dev: (390.33, 11.18)
[M::mem_pestat] low and high boundaries for proper pairs: (346, 435)
[M::mem_pestat] analyzing insert size distribution for orientation RF...
[M::mem_pestat] (25, 50, 75) percentile: (867, 3618, 4433)
[M::mem_pestat] low and high boundaries for computing mean and std.dev: (1, 11565)
[M::mem_pestat] mean and std.dev: (2786.29, 1766.34)
[M::mem_pestat] low and high boundaries for proper pairs: (1, 15131)
[M::mem_pestat] skip orientation RR as there are not enough pairs
[M::mem_pestat] skip orientation RF
[M::mem_process_seqs] Processed 79682 reads in 27.966 CPU sec, 13.779 real sec
[M::process] read 79682 sequences (20000182 bp)...
[M::mem_pestat] # candidate unique pairs for (FF, FR, RF, RR): (1, 38887, 14, 6)
[M::mem_pestat] skip orientation FF as there are not enough pairs
[M::mem_pestat] analyzing insert size distribution for orientation FR...
[M::mem_pestat] (25, 50, 75) percentile: (382, 386, 394)
[M::mem_pestat] low and high boundaries for computing mean and std.dev: (358, 418)
[M::mem_pestat] mean and std.dev: (390.20, 11.13)
[M::mem_pestat] low and high boundaries for proper pairs: (346, 435)
[M::mem_pestat] analyzing insert size distribution for orientation RF...
[M::mem_pestat] (25, 50, 75) percentile: (1435, 4433, 4434)
[M::mem_pestat] low and high boundaries for computing mean and std.dev: (1, 10432)
[M::mem_pestat] mean and std.dev: (3533.07, 2414.82)
[M::mem_pestat] low and high boundaries for proper pairs: (1, 13431)
[M::mem_pestat] skip orientation RR as there are not enough pairs
[M::mem_pestat] skip orientation RF
[M::mem_process_seqs] Processed 79682 reads in 27.581 CPU sec, 13.662 real sec
[M::process] read 79682 sequences (20000182 bp)...
[M::mem_pestat] # candidate unique pairs for (FF, FR, RF, RR): (2, 38903, 9, 0)
[M::mem_pestat] skip orientation FF as there are not enough pairs
[M::mem_pestat] analyzing insert size distribution for orientation FR...
[M::mem_pestat] (25, 50, 75) percentile: (382, 386, 394)
[M::mem_pestat] low and high boundaries for computing mean and std.dev: (358, 418)
[M::mem_pestat] mean and std.dev: (390.16, 11.08)
[M::mem_pestat] low and high boundaries for proper pairs: (346, 434)
[M::mem_pestat] skip orientation RF as there are not enough pairs
[M::mem_pestat] skip orientation RR as there are not enough pairs
[M::mem_process_seqs] Processed 79682 reads in 25.528 CPU sec, 12.528 real sec
[M::process] read 79682 sequences (20000182 bp)...
[M::mem_pestat] # candidate unique pairs for (FF, FR, RF, RR): (0, 38877, 16, 1)
[M::mem_pestat] skip orientation FF as there are not enough pairs
[M::mem_pestat] analyzing insert size distribution for orientation FR...
[M::mem_pestat] (25, 50, 75) percentile: (382, 386, 394)
[M::mem_pestat] low and high boundaries for computing mean and std.dev: (358, 418)
[M::mem_pestat] mean and std.dev: (390.23, 11.15)
[M::mem_pestat] low and high boundaries for proper pairs: (346, 435)
[M::mem_pestat] analyzing insert size distribution for orientation RF...
[M::mem_pestat] (25, 50, 75) percentile: (1435, 2722, 4434)
[M::mem_pestat] low and high boundaries for computing mean and std.dev: (1, 10432)
[M::mem_pestat] mean and std.dev: (2904.69, 1792.36)
[M::mem_pestat] low and high boundaries for proper pairs: (1, 13431)
[M::mem_pestat] skip orientation RR as there are not enough pairs
[M::mem_pestat] skip orientation RF
[M::mem_process_seqs] Processed 79682 reads in 22.209 CPU sec, 20.055 real sec
[M::process] read 79682 sequences (20000182 bp)...
[M::mem_pestat] # candidate unique pairs for (FF, FR, RF, RR): (4, 38897, 18, 2)
[M::mem_pestat] skip orientation FF as there are not enough pairs
[M::mem_pestat] analyzing insert size distribution for orientation FR...
[M::mem_pestat] (25, 50, 75) percentile: (382, 387, 394)
[M::mem_pestat] low and high boundaries for computing mean and std.dev: (358, 418)
[M::mem_pestat] mean and std.dev: (390.33, 11.15)
[M::mem_pestat] low and high boundaries for proper pairs: (346, 435)
[M::mem_pestat] analyzing insert size distribution for orientation RF...
[M::mem_pestat] (25, 50, 75) percentile: (1435, 1437, 4433)
[M::mem_pestat] low and high boundaries for computing mean and std.dev: (1, 10429)
[M::mem_pestat] mean and std.dev: (2483.78, 1479.58)
[M::mem_pestat] low and high boundaries for proper pairs: (1, 13427)
[M::mem_pestat] skip orientation RR as there are not enough pairs
[M::mem_pestat] skip orientation RF
[M::mem_process_seqs] Processed 79682 reads in 24.587 CPU sec, 12.000 real sec
[M::process] read 79682 sequences (20000182 bp)...
[M::mem_pestat] # candidate unique pairs for (FF, FR, RF, RR): (3, 38808, 15, 1)
[M::mem_pestat] skip orientation FF as there are not enough pairs
[M::mem_pestat] analyzing insert size distribution for orientation FR...
[M::mem_pestat] (25, 50, 75) percentile: (382, 386, 394)
[M::mem_pestat] low and high boundaries for computing mean and std.dev: (358, 418)
[M::mem_pestat] mean and std.dev: (390.18, 11.12)
[M::mem_pestat] low and high boundaries for proper pairs: (346, 435)
[M::mem_pestat] analyzing insert size distribution for orientation RF...
[M::mem_pestat] (25, 50, 75) percentile: (4433, 4433, 4434)
[M::mem_pestat] low and high boundaries for computing mean and std.dev: (4431, 4436)
[M::mem_pestat] mean and std.dev: (4433.50, 0.50)
[M::mem_pestat] low and high boundaries for proper pairs: (4430, 4437)
[M::mem_pestat] skip orientation RR as there are not enough pairs
[M::mem_pestat] skip orientation RF
[M::mem_process_seqs] Processed 79682 reads in 25.679 CPU sec, 12.562 real sec
[M::process] read 79682 sequences (20000182 bp)...
[M::mem_pestat] # candidate unique pairs for (FF, FR, RF, RR): (5, 38878, 24, 1)
[M::mem_pestat] skip orientation FF as there are not enough pairs
[M::mem_pestat] analyzing insert size distribution for orientation FR...
[M::mem_pestat] (25, 50, 75) percentile: (382, 386, 394)
[M::mem_pestat] low and high boundaries for computing mean and std.dev: (358, 418)
[M::mem_pestat] mean and std.dev: (390.17, 11.18)
[M::mem_pestat] low and high boundaries for proper pairs: (345, 435)
[M::mem_pestat] analyzing insert size distribution for orientation RF...
[M::mem_pestat] (25, 50, 75) percentile: (1435, 4433, 6007)
[M::mem_pestat] low and high boundaries for computing mean and std.dev: (1, 15151)
[M::mem_pestat] mean and std.dev: (3616.33, 2667.12)
[M::mem_pestat] low and high boundaries for proper pairs: (1, 19723)
[M::mem_pestat] skip orientation RR as there are not enough pairs
[M::mem_pestat] skip orientation RF
[M::mem_process_seqs] Processed 79682 reads in 23.177 CPU sec, 11.382 real sec
[M::process] read 79682 sequences (20000182 bp)...
[M::mem_pestat] # candidate unique pairs for (FF, FR, RF, RR): (5, 38847, 11, 3)
[M::mem_pestat] skip orientation FF as there are not enough pairs
[M::mem_pestat] analyzing insert size distribution for orientation FR...
[M::mem_pestat] (25, 50, 75) percentile: (382, 387, 394)
[M::mem_pestat] low and high boundaries for computing mean and std.dev: (358, 418)
[M::mem_pestat] mean and std.dev: (390.27, 11.11)
[M::mem_pestat] low and high boundaries for proper pairs: (346, 435)
[M::mem_pestat] analyzing insert size distribution for orientation RF...
[M::mem_pestat] (25, 50, 75) percentile: (2574, 4433, 4434)
[M::mem_pestat] low and high boundaries for computing mean and std.dev: (1, 8154)
[M::mem_pestat] mean and std.dev: (3170.90, 1405.16)
[M::mem_pestat] low and high boundaries for proper pairs: (1, 10014)
[M::mem_pestat] skip orientation RR as there are not enough pairs
[M::mem_pestat] skip orientation RF
[M::mem_process_seqs] Processed 79682 reads in 23.662 CPU sec, 11.538 real sec
[M::process] read 79682 sequences (20000182 bp)...
[M::mem_pestat] # candidate unique pairs for (FF, FR, RF, RR): (8, 38759, 5, 3)
[M::mem_pestat] skip orientation FF as there are not enough pairs
[M::mem_pestat] analyzing insert size distribution for orientation FR...
[M::mem_pestat] (25, 50, 75) percentile: (382, 386, 394)
[M::mem_pestat] low and high boundaries for computing mean and std.dev: (358, 418)
[M::mem_pestat] mean and std.dev: (390.08, 11.05)
[M::mem_pestat] low and high boundaries for proper pairs: (346, 434)
[M::mem_pestat] skip orientation RF as there are not enough pairs
[M::mem_pestat] skip orientation RR as there are not enough pairs
[M::mem_process_seqs] Processed 79682 reads in 24.219 CPU sec, 11.833 real sec
[M::process] read 79682 sequences (20000182 bp)...
[M::mem_pestat] # candidate unique pairs for (FF, FR, RF, RR): (4, 38809, 8, 2)
[M::mem_pestat] skip orientation FF as there are not enough pairs
[M::mem_pestat] analyzing insert size distribution for orientation FR...
[M::mem_pestat] (25, 50, 75) percentile: (382, 386, 394)
[M::mem_pestat] low and high boundaries for computing mean and std.dev: (358, 418)
[M::mem_pestat] mean and std.dev: (390.05, 11.12)
[M::mem_pestat] low and high boundaries for proper pairs: (346, 435)
[M::mem_pestat] skip orientation RF as there are not enough pairs
[M::mem_pestat] skip orientation RR as there are not enough pairs
[M::mem_process_seqs] Processed 79682 reads in 27.150 CPU sec, 13.291 real sec
[M::process] read 79682 sequences (20000182 bp)...
[M::mem_pestat] # candidate unique pairs for (FF, FR, RF, RR): (3, 38853, 13, 0)
[M::mem_pestat] skip orientation FF as there are not enough pairs
[M::mem_pestat] analyzing insert size distribution for orientation FR...
[M::mem_pestat] (25, 50, 75) percentile: (382, 386, 394)
[M::mem_pestat] low and high boundaries for computing mean and std.dev: (358, 418)
[M::mem_pestat] mean and std.dev: (390.26, 11.16)
[M::mem_pestat] low and high boundaries for proper pairs: (346, 435)
[M::mem_pestat] analyzing insert size distribution for orientation RF...
[M::mem_pestat] (25, 50, 75) percentile: (1435, 4434, 4435)
[M::mem_pestat] low and high boundaries for computing mean and std.dev: (1, 10435)
[M::mem_pestat] mean and std.dev: (3901.69, 2206.14)
[M::mem_pestat] low and high boundaries for proper pairs: (1, 13435)
[M::mem_pestat] skip orientation RR as there are not enough pairs
[M::mem_pestat] skip orientation RF
[M::mem_process_seqs] Processed 79682 reads in 26.068 CPU sec, 12.886 real sec
[M::process] read 79682 sequences (20000182 bp)...
[M::mem_pestat] # candidate unique pairs for (FF, FR, RF, RR): (2, 38604, 7, 3)
[M::mem_pestat] skip orientation FF as there are not enough pairs
[M::mem_pestat] analyzing insert size distribution for orientation FR...
[M::mem_pestat] (25, 50, 75) percentile: (382, 386, 394)
[M::mem_pestat] low and high boundaries for computing mean and std.dev: (358, 418)
[M::mem_pestat] mean and std.dev: (390.19, 11.18)
[M::mem_pestat] low and high boundaries for proper pairs: (345, 435)
[M::mem_pestat] skip orientation RF as there are not enough pairs
[M::mem_pestat] skip orientation RR as there are not enough pairs
[M::mem_process_seqs] Processed 79682 reads in 27.894 CPU sec, 13.756 real sec
[M::process] read 79682 sequences (20000182 bp)...
[M::mem_pestat] # candidate unique pairs for (FF, FR, RF, RR): (1, 38846, 13, 0)
[M::mem_pestat] skip orientation FF as there are not enough pairs
[M::mem_pestat] analyzing insert size distribution for orientation FR...
[M::mem_pestat] (25, 50, 75) percentile: (382, 387, 394)
[M::mem_pestat] low and high boundaries for computing mean and std.dev: (358, 418)
[M::mem_pestat] mean and std.dev: (390.24, 11.14)
[M::mem_pestat] low and high boundaries for proper pairs: (346, 435)
[M::mem_pestat] analyzing insert size distribution for orientation RF...
[M::mem_pestat] (25, 50, 75) percentile: (1435, 2597, 4434)
[M::mem_pestat] low and high boundaries for computing mean and std.dev: (1, 10432)
[M::mem_pestat] mean and std.dev: (3255.31, 2532.55)
[M::mem_pestat] low and high boundaries for proper pairs: (1, 13431)
[M::mem_pestat] skip orientation RR as there are not enough pairs
[M::mem_pestat] skip orientation RF
[M::mem_process_seqs] Processed 79682 reads in 28.965 CPU sec, 14.220 real sec
[M::process] read 79682 sequences (20000182 bp)...
[M::mem_pestat] # candidate unique pairs for (FF, FR, RF, RR): (0, 38838, 13, 1)
[M::mem_pestat] skip orientation FF as there are not enough pairs
[M::mem_pestat] analyzing insert size distribution for orientation FR...
[M::mem_pestat] (25, 50, 75) percentile: (382, 386, 394)
[M::mem_pestat] low and high boundaries for computing mean and std.dev: (358, 418)
[M::mem_pestat] mean and std.dev: (390.18, 11.16)
[M::mem_pestat] low and high boundaries for proper pairs: (346, 435)
[M::mem_pestat] analyzing insert size distribution for orientation RF...
[M::mem_pestat] (25, 50, 75) percentile: (4433, 4433, 4434)
[M::mem_pestat] low and high boundaries for computing mean and std.dev: (4431, 4436)
[M::mem_pestat] mean and std.dev: (4433.33, 0.47)
[M::mem_pestat] low and high boundaries for proper pairs: (4430, 4437)
[M::mem_pestat] skip orientation RR as there are not enough pairs
[M::mem_pestat] skip orientation RF
[M::mem_process_seqs] Processed 79682 reads in 23.968 CPU sec, 11.682 real sec
[M::process] read 79682 sequences (20000182 bp)...
[M::mem_pestat] # candidate unique pairs for (FF, FR, RF, RR): (3, 38885, 11, 4)
[M::mem_pestat] skip orientation FF as there are not enough pairs
[M::mem_pestat] analyzing insert size distribution for orientation FR...
[M::mem_pestat] (25, 50, 75) percentile: (382, 386, 394)
[M::mem_pestat] low and high boundaries for computing mean and std.dev: (358, 418)
[M::mem_pestat] mean and std.dev: (390.21, 11.12)
[M::mem_pestat] low and high boundaries for proper pairs: (346, 435)
[M::mem_pestat] analyzing insert size distribution for orientation RF...
[M::mem_pestat] (25, 50, 75) percentile: (2574, 4433, 4434)
[M::mem_pestat] low and high boundaries for computing mean and std.dev: (1, 8154)
[M::mem_pestat] mean and std.dev: (3373.55, 1468.10)
[M::mem_pestat] low and high boundaries for proper pairs: (1, 10014)
[M::mem_pestat] skip orientation RR as there are not enough pairs
[M::mem_pestat] skip orientation RF
[M::mem_process_seqs] Processed 79682 reads in 22.041 CPU sec, 10.802 real sec
[M::process] read 79682 sequences (20000182 bp)...
[M::mem_pestat] # candidate unique pairs for (FF, FR, RF, RR): (0, 38823, 10, 2)
[M::mem_pestat] skip orientation FF as there are not enough pairs
[M::mem_pestat] analyzing insert size distribution for orientation FR...
[M::mem_pestat] (25, 50, 75) percentile: (382, 387, 394)
[M::mem_pestat] low and high boundaries for computing mean and std.dev: (358, 418)
[M::mem_pestat] mean and std.dev: (390.24, 11.14)
[M::mem_pestat] low and high boundaries for proper pairs: (346, 435)
[M::mem_pestat] analyzing insert size distribution for orientation RF...
[M::mem_pestat] (25, 50, 75) percentile: (1435, 4433, 5958)
[M::mem_pestat] low and high boundaries for computing mean and std.dev: (1, 15004)
[M::mem_pestat] mean and std.dev: (3957.30, 2671.60)
[M::mem_pestat] low and high boundaries for proper pairs: (1, 19527)
[M::mem_pestat] skip orientation RR as there are not enough pairs
[M::mem_pestat] skip orientation RF
[M::mem_process_seqs] Processed 79682 reads in 25.580 CPU sec, 12.508 real sec
[M::process] read 79682 sequences (20000182 bp)...
[M::mem_pestat] # candidate unique pairs for (FF, FR, RF, RR): (5, 38742, 13, 6)
[M::mem_pestat] skip orientation FF as there are not enough pairs
[M::mem_pestat] analyzing insert size distribution for orientation FR...
[M::mem_pestat] (25, 50, 75) percentile: (382, 387, 394)
[M::mem_pestat] low and high boundaries for computing mean and std.dev: (358, 418)
[M::mem_pestat] mean and std.dev: (390.27, 11.20)
[M::mem_pestat] low and high boundaries for proper pairs: (345, 435)
[M::mem_pestat] analyzing insert size distribution for orientation RF...
[M::mem_pestat] (25, 50, 75) percentile: (1440, 2574, 4434)
[M::mem_pestat] low and high boundaries for computing mean and std.dev: (1, 10422)
[M::mem_pestat] mean and std.dev: (2864.38, 1576.52)
[M::mem_pestat] low and high boundaries for proper pairs: (1, 13416)
[M::mem_pestat] skip orientation RR as there are not enough pairs
[M::mem_pestat] skip orientation RF
[M::mem_process_seqs] Processed 79682 reads in 27.344 CPU sec, 13.408 real sec
[M::process] read 79682 sequences (20000182 bp)...
[M::mem_pestat] # candidate unique pairs for (FF, FR, RF, RR): (5, 38858, 18, 4)
[M::mem_pestat] skip orientation FF as there are not enough pairs
[M::mem_pestat] analyzing insert size distribution for orientation FR...
[M::mem_pestat] (25, 50, 75) percentile: (382, 386, 394)
[M::mem_pestat] low and high boundaries for computing mean and std.dev: (358, 418)
[M::mem_pestat] mean and std.dev: (390.24, 11.21)
[M::mem_pestat] low and high boundaries for proper pairs: (345, 435)
[M::mem_pestat] analyzing insert size distribution for orientation RF...
[M::mem_pestat] (25, 50, 75) percentile: (1435, 4433, 4433)
[M::mem_pestat] low and high boundaries for computing mean and std.dev: (1, 10429)
[M::mem_pestat] mean and std.dev: (2989.50, 1647.26)
[M::mem_pestat] low and high boundaries for proper pairs: (1, 13427)
[M::mem_pestat] skip orientation RR as there are not enough pairs
[M::mem_pestat] skip orientation RF
[M::mem_process_seqs] Processed 79682 reads in 23.805 CPU sec, 11.647 real sec
[M::process] read 79682 sequences (20000182 bp)...
[M::mem_pestat] # candidate unique pairs for (FF, FR, RF, RR): (6, 38741, 15, 2)
[M::mem_pestat] skip orientation FF as there are not enough pairs
[M::mem_pestat] analyzing insert size distribution for orientation FR...
[M::mem_pestat] (25, 50, 75) percentile: (382, 386, 394)
[M::mem_pestat] low and high boundaries for computing mean and std.dev: (358, 418)
[M::mem_pestat] mean and std.dev: (390.26, 11.16)
[M::mem_pestat] low and high boundaries for proper pairs: (346, 435)
[M::mem_pestat] analyzing insert size distribution for orientation RF...
[M::mem_pestat] (25, 50, 75) percentile: (1435, 3295, 4434)
[M::mem_pestat] low and high boundaries for computing mean and std.dev: (1, 10432)
[M::mem_pestat] mean and std.dev: (2956.00, 1514.42)
[M::mem_pestat] low and high boundaries for proper pairs: (1, 13431)
[M::mem_pestat] skip orientation RR as there are not enough pairs
[M::mem_pestat] skip orientation RF
[M::mem_process_seqs] Processed 79682 reads in 22.934 CPU sec, 11.232 real sec
[M::process] read 57996 sequences (14556996 bp)...
[M::mem_pestat] # candidate unique pairs for (FF, FR, RF, RR): (3, 38741, 12, 5)
[M::mem_pestat] skip orientation FF as there are not enough pairs
[M::mem_pestat] analyzing insert size distribution for orientation FR...
[M::mem_pestat] (25, 50, 75) percentile: (382, 386, 394)
[M::mem_pestat] low and high boundaries for computing mean and std.dev: (358, 418)
[M::mem_pestat] mean and std.dev: (390.15, 11.11)
[M::mem_pestat] low and high boundaries for proper pairs: (346, 435)
[M::mem_pestat] analyzing insert size distribution for orientation RF...
[M::mem_pestat] (25, 50, 75) percentile: (249, 1435, 4433)
[M::mem_pestat] low and high boundaries for computing mean and std.dev: (1, 12801)
[M::mem_pestat] mean and std.dev: (1970.92, 1750.05)
[M::mem_pestat] low and high boundaries for proper pairs: (1, 16985)
[M::mem_pestat] skip orientation RR as there are not enough pairs
[M::mem_pestat] skip orientation RF
[M::mem_process_seqs] Processed 79682 reads in 21.703 CPU sec, 10.662 real sec
[M::mem_pestat] # candidate unique pairs for (FF, FR, RF, RR): (0, 28222, 8, 3)
[M::mem_pestat] skip orientation FF as there are not enough pairs
[M::mem_pestat] analyzing insert size distribution for orientation FR...
[M::mem_pestat] (25, 50, 75) percentile: (382, 386, 394)
[M::mem_pestat] low and high boundaries for computing mean and std.dev: (358, 418)
[M::mem_pestat] mean and std.dev: (390.14, 11.15)
[M::mem_pestat] low and high boundaries for proper pairs: (346, 435)
[M::mem_pestat] skip orientation RF as there are not enough pairs
[M::mem_pestat] skip orientation RR as there are not enough pairs
[M::mem_process_seqs] Processed 57996 reads in 14.385 CPU sec, 7.125 real sec
[main] Version: 0.7.17-r1188
[main] CMD: bwa mem -t 2 /workspace/lab/mcarthurlab/nasirja/covid-19-signal/data/composite_human_viral_reference.fna E46/raw_fastq/E46_R1.fastq.gz E46/raw_fastq/E46_R2.fastq.gz
[main] Real time: 323.865 sec; CPU: 592.169 sec
viral read count = 1844915 (97.58%)
human read count = 1 (0.00%) 
unmapped read count = 45766 (2.42%)
