[M::bwa_idx_load_from_disk] read 0 ALT contigs
[M::process] read 79682 sequences (20000182 bp)...
[M::process] read 79682 sequences (20000182 bp)...
[M::mem_pestat] # candidate unique pairs for (FF, FR, RF, RR): (6, 39433, 21, 2)
[M::mem_pestat] skip orientation FF as there are not enough pairs
[M::mem_pestat] analyzing insert size distribution for orientation FR...
[M::mem_pestat] (25, 50, 75) percentile: (381, 387, 397)
[M::mem_pestat] low and high boundaries for computing mean and std.dev: (349, 429)
[M::mem_pestat] mean and std.dev: (390.29, 11.13)
[M::mem_pestat] low and high boundaries for proper pairs: (333, 445)
[M::mem_pestat] analyzing insert size distribution for orientation RF...
[M::mem_pestat] (25, 50, 75) percentile: (192, 762, 863)
[M::mem_pestat] low and high boundaries for computing mean and std.dev: (1, 2205)
[M::mem_pestat] mean and std.dev: (548.61, 485.63)
[M::mem_pestat] low and high boundaries for proper pairs: (1, 2876)
[M::mem_pestat] skip orientation RR as there are not enough pairs
[M::mem_pestat] skip orientation RF
[M::mem_process_seqs] Processed 79682 reads in 18.609 CPU sec, 9.126 real sec
[M::process] read 79682 sequences (20000182 bp)...
[M::mem_pestat] # candidate unique pairs for (FF, FR, RF, RR): (5, 39451, 17, 2)
[M::mem_pestat] skip orientation FF as there are not enough pairs
[M::mem_pestat] analyzing insert size distribution for orientation FR...
[M::mem_pestat] (25, 50, 75) percentile: (381, 387, 397)
[M::mem_pestat] low and high boundaries for computing mean and std.dev: (349, 429)
[M::mem_pestat] mean and std.dev: (390.27, 11.08)
[M::mem_pestat] low and high boundaries for proper pairs: (333, 445)
[M::mem_pestat] analyzing insert size distribution for orientation RF...
[M::mem_pestat] (25, 50, 75) percentile: (192, 214, 229)
[M::mem_pestat] low and high boundaries for computing mean and std.dev: (118, 303)
[M::mem_pestat] mean and std.dev: (204.57, 15.29)
[M::mem_pestat] low and high boundaries for proper pairs: (81, 340)
[M::mem_pestat] skip orientation RR as there are not enough pairs
[M::mem_pestat] skip orientation RF
[M::mem_process_seqs] Processed 79682 reads in 16.883 CPU sec, 8.216 real sec
[M::process] read 79682 sequences (20000182 bp)...
[M::mem_pestat] # candidate unique pairs for (FF, FR, RF, RR): (6, 39426, 19, 3)
[M::mem_pestat] skip orientation FF as there are not enough pairs
[M::mem_pestat] analyzing insert size distribution for orientation FR...
[M::mem_pestat] (25, 50, 75) percentile: (381, 387, 398)
[M::mem_pestat] low and high boundaries for computing mean and std.dev: (347, 432)
[M::mem_pestat] mean and std.dev: (390.30, 11.18)
[M::mem_pestat] low and high boundaries for proper pairs: (330, 449)
[M::mem_pestat] analyzing insert size distribution for orientation RF...
[M::mem_pestat] (25, 50, 75) percentile: (192, 214, 774)
[M::mem_pestat] low and high boundaries for computing mean and std.dev: (1, 1938)
[M::mem_pestat] mean and std.dev: (405.79, 288.88)
[M::mem_pestat] low and high boundaries for proper pairs: (1, 2520)
[M::mem_pestat] skip orientation RR as there are not enough pairs
[M::mem_pestat] skip orientation RF
[M::mem_process_seqs] Processed 79682 reads in 17.738 CPU sec, 8.645 real sec
[M::process] read 79682 sequences (20000182 bp)...
[M::mem_pestat] # candidate unique pairs for (FF, FR, RF, RR): (2, 39360, 13, 2)
[M::mem_pestat] skip orientation FF as there are not enough pairs
[M::mem_pestat] analyzing insert size distribution for orientation FR...
[M::mem_pestat] (25, 50, 75) percentile: (381, 387, 398)
[M::mem_pestat] low and high boundaries for computing mean and std.dev: (347, 432)
[M::mem_pestat] mean and std.dev: (390.32, 11.19)
[M::mem_pestat] low and high boundaries for proper pairs: (330, 449)
[M::mem_pestat] analyzing insert size distribution for orientation RF...
[M::mem_pestat] (25, 50, 75) percentile: (192, 225, 814)
[M::mem_pestat] low and high boundaries for computing mean and std.dev: (1, 2058)
[M::mem_pestat] mean and std.dev: (358.83, 365.67)
[M::mem_pestat] low and high boundaries for proper pairs: (1, 2680)
[M::mem_pestat] skip orientation RR as there are not enough pairs
[M::mem_pestat] skip orientation RF
[M::mem_process_seqs] Processed 79682 reads in 18.515 CPU sec, 9.019 real sec
[M::process] read 79682 sequences (20000182 bp)...
[M::mem_pestat] # candidate unique pairs for (FF, FR, RF, RR): (6, 39352, 23, 3)
[M::mem_pestat] skip orientation FF as there are not enough pairs
[M::mem_pestat] analyzing insert size distribution for orientation FR...
[M::mem_pestat] (25, 50, 75) percentile: (381, 387, 397)
[M::mem_pestat] low and high boundaries for computing mean and std.dev: (349, 429)
[M::mem_pestat] mean and std.dev: (390.31, 11.11)
[M::mem_pestat] low and high boundaries for proper pairs: (333, 445)
[M::mem_pestat] analyzing insert size distribution for orientation RF...
[M::mem_pestat] (25, 50, 75) percentile: (192, 237, 862)
[M::mem_pestat] low and high boundaries for computing mean and std.dev: (1, 2202)
[M::mem_pestat] mean and std.dev: (505.64, 437.63)
[M::mem_pestat] low and high boundaries for proper pairs: (1, 2872)
[M::mem_pestat] skip orientation RR as there are not enough pairs
[M::mem_pestat] skip orientation RF
[M::mem_process_seqs] Processed 79682 reads in 26.583 CPU sec, 13.071 real sec
[M::process] read 79682 sequences (20000182 bp)...
[M::mem_pestat] # candidate unique pairs for (FF, FR, RF, RR): (3, 39394, 24, 4)
[M::mem_pestat] skip orientation FF as there are not enough pairs
[M::mem_pestat] analyzing insert size distribution for orientation FR...
[M::mem_pestat] (25, 50, 75) percentile: (381, 387, 398)
[M::mem_pestat] low and high boundaries for computing mean and std.dev: (347, 432)
[M::mem_pestat] mean and std.dev: (390.32, 11.17)
[M::mem_pestat] low and high boundaries for proper pairs: (330, 449)
[M::mem_pestat] analyzing insert size distribution for orientation RF...
[M::mem_pestat] (25, 50, 75) percentile: (214, 247, 862)
[M::mem_pestat] low and high boundaries for computing mean and std.dev: (1, 2158)
[M::mem_pestat] mean and std.dev: (520.09, 440.37)
[M::mem_pestat] low and high boundaries for proper pairs: (1, 2806)
[M::mem_pestat] skip orientation RR as there are not enough pairs
[M::mem_pestat] skip orientation RF
[M::mem_process_seqs] Processed 79682 reads in 26.092 CPU sec, 12.809 real sec
[M::process] read 52640 sequences (13212640 bp)...
[M::mem_pestat] # candidate unique pairs for (FF, FR, RF, RR): (3, 39356, 21, 2)
[M::mem_pestat] skip orientation FF as there are not enough pairs
[M::mem_pestat] analyzing insert size distribution for orientation FR...
[M::mem_pestat] (25, 50, 75) percentile: (381, 387, 397)
[M::mem_pestat] low and high boundaries for computing mean and std.dev: (349, 429)
[M::mem_pestat] mean and std.dev: (390.27, 11.14)
[M::mem_pestat] low and high boundaries for proper pairs: (333, 445)
[M::mem_pestat] analyzing insert size distribution for orientation RF...
[M::mem_pestat] (25, 50, 75) percentile: (192, 192, 814)
[M::mem_pestat] low and high boundaries for computing mean and std.dev: (1, 2058)
[M::mem_pestat] mean and std.dev: (519.90, 542.06)
[M::mem_pestat] low and high boundaries for proper pairs: (1, 2688)
[M::mem_pestat] skip orientation RR as there are not enough pairs
[M::mem_pestat] skip orientation RF
[M::mem_process_seqs] Processed 79682 reads in 26.534 CPU sec, 13.085 real sec
[M::mem_pestat] # candidate unique pairs for (FF, FR, RF, RR): (1, 25987, 11, 1)
[M::mem_pestat] skip orientation FF as there are not enough pairs
[M::mem_pestat] analyzing insert size distribution for orientation FR...
[M::mem_pestat] (25, 50, 75) percentile: (381, 387, 398)
[M::mem_pestat] low and high boundaries for computing mean and std.dev: (347, 432)
[M::mem_pestat] mean and std.dev: (390.33, 11.20)
[M::mem_pestat] low and high boundaries for proper pairs: (330, 449)
[M::mem_pestat] analyzing insert size distribution for orientation RF...
[M::mem_pestat] (25, 50, 75) percentile: (229, 572, 1435)
[M::mem_pestat] low and high boundaries for computing mean and std.dev: (1, 3847)
[M::mem_pestat] mean and std.dev: (733.45, 595.34)
[M::mem_pestat] low and high boundaries for proper pairs: (1, 5053)
[M::mem_pestat] skip orientation RR as there are not enough pairs
[M::mem_pestat] skip orientation RF
[M::mem_process_seqs] Processed 52640 reads in 15.564 CPU sec, 7.719 real sec
[main] Version: 0.7.17-r1188
[main] CMD: bwa mem -t 2 /workspace/lab/mcarthurlab/nasirja/covid-19-signal/data/composite_human_viral_reference.fna E30/raw_fastq/E30_R1.fastq.gz E30/raw_fastq/E30_R2.fastq.gz
[main] Real time: 102.362 sec; CPU: 171.780 sec
viral read count = 604918 (99.10%)
human read count = 0 (0.00%) 
unmapped read count = 5496 (0.90%)
