[M::bwa_idx_load_from_disk] read 0 ALT contigs
[M::process] read 79682 sequences (20000182 bp)...
[M::process] read 79682 sequences (20000182 bp)...
[M::mem_pestat] # candidate unique pairs for (FF, FR, RF, RR): (5, 38950, 91, 5)
[M::mem_pestat] skip orientation FF as there are not enough pairs
[M::mem_pestat] analyzing insert size distribution for orientation FR...
[M::mem_pestat] (25, 50, 75) percentile: (382, 388, 398)
[M::mem_pestat] low and high boundaries for computing mean and std.dev: (350, 430)
[M::mem_pestat] mean and std.dev: (390.42, 11.16)
[M::mem_pestat] low and high boundaries for proper pairs: (334, 446)
[M::mem_pestat] analyzing insert size distribution for orientation RF...
[M::mem_pestat] (25, 50, 75) percentile: (224, 225, 862)
[M::mem_pestat] low and high boundaries for computing mean and std.dev: (1, 2138)
[M::mem_pestat] mean and std.dev: (435.08, 324.22)
[M::mem_pestat] low and high boundaries for proper pairs: (1, 2776)
[M::mem_pestat] skip orientation RR as there are not enough pairs
[M::mem_pestat] skip orientation RF
[M::mem_process_seqs] Processed 79682 reads in 32.833 CPU sec, 21.237 real sec
[M::process] read 79682 sequences (20000182 bp)...
[M::mem_pestat] # candidate unique pairs for (FF, FR, RF, RR): (5, 39001, 83, 3)
[M::mem_pestat] skip orientation FF as there are not enough pairs
[M::mem_pestat] analyzing insert size distribution for orientation FR...
[M::mem_pestat] (25, 50, 75) percentile: (382, 388, 398)
[M::mem_pestat] low and high boundaries for computing mean and std.dev: (350, 430)
[M::mem_pestat] mean and std.dev: (390.48, 11.23)
[M::mem_pestat] low and high boundaries for proper pairs: (334, 446)
[M::mem_pestat] analyzing insert size distribution for orientation RF...
[M::mem_pestat] (25, 50, 75) percentile: (224, 225, 862)
[M::mem_pestat] low and high boundaries for computing mean and std.dev: (1, 2138)
[M::mem_pestat] mean and std.dev: (477.47, 332.16)
[M::mem_pestat] low and high boundaries for proper pairs: (1, 2776)
[M::mem_pestat] skip orientation RR as there are not enough pairs
[M::mem_pestat] skip orientation RF
[M::mem_process_seqs] Processed 79682 reads in 20.107 CPU sec, 9.839 real sec
[M::process] read 79682 sequences (20000182 bp)...
[M::mem_pestat] # candidate unique pairs for (FF, FR, RF, RR): (9, 38890, 104, 0)
[M::mem_pestat] skip orientation FF as there are not enough pairs
[M::mem_pestat] analyzing insert size distribution for orientation FR...
[M::mem_pestat] (25, 50, 75) percentile: (382, 388, 398)
[M::mem_pestat] low and high boundaries for computing mean and std.dev: (350, 430)
[M::mem_pestat] mean and std.dev: (390.42, 11.17)
[M::mem_pestat] low and high boundaries for proper pairs: (334, 446)
[M::mem_pestat] analyzing insert size distribution for orientation RF...
[M::mem_pestat] (25, 50, 75) percentile: (224, 225, 862)
[M::mem_pestat] low and high boundaries for computing mean and std.dev: (1, 2138)
[M::mem_pestat] mean and std.dev: (477.75, 316.17)
[M::mem_pestat] low and high boundaries for proper pairs: (1, 2776)
[M::mem_pestat] skip orientation RR as there are not enough pairs
[M::mem_pestat] skip orientation RF
[M::mem_process_seqs] Processed 79682 reads in 15.161 CPU sec, 8.443 real sec
[M::process] read 79682 sequences (20000182 bp)...
[M::mem_pestat] # candidate unique pairs for (FF, FR, RF, RR): (6, 38938, 101, 0)
[M::mem_pestat] skip orientation FF as there are not enough pairs
[M::mem_pestat] analyzing insert size distribution for orientation FR...
[M::mem_pestat] (25, 50, 75) percentile: (382, 388, 398)
[M::mem_pestat] low and high boundaries for computing mean and std.dev: (350, 430)
[M::mem_pestat] mean and std.dev: (390.46, 11.23)
[M::mem_pestat] low and high boundaries for proper pairs: (334, 446)
[M::mem_pestat] analyzing insert size distribution for orientation RF...
[M::mem_pestat] (25, 50, 75) percentile: (224, 225, 862)
[M::mem_pestat] low and high boundaries for computing mean and std.dev: (1, 2138)
[M::mem_pestat] mean and std.dev: (395.49, 287.14)
[M::mem_pestat] low and high boundaries for proper pairs: (1, 2776)
[M::mem_pestat] skip orientation RR as there are not enough pairs
[M::mem_pestat] skip orientation RF
[M::mem_process_seqs] Processed 79682 reads in 24.147 CPU sec, 11.712 real sec
[M::process] read 79682 sequences (20000182 bp)...
[M::mem_pestat] # candidate unique pairs for (FF, FR, RF, RR): (6, 38870, 104, 5)
[M::mem_pestat] skip orientation FF as there are not enough pairs
[M::mem_pestat] analyzing insert size distribution for orientation FR...
[M::mem_pestat] (25, 50, 75) percentile: (382, 388, 398)
[M::mem_pestat] low and high boundaries for computing mean and std.dev: (350, 430)
[M::mem_pestat] mean and std.dev: (390.46, 11.24)
[M::mem_pestat] low and high boundaries for proper pairs: (334, 446)
[M::mem_pestat] analyzing insert size distribution for orientation RF...
[M::mem_pestat] (25, 50, 75) percentile: (224, 225, 862)
[M::mem_pestat] low and high boundaries for computing mean and std.dev: (1, 2138)
[M::mem_pestat] mean and std.dev: (437.48, 314.96)
[M::mem_pestat] low and high boundaries for proper pairs: (1, 2776)
[M::mem_pestat] skip orientation RR as there are not enough pairs
[M::mem_pestat] skip orientation RF
[M::mem_process_seqs] Processed 79682 reads in 24.015 CPU sec, 11.700 real sec
[M::process] read 79682 sequences (20000182 bp)...
[M::mem_pestat] # candidate unique pairs for (FF, FR, RF, RR): (7, 38847, 92, 5)
[M::mem_pestat] skip orientation FF as there are not enough pairs
[M::mem_pestat] analyzing insert size distribution for orientation FR...
[M::mem_pestat] (25, 50, 75) percentile: (382, 388, 398)
[M::mem_pestat] low and high boundaries for computing mean and std.dev: (350, 430)
[M::mem_pestat] mean and std.dev: (390.56, 11.30)
[M::mem_pestat] low and high boundaries for proper pairs: (334, 446)
[M::mem_pestat] analyzing insert size distribution for orientation RF...
[M::mem_pestat] (25, 50, 75) percentile: (224, 225, 862)
[M::mem_pestat] low and high boundaries for computing mean and std.dev: (1, 2138)
[M::mem_pestat] mean and std.dev: (470.84, 324.10)
[M::mem_pestat] low and high boundaries for proper pairs: (1, 2776)
[M::mem_pestat] skip orientation RR as there are not enough pairs
[M::mem_pestat] skip orientation RF
[M::mem_process_seqs] Processed 79682 reads in 19.851 CPU sec, 9.615 real sec
[M::process] read 79682 sequences (20000182 bp)...
[M::mem_pestat] # candidate unique pairs for (FF, FR, RF, RR): (1, 38829, 103, 1)
[M::mem_pestat] skip orientation FF as there are not enough pairs
[M::mem_pestat] analyzing insert size distribution for orientation FR...
[M::mem_pestat] (25, 50, 75) percentile: (382, 388, 397)
[M::mem_pestat] low and high boundaries for computing mean and std.dev: (352, 427)
[M::mem_pestat] mean and std.dev: (390.39, 11.17)
[M::mem_pestat] low and high boundaries for proper pairs: (337, 442)
[M::mem_pestat] analyzing insert size distribution for orientation RF...
[M::mem_pestat] (25, 50, 75) percentile: (224, 225, 862)
[M::mem_pestat] low and high boundaries for computing mean and std.dev: (1, 2138)
[M::mem_pestat] mean and std.dev: (415.59, 294.77)
[M::mem_pestat] low and high boundaries for proper pairs: (1, 2776)
[M::mem_pestat] skip orientation RR as there are not enough pairs
[M::mem_pestat] skip orientation RF
[M::mem_process_seqs] Processed 79682 reads in 25.386 CPU sec, 12.385 real sec
[M::process] read 79682 sequences (20000182 bp)...
[M::mem_pestat] # candidate unique pairs for (FF, FR, RF, RR): (8, 38790, 91, 3)
[M::mem_pestat] skip orientation FF as there are not enough pairs
[M::mem_pestat] analyzing insert size distribution for orientation FR...
[M::mem_pestat] (25, 50, 75) percentile: (382, 388, 398)
[M::mem_pestat] low and high boundaries for computing mean and std.dev: (350, 430)
[M::mem_pestat] mean and std.dev: (390.41, 11.21)
[M::mem_pestat] low and high boundaries for proper pairs: (334, 446)
[M::mem_pestat] analyzing insert size distribution for orientation RF...
[M::mem_pestat] (25, 50, 75) percentile: (224, 225, 862)
[M::mem_pestat] low and high boundaries for computing mean and std.dev: (1, 2138)
[M::mem_pestat] mean and std.dev: (379.36, 303.18)
[M::mem_pestat] low and high boundaries for proper pairs: (1, 2776)
[M::mem_pestat] skip orientation RR as there are not enough pairs
[M::mem_pestat] skip orientation RF
[M::mem_process_seqs] Processed 79682 reads in 25.356 CPU sec, 12.377 real sec
[M::process] read 79682 sequences (20000182 bp)...
[M::mem_pestat] # candidate unique pairs for (FF, FR, RF, RR): (6, 38933, 99, 5)
[M::mem_pestat] skip orientation FF as there are not enough pairs
[M::mem_pestat] analyzing insert size distribution for orientation FR...
[M::mem_pestat] (25, 50, 75) percentile: (382, 388, 398)
[M::mem_pestat] low and high boundaries for computing mean and std.dev: (350, 430)
[M::mem_pestat] mean and std.dev: (390.67, 11.31)
[M::mem_pestat] low and high boundaries for proper pairs: (334, 446)
[M::mem_pestat] analyzing insert size distribution for orientation RF...
[M::mem_pestat] (25, 50, 75) percentile: (224, 225, 862)
[M::mem_pestat] low and high boundaries for computing mean and std.dev: (1, 2138)
[M::mem_pestat] mean and std.dev: (483.74, 353.38)
[M::mem_pestat] low and high boundaries for proper pairs: (1, 2776)
[M::mem_pestat] skip orientation RR as there are not enough pairs
[M::mem_pestat] skip orientation RF
[M::mem_process_seqs] Processed 79682 reads in 25.684 CPU sec, 12.556 real sec
[M::process] read 79682 sequences (20000182 bp)...
[M::mem_pestat] # candidate unique pairs for (FF, FR, RF, RR): (5, 38951, 97, 5)
[M::mem_pestat] skip orientation FF as there are not enough pairs
[M::mem_pestat] analyzing insert size distribution for orientation FR...
[M::mem_pestat] (25, 50, 75) percentile: (382, 388, 398)
[M::mem_pestat] low and high boundaries for computing mean and std.dev: (350, 430)
[M::mem_pestat] mean and std.dev: (390.49, 11.23)
[M::mem_pestat] low and high boundaries for proper pairs: (334, 446)
[M::mem_pestat] analyzing insert size distribution for orientation RF...
[M::mem_pestat] (25, 50, 75) percentile: (224, 225, 862)
[M::mem_pestat] low and high boundaries for computing mean and std.dev: (1, 2138)
[M::mem_pestat] mean and std.dev: (446.07, 304.30)
[M::mem_pestat] low and high boundaries for proper pairs: (1, 2776)
[M::mem_pestat] skip orientation RR as there are not enough pairs
[M::mem_pestat] skip orientation RF
[M::mem_process_seqs] Processed 79682 reads in 24.312 CPU sec, 11.856 real sec
[M::process] read 79682 sequences (20000182 bp)...
[M::mem_pestat] # candidate unique pairs for (FF, FR, RF, RR): (8, 38950, 93, 3)
[M::mem_pestat] skip orientation FF as there are not enough pairs
[M::mem_pestat] analyzing insert size distribution for orientation FR...
[M::mem_pestat] (25, 50, 75) percentile: (382, 388, 398)
[M::mem_pestat] low and high boundaries for computing mean and std.dev: (350, 430)
[M::mem_pestat] mean and std.dev: (390.54, 11.30)
[M::mem_pestat] low and high boundaries for proper pairs: (334, 446)
[M::mem_pestat] analyzing insert size distribution for orientation RF...
[M::mem_pestat] (25, 50, 75) percentile: (224, 225, 862)
[M::mem_pestat] low and high boundaries for computing mean and std.dev: (1, 2138)
[M::mem_pestat] mean and std.dev: (424.86, 321.84)
[M::mem_pestat] low and high boundaries for proper pairs: (1, 2776)
[M::mem_pestat] skip orientation RR as there are not enough pairs
[M::mem_pestat] skip orientation RF
[M::mem_process_seqs] Processed 79682 reads in 29.506 CPU sec, 14.434 real sec
[M::process] read 79682 sequences (20000182 bp)...
[M::mem_pestat] # candidate unique pairs for (FF, FR, RF, RR): (8, 38873, 97, 5)
[M::mem_pestat] skip orientation FF as there are not enough pairs
[M::mem_pestat] analyzing insert size distribution for orientation FR...
[M::mem_pestat] (25, 50, 75) percentile: (382, 388, 398)
[M::mem_pestat] low and high boundaries for computing mean and std.dev: (350, 430)
[M::mem_pestat] mean and std.dev: (390.53, 11.31)
[M::mem_pestat] low and high boundaries for proper pairs: (334, 446)
[M::mem_pestat] analyzing insert size distribution for orientation RF...
[M::mem_pestat] (25, 50, 75) percentile: (225, 226, 862)
[M::mem_pestat] low and high boundaries for computing mean and std.dev: (1, 2136)
[M::mem_pestat] mean and std.dev: (481.27, 351.45)
[M::mem_pestat] low and high boundaries for proper pairs: (1, 2773)
[M::mem_pestat] skip orientation RR as there are not enough pairs
[M::mem_pestat] skip orientation RF
[M::mem_process_seqs] Processed 79682 reads in 23.435 CPU sec, 11.416 real sec
[M::process] read 15056 sequences (3779056 bp)...
[M::mem_pestat] # candidate unique pairs for (FF, FR, RF, RR): (3, 38836, 84, 2)
[M::mem_pestat] skip orientation FF as there are not enough pairs
[M::mem_pestat] analyzing insert size distribution for orientation FR...
[M::mem_pestat] (25, 50, 75) percentile: (382, 387, 398)
[M::mem_pestat] low and high boundaries for computing mean and std.dev: (350, 430)
[M::mem_pestat] mean and std.dev: (390.42, 11.23)
[M::mem_pestat] low and high boundaries for proper pairs: (334, 446)
[M::mem_pestat] analyzing insert size distribution for orientation RF...
[M::mem_pestat] (25, 50, 75) percentile: (224, 225, 862)
[M::mem_pestat] low and high boundaries for computing mean and std.dev: (1, 2138)
[M::mem_pestat] mean and std.dev: (472.52, 330.50)
[M::mem_pestat] low and high boundaries for proper pairs: (1, 2776)
[M::mem_pestat] skip orientation RR as there are not enough pairs
[M::mem_pestat] skip orientation RF
[M::mem_process_seqs] Processed 79682 reads in 24.135 CPU sec, 11.899 real sec
[M::mem_pestat] # candidate unique pairs for (FF, FR, RF, RR): (1, 7333, 19, 0)
[M::mem_pestat] skip orientation FF as there are not enough pairs
[M::mem_pestat] analyzing insert size distribution for orientation FR...
[M::mem_pestat] (25, 50, 75) percentile: (382, 388, 398)
[M::mem_pestat] low and high boundaries for computing mean and std.dev: (350, 430)
[M::mem_pestat] mean and std.dev: (390.50, 11.11)
[M::mem_pestat] low and high boundaries for proper pairs: (334, 446)
[M::mem_pestat] analyzing insert size distribution for orientation RF...
[M::mem_pestat] (25, 50, 75) percentile: (225, 862, 862)
[M::mem_pestat] low and high boundaries for computing mean and std.dev: (1, 2136)
[M::mem_pestat] mean and std.dev: (644.69, 375.96)
[M::mem_pestat] low and high boundaries for proper pairs: (1, 2773)
[M::mem_pestat] skip orientation RR as there are not enough pairs
[M::mem_pestat] skip orientation RF
[M::mem_process_seqs] Processed 15056 reads in 4.405 CPU sec, 2.175 real sec
[main] Version: 0.7.17-r1188
[main] CMD: bwa mem -t 2 /workspace/lab/mcarthurlab/nasirja/covid-19-signal/data/composite_human_viral_reference.fna E9/raw_fastq/E9_R1.fastq.gz E9/raw_fastq/E9_R2.fastq.gz
[main] Real time: 171.658 sec; CPU: 324.839 sec
viral read count = 1029647 (97.98%)
human read count = 1 (0.00%) 
unmapped read count = 21274 (2.02%)
