[M::bwa_idx_load_from_disk] read 0 ALT contigs
[M::process] read 81520 sequences (20000456 bp)...
[M::process] read 81508 sequences (20000097 bp)...
[M::mem_pestat] # candidate unique pairs for (FF, FR, RF, RR): (6, 40026, 25, 10)
[M::mem_pestat] skip orientation FF as there are not enough pairs
[M::mem_pestat] analyzing insert size distribution for orientation FR...
[M::mem_pestat] (25, 50, 75) percentile: (380, 386, 393)
[M::mem_pestat] low and high boundaries for computing mean and std.dev: (354, 419)
[M::mem_pestat] mean and std.dev: (388.51, 10.43)
[M::mem_pestat] low and high boundaries for proper pairs: (341, 432)
[M::mem_pestat] analyzing insert size distribution for orientation RF...
[M::mem_pestat] (25, 50, 75) percentile: (233, 848, 1508)
[M::mem_pestat] low and high boundaries for computing mean and std.dev: (1, 4058)
[M::mem_pestat] mean and std.dev: (944.18, 744.98)
[M::mem_pestat] low and high boundaries for proper pairs: (1, 5333)
[M::mem_pestat] analyzing insert size distribution for orientation RR...
[M::mem_pestat] (25, 50, 75) percentile: (2057, 2057, 2057)
[M::mem_pestat] low and high boundaries for computing mean and std.dev: (2057, 2057)
[M::mem_pestat] mean and std.dev: (2057.00, 0.00)
[M::mem_pestat] low and high boundaries for proper pairs: (2057, 2057)
[M::mem_pestat] skip orientation RF
[M::mem_pestat] skip orientation RR
[M::mem_process_seqs] Processed 81520 reads in 5.909 CPU sec, 2.822 real sec
[M::mem_pestat] # candidate unique pairs for (FF, FR, RF, RR): (11, 39962, 24, 13)
[M::mem_pestat] analyzing insert size distribution for orientation FF...
[M::mem_pestat] (25, 50, 75) percentile: (1835, 2138, 4862)
[M::mem_pestat] low and high boundaries for computing mean and std.dev: (1, 10916)
[M::mem_pestat] mean and std.dev: (2974.64, 1643.85)
[M::mem_pestat] low and high boundaries for proper pairs: (1, 13943)
[M::mem_pestat] analyzing insert size distribution for orientation FR...
[M::mem_pestat] (25, 50, 75) percentile: (380, 386, 393)
[M::mem_pestat] low and high boundaries for computing mean and std.dev: (354, 419)
[M::mem_pestat] mean and std.dev: (388.61, 10.47)
[M::mem_pestat] low and high boundaries for proper pairs: (341, 432)
[M::mem_pestat] analyzing insert size distribution for orientation RF...
[M::mem_pestat] (25, 50, 75) percentile: (230, 1349, 2759)
[M::mem_pestat] low and high boundaries for computing mean and std.dev: (1, 7817)
[M::mem_pestat] mean and std.dev: (2035.57, 2474.92)
[M::mem_pestat] low and high boundaries for proper pairs: (1, 11935)
[M::mem_pestat] analyzing insert size distribution for orientation RR...
[M::mem_pestat] (25, 50, 75) percentile: (1835, 4226, 6541)
[M::mem_pestat] low and high boundaries for computing mean and std.dev: (1, 15953)
[M::mem_pestat] mean and std.dev: (4099.15, 2296.25)
[M::mem_pestat] low and high boundaries for proper pairs: (1, 20659)
[M::mem_pestat] skip orientation FF
[M::mem_pestat] skip orientation RF
[M::mem_pestat] skip orientation RR
[M::mem_process_seqs] Processed 81508 reads in 5.516 CPU sec, 2.671 real sec
[M::process] read 81332 sequences (20000028 bp)...
[M::mem_pestat] # candidate unique pairs for (FF, FR, RF, RR): (4, 39970, 18, 11)
[M::mem_pestat] skip orientation FF as there are not enough pairs
[M::mem_pestat] analyzing insert size distribution for orientation FR...
[M::mem_pestat] (25, 50, 75) percentile: (380, 386, 393)
[M::mem_pestat] low and high boundaries for computing mean and std.dev: (354, 419)
[M::mem_pestat] mean and std.dev: (388.58, 10.46)
[M::mem_pestat] low and high boundaries for proper pairs: (341, 432)
[M::mem_pestat] analyzing insert size distribution for orientation RF...
[M::mem_pestat] (25, 50, 75) percentile: (802, 1508, 6346)
[M::mem_pestat] low and high boundaries for computing mean and std.dev: (1, 17434)
[M::mem_pestat] mean and std.dev: (2814.28, 3026.60)
[M::mem_pestat] low and high boundaries for proper pairs: (1, 22978)
[M::mem_pestat] analyzing insert size distribution for orientation RR...
[M::mem_pestat] (25, 50, 75) percentile: (1835, 2057, 2498)
[M::mem_pestat] low and high boundaries for computing mean and std.dev: (509, 3824)
[M::mem_pestat] mean and std.dev: (1957.22, 323.95)
[M::mem_pestat] low and high boundaries for proper pairs: (1, 4487)
[M::mem_pestat] skip orientation RF
[M::mem_pestat] skip orientation RR
[M::mem_process_seqs] Processed 81332 reads in 5.587 CPU sec, 2.692 real sec
[M::process] read 81310 sequences (20000060 bp)...
[M::mem_pestat] # candidate unique pairs for (FF, FR, RF, RR): (8, 39896, 25, 14)
[M::mem_pestat] skip orientation FF as there are not enough pairs
[M::mem_pestat] analyzing insert size distribution for orientation FR...
[M::mem_pestat] (25, 50, 75) percentile: (380, 386, 393)
[M::mem_pestat] low and high boundaries for computing mean and std.dev: (354, 419)
[M::mem_pestat] mean and std.dev: (388.33, 10.51)
[M::mem_pestat] low and high boundaries for proper pairs: (341, 432)
[M::mem_pestat] analyzing insert size distribution for orientation RF...
[M::mem_pestat] (25, 50, 75) percentile: (814, 821, 1508)
[M::mem_pestat] low and high boundaries for computing mean and std.dev: (1, 2896)
[M::mem_pestat] mean and std.dev: (902.81, 448.60)
[M::mem_pestat] low and high boundaries for proper pairs: (1, 3590)
[M::mem_pestat] analyzing insert size distribution for orientation RR...
[M::mem_pestat] (25, 50, 75) percentile: (1835, 5291, 6819)
[M::mem_pestat] low and high boundaries for computing mean and std.dev: (1, 16787)
[M::mem_pestat] mean and std.dev: (4479.43, 2454.19)
[M::mem_pestat] low and high boundaries for proper pairs: (1, 21771)
[M::mem_pestat] skip orientation RF
[M::mem_pestat] skip orientation RR
[M::mem_process_seqs] Processed 81310 reads in 5.753 CPU sec, 2.755 real sec
[M::process] read 81450 sequences (20000067 bp)...
[M::mem_pestat] # candidate unique pairs for (FF, FR, RF, RR): (10, 39967, 17, 12)
[M::mem_pestat] analyzing insert size distribution for orientation FF...
[M::mem_pestat] (25, 50, 75) percentile: (1903, 3990, 8868)
[M::mem_pestat] low and high boundaries for computing mean and std.dev: (1, 22798)
[M::mem_pestat] mean and std.dev: (5140.60, 3151.61)
[M::mem_pestat] low and high boundaries for proper pairs: (1, 29763)
[M::mem_pestat] analyzing insert size distribution for orientation FR...
[M::mem_pestat] (25, 50, 75) percentile: (380, 386, 393)
[M::mem_pestat] low and high boundaries for computing mean and std.dev: (354, 419)
[M::mem_pestat] mean and std.dev: (388.36, 10.39)
[M::mem_pestat] low and high boundaries for proper pairs: (341, 432)
[M::mem_pestat] analyzing insert size distribution for orientation RF...
[M::mem_pestat] (25, 50, 75) percentile: (352, 815, 1508)
[M::mem_pestat] low and high boundaries for computing mean and std.dev: (1, 3820)
[M::mem_pestat] mean and std.dev: (757.27, 594.61)
[M::mem_pestat] low and high boundaries for proper pairs: (1, 4976)
[M::mem_pestat] analyzing insert size distribution for orientation RR...
[M::mem_pestat] (25, 50, 75) percentile: (1835, 2057, 5826)
[M::mem_pestat] low and high boundaries for computing mean and std.dev: (1, 13808)
[M::mem_pestat] mean and std.dev: (3493.25, 2805.20)
[M::mem_pestat] low and high boundaries for proper pairs: (1, 17799)
[M::mem_pestat] skip orientation FF
[M::mem_pestat] skip orientation RF
[M::mem_pestat] skip orientation RR
[M::mem_process_seqs] Processed 81450 reads in 5.347 CPU sec, 2.635 real sec
[M::process] read 81460 sequences (20000190 bp)...
[M::mem_pestat] # candidate unique pairs for (FF, FR, RF, RR): (7, 39958, 16, 9)
[M::mem_pestat] skip orientation FF as there are not enough pairs
[M::mem_pestat] analyzing insert size distribution for orientation FR...
[M::mem_pestat] (25, 50, 75) percentile: (380, 386, 393)
[M::mem_pestat] low and high boundaries for computing mean and std.dev: (354, 419)
[M::mem_pestat] mean and std.dev: (388.49, 10.46)
[M::mem_pestat] low and high boundaries for proper pairs: (341, 432)
[M::mem_pestat] analyzing insert size distribution for orientation RF...
[M::mem_pestat] (25, 50, 75) percentile: (243, 1679, 2718)
[M::mem_pestat] low and high boundaries for computing mean and std.dev: (1, 7668)
[M::mem_pestat] mean and std.dev: (1725.50, 1359.58)
[M::mem_pestat] low and high boundaries for proper pairs: (1, 10143)
[M::mem_pestat] skip orientation RR as there are not enough pairs
[M::mem_pestat] skip orientation RF
[M::mem_process_seqs] Processed 81460 reads in 5.528 CPU sec, 2.671 real sec
[M::process] read 81466 sequences (20000139 bp)...
[M::mem_pestat] # candidate unique pairs for (FF, FR, RF, RR): (6, 39933, 24, 12)
[M::mem_pestat] skip orientation FF as there are not enough pairs
[M::mem_pestat] analyzing insert size distribution for orientation FR...
[M::mem_pestat] (25, 50, 75) percentile: (380, 386, 393)
[M::mem_pestat] low and high boundaries for computing mean and std.dev: (354, 419)
[M::mem_pestat] mean and std.dev: (388.61, 10.50)
[M::mem_pestat] low and high boundaries for proper pairs: (341, 432)
[M::mem_pestat] analyzing insert size distribution for orientation RF...
[M::mem_pestat] (25, 50, 75) percentile: (814, 848, 1945)
[M::mem_pestat] low and high boundaries for computing mean and std.dev: (1, 4207)
[M::mem_pestat] mean and std.dev: (1147.71, 903.78)
[M::mem_pestat] low and high boundaries for proper pairs: (1, 5338)
[M::mem_pestat] analyzing insert size distribution for orientation RR...
[M::mem_pestat] (25, 50, 75) percentile: (1702, 2465, 3310)
[M::mem_pestat] low and high boundaries for computing mean and std.dev: (1, 6526)
[M::mem_pestat] mean and std.dev: (2571.00, 1562.70)
[M::mem_pestat] low and high boundaries for proper pairs: (1, 8822)
[M::mem_pestat] skip orientation RF
[M::mem_pestat] skip orientation RR
[M::mem_process_seqs] Processed 81466 reads in 5.701 CPU sec, 2.771 real sec
[M::process] read 81320 sequences (20000066 bp)...
[M::mem_pestat] # candidate unique pairs for (FF, FR, RF, RR): (12, 39968, 26, 13)
[M::mem_pestat] analyzing insert size distribution for orientation FF...
[M::mem_pestat] (25, 50, 75) percentile: (1834, 1884, 6727)
[M::mem_pestat] low and high boundaries for computing mean and std.dev: (1, 16513)
[M::mem_pestat] mean and std.dev: (3423.08, 2723.13)
[M::mem_pestat] low and high boundaries for proper pairs: (1, 21406)
[M::mem_pestat] analyzing insert size distribution for orientation FR...
[M::mem_pestat] (25, 50, 75) percentile: (380, 386, 393)
[M::mem_pestat] low and high boundaries for computing mean and std.dev: (354, 419)
[M::mem_pestat] mean and std.dev: (388.58, 10.49)
[M::mem_pestat] low and high boundaries for proper pairs: (341, 432)
[M::mem_pestat] analyzing insert size distribution for orientation RF...
[M::mem_pestat] (25, 50, 75) percentile: (352, 1508, 4455)
[M::mem_pestat] low and high boundaries for computing mean and std.dev: (1, 12661)
[M::mem_pestat] mean and std.dev: (2710.85, 2818.22)
[M::mem_pestat] low and high boundaries for proper pairs: (1, 16764)
[M::mem_pestat] analyzing insert size distribution for orientation RR...
[M::mem_pestat] (25, 50, 75) percentile: (2057, 6581, 8953)
[M::mem_pestat] low and high boundaries for computing mean and std.dev: (1, 22745)
[M::mem_pestat] mean and std.dev: (5731.38, 3176.37)
[M::mem_pestat] low and high boundaries for proper pairs: (1, 29641)
[M::mem_pestat] skip orientation FF
[M::mem_pestat] skip orientation RF
[M::mem_pestat] skip orientation RR
[M::mem_process_seqs] Processed 81320 reads in 5.405 CPU sec, 2.660 real sec
[M::process] read 30942 sequences (7603219 bp)...
[M::mem_pestat] # candidate unique pairs for (FF, FR, RF, RR): (2, 15184, 4, 6)
[M::mem_pestat] skip orientation FF as there are not enough pairs
[M::mem_pestat] analyzing insert size distribution for orientation FR...
[M::mem_pestat] (25, 50, 75) percentile: (380, 385, 393)
[M::mem_pestat] low and high boundaries for computing mean and std.dev: (354, 419)
[M::mem_pestat] mean and std.dev: (388.21, 10.53)
[M::mem_pestat] low and high boundaries for proper pairs: (341, 432)
[M::mem_pestat] skip orientation RF as there are not enough pairs
[M::mem_pestat] skip orientation RR as there are not enough pairs
[M::mem_process_seqs] Processed 30942 reads in 2.227 CPU sec, 1.084 real sec
[main] Version: 0.7.17-r1188
[main] CMD: bwa mem -t 2 SC2266/core/viral_reference SC2266/adapter_trimmed/SC2266_R1_val_1_posttrim_filter.fq.gz SC2266/adapter_trimmed/SC2266_R2_val_2_posttrim_filter.fq.gz
[main] Real time: 28.632 sec; CPU: 49.448 sec
[bam_sort_core] merging from 0 files and 2 in-memory blocks...
