Path to Cutadapt set as: 'cutadapt' (default)
Cutadapt seems to be working fine (tested command 'cutadapt --version')
Cutadapt version: 4.1
Could not detect version of Python used by Cutadapt from the first line of Cutadapt (but found this: >>>#!/bin/sh<<<)
Letting the (modified) Cutadapt deal with the Python version instead
Parallel gzip (pigz) detected. Proceeding with multicore (de)compression using 2 cores

No quality encoding type selected. Assuming that the data provided uses Sanger encoded Phred scores (default)

Output will be written into the directory: /workspace/home/nasirja/covid-19-signal/subset_viral_7_results_dir/SC2284/adapter_trimmed/


AUTO-DETECTING ADAPTER TYPE
===========================
Attempting to auto-detect adapter type from the first 1 million sequences of the first file (>> SC2284/host_removal/SC2284_R1.fastq.gz <<)

Found perfect matches for the following adapter sequences:
Adapter type	Count	Sequence	Sequences analysed	Percentage
Illumina	19527	AGATCGGAAGAGC	985329	1.98
Nextera	1	CTGTCTCTTATA	985329	0.00
smallRNA	0	TGGAATTCTCGG	985329	0.00
Using Illumina adapter for trimming (count: 19527). Second best hit was Nextera (count: 1)

Writing report to '/workspace/home/nasirja/covid-19-signal/subset_viral_7_results_dir/SC2284/adapter_trimmed/SC2284_R1.fastq.gz_trimming_report.txt'

SUMMARISING RUN PARAMETERS
==========================
Input filename: SC2284/host_removal/SC2284_R1.fastq.gz
Trimming mode: paired-end
Trim Galore version: 0.6.4_dev
Cutadapt version: 4.1
Python version: could not detect
Number of cores used for trimming: 2
Quality Phred score cutoff: 20
Quality encoding type selected: ASCII+33
Adapter sequence: 'AGATCGGAAGAGC' (Illumina TruSeq, Sanger iPCR; auto-detected)
Maximum trimming error rate: 0.1 (default)
Minimum required adapter overlap (stringency): 1 bp
Minimum required sequence length for both reads before a sequence pair gets removed: 20 bp
Running FastQC on the data once trimming has completed
Output file(s) will be GZIP compressed

Cutadapt seems to be fairly up-to-date (version 4.1). Setting -j 2
Writing final adapter and quality trimmed output to SC2284_R1_trimmed.fq.gz


  >>> Now performing quality (cutoff '-q 20') and adapter trimming in a single pass for the adapter sequence: 'AGATCGGAAGAGC' from file SC2284/host_removal/SC2284_R1.fastq.gz <<< 
This is cutadapt 4.1 with Python 3.9.13
Command line parameters: -j 2 -e 0.1 -q 20 -O 1 -a AGATCGGAAGAGC SC2284/host_removal/SC2284_R1.fastq.gz
Processing single-end reads on 2 cores ...
Finished in 37.03 s (38 µs/read; 1.60 M reads/minute).

=== Summary ===

Total reads processed:                 985,329
Reads with adapters:                   336,649 (34.2%)
Reads written (passing filters):       985,329 (100.0%)

Total basepairs processed:   247,317,579 bp
Quality-trimmed:               1,910,996 bp (0.8%)
Total written (filtered):    243,282,428 bp (98.4%)

=== Adapter 1 ===

Sequence: AGATCGGAAGAGC; Type: regular 3'; Length: 13; Trimmed: 336649 times

Minimum overlap: 1
No. of allowed errors:
1-9 bp: 0; 10-13 bp: 1

Bases preceding removed adapters:
  A: 36.3%
  C: 18.1%
  G: 11.6%
  T: 33.4%
  none/other: 0.5%

Overview of removed sequences
length	count	expect	max.err	error counts
1	222251	246332.2	0	222251
2	74174	61583.1	0	74174
3	7538	15395.8	0	7538
4	3432	3848.9	0	3432
5	158	962.2	0	158
6	220	240.6	0	220
7	5812	60.1	0	5812
8	166	15.0	0	166
9	310	3.8	0	310
10	236	0.9	1	223 13
11	101	0.2	1	95 6
12	250	0.1	1	234 16
13	147	0.0	1	136 11
14	80	0.0	1	78 2
15	114	0.0	1	105 9
16	63	0.0	1	55 8
17	82	0.0	1	77 5
18	87	0.0	1	82 5
19	86	0.0	1	84 2
20	101	0.0	1	97 4
21	100	0.0	1	92 8
22	131	0.0	1	124 7
23	118	0.0	1	107 11
24	1750	0.0	1	1695 55
25	342	0.0	1	325 17
26	106	0.0	1	96 10
27	131	0.0	1	116 15
28	209	0.0	1	188 21
29	95	0.0	1	86 9
30	106	0.0	1	95 11
31	121	0.0	1	110 11
32	142	0.0	1	128 14
33	51	0.0	1	41 10
34	175	0.0	1	158 17
35	179	0.0	1	167 12
36	109	0.0	1	96 13
37	608	0.0	1	590 18
38	99	0.0	1	92 7
39	88	0.0	1	84 4
40	94	0.0	1	89 5
41	87	0.0	1	83 4
42	333	0.0	1	313 20
43	229	0.0	1	214 15
44	56	0.0	1	49 7
45	112	0.0	1	107 5
46	54	0.0	1	45 9
47	98	0.0	1	85 13
48	45	0.0	1	37 8
49	107	0.0	1	97 10
50	41	0.0	1	30 11
51	94	0.0	1	84 10
52	76	0.0	1	67 9
53	91	0.0	1	82 9
54	183	0.0	1	157 26
55	101	0.0	1	94 7
56	41	0.0	1	34 7
57	86	0.0	1	80 6
58	62	0.0	1	56 6
59	89	0.0	1	81 8
60	56	0.0	1	54 2
61	57	0.0	1	55 2
62	40	0.0	1	39 1
63	69	0.0	1	63 6
64	46	0.0	1	41 5
65	52	0.0	1	48 4
66	57	0.0	1	54 3
67	47	0.0	1	40 7
68	70	0.0	1	64 6
69	85	0.0	1	71 14
70	93	0.0	1	84 9
71	116	0.0	1	107 9
72	166	0.0	1	147 19
73	253	0.0	1	216 37
74	442	0.0	1	386 56
75	801	0.0	1	664 137
76	2227	0.0	1	2040 187
77	1844	0.0	1	1678 166
78	1096	0.0	1	983 113
79	617	0.0	1	562 55
80	413	0.0	1	364 49
81	306	0.0	1	267 39
82	217	0.0	1	191 26
83	179	0.0	1	154 25
84	164	0.0	1	140 24
85	135	0.0	1	112 23
86	106	0.0	1	89 17
87	114	0.0	1	97 17
88	92	0.0	1	76 16
89	107	0.0	1	90 17
90	62	0.0	1	58 4
91	71	0.0	1	63 8
92	58	0.0	1	46 12
93	85	0.0	1	74 11
94	563	0.0	1	542 21
95	80	0.0	1	72 8
96	90	0.0	1	78 12
97	63	0.0	1	48 15
98	52	0.0	1	44 8
99	40	0.0	1	37 3
100	41	0.0	1	33 8
101	29	0.0	1	25 4
102	35	0.0	1	30 5
103	27	0.0	1	21 6
104	16	0.0	1	14 2
105	66	0.0	1	61 5
106	29	0.0	1	25 4
107	46	0.0	1	39 7
108	32	0.0	1	28 4
109	27	0.0	1	21 6
110	28	0.0	1	20 8
111	34	0.0	1	29 5
112	23	0.0	1	19 4
113	42	0.0	1	28 14
114	28	0.0	1	23 5
115	26	0.0	1	17 9
116	32	0.0	1	28 4
117	37	0.0	1	33 4
118	20	0.0	1	12 8
119	19	0.0	1	11 8
120	13	0.0	1	8 5
121	18	0.0	1	15 3
122	23	0.0	1	13 10
123	31	0.0	1	27 4
124	19	0.0	1	13 6
125	21	0.0	1	21
126	25	0.0	1	17 8
127	76	0.0	1	65 11
128	27	0.0	1	20 7
129	17	0.0	1	12 5
130	14	0.0	1	9 5
131	20	0.0	1	14 6
132	15	0.0	1	8 7
133	24	0.0	1	19 5
134	24	0.0	1	18 6
135	17	0.0	1	7 10
136	20	0.0	1	9 11
137	12	0.0	1	10 2
138	17	0.0	1	9 8
139	12	0.0	1	9 3
140	10	0.0	1	7 3
141	42	0.0	1	35 7
142	13	0.0	1	7 6
143	23	0.0	1	18 5
144	9	0.0	1	7 2
145	18	0.0	1	11 7
146	17	0.0	1	13 4
147	32	0.0	1	25 7
148	16	0.0	1	7 9
149	26	0.0	1	17 9
150	18	0.0	1	9 9
151	33	0.0	1	22 11
152	26	0.0	1	24 2
153	40	0.0	1	32 8
154	34	0.0	1	29 5
155	24	0.0	1	19 5
156	73	0.0	1	62 11
157	31	0.0	1	29 2
158	32	0.0	1	26 6
159	49	0.0	1	42 7
160	49	0.0	1	46 3
161	46	0.0	1	35 11
162	40	0.0	1	37 3
163	36	0.0	1	27 9
164	45	0.0	1	39 6
165	18	0.0	1	15 3
166	49	0.0	1	41 8
167	49	0.0	1	45 4
168	44	0.0	1	42 2
169	32	0.0	1	28 4
170	18	0.0	1	16 2
171	22	0.0	1	15 7
172	61	0.0	1	56 5
173	20	0.0	1	16 4
174	22	0.0	1	16 6
175	57	0.0	1	51 6
176	40	0.0	1	35 5
177	26	0.0	1	25 1
178	14	0.0	1	10 4
179	12	0.0	1	9 3
180	23	0.0	1	17 6
181	22	0.0	1	17 5
182	10	0.0	1	4 6
183	9	0.0	1	7 2
184	10	0.0	1	5 5
185	51	0.0	1	47 4
186	14	0.0	1	8 6
187	12	0.0	1	7 5
188	20	0.0	1	15 5
189	9	0.0	1	7 2
190	17	0.0	1	14 3
191	8	0.0	1	6 2
192	22	0.0	1	18 4
193	15	0.0	1	11 4
194	4	0.0	1	3 1
195	10	0.0	1	7 3
196	7	0.0	1	4 3
197	7	0.0	1	6 1
198	7	0.0	1	5 2
199	8	0.0	1	5 3
200	15	0.0	1	13 2
201	1	0.0	1	1
202	4	0.0	1	3 1
203	17	0.0	1	17
204	6	0.0	1	5 1
205	4	0.0	1	4
206	8	0.0	1	5 3
207	8	0.0	1	6 2
208	12	0.0	1	10 2
209	12	0.0	1	11 1
210	10	0.0	1	10
211	8	0.0	1	7 1
212	19	0.0	1	15 4
213	5	0.0	1	5
214	6	0.0	1	6
215	9	0.0	1	8 1
216	3	0.0	1	3
217	3	0.0	1	1 2
218	4	0.0	1	3 1
219	1	0.0	1	1
220	1	0.0	1	0 1
221	1	0.0	1	1
222	2	0.0	1	1 1
223	3	0.0	1	2 1
224	3	0.0	1	3
225	1	0.0	1	0 1
226	4	0.0	1	4
227	5	0.0	1	5
228	4	0.0	1	0 4
229	2	0.0	1	1 1
230	1	0.0	1	1
231	2	0.0	1	2
232	1	0.0	1	1
233	1	0.0	1	1
234	1	0.0	1	1
235	4	0.0	1	4
238	1	0.0	1	0 1
240	3	0.0	1	1 2
241	1	0.0	1	0 1
242	3	0.0	1	1 2
243	1	0.0	1	1
244	3	0.0	1	2 1
245	3	0.0	1	1 2
246	3	0.0	1	0 3
247	5	0.0	1	0 5
248	9	0.0	1	0 9
249	14	0.0	1	1 13
250	38	0.0	1	0 38
251	363	0.0	1	0 363

RUN STATISTICS FOR INPUT FILE: SC2284/host_removal/SC2284_R1.fastq.gz
=============================================
985329 sequences processed in total
The length threshold of paired-end sequences gets evaluated later on (in the validation step)

Writing report to '/workspace/home/nasirja/covid-19-signal/subset_viral_7_results_dir/SC2284/adapter_trimmed/SC2284_R2.fastq.gz_trimming_report.txt'

SUMMARISING RUN PARAMETERS
==========================
Input filename: SC2284/host_removal/SC2284_R2.fastq.gz
Trimming mode: paired-end
Trim Galore version: 0.6.4_dev
Cutadapt version: 4.1
Python version: could not detect
Number of cores used for trimming: 2
Quality Phred score cutoff: 20
Quality encoding type selected: ASCII+33
Adapter sequence: 'AGATCGGAAGAGC' (Illumina TruSeq, Sanger iPCR; auto-detected)
Maximum trimming error rate: 0.1 (default)
Minimum required adapter overlap (stringency): 1 bp
Minimum required sequence length for both reads before a sequence pair gets removed: 20 bp
Running FastQC on the data once trimming has completed
Output file(s) will be GZIP compressed

Cutadapt seems to be fairly up-to-date (version 4.1). Setting -j -j 2
Writing final adapter and quality trimmed output to SC2284_R2_trimmed.fq.gz


  >>> Now performing quality (cutoff '-q 20') and adapter trimming in a single pass for the adapter sequence: 'AGATCGGAAGAGC' from file SC2284/host_removal/SC2284_R2.fastq.gz <<< 
This is cutadapt 4.1 with Python 3.9.13
Command line parameters: -j 2 -e 0.1 -q 20 -O 1 -a AGATCGGAAGAGC SC2284/host_removal/SC2284_R2.fastq.gz
Processing single-end reads on 2 cores ...
Finished in 41.04 s (42 µs/read; 1.44 M reads/minute).

=== Summary ===

Total reads processed:                 985,329
Reads with adapters:                   329,729 (33.5%)
Reads written (passing filters):       985,329 (100.0%)

Total basepairs processed:   247,317,579 bp
Quality-trimmed:               3,871,840 bp (1.6%)
Total written (filtered):    241,647,699 bp (97.7%)

=== Adapter 1 ===

Sequence: AGATCGGAAGAGC; Type: regular 3'; Length: 13; Trimmed: 329729 times

Minimum overlap: 1
No. of allowed errors:
1-9 bp: 0; 10-13 bp: 1

Bases preceding removed adapters:
  A: 38.7%
  C: 17.8%
  G: 11.6%
  T: 31.2%
  none/other: 0.7%

Overview of removed sequences
length	count	expect	max.err	error counts
1	222047	246332.2	0	222047
2	68333	61583.1	0	68333
3	8019	15395.8	0	8019
4	3200	3848.9	0	3200
5	120	962.2	0	120
6	207	240.6	0	207
7	5863	60.1	0	5863
8	107	15.0	0	107
9	283	3.8	0	282 1
10	268	0.9	1	251 17
11	65	0.2	1	54 11
12	297	0.1	1	286 11
13	36	0.0	1	31 5
14	182	0.0	1	177 5
15	61	0.0	1	49 12
16	55	0.0	1	48 7
17	141	0.0	1	135 6
18	29	0.0	1	24 5
19	130	0.0	1	125 5
20	83	0.0	1	81 2
21	20	0.0	1	16 4
22	108	0.0	1	100 8
23	127	0.0	1	118 9
24	2024	0.0	1	1960 64
25	47	0.0	1	40 7
26	163	0.0	1	150 13
27	187	0.0	1	179 8
28	167	0.0	1	158 9
29	54	0.0	1	50 4
30	230	0.0	1	216 14
31	36	0.0	1	32 4
32	129	0.0	1	114 15
33	67	0.0	1	63 4
34	85	0.0	1	79 6
35	230	0.0	1	213 17
36	221	0.0	1	204 17
37	672	0.0	1	655 17
38	176	0.0	1	160 16
39	217	0.0	1	203 14
40	584	0.0	1	538 46
41	670	0.0	1	620 50
42	969	0.0	1	931 38
43	570	0.0	1	538 32
44	800	0.0	1	730 70
45	752	0.0	1	736 16
46	286	0.0	1	271 15
47	376	0.0	1	369 7
48	208	0.0	1	203 5
49	112	0.0	1	105 7
50	73	0.0	1	66 7
51	97	0.0	1	92 5
52	88	0.0	1	82 6
53	126	0.0	1	116 10
54	312	0.0	1	305 7
55	72	0.0	1	63 9
56	197	0.0	1	179 18
57	465	0.0	1	454 11
58	184	0.0	1	180 4
59	55	0.0	1	53 2
60	125	0.0	1	120 5
61	29	0.0	1	29
62	22	0.0	1	21 1
63	39	0.0	1	37 2
64	30	0.0	1	27 3
65	10	0.0	1	9 1
66	11	0.0	1	8 3
67	9	0.0	1	9
68	16	0.0	1	15 1
69	16	0.0	1	11 5
70	17	0.0	1	16 1
71	5	0.0	1	5
72	9	0.0	1	8 1
73	26	0.0	1	22 4
74	45	0.0	1	42 3
75	45	0.0	1	44 1
76	70	0.0	1	64 6
77	111	0.0	1	91 20
78	209	0.0	1	165 44
79	355	0.0	1	273 82
80	771	0.0	1	627 144
81	984	0.0	1	794 190
82	717	0.0	1	502 215
83	511	0.0	1	391 120
84	338	0.0	1	230 108
85	219	0.0	1	150 69
86	123	0.0	1	86 37
87	114	0.0	1	72 42
88	97	0.0	1	62 35
89	85	0.0	1	43 42
90	54	0.0	1	30 24
91	44	0.0	1	29 15
92	56	0.0	1	28 28
93	57	0.0	1	35 22
94	411	0.0	1	398 13
95	71	0.0	1	53 18
96	59	0.0	1	50 9
97	44	0.0	1	30 14
98	35	0.0	1	22 13
99	41	0.0	1	31 10
100	24	0.0	1	15 9
101	19	0.0	1	13 6
102	27	0.0	1	17 10
103	19	0.0	1	11 8
104	20	0.0	1	14 6
105	38	0.0	1	35 3
106	16	0.0	1	10 6
107	17	0.0	1	9 8
108	22	0.0	1	13 9
109	16	0.0	1	8 8
110	8	0.0	1	5 3
111	29	0.0	1	19 10
112	14	0.0	1	10 4
113	17	0.0	1	10 7
114	29	0.0	1	14 15
115	17	0.0	1	4 13
116	13	0.0	1	10 3
117	34	0.0	1	25 9
118	16	0.0	1	7 9
119	7	0.0	1	3 4
120	10	0.0	1	5 5
121	11	0.0	1	2 9
122	7	0.0	1	4 3
123	16	0.0	1	13 3
124	12	0.0	1	6 6
125	15	0.0	1	7 8
126	19	0.0	1	9 10
127	54	0.0	1	46 8
128	9	0.0	1	5 4
129	16	0.0	1	8 8
130	15	0.0	1	5 10
131	8	0.0	1	4 4
132	9	0.0	1	3 6
133	21	0.0	1	13 8
134	13	0.0	1	7 6
135	8	0.0	1	1 7
136	19	0.0	1	10 9
137	14	0.0	1	4 10
138	5	0.0	1	2 3
139	5	0.0	1	3 2
140	8	0.0	1	2 6
141	22	0.0	1	21 1
142	7	0.0	1	2 5
143	14	0.0	1	5 9
144	12	0.0	1	10 2
145	8	0.0	1	2 6
146	18	0.0	1	7 11
147	21	0.0	1	16 5
148	12	0.0	1	7 5
149	11	0.0	1	6 5
150	9	0.0	1	4 5
151	20	0.0	1	18 2
152	25	0.0	1	20 5
153	27	0.0	1	17 10
154	32	0.0	1	28 4
155	12	0.0	1	7 5
156	47	0.0	1	39 8
157	29	0.0	1	23 6
158	17	0.0	1	13 4
159	25	0.0	1	18 7
160	33	0.0	1	29 4
161	33	0.0	1	28 5
162	27	0.0	1	24 3
163	26	0.0	1	21 5
164	31	0.0	1	29 2
165	9	0.0	1	5 4
166	27	0.0	1	24 3
167	37	0.0	1	35 2
168	33	0.0	1	28 5
169	15	0.0	1	15
170	11	0.0	1	8 3
171	5	0.0	1	5
172	40	0.0	1	37 3
173	13	0.0	1	12 1
174	18	0.0	1	17 1
175	37	0.0	1	33 4
176	26	0.0	1	23 3
177	20	0.0	1	15 5
178	7	0.0	1	6 1
179	9	0.0	1	9
180	15	0.0	1	15
181	15	0.0	1	15
182	4	0.0	1	2 2
183	10	0.0	1	8 2
184	4	0.0	1	4
185	44	0.0	1	40 4
186	4	0.0	1	3 1
187	7	0.0	1	6 1
188	8	0.0	1	8
189	3	0.0	1	2 1
190	10	0.0	1	8 2
191	3	0.0	1	1 2
192	8	0.0	1	8
193	9	0.0	1	8 1
194	2	0.0	1	2
195	4	0.0	1	4
196	2	0.0	1	2
197	5	0.0	1	3 2
198	11	0.0	1	11
199	4	0.0	1	4
200	8	0.0	1	7 1
201	4	0.0	1	4
202	1	0.0	1	1
203	10	0.0	1	9 1
204	1	0.0	1	0 1
205	2	0.0	1	2
206	5	0.0	1	5
207	7	0.0	1	6 1
208	11	0.0	1	11
209	10	0.0	1	10
210	8	0.0	1	8
211	6	0.0	1	5 1
212	11	0.0	1	10 1
213	7	0.0	1	6 1
214	7	0.0	1	7
215	7	0.0	1	6 1
216	1	0.0	1	1
217	1	0.0	1	0 1
218	4	0.0	1	4
219	1	0.0	1	0 1
220	1	0.0	1	1
225	1	0.0	1	1
226	1	0.0	1	1
227	3	0.0	1	2 1
228	1	0.0	1	1
229	2	0.0	1	2
230	2	0.0	1	1 1
231	1	0.0	1	1
232	1	0.0	1	0 1
234	1	0.0	1	1
239	1	0.0	1	0 1
240	1	0.0	1	1
241	1	0.0	1	0 1
242	2	0.0	1	0 2
243	1	0.0	1	1
244	1	0.0	1	1
247	2	0.0	1	1 1
248	4	0.0	1	0 4
249	3	0.0	1	1 2
250	16	0.0	1	0 16
251	366	0.0	1	0 366

RUN STATISTICS FOR INPUT FILE: SC2284/host_removal/SC2284_R2.fastq.gz
=============================================
985329 sequences processed in total
The length threshold of paired-end sequences gets evaluated later on (in the validation step)

Validate paired-end files SC2284_R1_trimmed.fq.gz and SC2284_R2_trimmed.fq.gz
file_1: SC2284_R1_trimmed.fq.gz, file_2: SC2284_R2_trimmed.fq.gz


>>>>> Now validing the length of the 2 paired-end infiles: SC2284_R1_trimmed.fq.gz and SC2284_R2_trimmed.fq.gz <<<<<
Writing validated paired-end Read 1 reads to SC2284_R1_val_1.fq.gz
Writing validated paired-end Read 2 reads to SC2284_R2_val_2.fq.gz

Total number of sequences analysed: 985329

Number of sequence pairs removed because at least one read was shorter than the length cutoff (20 bp): 4797 (0.49%)


  >>> Now running FastQC on the validated data SC2284_R1_val_1.fq.gz<<<

Started analysis of SC2284_R1_val_1.fq.gz
Approx 5% complete for SC2284_R1_val_1.fq.gz
Approx 10% complete for SC2284_R1_val_1.fq.gz
Approx 15% complete for SC2284_R1_val_1.fq.gz
Approx 20% complete for SC2284_R1_val_1.fq.gz
Approx 25% complete for SC2284_R1_val_1.fq.gz
Approx 30% complete for SC2284_R1_val_1.fq.gz
Approx 35% complete for SC2284_R1_val_1.fq.gz
Approx 40% complete for SC2284_R1_val_1.fq.gz
Approx 45% complete for SC2284_R1_val_1.fq.gz
Approx 50% complete for SC2284_R1_val_1.fq.gz
Approx 55% complete for SC2284_R1_val_1.fq.gz
Approx 60% complete for SC2284_R1_val_1.fq.gz
Approx 65% complete for SC2284_R1_val_1.fq.gz
Approx 70% complete for SC2284_R1_val_1.fq.gz
Approx 75% complete for SC2284_R1_val_1.fq.gz
Approx 80% complete for SC2284_R1_val_1.fq.gz
Approx 85% complete for SC2284_R1_val_1.fq.gz
Approx 90% complete for SC2284_R1_val_1.fq.gz
Approx 95% complete for SC2284_R1_val_1.fq.gz

  >>> Now running FastQC on the validated data SC2284_R2_val_2.fq.gz<<<

Started analysis of SC2284_R2_val_2.fq.gz
Approx 5% complete for SC2284_R2_val_2.fq.gz
Approx 10% complete for SC2284_R2_val_2.fq.gz
Approx 15% complete for SC2284_R2_val_2.fq.gz
Approx 20% complete for SC2284_R2_val_2.fq.gz
Approx 25% complete for SC2284_R2_val_2.fq.gz
Approx 30% complete for SC2284_R2_val_2.fq.gz
Approx 35% complete for SC2284_R2_val_2.fq.gz
Approx 40% complete for SC2284_R2_val_2.fq.gz
Approx 45% complete for SC2284_R2_val_2.fq.gz
Approx 50% complete for SC2284_R2_val_2.fq.gz
Approx 55% complete for SC2284_R2_val_2.fq.gz
Approx 60% complete for SC2284_R2_val_2.fq.gz
Approx 65% complete for SC2284_R2_val_2.fq.gz
Approx 70% complete for SC2284_R2_val_2.fq.gz
Approx 75% complete for SC2284_R2_val_2.fq.gz
Approx 80% complete for SC2284_R2_val_2.fq.gz
Approx 85% complete for SC2284_R2_val_2.fq.gz
Approx 90% complete for SC2284_R2_val_2.fq.gz
Approx 95% complete for SC2284_R2_val_2.fq.gz
Deleting both intermediate output files SC2284_R1_trimmed.fq.gz and SC2284_R2_trimmed.fq.gz

====================================================================================================

