================================================================================
breseq 0.35.0     http://barricklab.org/breseq

Active Developers: Barrick JE, Deatherage DE
Contact:           <jeffrey.e.barrick@gmail.com>

breseq is free software; you can redistribute it and/or modify it under the
terms the GNU General Public License as published by the Free Software 
Foundation; either version 2, or (at your option) any later version.

Copyright (c) 2008-2010 Michigan State University
Copyright (c) 2011-2017 The University of Texas at Austin

If you use breseq in your research, please cite:

  Deatherage, D.E., Barrick, J.E. (2014) Identification of mutations
  in laboratory-evolved microbes from next-generation sequencing
  data using breseq. Methods Mol. Biol. 1151: 165–188.

If you use structural variation (junction) predictions, please cite:

  Barrick, J.E., Colburn, G., Deatherage D.E., Traverse, C.C.,
  Strand, M.D., Borges, J.J., Knoester, D.B., Reba, A., Meyer, A.G. 
  (2014) Identifying structural variation in haploid microbial genomes 
  from short-read resequencing data using breseq. BMC Genomics 15:1039.
================================================================================
---> bowtie2  :: version 2.4.5 [/workspace/home/nasirja/covid-19-signal/.snakemake/conda/1f267c8dfdaa0356ebaad13adc66d00a/bin/bowtie2]
---> R        :: version 3.5.1 [/workspace/home/nasirja/covid-19-signal/.snakemake/conda/1f267c8dfdaa0356ebaad13adc66d00a/bin/R]
+++   NOW PROCESSING Read and reference sequence file input
  READ FILE::SC2296_R1
    Converting/filtering FASTQ file...
    Original base quality format: SANGER New format: SANGER
    Original reads: 812568 bases: 201344514
    Filtered reads: none
    Analyzed reads: 812568 bases: 201344514
  READ FILE::SC2296_R2
    Converting/filtering FASTQ file...
    Original base quality format: SANGER New format: SANGER
    Original reads: 812568 bases: 200828154
    Filtered reads: none
    Analyzed reads: 812568 bases: 200828154
  ::TOTAL::
    Original reads: 1625136 bases: 402172668
    Analyzed reads: 1625136 bases: 402172668
[samtools] faidx SC2296/breseq/data/reference.fasta
  REFERENCE: MN908947
  LENGTH: 29903
+++   NOW PROCESSING Read alignment to reference genome
[system] bowtie2-build -q SC2296/breseq/data/reference.fasta SC2296/breseq/02_reference_alignment/reference
Renaming SC2296/breseq/02_reference_alignment/reference.3.bt2.tmp to SC2296/breseq/02_reference_alignment/reference.3.bt2
Renaming SC2296/breseq/02_reference_alignment/reference.4.bt2.tmp to SC2296/breseq/02_reference_alignment/reference.4.bt2
Renaming SC2296/breseq/02_reference_alignment/reference.1.bt2.tmp to SC2296/breseq/02_reference_alignment/reference.1.bt2
Renaming SC2296/breseq/02_reference_alignment/reference.2.bt2.tmp to SC2296/breseq/02_reference_alignment/reference.2.bt2
Renaming SC2296/breseq/02_reference_alignment/reference.rev.1.bt2.tmp to SC2296/breseq/02_reference_alignment/reference.rev.1.bt2
Renaming SC2296/breseq/02_reference_alignment/reference.rev.2.bt2.tmp to SC2296/breseq/02_reference_alignment/reference.rev.2.bt2
[system] bowtie2 -t --no-unal -p 4 -L 31 --ma 1 --mp 3 --np 0 --rdg 2,3 --rfg 2,3 --ignore-quals --local -i S,1,0.25 --score-min L,1,0.9 -k 2000 --reorder -x SC2296/breseq/02_reference_alignment/reference -U SC2296/breseq/01_sequence_conversion/SC2296_R1.converted.fastq -S SC2296/breseq/02_reference_alignment/SC2296_R1.stage1.sam --un SC2296/breseq/02_reference_alignment/SC2296_R1.stage1.unmatched.fastq
Time loading reference: 00:00:00
Time loading forward index: 00:00:00
Time loading mirror index: 00:00:00
Multiseed full-index search: 00:00:45
812568 reads; of these:
  812568 (100.00%) were unpaired; of these:
    35409 (4.36%) aligned 0 times
    777159 (95.64%) aligned exactly 1 time
    0 (0.00%) aligned >1 times
95.64% overall alignment rate
Time searching: 00:00:45
Overall time: 00:00:45
[system] bowtie2 -t --no-unal -p 4 -L 29 --ma 1 --mp 3 --np 0 --rdg 2,3 --rfg 2,3 --ignore-quals --local -i S,1,0.25 --score-min L,6,0.2 -k 2000 --reorder -x SC2296/breseq/02_reference_alignment/reference -U SC2296/breseq/02_reference_alignment/SC2296_R1.stage1.unmatched.fastq -S SC2296/breseq/02_reference_alignment/SC2296_R1.stage2.matched.sam
Time loading reference: 00:00:00
Time loading forward index: 00:00:00
Time loading mirror index: 00:00:00
Multiseed full-index search: 00:00:04
35409 reads; of these:
  35409 (100.00%) were unpaired; of these:
    138 (0.39%) aligned 0 times
    28151 (79.50%) aligned exactly 1 time
    7120 (20.11%) aligned >1 times
99.61% overall alignment rate
Time searching: 00:00:04
Overall time: 00:00:04
[system] bowtie2 -t --no-unal -p 4 -L 31 --ma 1 --mp 3 --np 0 --rdg 2,3 --rfg 2,3 --ignore-quals --local -i S,1,0.25 --score-min L,1,0.9 -k 2000 --reorder -x SC2296/breseq/02_reference_alignment/reference -U SC2296/breseq/01_sequence_conversion/SC2296_R2.converted.fastq -S SC2296/breseq/02_reference_alignment/SC2296_R2.stage1.sam --un SC2296/breseq/02_reference_alignment/SC2296_R2.stage1.unmatched.fastq
Time loading reference: 00:00:00
Time loading forward index: 00:00:00
Time loading mirror index: 00:00:00
Multiseed full-index search: 00:00:43
812568 reads; of these:
  812568 (100.00%) were unpaired; of these:
    43562 (5.36%) aligned 0 times
    769006 (94.64%) aligned exactly 1 time
    0 (0.00%) aligned >1 times
94.64% overall alignment rate
Time searching: 00:00:43
Overall time: 00:00:43
[system] bowtie2 -t --no-unal -p 4 -L 29 --ma 1 --mp 3 --np 0 --rdg 2,3 --rfg 2,3 --ignore-quals --local -i S,1,0.25 --score-min L,6,0.2 -k 2000 --reorder -x SC2296/breseq/02_reference_alignment/reference -U SC2296/breseq/02_reference_alignment/SC2296_R2.stage1.unmatched.fastq -S SC2296/breseq/02_reference_alignment/SC2296_R2.stage2.matched.sam
Time loading reference: 00:00:00
Time loading forward index: 00:00:00
Time loading mirror index: 00:00:00
Multiseed full-index search: 00:00:05
43562 reads; of these:
  43562 (100.00%) were unpaired; of these:
    81 (0.19%) aligned 0 times
    36524 (83.84%) aligned exactly 1 time
    6957 (15.97%) aligned >1 times
99.81% overall alignment rate
Time searching: 00:00:05
Overall time: 00:00:05
[system] rm -f SC2296/breseq/02_reference_alignment/reference*
[system] rm -f SC2296/breseq/02_reference_alignment/SC2296_R1.stage1.unmatched.fastq
[system] rm -f SC2296/breseq/02_reference_alignment/SC2296_R1.stage1.sam
[system] rm -f SC2296/breseq/02_reference_alignment/SC2296_R1.stage2.matched.sam
[system] rm -f SC2296/breseq/02_reference_alignment/SC2296_R2.stage1.unmatched.fastq
[system] rm -f SC2296/breseq/02_reference_alignment/SC2296_R2.stage1.sam
[system] rm -f SC2296/breseq/02_reference_alignment/SC2296_R2.stage2.matched.sam
+++   NOW PROCESSING Preprocessing alignments for candidate junction identification
Preprocessing alignments.
  READ FILE::SC2296_R1
    ALIGNED READ:100000
    ALIGNED READ:200000
    ALIGNED READ:300000
    ALIGNED READ:400000
    ALIGNED READ:500000
    ALIGNED READ:600000
    ALIGNED READ:700000
    ALIGNED READ:800000
  READ FILE::SC2296_R2
    ALIGNED READ:900000
    ALIGNED READ:1000000
    ALIGNED READ:1100000
    ALIGNED READ:1200000
    ALIGNED READ:1300000
    ALIGNED READ:1400000
    ALIGNED READ:1500000
    ALIGNED READ:1600000
  Summary... 
  Aligned reads:                              1624917
  Read alignments:                            1639033
  Alignments split on indels:                    5273
  Reads with alignments split on indels:         5273
  Split alignments:                             38686
  Reads with split alignments:                  19297
+++   NOW PROCESSING Preliminary analysis of coverage distribution
[samtools] import SC2296/breseq/data/reference.fasta.fai SC2296/breseq/03_candidate_junctions/best.sam SC2296/breseq/03_candidate_junctions/best.unsorted.bam
[samtools] sort --threads 4 -o SC2296/breseq/03_candidate_junctions/best.bam -T SC2296/breseq/03_candidate_junctions/best.bam SC2296/breseq/03_candidate_junctions/best.unsorted.bam
[samtools] index SC2296/breseq/03_candidate_junctions/best.bam SC2296/breseq/03_candidate_junctions/best.bam.bai
  REFERENCE: MN908947
  LENGTH: 29903
    POSITION:10000
    POSITION:20000
[system] R --vanilla < /workspace/home/nasirja/covid-19-signal/.snakemake/conda/1f267c8dfdaa0356ebaad13adc66d00a/bin/../share/breseq/coverage_distribution.r > SC2296/breseq/03_candidate_junctions/0.unique_only_coverage_distribution.tab.r.log distribution_file=SC2296/breseq/03_candidate_junctions/0.unique_only_coverage_distribution.tab plot_file=SC2296/breseq/03_candidate_junctions/0.coverage.pdf deletion_propagation_pr_cutoff=0.000289143
[system] rm -f SC2296/breseq/03_candidate_junctions/best.unsorted.bam
[system] rm -f SC2296/breseq/03_candidate_junctions/best.sam
[system] rm -f SC2296/breseq/03_candidate_junctions/best.bam
[system] rm -f SC2296/breseq/03_candidate_junctions/best.bam.bai
[system] rm -f SC2296/breseq/03_candidate_junctions/0.coverage.pdf
[system] rm -f SC2296/breseq/03_candidate_junctions/0.unique_only_coverage_distribution.tab
[system] rm -f SC2296/breseq/03_candidate_junctions/0.unique_only_coverage_distribution.tab.r.log
+++   NOW PROCESSING Identifying junction candidates
  READ FILE::SC2296_R1
  READ FILE::SC2296_R2
    ALIGNED READ:10000 CANDIDATE JUNCTIONS:695
  Passed alignment pairs examined: 13647
  Taking top candidate junctions...
  Minimum number to keep:     100 
  Maximum number to keep:    5000 
  Maximum length to keep:    2990 bases
    Initial: Number = 343, Cumulative Length = 166823 bases
      Testing Pos Hash Score =   26, Num =      1, Length =    327
      Testing Pos Hash Score =   10, Num =      1, Length =    509
      Testing Pos Hash Score =    9, Num =      2, Length =   1024
      Testing Pos Hash Score =    8, Num =      3, Length =   1340
      Testing Pos Hash Score =    7, Num =      2, Length =    825
      Testing Pos Hash Score =    6, Num =      6, Length =   2839
      Testing Pos Hash Score =    5, Num =      8, Length =   3685
      Testing Pos Hash Score =    4, Num =     19, Length =   9453
      Testing Pos Hash Score =    3, Num =     57, Length =  27955
      Testing Pos Hash Score =    2, Num =    232, Length = 114157 [Omitted Similar =     12]
    Accepted: Number = 99, Pos Hash Score >= 3, Cumulative Length = 47957 bases
[samtools] faidx SC2296/breseq/03_candidate_junctions/candidate_junction.fasta
[system] rm -f SC2296/breseq/03_candidate_junctions/SC2296_R1.split.sam
[system] rm -f SC2296/breseq/03_candidate_junctions/SC2296_R2.split.sam
+++   NOW PROCESSING Re-alignment to junction candidates
[system] bowtie2-build -q SC2296/breseq/03_candidate_junctions/candidate_junction.fasta SC2296/breseq/04_candidate_junction_alignment/candidate_junction
Renaming SC2296/breseq/04_candidate_junction_alignment/candidate_junction.3.bt2.tmp to SC2296/breseq/04_candidate_junction_alignment/candidate_junction.3.bt2
Renaming SC2296/breseq/04_candidate_junction_alignment/candidate_junction.4.bt2.tmp to SC2296/breseq/04_candidate_junction_alignment/candidate_junction.4.bt2
Renaming SC2296/breseq/04_candidate_junction_alignment/candidate_junction.1.bt2.tmp to SC2296/breseq/04_candidate_junction_alignment/candidate_junction.1.bt2
Renaming SC2296/breseq/04_candidate_junction_alignment/candidate_junction.2.bt2.tmp to SC2296/breseq/04_candidate_junction_alignment/candidate_junction.2.bt2
Renaming SC2296/breseq/04_candidate_junction_alignment/candidate_junction.rev.1.bt2.tmp to SC2296/breseq/04_candidate_junction_alignment/candidate_junction.rev.1.bt2
Renaming SC2296/breseq/04_candidate_junction_alignment/candidate_junction.rev.2.bt2.tmp to SC2296/breseq/04_candidate_junction_alignment/candidate_junction.rev.2.bt2
[system] bowtie2 -t --no-unal -p 4 --local  -L 31 --ma 1 --mp 3 --np 0 --rdg 2,3 --rfg 2,3 --ignore-quals --local -i S,1,0.25 --score-min L,1,0.70 -k 2000 --reorder -x SC2296/breseq/04_candidate_junction_alignment/candidate_junction -U SC2296/breseq/01_sequence_conversion/SC2296_R1.converted.fastq -S SC2296/breseq/04_candidate_junction_alignment/SC2296_R1.candidate_junction.sam
Time loading reference: 00:00:00
Time loading forward index: 00:00:00
Time loading mirror index: 00:00:00
Multiseed full-index search: 00:01:13
812568 reads; of these:
  812568 (100.00%) were unpaired; of these:
    404104 (49.73%) aligned 0 times
    170436 (20.97%) aligned exactly 1 time
    238028 (29.29%) aligned >1 times
50.27% overall alignment rate
Time searching: 00:01:13
Overall time: 00:01:13
[system] bowtie2 -t --no-unal -p 4 --local  -L 31 --ma 1 --mp 3 --np 0 --rdg 2,3 --rfg 2,3 --ignore-quals --local -i S,1,0.25 --score-min L,1,0.70 -k 2000 --reorder -x SC2296/breseq/04_candidate_junction_alignment/candidate_junction -U SC2296/breseq/01_sequence_conversion/SC2296_R2.converted.fastq -S SC2296/breseq/04_candidate_junction_alignment/SC2296_R2.candidate_junction.sam
Time loading reference: 00:00:00
Time loading forward index: 00:00:00
Time loading mirror index: 00:00:00
Multiseed full-index search: 00:01:13
812568 reads; of these:
  812568 (100.00%) were unpaired; of these:
    404779 (49.81%) aligned 0 times
    170556 (20.99%) aligned exactly 1 time
    237233 (29.20%) aligned >1 times
50.19% overall alignment rate
Time searching: 00:01:13
Overall time: 00:01:13
[system] rm -f SC2296/breseq/04_candidate_junction_alignment/candidate_junction*
+++   NOW PROCESSING Resolving best read alignments
  READ FILE:SC2296_R1
    READS:10000
    READS:20000
    READS:30000
    READS:40000
    READS:50000
    READS:60000
    READS:70000
    READS:80000
    READS:90000
    READS:100000
    READS:110000
    READS:120000
    READS:130000
    READS:140000
    READS:150000
    READS:160000
    READS:170000
    READS:180000
    READS:190000
    READS:200000
    READS:210000
    READS:220000
    READS:230000
    READS:240000
    READS:250000
    READS:260000
    READS:270000
    READS:280000
    READS:290000
    READS:300000
    READS:310000
    READS:320000
    READS:330000
    READS:340000
    READS:350000
    READS:360000
    READS:370000
    READS:380000
    READS:390000
    READS:400000
    READS:410000
    READS:420000
    READS:430000
    READS:440000
    READS:450000
    READS:460000
    READS:470000
    READS:480000
    READS:490000
    READS:500000
    READS:510000
    READS:520000
    READS:530000
    READS:540000
    READS:550000
    READS:560000
    READS:570000
    READS:580000
    READS:590000
    READS:600000
    READS:610000
    READS:620000
    READS:630000
    READS:640000
    READS:650000
    READS:660000
    READS:670000
    READS:680000
    READS:690000
    READS:700000
    READS:710000
    READS:720000
    READS:730000
    READS:740000
    READS:750000
    READS:760000
    READS:770000
    READS:780000
    READS:790000
    READS:800000
    READS:810000
  READ FILE:SC2296_R2
    READS:820000
    READS:830000
    READS:840000
    READS:850000
    READS:860000
    READS:870000
    READS:880000
    READS:890000
    READS:900000
    READS:910000
    READS:920000
    READS:930000
    READS:940000
    READS:950000
    READS:960000
    READS:970000
    READS:980000
    READS:990000
    READS:1000000
    READS:1010000
    READS:1020000
    READS:1030000
    READS:1040000
    READS:1050000
    READS:1060000
    READS:1070000
    READS:1080000
    READS:1090000
    READS:1100000
    READS:1110000
    READS:1120000
    READS:1130000
    READS:1140000
    READS:1150000
    READS:1160000
    READS:1170000
    READS:1180000
    READS:1190000
    READS:1200000
    READS:1210000
    READS:1220000
    READS:1230000
    READS:1240000
    READS:1250000
    READS:1260000
    READS:1270000
    READS:1280000
    READS:1290000
    READS:1300000
    READS:1310000
    READS:1320000
    READS:1330000
    READS:1340000
    READS:1350000
    READS:1360000
    READS:1370000
    READS:1380000
    READS:1390000
    READS:1400000
    READS:1410000
    READS:1420000
    READS:1430000
    READS:1440000
    READS:1450000
    READS:1460000
    READS:1470000
    READS:1480000
    READS:1490000
    READS:1500000
    READS:1510000
    READS:1520000
    READS:1530000
    READS:1540000
    READS:1550000
    READS:1560000
    READS:1570000
    READS:1580000
    READS:1590000
    READS:1600000
    READS:1610000
    READS:1620000
[system] rm -f SC2296/breseq/01_sequence_conversion/SC2296_R1.converted.fastq
[system] rm -f SC2296/breseq/01_sequence_conversion/SC2296_R2.converted.fastq
[system] rm -f SC2296/breseq/02_reference_alignment/SC2296_R1.reference.sam
[system] rm -f SC2296/breseq/02_reference_alignment/SC2296_R2.reference.sam
[system] rm -f SC2296/breseq/04_candidate_junction_alignment/SC2296_R1.candidate_junction.sam*
[system] rm -f SC2296/breseq/04_candidate_junction_alignment/SC2296_R2.candidate_junction.sam*
+++   NOW PROCESSING Creating BAM files
[samtools] import SC2296/breseq/03_candidate_junctions/candidate_junction.fasta.fai SC2296/breseq/05_alignment_correction/junction.sam SC2296/breseq/06_bam/junction.unsorted.bam
[samtools] sort --threads 4 -o SC2296/breseq/06_bam/junction.bam -T SC2296/breseq/06_bam/junction.bam SC2296/breseq/06_bam/junction.unsorted.bam
[system] rm -f SC2296/breseq/06_bam/junction.unsorted.bam
[samtools] index SC2296/breseq/06_bam/junction.bam SC2296/breseq/06_bam/junction.bam.bai
[samtools] import SC2296/breseq/data/reference.fasta.fai SC2296/breseq/05_alignment_correction/reference.sam SC2296/breseq/06_bam/reference.unsorted.bam
[samtools] sort --threads 4 -o SC2296/breseq/data/reference.bam -T SC2296/breseq/data/reference.bam SC2296/breseq/06_bam/reference.unsorted.bam
[system] rm -f SC2296/breseq/06_bam/reference.unsorted.bam
[samtools] index SC2296/breseq/data/reference.bam SC2296/breseq/data/reference.bam.bai
[system] rm -f SC2296/breseq/05_alignment_correction/reference.sam
[system] rm -f SC2296/breseq/05_alignment_correction/junction.sam
+++   NOW PROCESSING Tabulating error counts
  REFERENCE: MN908947
  LENGTH: 29903
    POSITION:10000
    POSITION:20000
+++   NOW PROCESSING Re-calibrating base error rates
[system] R --vanilla < /workspace/home/nasirja/covid-19-signal/.snakemake/conda/1f267c8dfdaa0356ebaad13adc66d00a/bin/../share/breseq/coverage_distribution.r > SC2296/breseq/07_error_calibration/0.unique_only_coverage_distribution.tab.r.log distribution_file=SC2296/breseq/07_error_calibration/0.unique_only_coverage_distribution.tab plot_file=SC2296/breseq/output/calibration/0.unique_coverage.pdf deletion_propagation_pr_cutoff=0.000289143
[system] R --vanilla in_file=SC2296/breseq/07_error_calibration/base_qual_error_prob.SC2296_R1.tab out_file=SC2296/breseq/output/calibration/SC2296_R1.error_rates.pdf < /workspace/home/nasirja/covid-19-signal/.snakemake/conda/1f267c8dfdaa0356ebaad13adc66d00a/bin/../share/breseq/plot_error_rate.r > SC2296/breseq/07_error_calibration/SC2296_R1.plot_error_rate.log
[system] R --vanilla in_file=SC2296/breseq/07_error_calibration/base_qual_error_prob.SC2296_R2.tab out_file=SC2296/breseq/output/calibration/SC2296_R2.error_rates.pdf < /workspace/home/nasirja/covid-19-signal/.snakemake/conda/1f267c8dfdaa0356ebaad13adc66d00a/bin/../share/breseq/plot_error_rate.r > SC2296/breseq/07_error_calibration/SC2296_R2.plot_error_rate.log
+++   NOW PROCESSING Examining read alignment evidence
  REFERENCE: MN908947
  LENGTH: 29903
    POSITION:10000
    POSITION:20000
+++   NOW PROCESSING Polymorphism statistics
[system] R --vanilla total_length=29903 in_file=SC2296/breseq/08_mutation_identification/polymorphism_statistics_input.tab out_file=SC2296/breseq/08_mutation_identification/polymorphism_statistics_output.tab qual_file=SC2296/breseq/08_mutation_identification/error_counts.tab < /workspace/home/nasirja/covid-19-signal/.snakemake/conda/1f267c8dfdaa0356ebaad13adc66d00a/bin/../share/breseq/polymorphism_statistics.r > SC2296/breseq/08_mutation_identification/polymorphism_statistics_output.log
+++   NOW PROCESSING Output
Creating merged genome diff evidence file...
Predicting mutations from evidence...
  Preparing junctions...
  Predicting mobile element insertions...
  Predicting large deletions...
  Predicting small indels and substitutions from junctions...
  Predicting small indels and substitutions from alignments...
  Making final adjustments to mutations...
  Writing final GD file...
  Writing final VCF file...
Annotating mutations...
Drawing coverage plots...
Creating coverage plot for region: MN908947:1-29903
Creating index HTML table...
[system] rm -f SC2296/breseq/01_sequence_conversion/*.trims
[system] rm -f SC2296/breseq/03_candidate_junctions/candidate_junction.fasta
[system] rm -f SC2296/breseq/03_candidate_junctions/candidate_junction.fasta.fai
[system] rm -f SC2296/breseq/05_alignment_correction/jc_evidence.gd
[system] rm -f SC2296/breseq/06_bam/junction.bam
[system] rm -f SC2296/breseq/06_bam/junction.bam.bai
+++   SUCCESSFULLY COMPLETED
