Path to Cutadapt set as: 'cutadapt' (default)
Cutadapt seems to be working fine (tested command 'cutadapt --version')
Cutadapt version: 4.1
Could not detect version of Python used by Cutadapt from the first line of Cutadapt (but found this: >>>#!/bin/sh<<<)
Letting the (modified) Cutadapt deal with the Python version instead
Parallel gzip (pigz) detected. Proceeding with multicore (de)compression using 2 cores

No quality encoding type selected. Assuming that the data provided uses Sanger encoded Phred scores (default)

Output will be written into the directory: /workspace/home/nasirja/covid-19-signal/subset_viral_7_results_dir/SC2214/adapter_trimmed/


AUTO-DETECTING ADAPTER TYPE
===========================
Attempting to auto-detect adapter type from the first 1 million sequences of the first file (>> SC2214/host_removal/SC2214_R1.fastq.gz <<)

Found perfect matches for the following adapter sequences:
Adapter type	Count	Sequence	Sequences analysed	Percentage
Illumina	211	AGATCGGAAGAGC	119985	0.18
smallRNA	0	TGGAATTCTCGG	119985	0.00
Nextera	0	CTGTCTCTTATA	119985	0.00
Using Illumina adapter for trimming (count: 211). Second best hit was smallRNA (count: 0)

Writing report to '/workspace/home/nasirja/covid-19-signal/subset_viral_7_results_dir/SC2214/adapter_trimmed/SC2214_R1.fastq.gz_trimming_report.txt'

SUMMARISING RUN PARAMETERS
==========================
Input filename: SC2214/host_removal/SC2214_R1.fastq.gz
Trimming mode: paired-end
Trim Galore version: 0.6.4_dev
Cutadapt version: 4.1
Python version: could not detect
Number of cores used for trimming: 2
Quality Phred score cutoff: 20
Quality encoding type selected: ASCII+33
Adapter sequence: 'AGATCGGAAGAGC' (Illumina TruSeq, Sanger iPCR; auto-detected)
Maximum trimming error rate: 0.1 (default)
Minimum required adapter overlap (stringency): 1 bp
Minimum required sequence length for both reads before a sequence pair gets removed: 20 bp
Running FastQC on the data once trimming has completed
Output file(s) will be GZIP compressed

Cutadapt seems to be fairly up-to-date (version 4.1). Setting -j 2
Writing final adapter and quality trimmed output to SC2214_R1_trimmed.fq.gz


  >>> Now performing quality (cutoff '-q 20') and adapter trimming in a single pass for the adapter sequence: 'AGATCGGAAGAGC' from file SC2214/host_removal/SC2214_R1.fastq.gz <<< 
This is cutadapt 4.1 with Python 3.9.13
Command line parameters: -j 2 -e 0.1 -q 20 -O 1 -a AGATCGGAAGAGC SC2214/host_removal/SC2214_R1.fastq.gz
Processing single-end reads on 2 cores ...
Finished in 4.06 s (34 µs/read; 1.77 M reads/minute).

=== Summary ===

Total reads processed:                 119,985
Reads with adapters:                    41,330 (34.4%)
Reads written (passing filters):       119,985 (100.0%)

Total basepairs processed:    30,116,235 bp
Quality-trimmed:                 260,533 bp (0.9%)
Total written (filtered):     29,705,411 bp (98.6%)

=== Adapter 1 ===

Sequence: AGATCGGAAGAGC; Type: regular 3'; Length: 13; Trimmed: 41330 times

Minimum overlap: 1
No. of allowed errors:
1-9 bp: 0; 10-13 bp: 1

Bases preceding removed adapters:
  A: 37.2%
  C: 19.8%
  G: 8.2%
  T: 33.5%
  none/other: 1.3%

Overview of removed sequences
length	count	expect	max.err	error counts
1	27251	29996.2	0	27251
2	10909	7499.1	0	10909
3	1354	1874.8	0	1354
4	338	468.7	0	338
5	11	117.2	0	11
6	18	29.3	0	18
7	559	7.3	0	559
8	56	1.8	0	56
9	16	0.5	0	16
10	12	0.1	1	10 2
11	5	0.0	1	4 1
12	11	0.0	1	11
13	5	0.0	1	5
14	3	0.0	1	3
15	4	0.0	1	4
16	2	0.0	1	2
17	2	0.0	1	1 1
18	1	0.0	1	1
19	1	0.0	1	0 1
20	2	0.0	1	1 1
22	4	0.0	1	4
23	4	0.0	1	4
24	4	0.0	1	4
25	7	0.0	1	5 2
26	2	0.0	1	1 1
27	2	0.0	1	0 2
28	7	0.0	1	6 1
29	2	0.0	1	0 2
30	3	0.0	1	2 1
31	3	0.0	1	3
32	3	0.0	1	3
33	4	0.0	1	2 2
34	4	0.0	1	3 1
35	3	0.0	1	0 3
36	1	0.0	1	0 1
37	3	0.0	1	2 1
38	4	0.0	1	3 1
39	5	0.0	1	4 1
40	2	0.0	1	1 1
41	5	0.0	1	5
42	4	0.0	1	3 1
43	1	0.0	1	1
44	1	0.0	1	1
45	3	0.0	1	3
47	2	0.0	1	2
48	3	0.0	1	3
49	2	0.0	1	1 1
50	2	0.0	1	0 2
51	2	0.0	1	2
52	8	0.0	1	4 4
53	1	0.0	1	1
54	8	0.0	1	7 1
55	1	0.0	1	1
56	5	0.0	1	4 1
57	1	0.0	1	1
58	1	0.0	1	1
59	4	0.0	1	4
60	1	0.0	1	1
62	1	0.0	1	1
64	1	0.0	1	1
65	3	0.0	1	3
66	3	0.0	1	3
67	2	0.0	1	1 1
68	2	0.0	1	1 1
69	4	0.0	1	2 2
70	3	0.0	1	2 1
71	1	0.0	1	1
72	2	0.0	1	2
73	12	0.0	1	6 6
74	20	0.0	1	4 16
75	43	0.0	1	8 35
76	56	0.0	1	13 43
77	43	0.0	1	10 33
78	44	0.0	1	6 38
79	17	0.0	1	1 16
80	22	0.0	1	1 21
81	6	0.0	1	0 6
82	8	0.0	1	0 8
83	6	0.0	1	1 5
84	5	0.0	1	1 4
85	1	0.0	1	0 1
86	8	0.0	1	0 8
87	5	0.0	1	0 5
88	2	0.0	1	0 2
89	4	0.0	1	0 4
90	3	0.0	1	1 2
91	3	0.0	1	0 3
92	4	0.0	1	0 4
93	7	0.0	1	1 6
94	3	0.0	1	1 2
96	1	0.0	1	0 1
97	3	0.0	1	0 3
98	1	0.0	1	0 1
100	1	0.0	1	0 1
101	1	0.0	1	0 1
102	1	0.0	1	0 1
103	1	0.0	1	0 1
105	5	0.0	1	1 4
106	4	0.0	1	0 4
107	4	0.0	1	0 4
108	2	0.0	1	1 1
109	4	0.0	1	0 4
110	1	0.0	1	0 1
111	3	0.0	1	1 2
112	2	0.0	1	1 1
113	1	0.0	1	1
115	3	0.0	1	2 1
116	2	0.0	1	0 2
118	1	0.0	1	0 1
119	1	0.0	1	0 1
120	1	0.0	1	0 1
122	2	0.0	1	0 2
123	1	0.0	1	0 1
124	2	0.0	1	0 2
126	1	0.0	1	0 1
127	2	0.0	1	0 2
128	2	0.0	1	1 1
129	4	0.0	1	0 4
130	2	0.0	1	0 2
132	3	0.0	1	0 3
133	1	0.0	1	0 1
134	6	0.0	1	2 4
135	3	0.0	1	0 3
136	1	0.0	1	0 1
137	4	0.0	1	0 4
138	1	0.0	1	0 1
139	1	0.0	1	0 1
140	1	0.0	1	0 1
142	2	0.0	1	0 2
144	2	0.0	1	0 2
145	2	0.0	1	0 2
146	4	0.0	1	0 4
147	1	0.0	1	0 1
148	1	0.0	1	0 1
149	4	0.0	1	0 4
150	2	0.0	1	0 2
151	1	0.0	1	0 1
152	1	0.0	1	0 1
153	3	0.0	1	0 3
154	1	0.0	1	0 1
155	1	0.0	1	0 1
156	1	0.0	1	0 1
157	1	0.0	1	0 1
158	2	0.0	1	0 2
159	1	0.0	1	0 1
160	1	0.0	1	0 1
161	1	0.0	1	0 1
162	1	0.0	1	0 1
164	4	0.0	1	0 4
165	3	0.0	1	0 3
166	2	0.0	1	0 2
167	1	0.0	1	0 1
168	1	0.0	1	0 1
169	1	0.0	1	0 1
170	2	0.0	1	1 1
171	1	0.0	1	0 1
172	1	0.0	1	0 1
173	1	0.0	1	0 1
174	2	0.0	1	0 2
175	1	0.0	1	0 1
176	1	0.0	1	0 1
177	2	0.0	1	1 1
178	2	0.0	1	0 2
179	1	0.0	1	0 1
181	1	0.0	1	0 1
182	2	0.0	1	1 1
183	1	0.0	1	0 1
185	3	0.0	1	0 3
186	1	0.0	1	0 1
188	1	0.0	1	0 1
191	2	0.0	1	0 2
193	2	0.0	1	0 2
194	2	0.0	1	0 2
198	2	0.0	1	0 2
201	1	0.0	1	0 1
202	1	0.0	1	0 1
203	1	0.0	1	0 1
214	1	0.0	1	0 1
217	1	0.0	1	1
222	1	0.0	1	0 1
226	1	0.0	1	0 1
227	2	0.0	1	0 2
241	1	0.0	1	0 1
243	1	0.0	1	0 1
245	2	0.0	1	1 1
246	1	0.0	1	0 1
247	1	0.0	1	0 1
248	1	0.0	1	0 1
249	2	0.0	1	0 2
250	12	0.0	1	0 12
251	118	0.0	1	0 118

RUN STATISTICS FOR INPUT FILE: SC2214/host_removal/SC2214_R1.fastq.gz
=============================================
119985 sequences processed in total
The length threshold of paired-end sequences gets evaluated later on (in the validation step)

Writing report to '/workspace/home/nasirja/covid-19-signal/subset_viral_7_results_dir/SC2214/adapter_trimmed/SC2214_R2.fastq.gz_trimming_report.txt'

SUMMARISING RUN PARAMETERS
==========================
Input filename: SC2214/host_removal/SC2214_R2.fastq.gz
Trimming mode: paired-end
Trim Galore version: 0.6.4_dev
Cutadapt version: 4.1
Python version: could not detect
Number of cores used for trimming: 2
Quality Phred score cutoff: 20
Quality encoding type selected: ASCII+33
Adapter sequence: 'AGATCGGAAGAGC' (Illumina TruSeq, Sanger iPCR; auto-detected)
Maximum trimming error rate: 0.1 (default)
Minimum required adapter overlap (stringency): 1 bp
Minimum required sequence length for both reads before a sequence pair gets removed: 20 bp
Running FastQC on the data once trimming has completed
Output file(s) will be GZIP compressed

Cutadapt seems to be fairly up-to-date (version 4.1). Setting -j -j 2
Writing final adapter and quality trimmed output to SC2214_R2_trimmed.fq.gz


  >>> Now performing quality (cutoff '-q 20') and adapter trimming in a single pass for the adapter sequence: 'AGATCGGAAGAGC' from file SC2214/host_removal/SC2214_R2.fastq.gz <<< 
This is cutadapt 4.1 with Python 3.9.13
Command line parameters: -j 2 -e 0.1 -q 20 -O 1 -a AGATCGGAAGAGC SC2214/host_removal/SC2214_R2.fastq.gz
Processing single-end reads on 2 cores ...
Finished in 4.25 s (35 µs/read; 1.70 M reads/minute).

=== Summary ===

Total reads processed:                 119,985
Reads with adapters:                    43,670 (36.4%)
Reads written (passing filters):       119,985 (100.0%)

Total basepairs processed:    30,116,235 bp
Quality-trimmed:                 613,406 bp (2.0%)
Total written (filtered):     29,360,703 bp (97.5%)

=== Adapter 1 ===

Sequence: AGATCGGAAGAGC; Type: regular 3'; Length: 13; Trimmed: 43670 times

Minimum overlap: 1
No. of allowed errors:
1-9 bp: 0; 10-13 bp: 1

Bases preceding removed adapters:
  A: 40.2%
  C: 18.7%
  G: 9.9%
  T: 29.8%
  none/other: 1.5%

Overview of removed sequences
length	count	expect	max.err	error counts
1	29667	29996.2	0	29667
2	10850	7499.1	0	10850
3	1496	1874.8	0	1496
4	207	468.7	0	207
5	13	117.2	0	13
6	21	29.3	0	21
7	580	7.3	0	580
8	19	1.8	0	19
9	17	0.5	0	17
10	12	0.1	1	11 1
11	5	0.0	1	4 1
12	13	0.0	1	12 1
13	2	0.0	1	1 1
14	7	0.0	1	7
15	5	0.0	1	5
17	2	0.0	1	2
19	1	0.0	1	1
20	1	0.0	1	1
22	1	0.0	1	1
23	4	0.0	1	4
24	7	0.0	1	5 2
26	2	0.0	1	2
27	2	0.0	1	1 1
28	5	0.0	1	3 2
29	3	0.0	1	1 2
30	4	0.0	1	4
31	1	0.0	1	1
32	2	0.0	1	2
34	4	0.0	1	3 1
35	1	0.0	1	1
37	4	0.0	1	4
38	2	0.0	1	2
40	5	0.0	1	5
41	4	0.0	1	4
42	4	0.0	1	3 1
43	4	0.0	1	4
44	1	0.0	1	0 1
45	4	0.0	1	2 2
47	2	0.0	1	2
48	2	0.0	1	2
51	1	0.0	1	1
52	1	0.0	1	1
54	2	0.0	1	1 1
56	3	0.0	1	3
57	2	0.0	1	2
58	3	0.0	1	3
59	1	0.0	1	1
60	2	0.0	1	1 1
62	1	0.0	1	1
63	2	0.0	1	2
66	2	0.0	1	1 1
68	1	0.0	1	0 1
69	2	0.0	1	1 1
70	1	0.0	1	1
71	1	0.0	1	0 1
72	1	0.0	1	1
73	3	0.0	1	0 3
74	5	0.0	1	1 4
75	7	0.0	1	1 6
76	6	0.0	1	1 5
77	30	0.0	1	3 27
78	39	0.0	1	2 37
79	90	0.0	1	3 87
80	67	0.0	1	3 64
81	52	0.0	1	3 49
82	28	0.0	1	2 26
83	21	0.0	1	0 21
84	13	0.0	1	0 13
85	15	0.0	1	0 15
86	7	0.0	1	0 7
87	10	0.0	1	0 10
88	6	0.0	1	0 6
89	4	0.0	1	0 4
90	6	0.0	1	2 4
91	6	0.0	1	0 6
92	3	0.0	1	0 3
93	1	0.0	1	0 1
94	9	0.0	1	2 7
95	4	0.0	1	0 4
96	4	0.0	1	0 4
97	3	0.0	1	0 3
98	5	0.0	1	1 4
99	1	0.0	1	0 1
100	3	0.0	1	0 3
101	2	0.0	1	0 2
103	1	0.0	1	0 1
104	1	0.0	1	0 1
106	3	0.0	1	0 3
107	1	0.0	1	0 1
108	5	0.0	1	0 5
109	4	0.0	1	0 4
111	5	0.0	1	0 5
112	1	0.0	1	0 1
113	3	0.0	1	1 2
114	2	0.0	1	0 2
115	3	0.0	1	0 3
116	2	0.0	1	0 2
117	2	0.0	1	0 2
118	4	0.0	1	0 4
119	2	0.0	1	0 2
121	3	0.0	1	0 3
124	1	0.0	1	0 1
125	2	0.0	1	0 2
126	1	0.0	1	0 1
128	2	0.0	1	0 2
129	2	0.0	1	0 2
130	2	0.0	1	0 2
131	1	0.0	1	0 1
132	2	0.0	1	0 2
133	1	0.0	1	0 1
134	2	0.0	1	0 2
137	1	0.0	1	0 1
138	1	0.0	1	0 1
141	1	0.0	1	0 1
142	1	0.0	1	0 1
143	2	0.0	1	1 1
144	2	0.0	1	0 2
146	1	0.0	1	0 1
147	2	0.0	1	0 2
148	4	0.0	1	0 4
149	1	0.0	1	0 1
152	2	0.0	1	0 2
153	1	0.0	1	0 1
154	2	0.0	1	1 1
155	5	0.0	1	0 5
157	1	0.0	1	0 1
158	3	0.0	1	0 3
159	1	0.0	1	0 1
160	1	0.0	1	0 1
161	1	0.0	1	0 1
162	2	0.0	1	0 2
164	1	0.0	1	0 1
165	1	0.0	1	0 1
166	1	0.0	1	0 1
167	2	0.0	1	0 2
169	1	0.0	1	0 1
170	2	0.0	1	1 1
173	2	0.0	1	1 1
176	1	0.0	1	1
177	1	0.0	1	1
183	1	0.0	1	0 1
191	2	0.0	1	0 2
198	1	0.0	1	0 1
210	1	0.0	1	0 1
215	2	0.0	1	0 2
217	1	0.0	1	1
228	1	0.0	1	0 1
243	1	0.0	1	0 1
248	2	0.0	1	0 2
250	6	0.0	1	0 6
251	85	0.0	1	0 85

RUN STATISTICS FOR INPUT FILE: SC2214/host_removal/SC2214_R2.fastq.gz
=============================================
119985 sequences processed in total
The length threshold of paired-end sequences gets evaluated later on (in the validation step)

Validate paired-end files SC2214_R1_trimmed.fq.gz and SC2214_R2_trimmed.fq.gz
file_1: SC2214_R1_trimmed.fq.gz, file_2: SC2214_R2_trimmed.fq.gz


>>>>> Now validing the length of the 2 paired-end infiles: SC2214_R1_trimmed.fq.gz and SC2214_R2_trimmed.fq.gz <<<<<
Writing validated paired-end Read 1 reads to SC2214_R1_val_1.fq.gz
Writing validated paired-end Read 2 reads to SC2214_R2_val_2.fq.gz

Total number of sequences analysed: 119985

Number of sequence pairs removed because at least one read was shorter than the length cutoff (20 bp): 1076 (0.90%)


  >>> Now running FastQC on the validated data SC2214_R1_val_1.fq.gz<<<

Started analysis of SC2214_R1_val_1.fq.gz
Approx 5% complete for SC2214_R1_val_1.fq.gz
Approx 10% complete for SC2214_R1_val_1.fq.gz
Approx 15% complete for SC2214_R1_val_1.fq.gz
Approx 20% complete for SC2214_R1_val_1.fq.gz
Approx 25% complete for SC2214_R1_val_1.fq.gz
Approx 30% complete for SC2214_R1_val_1.fq.gz
Approx 35% complete for SC2214_R1_val_1.fq.gz
Approx 40% complete for SC2214_R1_val_1.fq.gz
Approx 45% complete for SC2214_R1_val_1.fq.gz
Approx 50% complete for SC2214_R1_val_1.fq.gz
Approx 55% complete for SC2214_R1_val_1.fq.gz
Approx 60% complete for SC2214_R1_val_1.fq.gz
Approx 65% complete for SC2214_R1_val_1.fq.gz
Approx 70% complete for SC2214_R1_val_1.fq.gz
Approx 75% complete for SC2214_R1_val_1.fq.gz
Approx 80% complete for SC2214_R1_val_1.fq.gz
Approx 85% complete for SC2214_R1_val_1.fq.gz
Approx 90% complete for SC2214_R1_val_1.fq.gz
Approx 95% complete for SC2214_R1_val_1.fq.gz

  >>> Now running FastQC on the validated data SC2214_R2_val_2.fq.gz<<<

Started analysis of SC2214_R2_val_2.fq.gz
Approx 5% complete for SC2214_R2_val_2.fq.gz
Approx 10% complete for SC2214_R2_val_2.fq.gz
Approx 15% complete for SC2214_R2_val_2.fq.gz
Approx 20% complete for SC2214_R2_val_2.fq.gz
Approx 25% complete for SC2214_R2_val_2.fq.gz
Approx 30% complete for SC2214_R2_val_2.fq.gz
Approx 35% complete for SC2214_R2_val_2.fq.gz
Approx 40% complete for SC2214_R2_val_2.fq.gz
Approx 45% complete for SC2214_R2_val_2.fq.gz
Approx 50% complete for SC2214_R2_val_2.fq.gz
Approx 55% complete for SC2214_R2_val_2.fq.gz
Approx 60% complete for SC2214_R2_val_2.fq.gz
Approx 65% complete for SC2214_R2_val_2.fq.gz
Approx 70% complete for SC2214_R2_val_2.fq.gz
Approx 75% complete for SC2214_R2_val_2.fq.gz
Approx 80% complete for SC2214_R2_val_2.fq.gz
Approx 85% complete for SC2214_R2_val_2.fq.gz
Approx 90% complete for SC2214_R2_val_2.fq.gz
Approx 95% complete for SC2214_R2_val_2.fq.gz
Deleting both intermediate output files SC2214_R1_trimmed.fq.gz and SC2214_R2_trimmed.fq.gz

====================================================================================================

