[M::bwa_idx_load_from_disk] read 0 ALT contigs
[M::process] read 79682 sequences (20000182 bp)...
[M::process] read 79682 sequences (20000182 bp)...
[M::mem_pestat] # candidate unique pairs for (FF, FR, RF, RR): (9, 39316, 14, 7)
[M::mem_pestat] skip orientation FF as there are not enough pairs
[M::mem_pestat] analyzing insert size distribution for orientation FR...
[M::mem_pestat] (25, 50, 75) percentile: (380, 386, 395)
[M::mem_pestat] low and high boundaries for computing mean and std.dev: (350, 425)
[M::mem_pestat] mean and std.dev: (388.74, 10.44)
[M::mem_pestat] low and high boundaries for proper pairs: (335, 440)
[M::mem_pestat] analyzing insert size distribution for orientation RF...
[M::mem_pestat] (25, 50, 75) percentile: (248, 857, 1421)
[M::mem_pestat] low and high boundaries for computing mean and std.dev: (1, 3767)
[M::mem_pestat] mean and std.dev: (965.14, 907.82)
[M::mem_pestat] low and high boundaries for proper pairs: (1, 4940)
[M::mem_pestat] skip orientation RR as there are not enough pairs
[M::mem_pestat] skip orientation RF
[M::mem_process_seqs] Processed 79682 reads in 18.759 CPU sec, 11.258 real sec
[M::process] read 79682 sequences (20000182 bp)...
[M::mem_pestat] # candidate unique pairs for (FF, FR, RF, RR): (3, 39261, 20, 5)
[M::mem_pestat] skip orientation FF as there are not enough pairs
[M::mem_pestat] analyzing insert size distribution for orientation FR...
[M::mem_pestat] (25, 50, 75) percentile: (380, 386, 395)
[M::mem_pestat] low and high boundaries for computing mean and std.dev: (350, 425)
[M::mem_pestat] mean and std.dev: (388.43, 10.53)
[M::mem_pestat] low and high boundaries for proper pairs: (335, 440)
[M::mem_pestat] analyzing insert size distribution for orientation RF...
[M::mem_pestat] (25, 50, 75) percentile: (249, 857, 2123)
[M::mem_pestat] low and high boundaries for computing mean and std.dev: (1, 5871)
[M::mem_pestat] mean and std.dev: (1205.61, 1371.22)
[M::mem_pestat] low and high boundaries for proper pairs: (1, 7745)
[M::mem_pestat] skip orientation RR as there are not enough pairs
[M::mem_pestat] skip orientation RF
[M::mem_process_seqs] Processed 79682 reads in 16.514 CPU sec, 8.024 real sec
[M::process] read 79682 sequences (20000182 bp)...
[M::mem_pestat] # candidate unique pairs for (FF, FR, RF, RR): (6, 39200, 25, 5)
[M::mem_pestat] skip orientation FF as there are not enough pairs
[M::mem_pestat] analyzing insert size distribution for orientation FR...
[M::mem_pestat] (25, 50, 75) percentile: (380, 386, 395)
[M::mem_pestat] low and high boundaries for computing mean and std.dev: (350, 425)
[M::mem_pestat] mean and std.dev: (388.49, 10.55)
[M::mem_pestat] low and high boundaries for proper pairs: (335, 440)
[M::mem_pestat] analyzing insert size distribution for orientation RF...
[M::mem_pestat] (25, 50, 75) percentile: (224, 513, 2420)
[M::mem_pestat] low and high boundaries for computing mean and std.dev: (1, 6812)
[M::mem_pestat] mean and std.dev: (906.86, 1085.73)
[M::mem_pestat] low and high boundaries for proper pairs: (1, 9008)
[M::mem_pestat] skip orientation RR as there are not enough pairs
[M::mem_pestat] skip orientation RF
[M::mem_process_seqs] Processed 79682 reads in 15.368 CPU sec, 7.461 real sec
[M::process] read 79682 sequences (20000182 bp)...
[M::mem_pestat] # candidate unique pairs for (FF, FR, RF, RR): (5, 39220, 12, 11)
[M::mem_pestat] skip orientation FF as there are not enough pairs
[M::mem_pestat] analyzing insert size distribution for orientation FR...
[M::mem_pestat] (25, 50, 75) percentile: (380, 386, 395)
[M::mem_pestat] low and high boundaries for computing mean and std.dev: (350, 425)
[M::mem_pestat] mean and std.dev: (388.58, 10.40)
[M::mem_pestat] low and high boundaries for proper pairs: (335, 440)
[M::mem_pestat] analyzing insert size distribution for orientation RF...
[M::mem_pestat] (25, 50, 75) percentile: (230, 845, 3337)
[M::mem_pestat] low and high boundaries for computing mean and std.dev: (1, 9551)
[M::mem_pestat] mean and std.dev: (2243.42, 2746.38)
[M::mem_pestat] low and high boundaries for proper pairs: (1, 13229)
[M::mem_pestat] analyzing insert size distribution for orientation RR...
[M::mem_pestat] (25, 50, 75) percentile: (3976, 5423, 7931)
[M::mem_pestat] low and high boundaries for computing mean and std.dev: (1, 15841)
[M::mem_pestat] mean and std.dev: (5244.64, 3244.88)
[M::mem_pestat] low and high boundaries for proper pairs: (1, 19796)
[M::mem_pestat] skip orientation RF
[M::mem_pestat] skip orientation RR
[M::mem_process_seqs] Processed 79682 reads in 15.230 CPU sec, 7.392 real sec
[M::process] read 79682 sequences (20000182 bp)...
[M::mem_pestat] # candidate unique pairs for (FF, FR, RF, RR): (7, 39224, 30, 5)
[M::mem_pestat] skip orientation FF as there are not enough pairs
[M::mem_pestat] analyzing insert size distribution for orientation FR...
[M::mem_pestat] (25, 50, 75) percentile: (380, 386, 395)
[M::mem_pestat] low and high boundaries for computing mean and std.dev: (350, 425)
[M::mem_pestat] mean and std.dev: (388.42, 10.56)
[M::mem_pestat] low and high boundaries for proper pairs: (335, 440)
[M::mem_pestat] analyzing insert size distribution for orientation RF...
[M::mem_pestat] (25, 50, 75) percentile: (226, 259, 1805)
[M::mem_pestat] low and high boundaries for computing mean and std.dev: (1, 4963)
[M::mem_pestat] mean and std.dev: (809.74, 1100.65)
[M::mem_pestat] low and high boundaries for proper pairs: (1, 6542)
[M::mem_pestat] skip orientation RR as there are not enough pairs
[M::mem_pestat] skip orientation RF
[M::mem_process_seqs] Processed 79682 reads in 14.989 CPU sec, 7.306 real sec
[M::process] read 79682 sequences (20000182 bp)...
[M::mem_pestat] # candidate unique pairs for (FF, FR, RF, RR): (7, 39281, 18, 5)
[M::mem_pestat] skip orientation FF as there are not enough pairs
[M::mem_pestat] analyzing insert size distribution for orientation FR...
[M::mem_pestat] (25, 50, 75) percentile: (380, 386, 395)
[M::mem_pestat] low and high boundaries for computing mean and std.dev: (350, 425)
[M::mem_pestat] mean and std.dev: (388.68, 10.46)
[M::mem_pestat] low and high boundaries for proper pairs: (335, 440)
[M::mem_pestat] analyzing insert size distribution for orientation RF...
[M::mem_pestat] (25, 50, 75) percentile: (225, 814, 1451)
[M::mem_pestat] low and high boundaries for computing mean and std.dev: (1, 3903)
[M::mem_pestat] mean and std.dev: (716.47, 660.14)
[M::mem_pestat] low and high boundaries for proper pairs: (1, 5129)
[M::mem_pestat] skip orientation RR as there are not enough pairs
[M::mem_pestat] skip orientation RF
[M::mem_process_seqs] Processed 79682 reads in 14.670 CPU sec, 7.149 real sec
[M::process] read 79682 sequences (20000182 bp)...
[M::mem_pestat] # candidate unique pairs for (FF, FR, RF, RR): (6, 39259, 20, 5)
[M::mem_pestat] skip orientation FF as there are not enough pairs
[M::mem_pestat] analyzing insert size distribution for orientation FR...
[M::mem_pestat] (25, 50, 75) percentile: (379, 386, 394)
[M::mem_pestat] low and high boundaries for computing mean and std.dev: (349, 424)
[M::mem_pestat] mean and std.dev: (387.83, 10.65)
[M::mem_pestat] low and high boundaries for proper pairs: (334, 439)
[M::mem_pestat] analyzing insert size distribution for orientation RF...
[M::mem_pestat] (25, 50, 75) percentile: (231, 1023, 2704)
[M::mem_pestat] low and high boundaries for computing mean and std.dev: (1, 7650)
[M::mem_pestat] mean and std.dev: (1912.25, 2216.25)
[M::mem_pestat] low and high boundaries for proper pairs: (1, 10777)
[M::mem_pestat] skip orientation RR as there are not enough pairs
[M::mem_pestat] skip orientation RF
[M::mem_process_seqs] Processed 79682 reads in 18.781 CPU sec, 9.180 real sec
[M::process] read 79682 sequences (20000182 bp)...
[M::mem_pestat] # candidate unique pairs for (FF, FR, RF, RR): (6, 39214, 15, 8)
[M::mem_pestat] skip orientation FF as there are not enough pairs
[M::mem_pestat] analyzing insert size distribution for orientation FR...
[M::mem_pestat] (25, 50, 75) percentile: (380, 386, 395)
[M::mem_pestat] low and high boundaries for computing mean and std.dev: (350, 425)
[M::mem_pestat] mean and std.dev: (388.72, 10.46)
[M::mem_pestat] low and high boundaries for proper pairs: (335, 440)
[M::mem_pestat] analyzing insert size distribution for orientation RF...
[M::mem_pestat] (25, 50, 75) percentile: (225, 516, 2699)
[M::mem_pestat] low and high boundaries for computing mean and std.dev: (1, 7647)
[M::mem_pestat] mean and std.dev: (1533.53, 1814.00)
[M::mem_pestat] low and high boundaries for proper pairs: (1, 10121)
[M::mem_pestat] skip orientation RR as there are not enough pairs
[M::mem_pestat] skip orientation RF
[M::mem_process_seqs] Processed 79682 reads in 18.585 CPU sec, 9.090 real sec
[M::process] read 79682 sequences (20000182 bp)...
[M::mem_pestat] # candidate unique pairs for (FF, FR, RF, RR): (5, 39212, 22, 11)
[M::mem_pestat] skip orientation FF as there are not enough pairs
[M::mem_pestat] analyzing insert size distribution for orientation FR...
[M::mem_pestat] (25, 50, 75) percentile: (380, 386, 394)
[M::mem_pestat] low and high boundaries for computing mean and std.dev: (352, 422)
[M::mem_pestat] mean and std.dev: (388.42, 10.38)
[M::mem_pestat] low and high boundaries for proper pairs: (338, 436)
[M::mem_pestat] analyzing insert size distribution for orientation RF...
[M::mem_pestat] (25, 50, 75) percentile: (237, 826, 2699)
[M::mem_pestat] low and high boundaries for computing mean and std.dev: (1, 7623)
[M::mem_pestat] mean and std.dev: (1293.33, 1278.88)
[M::mem_pestat] low and high boundaries for proper pairs: (1, 10085)
[M::mem_pestat] analyzing insert size distribution for orientation RR...
[M::mem_pestat] (25, 50, 75) percentile: (1816, 2469, 5478)
[M::mem_pestat] low and high boundaries for computing mean and std.dev: (1, 12802)
[M::mem_pestat] mean and std.dev: (3243.00, 2112.15)
[M::mem_pestat] low and high boundaries for proper pairs: (1, 16464)
[M::mem_pestat] skip orientation RF
[M::mem_pestat] skip orientation RR
[M::mem_process_seqs] Processed 79682 reads in 18.342 CPU sec, 8.953 real sec
[M::process] read 79682 sequences (20000182 bp)...
[M::mem_pestat] # candidate unique pairs for (FF, FR, RF, RR): (5, 39310, 19, 12)
[M::mem_pestat] skip orientation FF as there are not enough pairs
[M::mem_pestat] analyzing insert size distribution for orientation FR...
[M::mem_pestat] (25, 50, 75) percentile: (380, 386, 395)
[M::mem_pestat] low and high boundaries for computing mean and std.dev: (350, 425)
[M::mem_pestat] mean and std.dev: (388.46, 10.50)
[M::mem_pestat] low and high boundaries for proper pairs: (335, 440)
[M::mem_pestat] analyzing insert size distribution for orientation RF...
[M::mem_pestat] (25, 50, 75) percentile: (238, 563, 854)
[M::mem_pestat] low and high boundaries for computing mean and std.dev: (1, 2086)
[M::mem_pestat] mean and std.dev: (534.18, 357.26)
[M::mem_pestat] low and high boundaries for proper pairs: (1, 2702)
[M::mem_pestat] analyzing insert size distribution for orientation RR...
[M::mem_pestat] (25, 50, 75) percentile: (943, 2650, 3425)
[M::mem_pestat] low and high boundaries for computing mean and std.dev: (1, 8389)
[M::mem_pestat] mean and std.dev: (2578.67, 2225.38)
[M::mem_pestat] low and high boundaries for proper pairs: (1, 11480)
[M::mem_pestat] skip orientation RF
[M::mem_pestat] skip orientation RR
[M::mem_process_seqs] Processed 79682 reads in 16.457 CPU sec, 8.027 real sec
[M::process] read 79682 sequences (20000182 bp)...
[M::mem_pestat] # candidate unique pairs for (FF, FR, RF, RR): (5, 39287, 26, 7)
[M::mem_pestat] skip orientation FF as there are not enough pairs
[M::mem_pestat] analyzing insert size distribution for orientation FR...
[M::mem_pestat] (25, 50, 75) percentile: (380, 386, 395)
[M::mem_pestat] low and high boundaries for computing mean and std.dev: (350, 425)
[M::mem_pestat] mean and std.dev: (388.58, 10.44)
[M::mem_pestat] low and high boundaries for proper pairs: (335, 440)
[M::mem_pestat] analyzing insert size distribution for orientation RF...
[M::mem_pestat] (25, 50, 75) percentile: (246, 853, 1479)
[M::mem_pestat] low and high boundaries for computing mean and std.dev: (1, 3945)
[M::mem_pestat] mean and std.dev: (687.05, 430.18)
[M::mem_pestat] low and high boundaries for proper pairs: (1, 5178)
[M::mem_pestat] skip orientation RR as there are not enough pairs
[M::mem_pestat] skip orientation RF
[M::mem_process_seqs] Processed 79682 reads in 15.892 CPU sec, 7.750 real sec
[M::process] read 79682 sequences (20000182 bp)...
[M::mem_pestat] # candidate unique pairs for (FF, FR, RF, RR): (4, 39227, 13, 9)
[M::mem_pestat] skip orientation FF as there are not enough pairs
[M::mem_pestat] analyzing insert size distribution for orientation FR...
[M::mem_pestat] (25, 50, 75) percentile: (379, 386, 394)
[M::mem_pestat] low and high boundaries for computing mean and std.dev: (349, 424)
[M::mem_pestat] mean and std.dev: (388.03, 10.55)
[M::mem_pestat] low and high boundaries for proper pairs: (334, 439)
[M::mem_pestat] analyzing insert size distribution for orientation RF...
[M::mem_pestat] (25, 50, 75) percentile: (246, 507, 8405)
[M::mem_pestat] low and high boundaries for computing mean and std.dev: (1, 24723)
[M::mem_pestat] mean and std.dev: (2966.23, 3881.90)
[M::mem_pestat] low and high boundaries for proper pairs: (1, 32882)
[M::mem_pestat] skip orientation RR as there are not enough pairs
[M::mem_pestat] skip orientation RF
[M::mem_process_seqs] Processed 79682 reads in 17.253 CPU sec, 8.425 real sec
[M::process] read 79682 sequences (20000182 bp)...
[M::mem_pestat] # candidate unique pairs for (FF, FR, RF, RR): (6, 39128, 24, 7)
[M::mem_pestat] skip orientation FF as there are not enough pairs
[M::mem_pestat] analyzing insert size distribution for orientation FR...
[M::mem_pestat] (25, 50, 75) percentile: (380, 386, 395)
[M::mem_pestat] low and high boundaries for computing mean and std.dev: (350, 425)
[M::mem_pestat] mean and std.dev: (388.70, 10.40)
[M::mem_pestat] low and high boundaries for proper pairs: (335, 440)
[M::mem_pestat] analyzing insert size distribution for orientation RF...
[M::mem_pestat] (25, 50, 75) percentile: (609, 1742, 2675)
[M::mem_pestat] low and high boundaries for computing mean and std.dev: (1, 6807)
[M::mem_pestat] mean and std.dev: (1851.12, 1661.66)
[M::mem_pestat] low and high boundaries for proper pairs: (1, 8873)
[M::mem_pestat] skip orientation RR as there are not enough pairs
[M::mem_pestat] skip orientation RF
[M::mem_process_seqs] Processed 79682 reads in 19.646 CPU sec, 9.624 real sec
[M::process] read 79682 sequences (20000182 bp)...
[M::mem_pestat] # candidate unique pairs for (FF, FR, RF, RR): (6, 39183, 18, 6)
[M::mem_pestat] skip orientation FF as there are not enough pairs
[M::mem_pestat] analyzing insert size distribution for orientation FR...
[M::mem_pestat] (25, 50, 75) percentile: (380, 386, 394)
[M::mem_pestat] low and high boundaries for computing mean and std.dev: (352, 422)
[M::mem_pestat] mean and std.dev: (388.29, 10.48)
[M::mem_pestat] low and high boundaries for proper pairs: (338, 436)
[M::mem_pestat] analyzing insert size distribution for orientation RF...
[M::mem_pestat] (25, 50, 75) percentile: (243, 609, 1752)
[M::mem_pestat] low and high boundaries for computing mean and std.dev: (1, 4770)
[M::mem_pestat] mean and std.dev: (1080.18, 1228.86)
[M::mem_pestat] low and high boundaries for proper pairs: (1, 6279)
[M::mem_pestat] skip orientation RR as there are not enough pairs
[M::mem_pestat] skip orientation RF
[M::mem_process_seqs] Processed 79682 reads in 16.505 CPU sec, 8.055 real sec
[M::process] read 79682 sequences (20000182 bp)...
[M::mem_pestat] # candidate unique pairs for (FF, FR, RF, RR): (10, 39325, 22, 4)
[M::mem_pestat] analyzing insert size distribution for orientation FF...
[M::mem_pestat] (25, 50, 75) percentile: (1276, 3996, 7587)
[M::mem_pestat] low and high boundaries for computing mean and std.dev: (1, 20209)
[M::mem_pestat] mean and std.dev: (4216.90, 3078.22)
[M::mem_pestat] low and high boundaries for proper pairs: (1, 26520)
[M::mem_pestat] analyzing insert size distribution for orientation FR...
[M::mem_pestat] (25, 50, 75) percentile: (380, 386, 396)
[M::mem_pestat] low and high boundaries for computing mean and std.dev: (348, 428)
[M::mem_pestat] mean and std.dev: (388.85, 10.49)
[M::mem_pestat] low and high boundaries for proper pairs: (332, 444)
[M::mem_pestat] analyzing insert size distribution for orientation RF...
[M::mem_pestat] (25, 50, 75) percentile: (225, 855, 1670)
[M::mem_pestat] low and high boundaries for computing mean and std.dev: (1, 4560)
[M::mem_pestat] mean and std.dev: (958.70, 940.24)
[M::mem_pestat] low and high boundaries for proper pairs: (1, 6005)
[M::mem_pestat] skip orientation RR as there are not enough pairs
[M::mem_pestat] skip orientation FF
[M::mem_pestat] skip orientation RF
[M::mem_process_seqs] Processed 79682 reads in 18.557 CPU sec, 9.086 real sec
[M::process] read 79682 sequences (20000182 bp)...
[M::mem_pestat] # candidate unique pairs for (FF, FR, RF, RR): (5, 39298, 33, 5)
[M::mem_pestat] skip orientation FF as there are not enough pairs
[M::mem_pestat] analyzing insert size distribution for orientation FR...
[M::mem_pestat] (25, 50, 75) percentile: (380, 386, 395)
[M::mem_pestat] low and high boundaries for computing mean and std.dev: (350, 425)
[M::mem_pestat] mean and std.dev: (388.52, 10.50)
[M::mem_pestat] low and high boundaries for proper pairs: (335, 440)
[M::mem_pestat] analyzing insert size distribution for orientation RF...
[M::mem_pestat] (25, 50, 75) percentile: (228, 610, 3005)
[M::mem_pestat] low and high boundaries for computing mean and std.dev: (1, 8559)
[M::mem_pestat] mean and std.dev: (1602.42, 2055.31)
[M::mem_pestat] low and high boundaries for proper pairs: (1, 11336)
[M::mem_pestat] skip orientation RR as there are not enough pairs
[M::mem_pestat] skip orientation RF
[M::mem_process_seqs] Processed 79682 reads in 20.502 CPU sec, 10.046 real sec
[M::process] read 79682 sequences (20000182 bp)...
[M::mem_pestat] # candidate unique pairs for (FF, FR, RF, RR): (4, 39223, 19, 11)
[M::mem_pestat] skip orientation FF as there are not enough pairs
[M::mem_pestat] analyzing insert size distribution for orientation FR...
[M::mem_pestat] (25, 50, 75) percentile: (380, 386, 395)
[M::mem_pestat] low and high boundaries for computing mean and std.dev: (350, 425)
[M::mem_pestat] mean and std.dev: (388.59, 10.49)
[M::mem_pestat] low and high boundaries for proper pairs: (335, 440)
[M::mem_pestat] analyzing insert size distribution for orientation RF...
[M::mem_pestat] (25, 50, 75) percentile: (233, 931, 2699)
[M::mem_pestat] low and high boundaries for computing mean and std.dev: (1, 7631)
[M::mem_pestat] mean and std.dev: (1820.33, 2106.42)
[M::mem_pestat] low and high boundaries for proper pairs: (1, 10246)
[M::mem_pestat] analyzing insert size distribution for orientation RR...
[M::mem_pestat] (25, 50, 75) percentile: (2941, 4941, 6812)
[M::mem_pestat] low and high boundaries for computing mean and std.dev: (1, 14554)
[M::mem_pestat] mean and std.dev: (4448.45, 2561.00)
[M::mem_pestat] low and high boundaries for proper pairs: (1, 18425)
[M::mem_pestat] skip orientation RF
[M::mem_pestat] skip orientation RR
[M::mem_process_seqs] Processed 79682 reads in 18.286 CPU sec, 8.962 real sec
[M::process] read 54634 sequences (13713134 bp)...
[M::mem_pestat] # candidate unique pairs for (FF, FR, RF, RR): (8, 39159, 19, 13)
[M::mem_pestat] skip orientation FF as there are not enough pairs
[M::mem_pestat] analyzing insert size distribution for orientation FR...
[M::mem_pestat] (25, 50, 75) percentile: (380, 386, 395)
[M::mem_pestat] low and high boundaries for computing mean and std.dev: (350, 425)
[M::mem_pestat] mean and std.dev: (388.76, 10.50)
[M::mem_pestat] low and high boundaries for proper pairs: (335, 440)
[M::mem_pestat] analyzing insert size distribution for orientation RF...
[M::mem_pestat] (25, 50, 75) percentile: (225, 246, 2084)
[M::mem_pestat] low and high boundaries for computing mean and std.dev: (1, 5802)
[M::mem_pestat] mean and std.dev: (1185.06, 1381.76)
[M::mem_pestat] low and high boundaries for proper pairs: (1, 7661)
[M::mem_pestat] analyzing insert size distribution for orientation RR...
[M::mem_pestat] (25, 50, 75) percentile: (925, 3043, 5460)
[M::mem_pestat] low and high boundaries for computing mean and std.dev: (1, 14530)
[M::mem_pestat] mean and std.dev: (3185.46, 2249.74)
[M::mem_pestat] low and high boundaries for proper pairs: (1, 19065)
[M::mem_pestat] skip orientation RF
[M::mem_pestat] skip orientation RR
[M::mem_process_seqs] Processed 79682 reads in 19.171 CPU sec, 9.434 real sec
[M::mem_pestat] # candidate unique pairs for (FF, FR, RF, RR): (2, 26867, 16, 7)
[M::mem_pestat] skip orientation FF as there are not enough pairs
[M::mem_pestat] analyzing insert size distribution for orientation FR...
[M::mem_pestat] (25, 50, 75) percentile: (379, 386, 394)
[M::mem_pestat] low and high boundaries for computing mean and std.dev: (349, 424)
[M::mem_pestat] mean and std.dev: (388.05, 10.50)
[M::mem_pestat] low and high boundaries for proper pairs: (334, 439)
[M::mem_pestat] analyzing insert size distribution for orientation RF...
[M::mem_pestat] (25, 50, 75) percentile: (196, 323, 1492)
[M::mem_pestat] low and high boundaries for computing mean and std.dev: (1, 4084)
[M::mem_pestat] mean and std.dev: (618.07, 711.52)
[M::mem_pestat] low and high boundaries for proper pairs: (1, 5380)
[M::mem_pestat] skip orientation RR as there are not enough pairs
[M::mem_pestat] skip orientation RF
[M::mem_process_seqs] Processed 54634 reads in 11.110 CPU sec, 5.482 real sec
[main] Version: 0.7.17-r1188
[main] CMD: bwa mem -t 2 /workspace/home/nasirja/covid-19-signal/data/composite_human_viral_reference.fna SC2226/raw_fastq/SC2226_R1.fastq.gz SC2226/raw_fastq/SC2226_R2.fastq.gz
[main] Real time: 167.252 sec; CPU: 330.505 sec
viral read count = 1474867 (99.06%)
human read count = 831 (0.06%) 
unmapped read count = 13212 (0.89%)
