Path to Cutadapt set as: 'cutadapt' (default)
Cutadapt seems to be working fine (tested command 'cutadapt --version')
Cutadapt version: 4.1
Could not detect version of Python used by Cutadapt from the first line of Cutadapt (but found this: >>>#!/bin/sh<<<)
Letting the (modified) Cutadapt deal with the Python version instead
Parallel gzip (pigz) detected. Proceeding with multicore (de)compression using 2 cores

No quality encoding type selected. Assuming that the data provided uses Sanger encoded Phred scores (default)

Output will be written into the directory: /workspace/home/nasirja/covid-19-signal/subset_viral_7_results_dir/SC2188/adapter_trimmed/


AUTO-DETECTING ADAPTER TYPE
===========================
Attempting to auto-detect adapter type from the first 1 million sequences of the first file (>> SC2188/host_removal/SC2188_R1.fastq.gz <<)

Found perfect matches for the following adapter sequences:
Adapter type	Count	Sequence	Sequences analysed	Percentage
Illumina	23523	AGATCGGAAGAGC	999050	2.35
Nextera	0	CTGTCTCTTATA	999050	0.00
smallRNA	0	TGGAATTCTCGG	999050	0.00
Using Illumina adapter for trimming (count: 23523). Second best hit was Nextera (count: 0)

Writing report to '/workspace/home/nasirja/covid-19-signal/subset_viral_7_results_dir/SC2188/adapter_trimmed/SC2188_R1.fastq.gz_trimming_report.txt'

SUMMARISING RUN PARAMETERS
==========================
Input filename: SC2188/host_removal/SC2188_R1.fastq.gz
Trimming mode: paired-end
Trim Galore version: 0.6.4_dev
Cutadapt version: 4.1
Python version: could not detect
Number of cores used for trimming: 2
Quality Phred score cutoff: 20
Quality encoding type selected: ASCII+33
Adapter sequence: 'AGATCGGAAGAGC' (Illumina TruSeq, Sanger iPCR; auto-detected)
Maximum trimming error rate: 0.1 (default)
Minimum required adapter overlap (stringency): 1 bp
Minimum required sequence length for both reads before a sequence pair gets removed: 20 bp
Running FastQC on the data once trimming has completed
Output file(s) will be GZIP compressed

Cutadapt seems to be fairly up-to-date (version 4.1). Setting -j 2
Writing final adapter and quality trimmed output to SC2188_R1_trimmed.fq.gz


  >>> Now performing quality (cutoff '-q 20') and adapter trimming in a single pass for the adapter sequence: 'AGATCGGAAGAGC' from file SC2188/host_removal/SC2188_R1.fastq.gz <<< 
This is cutadapt 4.1 with Python 3.9.13
Command line parameters: -j 2 -e 0.1 -q 20 -O 1 -a AGATCGGAAGAGC SC2188/host_removal/SC2188_R1.fastq.gz
Processing single-end reads on 2 cores ...
Finished in 36.97 s (37 µs/read; 1.62 M reads/minute).

=== Summary ===

Total reads processed:                 999,050
Reads with adapters:                   363,963 (36.4%)
Reads written (passing filters):       999,050 (100.0%)

Total basepairs processed:   250,761,550 bp
Quality-trimmed:               2,360,092 bp (0.9%)
Total written (filtered):    246,169,316 bp (98.2%)

=== Adapter 1 ===

Sequence: AGATCGGAAGAGC; Type: regular 3'; Length: 13; Trimmed: 363963 times

Minimum overlap: 1
No. of allowed errors:
1-9 bp: 0; 10-13 bp: 1

Bases preceding removed adapters:
  A: 35.3%
  C: 15.4%
  G: 9.7%
  T: 39.4%
  none/other: 0.2%

Overview of removed sequences
length	count	expect	max.err	error counts
1	235077	249762.5	0	235077
2	72784	62440.6	0	72784
3	5281	15610.2	0	5281
4	1658	3902.5	0	1658
5	308	975.6	0	308
6	794	243.9	0	794
7	19567	61.0	0	19567
8	1064	15.2	0	1064
9	875	3.8	0	875
10	582	1.0	1	552 30
11	243	0.2	1	226 17
12	393	0.1	1	368 25
13	186	0.0	1	175 11
14	145	0.0	1	138 7
15	111	0.0	1	104 7
16	99	0.0	1	85 14
17	125	0.0	1	107 18
18	134	0.0	1	127 7
19	44	0.0	1	36 8
20	208	0.0	1	198 10
21	72	0.0	1	63 9
22	115	0.0	1	108 7
23	168	0.0	1	151 17
24	2163	0.0	1	2107 56
25	416	0.0	1	394 22
26	90	0.0	1	82 8
27	142	0.0	1	113 29
28	367	0.0	1	340 27
29	160	0.0	1	134 26
30	119	0.0	1	108 11
31	107	0.0	1	91 16
32	119	0.0	1	98 21
33	69	0.0	1	58 11
34	109	0.0	1	91 18
35	97	0.0	1	84 13
36	1403	0.0	1	1333 70
37	872	0.0	1	825 47
38	269	0.0	1	248 21
39	275	0.0	1	242 33
40	153	0.0	1	130 23
41	183	0.0	1	157 26
42	463	0.0	1	426 37
43	368	0.0	1	344 24
44	106	0.0	1	90 16
45	283	0.0	1	259 24
46	81	0.0	1	64 17
47	143	0.0	1	122 21
48	80	0.0	1	72 8
49	138	0.0	1	119 19
50	86	0.0	1	71 15
51	414	0.0	1	390 24
52	92	0.0	1	77 15
53	104	0.0	1	82 22
54	189	0.0	1	153 36
55	116	0.0	1	107 9
56	61	0.0	1	56 5
57	101	0.0	1	92 9
58	68	0.0	1	62 6
59	117	0.0	1	112 5
60	62	0.0	1	55 7
61	38	0.0	1	37 1
62	35	0.0	1	32 3
63	59	0.0	1	52 7
64	61	0.0	1	53 8
65	52	0.0	1	44 8
66	83	0.0	1	72 11
67	49	0.0	1	43 6
68	85	0.0	1	65 20
69	108	0.0	1	90 18
70	130	0.0	1	108 22
71	137	0.0	1	122 15
72	220	0.0	1	197 23
73	329	0.0	1	291 38
74	536	0.0	1	482 54
75	969	0.0	1	878 91
76	2462	0.0	1	2364 98
77	1759	0.0	1	1678 81
78	887	0.0	1	832 55
79	471	0.0	1	442 29
80	290	0.0	1	269 21
81	206	0.0	1	195 11
82	147	0.0	1	133 14
83	124	0.0	1	117 7
84	106	0.0	1	89 17
85	91	0.0	1	83 8
86	87	0.0	1	80 7
87	67	0.0	1	56 11
88	67	0.0	1	56 11
89	85	0.0	1	74 11
90	45	0.0	1	42 3
91	55	0.0	1	47 8
92	68	0.0	1	61 7
93	101	0.0	1	91 10
94	1054	0.0	1	1024 30
95	144	0.0	1	128 16
96	79	0.0	1	70 9
97	56	0.0	1	53 3
98	56	0.0	1	50 6
99	48	0.0	1	45 3
100	23	0.0	1	20 3
101	27	0.0	1	24 3
102	19	0.0	1	19
103	32	0.0	1	27 5
104	24	0.0	1	20 4
105	43	0.0	1	38 5
106	27	0.0	1	24 3
107	35	0.0	1	29 6
108	25	0.0	1	20 5
109	19	0.0	1	16 3
110	38	0.0	1	32 6
111	181	0.0	1	167 14
112	44	0.0	1	38 6
113	27	0.0	1	25 2
114	36	0.0	1	29 7
115	23	0.0	1	18 5
116	29	0.0	1	23 6
117	28	0.0	1	25 3
118	16	0.0	1	15 1
119	14	0.0	1	13 1
120	10	0.0	1	8 2
121	19	0.0	1	17 2
122	14	0.0	1	13 1
123	14	0.0	1	13 1
124	15	0.0	1	10 5
125	15	0.0	1	11 4
126	18	0.0	1	17 1
127	19	0.0	1	15 4
128	19	0.0	1	14 5
129	19	0.0	1	17 2
130	12	0.0	1	9 3
131	18	0.0	1	16 2
132	20	0.0	1	17 3
133	29	0.0	1	25 4
134	20	0.0	1	16 4
135	12	0.0	1	9 3
136	16	0.0	1	11 5
137	11	0.0	1	8 3
138	2	0.0	1	2
139	11	0.0	1	10 1
140	9	0.0	1	6 3
141	8	0.0	1	7 1
142	6	0.0	1	5 1
143	9	0.0	1	8 1
144	6	0.0	1	3 3
145	7	0.0	1	7
146	21	0.0	1	18 3
147	30	0.0	1	27 3
148	14	0.0	1	10 4
149	29	0.0	1	26 3
150	9	0.0	1	7 2
151	18	0.0	1	17 1
152	8	0.0	1	5 3
153	19	0.0	1	17 2
154	22	0.0	1	19 3
155	22	0.0	1	17 5
156	63	0.0	1	59 4
157	17	0.0	1	13 4
158	15	0.0	1	13 2
159	5	0.0	1	4 1
160	31	0.0	1	26 5
161	23	0.0	1	19 4
162	7	0.0	1	5 2
163	6	0.0	1	5 1
164	7	0.0	1	6 1
165	14	0.0	1	11 3
166	30	0.0	1	25 5
167	15	0.0	1	15
168	32	0.0	1	26 6
169	14	0.0	1	13 1
170	13	0.0	1	9 4
171	9	0.0	1	7 2
172	25	0.0	1	23 2
173	12	0.0	1	12
174	9	0.0	1	6 3
175	33	0.0	1	30 3
176	21	0.0	1	19 2
177	11	0.0	1	8 3
178	10	0.0	1	10
179	1	0.0	1	1
180	10	0.0	1	10
181	46	0.0	1	43 3
182	8	0.0	1	5 3
183	8	0.0	1	6 2
184	2	0.0	1	2
185	15	0.0	1	12 3
186	5	0.0	1	4 1
187	5	0.0	1	4 1
188	13	0.0	1	12 1
189	12	0.0	1	12
190	9	0.0	1	9
191	5	0.0	1	5
192	15	0.0	1	12 3
193	18	0.0	1	17 1
194	2	0.0	1	2
195	5	0.0	1	5
196	8	0.0	1	7 1
197	3	0.0	1	3
198	9	0.0	1	9
199	9	0.0	1	8 1
200	7	0.0	1	7
201	7	0.0	1	6 1
202	7	0.0	1	7
203	10	0.0	1	10
204	7	0.0	1	6 1
205	10	0.0	1	8 2
206	11	0.0	1	11
207	17	0.0	1	17
208	24	0.0	1	24
209	21	0.0	1	20 1
210	21	0.0	1	21
211	7	0.0	1	7
212	5	0.0	1	5
213	8	0.0	1	8
214	8	0.0	1	8
215	12	0.0	1	9 3
216	5	0.0	1	4 1
217	9	0.0	1	9
219	4	0.0	1	2 2
220	2	0.0	1	2
228	1	0.0	1	0 1
234	1	0.0	1	1
238	1	0.0	1	0 1
242	1	0.0	1	0 1
243	2	0.0	1	0 2
245	1	0.0	1	0 1
246	1	0.0	1	0 1
247	1	0.0	1	0 1
248	1	0.0	1	0 1
249	3	0.0	1	0 3
250	18	0.0	1	0 18
251	176	0.0	1	0 176

RUN STATISTICS FOR INPUT FILE: SC2188/host_removal/SC2188_R1.fastq.gz
=============================================
999050 sequences processed in total
The length threshold of paired-end sequences gets evaluated later on (in the validation step)

Writing report to '/workspace/home/nasirja/covid-19-signal/subset_viral_7_results_dir/SC2188/adapter_trimmed/SC2188_R2.fastq.gz_trimming_report.txt'

SUMMARISING RUN PARAMETERS
==========================
Input filename: SC2188/host_removal/SC2188_R2.fastq.gz
Trimming mode: paired-end
Trim Galore version: 0.6.4_dev
Cutadapt version: 4.1
Python version: could not detect
Number of cores used for trimming: 2
Quality Phred score cutoff: 20
Quality encoding type selected: ASCII+33
Adapter sequence: 'AGATCGGAAGAGC' (Illumina TruSeq, Sanger iPCR; auto-detected)
Maximum trimming error rate: 0.1 (default)
Minimum required adapter overlap (stringency): 1 bp
Minimum required sequence length for both reads before a sequence pair gets removed: 20 bp
Running FastQC on the data once trimming has completed
Output file(s) will be GZIP compressed

Cutadapt seems to be fairly up-to-date (version 4.1). Setting -j -j 2
Writing final adapter and quality trimmed output to SC2188_R2_trimmed.fq.gz


  >>> Now performing quality (cutoff '-q 20') and adapter trimming in a single pass for the adapter sequence: 'AGATCGGAAGAGC' from file SC2188/host_removal/SC2188_R2.fastq.gz <<< 
This is cutadapt 4.1 with Python 3.9.13
Command line parameters: -j 2 -e 0.1 -q 20 -O 1 -a AGATCGGAAGAGC SC2188/host_removal/SC2188_R2.fastq.gz
Processing single-end reads on 2 cores ...
Finished in 38.52 s (39 µs/read; 1.56 M reads/minute).

=== Summary ===

Total reads processed:                 999,050
Reads with adapters:                   358,480 (35.9%)
Reads written (passing filters):       999,050 (100.0%)

Total basepairs processed:   250,761,550 bp
Quality-trimmed:               5,212,253 bp (2.1%)
Total written (filtered):    243,661,123 bp (97.2%)

=== Adapter 1 ===

Sequence: AGATCGGAAGAGC; Type: regular 3'; Length: 13; Trimmed: 358480 times

Minimum overlap: 1
No. of allowed errors:
1-9 bp: 0; 10-13 bp: 1

Bases preceding removed adapters:
  A: 39.0%
  C: 14.7%
  G: 9.8%
  T: 36.2%
  none/other: 0.3%

Overview of removed sequences
length	count	expect	max.err	error counts
1	240904	249762.5	0	240904
2	63851	62440.6	0	63851
3	6373	15610.2	0	6373
4	1592	3902.5	0	1592
5	359	975.6	0	359
6	719	243.9	0	719
7	19622	61.0	0	19622
8	442	15.2	0	442
9	757	3.8	0	755 2
10	659	1.0	1	610 49
11	151	0.2	1	131 20
12	417	0.1	1	376 41
13	78	0.0	1	67 11
14	267	0.0	1	235 32
15	77	0.0	1	65 12
16	70	0.0	1	60 10
17	159	0.0	1	141 18
18	46	0.0	1	34 12
19	123	0.0	1	111 12
20	140	0.0	1	127 13
21	51	0.0	1	49 2
22	110	0.0	1	102 8
23	183	0.0	1	160 23
24	2472	0.0	1	2356 116
25	133	0.0	1	113 20
26	278	0.0	1	258 20
27	163	0.0	1	143 20
28	426	0.0	1	385 41
29	98	0.0	1	82 16
30	376	0.0	1	345 31
31	74	0.0	1	60 14
32	240	0.0	1	223 17
33	69	0.0	1	56 13
34	174	0.0	1	160 14
35	219	0.0	1	193 26
36	1354	0.0	1	1304 50
37	659	0.0	1	614 45
38	326	0.0	1	301 25
39	69	0.0	1	59 10
40	144	0.0	1	132 12
41	250	0.0	1	233 17
42	255	0.0	1	242 13
43	263	0.0	1	255 8
44	201	0.0	1	184 17
45	507	0.0	1	476 31
46	330	0.0	1	311 19
47	283	0.0	1	270 13
48	220	0.0	1	213 7
49	231	0.0	1	222 9
50	153	0.0	1	146 7
51	202	0.0	1	193 9
52	89	0.0	1	82 7
53	183	0.0	1	175 8
54	355	0.0	1	337 18
55	143	0.0	1	130 13
56	278	0.0	1	269 9
57	562	0.0	1	544 18
58	340	0.0	1	334 6
59	112	0.0	1	109 3
60	231	0.0	1	220 11
61	159	0.0	1	154 5
62	95	0.0	1	88 7
63	227	0.0	1	222 5
64	108	0.0	1	107 1
65	50	0.0	1	47 3
66	44	0.0	1	44
67	43	0.0	1	38 5
68	40	0.0	1	39 1
69	53	0.0	1	52 1
70	45	0.0	1	40 5
71	51	0.0	1	47 4
72	61	0.0	1	55 6
73	89	0.0	1	84 5
74	113	0.0	1	104 9
75	180	0.0	1	166 14
76	255	0.0	1	231 24
77	359	0.0	1	322 37
78	555	0.0	1	482 73
79	787	0.0	1	650 137
80	1256	0.0	1	1147 109
81	684	0.0	1	608 76
82	380	0.0	1	326 54
83	230	0.0	1	201 29
84	142	0.0	1	109 33
85	94	0.0	1	79 15
86	79	0.0	1	58 21
87	59	0.0	1	47 12
88	41	0.0	1	27 14
89	47	0.0	1	40 7
90	33	0.0	1	27 6
91	25	0.0	1	21 4
92	37	0.0	1	30 7
93	61	0.0	1	54 7
94	739	0.0	1	710 29
95	83	0.0	1	76 7
96	54	0.0	1	49 5
97	30	0.0	1	23 7
98	19	0.0	1	17 2
99	17	0.0	1	13 4
100	20	0.0	1	19 1
101	12	0.0	1	11 1
102	13	0.0	1	11 2
103	14	0.0	1	12 2
104	12	0.0	1	7 5
105	16	0.0	1	15 1
106	15	0.0	1	12 3
107	13	0.0	1	8 5
108	14	0.0	1	9 5
109	14	0.0	1	7 7
110	16	0.0	1	11 5
111	185	0.0	1	153 32
112	18	0.0	1	13 5
113	24	0.0	1	19 5
114	16	0.0	1	11 5
115	6	0.0	1	5 1
116	16	0.0	1	10 6
117	13	0.0	1	11 2
118	12	0.0	1	9 3
119	12	0.0	1	5 7
120	2	0.0	1	2
121	5	0.0	1	3 2
122	10	0.0	1	7 3
123	6	0.0	1	4 2
124	8	0.0	1	7 1
125	7	0.0	1	5 2
126	5	0.0	1	4 1
127	14	0.0	1	9 5
128	11	0.0	1	8 3
129	4	0.0	1	1 3
130	8	0.0	1	4 4
131	4	0.0	1	2 2
132	8	0.0	1	6 2
133	15	0.0	1	7 8
134	11	0.0	1	7 4
135	6	0.0	1	4 2
136	14	0.0	1	8 6
137	9	0.0	1	2 7
138	4	0.0	1	3 1
139	2	0.0	1	1 1
140	2	0.0	1	1 1
141	3	0.0	1	2 1
142	3	0.0	1	2 1
143	5	0.0	1	3 2
144	7	0.0	1	2 5
145	9	0.0	1	7 2
146	9	0.0	1	4 5
147	18	0.0	1	15 3
148	9	0.0	1	8 1
149	16	0.0	1	14 2
150	7	0.0	1	4 3
151	17	0.0	1	15 2
152	5	0.0	1	2 3
153	11	0.0	1	9 2
154	16	0.0	1	13 3
155	9	0.0	1	4 5
156	38	0.0	1	35 3
157	12	0.0	1	11 1
158	6	0.0	1	3 3
159	6	0.0	1	5 1
160	15	0.0	1	12 3
161	9	0.0	1	9
162	8	0.0	1	6 2
163	6	0.0	1	5 1
164	5	0.0	1	5
165	13	0.0	1	12 1
166	15	0.0	1	15
167	13	0.0	1	11 2
168	18	0.0	1	15 3
169	8	0.0	1	8
170	1	0.0	1	1
171	1	0.0	1	1
172	15	0.0	1	13 2
173	7	0.0	1	6 1
174	10	0.0	1	8 2
175	11	0.0	1	11
176	8	0.0	1	8
177	3	0.0	1	3
178	4	0.0	1	2 2
179	2	0.0	1	2
180	4	0.0	1	4
181	36	0.0	1	35 1
182	1	0.0	1	1
183	8	0.0	1	6 2
184	4	0.0	1	4
185	9	0.0	1	9
186	3	0.0	1	2 1
187	4	0.0	1	2 2
188	6	0.0	1	6
189	10	0.0	1	10
190	12	0.0	1	11 1
191	7	0.0	1	7
192	6	0.0	1	6
193	9	0.0	1	9
194	1	0.0	1	1
195	4	0.0	1	4
196	2	0.0	1	2
197	3	0.0	1	2 1
198	10	0.0	1	10
199	8	0.0	1	7 1
200	4	0.0	1	4
201	6	0.0	1	5 1
202	1	0.0	1	1
203	11	0.0	1	11
204	6	0.0	1	5 1
205	9	0.0	1	9
206	12	0.0	1	12
207	8	0.0	1	8
208	15	0.0	1	13 2
209	10	0.0	1	10
210	13	0.0	1	12 1
211	8	0.0	1	8
212	2	0.0	1	2
213	4	0.0	1	4
214	5	0.0	1	5
215	11	0.0	1	10 1
216	2	0.0	1	2
217	6	0.0	1	6
218	1	0.0	1	0 1
222	1	0.0	1	0 1
224	1	0.0	1	1
227	1	0.0	1	1
231	1	0.0	1	1
235	2	0.0	1	1 1
246	1	0.0	1	0 1
248	2	0.0	1	0 2
250	4	0.0	1	0 4
251	156	0.0	1	0 156

RUN STATISTICS FOR INPUT FILE: SC2188/host_removal/SC2188_R2.fastq.gz
=============================================
999050 sequences processed in total
The length threshold of paired-end sequences gets evaluated later on (in the validation step)

Validate paired-end files SC2188_R1_trimmed.fq.gz and SC2188_R2_trimmed.fq.gz
file_1: SC2188_R1_trimmed.fq.gz, file_2: SC2188_R2_trimmed.fq.gz


>>>>> Now validing the length of the 2 paired-end infiles: SC2188_R1_trimmed.fq.gz and SC2188_R2_trimmed.fq.gz <<<<<
Writing validated paired-end Read 1 reads to SC2188_R1_val_1.fq.gz
Writing validated paired-end Read 2 reads to SC2188_R2_val_2.fq.gz

Total number of sequences analysed: 999050

Number of sequence pairs removed because at least one read was shorter than the length cutoff (20 bp): 3241 (0.32%)


  >>> Now running FastQC on the validated data SC2188_R1_val_1.fq.gz<<<

Started analysis of SC2188_R1_val_1.fq.gz
Approx 5% complete for SC2188_R1_val_1.fq.gz
Approx 10% complete for SC2188_R1_val_1.fq.gz
Approx 15% complete for SC2188_R1_val_1.fq.gz
Approx 20% complete for SC2188_R1_val_1.fq.gz
Approx 25% complete for SC2188_R1_val_1.fq.gz
Approx 30% complete for SC2188_R1_val_1.fq.gz
Approx 35% complete for SC2188_R1_val_1.fq.gz
Approx 40% complete for SC2188_R1_val_1.fq.gz
Approx 45% complete for SC2188_R1_val_1.fq.gz
Approx 50% complete for SC2188_R1_val_1.fq.gz
Approx 55% complete for SC2188_R1_val_1.fq.gz
Approx 60% complete for SC2188_R1_val_1.fq.gz
Approx 65% complete for SC2188_R1_val_1.fq.gz
Approx 70% complete for SC2188_R1_val_1.fq.gz
Approx 75% complete for SC2188_R1_val_1.fq.gz
Approx 80% complete for SC2188_R1_val_1.fq.gz
Approx 85% complete for SC2188_R1_val_1.fq.gz
Approx 90% complete for SC2188_R1_val_1.fq.gz
Approx 95% complete for SC2188_R1_val_1.fq.gz

  >>> Now running FastQC on the validated data SC2188_R2_val_2.fq.gz<<<

Started analysis of SC2188_R2_val_2.fq.gz
Approx 5% complete for SC2188_R2_val_2.fq.gz
Approx 10% complete for SC2188_R2_val_2.fq.gz
Approx 15% complete for SC2188_R2_val_2.fq.gz
Approx 20% complete for SC2188_R2_val_2.fq.gz
Approx 25% complete for SC2188_R2_val_2.fq.gz
Approx 30% complete for SC2188_R2_val_2.fq.gz
Approx 35% complete for SC2188_R2_val_2.fq.gz
Approx 40% complete for SC2188_R2_val_2.fq.gz
Approx 45% complete for SC2188_R2_val_2.fq.gz
Approx 50% complete for SC2188_R2_val_2.fq.gz
Approx 55% complete for SC2188_R2_val_2.fq.gz
Approx 60% complete for SC2188_R2_val_2.fq.gz
Approx 65% complete for SC2188_R2_val_2.fq.gz
Approx 70% complete for SC2188_R2_val_2.fq.gz
Approx 75% complete for SC2188_R2_val_2.fq.gz
Approx 80% complete for SC2188_R2_val_2.fq.gz
Approx 85% complete for SC2188_R2_val_2.fq.gz
Approx 90% complete for SC2188_R2_val_2.fq.gz
Approx 95% complete for SC2188_R2_val_2.fq.gz
Deleting both intermediate output files SC2188_R1_trimmed.fq.gz and SC2188_R2_trimmed.fq.gz

====================================================================================================

