Aligning contigs to reference...
	Aligning contigs to the reference
Filtering alignments...
Parsing coords...
Loading reference...
	Loaded [MN908947.3]
	Total Regions: 1
	Total Region Length: 29903
Analyzing contigs...
CONTIG: SC2197 (29900bp)
Best alignment score: 10525.7 (LEN: 10532, IDY: 99.94), Total number of alignments: 7
			Looking for the best set of alignments (out of 7 total alignments)
			The best set is below. Score: 27911.5, number of alignments: 7, unaligned bases: 1940
		This contig is misassembled.
			Real Alignment 1: 326 10857 | 326 10857 | 10532 10532 | 99.94 | MN908947.3 SC2197
			  Incorrectly estimated size of scaffold gap between these two alignments: gap length difference = 0 (local)
			Real Alignment 2: 10999 15861 | 10999 15861 | 4863 4863 | 99.96 | MN908947.3 SC2197
			  Incorrectly estimated size of scaffold gap between these two alignments: gap length difference = 0 (local)
			Real Alignment 3: 16145 17738 | 16145 17738 | 1594 1594 | 99.87 | MN908947.3 SC2197
			  Incorrectly estimated size of scaffold gap between these two alignments: gap length difference = 0 (local)
			Real Alignment 4: 17994 20231 | 17994 20228 | 2238 2235 | 99.87 | MN908947.3 SC2197
			  Incorrectly estimated size of scaffold gap between these two alignments: gap length difference = 0 (local)
			Real Alignment 5: 20408 21427 | 20405 21424 | 1020 1020 | 100.0 | MN908947.3 SC2197
			  Incorrectly estimated size of scaffold gap between these two alignments: gap length difference = 0 (local)
			Real Alignment 6: 21683 22877 | 21680 22874 | 1195 1195 | 100.0 | MN908947.3 SC2197
			  Incorrectly estimated size of scaffold gap between these two alignments: gap length difference = 0 (local)
			Real Alignment 7: 23145 29665 | 23142 29662 | 6521 6521 | 99.92 | MN908947.3 SC2197

Analyzing coverage...
Writing SNPs into /workspace/home/nasirja/covid-19-signal/subset_viral_7_results_dir/SC2197/freebayes/quast/contigs_reports/minimap_output/SC2197-consensus.used_snps.gz

Analysis is finished!
Founded SNPs were written into /workspace/home/nasirja/covid-19-signal/subset_viral_7_results_dir/SC2197/freebayes/quast/contigs_reports/minimap_output/SC2197-consensus.used_snps.gz

Results:
	Local Misassemblies: 0
	Misassemblies: 0
		Relocations: 0
		Translocations: 0
		Inversions: 0
	Scaffold gap extensive misassemblies: 0
	Scaffold gap local misassemblies: 6
	Misassembled Contigs: 0
	Misassembled Contig Bases: 0
	Misassemblies Inter-Contig Overlap: 0
Unaligned Contigs: 0 + 0 part
Half Unaligned Contigs with Misassemblies: 0
Unaligned Contig Bases: 0

Ambiguously Mapped Contigs: 0
Total Bases in Ambiguously Mapped Contigs: 0
Extra Bases in Ambiguously Mapped Contigs: 0
Note that --allow-ambiguity option was set to "one" and only first alignment per each of these contigs was used.

	Covered Bases: 27963

	SNPs: 15
	Insertions: 0
	Deletions: 3

