[M::bwa_idx_load_from_disk] read 0 ALT contigs
[M::process] read 80862 sequences (20000170 bp)...
[M::process] read 80928 sequences (20000478 bp)...
[M::mem_pestat] # candidate unique pairs for (FF, FR, RF, RR): (1, 40200, 33, 4)
[M::mem_pestat] skip orientation FF as there are not enough pairs
[M::mem_pestat] analyzing insert size distribution for orientation FR...
[M::mem_pestat] (25, 50, 75) percentile: (380, 386, 395)
[M::mem_pestat] low and high boundaries for computing mean and std.dev: (350, 425)
[M::mem_pestat] mean and std.dev: (388.71, 10.37)
[M::mem_pestat] low and high boundaries for proper pairs: (335, 440)
[M::mem_pestat] analyzing insert size distribution for orientation RF...
[M::mem_pestat] (25, 50, 75) percentile: (750, 2109, 3615)
[M::mem_pestat] low and high boundaries for computing mean and std.dev: (1, 9345)
[M::mem_pestat] mean and std.dev: (2429.97, 2288.59)
[M::mem_pestat] low and high boundaries for proper pairs: (1, 12210)
[M::mem_pestat] skip orientation RR as there are not enough pairs
[M::mem_pestat] skip orientation RF
[M::mem_process_seqs] Processed 80862 reads in 5.421 CPU sec, 2.573 real sec
[M::mem_pestat] # candidate unique pairs for (FF, FR, RF, RR): (1, 40239, 32, 3)
[M::mem_pestat] skip orientation FF as there are not enough pairs
[M::mem_pestat] analyzing insert size distribution for orientation FR...
[M::mem_pestat] (25, 50, 75) percentile: (380, 385, 394)
[M::mem_pestat] low and high boundaries for computing mean and std.dev: (352, 422)
[M::mem_pestat] mean and std.dev: (388.14, 10.48)
[M::mem_pestat] low and high boundaries for proper pairs: (338, 436)
[M::mem_pestat] analyzing insert size distribution for orientation RF...
[M::mem_pestat] (25, 50, 75) percentile: (230, 1451, 2887)
[M::mem_pestat] low and high boundaries for computing mean and std.dev: (1, 8201)
[M::mem_pestat] mean and std.dev: (2017.69, 2216.64)
[M::mem_pestat] low and high boundaries for proper pairs: (1, 10884)
[M::mem_pestat] skip orientation RR as there are not enough pairs
[M::mem_pestat] skip orientation RF
[M::mem_process_seqs] Processed 80928 reads in 5.474 CPU sec, 2.662 real sec
[M::process] read 80878 sequences (20000476 bp)...
[M::mem_pestat] # candidate unique pairs for (FF, FR, RF, RR): (7, 40204, 37, 5)
[M::mem_pestat] skip orientation FF as there are not enough pairs
[M::mem_pestat] analyzing insert size distribution for orientation FR...
[M::mem_pestat] (25, 50, 75) percentile: (380, 386, 395)
[M::mem_pestat] low and high boundaries for computing mean and std.dev: (350, 425)
[M::mem_pestat] mean and std.dev: (388.61, 10.47)
[M::mem_pestat] low and high boundaries for proper pairs: (335, 440)
[M::mem_pestat] analyzing insert size distribution for orientation RF...
[M::mem_pestat] (25, 50, 75) percentile: (233, 610, 2699)
[M::mem_pestat] low and high boundaries for computing mean and std.dev: (1, 7631)
[M::mem_pestat] mean and std.dev: (1343.31, 1713.48)
[M::mem_pestat] low and high boundaries for proper pairs: (1, 10097)
[M::mem_pestat] skip orientation RR as there are not enough pairs
[M::mem_pestat] skip orientation RF
[M::mem_process_seqs] Processed 80878 reads in 5.533 CPU sec, 2.675 real sec
[M::process] read 80848 sequences (20000255 bp)...
[M::mem_pestat] # candidate unique pairs for (FF, FR, RF, RR): (2, 40213, 29, 6)
[M::mem_pestat] skip orientation FF as there are not enough pairs
[M::mem_pestat] analyzing insert size distribution for orientation FR...
[M::mem_pestat] (25, 50, 75) percentile: (380, 386, 394)
[M::mem_pestat] low and high boundaries for computing mean and std.dev: (352, 422)
[M::mem_pestat] mean and std.dev: (388.34, 10.42)
[M::mem_pestat] low and high boundaries for proper pairs: (338, 436)
[M::mem_pestat] analyzing insert size distribution for orientation RF...
[M::mem_pestat] (25, 50, 75) percentile: (230, 1214, 2753)
[M::mem_pestat] low and high boundaries for computing mean and std.dev: (1, 7799)
[M::mem_pestat] mean and std.dev: (1962.43, 2097.43)
[M::mem_pestat] low and high boundaries for proper pairs: (1, 10352)
[M::mem_pestat] skip orientation RR as there are not enough pairs
[M::mem_pestat] skip orientation RF
[M::mem_process_seqs] Processed 80848 reads in 5.288 CPU sec, 2.565 real sec
[M::process] read 80800 sequences (20000409 bp)...
[M::mem_pestat] # candidate unique pairs for (FF, FR, RF, RR): (4, 40161, 40, 7)
[M::mem_pestat] skip orientation FF as there are not enough pairs
[M::mem_pestat] analyzing insert size distribution for orientation FR...
[M::mem_pestat] (25, 50, 75) percentile: (380, 386, 395)
[M::mem_pestat] low and high boundaries for computing mean and std.dev: (350, 425)
[M::mem_pestat] mean and std.dev: (388.64, 10.44)
[M::mem_pestat] low and high boundaries for proper pairs: (335, 440)
[M::mem_pestat] analyzing insert size distribution for orientation RF...
[M::mem_pestat] (25, 50, 75) percentile: (225, 808, 2917)
[M::mem_pestat] low and high boundaries for computing mean and std.dev: (1, 8301)
[M::mem_pestat] mean and std.dev: (1358.13, 1646.39)
[M::mem_pestat] low and high boundaries for proper pairs: (1, 10993)
[M::mem_pestat] skip orientation RR as there are not enough pairs
[M::mem_pestat] skip orientation RF
[M::mem_process_seqs] Processed 80800 reads in 5.353 CPU sec, 2.586 real sec
[M::process] read 80730 sequences (20000119 bp)...
[M::mem_pestat] # candidate unique pairs for (FF, FR, RF, RR): (1, 40140, 27, 5)
[M::mem_pestat] skip orientation FF as there are not enough pairs
[M::mem_pestat] analyzing insert size distribution for orientation FR...
[M::mem_pestat] (25, 50, 75) percentile: (380, 386, 395)
[M::mem_pestat] low and high boundaries for computing mean and std.dev: (350, 425)
[M::mem_pestat] mean and std.dev: (388.54, 10.55)
[M::mem_pestat] low and high boundaries for proper pairs: (335, 440)
[M::mem_pestat] analyzing insert size distribution for orientation RF...
[M::mem_pestat] (25, 50, 75) percentile: (244, 1666, 2823)
[M::mem_pestat] low and high boundaries for computing mean and std.dev: (1, 7981)
[M::mem_pestat] mean and std.dev: (1769.65, 1666.94)
[M::mem_pestat] low and high boundaries for proper pairs: (1, 10560)
[M::mem_pestat] skip orientation RR as there are not enough pairs
[M::mem_pestat] skip orientation RF
[M::mem_process_seqs] Processed 80730 reads in 5.216 CPU sec, 2.530 real sec
[M::process] read 80736 sequences (20000011 bp)...
[M::mem_pestat] # candidate unique pairs for (FF, FR, RF, RR): (4, 40112, 39, 7)
[M::mem_pestat] skip orientation FF as there are not enough pairs
[M::mem_pestat] analyzing insert size distribution for orientation FR...
[M::mem_pestat] (25, 50, 75) percentile: (380, 386, 394)
[M::mem_pestat] low and high boundaries for computing mean and std.dev: (352, 422)
[M::mem_pestat] mean and std.dev: (388.05, 10.55)
[M::mem_pestat] low and high boundaries for proper pairs: (338, 436)
[M::mem_pestat] analyzing insert size distribution for orientation RF...
[M::mem_pestat] (25, 50, 75) percentile: (235, 769, 2699)
[M::mem_pestat] low and high boundaries for computing mean and std.dev: (1, 7627)
[M::mem_pestat] mean and std.dev: (1478.00, 1761.39)
[M::mem_pestat] low and high boundaries for proper pairs: (1, 10091)
[M::mem_pestat] skip orientation RR as there are not enough pairs
[M::mem_pestat] skip orientation RF
[M::mem_process_seqs] Processed 80736 reads in 6.137 CPU sec, 2.858 real sec
[M::process] read 80716 sequences (20000320 bp)...
[M::mem_pestat] # candidate unique pairs for (FF, FR, RF, RR): (4, 40121, 28, 3)
[M::mem_pestat] skip orientation FF as there are not enough pairs
[M::mem_pestat] analyzing insert size distribution for orientation FR...
[M::mem_pestat] (25, 50, 75) percentile: (380, 386, 395)
[M::mem_pestat] low and high boundaries for computing mean and std.dev: (350, 425)
[M::mem_pestat] mean and std.dev: (388.54, 10.39)
[M::mem_pestat] low and high boundaries for proper pairs: (335, 440)
[M::mem_pestat] analyzing insert size distribution for orientation RF...
[M::mem_pestat] (25, 50, 75) percentile: (421, 1569, 2701)
[M::mem_pestat] low and high boundaries for computing mean and std.dev: (1, 7261)
[M::mem_pestat] mean and std.dev: (1749.15, 1745.34)
[M::mem_pestat] low and high boundaries for proper pairs: (1, 9541)
[M::mem_pestat] skip orientation RR as there are not enough pairs
[M::mem_pestat] skip orientation RF
[M::mem_process_seqs] Processed 80716 reads in 5.600 CPU sec, 2.697 real sec
[M::process] read 80884 sequences (20000337 bp)...
[M::mem_pestat] # candidate unique pairs for (FF, FR, RF, RR): (4, 40213, 29, 6)
[M::mem_pestat] skip orientation FF as there are not enough pairs
[M::mem_pestat] analyzing insert size distribution for orientation FR...
[M::mem_pestat] (25, 50, 75) percentile: (380, 386, 395)
[M::mem_pestat] low and high boundaries for computing mean and std.dev: (350, 425)
[M::mem_pestat] mean and std.dev: (388.29, 10.61)
[M::mem_pestat] low and high boundaries for proper pairs: (335, 440)
[M::mem_pestat] analyzing insert size distribution for orientation RF...
[M::mem_pestat] (25, 50, 75) percentile: (264, 1410, 6344)
[M::mem_pestat] low and high boundaries for computing mean and std.dev: (1, 18504)
[M::mem_pestat] mean and std.dev: (2694.97, 2820.31)
[M::mem_pestat] low and high boundaries for proper pairs: (1, 24584)
[M::mem_pestat] skip orientation RR as there are not enough pairs
[M::mem_pestat] skip orientation RF
[M::mem_process_seqs] Processed 80884 reads in 5.596 CPU sec, 2.671 real sec
[M::process] read 80876 sequences (20000253 bp)...
[M::mem_pestat] # candidate unique pairs for (FF, FR, RF, RR): (1, 40210, 32, 3)
[M::mem_pestat] skip orientation FF as there are not enough pairs
[M::mem_pestat] analyzing insert size distribution for orientation FR...
[M::mem_pestat] (25, 50, 75) percentile: (380, 386, 395)
[M::mem_pestat] low and high boundaries for computing mean and std.dev: (350, 425)
[M::mem_pestat] mean and std.dev: (388.53, 10.44)
[M::mem_pestat] low and high boundaries for proper pairs: (335, 440)
[M::mem_pestat] analyzing insert size distribution for orientation RF...
[M::mem_pestat] (25, 50, 75) percentile: (244, 760, 2861)
[M::mem_pestat] low and high boundaries for computing mean and std.dev: (1, 8095)
[M::mem_pestat] mean and std.dev: (1840.56, 2268.77)
[M::mem_pestat] low and high boundaries for proper pairs: (1, 10916)
[M::mem_pestat] skip orientation RR as there are not enough pairs
[M::mem_pestat] skip orientation RF
[M::mem_process_seqs] Processed 80876 reads in 5.224 CPU sec, 2.513 real sec
[M::process] read 80928 sequences (20000476 bp)...
[M::mem_pestat] # candidate unique pairs for (FF, FR, RF, RR): (2, 40221, 28, 4)
[M::mem_pestat] skip orientation FF as there are not enough pairs
[M::mem_pestat] analyzing insert size distribution for orientation FR...
[M::mem_pestat] (25, 50, 75) percentile: (380, 386, 394)
[M::mem_pestat] low and high boundaries for computing mean and std.dev: (352, 422)
[M::mem_pestat] mean and std.dev: (388.17, 10.51)
[M::mem_pestat] low and high boundaries for proper pairs: (338, 436)
[M::mem_pestat] analyzing insert size distribution for orientation RF...
[M::mem_pestat] (25, 50, 75) percentile: (336, 1598, 2699)
[M::mem_pestat] low and high boundaries for computing mean and std.dev: (1, 7425)
[M::mem_pestat] mean and std.dev: (1477.96, 1202.23)
[M::mem_pestat] low and high boundaries for proper pairs: (1, 9788)
[M::mem_pestat] skip orientation RR as there are not enough pairs
[M::mem_pestat] skip orientation RF
[M::mem_process_seqs] Processed 80928 reads in 5.422 CPU sec, 2.608 real sec
[M::process] read 80816 sequences (20000288 bp)...
[M::mem_pestat] # candidate unique pairs for (FF, FR, RF, RR): (8, 40188, 34, 4)
[M::mem_pestat] skip orientation FF as there are not enough pairs
[M::mem_pestat] analyzing insert size distribution for orientation FR...
[M::mem_pestat] (25, 50, 75) percentile: (380, 386, 395)
[M::mem_pestat] low and high boundaries for computing mean and std.dev: (350, 425)
[M::mem_pestat] mean and std.dev: (388.58, 10.40)
[M::mem_pestat] low and high boundaries for proper pairs: (335, 440)
[M::mem_pestat] analyzing insert size distribution for orientation RF...
[M::mem_pestat] (25, 50, 75) percentile: (229, 887, 2379)
[M::mem_pestat] low and high boundaries for computing mean and std.dev: (1, 6679)
[M::mem_pestat] mean and std.dev: (1218.85, 1165.95)
[M::mem_pestat] low and high boundaries for proper pairs: (1, 8829)
[M::mem_pestat] skip orientation RR as there are not enough pairs
[M::mem_pestat] skip orientation RF
[M::mem_process_seqs] Processed 80816 reads in 5.057 CPU sec, 2.434 real sec
[M::process] read 80890 sequences (20000062 bp)...
[M::mem_pestat] # candidate unique pairs for (FF, FR, RF, RR): (1, 40217, 41, 5)
[M::mem_pestat] skip orientation FF as there are not enough pairs
[M::mem_pestat] analyzing insert size distribution for orientation FR...
[M::mem_pestat] (25, 50, 75) percentile: (380, 386, 394)
[M::mem_pestat] low and high boundaries for computing mean and std.dev: (352, 422)
[M::mem_pestat] mean and std.dev: (388.33, 10.41)
[M::mem_pestat] low and high boundaries for proper pairs: (338, 436)
[M::mem_pestat] analyzing insert size distribution for orientation RF...
[M::mem_pestat] (25, 50, 75) percentile: (249, 911, 2701)
[M::mem_pestat] low and high boundaries for computing mean and std.dev: (1, 7605)
[M::mem_pestat] mean and std.dev: (1702.87, 1694.08)
[M::mem_pestat] low and high boundaries for proper pairs: (1, 10057)
[M::mem_pestat] skip orientation RR as there are not enough pairs
[M::mem_pestat] skip orientation RF
[M::mem_process_seqs] Processed 80890 reads in 5.583 CPU sec, 2.692 real sec
[M::process] read 80784 sequences (20000214 bp)...
[M::mem_pestat] # candidate unique pairs for (FF, FR, RF, RR): (6, 40148, 44, 7)
[M::mem_pestat] skip orientation FF as there are not enough pairs
[M::mem_pestat] analyzing insert size distribution for orientation FR...
[M::mem_pestat] (25, 50, 75) percentile: (380, 386, 395)
[M::mem_pestat] low and high boundaries for computing mean and std.dev: (350, 425)
[M::mem_pestat] mean and std.dev: (388.60, 10.48)
[M::mem_pestat] low and high boundaries for proper pairs: (335, 440)
[M::mem_pestat] analyzing insert size distribution for orientation RF...
[M::mem_pestat] (25, 50, 75) percentile: (225, 1347, 2699)
[M::mem_pestat] low and high boundaries for computing mean and std.dev: (1, 7647)
[M::mem_pestat] mean and std.dev: (1396.02, 1244.74)
[M::mem_pestat] low and high boundaries for proper pairs: (1, 10121)
[M::mem_pestat] skip orientation RR as there are not enough pairs
[M::mem_pestat] skip orientation RF
[M::mem_process_seqs] Processed 80784 reads in 5.527 CPU sec, 2.664 real sec
[M::process] read 80838 sequences (20000331 bp)...
[M::mem_pestat] # candidate unique pairs for (FF, FR, RF, RR): (3, 40209, 35, 6)
[M::mem_pestat] skip orientation FF as there are not enough pairs
[M::mem_pestat] analyzing insert size distribution for orientation FR...
[M::mem_pestat] (25, 50, 75) percentile: (380, 386, 395)
[M::mem_pestat] low and high boundaries for computing mean and std.dev: (350, 425)
[M::mem_pestat] mean and std.dev: (388.36, 10.54)
[M::mem_pestat] low and high boundaries for proper pairs: (335, 440)
[M::mem_pestat] analyzing insert size distribution for orientation RF...
[M::mem_pestat] (25, 50, 75) percentile: (338, 983, 3005)
[M::mem_pestat] low and high boundaries for computing mean and std.dev: (1, 8339)
[M::mem_pestat] mean and std.dev: (2091.97, 2140.81)
[M::mem_pestat] low and high boundaries for proper pairs: (1, 11006)
[M::mem_pestat] skip orientation RR as there are not enough pairs
[M::mem_pestat] skip orientation RF
[M::mem_process_seqs] Processed 80838 reads in 5.396 CPU sec, 2.594 real sec
[M::process] read 80680 sequences (20000126 bp)...
[M::mem_pestat] # candidate unique pairs for (FF, FR, RF, RR): (4, 40117, 36, 3)
[M::mem_pestat] skip orientation FF as there are not enough pairs
[M::mem_pestat] analyzing insert size distribution for orientation FR...
[M::mem_pestat] (25, 50, 75) percentile: (380, 386, 395)
[M::mem_pestat] low and high boundaries for computing mean and std.dev: (350, 425)
[M::mem_pestat] mean and std.dev: (388.66, 10.42)
[M::mem_pestat] low and high boundaries for proper pairs: (335, 440)
[M::mem_pestat] analyzing insert size distribution for orientation RF...
[M::mem_pestat] (25, 50, 75) percentile: (209, 825, 2557)
[M::mem_pestat] low and high boundaries for computing mean and std.dev: (1, 7253)
[M::mem_pestat] mean and std.dev: (1270.37, 1320.02)
[M::mem_pestat] low and high boundaries for proper pairs: (1, 9601)
[M::mem_pestat] skip orientation RR as there are not enough pairs
[M::mem_pestat] skip orientation RF
[M::mem_process_seqs] Processed 80680 reads in 5.218 CPU sec, 2.493 real sec
[M::process] read 80736 sequences (20000496 bp)...
[M::mem_pestat] # candidate unique pairs for (FF, FR, RF, RR): (4, 40161, 28, 4)
[M::mem_pestat] skip orientation FF as there are not enough pairs
[M::mem_pestat] analyzing insert size distribution for orientation FR...
[M::mem_pestat] (25, 50, 75) percentile: (380, 386, 395)
[M::mem_pestat] low and high boundaries for computing mean and std.dev: (350, 425)
[M::mem_pestat] mean and std.dev: (388.36, 10.47)
[M::mem_pestat] low and high boundaries for proper pairs: (335, 440)
[M::mem_pestat] analyzing insert size distribution for orientation RF...
[M::mem_pestat] (25, 50, 75) percentile: (215, 797, 2861)
[M::mem_pestat] low and high boundaries for computing mean and std.dev: (1, 8153)
[M::mem_pestat] mean and std.dev: (1771.11, 1987.35)
[M::mem_pestat] low and high boundaries for proper pairs: (1, 10799)
[M::mem_pestat] skip orientation RR as there are not enough pairs
[M::mem_pestat] skip orientation RF
[M::mem_process_seqs] Processed 80736 reads in 5.716 CPU sec, 2.747 real sec
[M::process] read 16476 sequences (4078383 bp)...
[M::mem_pestat] # candidate unique pairs for (FF, FR, RF, RR): (1, 8191, 4, 3)
[M::mem_pestat] skip orientation FF as there are not enough pairs
[M::mem_pestat] analyzing insert size distribution for orientation FR...
[M::mem_pestat] (25, 50, 75) percentile: (380, 385, 394)
[M::mem_pestat] low and high boundaries for computing mean and std.dev: (352, 422)
[M::mem_pestat] mean and std.dev: (388.07, 10.55)
[M::mem_pestat] low and high boundaries for proper pairs: (338, 436)
[M::mem_pestat] skip orientation RF as there are not enough pairs
[M::mem_pestat] skip orientation RR as there are not enough pairs
[M::mem_process_seqs] Processed 16476 reads in 1.272 CPU sec, 0.619 real sec
[main] Version: 0.7.17-r1188
[main] CMD: bwa mem -t 2 SC2247/core/viral_reference SC2247/adapter_trimmed/SC2247_R1_val_1_posttrim_filter.fq.gz SC2247/adapter_trimmed/SC2247_R2_val_2_posttrim_filter.fq.gz
[main] Real time: 54.315 sec; CPU: 98.908 sec
[bam_sort_core] merging from 0 files and 2 in-memory blocks...
