[M::bwa_idx_load_from_disk] read 0 ALT contigs
[M::process] read 80888 sequences (20000373 bp)...
[M::process] read 81016 sequences (20000217 bp)...
[M::mem_pestat] # candidate unique pairs for (FF, FR, RF, RR): (7, 40056, 31, 5)
[M::mem_pestat] skip orientation FF as there are not enough pairs
[M::mem_pestat] analyzing insert size distribution for orientation FR...
[M::mem_pestat] (25, 50, 75) percentile: (380, 386, 394)
[M::mem_pestat] low and high boundaries for computing mean and std.dev: (352, 422)
[M::mem_pestat] mean and std.dev: (388.66, 10.78)
[M::mem_pestat] low and high boundaries for proper pairs: (338, 436)
[M::mem_pestat] analyzing insert size distribution for orientation RF...
[M::mem_pestat] (25, 50, 75) percentile: (223, 609, 1805)
[M::mem_pestat] low and high boundaries for computing mean and std.dev: (1, 4969)
[M::mem_pestat] mean and std.dev: (931.96, 1040.03)
[M::mem_pestat] low and high boundaries for proper pairs: (1, 6551)
[M::mem_pestat] skip orientation RR as there are not enough pairs
[M::mem_pestat] skip orientation RF
[M::mem_process_seqs] Processed 80888 reads in 5.232 CPU sec, 2.482 real sec
[M::mem_pestat] # candidate unique pairs for (FF, FR, RF, RR): (2, 40088, 36, 11)
[M::mem_pestat] skip orientation FF as there are not enough pairs
[M::mem_pestat] analyzing insert size distribution for orientation FR...
[M::mem_pestat] (25, 50, 75) percentile: (380, 385, 394)
[M::mem_pestat] low and high boundaries for computing mean and std.dev: (352, 422)
[M::mem_pestat] mean and std.dev: (388.23, 10.85)
[M::mem_pestat] low and high boundaries for proper pairs: (338, 436)
[M::mem_pestat] analyzing insert size distribution for orientation RF...
[M::mem_pestat] (25, 50, 75) percentile: (363, 848, 2088)
[M::mem_pestat] low and high boundaries for computing mean and std.dev: (1, 5538)
[M::mem_pestat] mean and std.dev: (1107.35, 1029.04)
[M::mem_pestat] low and high boundaries for proper pairs: (1, 7263)
[M::mem_pestat] analyzing insert size distribution for orientation RR...
[M::mem_pestat] (25, 50, 75) percentile: (618, 2057, 2057)
[M::mem_pestat] low and high boundaries for computing mean and std.dev: (1, 4935)
[M::mem_pestat] mean and std.dev: (1272.10, 794.56)
[M::mem_pestat] low and high boundaries for proper pairs: (1, 6374)
[M::mem_pestat] skip orientation RF
[M::mem_pestat] skip orientation RR
[M::mem_process_seqs] Processed 81016 reads in 5.697 CPU sec, 2.760 real sec
[M::process] read 80968 sequences (20000205 bp)...
[M::mem_pestat] # candidate unique pairs for (FF, FR, RF, RR): (7, 40072, 33, 14)
[M::mem_pestat] skip orientation FF as there are not enough pairs
[M::mem_pestat] analyzing insert size distribution for orientation FR...
[M::mem_pestat] (25, 50, 75) percentile: (380, 385, 394)
[M::mem_pestat] low and high boundaries for computing mean and std.dev: (352, 422)
[M::mem_pestat] mean and std.dev: (388.62, 10.87)
[M::mem_pestat] low and high boundaries for proper pairs: (338, 436)
[M::mem_pestat] analyzing insert size distribution for orientation RF...
[M::mem_pestat] (25, 50, 75) percentile: (225, 805, 1665)
[M::mem_pestat] low and high boundaries for computing mean and std.dev: (1, 4545)
[M::mem_pestat] mean and std.dev: (817.90, 819.57)
[M::mem_pestat] low and high boundaries for proper pairs: (1, 5985)
[M::mem_pestat] analyzing insert size distribution for orientation RR...
[M::mem_pestat] (25, 50, 75) percentile: (861, 1508, 2057)
[M::mem_pestat] low and high boundaries for computing mean and std.dev: (1, 4449)
[M::mem_pestat] mean and std.dev: (1274.75, 702.78)
[M::mem_pestat] low and high boundaries for proper pairs: (1, 5645)
[M::mem_pestat] skip orientation RF
[M::mem_pestat] skip orientation RR
[M::mem_process_seqs] Processed 80968 reads in 5.397 CPU sec, 2.625 real sec
[M::process] read 80980 sequences (20000483 bp)...
[M::mem_pestat] # candidate unique pairs for (FF, FR, RF, RR): (13, 40053, 34, 10)
[M::mem_pestat] analyzing insert size distribution for orientation FF...
[M::mem_pestat] (25, 50, 75) percentile: (883, 1472, 4840)
[M::mem_pestat] low and high boundaries for computing mean and std.dev: (1, 12754)
[M::mem_pestat] mean and std.dev: (2779.38, 3031.71)
[M::mem_pestat] low and high boundaries for proper pairs: (1, 16711)
[M::mem_pestat] analyzing insert size distribution for orientation FR...
[M::mem_pestat] (25, 50, 75) percentile: (380, 385, 394)
[M::mem_pestat] low and high boundaries for computing mean and std.dev: (352, 422)
[M::mem_pestat] mean and std.dev: (388.53, 10.78)
[M::mem_pestat] low and high boundaries for proper pairs: (338, 436)
[M::mem_pestat] analyzing insert size distribution for orientation RF...
[M::mem_pestat] (25, 50, 75) percentile: (249, 610, 1805)
[M::mem_pestat] low and high boundaries for computing mean and std.dev: (1, 4917)
[M::mem_pestat] mean and std.dev: (800.07, 726.36)
[M::mem_pestat] low and high boundaries for proper pairs: (1, 6473)
[M::mem_pestat] analyzing insert size distribution for orientation RR...
[M::mem_pestat] (25, 50, 75) percentile: (1590, 1658, 2150)
[M::mem_pestat] low and high boundaries for computing mean and std.dev: (470, 3270)
[M::mem_pestat] mean and std.dev: (1560.62, 446.34)
[M::mem_pestat] low and high boundaries for proper pairs: (1, 3830)
[M::mem_pestat] skip orientation FF
[M::mem_pestat] skip orientation RF
[M::mem_pestat] skip orientation RR
[M::mem_process_seqs] Processed 80980 reads in 5.606 CPU sec, 2.720 real sec
[M::process] read 80928 sequences (20000141 bp)...
[M::mem_pestat] # candidate unique pairs for (FF, FR, RF, RR): (7, 40049, 29, 8)
[M::mem_pestat] skip orientation FF as there are not enough pairs
[M::mem_pestat] analyzing insert size distribution for orientation FR...
[M::mem_pestat] (25, 50, 75) percentile: (380, 385, 394)
[M::mem_pestat] low and high boundaries for computing mean and std.dev: (352, 422)
[M::mem_pestat] mean and std.dev: (388.43, 10.82)
[M::mem_pestat] low and high boundaries for proper pairs: (338, 436)
[M::mem_pestat] analyzing insert size distribution for orientation RF...
[M::mem_pestat] (25, 50, 75) percentile: (235, 814, 1699)
[M::mem_pestat] low and high boundaries for computing mean and std.dev: (1, 4627)
[M::mem_pestat] mean and std.dev: (869.88, 786.51)
[M::mem_pestat] low and high boundaries for proper pairs: (1, 6091)
[M::mem_pestat] skip orientation RR as there are not enough pairs
[M::mem_pestat] skip orientation RF
[M::mem_process_seqs] Processed 80928 reads in 5.893 CPU sec, 2.892 real sec
[M::process] read 80848 sequences (20000438 bp)...
[M::mem_pestat] # candidate unique pairs for (FF, FR, RF, RR): (7, 40026, 34, 14)
[M::mem_pestat] skip orientation FF as there are not enough pairs
[M::mem_pestat] analyzing insert size distribution for orientation FR...
[M::mem_pestat] (25, 50, 75) percentile: (380, 385, 394)
[M::mem_pestat] low and high boundaries for computing mean and std.dev: (352, 422)
[M::mem_pestat] mean and std.dev: (388.59, 10.82)
[M::mem_pestat] low and high boundaries for proper pairs: (338, 436)
[M::mem_pestat] analyzing insert size distribution for orientation RF...
[M::mem_pestat] (25, 50, 75) percentile: (224, 814, 1718)
[M::mem_pestat] low and high boundaries for computing mean and std.dev: (1, 4706)
[M::mem_pestat] mean and std.dev: (956.34, 942.93)
[M::mem_pestat] low and high boundaries for proper pairs: (1, 6200)
[M::mem_pestat] analyzing insert size distribution for orientation RR...
[M::mem_pestat] (25, 50, 75) percentile: (1223, 4119, 5862)
[M::mem_pestat] low and high boundaries for computing mean and std.dev: (1, 15140)
[M::mem_pestat] mean and std.dev: (3736.00, 2629.71)
[M::mem_pestat] low and high boundaries for proper pairs: (1, 19779)
[M::mem_pestat] skip orientation RF
[M::mem_pestat] skip orientation RR
[M::mem_process_seqs] Processed 80848 reads in 5.861 CPU sec, 2.855 real sec
[M::process] read 80882 sequences (20000233 bp)...
[M::mem_pestat] # candidate unique pairs for (FF, FR, RF, RR): (8, 40007, 33, 7)
[M::mem_pestat] skip orientation FF as there are not enough pairs
[M::mem_pestat] analyzing insert size distribution for orientation FR...
[M::mem_pestat] (25, 50, 75) percentile: (379, 385, 394)
[M::mem_pestat] low and high boundaries for computing mean and std.dev: (349, 424)
[M::mem_pestat] mean and std.dev: (388.07, 11.09)
[M::mem_pestat] low and high boundaries for proper pairs: (334, 439)
[M::mem_pestat] analyzing insert size distribution for orientation RF...
[M::mem_pestat] (25, 50, 75) percentile: (231, 456, 2699)
[M::mem_pestat] low and high boundaries for computing mean and std.dev: (1, 7635)
[M::mem_pestat] mean and std.dev: (1495.71, 1969.22)
[M::mem_pestat] low and high boundaries for proper pairs: (1, 10103)
[M::mem_pestat] skip orientation RR as there are not enough pairs
[M::mem_pestat] skip orientation RF
[M::mem_process_seqs] Processed 80882 reads in 6.341 CPU sec, 3.060 real sec
[M::process] read 80826 sequences (20000329 bp)...
[M::mem_pestat] # candidate unique pairs for (FF, FR, RF, RR): (6, 39994, 30, 8)
[M::mem_pestat] skip orientation FF as there are not enough pairs
[M::mem_pestat] analyzing insert size distribution for orientation FR...
[M::mem_pestat] (25, 50, 75) percentile: (380, 385, 394)
[M::mem_pestat] low and high boundaries for computing mean and std.dev: (352, 422)
[M::mem_pestat] mean and std.dev: (388.58, 10.87)
[M::mem_pestat] low and high boundaries for proper pairs: (338, 436)
[M::mem_pestat] analyzing insert size distribution for orientation RF...
[M::mem_pestat] (25, 50, 75) percentile: (233, 873, 2699)
[M::mem_pestat] low and high boundaries for computing mean and std.dev: (1, 7631)
[M::mem_pestat] mean and std.dev: (1410.04, 1491.52)
[M::mem_pestat] low and high boundaries for proper pairs: (1, 10097)
[M::mem_pestat] skip orientation RR as there are not enough pairs
[M::mem_pestat] skip orientation RF
[M::mem_process_seqs] Processed 80826 reads in 6.100 CPU sec, 2.990 real sec
[M::process] read 80868 sequences (20000173 bp)...
[M::mem_pestat] # candidate unique pairs for (FF, FR, RF, RR): (6, 40033, 33, 14)
[M::mem_pestat] skip orientation FF as there are not enough pairs
[M::mem_pestat] analyzing insert size distribution for orientation FR...
[M::mem_pestat] (25, 50, 75) percentile: (380, 385, 393)
[M::mem_pestat] low and high boundaries for computing mean and std.dev: (354, 419)
[M::mem_pestat] mean and std.dev: (388.29, 10.81)
[M::mem_pestat] low and high boundaries for proper pairs: (341, 432)
[M::mem_pestat] analyzing insert size distribution for orientation RF...
[M::mem_pestat] (25, 50, 75) percentile: (223, 249, 1665)
[M::mem_pestat] low and high boundaries for computing mean and std.dev: (1, 4549)
[M::mem_pestat] mean and std.dev: (765.52, 876.71)
[M::mem_pestat] low and high boundaries for proper pairs: (1, 5991)
[M::mem_pestat] analyzing insert size distribution for orientation RR...
[M::mem_pestat] (25, 50, 75) percentile: (1835, 3350, 5189)
[M::mem_pestat] low and high boundaries for computing mean and std.dev: (1, 11897)
[M::mem_pestat] mean and std.dev: (3390.79, 2326.28)
[M::mem_pestat] low and high boundaries for proper pairs: (1, 15251)
[M::mem_pestat] skip orientation RF
[M::mem_pestat] skip orientation RR
[M::mem_process_seqs] Processed 80868 reads in 6.187 CPU sec, 2.954 real sec
[M::process] read 80952 sequences (20000430 bp)...
[M::mem_pestat] # candidate unique pairs for (FF, FR, RF, RR): (9, 40077, 42, 5)
[M::mem_pestat] skip orientation FF as there are not enough pairs
[M::mem_pestat] analyzing insert size distribution for orientation FR...
[M::mem_pestat] (25, 50, 75) percentile: (380, 385, 394)
[M::mem_pestat] low and high boundaries for computing mean and std.dev: (352, 422)
[M::mem_pestat] mean and std.dev: (388.65, 10.77)
[M::mem_pestat] low and high boundaries for proper pairs: (338, 436)
[M::mem_pestat] analyzing insert size distribution for orientation RF...
[M::mem_pestat] (25, 50, 75) percentile: (225, 610, 2140)
[M::mem_pestat] low and high boundaries for computing mean and std.dev: (1, 5970)
[M::mem_pestat] mean and std.dev: (975.61, 1322.23)
[M::mem_pestat] low and high boundaries for proper pairs: (1, 7885)
[M::mem_pestat] skip orientation RR as there are not enough pairs
[M::mem_pestat] skip orientation RF
[M::mem_process_seqs] Processed 80952 reads in 5.641 CPU sec, 2.757 real sec
[M::process] read 81028 sequences (20000148 bp)...
[M::mem_pestat] # candidate unique pairs for (FF, FR, RF, RR): (3, 40087, 36, 11)
[M::mem_pestat] skip orientation FF as there are not enough pairs
[M::mem_pestat] analyzing insert size distribution for orientation FR...
[M::mem_pestat] (25, 50, 75) percentile: (379, 385, 393)
[M::mem_pestat] low and high boundaries for computing mean and std.dev: (351, 421)
[M::mem_pestat] mean and std.dev: (387.97, 10.88)
[M::mem_pestat] low and high boundaries for proper pairs: (337, 435)
[M::mem_pestat] analyzing insert size distribution for orientation RF...
[M::mem_pestat] (25, 50, 75) percentile: (226, 830, 3022)
[M::mem_pestat] low and high boundaries for computing mean and std.dev: (1, 8614)
[M::mem_pestat] mean and std.dev: (1689.00, 1915.03)
[M::mem_pestat] low and high boundaries for proper pairs: (1, 11410)
[M::mem_pestat] analyzing insert size distribution for orientation RR...
[M::mem_pestat] (25, 50, 75) percentile: (843, 2011, 2473)
[M::mem_pestat] low and high boundaries for computing mean and std.dev: (1, 5733)
[M::mem_pestat] mean and std.dev: (1398.00, 785.71)
[M::mem_pestat] low and high boundaries for proper pairs: (1, 7363)
[M::mem_pestat] skip orientation RF
[M::mem_pestat] skip orientation RR
[M::mem_process_seqs] Processed 81028 reads in 5.675 CPU sec, 2.781 real sec
[M::process] read 80892 sequences (20000178 bp)...
[M::mem_pestat] # candidate unique pairs for (FF, FR, RF, RR): (6, 40065, 31, 5)
[M::mem_pestat] skip orientation FF as there are not enough pairs
[M::mem_pestat] analyzing insert size distribution for orientation FR...
[M::mem_pestat] (25, 50, 75) percentile: (380, 385, 394)
[M::mem_pestat] low and high boundaries for computing mean and std.dev: (352, 422)
[M::mem_pestat] mean and std.dev: (388.70, 10.80)
[M::mem_pestat] low and high boundaries for proper pairs: (338, 436)
[M::mem_pestat] analyzing insert size distribution for orientation RF...
[M::mem_pestat] (25, 50, 75) percentile: (245, 931, 2088)
[M::mem_pestat] low and high boundaries for computing mean and std.dev: (1, 5774)
[M::mem_pestat] mean and std.dev: (1234.63, 1190.97)
[M::mem_pestat] low and high boundaries for proper pairs: (1, 7617)
[M::mem_pestat] skip orientation RR as there are not enough pairs
[M::mem_pestat] skip orientation RF
[M::mem_process_seqs] Processed 80892 reads in 5.335 CPU sec, 2.583 real sec
[M::process] read 80964 sequences (20000232 bp)...
[M::mem_pestat] # candidate unique pairs for (FF, FR, RF, RR): (11, 40085, 31, 9)
[M::mem_pestat] analyzing insert size distribution for orientation FF...
[M::mem_pestat] (25, 50, 75) percentile: (1243, 1551, 2475)
[M::mem_pestat] low and high boundaries for computing mean and std.dev: (1, 4939)
[M::mem_pestat] mean and std.dev: (1526.80, 803.40)
[M::mem_pestat] low and high boundaries for proper pairs: (1, 6171)
[M::mem_pestat] analyzing insert size distribution for orientation FR...
[M::mem_pestat] (25, 50, 75) percentile: (380, 385, 394)
[M::mem_pestat] low and high boundaries for computing mean and std.dev: (352, 422)
[M::mem_pestat] mean and std.dev: (388.39, 10.83)
[M::mem_pestat] low and high boundaries for proper pairs: (338, 436)
[M::mem_pestat] analyzing insert size distribution for orientation RF...
[M::mem_pestat] (25, 50, 75) percentile: (236, 959, 2752)
[M::mem_pestat] low and high boundaries for computing mean and std.dev: (1, 7784)
[M::mem_pestat] mean and std.dev: (2068.10, 2373.29)
[M::mem_pestat] low and high boundaries for proper pairs: (1, 11561)
[M::mem_pestat] skip orientation RR as there are not enough pairs
[M::mem_pestat] skip orientation FF
[M::mem_pestat] skip orientation RF
[M::mem_process_seqs] Processed 80964 reads in 5.253 CPU sec, 2.536 real sec
[M::process] read 80812 sequences (20000060 bp)...
[M::mem_pestat] # candidate unique pairs for (FF, FR, RF, RR): (6, 40032, 25, 11)
[M::mem_pestat] skip orientation FF as there are not enough pairs
[M::mem_pestat] analyzing insert size distribution for orientation FR...
[M::mem_pestat] (25, 50, 75) percentile: (380, 386, 395)
[M::mem_pestat] low and high boundaries for computing mean and std.dev: (350, 425)
[M::mem_pestat] mean and std.dev: (388.69, 10.93)
[M::mem_pestat] low and high boundaries for proper pairs: (335, 440)
[M::mem_pestat] analyzing insert size distribution for orientation RF...
[M::mem_pestat] (25, 50, 75) percentile: (263, 857, 2386)
[M::mem_pestat] low and high boundaries for computing mean and std.dev: (1, 6632)
[M::mem_pestat] mean and std.dev: (976.14, 802.17)
[M::mem_pestat] low and high boundaries for proper pairs: (1, 8755)
[M::mem_pestat] analyzing insert size distribution for orientation RR...
[M::mem_pestat] (25, 50, 75) percentile: (623, 2057, 6837)
[M::mem_pestat] low and high boundaries for computing mean and std.dev: (1, 19265)
[M::mem_pestat] mean and std.dev: (3044.27, 2908.13)
[M::mem_pestat] low and high boundaries for proper pairs: (1, 25479)
[M::mem_pestat] skip orientation RF
[M::mem_pestat] skip orientation RR
[M::mem_process_seqs] Processed 80812 reads in 5.192 CPU sec, 2.530 real sec
[M::process] read 80942 sequences (20000478 bp)...
[M::mem_pestat] # candidate unique pairs for (FF, FR, RF, RR): (8, 40032, 29, 10)
[M::mem_pestat] skip orientation FF as there are not enough pairs
[M::mem_pestat] analyzing insert size distribution for orientation FR...
[M::mem_pestat] (25, 50, 75) percentile: (380, 385, 394)
[M::mem_pestat] low and high boundaries for computing mean and std.dev: (352, 422)
[M::mem_pestat] mean and std.dev: (388.36, 10.81)
[M::mem_pestat] low and high boundaries for proper pairs: (338, 436)
[M::mem_pestat] analyzing insert size distribution for orientation RF...
[M::mem_pestat] (25, 50, 75) percentile: (233, 837, 2749)
[M::mem_pestat] low and high boundaries for computing mean and std.dev: (1, 7781)
[M::mem_pestat] mean and std.dev: (1291.96, 1545.36)
[M::mem_pestat] low and high boundaries for proper pairs: (1, 10297)
[M::mem_pestat] analyzing insert size distribution for orientation RR...
[M::mem_pestat] (25, 50, 75) percentile: (1206, 1480, 1872)
[M::mem_pestat] low and high boundaries for computing mean and std.dev: (1, 3204)
[M::mem_pestat] mean and std.dev: (1326.12, 378.26)
[M::mem_pestat] low and high boundaries for proper pairs: (1, 3870)
[M::mem_pestat] skip orientation RF
[M::mem_pestat] skip orientation RR
[M::mem_process_seqs] Processed 80942 reads in 5.508 CPU sec, 2.680 real sec
[M::process] read 80880 sequences (20000427 bp)...
[M::mem_pestat] # candidate unique pairs for (FF, FR, RF, RR): (5, 40031, 37, 10)
[M::mem_pestat] skip orientation FF as there are not enough pairs
[M::mem_pestat] analyzing insert size distribution for orientation FR...
[M::mem_pestat] (25, 50, 75) percentile: (380, 386, 394)
[M::mem_pestat] low and high boundaries for computing mean and std.dev: (352, 422)
[M::mem_pestat] mean and std.dev: (388.68, 10.81)
[M::mem_pestat] low and high boundaries for proper pairs: (338, 436)
[M::mem_pestat] analyzing insert size distribution for orientation RF...
[M::mem_pestat] (25, 50, 75) percentile: (226, 599, 2699)
[M::mem_pestat] low and high boundaries for computing mean and std.dev: (1, 7645)
[M::mem_pestat] mean and std.dev: (1026.24, 1328.77)
[M::mem_pestat] low and high boundaries for proper pairs: (1, 10118)
[M::mem_pestat] analyzing insert size distribution for orientation RR...
[M::mem_pestat] (25, 50, 75) percentile: (1842, 3251, 5870)
[M::mem_pestat] low and high boundaries for computing mean and std.dev: (1, 13926)
[M::mem_pestat] mean and std.dev: (3539.00, 2393.55)
[M::mem_pestat] low and high boundaries for proper pairs: (1, 17954)
[M::mem_pestat] skip orientation RF
[M::mem_pestat] skip orientation RR
[M::mem_process_seqs] Processed 80880 reads in 5.322 CPU sec, 2.597 real sec
[M::process] read 80812 sequences (20000293 bp)...
[M::mem_pestat] # candidate unique pairs for (FF, FR, RF, RR): (9, 40000, 37, 6)
[M::mem_pestat] skip orientation FF as there are not enough pairs
[M::mem_pestat] analyzing insert size distribution for orientation FR...
[M::mem_pestat] (25, 50, 75) percentile: (380, 385, 394)
[M::mem_pestat] low and high boundaries for computing mean and std.dev: (352, 422)
[M::mem_pestat] mean and std.dev: (388.66, 10.81)
[M::mem_pestat] low and high boundaries for proper pairs: (338, 436)
[M::mem_pestat] analyzing insert size distribution for orientation RF...
[M::mem_pestat] (25, 50, 75) percentile: (233, 808, 2088)
[M::mem_pestat] low and high boundaries for computing mean and std.dev: (1, 5798)
[M::mem_pestat] mean and std.dev: (1117.97, 1378.74)
[M::mem_pestat] low and high boundaries for proper pairs: (1, 7653)
[M::mem_pestat] skip orientation RR as there are not enough pairs
[M::mem_pestat] skip orientation RF
[M::mem_process_seqs] Processed 80812 reads in 5.557 CPU sec, 2.706 real sec
[M::process] read 31636 sequences (7818606 bp)...
[M::mem_pestat] # candidate unique pairs for (FF, FR, RF, RR): (3, 15659, 8, 2)
[M::mem_pestat] skip orientation FF as there are not enough pairs
[M::mem_pestat] analyzing insert size distribution for orientation FR...
[M::mem_pestat] (25, 50, 75) percentile: (379, 385, 393)
[M::mem_pestat] low and high boundaries for computing mean and std.dev: (351, 421)
[M::mem_pestat] mean and std.dev: (387.81, 10.98)
[M::mem_pestat] low and high boundaries for proper pairs: (337, 435)
[M::mem_pestat] skip orientation RF as there are not enough pairs
[M::mem_pestat] skip orientation RR as there are not enough pairs
[M::mem_process_seqs] Processed 31636 reads in 2.484 CPU sec, 1.212 real sec
[main] Version: 0.7.17-r1188
[main] CMD: bwa mem -t 2 SC2281/core/viral_reference SC2281/adapter_trimmed/SC2281_R1_val_1_posttrim_filter.fq.gz SC2281/adapter_trimmed/SC2281_R2_val_2_posttrim_filter.fq.gz
[main] Real time: 58.217 sec; CPU: 103.759 sec
[bam_sort_core] merging from 0 files and 2 in-memory blocks...
