[M::bwa_idx_load_from_disk] read 0 ALT contigs
[M::process] read 81676 sequences (20000086 bp)...
[M::process] read 81650 sequences (20000018 bp)...
[M::mem_pestat] # candidate unique pairs for (FF, FR, RF, RR): (8, 39904, 49, 11)
[M::mem_pestat] skip orientation FF as there are not enough pairs
[M::mem_pestat] analyzing insert size distribution for orientation FR...
[M::mem_pestat] (25, 50, 75) percentile: (380, 385, 393)
[M::mem_pestat] low and high boundaries for computing mean and std.dev: (354, 419)
[M::mem_pestat] mean and std.dev: (389.03, 10.81)
[M::mem_pestat] low and high boundaries for proper pairs: (341, 432)
[M::mem_pestat] analyzing insert size distribution for orientation RF...
[M::mem_pestat] (25, 50, 75) percentile: (215, 223, 268)
[M::mem_pestat] low and high boundaries for computing mean and std.dev: (109, 374)
[M::mem_pestat] mean and std.dev: (225.33, 18.94)
[M::mem_pestat] low and high boundaries for proper pairs: (56, 427)
[M::mem_pestat] analyzing insert size distribution for orientation RR...
[M::mem_pestat] (25, 50, 75) percentile: (1113, 1255, 5110)
[M::mem_pestat] low and high boundaries for computing mean and std.dev: (1, 13104)
[M::mem_pestat] mean and std.dev: (2400.00, 2131.27)
[M::mem_pestat] low and high boundaries for proper pairs: (1, 17101)
[M::mem_pestat] skip orientation RF
[M::mem_pestat] skip orientation RR
[M::mem_process_seqs] Processed 81676 reads in 5.941 CPU sec, 2.817 real sec
[M::mem_pestat] # candidate unique pairs for (FF, FR, RF, RR): (12, 39866, 56, 9)
[M::mem_pestat] analyzing insert size distribution for orientation FF...
[M::mem_pestat] (25, 50, 75) percentile: (1827, 4061, 7227)
[M::mem_pestat] low and high boundaries for computing mean and std.dev: (1, 18027)
[M::mem_pestat] mean and std.dev: (4475.75, 2981.90)
[M::mem_pestat] low and high boundaries for proper pairs: (1, 23427)
[M::mem_pestat] analyzing insert size distribution for orientation FR...
[M::mem_pestat] (25, 50, 75) percentile: (380, 385, 393)
[M::mem_pestat] low and high boundaries for computing mean and std.dev: (354, 419)
[M::mem_pestat] mean and std.dev: (388.70, 10.69)
[M::mem_pestat] low and high boundaries for proper pairs: (341, 432)
[M::mem_pestat] analyzing insert size distribution for orientation RF...
[M::mem_pestat] (25, 50, 75) percentile: (215, 225, 560)
[M::mem_pestat] low and high boundaries for computing mean and std.dev: (1, 1250)
[M::mem_pestat] mean and std.dev: (267.76, 153.60)
[M::mem_pestat] low and high boundaries for proper pairs: (1, 1595)
[M::mem_pestat] skip orientation RR as there are not enough pairs
[M::mem_pestat] skip orientation FF
[M::mem_pestat] skip orientation RF
[M::mem_process_seqs] Processed 81650 reads in 5.866 CPU sec, 2.850 real sec
[M::process] read 81828 sequences (20000399 bp)...
[M::mem_pestat] # candidate unique pairs for (FF, FR, RF, RR): (8, 39923, 52, 6)
[M::mem_pestat] skip orientation FF as there are not enough pairs
[M::mem_pestat] analyzing insert size distribution for orientation FR...
[M::mem_pestat] (25, 50, 75) percentile: (380, 385, 393)
[M::mem_pestat] low and high boundaries for computing mean and std.dev: (354, 419)
[M::mem_pestat] mean and std.dev: (388.40, 10.83)
[M::mem_pestat] low and high boundaries for proper pairs: (341, 432)
[M::mem_pestat] analyzing insert size distribution for orientation RF...
[M::mem_pestat] (25, 50, 75) percentile: (215, 223, 609)
[M::mem_pestat] low and high boundaries for computing mean and std.dev: (1, 1397)
[M::mem_pestat] mean and std.dev: (280.86, 191.33)
[M::mem_pestat] low and high boundaries for proper pairs: (1, 1791)
[M::mem_pestat] skip orientation RR as there are not enough pairs
[M::mem_pestat] skip orientation RF
[M::mem_process_seqs] Processed 81828 reads in 6.244 CPU sec, 3.023 real sec
[M::process] read 81630 sequences (20000363 bp)...
[M::mem_pestat] # candidate unique pairs for (FF, FR, RF, RR): (11, 39901, 50, 9)
[M::mem_pestat] analyzing insert size distribution for orientation FF...
[M::mem_pestat] (25, 50, 75) percentile: (1221, 1884, 8141)
[M::mem_pestat] low and high boundaries for computing mean and std.dev: (1, 21981)
[M::mem_pestat] mean and std.dev: (3964.27, 3531.88)
[M::mem_pestat] low and high boundaries for proper pairs: (1, 28901)
[M::mem_pestat] analyzing insert size distribution for orientation FR...
[M::mem_pestat] (25, 50, 75) percentile: (380, 385, 393)
[M::mem_pestat] low and high boundaries for computing mean and std.dev: (354, 419)
[M::mem_pestat] mean and std.dev: (389.05, 10.82)
[M::mem_pestat] low and high boundaries for proper pairs: (341, 432)
[M::mem_pestat] analyzing insert size distribution for orientation RF...
[M::mem_pestat] (25, 50, 75) percentile: (215, 226, 259)
[M::mem_pestat] low and high boundaries for computing mean and std.dev: (127, 347)
[M::mem_pestat] mean and std.dev: (229.83, 25.68)
[M::mem_pestat] low and high boundaries for proper pairs: (83, 391)
[M::mem_pestat] skip orientation RR as there are not enough pairs
[M::mem_pestat] skip orientation FF
[M::mem_pestat] skip orientation RF
[M::mem_process_seqs] Processed 81630 reads in 5.583 CPU sec, 2.711 real sec
[M::process] read 81670 sequences (20000404 bp)...
[M::mem_pestat] # candidate unique pairs for (FF, FR, RF, RR): (8, 39911, 61, 5)
[M::mem_pestat] skip orientation FF as there are not enough pairs
[M::mem_pestat] analyzing insert size distribution for orientation FR...
[M::mem_pestat] (25, 50, 75) percentile: (380, 385, 393)
[M::mem_pestat] low and high boundaries for computing mean and std.dev: (354, 419)
[M::mem_pestat] mean and std.dev: (388.66, 10.80)
[M::mem_pestat] low and high boundaries for proper pairs: (341, 432)
[M::mem_pestat] analyzing insert size distribution for orientation RF...
[M::mem_pestat] (25, 50, 75) percentile: (215, 217, 264)
[M::mem_pestat] low and high boundaries for computing mean and std.dev: (117, 362)
[M::mem_pestat] mean and std.dev: (226.29, 33.12)
[M::mem_pestat] low and high boundaries for proper pairs: (68, 411)
[M::mem_pestat] skip orientation RR as there are not enough pairs
[M::mem_pestat] skip orientation RF
[M::mem_process_seqs] Processed 81670 reads in 5.552 CPU sec, 2.709 real sec
[M::process] read 81636 sequences (20000485 bp)...
[M::mem_pestat] # candidate unique pairs for (FF, FR, RF, RR): (5, 39909, 43, 10)
[M::mem_pestat] skip orientation FF as there are not enough pairs
[M::mem_pestat] analyzing insert size distribution for orientation FR...
[M::mem_pestat] (25, 50, 75) percentile: (380, 385, 393)
[M::mem_pestat] low and high boundaries for computing mean and std.dev: (354, 419)
[M::mem_pestat] mean and std.dev: (388.82, 10.76)
[M::mem_pestat] low and high boundaries for proper pairs: (341, 432)
[M::mem_pestat] analyzing insert size distribution for orientation RF...
[M::mem_pestat] (25, 50, 75) percentile: (215, 216, 272)
[M::mem_pestat] low and high boundaries for computing mean and std.dev: (101, 386)
[M::mem_pestat] mean and std.dev: (222.79, 41.37)
[M::mem_pestat] low and high boundaries for proper pairs: (44, 443)
[M::mem_pestat] analyzing insert size distribution for orientation RR...
[M::mem_pestat] (25, 50, 75) percentile: (1884, 6043, 7568)
[M::mem_pestat] low and high boundaries for computing mean and std.dev: (1, 18936)
[M::mem_pestat] mean and std.dev: (5037.40, 2917.93)
[M::mem_pestat] low and high boundaries for proper pairs: (1, 24620)
[M::mem_pestat] skip orientation RF
[M::mem_pestat] skip orientation RR
[M::mem_process_seqs] Processed 81636 reads in 5.726 CPU sec, 2.814 real sec
[M::process] read 81536 sequences (20000466 bp)...
[M::mem_pestat] # candidate unique pairs for (FF, FR, RF, RR): (4, 39875, 58, 12)
[M::mem_pestat] skip orientation FF as there are not enough pairs
[M::mem_pestat] analyzing insert size distribution for orientation FR...
[M::mem_pestat] (25, 50, 75) percentile: (380, 385, 393)
[M::mem_pestat] low and high boundaries for computing mean and std.dev: (354, 419)
[M::mem_pestat] mean and std.dev: (388.97, 10.78)
[M::mem_pestat] low and high boundaries for proper pairs: (341, 432)
[M::mem_pestat] analyzing insert size distribution for orientation RF...
[M::mem_pestat] (25, 50, 75) percentile: (215, 230, 350)
[M::mem_pestat] low and high boundaries for computing mean and std.dev: (1, 620)
[M::mem_pestat] mean and std.dev: (231.33, 85.35)
[M::mem_pestat] low and high boundaries for proper pairs: (1, 755)
[M::mem_pestat] analyzing insert size distribution for orientation RR...
[M::mem_pestat] (25, 50, 75) percentile: (2057, 2760, 7087)
[M::mem_pestat] low and high boundaries for computing mean and std.dev: (1, 17147)
[M::mem_pestat] mean and std.dev: (3490.50, 2873.64)
[M::mem_pestat] low and high boundaries for proper pairs: (1, 22177)
[M::mem_pestat] skip orientation RF
[M::mem_pestat] skip orientation RR
[M::mem_process_seqs] Processed 81536 reads in 5.610 CPU sec, 2.735 real sec
[M::process] read 81582 sequences (20000369 bp)...
[M::mem_pestat] # candidate unique pairs for (FF, FR, RF, RR): (5, 39835, 45, 11)
[M::mem_pestat] skip orientation FF as there are not enough pairs
[M::mem_pestat] analyzing insert size distribution for orientation FR...
[M::mem_pestat] (25, 50, 75) percentile: (379, 385, 393)
[M::mem_pestat] low and high boundaries for computing mean and std.dev: (351, 421)
[M::mem_pestat] mean and std.dev: (388.14, 11.12)
[M::mem_pestat] low and high boundaries for proper pairs: (337, 435)
[M::mem_pestat] analyzing insert size distribution for orientation RF...
[M::mem_pestat] (25, 50, 75) percentile: (218, 242, 579)
[M::mem_pestat] low and high boundaries for computing mean and std.dev: (1, 1301)
[M::mem_pestat] mean and std.dev: (299.71, 231.02)
[M::mem_pestat] low and high boundaries for proper pairs: (1, 1662)
[M::mem_pestat] analyzing insert size distribution for orientation RR...
[M::mem_pestat] (25, 50, 75) percentile: (2057, 3251, 7832)
[M::mem_pestat] low and high boundaries for computing mean and std.dev: (1, 19382)
[M::mem_pestat] mean and std.dev: (4294.73, 3012.72)
[M::mem_pestat] low and high boundaries for proper pairs: (1, 25157)
[M::mem_pestat] skip orientation RF
[M::mem_pestat] skip orientation RR
[M::mem_process_seqs] Processed 81582 reads in 6.794 CPU sec, 3.202 real sec
[M::process] read 81542 sequences (20000411 bp)...
[M::mem_pestat] # candidate unique pairs for (FF, FR, RF, RR): (15, 39828, 54, 9)
[M::mem_pestat] analyzing insert size distribution for orientation FF...
[M::mem_pestat] (25, 50, 75) percentile: (1146, 3342, 6057)
[M::mem_pestat] low and high boundaries for computing mean and std.dev: (1, 15879)
[M::mem_pestat] mean and std.dev: (3839.20, 3174.31)
[M::mem_pestat] low and high boundaries for proper pairs: (1, 20790)
[M::mem_pestat] analyzing insert size distribution for orientation FR...
[M::mem_pestat] (25, 50, 75) percentile: (380, 385, 393)
[M::mem_pestat] low and high boundaries for computing mean and std.dev: (354, 419)
[M::mem_pestat] mean and std.dev: (388.90, 10.70)
[M::mem_pestat] low and high boundaries for proper pairs: (341, 432)
[M::mem_pestat] analyzing insert size distribution for orientation RF...
[M::mem_pestat] (25, 50, 75) percentile: (215, 230, 351)
[M::mem_pestat] low and high boundaries for computing mean and std.dev: (1, 623)
[M::mem_pestat] mean and std.dev: (221.19, 50.43)
[M::mem_pestat] low and high boundaries for proper pairs: (1, 759)
[M::mem_pestat] skip orientation RR as there are not enough pairs
[M::mem_pestat] skip orientation FF
[M::mem_pestat] skip orientation RF
[M::mem_process_seqs] Processed 81542 reads in 6.231 CPU sec, 3.054 real sec
[M::process] read 81578 sequences (20000222 bp)...
[M::mem_pestat] # candidate unique pairs for (FF, FR, RF, RR): (9, 39809, 60, 10)
[M::mem_pestat] skip orientation FF as there are not enough pairs
[M::mem_pestat] analyzing insert size distribution for orientation FR...
[M::mem_pestat] (25, 50, 75) percentile: (380, 385, 393)
[M::mem_pestat] low and high boundaries for computing mean and std.dev: (354, 419)
[M::mem_pestat] mean and std.dev: (388.76, 10.80)
[M::mem_pestat] low and high boundaries for proper pairs: (341, 432)
[M::mem_pestat] analyzing insert size distribution for orientation RF...
[M::mem_pestat] (25, 50, 75) percentile: (215, 223, 313)
[M::mem_pestat] low and high boundaries for computing mean and std.dev: (19, 509)
[M::mem_pestat] mean and std.dev: (220.62, 69.26)
[M::mem_pestat] low and high boundaries for proper pairs: (1, 607)
[M::mem_pestat] analyzing insert size distribution for orientation RR...
[M::mem_pestat] (25, 50, 75) percentile: (581, 2057, 4296)
[M::mem_pestat] low and high boundaries for computing mean and std.dev: (1, 11726)
[M::mem_pestat] mean and std.dev: (2877.20, 2895.11)
[M::mem_pestat] low and high boundaries for proper pairs: (1, 15441)
[M::mem_pestat] skip orientation RF
[M::mem_pestat] skip orientation RR
[M::mem_process_seqs] Processed 81578 reads in 6.211 CPU sec, 3.019 real sec
[M::process] read 81648 sequences (20000401 bp)...
[M::mem_pestat] # candidate unique pairs for (FF, FR, RF, RR): (15, 39906, 39, 11)
[M::mem_pestat] analyzing insert size distribution for orientation FF...
[M::mem_pestat] (25, 50, 75) percentile: (3050, 4688, 7027)
[M::mem_pestat] low and high boundaries for computing mean and std.dev: (1, 14981)
[M::mem_pestat] mean and std.dev: (4860.93, 2695.37)
[M::mem_pestat] low and high boundaries for proper pairs: (1, 18958)
[M::mem_pestat] analyzing insert size distribution for orientation FR...
[M::mem_pestat] (25, 50, 75) percentile: (380, 385, 393)
[M::mem_pestat] low and high boundaries for computing mean and std.dev: (354, 419)
[M::mem_pestat] mean and std.dev: (388.70, 10.78)
[M::mem_pestat] low and high boundaries for proper pairs: (341, 432)
[M::mem_pestat] analyzing insert size distribution for orientation RF...
[M::mem_pestat] (25, 50, 75) percentile: (216, 230, 824)
[M::mem_pestat] low and high boundaries for computing mean and std.dev: (1, 2040)
[M::mem_pestat] mean and std.dev: (361.58, 386.19)
[M::mem_pestat] low and high boundaries for proper pairs: (1, 2648)
[M::mem_pestat] analyzing insert size distribution for orientation RR...
[M::mem_pestat] (25, 50, 75) percentile: (1553, 2057, 2435)
[M::mem_pestat] low and high boundaries for computing mean and std.dev: (1, 4199)
[M::mem_pestat] mean and std.dev: (1544.11, 702.48)
[M::mem_pestat] low and high boundaries for proper pairs: (1, 5081)
[M::mem_pestat] skip orientation FF
[M::mem_pestat] skip orientation RF
[M::mem_pestat] skip orientation RR
[M::mem_process_seqs] Processed 81648 reads in 5.923 CPU sec, 2.906 real sec
[M::process] read 81716 sequences (20000076 bp)...
[M::mem_pestat] # candidate unique pairs for (FF, FR, RF, RR): (7, 39925, 50, 14)
[M::mem_pestat] skip orientation FF as there are not enough pairs
[M::mem_pestat] analyzing insert size distribution for orientation FR...
[M::mem_pestat] (25, 50, 75) percentile: (380, 385, 393)
[M::mem_pestat] low and high boundaries for computing mean and std.dev: (354, 419)
[M::mem_pestat] mean and std.dev: (388.87, 10.75)
[M::mem_pestat] low and high boundaries for proper pairs: (341, 432)
[M::mem_pestat] analyzing insert size distribution for orientation RF...
[M::mem_pestat] (25, 50, 75) percentile: (215, 223, 243)
[M::mem_pestat] low and high boundaries for computing mean and std.dev: (159, 299)
[M::mem_pestat] mean and std.dev: (222.79, 15.15)
[M::mem_pestat] low and high boundaries for proper pairs: (131, 327)
[M::mem_pestat] analyzing insert size distribution for orientation RR...
[M::mem_pestat] (25, 50, 75) percentile: (613, 1229, 3031)
[M::mem_pestat] low and high boundaries for computing mean and std.dev: (1, 7867)
[M::mem_pestat] mean and std.dev: (1687.25, 1925.13)
[M::mem_pestat] low and high boundaries for proper pairs: (1, 10285)
[M::mem_pestat] skip orientation RF
[M::mem_pestat] skip orientation RR
[M::mem_process_seqs] Processed 81716 reads in 5.694 CPU sec, 2.777 real sec
[M::process] read 81866 sequences (20000370 bp)...
[M::mem_pestat] # candidate unique pairs for (FF, FR, RF, RR): (6, 39869, 43, 15)
[M::mem_pestat] skip orientation FF as there are not enough pairs
[M::mem_pestat] analyzing insert size distribution for orientation FR...
[M::mem_pestat] (25, 50, 75) percentile: (379, 385, 393)
[M::mem_pestat] low and high boundaries for computing mean and std.dev: (351, 421)
[M::mem_pestat] mean and std.dev: (388.14, 10.95)
[M::mem_pestat] low and high boundaries for proper pairs: (337, 435)
[M::mem_pestat] analyzing insert size distribution for orientation RF...
[M::mem_pestat] (25, 50, 75) percentile: (215, 225, 245)
[M::mem_pestat] low and high boundaries for computing mean and std.dev: (155, 305)
[M::mem_pestat] mean and std.dev: (225.77, 12.84)
[M::mem_pestat] low and high boundaries for proper pairs: (125, 335)
[M::mem_pestat] analyzing insert size distribution for orientation RR...
[M::mem_pestat] (25, 50, 75) percentile: (2057, 3106, 5110)
[M::mem_pestat] low and high boundaries for computing mean and std.dev: (1, 11216)
[M::mem_pestat] mean and std.dev: (3914.73, 2646.99)
[M::mem_pestat] low and high boundaries for proper pairs: (1, 14503)
[M::mem_pestat] skip orientation RF
[M::mem_pestat] skip orientation RR
[M::mem_process_seqs] Processed 81866 reads in 6.122 CPU sec, 2.992 real sec
[M::process] read 81628 sequences (20000211 bp)...
[M::mem_pestat] # candidate unique pairs for (FF, FR, RF, RR): (11, 39869, 65, 12)
[M::mem_pestat] analyzing insert size distribution for orientation FF...
[M::mem_pestat] (25, 50, 75) percentile: (623, 2622, 6676)
[M::mem_pestat] low and high boundaries for computing mean and std.dev: (1, 18782)
[M::mem_pestat] mean and std.dev: (3229.45, 2537.75)
[M::mem_pestat] low and high boundaries for proper pairs: (1, 24835)
[M::mem_pestat] analyzing insert size distribution for orientation FR...
[M::mem_pestat] (25, 50, 75) percentile: (380, 385, 393)
[M::mem_pestat] low and high boundaries for computing mean and std.dev: (354, 419)
[M::mem_pestat] mean and std.dev: (388.92, 10.76)
[M::mem_pestat] low and high boundaries for proper pairs: (341, 432)
[M::mem_pestat] analyzing insert size distribution for orientation RF...
[M::mem_pestat] (25, 50, 75) percentile: (215, 225, 480)
[M::mem_pestat] low and high boundaries for computing mean and std.dev: (1, 1010)
[M::mem_pestat] mean and std.dev: (282.82, 185.52)
[M::mem_pestat] low and high boundaries for proper pairs: (1, 1275)
[M::mem_pestat] analyzing insert size distribution for orientation RR...
[M::mem_pestat] (25, 50, 75) percentile: (2057, 4893, 7623)
[M::mem_pestat] low and high boundaries for computing mean and std.dev: (1, 18755)
[M::mem_pestat] mean and std.dev: (4554.08, 2865.00)
[M::mem_pestat] low and high boundaries for proper pairs: (1, 24321)
[M::mem_pestat] skip orientation FF
[M::mem_pestat] skip orientation RF
[M::mem_pestat] skip orientation RR
[M::mem_process_seqs] Processed 81628 reads in 5.723 CPU sec, 2.811 real sec
[M::process] read 81640 sequences (20000154 bp)...
[M::mem_pestat] # candidate unique pairs for (FF, FR, RF, RR): (4, 39921, 38, 12)
[M::mem_pestat] skip orientation FF as there are not enough pairs
[M::mem_pestat] analyzing insert size distribution for orientation FR...
[M::mem_pestat] (25, 50, 75) percentile: (380, 385, 393)
[M::mem_pestat] low and high boundaries for computing mean and std.dev: (354, 419)
[M::mem_pestat] mean and std.dev: (388.89, 10.71)
[M::mem_pestat] low and high boundaries for proper pairs: (341, 432)
[M::mem_pestat] analyzing insert size distribution for orientation RF...
[M::mem_pestat] (25, 50, 75) percentile: (215, 230, 319)
[M::mem_pestat] low and high boundaries for computing mean and std.dev: (7, 527)
[M::mem_pestat] mean and std.dev: (238.70, 64.98)
[M::mem_pestat] low and high boundaries for proper pairs: (1, 631)
[M::mem_pestat] analyzing insert size distribution for orientation RR...
[M::mem_pestat] (25, 50, 75) percentile: (621, 2971, 4686)
[M::mem_pestat] low and high boundaries for computing mean and std.dev: (1, 12816)
[M::mem_pestat] mean and std.dev: (3367.58, 2957.61)
[M::mem_pestat] low and high boundaries for proper pairs: (1, 16881)
[M::mem_pestat] skip orientation RF
[M::mem_pestat] skip orientation RR
[M::mem_process_seqs] Processed 81640 reads in 5.543 CPU sec, 2.698 real sec
[M::process] read 81744 sequences (20000416 bp)...
[M::mem_pestat] # candidate unique pairs for (FF, FR, RF, RR): (9, 39885, 44, 4)
[M::mem_pestat] skip orientation FF as there are not enough pairs
[M::mem_pestat] analyzing insert size distribution for orientation FR...
[M::mem_pestat] (25, 50, 75) percentile: (380, 385, 393)
[M::mem_pestat] low and high boundaries for computing mean and std.dev: (354, 419)
[M::mem_pestat] mean and std.dev: (388.55, 10.76)
[M::mem_pestat] low and high boundaries for proper pairs: (341, 432)
[M::mem_pestat] analyzing insert size distribution for orientation RF...
[M::mem_pestat] (25, 50, 75) percentile: (219, 249, 824)
[M::mem_pestat] low and high boundaries for computing mean and std.dev: (1, 2034)
[M::mem_pestat] mean and std.dev: (316.73, 210.60)
[M::mem_pestat] low and high boundaries for proper pairs: (1, 2639)
[M::mem_pestat] skip orientation RR as there are not enough pairs
[M::mem_pestat] skip orientation RF
[M::mem_process_seqs] Processed 81744 reads in 5.352 CPU sec, 2.600 real sec
[M::process] read 81440 sequences (20000115 bp)...
[M::mem_pestat] # candidate unique pairs for (FF, FR, RF, RR): (7, 39862, 44, 15)
[M::mem_pestat] skip orientation FF as there are not enough pairs
[M::mem_pestat] analyzing insert size distribution for orientation FR...
[M::mem_pestat] (25, 50, 75) percentile: (380, 385, 394)
[M::mem_pestat] low and high boundaries for computing mean and std.dev: (352, 422)
[M::mem_pestat] mean and std.dev: (389.06, 10.89)
[M::mem_pestat] low and high boundaries for proper pairs: (338, 436)
[M::mem_pestat] analyzing insert size distribution for orientation RF...
[M::mem_pestat] (25, 50, 75) percentile: (215, 230, 350)
[M::mem_pestat] low and high boundaries for computing mean and std.dev: (1, 620)
[M::mem_pestat] mean and std.dev: (233.75, 67.26)
[M::mem_pestat] low and high boundaries for proper pairs: (1, 755)
[M::mem_pestat] analyzing insert size distribution for orientation RR...
[M::mem_pestat] (25, 50, 75) percentile: (620, 2057, 6724)
[M::mem_pestat] low and high boundaries for computing mean and std.dev: (1, 18932)
[M::mem_pestat] mean and std.dev: (3335.47, 2716.64)
[M::mem_pestat] low and high boundaries for proper pairs: (1, 25036)
[M::mem_pestat] skip orientation RF
[M::mem_pestat] skip orientation RR
[M::mem_process_seqs] Processed 81440 reads in 5.327 CPU sec, 2.583 real sec
[M::process] read 81592 sequences (20000337 bp)...
[M::mem_pestat] # candidate unique pairs for (FF, FR, RF, RR): (14, 39887, 48, 18)
[M::mem_pestat] analyzing insert size distribution for orientation FF...
[M::mem_pestat] (25, 50, 75) percentile: (1884, 5105, 7306)
[M::mem_pestat] low and high boundaries for computing mean and std.dev: (1, 18150)
[M::mem_pestat] mean and std.dev: (4706.64, 2721.64)
[M::mem_pestat] low and high boundaries for proper pairs: (1, 23572)
[M::mem_pestat] analyzing insert size distribution for orientation FR...
[M::mem_pestat] (25, 50, 75) percentile: (380, 385, 393)
[M::mem_pestat] low and high boundaries for computing mean and std.dev: (354, 419)
[M::mem_pestat] mean and std.dev: (388.73, 10.85)
[M::mem_pestat] low and high boundaries for proper pairs: (341, 432)
[M::mem_pestat] analyzing insert size distribution for orientation RF...
[M::mem_pestat] (25, 50, 75) percentile: (215, 230, 848)
[M::mem_pestat] low and high boundaries for computing mean and std.dev: (1, 2114)
[M::mem_pestat] mean and std.dev: (345.20, 268.01)
[M::mem_pestat] low and high boundaries for proper pairs: (1, 2747)
[M::mem_pestat] analyzing insert size distribution for orientation RR...
[M::mem_pestat] (25, 50, 75) percentile: (631, 2791, 4061)
[M::mem_pestat] low and high boundaries for computing mean and std.dev: (1, 10921)
[M::mem_pestat] mean and std.dev: (2921.39, 2686.97)
[M::mem_pestat] low and high boundaries for proper pairs: (1, 14351)
[M::mem_pestat] skip orientation FF
[M::mem_pestat] skip orientation RF
[M::mem_pestat] skip orientation RR
[M::mem_process_seqs] Processed 81592 reads in 5.031 CPU sec, 2.444 real sec
[M::process] read 81492 sequences (20000200 bp)...
[M::mem_pestat] # candidate unique pairs for (FF, FR, RF, RR): (8, 39894, 48, 16)
[M::mem_pestat] skip orientation FF as there are not enough pairs
[M::mem_pestat] analyzing insert size distribution for orientation FR...
[M::mem_pestat] (25, 50, 75) percentile: (380, 385, 393)
[M::mem_pestat] low and high boundaries for computing mean and std.dev: (354, 419)
[M::mem_pestat] mean and std.dev: (388.87, 10.82)
[M::mem_pestat] low and high boundaries for proper pairs: (341, 432)
[M::mem_pestat] analyzing insert size distribution for orientation RF...
[M::mem_pestat] (25, 50, 75) percentile: (215, 230, 331)
[M::mem_pestat] low and high boundaries for computing mean and std.dev: (1, 563)
[M::mem_pestat] mean and std.dev: (237.12, 89.18)
[M::mem_pestat] low and high boundaries for proper pairs: (1, 679)
[M::mem_pestat] analyzing insert size distribution for orientation RR...
[M::mem_pestat] (25, 50, 75) percentile: (1276, 2057, 5630)
[M::mem_pestat] low and high boundaries for computing mean and std.dev: (1, 14338)
[M::mem_pestat] mean and std.dev: (3149.81, 2647.35)
[M::mem_pestat] low and high boundaries for proper pairs: (1, 18692)
[M::mem_pestat] skip orientation RF
[M::mem_pestat] skip orientation RR
[M::mem_process_seqs] Processed 81492 reads in 4.872 CPU sec, 2.362 real sec
[M::process] read 81508 sequences (20000014 bp)...
[M::mem_pestat] # candidate unique pairs for (FF, FR, RF, RR): (8, 39829, 39, 20)
[M::mem_pestat] skip orientation FF as there are not enough pairs
[M::mem_pestat] analyzing insert size distribution for orientation FR...
[M::mem_pestat] (25, 50, 75) percentile: (380, 385, 393)
[M::mem_pestat] low and high boundaries for computing mean and std.dev: (354, 419)
[M::mem_pestat] mean and std.dev: (388.86, 10.71)
[M::mem_pestat] low and high boundaries for proper pairs: (341, 432)
[M::mem_pestat] analyzing insert size distribution for orientation RF...
[M::mem_pestat] (25, 50, 75) percentile: (217, 237, 320)
[M::mem_pestat] low and high boundaries for computing mean and std.dev: (11, 526)
[M::mem_pestat] mean and std.dev: (233.45, 39.68)
[M::mem_pestat] low and high boundaries for proper pairs: (1, 629)
[M::mem_pestat] analyzing insert size distribution for orientation RR...
[M::mem_pestat] (25, 50, 75) percentile: (1545, 2057, 5062)
[M::mem_pestat] low and high boundaries for computing mean and std.dev: (1, 12096)
[M::mem_pestat] mean and std.dev: (2787.95, 2427.85)
[M::mem_pestat] low and high boundaries for proper pairs: (1, 15613)
[M::mem_pestat] skip orientation RF
[M::mem_pestat] skip orientation RR
[M::mem_process_seqs] Processed 81508 reads in 5.271 CPU sec, 2.574 real sec
[M::process] read 81646 sequences (20000494 bp)...
[M::mem_pestat] # candidate unique pairs for (FF, FR, RF, RR): (8, 39895, 36, 7)
[M::mem_pestat] skip orientation FF as there are not enough pairs
[M::mem_pestat] analyzing insert size distribution for orientation FR...
[M::mem_pestat] (25, 50, 75) percentile: (380, 385, 393)
[M::mem_pestat] low and high boundaries for computing mean and std.dev: (354, 419)
[M::mem_pestat] mean and std.dev: (388.58, 10.90)
[M::mem_pestat] low and high boundaries for proper pairs: (341, 432)
[M::mem_pestat] analyzing insert size distribution for orientation RF...
[M::mem_pestat] (25, 50, 75) percentile: (215, 242, 844)
[M::mem_pestat] low and high boundaries for computing mean and std.dev: (1, 2102)
[M::mem_pestat] mean and std.dev: (310.33, 251.82)
[M::mem_pestat] low and high boundaries for proper pairs: (1, 2731)
[M::mem_pestat] skip orientation RR as there are not enough pairs
[M::mem_pestat] skip orientation RF
[M::process] read 2246 sequences (548728 bp)...
[M::mem_process_seqs] Processed 81646 reads in 5.695 CPU sec, 2.768 real sec
[M::mem_pestat] # candidate unique pairs for (FF, FR, RF, RR): (0, 1099, 2, 0)
[M::mem_pestat] skip orientation FF as there are not enough pairs
[M::mem_pestat] analyzing insert size distribution for orientation FR...
[M::mem_pestat] (25, 50, 75) percentile: (379, 383, 393)
[M::mem_pestat] low and high boundaries for computing mean and std.dev: (351, 421)
[M::mem_pestat] mean and std.dev: (387.31, 10.85)
[M::mem_pestat] low and high boundaries for proper pairs: (337, 435)
[M::mem_pestat] skip orientation RF as there are not enough pairs
[M::mem_pestat] skip orientation RR as there are not enough pairs
[M::mem_process_seqs] Processed 2246 reads in 0.233 CPU sec, 0.114 real sec
[main] Version: 0.7.17-r1188
[main] CMD: bwa mem -t 2 SC2252/core/viral_reference SC2252/adapter_trimmed/SC2252_R1_val_1_posttrim_filter.fq.gz SC2252/adapter_trimmed/SC2252_R2_val_2_posttrim_filter.fq.gz
[main] Real time: 71.037 sec; CPU: 127.172 sec
[bam_sort_core] merging from 0 files and 2 in-memory blocks...
