================================================================================
breseq 0.35.0     http://barricklab.org/breseq

Active Developers: Barrick JE, Deatherage DE
Contact:           <jeffrey.e.barrick@gmail.com>

breseq is free software; you can redistribute it and/or modify it under the
terms the GNU General Public License as published by the Free Software 
Foundation; either version 2, or (at your option) any later version.

Copyright (c) 2008-2010 Michigan State University
Copyright (c) 2011-2017 The University of Texas at Austin

If you use breseq in your research, please cite:

  Deatherage, D.E., Barrick, J.E. (2014) Identification of mutations
  in laboratory-evolved microbes from next-generation sequencing
  data using breseq. Methods Mol. Biol. 1151: 165–188.

If you use structural variation (junction) predictions, please cite:

  Barrick, J.E., Colburn, G., Deatherage D.E., Traverse, C.C.,
  Strand, M.D., Borges, J.J., Knoester, D.B., Reba, A., Meyer, A.G. 
  (2014) Identifying structural variation in haploid microbial genomes 
  from short-read resequencing data using breseq. BMC Genomics 15:1039.
================================================================================
---> bowtie2  :: version 2.4.5 [/workspace/lab/mcarthurlab/nasirja/covid-19-signal/.snakemake/conda/b7ebc969cbb19fe5c84690f1718327cb_/bin/bowtie2]
---> R        :: version 4.0.2 [/workspace/lab/mcarthurlab/nasirja/covid-19-signal/.snakemake/conda/b7ebc969cbb19fe5c84690f1718327cb_/bin/R]
+++   NOW PROCESSING Read and reference sequence file input
  READ FILE::E6_R1
    Converting/filtering FASTQ file...
    Original base quality format: SANGER New format: SANGER
    Original reads: 331116 bases: 82810624
    Filtered reads:      1 bases:      251 (≥50.0% bases N)
    Analyzed reads: 331115 bases: 82810373
  READ FILE::E6_R2
    Converting/filtering FASTQ file...
    Original base quality format: SANGER New format: SANGER
    Original reads: 331116 bases: 82430734
    Filtered reads: none
    Analyzed reads: 331116 bases: 82430734
  ::TOTAL::
    Original reads: 662232 bases: 165241358
    Analyzed reads: 662231 bases: 165241107
[samtools] faidx E6/breseq/data/reference.fasta
  REFERENCE: MN908947
  LENGTH: 29903
+++   NOW PROCESSING Read alignment to reference genome
[system] bowtie2-build -q E6/breseq/data/reference.fasta E6/breseq/02_reference_alignment/reference
Renaming E6/breseq/02_reference_alignment/reference.3.bt2.tmp to E6/breseq/02_reference_alignment/reference.3.bt2
Renaming E6/breseq/02_reference_alignment/reference.4.bt2.tmp to E6/breseq/02_reference_alignment/reference.4.bt2
Renaming E6/breseq/02_reference_alignment/reference.1.bt2.tmp to E6/breseq/02_reference_alignment/reference.1.bt2
Renaming E6/breseq/02_reference_alignment/reference.2.bt2.tmp to E6/breseq/02_reference_alignment/reference.2.bt2
Renaming E6/breseq/02_reference_alignment/reference.rev.1.bt2.tmp to E6/breseq/02_reference_alignment/reference.rev.1.bt2
Renaming E6/breseq/02_reference_alignment/reference.rev.2.bt2.tmp to E6/breseq/02_reference_alignment/reference.rev.2.bt2
[system] bowtie2 -t --no-unal -p 4 -L 31 --ma 1 --mp 3 --np 0 --rdg 2,3 --rfg 2,3 --ignore-quals --local -i S,1,0.25 --score-min L,1,0.9 -k 2000 --reorder -x E6/breseq/02_reference_alignment/reference -U E6/breseq/01_sequence_conversion/E6_R1.converted.fastq -S E6/breseq/02_reference_alignment/E6_R1.stage1.sam --un E6/breseq/02_reference_alignment/E6_R1.stage1.unmatched.fastq
Time loading reference: 00:00:00
Time loading forward index: 00:00:00
Time loading mirror index: 00:00:00
Multiseed full-index search: 00:00:21
331115 reads; of these:
  331115 (100.00%) were unpaired; of these:
    4062 (1.23%) aligned 0 times
    327053 (98.77%) aligned exactly 1 time
    0 (0.00%) aligned >1 times
98.77% overall alignment rate
Time searching: 00:00:21
Overall time: 00:00:21
[system] bowtie2 -t --no-unal -p 4 -L 30 --ma 1 --mp 3 --np 0 --rdg 2,3 --rfg 2,3 --ignore-quals --local -i S,1,0.25 --score-min L,6,0.2 -k 2000 --reorder -x E6/breseq/02_reference_alignment/reference -U E6/breseq/02_reference_alignment/E6_R1.stage1.unmatched.fastq -S E6/breseq/02_reference_alignment/E6_R1.stage2.matched.sam
Time loading reference: 00:00:00
Time loading forward index: 00:00:00
Time loading mirror index: 00:00:00
Multiseed full-index search: 00:00:00
4062 reads; of these:
  4062 (100.00%) were unpaired; of these:
    21 (0.52%) aligned 0 times
    3698 (91.04%) aligned exactly 1 time
    343 (8.44%) aligned >1 times
99.48% overall alignment rate
Time searching: 00:00:00
Overall time: 00:00:00
[system] bowtie2 -t --no-unal -p 4 -L 31 --ma 1 --mp 3 --np 0 --rdg 2,3 --rfg 2,3 --ignore-quals --local -i S,1,0.25 --score-min L,1,0.9 -k 2000 --reorder -x E6/breseq/02_reference_alignment/reference -U E6/breseq/01_sequence_conversion/E6_R2.converted.fastq -S E6/breseq/02_reference_alignment/E6_R2.stage1.sam --un E6/breseq/02_reference_alignment/E6_R2.stage1.unmatched.fastq
Time loading reference: 00:00:00
Time loading forward index: 00:00:00
Time loading mirror index: 00:00:00
Multiseed full-index search: 00:00:22
331116 reads; of these:
  331116 (100.00%) were unpaired; of these:
    7576 (2.29%) aligned 0 times
    323540 (97.71%) aligned exactly 1 time
    0 (0.00%) aligned >1 times
97.71% overall alignment rate
Time searching: 00:00:22
Overall time: 00:00:22
[system] bowtie2 -t --no-unal -p 4 -L 29 --ma 1 --mp 3 --np 0 --rdg 2,3 --rfg 2,3 --ignore-quals --local -i S,1,0.25 --score-min L,6,0.2 -k 2000 --reorder -x E6/breseq/02_reference_alignment/reference -U E6/breseq/02_reference_alignment/E6_R2.stage1.unmatched.fastq -S E6/breseq/02_reference_alignment/E6_R2.stage2.matched.sam
Time loading reference: 00:00:00
Time loading forward index: 00:00:00
Time loading mirror index: 00:00:00
Multiseed full-index search: 00:00:01
7576 reads; of these:
  7576 (100.00%) were unpaired; of these:
    23 (0.30%) aligned 0 times
    7198 (95.01%) aligned exactly 1 time
    355 (4.69%) aligned >1 times
99.70% overall alignment rate
Time searching: 00:00:01
Overall time: 00:00:01
[system] rm -f E6/breseq/02_reference_alignment/reference*
[system] rm -f E6/breseq/02_reference_alignment/E6_R1.stage1.unmatched.fastq
[system] rm -f E6/breseq/02_reference_alignment/E6_R1.stage1.sam
[system] rm -f E6/breseq/02_reference_alignment/E6_R1.stage2.matched.sam
[system] rm -f E6/breseq/02_reference_alignment/E6_R2.stage1.unmatched.fastq
[system] rm -f E6/breseq/02_reference_alignment/E6_R2.stage1.sam
[system] rm -f E6/breseq/02_reference_alignment/E6_R2.stage2.matched.sam
+++   NOW PROCESSING Preprocessing alignments for candidate junction identification
Preprocessing alignments.
  READ FILE::E6_R1
    ALIGNED READ:100000
    ALIGNED READ:200000
    ALIGNED READ:300000
  READ FILE::E6_R2
    ALIGNED READ:400000
    ALIGNED READ:500000
    ALIGNED READ:600000
  Summary... 
  Aligned reads:                               662187
  Read alignments:                             662886
  Alignments split on indels:                    1515
  Reads with alignments split on indels:         1515
  Split alignments:                              4427
  Reads with split alignments:                   2213
+++   NOW PROCESSING Preliminary analysis of coverage distribution
[samtools] import E6/breseq/data/reference.fasta.fai E6/breseq/03_candidate_junctions/best.sam E6/breseq/03_candidate_junctions/best.unsorted.bam
[samtools] sort --threads 4 -o E6/breseq/03_candidate_junctions/best.bam -T E6/breseq/03_candidate_junctions/best.bam E6/breseq/03_candidate_junctions/best.unsorted.bam
[samtools] index E6/breseq/03_candidate_junctions/best.bam E6/breseq/03_candidate_junctions/best.bam.bai
  REFERENCE: MN908947
  LENGTH: 29903
    POSITION:10000
    POSITION:20000
[system] R --vanilla < /workspace/lab/mcarthurlab/nasirja/covid-19-signal/.snakemake/conda/b7ebc969cbb19fe5c84690f1718327cb_/bin/../share/breseq/coverage_distribution.r > E6/breseq/03_candidate_junctions/0.unique_only_coverage_distribution.tab.r.log distribution_file=E6/breseq/03_candidate_junctions/0.unique_only_coverage_distribution.tab plot_file=E6/breseq/03_candidate_junctions/0.coverage.pdf deletion_propagation_pr_cutoff=0.000289143
[system] rm -f E6/breseq/03_candidate_junctions/best.unsorted.bam
[system] rm -f E6/breseq/03_candidate_junctions/best.sam
[system] rm -f E6/breseq/03_candidate_junctions/best.bam
[system] rm -f E6/breseq/03_candidate_junctions/best.bam.bai
[system] rm -f E6/breseq/03_candidate_junctions/0.coverage.pdf
[system] rm -f E6/breseq/03_candidate_junctions/0.unique_only_coverage_distribution.tab
[system] rm -f E6/breseq/03_candidate_junctions/0.unique_only_coverage_distribution.tab.r.log
+++   NOW PROCESSING Identifying junction candidates
  READ FILE::E6_R1
  READ FILE::E6_R2
  Passed alignment pairs examined: 1391
  Taking top candidate junctions...
  Minimum number to keep:     100 
  Maximum number to keep:    5000 
  Maximum length to keep:    2990 bases
    Initial: Number = 8, Cumulative Length = 4062 bases
      Testing Pos Hash Score =   11, Num =      1, Length =    502
      Testing Pos Hash Score =    7, Num =      1, Length =    505
      Testing Pos Hash Score =    5, Num =      1, Length =    505
      Testing Pos Hash Score =    3, Num =      1, Length =    504
      Testing Pos Hash Score =    2, Num =      4, Length =   2046
    Accepted: Number = 8, Pos Hash Score >= 2, Cumulative Length = 4062 bases
[samtools] faidx E6/breseq/03_candidate_junctions/candidate_junction.fasta
[system] rm -f E6/breseq/03_candidate_junctions/E6_R1.split.sam
[system] rm -f E6/breseq/03_candidate_junctions/E6_R2.split.sam
+++   NOW PROCESSING Re-alignment to junction candidates
[system] bowtie2-build -q E6/breseq/03_candidate_junctions/candidate_junction.fasta E6/breseq/04_candidate_junction_alignment/candidate_junction
Renaming E6/breseq/04_candidate_junction_alignment/candidate_junction.3.bt2.tmp to E6/breseq/04_candidate_junction_alignment/candidate_junction.3.bt2
Renaming E6/breseq/04_candidate_junction_alignment/candidate_junction.4.bt2.tmp to E6/breseq/04_candidate_junction_alignment/candidate_junction.4.bt2
Renaming E6/breseq/04_candidate_junction_alignment/candidate_junction.1.bt2.tmp to E6/breseq/04_candidate_junction_alignment/candidate_junction.1.bt2
Renaming E6/breseq/04_candidate_junction_alignment/candidate_junction.2.bt2.tmp to E6/breseq/04_candidate_junction_alignment/candidate_junction.2.bt2
Renaming E6/breseq/04_candidate_junction_alignment/candidate_junction.rev.1.bt2.tmp to E6/breseq/04_candidate_junction_alignment/candidate_junction.rev.1.bt2
Renaming E6/breseq/04_candidate_junction_alignment/candidate_junction.rev.2.bt2.tmp to E6/breseq/04_candidate_junction_alignment/candidate_junction.rev.2.bt2
[system] bowtie2 -t --no-unal -p 4 --local  -L 31 --ma 1 --mp 3 --np 0 --rdg 2,3 --rfg 2,3 --ignore-quals --local -i S,1,0.25 --score-min L,1,0.70 -k 2000 --reorder -x E6/breseq/04_candidate_junction_alignment/candidate_junction -U E6/breseq/01_sequence_conversion/E6_R1.converted.fastq -S E6/breseq/04_candidate_junction_alignment/E6_R1.candidate_junction.sam
Time loading reference: 00:00:00
Time loading forward index: 00:00:00
Time loading mirror index: 00:00:00
Multiseed full-index search: 00:00:08
331115 reads; of these:
  331115 (100.00%) were unpaired; of these:
    304326 (91.91%) aligned 0 times
    26789 (8.09%) aligned exactly 1 time
    0 (0.00%) aligned >1 times
8.09% overall alignment rate
Time searching: 00:00:08
Overall time: 00:00:08
[system] bowtie2 -t --no-unal -p 4 --local  -L 31 --ma 1 --mp 3 --np 0 --rdg 2,3 --rfg 2,3 --ignore-quals --local -i S,1,0.25 --score-min L,1,0.70 -k 2000 --reorder -x E6/breseq/04_candidate_junction_alignment/candidate_junction -U E6/breseq/01_sequence_conversion/E6_R2.converted.fastq -S E6/breseq/04_candidate_junction_alignment/E6_R2.candidate_junction.sam
Time loading reference: 00:00:00
Time loading forward index: 00:00:00
Time loading mirror index: 00:00:00
Multiseed full-index search: 00:00:08
331116 reads; of these:
  331116 (100.00%) were unpaired; of these:
    303232 (91.58%) aligned 0 times
    27884 (8.42%) aligned exactly 1 time
    0 (0.00%) aligned >1 times
8.42% overall alignment rate
Time searching: 00:00:08
Overall time: 00:00:08
[system] rm -f E6/breseq/04_candidate_junction_alignment/candidate_junction*
+++   NOW PROCESSING Resolving best read alignments
  READ FILE:E6_R1
    READS:10000
    READS:20000
    READS:30000
    READS:40000
    READS:50000
    READS:60000
    READS:70000
    READS:80000
    READS:90000
    READS:100000
    READS:110000
    READS:120000
    READS:130000
    READS:140000
    READS:150000
    READS:160000
    READS:170000
    READS:180000
    READS:190000
    READS:200000
    READS:210000
    READS:220000
    READS:230000
    READS:240000
    READS:250000
    READS:260000
    READS:270000
    READS:280000
    READS:290000
    READS:300000
    READS:310000
    READS:320000
    READS:330000
  READ FILE:E6_R2
    READS:340000
    READS:350000
    READS:360000
    READS:370000
    READS:380000
    READS:390000
    READS:400000
    READS:410000
    READS:420000
    READS:430000
    READS:440000
    READS:450000
    READS:460000
    READS:470000
    READS:480000
    READS:490000
    READS:500000
    READS:510000
    READS:520000
    READS:530000
    READS:540000
    READS:550000
    READS:560000
    READS:570000
    READS:580000
    READS:590000
    READS:600000
    READS:610000
    READS:620000
    READS:630000
    READS:640000
    READS:650000
    READS:660000
[system] rm -f E6/breseq/01_sequence_conversion/E6_R1.converted.fastq
[system] rm -f E6/breseq/01_sequence_conversion/E6_R2.converted.fastq
[system] rm -f E6/breseq/02_reference_alignment/E6_R1.reference.sam
[system] rm -f E6/breseq/02_reference_alignment/E6_R2.reference.sam
[system] rm -f E6/breseq/04_candidate_junction_alignment/E6_R1.candidate_junction.sam*
[system] rm -f E6/breseq/04_candidate_junction_alignment/E6_R2.candidate_junction.sam*
+++   NOW PROCESSING Creating BAM files
[samtools] import E6/breseq/03_candidate_junctions/candidate_junction.fasta.fai E6/breseq/05_alignment_correction/junction.sam E6/breseq/06_bam/junction.unsorted.bam
[samtools] sort --threads 4 -o E6/breseq/06_bam/junction.bam -T E6/breseq/06_bam/junction.bam E6/breseq/06_bam/junction.unsorted.bam
[system] rm -f E6/breseq/06_bam/junction.unsorted.bam
[samtools] index E6/breseq/06_bam/junction.bam E6/breseq/06_bam/junction.bam.bai
[samtools] import E6/breseq/data/reference.fasta.fai E6/breseq/05_alignment_correction/reference.sam E6/breseq/06_bam/reference.unsorted.bam
[samtools] sort --threads 4 -o E6/breseq/data/reference.bam -T E6/breseq/data/reference.bam E6/breseq/06_bam/reference.unsorted.bam
[system] rm -f E6/breseq/06_bam/reference.unsorted.bam
[samtools] index E6/breseq/data/reference.bam E6/breseq/data/reference.bam.bai
[system] rm -f E6/breseq/05_alignment_correction/reference.sam
[system] rm -f E6/breseq/05_alignment_correction/junction.sam
+++   NOW PROCESSING Tabulating error counts
  REFERENCE: MN908947
  LENGTH: 29903
    POSITION:10000
    POSITION:20000
+++   NOW PROCESSING Re-calibrating base error rates
[system] R --vanilla < /workspace/lab/mcarthurlab/nasirja/covid-19-signal/.snakemake/conda/b7ebc969cbb19fe5c84690f1718327cb_/bin/../share/breseq/coverage_distribution.r > E6/breseq/07_error_calibration/0.unique_only_coverage_distribution.tab.r.log distribution_file=E6/breseq/07_error_calibration/0.unique_only_coverage_distribution.tab plot_file=E6/breseq/output/calibration/0.unique_coverage.pdf deletion_propagation_pr_cutoff=0.000289143
[system] R --vanilla in_file=E6/breseq/07_error_calibration/base_qual_error_prob.E6_R1.tab out_file=E6/breseq/output/calibration/E6_R1.error_rates.pdf < /workspace/lab/mcarthurlab/nasirja/covid-19-signal/.snakemake/conda/b7ebc969cbb19fe5c84690f1718327cb_/bin/../share/breseq/plot_error_rate.r > E6/breseq/07_error_calibration/E6_R1.plot_error_rate.log
[system] R --vanilla in_file=E6/breseq/07_error_calibration/base_qual_error_prob.E6_R2.tab out_file=E6/breseq/output/calibration/E6_R2.error_rates.pdf < /workspace/lab/mcarthurlab/nasirja/covid-19-signal/.snakemake/conda/b7ebc969cbb19fe5c84690f1718327cb_/bin/../share/breseq/plot_error_rate.r > E6/breseq/07_error_calibration/E6_R2.plot_error_rate.log
+++   NOW PROCESSING Examining read alignment evidence
  REFERENCE: MN908947
  LENGTH: 29903
    POSITION:10000
    POSITION:20000
+++   NOW PROCESSING Polymorphism statistics
[system] R --vanilla total_length=29903 in_file=E6/breseq/08_mutation_identification/polymorphism_statistics_input.tab out_file=E6/breseq/08_mutation_identification/polymorphism_statistics_output.tab qual_file=E6/breseq/08_mutation_identification/error_counts.tab < /workspace/lab/mcarthurlab/nasirja/covid-19-signal/.snakemake/conda/b7ebc969cbb19fe5c84690f1718327cb_/bin/../share/breseq/polymorphism_statistics.r > E6/breseq/08_mutation_identification/polymorphism_statistics_output.log
+++   NOW PROCESSING Output
Creating merged genome diff evidence file...
Predicting mutations from evidence...
  Preparing junctions...
  Predicting mobile element insertions...
  Predicting large deletions...
  Predicting small indels and substitutions from junctions...
  Predicting small indels and substitutions from alignments...
  Making final adjustments to mutations...
  Writing final GD file...
  Writing final VCF file...
Annotating mutations...
Drawing coverage plots...
Creating coverage plot for region: MN908947:1-29903
Creating index HTML table...
[system] rm -f E6/breseq/01_sequence_conversion/*.trims
[system] rm -f E6/breseq/03_candidate_junctions/candidate_junction.fasta
[system] rm -f E6/breseq/03_candidate_junctions/candidate_junction.fasta.fai
[system] rm -f E6/breseq/05_alignment_correction/jc_evidence.gd
[system] rm -f E6/breseq/06_bam/junction.bam
[system] rm -f E6/breseq/06_bam/junction.bam.bai
+++   SUCCESSFULLY COMPLETED
