[M::bwa_idx_load_from_disk] read 0 ALT contigs
[M::process] read 79682 sequences (20000182 bp)...
[M::process] read 79682 sequences (20000182 bp)...
[M::mem_pestat] # candidate unique pairs for (FF, FR, RF, RR): (6, 38887, 13, 5)
[M::mem_pestat] skip orientation FF as there are not enough pairs
[M::mem_pestat] analyzing insert size distribution for orientation FR...
[M::mem_pestat] (25, 50, 75) percentile: (380, 385, 393)
[M::mem_pestat] low and high boundaries for computing mean and std.dev: (354, 419)
[M::mem_pestat] mean and std.dev: (388.80, 10.68)
[M::mem_pestat] low and high boundaries for proper pairs: (341, 432)
[M::mem_pestat] analyzing insert size distribution for orientation RF...
[M::mem_pestat] (25, 50, 75) percentile: (761, 1500, 4939)
[M::mem_pestat] low and high boundaries for computing mean and std.dev: (1, 13295)
[M::mem_pestat] mean and std.dev: (2690.00, 2329.10)
[M::mem_pestat] low and high boundaries for proper pairs: (1, 17473)
[M::mem_pestat] skip orientation RR as there are not enough pairs
[M::mem_pestat] skip orientation RF
[M::mem_process_seqs] Processed 79682 reads in 26.151 CPU sec, 15.313 real sec
[M::process] read 79682 sequences (20000182 bp)...
[M::mem_pestat] # candidate unique pairs for (FF, FR, RF, RR): (5, 38919, 10, 6)
[M::mem_pestat] skip orientation FF as there are not enough pairs
[M::mem_pestat] analyzing insert size distribution for orientation FR...
[M::mem_pestat] (25, 50, 75) percentile: (380, 385, 393)
[M::mem_pestat] low and high boundaries for computing mean and std.dev: (354, 419)
[M::mem_pestat] mean and std.dev: (388.41, 10.65)
[M::mem_pestat] low and high boundaries for proper pairs: (341, 432)
[M::mem_pestat] analyzing insert size distribution for orientation RF...
[M::mem_pestat] (25, 50, 75) percentile: (1199, 3892, 5221)
[M::mem_pestat] low and high boundaries for computing mean and std.dev: (1, 13265)
[M::mem_pestat] mean and std.dev: (3206.10, 2335.90)
[M::mem_pestat] low and high boundaries for proper pairs: (1, 17287)
[M::mem_pestat] skip orientation RR as there are not enough pairs
[M::mem_pestat] skip orientation RF
[M::mem_process_seqs] Processed 79682 reads in 19.103 CPU sec, 9.331 real sec
[M::process] read 79682 sequences (20000182 bp)...
[M::mem_pestat] # candidate unique pairs for (FF, FR, RF, RR): (7, 38825, 11, 11)
[M::mem_pestat] skip orientation FF as there are not enough pairs
[M::mem_pestat] analyzing insert size distribution for orientation FR...
[M::mem_pestat] (25, 50, 75) percentile: (380, 385, 393)
[M::mem_pestat] low and high boundaries for computing mean and std.dev: (354, 419)
[M::mem_pestat] mean and std.dev: (388.56, 10.72)
[M::mem_pestat] low and high boundaries for proper pairs: (341, 432)
[M::mem_pestat] analyzing insert size distribution for orientation RF...
[M::mem_pestat] (25, 50, 75) percentile: (825, 895, 4617)
[M::mem_pestat] low and high boundaries for computing mean and std.dev: (1, 12201)
[M::mem_pestat] mean and std.dev: (2805.73, 2872.98)
[M::mem_pestat] low and high boundaries for proper pairs: (1, 15993)
[M::mem_pestat] analyzing insert size distribution for orientation RR...
[M::mem_pestat] (25, 50, 75) percentile: (2057, 2057, 3464)
[M::mem_pestat] low and high boundaries for computing mean and std.dev: (1, 6278)
[M::mem_pestat] mean and std.dev: (2442.20, 1129.12)
[M::mem_pestat] low and high boundaries for proper pairs: (1, 7685)
[M::mem_pestat] skip orientation RF
[M::mem_pestat] skip orientation RR
[M::mem_process_seqs] Processed 79682 reads in 21.702 CPU sec, 10.599 real sec
[M::process] read 79682 sequences (20000182 bp)...
[M::mem_pestat] # candidate unique pairs for (FF, FR, RF, RR): (3, 38818, 12, 13)
[M::mem_pestat] skip orientation FF as there are not enough pairs
[M::mem_pestat] analyzing insert size distribution for orientation FR...
[M::mem_pestat] (25, 50, 75) percentile: (380, 385, 393)
[M::mem_pestat] low and high boundaries for computing mean and std.dev: (354, 419)
[M::mem_pestat] mean and std.dev: (388.68, 10.60)
[M::mem_pestat] low and high boundaries for proper pairs: (341, 432)
[M::mem_pestat] analyzing insert size distribution for orientation RF...
[M::mem_pestat] (25, 50, 75) percentile: (563, 1532, 7904)
[M::mem_pestat] low and high boundaries for computing mean and std.dev: (1, 22586)
[M::mem_pestat] mean and std.dev: (3541.67, 3610.82)
[M::mem_pestat] low and high boundaries for proper pairs: (1, 29927)
[M::mem_pestat] analyzing insert size distribution for orientation RR...
[M::mem_pestat] (25, 50, 75) percentile: (586, 2526, 6146)
[M::mem_pestat] low and high boundaries for computing mean and std.dev: (1, 17266)
[M::mem_pestat] mean and std.dev: (3542.46, 3075.33)
[M::mem_pestat] low and high boundaries for proper pairs: (1, 22826)
[M::mem_pestat] skip orientation RF
[M::mem_pestat] skip orientation RR
[M::mem_process_seqs] Processed 79682 reads in 20.686 CPU sec, 10.128 real sec
[M::process] read 79682 sequences (20000182 bp)...
[M::mem_pestat] # candidate unique pairs for (FF, FR, RF, RR): (6, 38796, 14, 6)
[M::mem_pestat] skip orientation FF as there are not enough pairs
[M::mem_pestat] analyzing insert size distribution for orientation FR...
[M::mem_pestat] (25, 50, 75) percentile: (379, 385, 393)
[M::mem_pestat] low and high boundaries for computing mean and std.dev: (351, 421)
[M::mem_pestat] mean and std.dev: (388.23, 10.73)
[M::mem_pestat] low and high boundaries for proper pairs: (337, 435)
[M::mem_pestat] analyzing insert size distribution for orientation RF...
[M::mem_pestat] (25, 50, 75) percentile: (250, 853, 1492)
[M::mem_pestat] low and high boundaries for computing mean and std.dev: (1, 3976)
[M::mem_pestat] mean and std.dev: (936.00, 761.23)
[M::mem_pestat] low and high boundaries for proper pairs: (1, 5218)
[M::mem_pestat] skip orientation RR as there are not enough pairs
[M::mem_pestat] skip orientation RF
[M::mem_process_seqs] Processed 79682 reads in 21.828 CPU sec, 10.715 real sec
[M::process] read 79682 sequences (20000182 bp)...
[M::mem_pestat] # candidate unique pairs for (FF, FR, RF, RR): (5, 38967, 16, 12)
[M::mem_pestat] skip orientation FF as there are not enough pairs
[M::mem_pestat] analyzing insert size distribution for orientation FR...
[M::mem_pestat] (25, 50, 75) percentile: (380, 385, 393)
[M::mem_pestat] low and high boundaries for computing mean and std.dev: (354, 419)
[M::mem_pestat] mean and std.dev: (388.78, 10.63)
[M::mem_pestat] low and high boundaries for proper pairs: (341, 432)
[M::mem_pestat] analyzing insert size distribution for orientation RF...
[M::mem_pestat] (25, 50, 75) percentile: (615, 1492, 3010)
[M::mem_pestat] low and high boundaries for computing mean and std.dev: (1, 7800)
[M::mem_pestat] mean and std.dev: (1439.71, 1182.85)
[M::mem_pestat] low and high boundaries for proper pairs: (1, 10195)
[M::mem_pestat] analyzing insert size distribution for orientation RR...
[M::mem_pestat] (25, 50, 75) percentile: (1778, 2057, 6241)
[M::mem_pestat] low and high boundaries for computing mean and std.dev: (1, 15167)
[M::mem_pestat] mean and std.dev: (3109.00, 2238.39)
[M::mem_pestat] low and high boundaries for proper pairs: (1, 19630)
[M::mem_pestat] skip orientation RF
[M::mem_pestat] skip orientation RR
[M::mem_process_seqs] Processed 79682 reads in 25.693 CPU sec, 12.630 real sec
[M::process] read 79682 sequences (20000182 bp)...
[M::mem_pestat] # candidate unique pairs for (FF, FR, RF, RR): (8, 38893, 5, 8)
[M::mem_pestat] skip orientation FF as there are not enough pairs
[M::mem_pestat] analyzing insert size distribution for orientation FR...
[M::mem_pestat] (25, 50, 75) percentile: (380, 385, 393)
[M::mem_pestat] low and high boundaries for computing mean and std.dev: (354, 419)
[M::mem_pestat] mean and std.dev: (388.48, 10.73)
[M::mem_pestat] low and high boundaries for proper pairs: (341, 432)
[M::mem_pestat] skip orientation RF as there are not enough pairs
[M::mem_pestat] skip orientation RR as there are not enough pairs
[M::mem_process_seqs] Processed 79682 reads in 21.527 CPU sec, 10.548 real sec
[M::process] read 79682 sequences (20000182 bp)...
[M::mem_pestat] # candidate unique pairs for (FF, FR, RF, RR): (6, 38872, 10, 11)
[M::mem_pestat] skip orientation FF as there are not enough pairs
[M::mem_pestat] analyzing insert size distribution for orientation FR...
[M::mem_pestat] (25, 50, 75) percentile: (379, 385, 393)
[M::mem_pestat] low and high boundaries for computing mean and std.dev: (351, 421)
[M::mem_pestat] mean and std.dev: (388.22, 10.92)
[M::mem_pestat] low and high boundaries for proper pairs: (337, 435)
[M::mem_pestat] analyzing insert size distribution for orientation RF...
[M::mem_pestat] (25, 50, 75) percentile: (765, 1914, 3982)
[M::mem_pestat] low and high boundaries for computing mean and std.dev: (1, 10416)
[M::mem_pestat] mean and std.dev: (2233.00, 1805.08)
[M::mem_pestat] low and high boundaries for proper pairs: (1, 13633)
[M::mem_pestat] analyzing insert size distribution for orientation RR...
[M::mem_pestat] (25, 50, 75) percentile: (925, 2057, 2677)
[M::mem_pestat] low and high boundaries for computing mean and std.dev: (1, 6181)
[M::mem_pestat] mean and std.dev: (1378.33, 840.16)
[M::mem_pestat] low and high boundaries for proper pairs: (1, 7933)
[M::mem_pestat] skip orientation RF
[M::mem_pestat] skip orientation RR
[M::mem_process_seqs] Processed 79682 reads in 21.008 CPU sec, 10.290 real sec
[M::process] read 79682 sequences (20000182 bp)...
[M::mem_pestat] # candidate unique pairs for (FF, FR, RF, RR): (7, 38880, 12, 7)
[M::mem_pestat] skip orientation FF as there are not enough pairs
[M::mem_pestat] analyzing insert size distribution for orientation FR...
[M::mem_pestat] (25, 50, 75) percentile: (380, 385, 393)
[M::mem_pestat] low and high boundaries for computing mean and std.dev: (354, 419)
[M::mem_pestat] mean and std.dev: (388.74, 10.68)
[M::mem_pestat] low and high boundaries for proper pairs: (341, 432)
[M::mem_pestat] analyzing insert size distribution for orientation RF...
[M::mem_pestat] (25, 50, 75) percentile: (863, 1966, 8318)
[M::mem_pestat] low and high boundaries for computing mean and std.dev: (1, 23228)
[M::mem_pestat] mean and std.dev: (3543.00, 3215.48)
[M::mem_pestat] low and high boundaries for proper pairs: (1, 30683)
[M::mem_pestat] skip orientation RR as there are not enough pairs
[M::mem_pestat] skip orientation RF
[M::mem_process_seqs] Processed 79682 reads in 21.433 CPU sec, 10.495 real sec
[M::process] read 79682 sequences (20000182 bp)...
[M::mem_pestat] # candidate unique pairs for (FF, FR, RF, RR): (7, 38877, 9, 9)
[M::mem_pestat] skip orientation FF as there are not enough pairs
[M::mem_pestat] analyzing insert size distribution for orientation FR...
[M::mem_pestat] (25, 50, 75) percentile: (380, 385, 393)
[M::mem_pestat] low and high boundaries for computing mean and std.dev: (354, 419)
[M::mem_pestat] mean and std.dev: (388.32, 10.76)
[M::mem_pestat] low and high boundaries for proper pairs: (341, 432)
[M::mem_pestat] skip orientation RF as there are not enough pairs
[M::mem_pestat] skip orientation RR as there are not enough pairs
[M::mem_process_seqs] Processed 79682 reads in 21.492 CPU sec, 10.528 real sec
[M::process] read 79682 sequences (20000182 bp)...
[M::mem_pestat] # candidate unique pairs for (FF, FR, RF, RR): (3, 39004, 5, 9)
[M::mem_pestat] skip orientation FF as there are not enough pairs
[M::mem_pestat] analyzing insert size distribution for orientation FR...
[M::mem_pestat] (25, 50, 75) percentile: (380, 385, 393)
[M::mem_pestat] low and high boundaries for computing mean and std.dev: (354, 419)
[M::mem_pestat] mean and std.dev: (388.78, 10.62)
[M::mem_pestat] low and high boundaries for proper pairs: (341, 432)
[M::mem_pestat] skip orientation RF as there are not enough pairs
[M::mem_pestat] skip orientation RR as there are not enough pairs
[M::mem_process_seqs] Processed 79682 reads in 18.680 CPU sec, 9.115 real sec
[M::process] read 79682 sequences (20000182 bp)...
[M::mem_pestat] # candidate unique pairs for (FF, FR, RF, RR): (3, 38893, 14, 8)
[M::mem_pestat] skip orientation FF as there are not enough pairs
[M::mem_pestat] analyzing insert size distribution for orientation FR...
[M::mem_pestat] (25, 50, 75) percentile: (379, 385, 393)
[M::mem_pestat] low and high boundaries for computing mean and std.dev: (351, 421)
[M::mem_pestat] mean and std.dev: (388.04, 10.72)
[M::mem_pestat] low and high boundaries for proper pairs: (337, 435)
[M::mem_pestat] analyzing insert size distribution for orientation RF...
[M::mem_pestat] (25, 50, 75) percentile: (501, 1529, 3405)
[M::mem_pestat] low and high boundaries for computing mean and std.dev: (1, 9213)
[M::mem_pestat] mean and std.dev: (1889.42, 2193.22)
[M::mem_pestat] low and high boundaries for proper pairs: (1, 12117)
[M::mem_pestat] skip orientation RR as there are not enough pairs
[M::mem_pestat] skip orientation RF
[M::mem_process_seqs] Processed 79682 reads in 19.647 CPU sec, 9.579 real sec
[M::process] read 79682 sequences (20000182 bp)...
[M::mem_pestat] # candidate unique pairs for (FF, FR, RF, RR): (6, 38835, 11, 8)
[M::mem_pestat] skip orientation FF as there are not enough pairs
[M::mem_pestat] analyzing insert size distribution for orientation FR...
[M::mem_pestat] (25, 50, 75) percentile: (380, 385, 393)
[M::mem_pestat] low and high boundaries for computing mean and std.dev: (354, 419)
[M::mem_pestat] mean and std.dev: (388.74, 10.68)
[M::mem_pestat] low and high boundaries for proper pairs: (341, 432)
[M::mem_pestat] analyzing insert size distribution for orientation RF...
[M::mem_pestat] (25, 50, 75) percentile: (245, 931, 2446)
[M::mem_pestat] low and high boundaries for computing mean and std.dev: (1, 6848)
[M::mem_pestat] mean and std.dev: (1120.50, 1007.12)
[M::mem_pestat] low and high boundaries for proper pairs: (1, 9049)
[M::mem_pestat] skip orientation RR as there are not enough pairs
[M::mem_pestat] skip orientation RF
[M::mem_process_seqs] Processed 79682 reads in 18.419 CPU sec, 8.996 real sec
[M::process] read 79682 sequences (20000182 bp)...
[M::mem_pestat] # candidate unique pairs for (FF, FR, RF, RR): (4, 38855, 13, 2)
[M::mem_pestat] skip orientation FF as there are not enough pairs
[M::mem_pestat] analyzing insert size distribution for orientation FR...
[M::mem_pestat] (25, 50, 75) percentile: (380, 385, 393)
[M::mem_pestat] low and high boundaries for computing mean and std.dev: (354, 419)
[M::mem_pestat] mean and std.dev: (388.68, 10.70)
[M::mem_pestat] low and high boundaries for proper pairs: (341, 432)
[M::mem_pestat] analyzing insert size distribution for orientation RF...
[M::mem_pestat] (25, 50, 75) percentile: (215, 609, 1492)
[M::mem_pestat] low and high boundaries for computing mean and std.dev: (1, 4046)
[M::mem_pestat] mean and std.dev: (913.17, 1046.46)
[M::mem_pestat] low and high boundaries for proper pairs: (1, 5323)
[M::mem_pestat] skip orientation RR as there are not enough pairs
[M::mem_pestat] skip orientation RF
[M::mem_process_seqs] Processed 79682 reads in 19.173 CPU sec, 9.383 real sec
[M::process] read 79682 sequences (20000182 bp)...
[M::mem_pestat] # candidate unique pairs for (FF, FR, RF, RR): (7, 38888, 9, 2)
[M::mem_pestat] skip orientation FF as there are not enough pairs
[M::mem_pestat] analyzing insert size distribution for orientation FR...
[M::mem_pestat] (25, 50, 75) percentile: (380, 385, 393)
[M::mem_pestat] low and high boundaries for computing mean and std.dev: (354, 419)
[M::mem_pestat] mean and std.dev: (388.47, 10.71)
[M::mem_pestat] low and high boundaries for proper pairs: (341, 432)
[M::mem_pestat] skip orientation RF as there are not enough pairs
[M::mem_pestat] skip orientation RR as there are not enough pairs
[M::mem_process_seqs] Processed 79682 reads in 20.720 CPU sec, 10.152 real sec
[M::process] read 79682 sequences (20000182 bp)...
[M::mem_pestat] # candidate unique pairs for (FF, FR, RF, RR): (5, 38909, 19, 7)
[M::mem_pestat] skip orientation FF as there are not enough pairs
[M::mem_pestat] analyzing insert size distribution for orientation FR...
[M::mem_pestat] (25, 50, 75) percentile: (380, 385, 393)
[M::mem_pestat] low and high boundaries for computing mean and std.dev: (354, 419)
[M::mem_pestat] mean and std.dev: (388.75, 10.60)
[M::mem_pestat] low and high boundaries for proper pairs: (341, 432)
[M::mem_pestat] analyzing insert size distribution for orientation RF...
[M::mem_pestat] (25, 50, 75) percentile: (610, 1805, 3869)
[M::mem_pestat] low and high boundaries for computing mean and std.dev: (1, 10387)
[M::mem_pestat] mean and std.dev: (2376.26, 2236.34)
[M::mem_pestat] low and high boundaries for proper pairs: (1, 13646)
[M::mem_pestat] skip orientation RR as there are not enough pairs
[M::mem_pestat] skip orientation RF
[M::mem_process_seqs] Processed 79682 reads in 18.917 CPU sec, 9.251 real sec
[M::process] read 79682 sequences (20000182 bp)...
[M::mem_pestat] # candidate unique pairs for (FF, FR, RF, RR): (7, 38937, 11, 9)
[M::mem_pestat] skip orientation FF as there are not enough pairs
[M::mem_pestat] analyzing insert size distribution for orientation FR...
[M::mem_pestat] (25, 50, 75) percentile: (380, 385, 393)
[M::mem_pestat] low and high boundaries for computing mean and std.dev: (354, 419)
[M::mem_pestat] mean and std.dev: (388.44, 10.71)
[M::mem_pestat] low and high boundaries for proper pairs: (341, 432)
[M::mem_pestat] analyzing insert size distribution for orientation RF...
[M::mem_pestat] (25, 50, 75) percentile: (752, 848, 3905)
[M::mem_pestat] low and high boundaries for computing mean and std.dev: (1, 10211)
[M::mem_pestat] mean and std.dev: (2069.91, 1937.22)
[M::mem_pestat] low and high boundaries for proper pairs: (1, 13364)
[M::mem_pestat] skip orientation RR as there are not enough pairs
[M::mem_pestat] skip orientation RF
[M::mem_process_seqs] Processed 79682 reads in 18.927 CPU sec, 9.265 real sec
[M::process] read 79682 sequences (20000182 bp)...
[M::mem_pestat] # candidate unique pairs for (FF, FR, RF, RR): (6, 38833, 7, 10)
[M::mem_pestat] skip orientation FF as there are not enough pairs
[M::mem_pestat] analyzing insert size distribution for orientation FR...
[M::mem_pestat] (25, 50, 75) percentile: (380, 385, 393)
[M::mem_pestat] low and high boundaries for computing mean and std.dev: (354, 419)
[M::mem_pestat] mean and std.dev: (388.77, 10.67)
[M::mem_pestat] low and high boundaries for proper pairs: (341, 432)
[M::mem_pestat] skip orientation RF as there are not enough pairs
[M::mem_pestat] analyzing insert size distribution for orientation RR...
[M::mem_pestat] (25, 50, 75) percentile: (625, 2797, 7863)
[M::mem_pestat] low and high boundaries for computing mean and std.dev: (1, 22339)
[M::mem_pestat] mean and std.dev: (3790.90, 3252.99)
[M::mem_pestat] low and high boundaries for proper pairs: (1, 29577)
[M::mem_pestat] skip orientation RR
[M::mem_process_seqs] Processed 79682 reads in 17.511 CPU sec, 8.557 real sec
[M::process] read 42604 sequences (10693604 bp)...
[M::mem_pestat] # candidate unique pairs for (FF, FR, RF, RR): (8, 38825, 8, 9)
[M::mem_pestat] skip orientation FF as there are not enough pairs
[M::mem_pestat] analyzing insert size distribution for orientation FR...
[M::mem_pestat] (25, 50, 75) percentile: (380, 385, 393)
[M::mem_pestat] low and high boundaries for computing mean and std.dev: (354, 419)
[M::mem_pestat] mean and std.dev: (388.70, 10.63)
[M::mem_pestat] low and high boundaries for proper pairs: (341, 432)
[M::mem_pestat] skip orientation RF as there are not enough pairs
[M::mem_pestat] skip orientation RR as there are not enough pairs
[M::mem_process_seqs] Processed 79682 reads in 18.751 CPU sec, 9.222 real sec
[M::mem_pestat] # candidate unique pairs for (FF, FR, RF, RR): (1, 20799, 3, 6)
[M::mem_pestat] skip orientation FF as there are not enough pairs
[M::mem_pestat] analyzing insert size distribution for orientation FR...
[M::mem_pestat] (25, 50, 75) percentile: (379, 385, 393)
[M::mem_pestat] low and high boundaries for computing mean and std.dev: (351, 421)
[M::mem_pestat] mean and std.dev: (388.12, 10.77)
[M::mem_pestat] low and high boundaries for proper pairs: (337, 435)
[M::mem_pestat] skip orientation RF as there are not enough pairs
[M::mem_pestat] skip orientation RR as there are not enough pairs
[M::mem_process_seqs] Processed 42604 reads in 11.167 CPU sec, 5.507 real sec
[main] Version: 0.7.17-r1188
[main] CMD: bwa mem -t 2 /workspace/home/nasirja/covid-19-signal/data/composite_human_viral_reference.fna SC2258/raw_fastq/SC2258_R1.fastq.gz SC2258/raw_fastq/SC2258_R2.fastq.gz
[main] Real time: 204.726 sec; CPU: 407.141 sec
viral read count = 1521007 (97.72%)
human read count = 5751 (0.37%) 
unmapped read count = 29804 (1.91%)
