[M::bwa_idx_load_from_disk] read 0 ALT contigs
[M::process] read 79682 sequences (20000182 bp)...
[M::process] read 79682 sequences (20000182 bp)...
[M::mem_pestat] # candidate unique pairs for (FF, FR, RF, RR): (4, 39333, 34, 6)
[M::mem_pestat] skip orientation FF as there are not enough pairs
[M::mem_pestat] analyzing insert size distribution for orientation FR...
[M::mem_pestat] (25, 50, 75) percentile: (381, 387, 397)
[M::mem_pestat] low and high boundaries for computing mean and std.dev: (349, 429)
[M::mem_pestat] mean and std.dev: (389.85, 10.82)
[M::mem_pestat] low and high boundaries for proper pairs: (333, 445)
[M::mem_pestat] analyzing insert size distribution for orientation RF...
[M::mem_pestat] (25, 50, 75) percentile: (223, 242, 1435)
[M::mem_pestat] low and high boundaries for computing mean and std.dev: (1, 3859)
[M::mem_pestat] mean and std.dev: (598.48, 628.63)
[M::mem_pestat] low and high boundaries for proper pairs: (1, 5071)
[M::mem_pestat] skip orientation RR as there are not enough pairs
[M::mem_pestat] skip orientation RF
[M::mem_process_seqs] Processed 79682 reads in 28.019 CPU sec, 17.989 real sec
[M::process] read 79682 sequences (20000182 bp)...
[M::mem_pestat] # candidate unique pairs for (FF, FR, RF, RR): (4, 39320, 42, 8)
[M::mem_pestat] skip orientation FF as there are not enough pairs
[M::mem_pestat] analyzing insert size distribution for orientation FR...
[M::mem_pestat] (25, 50, 75) percentile: (381, 386, 397)
[M::mem_pestat] low and high boundaries for computing mean and std.dev: (349, 429)
[M::mem_pestat] mean and std.dev: (389.74, 10.79)
[M::mem_pestat] low and high boundaries for proper pairs: (333, 445)
[M::mem_pestat] analyzing insert size distribution for orientation RF...
[M::mem_pestat] (25, 50, 75) percentile: (216, 241, 827)
[M::mem_pestat] low and high boundaries for computing mean and std.dev: (1, 2049)
[M::mem_pestat] mean and std.dev: (350.30, 271.54)
[M::mem_pestat] low and high boundaries for proper pairs: (1, 2660)
[M::mem_pestat] skip orientation RR as there are not enough pairs
[M::mem_pestat] skip orientation RF
[M::mem_process_seqs] Processed 79682 reads in 23.476 CPU sec, 11.449 real sec
[M::process] read 79682 sequences (20000182 bp)...
[M::mem_pestat] # candidate unique pairs for (FF, FR, RF, RR): (4, 39348, 39, 3)
[M::mem_pestat] skip orientation FF as there are not enough pairs
[M::mem_pestat] analyzing insert size distribution for orientation FR...
[M::mem_pestat] (25, 50, 75) percentile: (381, 386, 397)
[M::mem_pestat] low and high boundaries for computing mean and std.dev: (349, 429)
[M::mem_pestat] mean and std.dev: (389.81, 10.86)
[M::mem_pestat] low and high boundaries for proper pairs: (333, 445)
[M::mem_pestat] analyzing insert size distribution for orientation RF...
[M::mem_pestat] (25, 50, 75) percentile: (215, 242, 813)
[M::mem_pestat] low and high boundaries for computing mean and std.dev: (1, 2009)
[M::mem_pestat] mean and std.dev: (455.16, 344.69)
[M::mem_pestat] low and high boundaries for proper pairs: (1, 2607)
[M::mem_pestat] skip orientation RR as there are not enough pairs
[M::mem_pestat] skip orientation RF
[M::mem_process_seqs] Processed 79682 reads in 17.267 CPU sec, 8.345 real sec
[M::process] read 79682 sequences (20000182 bp)...
[M::mem_pestat] # candidate unique pairs for (FF, FR, RF, RR): (4, 39366, 31, 6)
[M::mem_pestat] skip orientation FF as there are not enough pairs
[M::mem_pestat] analyzing insert size distribution for orientation FR...
[M::mem_pestat] (25, 50, 75) percentile: (381, 387, 397)
[M::mem_pestat] low and high boundaries for computing mean and std.dev: (349, 429)
[M::mem_pestat] mean and std.dev: (389.82, 10.79)
[M::mem_pestat] low and high boundaries for proper pairs: (333, 445)
[M::mem_pestat] analyzing insert size distribution for orientation RF...
[M::mem_pestat] (25, 50, 75) percentile: (215, 241, 610)
[M::mem_pestat] low and high boundaries for computing mean and std.dev: (1, 1400)
[M::mem_pestat] mean and std.dev: (252.25, 99.36)
[M::mem_pestat] low and high boundaries for proper pairs: (1, 1795)
[M::mem_pestat] skip orientation RR as there are not enough pairs
[M::mem_pestat] skip orientation RF
[M::mem_process_seqs] Processed 79682 reads in 20.820 CPU sec, 10.079 real sec
[M::process] read 79682 sequences (20000182 bp)...
[M::mem_pestat] # candidate unique pairs for (FF, FR, RF, RR): (3, 39338, 51, 4)
[M::mem_pestat] skip orientation FF as there are not enough pairs
[M::mem_pestat] analyzing insert size distribution for orientation FR...
[M::mem_pestat] (25, 50, 75) percentile: (381, 387, 397)
[M::mem_pestat] low and high boundaries for computing mean and std.dev: (349, 429)
[M::mem_pestat] mean and std.dev: (389.93, 10.88)
[M::mem_pestat] low and high boundaries for proper pairs: (333, 445)
[M::mem_pestat] analyzing insert size distribution for orientation RF...
[M::mem_pestat] (25, 50, 75) percentile: (236, 243, 1315)
[M::mem_pestat] low and high boundaries for computing mean and std.dev: (1, 3473)
[M::mem_pestat] mean and std.dev: (506.23, 456.34)
[M::mem_pestat] low and high boundaries for proper pairs: (1, 4552)
[M::mem_pestat] skip orientation RR as there are not enough pairs
[M::mem_pestat] skip orientation RF
[M::mem_process_seqs] Processed 79682 reads in 17.676 CPU sec, 8.542 real sec
[M::process] read 79682 sequences (20000182 bp)...
[M::mem_pestat] # candidate unique pairs for (FF, FR, RF, RR): (3, 39361, 32, 2)
[M::mem_pestat] skip orientation FF as there are not enough pairs
[M::mem_pestat] analyzing insert size distribution for orientation FR...
[M::mem_pestat] (25, 50, 75) percentile: (381, 386, 397)
[M::mem_pestat] low and high boundaries for computing mean and std.dev: (349, 429)
[M::mem_pestat] mean and std.dev: (389.76, 10.76)
[M::mem_pestat] low and high boundaries for proper pairs: (333, 445)
[M::mem_pestat] analyzing insert size distribution for orientation RF...
[M::mem_pestat] (25, 50, 75) percentile: (215, 241, 243)
[M::mem_pestat] low and high boundaries for computing mean and std.dev: (159, 299)
[M::mem_pestat] mean and std.dev: (223.64, 19.51)
[M::mem_pestat] low and high boundaries for proper pairs: (131, 327)
[M::mem_pestat] skip orientation RR as there are not enough pairs
[M::mem_pestat] skip orientation RF
[M::mem_process_seqs] Processed 79682 reads in 21.764 CPU sec, 10.574 real sec
[M::process] read 79682 sequences (20000182 bp)...
[M::mem_pestat] # candidate unique pairs for (FF, FR, RF, RR): (7, 39252, 53, 5)
[M::mem_pestat] skip orientation FF as there are not enough pairs
[M::mem_pestat] analyzing insert size distribution for orientation FR...
[M::mem_pestat] (25, 50, 75) percentile: (381, 387, 397)
[M::mem_pestat] low and high boundaries for computing mean and std.dev: (349, 429)
[M::mem_pestat] mean and std.dev: (389.97, 10.92)
[M::mem_pestat] low and high boundaries for proper pairs: (333, 445)
[M::mem_pestat] analyzing insert size distribution for orientation RF...
[M::mem_pestat] (25, 50, 75) percentile: (223, 242, 867)
[M::mem_pestat] low and high boundaries for computing mean and std.dev: (1, 2155)
[M::mem_pestat] mean and std.dev: (482.75, 467.12)
[M::mem_pestat] low and high boundaries for proper pairs: (1, 2799)
[M::mem_pestat] skip orientation RR as there are not enough pairs
[M::mem_pestat] skip orientation RF
[M::mem_process_seqs] Processed 79682 reads in 19.843 CPU sec, 9.625 real sec
[M::process] read 79682 sequences (20000182 bp)...
[M::mem_pestat] # candidate unique pairs for (FF, FR, RF, RR): (3, 39276, 56, 1)
[M::mem_pestat] skip orientation FF as there are not enough pairs
[M::mem_pestat] analyzing insert size distribution for orientation FR...
[M::mem_pestat] (25, 50, 75) percentile: (381, 387, 397)
[M::mem_pestat] low and high boundaries for computing mean and std.dev: (349, 429)
[M::mem_pestat] mean and std.dev: (389.88, 10.87)
[M::mem_pestat] low and high boundaries for proper pairs: (333, 445)
[M::mem_pestat] analyzing insert size distribution for orientation RF...
[M::mem_pestat] (25, 50, 75) percentile: (230, 242, 1315)
[M::mem_pestat] low and high boundaries for computing mean and std.dev: (1, 3485)
[M::mem_pestat] mean and std.dev: (478.26, 378.62)
[M::mem_pestat] low and high boundaries for proper pairs: (1, 4570)
[M::mem_pestat] skip orientation RR as there are not enough pairs
[M::mem_pestat] skip orientation RF
[M::mem_process_seqs] Processed 79682 reads in 17.099 CPU sec, 8.257 real sec
[M::process] read 79682 sequences (20000182 bp)...
[M::mem_pestat] # candidate unique pairs for (FF, FR, RF, RR): (5, 39287, 41, 2)
[M::mem_pestat] skip orientation FF as there are not enough pairs
[M::mem_pestat] analyzing insert size distribution for orientation FR...
[M::mem_pestat] (25, 50, 75) percentile: (381, 386, 397)
[M::mem_pestat] low and high boundaries for computing mean and std.dev: (349, 429)
[M::mem_pestat] mean and std.dev: (389.86, 10.83)
[M::mem_pestat] low and high boundaries for proper pairs: (333, 445)
[M::mem_pestat] analyzing insert size distribution for orientation RF...
[M::mem_pestat] (25, 50, 75) percentile: (223, 242, 1451)
[M::mem_pestat] low and high boundaries for computing mean and std.dev: (1, 3907)
[M::mem_pestat] mean and std.dev: (578.74, 581.05)
[M::mem_pestat] low and high boundaries for proper pairs: (1, 5135)
[M::mem_pestat] skip orientation RR as there are not enough pairs
[M::mem_pestat] skip orientation RF
[M::mem_process_seqs] Processed 79682 reads in 17.806 CPU sec, 8.604 real sec
[M::process] read 79682 sequences (20000182 bp)...
[M::mem_pestat] # candidate unique pairs for (FF, FR, RF, RR): (2, 39240, 37, 1)
[M::mem_pestat] skip orientation FF as there are not enough pairs
[M::mem_pestat] analyzing insert size distribution for orientation FR...
[M::mem_pestat] (25, 50, 75) percentile: (381, 386, 397)
[M::mem_pestat] low and high boundaries for computing mean and std.dev: (349, 429)
[M::mem_pestat] mean and std.dev: (389.70, 10.78)
[M::mem_pestat] low and high boundaries for proper pairs: (333, 445)
[M::mem_pestat] analyzing insert size distribution for orientation RF...
[M::mem_pestat] (25, 50, 75) percentile: (223, 238, 813)
[M::mem_pestat] low and high boundaries for computing mean and std.dev: (1, 1993)
[M::mem_pestat] mean and std.dev: (419.26, 355.97)
[M::mem_pestat] low and high boundaries for proper pairs: (1, 2583)
[M::mem_pestat] skip orientation RR as there are not enough pairs
[M::mem_pestat] skip orientation RF
[M::mem_process_seqs] Processed 79682 reads in 17.583 CPU sec, 8.560 real sec
[M::process] read 79682 sequences (20000182 bp)...
[M::mem_pestat] # candidate unique pairs for (FF, FR, RF, RR): (8, 39241, 47, 5)
[M::mem_pestat] skip orientation FF as there are not enough pairs
[M::mem_pestat] analyzing insert size distribution for orientation FR...
[M::mem_pestat] (25, 50, 75) percentile: (381, 386, 397)
[M::mem_pestat] low and high boundaries for computing mean and std.dev: (349, 429)
[M::mem_pestat] mean and std.dev: (389.75, 10.80)
[M::mem_pestat] low and high boundaries for proper pairs: (333, 445)
[M::mem_pestat] analyzing insert size distribution for orientation RF...
[M::mem_pestat] (25, 50, 75) percentile: (215, 242, 532)
[M::mem_pestat] low and high boundaries for computing mean and std.dev: (1, 1166)
[M::mem_pestat] mean and std.dev: (300.55, 203.74)
[M::mem_pestat] low and high boundaries for proper pairs: (1, 1483)
[M::mem_pestat] skip orientation RR as there are not enough pairs
[M::mem_pestat] skip orientation RF
[M::mem_process_seqs] Processed 79682 reads in 20.381 CPU sec, 9.896 real sec
[M::process] read 79682 sequences (20000182 bp)...
[M::mem_pestat] # candidate unique pairs for (FF, FR, RF, RR): (4, 39256, 54, 1)
[M::mem_pestat] skip orientation FF as there are not enough pairs
[M::mem_pestat] analyzing insert size distribution for orientation FR...
[M::mem_pestat] (25, 50, 75) percentile: (381, 387, 397)
[M::mem_pestat] low and high boundaries for computing mean and std.dev: (349, 429)
[M::mem_pestat] mean and std.dev: (389.81, 10.79)
[M::mem_pestat] low and high boundaries for proper pairs: (333, 445)
[M::mem_pestat] analyzing insert size distribution for orientation RF...
[M::mem_pestat] (25, 50, 75) percentile: (215, 241, 813)
[M::mem_pestat] low and high boundaries for computing mean and std.dev: (1, 2009)
[M::mem_pestat] mean and std.dev: (420.65, 365.77)
[M::mem_pestat] low and high boundaries for proper pairs: (1, 2607)
[M::mem_pestat] skip orientation RR as there are not enough pairs
[M::mem_pestat] skip orientation RF
[M::mem_process_seqs] Processed 79682 reads in 21.497 CPU sec, 10.454 real sec
[M::process] read 79682 sequences (20000182 bp)...
[M::mem_pestat] # candidate unique pairs for (FF, FR, RF, RR): (4, 39153, 45, 2)
[M::mem_pestat] skip orientation FF as there are not enough pairs
[M::mem_pestat] analyzing insert size distribution for orientation FR...
[M::mem_pestat] (25, 50, 75) percentile: (381, 386, 397)
[M::mem_pestat] low and high boundaries for computing mean and std.dev: (349, 429)
[M::mem_pestat] mean and std.dev: (389.81, 10.80)
[M::mem_pestat] low and high boundaries for proper pairs: (333, 445)
[M::mem_pestat] analyzing insert size distribution for orientation RF...
[M::mem_pestat] (25, 50, 75) percentile: (208, 237, 790)
[M::mem_pestat] low and high boundaries for computing mean and std.dev: (1, 1954)
[M::mem_pestat] mean and std.dev: (339.70, 263.39)
[M::mem_pestat] low and high boundaries for proper pairs: (1, 2536)
[M::mem_pestat] skip orientation RR as there are not enough pairs
[M::mem_pestat] skip orientation RF
[M::mem_process_seqs] Processed 79682 reads in 22.685 CPU sec, 11.039 real sec
[M::process] read 79682 sequences (20000182 bp)...
[M::mem_pestat] # candidate unique pairs for (FF, FR, RF, RR): (2, 39318, 47, 0)
[M::mem_pestat] skip orientation FF as there are not enough pairs
[M::mem_pestat] analyzing insert size distribution for orientation FR...
[M::mem_pestat] (25, 50, 75) percentile: (381, 387, 397)
[M::mem_pestat] low and high boundaries for computing mean and std.dev: (349, 429)
[M::mem_pestat] mean and std.dev: (389.85, 10.75)
[M::mem_pestat] low and high boundaries for proper pairs: (333, 445)
[M::mem_pestat] analyzing insert size distribution for orientation RF...
[M::mem_pestat] (25, 50, 75) percentile: (230, 241, 816)
[M::mem_pestat] low and high boundaries for computing mean and std.dev: (1, 1988)
[M::mem_pestat] mean and std.dev: (382.80, 355.60)
[M::mem_pestat] low and high boundaries for proper pairs: (1, 2574)
[M::mem_pestat] skip orientation RR as there are not enough pairs
[M::mem_pestat] skip orientation RF
[M::mem_process_seqs] Processed 79682 reads in 19.986 CPU sec, 9.705 real sec
[M::process] read 79682 sequences (20000182 bp)...
[M::mem_pestat] # candidate unique pairs for (FF, FR, RF, RR): (4, 39291, 50, 6)
[M::mem_pestat] skip orientation FF as there are not enough pairs
[M::mem_pestat] analyzing insert size distribution for orientation FR...
[M::mem_pestat] (25, 50, 75) percentile: (381, 387, 397)
[M::mem_pestat] low and high boundaries for computing mean and std.dev: (349, 429)
[M::mem_pestat] mean and std.dev: (389.78, 10.76)
[M::mem_pestat] low and high boundaries for proper pairs: (333, 445)
[M::mem_pestat] analyzing insert size distribution for orientation RF...
[M::mem_pestat] (25, 50, 75) percentile: (224, 242, 851)
[M::mem_pestat] low and high boundaries for computing mean and std.dev: (1, 2105)
[M::mem_pestat] mean and std.dev: (503.17, 475.22)
[M::mem_pestat] low and high boundaries for proper pairs: (1, 2732)
[M::mem_pestat] skip orientation RR as there are not enough pairs
[M::mem_pestat] skip orientation RF
[M::mem_process_seqs] Processed 79682 reads in 19.421 CPU sec, 9.479 real sec
[M::process] read 79682 sequences (20000182 bp)...
[M::mem_pestat] # candidate unique pairs for (FF, FR, RF, RR): (1, 39248, 47, 0)
[M::mem_pestat] skip orientation FF as there are not enough pairs
[M::mem_pestat] analyzing insert size distribution for orientation FR...
[M::mem_pestat] (25, 50, 75) percentile: (381, 387, 397)
[M::mem_pestat] low and high boundaries for computing mean and std.dev: (349, 429)
[M::mem_pestat] mean and std.dev: (389.85, 10.87)
[M::mem_pestat] low and high boundaries for proper pairs: (333, 445)
[M::mem_pestat] analyzing insert size distribution for orientation RF...
[M::mem_pestat] (25, 50, 75) percentile: (230, 242, 1315)
[M::mem_pestat] low and high boundaries for computing mean and std.dev: (1, 3485)
[M::mem_pestat] mean and std.dev: (518.93, 599.15)
[M::mem_pestat] low and high boundaries for proper pairs: (1, 4570)
[M::mem_pestat] skip orientation RR as there are not enough pairs
[M::mem_pestat] skip orientation RF
[M::mem_process_seqs] Processed 79682 reads in 19.069 CPU sec, 9.213 real sec
[M::process] read 79682 sequences (20000182 bp)...
[M::mem_pestat] # candidate unique pairs for (FF, FR, RF, RR): (4, 39274, 42, 6)
[M::mem_pestat] skip orientation FF as there are not enough pairs
[M::mem_pestat] analyzing insert size distribution for orientation FR...
[M::mem_pestat] (25, 50, 75) percentile: (381, 387, 397)
[M::mem_pestat] low and high boundaries for computing mean and std.dev: (349, 429)
[M::mem_pestat] mean and std.dev: (389.91, 10.81)
[M::mem_pestat] low and high boundaries for proper pairs: (333, 445)
[M::mem_pestat] analyzing insert size distribution for orientation RF...
[M::mem_pestat] (25, 50, 75) percentile: (214, 237, 814)
[M::mem_pestat] low and high boundaries for computing mean and std.dev: (1, 2014)
[M::mem_pestat] mean and std.dev: (396.08, 367.55)
[M::mem_pestat] low and high boundaries for proper pairs: (1, 2614)
[M::mem_pestat] skip orientation RR as there are not enough pairs
[M::mem_pestat] skip orientation RF
[M::mem_process_seqs] Processed 79682 reads in 23.940 CPU sec, 11.641 real sec
[M::process] read 79682 sequences (20000182 bp)...
[M::mem_pestat] # candidate unique pairs for (FF, FR, RF, RR): (6, 39256, 42, 7)
[M::mem_pestat] skip orientation FF as there are not enough pairs
[M::mem_pestat] analyzing insert size distribution for orientation FR...
[M::mem_pestat] (25, 50, 75) percentile: (381, 387, 397)
[M::mem_pestat] low and high boundaries for computing mean and std.dev: (349, 429)
[M::mem_pestat] mean and std.dev: (389.89, 10.80)
[M::mem_pestat] low and high boundaries for proper pairs: (333, 445)
[M::mem_pestat] analyzing insert size distribution for orientation RF...
[M::mem_pestat] (25, 50, 75) percentile: (224, 242, 814)
[M::mem_pestat] low and high boundaries for computing mean and std.dev: (1, 1994)
[M::mem_pestat] mean and std.dev: (428.00, 388.47)
[M::mem_pestat] low and high boundaries for proper pairs: (1, 2584)
[M::mem_pestat] skip orientation RR as there are not enough pairs
[M::mem_pestat] skip orientation RF
[M::mem_process_seqs] Processed 79682 reads in 23.926 CPU sec, 11.672 real sec
[M::process] read 79682 sequences (20000182 bp)...
[M::mem_pestat] # candidate unique pairs for (FF, FR, RF, RR): (3, 39231, 49, 6)
[M::mem_pestat] skip orientation FF as there are not enough pairs
[M::mem_pestat] analyzing insert size distribution for orientation FR...
[M::mem_pestat] (25, 50, 75) percentile: (381, 386, 397)
[M::mem_pestat] low and high boundaries for computing mean and std.dev: (349, 429)
[M::mem_pestat] mean and std.dev: (389.77, 10.77)
[M::mem_pestat] low and high boundaries for proper pairs: (333, 445)
[M::mem_pestat] analyzing insert size distribution for orientation RF...
[M::mem_pestat] (25, 50, 75) percentile: (230, 242, 1449)
[M::mem_pestat] low and high boundaries for computing mean and std.dev: (1, 3887)
[M::mem_pestat] mean and std.dev: (668.67, 712.03)
[M::mem_pestat] low and high boundaries for proper pairs: (1, 5106)
[M::mem_pestat] skip orientation RR as there are not enough pairs
[M::mem_pestat] skip orientation RF
[M::mem_process_seqs] Processed 79682 reads in 18.185 CPU sec, 8.808 real sec
[M::process] read 79682 sequences (20000182 bp)...
[M::mem_pestat] # candidate unique pairs for (FF, FR, RF, RR): (4, 39257, 41, 3)
[M::mem_pestat] skip orientation FF as there are not enough pairs
[M::mem_pestat] analyzing insert size distribution for orientation FR...
[M::mem_pestat] (25, 50, 75) percentile: (381, 386, 397)
[M::mem_pestat] low and high boundaries for computing mean and std.dev: (349, 429)
[M::mem_pestat] mean and std.dev: (389.83, 10.86)
[M::mem_pestat] low and high boundaries for proper pairs: (333, 445)
[M::mem_pestat] analyzing insert size distribution for orientation RF...
[M::mem_pestat] (25, 50, 75) percentile: (223, 242, 816)
[M::mem_pestat] low and high boundaries for computing mean and std.dev: (1, 2002)
[M::mem_pestat] mean and std.dev: (454.43, 386.29)
[M::mem_pestat] low and high boundaries for proper pairs: (1, 2595)
[M::mem_pestat] skip orientation RR as there are not enough pairs
[M::mem_pestat] skip orientation RF
[M::mem_process_seqs] Processed 79682 reads in 16.436 CPU sec, 7.982 real sec
[M::process] read 37548 sequences (9424548 bp)...
[M::mem_pestat] # candidate unique pairs for (FF, FR, RF, RR): (3, 39262, 44, 5)
[M::mem_pestat] skip orientation FF as there are not enough pairs
[M::mem_pestat] analyzing insert size distribution for orientation FR...
[M::mem_pestat] (25, 50, 75) percentile: (381, 386, 397)
[M::mem_pestat] low and high boundaries for computing mean and std.dev: (349, 429)
[M::mem_pestat] mean and std.dev: (389.80, 10.78)
[M::mem_pestat] low and high boundaries for proper pairs: (333, 445)
[M::mem_pestat] analyzing insert size distribution for orientation RF...
[M::mem_pestat] (25, 50, 75) percentile: (215, 237, 243)
[M::mem_pestat] low and high boundaries for computing mean and std.dev: (159, 299)
[M::mem_pestat] mean and std.dev: (222.94, 16.36)
[M::mem_pestat] low and high boundaries for proper pairs: (131, 327)
[M::mem_pestat] skip orientation RR as there are not enough pairs
[M::mem_pestat] skip orientation RF
[M::mem_process_seqs] Processed 79682 reads in 18.487 CPU sec, 9.079 real sec
[M::mem_pestat] # candidate unique pairs for (FF, FR, RF, RR): (2, 18422, 22, 2)
[M::mem_pestat] skip orientation FF as there are not enough pairs
[M::mem_pestat] analyzing insert size distribution for orientation FR...
[M::mem_pestat] (25, 50, 75) percentile: (381, 386, 397)
[M::mem_pestat] low and high boundaries for computing mean and std.dev: (349, 429)
[M::mem_pestat] mean and std.dev: (389.80, 10.83)
[M::mem_pestat] low and high boundaries for proper pairs: (333, 445)
[M::mem_pestat] analyzing insert size distribution for orientation RF...
[M::mem_pestat] (25, 50, 75) percentile: (237, 242, 247)
[M::mem_pestat] low and high boundaries for computing mean and std.dev: (217, 267)
[M::mem_pestat] mean and std.dev: (239.50, 5.27)
[M::mem_pestat] low and high boundaries for proper pairs: (207, 277)
[M::mem_pestat] skip orientation RR as there are not enough pairs
[M::mem_pestat] skip orientation RF
[M::mem_process_seqs] Processed 37548 reads in 8.979 CPU sec, 4.432 real sec
[main] Version: 0.7.17-r1188
[main] CMD: bwa mem -t 2 /workspace/lab/mcarthurlab/nasirja/covid-19-signal/data/composite_human_viral_reference.fna E75/raw_fastq/E75_R1.fastq.gz E75/raw_fastq/E75_R2.fastq.gz
[main] Real time: 222.723 sec; CPU: 439.620 sec
viral read count = 1691635 (98.88%)
human read count = 1 (0.00%) 
unmapped read count = 19234 (1.12%)
