[M::bwa_idx_load_from_disk] read 0 ALT contigs
[M::process] read 81224 sequences (20000058 bp)...
[M::process] read 81260 sequences (20000159 bp)...
[M::mem_pestat] # candidate unique pairs for (FF, FR, RF, RR): (1, 39675, 2, 4)
[M::mem_pestat] skip orientation FF as there are not enough pairs
[M::mem_pestat] analyzing insert size distribution for orientation FR...
[M::mem_pestat] (25, 50, 75) percentile: (381, 386, 393)
[M::mem_pestat] low and high boundaries for computing mean and std.dev: (357, 417)
[M::mem_pestat] mean and std.dev: (388.63, 10.08)
[M::mem_pestat] low and high boundaries for proper pairs: (345, 429)
[M::mem_pestat] skip orientation RF as there are not enough pairs
[M::mem_pestat] skip orientation RR as there are not enough pairs
[M::mem_process_seqs] Processed 81224 reads in 5.050 CPU sec, 2.393 real sec
[M::mem_pestat] # candidate unique pairs for (FF, FR, RF, RR): (2, 39685, 2, 2)
[M::mem_pestat] skip orientation FF as there are not enough pairs
[M::mem_pestat] analyzing insert size distribution for orientation FR...
[M::mem_pestat] (25, 50, 75) percentile: (381, 386, 393)
[M::mem_pestat] low and high boundaries for computing mean and std.dev: (357, 417)
[M::mem_pestat] mean and std.dev: (388.64, 10.16)
[M::mem_pestat] low and high boundaries for proper pairs: (345, 429)
[M::mem_pestat] skip orientation RF as there are not enough pairs
[M::mem_pestat] skip orientation RR as there are not enough pairs
[M::mem_process_seqs] Processed 81260 reads in 5.261 CPU sec, 2.540 real sec
[M::process] read 81438 sequences (20000465 bp)...
[M::mem_pestat] # candidate unique pairs for (FF, FR, RF, RR): (3, 39674, 5, 0)
[M::mem_pestat] skip orientation FF as there are not enough pairs
[M::mem_pestat] analyzing insert size distribution for orientation FR...
[M::mem_pestat] (25, 50, 75) percentile: (381, 386, 393)
[M::mem_pestat] low and high boundaries for computing mean and std.dev: (357, 417)
[M::mem_pestat] mean and std.dev: (388.19, 10.37)
[M::mem_pestat] low and high boundaries for proper pairs: (345, 430)
[M::mem_pestat] skip orientation RF as there are not enough pairs
[M::mem_pestat] skip orientation RR as there are not enough pairs
[M::mem_process_seqs] Processed 81438 reads in 5.470 CPU sec, 2.628 real sec
[M::process] read 81278 sequences (20000400 bp)...
[M::mem_pestat] # candidate unique pairs for (FF, FR, RF, RR): (2, 39659, 3, 4)
[M::mem_pestat] skip orientation FF as there are not enough pairs
[M::mem_pestat] analyzing insert size distribution for orientation FR...
[M::mem_pestat] (25, 50, 75) percentile: (381, 386, 393)
[M::mem_pestat] low and high boundaries for computing mean and std.dev: (357, 417)
[M::mem_pestat] mean and std.dev: (388.65, 10.03)
[M::mem_pestat] low and high boundaries for proper pairs: (345, 429)
[M::mem_pestat] skip orientation RF as there are not enough pairs
[M::mem_pestat] skip orientation RR as there are not enough pairs
[M::mem_process_seqs] Processed 81278 reads in 5.227 CPU sec, 2.529 real sec
[M::process] read 81274 sequences (20000237 bp)...
[M::mem_pestat] # candidate unique pairs for (FF, FR, RF, RR): (4, 39633, 4, 1)
[M::mem_pestat] skip orientation FF as there are not enough pairs
[M::mem_pestat] analyzing insert size distribution for orientation FR...
[M::mem_pestat] (25, 50, 75) percentile: (381, 386, 393)
[M::mem_pestat] low and high boundaries for computing mean and std.dev: (357, 417)
[M::mem_pestat] mean and std.dev: (388.46, 10.16)
[M::mem_pestat] low and high boundaries for proper pairs: (345, 429)
[M::mem_pestat] skip orientation RF as there are not enough pairs
[M::mem_pestat] skip orientation RR as there are not enough pairs
[M::mem_process_seqs] Processed 81274 reads in 5.076 CPU sec, 2.441 real sec
[M::process] read 81330 sequences (20000410 bp)...
[M::mem_pestat] # candidate unique pairs for (FF, FR, RF, RR): (2, 39690, 2, 4)
[M::mem_pestat] skip orientation FF as there are not enough pairs
[M::mem_pestat] analyzing insert size distribution for orientation FR...
[M::mem_pestat] (25, 50, 75) percentile: (381, 386, 393)
[M::mem_pestat] low and high boundaries for computing mean and std.dev: (357, 417)
[M::mem_pestat] mean and std.dev: (388.52, 10.26)
[M::mem_pestat] low and high boundaries for proper pairs: (345, 430)
[M::mem_pestat] skip orientation RF as there are not enough pairs
[M::mem_pestat] skip orientation RR as there are not enough pairs
[M::mem_process_seqs] Processed 81330 reads in 5.418 CPU sec, 2.606 real sec
[M::process] read 81136 sequences (20000026 bp)...
[M::mem_pestat] # candidate unique pairs for (FF, FR, RF, RR): (7, 39631, 6, 6)
[M::mem_pestat] skip orientation FF as there are not enough pairs
[M::mem_pestat] analyzing insert size distribution for orientation FR...
[M::mem_pestat] (25, 50, 75) percentile: (381, 386, 393)
[M::mem_pestat] low and high boundaries for computing mean and std.dev: (357, 417)
[M::mem_pestat] mean and std.dev: (388.65, 10.15)
[M::mem_pestat] low and high boundaries for proper pairs: (345, 429)
[M::mem_pestat] skip orientation RF as there are not enough pairs
[M::mem_pestat] skip orientation RR as there are not enough pairs
[M::mem_process_seqs] Processed 81136 reads in 4.837 CPU sec, 2.340 real sec
[M::process] read 81154 sequences (20000221 bp)...
[M::mem_pestat] # candidate unique pairs for (FF, FR, RF, RR): (1, 39628, 3, 5)
[M::mem_pestat] skip orientation FF as there are not enough pairs
[M::mem_pestat] analyzing insert size distribution for orientation FR...
[M::mem_pestat] (25, 50, 75) percentile: (380, 386, 393)
[M::mem_pestat] low and high boundaries for computing mean and std.dev: (354, 419)
[M::mem_pestat] mean and std.dev: (388.31, 10.80)
[M::mem_pestat] low and high boundaries for proper pairs: (341, 432)
[M::mem_pestat] skip orientation RF as there are not enough pairs
[M::mem_pestat] skip orientation RR as there are not enough pairs
[M::mem_process_seqs] Processed 81154 reads in 5.410 CPU sec, 2.552 real sec
[M::process] read 81198 sequences (20000366 bp)...
[M::mem_pestat] # candidate unique pairs for (FF, FR, RF, RR): (2, 39606, 14, 2)
[M::mem_pestat] skip orientation FF as there are not enough pairs
[M::mem_pestat] analyzing insert size distribution for orientation FR...
[M::mem_pestat] (25, 50, 75) percentile: (381, 386, 393)
[M::mem_pestat] low and high boundaries for computing mean and std.dev: (357, 417)
[M::mem_pestat] mean and std.dev: (388.50, 10.23)
[M::mem_pestat] low and high boundaries for proper pairs: (345, 429)
[M::mem_pestat] analyzing insert size distribution for orientation RF...
[M::mem_pestat] (25, 50, 75) percentile: (793, 3319, 4738)
[M::mem_pestat] low and high boundaries for computing mean and std.dev: (1, 12628)
[M::mem_pestat] mean and std.dev: (3050.50, 2333.70)
[M::mem_pestat] low and high boundaries for proper pairs: (1, 16573)
[M::mem_pestat] skip orientation RR as there are not enough pairs
[M::mem_pestat] skip orientation RF
[M::mem_process_seqs] Processed 81198 reads in 5.879 CPU sec, 2.804 real sec
[M::process] read 81140 sequences (20000403 bp)...
[M::mem_pestat] # candidate unique pairs for (FF, FR, RF, RR): (2, 39647, 8, 0)
[M::mem_pestat] skip orientation FF as there are not enough pairs
[M::mem_pestat] analyzing insert size distribution for orientation FR...
[M::mem_pestat] (25, 50, 75) percentile: (381, 386, 393)
[M::mem_pestat] low and high boundaries for computing mean and std.dev: (357, 417)
[M::mem_pestat] mean and std.dev: (388.56, 10.14)
[M::mem_pestat] low and high boundaries for proper pairs: (345, 429)
[M::mem_pestat] skip orientation RF as there are not enough pairs
[M::mem_pestat] skip orientation RR as there are not enough pairs
[M::mem_process_seqs] Processed 81140 reads in 5.296 CPU sec, 2.568 real sec
[M::process] read 81270 sequences (20000026 bp)...
[M::mem_pestat] # candidate unique pairs for (FF, FR, RF, RR): (4, 39646, 9, 4)
[M::mem_pestat] skip orientation FF as there are not enough pairs
[M::mem_pestat] analyzing insert size distribution for orientation FR...
[M::mem_pestat] (25, 50, 75) percentile: (381, 386, 393)
[M::mem_pestat] low and high boundaries for computing mean and std.dev: (357, 417)
[M::mem_pestat] mean and std.dev: (388.18, 10.21)
[M::mem_pestat] low and high boundaries for proper pairs: (345, 429)
[M::mem_pestat] skip orientation RF as there are not enough pairs
[M::mem_pestat] skip orientation RR as there are not enough pairs
[M::mem_process_seqs] Processed 81270 reads in 5.539 CPU sec, 2.622 real sec
[M::process] read 81328 sequences (20000087 bp)...
[M::mem_pestat] # candidate unique pairs for (FF, FR, RF, RR): (5, 39690, 4, 0)
[M::mem_pestat] skip orientation FF as there are not enough pairs
[M::mem_pestat] analyzing insert size distribution for orientation FR...
[M::mem_pestat] (25, 50, 75) percentile: (381, 386, 393)
[M::mem_pestat] low and high boundaries for computing mean and std.dev: (357, 417)
[M::mem_pestat] mean and std.dev: (388.63, 10.04)
[M::mem_pestat] low and high boundaries for proper pairs: (345, 429)
[M::mem_pestat] skip orientation RF as there are not enough pairs
[M::mem_pestat] skip orientation RR as there are not enough pairs
[M::mem_process_seqs] Processed 81328 reads in 5.206 CPU sec, 2.542 real sec
[M::process] read 81350 sequences (20000246 bp)...
[M::mem_pestat] # candidate unique pairs for (FF, FR, RF, RR): (3, 39653, 3, 6)
[M::mem_pestat] skip orientation FF as there are not enough pairs
[M::mem_pestat] analyzing insert size distribution for orientation FR...
[M::mem_pestat] (25, 50, 75) percentile: (381, 386, 393)
[M::mem_pestat] low and high boundaries for computing mean and std.dev: (357, 417)
[M::mem_pestat] mean and std.dev: (388.40, 10.17)
[M::mem_pestat] low and high boundaries for proper pairs: (345, 429)
[M::mem_pestat] skip orientation RF as there are not enough pairs
[M::mem_pestat] skip orientation RR as there are not enough pairs
[M::mem_process_seqs] Processed 81350 reads in 5.354 CPU sec, 2.592 real sec
[M::process] read 81332 sequences (20000159 bp)...
[M::mem_pestat] # candidate unique pairs for (FF, FR, RF, RR): (3, 39642, 6, 3)
[M::mem_pestat] skip orientation FF as there are not enough pairs
[M::mem_pestat] analyzing insert size distribution for orientation FR...
[M::mem_pestat] (25, 50, 75) percentile: (380, 386, 393)
[M::mem_pestat] low and high boundaries for computing mean and std.dev: (354, 419)
[M::mem_pestat] mean and std.dev: (388.43, 10.77)
[M::mem_pestat] low and high boundaries for proper pairs: (341, 432)
[M::mem_pestat] skip orientation RF as there are not enough pairs
[M::mem_pestat] skip orientation RR as there are not enough pairs
[M::mem_process_seqs] Processed 81332 reads in 5.274 CPU sec, 2.598 real sec
[M::process] read 81246 sequences (20000195 bp)...
[M::mem_pestat] # candidate unique pairs for (FF, FR, RF, RR): (7, 39619, 6, 3)
[M::mem_pestat] skip orientation FF as there are not enough pairs
[M::mem_pestat] analyzing insert size distribution for orientation FR...
[M::mem_pestat] (25, 50, 75) percentile: (381, 386, 393)
[M::mem_pestat] low and high boundaries for computing mean and std.dev: (357, 417)
[M::mem_pestat] mean and std.dev: (388.68, 10.02)
[M::mem_pestat] low and high boundaries for proper pairs: (345, 429)
[M::mem_pestat] skip orientation RF as there are not enough pairs
[M::mem_pestat] skip orientation RR as there are not enough pairs
[M::mem_process_seqs] Processed 81246 reads in 4.993 CPU sec, 2.455 real sec
[M::process] read 81220 sequences (20000329 bp)...
[M::mem_pestat] # candidate unique pairs for (FF, FR, RF, RR): (0, 39675, 9, 0)
[M::mem_pestat] skip orientation FF as there are not enough pairs
[M::mem_pestat] analyzing insert size distribution for orientation FR...
[M::mem_pestat] (25, 50, 75) percentile: (381, 386, 393)
[M::mem_pestat] low and high boundaries for computing mean and std.dev: (357, 417)
[M::mem_pestat] mean and std.dev: (388.41, 10.16)
[M::mem_pestat] low and high boundaries for proper pairs: (345, 429)
[M::mem_pestat] skip orientation RF as there are not enough pairs
[M::mem_pestat] skip orientation RR as there are not enough pairs
[M::mem_process_seqs] Processed 81220 reads in 5.001 CPU sec, 2.428 real sec
[M::process] read 81288 sequences (20000256 bp)...
[M::mem_pestat] # candidate unique pairs for (FF, FR, RF, RR): (5, 39644, 5, 6)
[M::mem_pestat] skip orientation FF as there are not enough pairs
[M::mem_pestat] analyzing insert size distribution for orientation FR...
[M::mem_pestat] (25, 50, 75) percentile: (381, 386, 393)
[M::mem_pestat] low and high boundaries for computing mean and std.dev: (357, 417)
[M::mem_pestat] mean and std.dev: (388.48, 10.10)
[M::mem_pestat] low and high boundaries for proper pairs: (345, 429)
[M::mem_pestat] skip orientation RF as there are not enough pairs
[M::mem_pestat] skip orientation RR as there are not enough pairs
[M::mem_process_seqs] Processed 81288 reads in 5.633 CPU sec, 2.741 real sec
[M::process] read 81230 sequences (20000164 bp)...
[M::mem_pestat] # candidate unique pairs for (FF, FR, RF, RR): (4, 39595, 4, 2)
[M::mem_pestat] skip orientation FF as there are not enough pairs
[M::mem_pestat] analyzing insert size distribution for orientation FR...
[M::mem_pestat] (25, 50, 75) percentile: (381, 386, 393)
[M::mem_pestat] low and high boundaries for computing mean and std.dev: (357, 417)
[M::mem_pestat] mean and std.dev: (388.70, 10.13)
[M::mem_pestat] low and high boundaries for proper pairs: (345, 429)
[M::mem_pestat] skip orientation RF as there are not enough pairs
[M::mem_pestat] skip orientation RR as there are not enough pairs
[M::mem_process_seqs] Processed 81230 reads in 5.387 CPU sec, 2.604 real sec
[M::process] read 81154 sequences (20000014 bp)...
[M::mem_pestat] # candidate unique pairs for (FF, FR, RF, RR): (2, 39689, 6, 0)
[M::mem_pestat] skip orientation FF as there are not enough pairs
[M::mem_pestat] analyzing insert size distribution for orientation FR...
[M::mem_pestat] (25, 50, 75) percentile: (381, 386, 393)
[M::mem_pestat] low and high boundaries for computing mean and std.dev: (357, 417)
[M::mem_pestat] mean and std.dev: (388.28, 10.14)
[M::mem_pestat] low and high boundaries for proper pairs: (345, 429)
[M::mem_pestat] skip orientation RF as there are not enough pairs
[M::mem_pestat] skip orientation RR as there are not enough pairs
[M::mem_process_seqs] Processed 81154 reads in 5.023 CPU sec, 2.434 real sec
[M::process] read 81220 sequences (20000233 bp)...
[M::mem_pestat] # candidate unique pairs for (FF, FR, RF, RR): (4, 39647, 4, 8)
[M::mem_pestat] skip orientation FF as there are not enough pairs
[M::mem_pestat] analyzing insert size distribution for orientation FR...
[M::mem_pestat] (25, 50, 75) percentile: (381, 386, 393)
[M::mem_pestat] low and high boundaries for computing mean and std.dev: (357, 417)
[M::mem_pestat] mean and std.dev: (388.66, 10.11)
[M::mem_pestat] low and high boundaries for proper pairs: (345, 429)
[M::mem_pestat] skip orientation RF as there are not enough pairs
[M::mem_pestat] skip orientation RR as there are not enough pairs
[M::mem_process_seqs] Processed 81220 reads in 5.248 CPU sec, 2.553 real sec
[M::process] read 81190 sequences (20000299 bp)...
[M::mem_pestat] # candidate unique pairs for (FF, FR, RF, RR): (2, 39609, 2, 2)
[M::mem_pestat] skip orientation FF as there are not enough pairs
[M::mem_pestat] analyzing insert size distribution for orientation FR...
[M::mem_pestat] (25, 50, 75) percentile: (381, 386, 393)
[M::mem_pestat] low and high boundaries for computing mean and std.dev: (357, 417)
[M::mem_pestat] mean and std.dev: (388.55, 9.99)
[M::mem_pestat] low and high boundaries for proper pairs: (345, 429)
[M::mem_pestat] skip orientation RF as there are not enough pairs
[M::mem_pestat] skip orientation RR as there are not enough pairs
[M::mem_process_seqs] Processed 81190 reads in 5.477 CPU sec, 2.668 real sec
[M::process] read 69852 sequences (17215648 bp)...
[M::mem_pestat] # candidate unique pairs for (FF, FR, RF, RR): (4, 34113, 8, 2)
[M::mem_pestat] skip orientation FF as there are not enough pairs
[M::mem_pestat] analyzing insert size distribution for orientation FR...
[M::mem_pestat] (25, 50, 75) percentile: (381, 386, 393)
[M::mem_pestat] low and high boundaries for computing mean and std.dev: (357, 417)
[M::mem_pestat] mean and std.dev: (388.10, 10.26)
[M::mem_pestat] low and high boundaries for proper pairs: (345, 429)
[M::mem_pestat] skip orientation RF as there are not enough pairs
[M::mem_pestat] skip orientation RR as there are not enough pairs
[M::mem_process_seqs] Processed 69852 reads in 4.630 CPU sec, 2.253 real sec
[main] Version: 0.7.17-r1188
[main] CMD: bwa mem -t 2 SC2276/core/viral_reference SC2276/adapter_trimmed/SC2276_R1_val_1_posttrim_filter.fq.gz SC2276/adapter_trimmed/SC2276_R2_val_2_posttrim_filter.fq.gz
[main] Real time: 67.339 sec; CPU: 122.055 sec
[bam_sort_core] merging from 0 files and 2 in-memory blocks...
