Path to Cutadapt set as: 'cutadapt' (default)
Cutadapt seems to be working fine (tested command 'cutadapt --version')
Cutadapt version: 4.8
Could not detect version of Python used by Cutadapt from the first line of Cutadapt (but found this: >>>#!/bin/sh<<<)
Letting the (modified) Cutadapt deal with the Python version instead
Parallel gzip (pigz) detected. Proceeding with multicore (de)compression using 2 cores

No quality encoding type selected. Assuming that the data provided uses Sanger encoded Phred scores (default)

Output will be written into the directory: /workspace/lab/mcarthurlab/nasirja/covid-19-signal/benchmark_output/PRJNA689621_subset-input_results_dir/E73/adapter_trimmed/


AUTO-DETECTING ADAPTER TYPE
===========================
Attempting to auto-detect adapter type from the first 1 million sequences of the first file (>> E73/host_removal/E73_R1.fastq.gz <<)

Found perfect matches for the following adapter sequences:
Adapter type	Count	Sequence	Sequences analysed	Percentage
Illumina	10265	AGATCGGAAGAGC	956124	1.07
Nextera	0	CTGTCTCTTATA	956124	0.00
smallRNA	0	TGGAATTCTCGG	956124	0.00
Using Illumina adapter for trimming (count: 10265). Second best hit was Nextera (count: 0)

Writing report to '/workspace/lab/mcarthurlab/nasirja/covid-19-signal/benchmark_output/PRJNA689621_subset-input_results_dir/E73/adapter_trimmed/E73_R1.fastq.gz_trimming_report.txt'

SUMMARISING RUN PARAMETERS
==========================
Input filename: E73/host_removal/E73_R1.fastq.gz
Trimming mode: paired-end
Trim Galore version: 0.6.4_dev
Cutadapt version: 4.8
Python version: could not detect
Number of cores used for trimming: 2
Quality Phred score cutoff: 20
Quality encoding type selected: ASCII+33
Adapter sequence: 'AGATCGGAAGAGC' (Illumina TruSeq, Sanger iPCR; auto-detected)
Maximum trimming error rate: 0.1 (default)
Minimum required adapter overlap (stringency): 1 bp
Minimum required sequence length for both reads before a sequence pair gets removed: 20 bp
Running FastQC on the data once trimming has completed
Output file(s) will be GZIP compressed

Cutadapt seems to be fairly up-to-date (version 4.8). Setting -j 2
Writing final adapter and quality trimmed output to E73_R1_trimmed.fq.gz


  >>> Now performing quality (cutoff '-q 20') and adapter trimming in a single pass for the adapter sequence: 'AGATCGGAAGAGC' from file E73/host_removal/E73_R1.fastq.gz <<< 
This is cutadapt 4.8 with Python 3.12.3
Command line parameters: -j 2 -e 0.1 -q 20 -O 1 -a AGATCGGAAGAGC E73/host_removal/E73_R1.fastq.gz
Processing single-end reads on 2 cores ...
Finished in 54.540 s (57.043 µs/read; 1.05 M reads/minute).

=== Summary ===

Total reads processed:                 956,124
Reads with adapters:                   337,259 (35.3%)
Reads written (passing filters):       956,124 (100.0%)

Total basepairs processed:   239,987,124 bp
Quality-trimmed:               1,651,307 bp (0.7%)
Total written (filtered):    237,177,898 bp (98.8%)

=== Adapter 1 ===

Sequence: AGATCGGAAGAGC; Type: regular 3'; Length: 13; Trimmed: 337259 times

Minimum overlap: 1
No. of allowed errors:
1-9 bp: 0; 10-13 bp: 1

Bases preceding removed adapters:
  A: 33.4%
  C: 18.8%
  G: 10.8%
  T: 36.9%
  none/other: 0.1%

Overview of removed sequences
length	count	expect	max.err	error counts
1	229522	239031.0	0	229522
2	83435	59757.8	0	83435
3	4695	14939.4	0	4695
4	864	3734.9	0	864
5	139	933.7	0	139
6	130	233.4	0	130
7	6495	58.4	0	6495
8	169	14.6	0	169
9	258	3.6	0	258
10	233	0.9	1	216 17
11	111	0.2	1	93 18
12	123	0.1	1	110 13
13	41	0.0	1	38 3
14	38	0.0	1	34 4
15	43	0.0	1	38 5
16	38	0.0	1	36 2
17	51	0.0	1	48 3
18	48	0.0	1	43 5
19	26	0.0	1	25 1
20	38	0.0	1	34 4
21	120	0.0	1	112 8
22	460	0.0	1	442 18
23	82	0.0	1	73 9
24	974	0.0	1	944 30
25	177	0.0	1	154 23
26	60	0.0	1	46 14
27	105	0.0	1	87 18
28	103	0.0	1	77 26
29	65	0.0	1	41 24
30	58	0.0	1	47 11
31	86	0.0	1	79 7
32	86	0.0	1	76 10
33	43	0.0	1	35 8
34	60	0.0	1	33 27
35	69	0.0	1	53 16
36	463	0.0	1	437 26
37	212	0.0	1	201 11
38	73	0.0	1	63 10
39	98	0.0	1	87 11
40	62	0.0	1	57 5
41	122	0.0	1	113 9
42	236	0.0	1	230 6
43	177	0.0	1	165 12
44	45	0.0	1	42 3
45	97	0.0	1	89 8
46	214	0.0	1	202 12
47	94	0.0	1	77 17
48	68	0.0	1	57 11
49	96	0.0	1	82 14
50	51	0.0	1	45 6
51	38	0.0	1	33 5
52	49	0.0	1	43 6
53	55	0.0	1	45 10
54	85	0.0	1	67 18
55	76	0.0	1	60 16
56	27	0.0	1	19 8
57	43	0.0	1	31 12
58	18	0.0	1	15 3
59	35	0.0	1	32 3
60	28	0.0	1	27 1
61	32	0.0	1	32
62	33	0.0	1	29 4
63	45	0.0	1	44 1
64	24	0.0	1	20 4
65	35	0.0	1	29 6
66	47	0.0	1	38 9
67	28	0.0	1	24 4
68	48	0.0	1	43 5
69	82	0.0	1	67 15
70	61	0.0	1	57 4
71	61	0.0	1	53 8
72	98	0.0	1	92 6
73	123	0.0	1	108 15
74	177	0.0	1	148 29
75	325	0.0	1	277 48
76	1121	0.0	1	1061 60
77	741	0.0	1	703 38
78	390	0.0	1	364 26
79	224	0.0	1	216 8
80	133	0.0	1	120 13
81	85	0.0	1	79 6
82	58	0.0	1	54 4
83	46	0.0	1	43 3
84	54	0.0	1	47 7
85	33	0.0	1	30 3
86	38	0.0	1	35 3
87	49	0.0	1	41 8
88	31	0.0	1	29 2
89	26	0.0	1	19 7
90	26	0.0	1	24 2
91	22	0.0	1	20 2
92	27	0.0	1	25 2
93	45	0.0	1	38 7
94	346	0.0	1	340 6
95	50	0.0	1	45 5
96	33	0.0	1	31 2
97	14	0.0	1	12 2
98	21	0.0	1	19 2
99	11	0.0	1	9 2
100	5	0.0	1	5
101	10	0.0	1	9 1
102	5	0.0	1	5
103	8	0.0	1	8
104	8	0.0	1	8
105	8	0.0	1	7 1
106	11	0.0	1	11
107	19	0.0	1	18 1
108	13	0.0	1	11 2
109	18	0.0	1	14 4
110	11	0.0	1	9 2
111	18	0.0	1	15 3
112	8	0.0	1	8
113	16	0.0	1	15 1
114	15	0.0	1	13 2
115	6	0.0	1	6
116	6	0.0	1	5 1
117	9	0.0	1	8 1
118	6	0.0	1	6
120	7	0.0	1	6 1
122	11	0.0	1	10 1
123	4	0.0	1	4
124	5	0.0	1	5
125	9	0.0	1	8 1
126	9	0.0	1	6 3
127	42	0.0	1	42
128	3	0.0	1	1 2
129	10	0.0	1	7 3
130	7	0.0	1	5 2
131	9	0.0	1	7 2
132	6	0.0	1	4 2
133	4	0.0	1	4
134	7	0.0	1	3 4
135	6	0.0	1	6
136	7	0.0	1	5 2
137	4	0.0	1	1 3
138	4	0.0	1	3 1
139	4	0.0	1	4
140	4	0.0	1	3 1
141	2	0.0	1	2
142	3	0.0	1	1 2
143	2	0.0	1	2
144	6	0.0	1	6
145	5	0.0	1	3 2
146	4	0.0	1	4
147	7	0.0	1	6 1
148	5	0.0	1	3 2
149	4	0.0	1	4
150	7	0.0	1	6 1
151	10	0.0	1	9 1
152	11	0.0	1	9 2
153	11	0.0	1	11
154	5	0.0	1	5
155	8	0.0	1	7 1
156	24	0.0	1	23 1
157	7	0.0	1	6 1
158	5	0.0	1	3 2
159	4	0.0	1	3 1
160	2	0.0	1	2
161	4	0.0	1	4
162	3	0.0	1	2 1
163	3	0.0	1	2 1
164	1	0.0	1	0 1
165	4	0.0	1	4
166	5	0.0	1	5
167	9	0.0	1	9
168	3	0.0	1	3
169	2	0.0	1	2
170	2	0.0	1	2
171	4	0.0	1	4
172	7	0.0	1	7
173	4	0.0	1	3 1
174	5	0.0	1	2 3
175	7	0.0	1	7
176	7	0.0	1	6 1
177	2	0.0	1	1 1
178	3	0.0	1	3
179	1	0.0	1	1
180	2	0.0	1	1 1
181	7	0.0	1	5 2
182	1	0.0	1	1
183	1	0.0	1	1
184	1	0.0	1	1
185	4	0.0	1	2 2
186	5	0.0	1	3 2
187	6	0.0	1	6
188	4	0.0	1	4
189	5	0.0	1	4 1
190	4	0.0	1	3 1
191	1	0.0	1	1
192	5	0.0	1	4 1
193	4	0.0	1	4
194	1	0.0	1	0 1
195	7	0.0	1	5 2
197	5	0.0	1	4 1
198	4	0.0	1	4
199	5	0.0	1	5
200	2	0.0	1	2
201	2	0.0	1	2
202	5	0.0	1	4 1
203	6	0.0	1	6
204	2	0.0	1	2
205	8	0.0	1	8
206	5	0.0	1	5
207	8	0.0	1	7 1
208	17	0.0	1	14 3
209	5	0.0	1	5
210	7	0.0	1	6 1
211	1	0.0	1	1
213	3	0.0	1	3
214	3	0.0	1	2 1
215	6	0.0	1	5 1
216	4	0.0	1	2 2
217	2	0.0	1	1 1
218	2	0.0	1	2
222	2	0.0	1	1 1
226	1	0.0	1	1
228	1	0.0	1	1
229	1	0.0	1	0 1
238	1	0.0	1	1
240	1	0.0	1	1
244	2	0.0	1	0 2
245	1	0.0	1	0 1
246	1	0.0	1	0 1
247	2	0.0	1	0 2
248	1	0.0	1	0 1
250	4	0.0	1	0 4
251	61	0.0	1	0 61

RUN STATISTICS FOR INPUT FILE: E73/host_removal/E73_R1.fastq.gz
=============================================
956124 sequences processed in total
The length threshold of paired-end sequences gets evaluated later on (in the validation step)

Writing report to '/workspace/lab/mcarthurlab/nasirja/covid-19-signal/benchmark_output/PRJNA689621_subset-input_results_dir/E73/adapter_trimmed/E73_R2.fastq.gz_trimming_report.txt'

SUMMARISING RUN PARAMETERS
==========================
Input filename: E73/host_removal/E73_R2.fastq.gz
Trimming mode: paired-end
Trim Galore version: 0.6.4_dev
Cutadapt version: 4.8
Python version: could not detect
Number of cores used for trimming: 2
Quality Phred score cutoff: 20
Quality encoding type selected: ASCII+33
Adapter sequence: 'AGATCGGAAGAGC' (Illumina TruSeq, Sanger iPCR; auto-detected)
Maximum trimming error rate: 0.1 (default)
Minimum required adapter overlap (stringency): 1 bp
Minimum required sequence length for both reads before a sequence pair gets removed: 20 bp
Running FastQC on the data once trimming has completed
Output file(s) will be GZIP compressed

Cutadapt seems to be fairly up-to-date (version 4.8). Setting -j -j 2
Writing final adapter and quality trimmed output to E73_R2_trimmed.fq.gz


  >>> Now performing quality (cutoff '-q 20') and adapter trimming in a single pass for the adapter sequence: 'AGATCGGAAGAGC' from file E73/host_removal/E73_R2.fastq.gz <<< 
This is cutadapt 4.8 with Python 3.12.3
Command line parameters: -j 2 -e 0.1 -q 20 -O 1 -a AGATCGGAAGAGC E73/host_removal/E73_R2.fastq.gz
Processing single-end reads on 2 cores ...
Finished in 39.604 s (41.421 µs/read; 1.45 M reads/minute).

=== Summary ===

Total reads processed:                 956,124
Reads with adapters:                   339,463 (35.5%)
Reads written (passing filters):       956,124 (100.0%)

Total basepairs processed:   239,987,124 bp
Quality-trimmed:               4,762,089 bp (2.0%)
Total written (filtered):    234,264,404 bp (97.6%)

=== Adapter 1 ===

Sequence: AGATCGGAAGAGC; Type: regular 3'; Length: 13; Trimmed: 339463 times

Minimum overlap: 1
No. of allowed errors:
1-9 bp: 0; 10-13 bp: 1

Bases preceding removed adapters:
  A: 39.2%
  C: 17.6%
  G: 10.4%
  T: 32.7%
  none/other: 0.1%

Overview of removed sequences
length	count	expect	max.err	error counts
1	252964	239031.0	0	252964
2	63488	59757.8	0	63488
3	6279	14939.4	0	6279
4	961	3734.9	0	961
5	122	933.7	0	122
6	152	233.4	0	152
7	6047	58.4	0	6047
8	94	14.6	0	94
9	221	3.6	0	221
10	188	0.9	1	175 13
11	65	0.2	1	59 6
12	94	0.1	1	88 6
13	33	0.0	1	24 9
14	60	0.0	1	54 6
15	26	0.0	1	23 3
16	43	0.0	1	35 8
17	71	0.0	1	63 8
18	22	0.0	1	13 9
19	46	0.0	1	43 3
20	24	0.0	1	23 1
21	33	0.0	1	30 3
22	473	0.0	1	447 26
23	79	0.0	1	73 6
24	1039	0.0	1	995 44
25	21	0.0	1	13 8
26	73	0.0	1	64 9
27	89	0.0	1	80 9
28	85	0.0	1	75 10
29	54	0.0	1	48 6
30	162	0.0	1	148 14
31	32	0.0	1	28 4
32	153	0.0	1	136 17
33	42	0.0	1	38 4
34	116	0.0	1	108 8
35	93	0.0	1	92 1
36	68	0.0	1	66 2
37	322	0.0	1	317 5
38	53	0.0	1	50 3
39	80	0.0	1	73 7
40	155	0.0	1	143 12
41	77	0.0	1	71 6
42	191	0.0	1	185 6
43	76	0.0	1	71 5
44	59	0.0	1	57 2
45	211	0.0	1	203 8
46	100	0.0	1	97 3
47	117	0.0	1	113 4
48	63	0.0	1	61 2
49	79	0.0	1	78 1
50	53	0.0	1	50 3
51	24	0.0	1	23 1
52	25	0.0	1	25
53	36	0.0	1	36
54	89	0.0	1	89
55	36	0.0	1	35 1
56	78	0.0	1	75 3
57	138	0.0	1	130 8
58	84	0.0	1	81 3
59	44	0.0	1	41 3
60	77	0.0	1	75 2
61	52	0.0	1	50 2
62	36	0.0	1	35 1
63	87	0.0	1	84 3
64	47	0.0	1	47
65	29	0.0	1	29
66	9	0.0	1	9
67	7	0.0	1	7
68	20	0.0	1	19 1
69	15	0.0	1	15
70	18	0.0	1	17 1
71	14	0.0	1	14
72	44	0.0	1	43 1
73	52	0.0	1	50 2
74	61	0.0	1	57 4
75	79	0.0	1	76 3
76	94	0.0	1	92 2
77	131	0.0	1	125 6
78	184	0.0	1	168 16
79	318	0.0	1	269 49
80	639	0.0	1	583 56
81	332	0.0	1	298 34
82	145	0.0	1	126 19
83	97	0.0	1	84 13
84	51	0.0	1	48 3
85	34	0.0	1	25 9
86	27	0.0	1	19 8
87	12	0.0	1	8 4
88	17	0.0	1	12 5
89	17	0.0	1	10 7
90	19	0.0	1	14 5
91	15	0.0	1	11 4
92	12	0.0	1	10 2
93	12	0.0	1	10 2
94	252	0.0	1	244 8
95	34	0.0	1	30 4
96	25	0.0	1	20 5
97	14	0.0	1	12 2
98	11	0.0	1	8 3
99	6	0.0	1	5 1
100	10	0.0	1	7 3
101	5	0.0	1	5
103	5	0.0	1	4 1
104	5	0.0	1	4 1
105	4	0.0	1	2 2
106	3	0.0	1	0 3
107	7	0.0	1	6 1
108	9	0.0	1	9
109	6	0.0	1	4 2
111	18	0.0	1	17 1
112	6	0.0	1	5 1
113	5	0.0	1	3 2
114	9	0.0	1	5 4
115	5	0.0	1	5
116	4	0.0	1	2 2
117	3	0.0	1	3
118	3	0.0	1	2 1
119	2	0.0	1	1 1
120	5	0.0	1	1 4
121	1	0.0	1	0 1
122	3	0.0	1	3
123	1	0.0	1	1
124	4	0.0	1	2 2
125	2	0.0	1	2
126	3	0.0	1	2 1
127	33	0.0	1	30 3
128	3	0.0	1	2 1
129	6	0.0	1	4 2
130	3	0.0	1	2 1
131	3	0.0	1	1 2
132	3	0.0	1	3
133	2	0.0	1	1 1
134	6	0.0	1	5 1
135	4	0.0	1	1 3
136	1	0.0	1	1
137	1	0.0	1	1
138	1	0.0	1	1
139	2	0.0	1	2
141	1	0.0	1	0 1
142	1	0.0	1	0 1
143	1	0.0	1	0 1
144	6	0.0	1	3 3
147	8	0.0	1	7 1
148	2	0.0	1	1 1
149	3	0.0	1	2 1
150	7	0.0	1	7
151	10	0.0	1	10
152	2	0.0	1	2
153	3	0.0	1	3
154	8	0.0	1	8
156	16	0.0	1	16
157	3	0.0	1	2 1
158	1	0.0	1	1
159	2	0.0	1	2
160	4	0.0	1	4
161	6	0.0	1	5 1
162	4	0.0	1	2 2
163	1	0.0	1	1
164	3	0.0	1	2 1
165	4	0.0	1	4
166	6	0.0	1	6
167	11	0.0	1	10 1
168	2	0.0	1	2
169	1	0.0	1	1
171	1	0.0	1	0 1
172	3	0.0	1	3
173	2	0.0	1	1 1
174	7	0.0	1	5 2
175	9	0.0	1	9
176	6	0.0	1	4 2
178	1	0.0	1	1
179	2	0.0	1	2
180	3	0.0	1	2 1
181	2	0.0	1	2
182	1	0.0	1	1
184	1	0.0	1	1
185	4	0.0	1	3 1
186	2	0.0	1	2
187	7	0.0	1	7
188	2	0.0	1	2
189	2	0.0	1	2
190	3	0.0	1	3
192	6	0.0	1	6
193	5	0.0	1	4 1
194	2	0.0	1	1 1
195	3	0.0	1	3
196	1	0.0	1	1
197	4	0.0	1	4
199	1	0.0	1	1
200	3	0.0	1	3
201	2	0.0	1	1 1
202	3	0.0	1	3
203	3	0.0	1	3
204	2	0.0	1	2
205	6	0.0	1	6
206	1	0.0	1	1
207	3	0.0	1	3
208	10	0.0	1	10
209	4	0.0	1	4
210	10	0.0	1	9 1
211	1	0.0	1	1
212	1	0.0	1	1
213	2	0.0	1	2
214	2	0.0	1	2
215	2	0.0	1	2
216	1	0.0	1	1
217	2	0.0	1	0 2
220	1	0.0	1	0 1
221	2	0.0	1	1 1
222	2	0.0	1	2
224	1	0.0	1	1
228	1	0.0	1	1
238	1	0.0	1	1
246	1	0.0	1	1
248	1	0.0	1	0 1
250	3	0.0	1	0 3
251	53	0.0	1	0 53

RUN STATISTICS FOR INPUT FILE: E73/host_removal/E73_R2.fastq.gz
=============================================
956124 sequences processed in total
The length threshold of paired-end sequences gets evaluated later on (in the validation step)

Validate paired-end files E73_R1_trimmed.fq.gz and E73_R2_trimmed.fq.gz
file_1: E73_R1_trimmed.fq.gz, file_2: E73_R2_trimmed.fq.gz


>>>>> Now validing the length of the 2 paired-end infiles: E73_R1_trimmed.fq.gz and E73_R2_trimmed.fq.gz <<<<<
Writing validated paired-end Read 1 reads to E73_R1_val_1.fq.gz
Writing validated paired-end Read 2 reads to E73_R2_val_2.fq.gz

Total number of sequences analysed: 956124

Number of sequence pairs removed because at least one read was shorter than the length cutoff (20 bp): 1485 (0.16%)


  >>> Now running FastQC on the validated data E73_R1_val_1.fq.gz<<<

Started analysis of E73_R1_val_1.fq.gz
Approx 5% complete for E73_R1_val_1.fq.gz
Approx 10% complete for E73_R1_val_1.fq.gz
Approx 15% complete for E73_R1_val_1.fq.gz
Approx 20% complete for E73_R1_val_1.fq.gz
Approx 25% complete for E73_R1_val_1.fq.gz
Approx 30% complete for E73_R1_val_1.fq.gz
Approx 35% complete for E73_R1_val_1.fq.gz
Approx 40% complete for E73_R1_val_1.fq.gz
Approx 45% complete for E73_R1_val_1.fq.gz
Approx 50% complete for E73_R1_val_1.fq.gz
Approx 55% complete for E73_R1_val_1.fq.gz
Approx 60% complete for E73_R1_val_1.fq.gz
Approx 65% complete for E73_R1_val_1.fq.gz
Approx 70% complete for E73_R1_val_1.fq.gz
Approx 75% complete for E73_R1_val_1.fq.gz
Approx 80% complete for E73_R1_val_1.fq.gz
Approx 85% complete for E73_R1_val_1.fq.gz
Approx 90% complete for E73_R1_val_1.fq.gz
Approx 95% complete for E73_R1_val_1.fq.gz

  >>> Now running FastQC on the validated data E73_R2_val_2.fq.gz<<<

Started analysis of E73_R2_val_2.fq.gz
Approx 5% complete for E73_R2_val_2.fq.gz
Approx 10% complete for E73_R2_val_2.fq.gz
Approx 15% complete for E73_R2_val_2.fq.gz
Approx 20% complete for E73_R2_val_2.fq.gz
Approx 25% complete for E73_R2_val_2.fq.gz
Approx 30% complete for E73_R2_val_2.fq.gz
Approx 35% complete for E73_R2_val_2.fq.gz
Approx 40% complete for E73_R2_val_2.fq.gz
Approx 45% complete for E73_R2_val_2.fq.gz
Approx 50% complete for E73_R2_val_2.fq.gz
Approx 55% complete for E73_R2_val_2.fq.gz
Approx 60% complete for E73_R2_val_2.fq.gz
Approx 65% complete for E73_R2_val_2.fq.gz
Approx 70% complete for E73_R2_val_2.fq.gz
Approx 75% complete for E73_R2_val_2.fq.gz
Approx 80% complete for E73_R2_val_2.fq.gz
Approx 85% complete for E73_R2_val_2.fq.gz
Approx 90% complete for E73_R2_val_2.fq.gz
Approx 95% complete for E73_R2_val_2.fq.gz
Deleting both intermediate output files E73_R1_trimmed.fq.gz and E73_R2_trimmed.fq.gz

====================================================================================================

