Path to Cutadapt set as: 'cutadapt' (default)
Cutadapt seems to be working fine (tested command 'cutadapt --version')
Cutadapt version: 4.1
Could not detect version of Python used by Cutadapt from the first line of Cutadapt (but found this: >>>#!/bin/sh<<<)
Letting the (modified) Cutadapt deal with the Python version instead
Parallel gzip (pigz) detected. Proceeding with multicore (de)compression using 2 cores

No quality encoding type selected. Assuming that the data provided uses Sanger encoded Phred scores (default)

Output will be written into the directory: /workspace/home/nasirja/covid-19-signal/subset_viral_7_results_dir/SC2289/adapter_trimmed/


AUTO-DETECTING ADAPTER TYPE
===========================
Attempting to auto-detect adapter type from the first 1 million sequences of the first file (>> SC2289/host_removal/SC2289_R1.fastq.gz <<)

Found perfect matches for the following adapter sequences:
Adapter type	Count	Sequence	Sequences analysed	Percentage
Illumina	11602	AGATCGGAAGAGC	705956	1.64
smallRNA	0	TGGAATTCTCGG	705956	0.00
Nextera	0	CTGTCTCTTATA	705956	0.00
Using Illumina adapter for trimming (count: 11602). Second best hit was smallRNA (count: 0)

Writing report to '/workspace/home/nasirja/covid-19-signal/subset_viral_7_results_dir/SC2289/adapter_trimmed/SC2289_R1.fastq.gz_trimming_report.txt'

SUMMARISING RUN PARAMETERS
==========================
Input filename: SC2289/host_removal/SC2289_R1.fastq.gz
Trimming mode: paired-end
Trim Galore version: 0.6.4_dev
Cutadapt version: 4.1
Python version: could not detect
Number of cores used for trimming: 2
Quality Phred score cutoff: 20
Quality encoding type selected: ASCII+33
Adapter sequence: 'AGATCGGAAGAGC' (Illumina TruSeq, Sanger iPCR; auto-detected)
Maximum trimming error rate: 0.1 (default)
Minimum required adapter overlap (stringency): 1 bp
Minimum required sequence length for both reads before a sequence pair gets removed: 20 bp
Running FastQC on the data once trimming has completed
Output file(s) will be GZIP compressed

Cutadapt seems to be fairly up-to-date (version 4.1). Setting -j 2
Writing final adapter and quality trimmed output to SC2289_R1_trimmed.fq.gz


  >>> Now performing quality (cutoff '-q 20') and adapter trimming in a single pass for the adapter sequence: 'AGATCGGAAGAGC' from file SC2289/host_removal/SC2289_R1.fastq.gz <<< 
This is cutadapt 4.1 with Python 3.9.13
Command line parameters: -j 2 -e 0.1 -q 20 -O 1 -a AGATCGGAAGAGC SC2289/host_removal/SC2289_R1.fastq.gz
Processing single-end reads on 2 cores ...
Finished in 26.99 s (38 µs/read; 1.57 M reads/minute).

=== Summary ===

Total reads processed:                 705,956
Reads with adapters:                   247,163 (35.0%)
Reads written (passing filters):       705,956 (100.0%)

Total basepairs processed:   177,194,956 bp
Quality-trimmed:               1,588,939 bp (0.9%)
Total written (filtered):    173,802,725 bp (98.1%)

=== Adapter 1 ===

Sequence: AGATCGGAAGAGC; Type: regular 3'; Length: 13; Trimmed: 247163 times

Minimum overlap: 1
No. of allowed errors:
1-9 bp: 0; 10-13 bp: 1

Bases preceding removed adapters:
  A: 36.2%
  C: 20.6%
  G: 10.5%
  T: 31.0%
  none/other: 1.6%

Overview of removed sequences
length	count	expect	max.err	error counts
1	161149	176489.0	0	161149
2	58076	44122.2	0	58076
3	7038	11030.6	0	7038
4	3424	2757.6	0	3424
5	120	689.4	0	120
6	72	172.4	0	72
7	828	43.1	0	828
8	42	10.8	0	42
9	96	2.7	0	95 1
10	95	0.7	1	90 5
11	46	0.2	1	42 4
12	102	0.0	1	94 8
13	68	0.0	1	64 4
14	40	0.0	1	39 1
15	71	0.0	1	64 7
16	48	0.0	1	47 1
17	64	0.0	1	59 5
18	61	0.0	1	61
19	62	0.0	1	57 5
20	61	0.0	1	60 1
21	49	0.0	1	49
22	61	0.0	1	50 11
23	46	0.0	1	43 3
24	132	0.0	1	127 5
25	107	0.0	1	91 16
26	35	0.0	1	26 9
27	62	0.0	1	54 8
28	94	0.0	1	86 8
29	52	0.0	1	46 6
30	59	0.0	1	54 5
31	64	0.0	1	57 7
32	113	0.0	1	105 8
33	59	0.0	1	47 12
34	97	0.0	1	85 12
35	89	0.0	1	81 8
36	36	0.0	1	30 6
37	118	0.0	1	114 4
38	48	0.0	1	45 3
39	52	0.0	1	47 5
40	53	0.0	1	49 4
41	64	0.0	1	61 3
42	358	0.0	1	346 12
43	321	0.0	1	310 11
44	59	0.0	1	56 3
45	109	0.0	1	106 3
46	51	0.0	1	44 7
47	89	0.0	1	80 9
48	44	0.0	1	41 3
49	78	0.0	1	72 6
50	29	0.0	1	27 2
51	68	0.0	1	66 2
52	58	0.0	1	51 7
53	72	0.0	1	56 16
54	177	0.0	1	154 23
55	89	0.0	1	82 7
56	48	0.0	1	45 3
57	88	0.0	1	82 6
58	38	0.0	1	36 2
59	82	0.0	1	79 3
60	38	0.0	1	36 2
61	44	0.0	1	41 3
62	34	0.0	1	31 3
63	58	0.0	1	54 4
64	23	0.0	1	23
65	44	0.0	1	43 1
66	45	0.0	1	40 5
67	27	0.0	1	21 6
68	50	0.0	1	45 5
69	296	0.0	1	287 9
70	82	0.0	1	72 10
71	76	0.0	1	64 12
72	119	0.0	1	97 22
73	167	0.0	1	122 45
74	348	0.0	1	227 121
75	711	0.0	1	446 265
76	1595	0.0	1	1230 365
77	1298	0.0	1	1017 281
78	766	0.0	1	546 220
79	523	0.0	1	386 137
80	368	0.0	1	255 113
81	223	0.0	1	143 80
82	172	0.0	1	124 48
83	135	0.0	1	95 40
84	113	0.0	1	79 34
85	111	0.0	1	72 39
86	99	0.0	1	60 39
87	93	0.0	1	58 35
88	71	0.0	1	43 28
89	114	0.0	1	85 29
90	66	0.0	1	41 25
91	55	0.0	1	34 21
92	38	0.0	1	31 7
93	63	0.0	1	45 18
94	128	0.0	1	100 28
95	52	0.0	1	38 14
96	85	0.0	1	67 18
97	75	0.0	1	62 13
98	32	0.0	1	17 15
99	39	0.0	1	32 7
100	51	0.0	1	42 9
101	43	0.0	1	35 8
102	27	0.0	1	20 7
103	28	0.0	1	18 10
104	36	0.0	1	23 13
105	42	0.0	1	30 12
106	25	0.0	1	13 12
107	34	0.0	1	21 13
108	41	0.0	1	24 17
109	34	0.0	1	20 14
110	18	0.0	1	7 11
111	23	0.0	1	15 8
112	30	0.0	1	12 18
113	34	0.0	1	21 13
114	32	0.0	1	20 12
115	22	0.0	1	9 13
116	27	0.0	1	14 13
117	28	0.0	1	20 8
118	20	0.0	1	12 8
119	19	0.0	1	5 14
120	14	0.0	1	10 4
121	19	0.0	1	11 8
122	11	0.0	1	7 4
123	25	0.0	1	15 10
124	16	0.0	1	5 11
125	17	0.0	1	10 7
126	14	0.0	1	8 6
127	69	0.0	1	54 15
128	21	0.0	1	9 12
129	18	0.0	1	7 11
130	22	0.0	1	12 10
131	18	0.0	1	11 7
132	19	0.0	1	7 12
133	28	0.0	1	17 11
134	21	0.0	1	10 11
135	16	0.0	1	7 9
136	19	0.0	1	8 11
137	19	0.0	1	8 11
138	22	0.0	1	5 17
139	27	0.0	1	7 20
140	20	0.0	1	5 15
141	42	0.0	1	35 7
142	31	0.0	1	15 16
143	17	0.0	1	5 12
144	21	0.0	1	9 12
145	20	0.0	1	14 6
146	35	0.0	1	18 17
147	38	0.0	1	24 14
148	20	0.0	1	10 10
149	18	0.0	1	8 10
150	13	0.0	1	3 10
151	29	0.0	1	15 14
152	19	0.0	1	11 8
153	24	0.0	1	12 12
154	25	0.0	1	16 9
155	28	0.0	1	14 14
156	54	0.0	1	39 15
157	40	0.0	1	24 16
158	36	0.0	1	26 10
159	33	0.0	1	20 13
160	57	0.0	1	49 8
161	44	0.0	1	33 11
162	31	0.0	1	26 5
163	34	0.0	1	21 13
164	34	0.0	1	25 9
165	20	0.0	1	10 10
166	30	0.0	1	21 9
167	46	0.0	1	38 8
168	34	0.0	1	26 8
169	45	0.0	1	33 12
170	27	0.0	1	15 12
171	11	0.0	1	6 5
172	36	0.0	1	29 7
173	22	0.0	1	16 6
174	29	0.0	1	16 13
175	29	0.0	1	19 10
176	22	0.0	1	14 8
177	17	0.0	1	12 5
178	18	0.0	1	5 13
179	14	0.0	1	4 10
180	25	0.0	1	15 10
181	21	0.0	1	13 8
182	12	0.0	1	3 9
183	18	0.0	1	8 10
184	13	0.0	1	11 2
185	38	0.0	1	30 8
186	11	0.0	1	1 10
187	13	0.0	1	3 10
188	5	0.0	1	0 5
189	11	0.0	1	4 7
190	9	0.0	1	4 5
191	10	0.0	1	5 5
192	14	0.0	1	8 6
193	19	0.0	1	13 6
194	8	0.0	1	2 6
195	8	0.0	1	3 5
196	6	0.0	1	4 2
197	11	0.0	1	5 6
198	7	0.0	1	4 3
199	6	0.0	1	4 2
200	17	0.0	1	11 6
201	6	0.0	1	2 4
202	4	0.0	1	2 2
203	10	0.0	1	7 3
204	5	0.0	1	2 3
205	6	0.0	1	2 4
206	7	0.0	1	5 2
207	5	0.0	1	4 1
208	5	0.0	1	4 1
209	9	0.0	1	7 2
210	15	0.0	1	13 2
211	7	0.0	1	5 2
212	7	0.0	1	5 2
213	2	0.0	1	1 1
214	13	0.0	1	10 3
215	9	0.0	1	5 4
216	2	0.0	1	2
217	6	0.0	1	4 2
218	4	0.0	1	2 2
219	5	0.0	1	3 2
220	5	0.0	1	0 5
221	6	0.0	1	3 3
222	2	0.0	1	1 1
223	5	0.0	1	4 1
224	7	0.0	1	4 3
225	4	0.0	1	3 1
226	5	0.0	1	1 4
227	5	0.0	1	3 2
228	5	0.0	1	3 2
229	5	0.0	1	4 1
230	8	0.0	1	6 2
231	6	0.0	1	4 2
232	7	0.0	1	3 4
233	4	0.0	1	2 2
234	3	0.0	1	2 1
235	3	0.0	1	3
236	4	0.0	1	1 3
237	2	0.0	1	1 1
238	7	0.0	1	2 5
239	4	0.0	1	3 1
240	2	0.0	1	0 2
241	1	0.0	1	0 1
242	5	0.0	1	2 3
243	1	0.0	1	1
244	5	0.0	1	1 4
245	5	0.0	1	0 5
246	4	0.0	1	0 4
247	10	0.0	1	0 10
248	13	0.0	1	0 13
249	24	0.0	1	1 23
250	57	0.0	1	0 57
251	931	0.0	1	1 930

RUN STATISTICS FOR INPUT FILE: SC2289/host_removal/SC2289_R1.fastq.gz
=============================================
705956 sequences processed in total
The length threshold of paired-end sequences gets evaluated later on (in the validation step)

Writing report to '/workspace/home/nasirja/covid-19-signal/subset_viral_7_results_dir/SC2289/adapter_trimmed/SC2289_R2.fastq.gz_trimming_report.txt'

SUMMARISING RUN PARAMETERS
==========================
Input filename: SC2289/host_removal/SC2289_R2.fastq.gz
Trimming mode: paired-end
Trim Galore version: 0.6.4_dev
Cutadapt version: 4.1
Python version: could not detect
Number of cores used for trimming: 2
Quality Phred score cutoff: 20
Quality encoding type selected: ASCII+33
Adapter sequence: 'AGATCGGAAGAGC' (Illumina TruSeq, Sanger iPCR; auto-detected)
Maximum trimming error rate: 0.1 (default)
Minimum required adapter overlap (stringency): 1 bp
Minimum required sequence length for both reads before a sequence pair gets removed: 20 bp
Running FastQC on the data once trimming has completed
Output file(s) will be GZIP compressed

Cutadapt seems to be fairly up-to-date (version 4.1). Setting -j -j 2
Writing final adapter and quality trimmed output to SC2289_R2_trimmed.fq.gz


  >>> Now performing quality (cutoff '-q 20') and adapter trimming in a single pass for the adapter sequence: 'AGATCGGAAGAGC' from file SC2289/host_removal/SC2289_R2.fastq.gz <<< 
This is cutadapt 4.1 with Python 3.9.13
Command line parameters: -j 2 -e 0.1 -q 20 -O 1 -a AGATCGGAAGAGC SC2289/host_removal/SC2289_R2.fastq.gz
Processing single-end reads on 2 cores ...
Finished in 27.65 s (39 µs/read; 1.53 M reads/minute).

=== Summary ===

Total reads processed:                 705,956
Reads with adapters:                   240,828 (34.1%)
Reads written (passing filters):       705,956 (100.0%)

Total basepairs processed:   177,194,956 bp
Quality-trimmed:               2,902,681 bp (1.6%)
Total written (filtered):    172,691,555 bp (97.5%)

=== Adapter 1 ===

Sequence: AGATCGGAAGAGC; Type: regular 3'; Length: 13; Trimmed: 240828 times

Minimum overlap: 1
No. of allowed errors:
1-9 bp: 0; 10-13 bp: 1

Bases preceding removed adapters:
  A: 38.9%
  C: 19.3%
  G: 10.8%
  T: 29.1%
  none/other: 2.0%

Overview of removed sequences
length	count	expect	max.err	error counts
1	161085	176489.0	0	161085
2	52733	44122.2	0	52733
3	7009	11030.6	0	7009
4	2725	2757.6	0	2725
5	133	689.4	0	133
6	65	172.4	0	65
7	835	43.1	0	835
8	35	10.8	0	35
9	107	2.7	0	106 1
10	95	0.7	1	88 7
11	35	0.2	1	31 4
12	101	0.0	1	97 4
13	17	0.0	1	12 5
14	110	0.0	1	107 3
15	40	0.0	1	39 1
16	49	0.0	1	48 1
17	97	0.0	1	93 4
18	23	0.0	1	23
19	98	0.0	1	92 6
20	33	0.0	1	31 2
21	10	0.0	1	10
22	54	0.0	1	52 2
23	65	0.0	1	61 4
24	204	0.0	1	194 10
25	16	0.0	1	12 4
26	76	0.0	1	70 6
27	93	0.0	1	87 6
28	96	0.0	1	87 9
29	34	0.0	1	31 3
30	134	0.0	1	122 12
31	27	0.0	1	19 8
32	150	0.0	1	136 14
33	67	0.0	1	66 1
34	44	0.0	1	40 4
35	65	0.0	1	61 4
36	107	0.0	1	102 5
37	171	0.0	1	165 6
38	105	0.0	1	95 10
39	108	0.0	1	102 6
40	243	0.0	1	235 8
41	217	0.0	1	206 11
42	392	0.0	1	356 36
43	435	0.0	1	404 31
44	464	0.0	1	418 46
45	474	0.0	1	448 26
46	224	0.0	1	213 11
47	232	0.0	1	222 10
48	147	0.0	1	137 10
49	106	0.0	1	101 5
50	63	0.0	1	58 5
51	106	0.0	1	101 5
52	61	0.0	1	60 1
53	114	0.0	1	102 12
54	255	0.0	1	245 10
55	64	0.0	1	51 13
56	186	0.0	1	160 26
57	430	0.0	1	420 10
58	133	0.0	1	129 4
59	48	0.0	1	39 9
60	89	0.0	1	87 2
61	36	0.0	1	30 6
62	27	0.0	1	23 4
63	48	0.0	1	44 4
64	15	0.0	1	14 1
65	13	0.0	1	13
66	13	0.0	1	13
67	11	0.0	1	10 1
68	18	0.0	1	17 1
69	70	0.0	1	65 5
70	28	0.0	1	27 1
71	10	0.0	1	7 3
72	15	0.0	1	13 2
73	17	0.0	1	12 5
74	49	0.0	1	40 9
75	60	0.0	1	52 8
76	111	0.0	1	71 40
77	194	0.0	1	124 70
78	323	0.0	1	199 124
79	611	0.0	1	301 310
80	1059	0.0	1	556 503
81	1067	0.0	1	637 430
82	801	0.0	1	407 394
83	484	0.0	1	223 261
84	350	0.0	1	153 197
85	203	0.0	1	90 113
86	169	0.0	1	77 92
87	111	0.0	1	47 64
88	106	0.0	1	46 60
89	100	0.0	1	62 38
90	71	0.0	1	26 45
91	71	0.0	1	29 42
92	58	0.0	1	14 44
93	62	0.0	1	22 40
94	93	0.0	1	69 24
95	40	0.0	1	16 24
96	66	0.0	1	38 28
97	57	0.0	1	43 14
98	26	0.0	1	12 14
99	23	0.0	1	13 10
100	31	0.0	1	16 15
101	42	0.0	1	25 17
102	26	0.0	1	10 16
103	21	0.0	1	6 15
104	26	0.0	1	12 14
105	27	0.0	1	19 8
106	17	0.0	1	8 9
107	24	0.0	1	10 14
108	32	0.0	1	21 11
109	14	0.0	1	6 8
110	19	0.0	1	8 11
111	15	0.0	1	6 9
112	14	0.0	1	4 10
113	18	0.0	1	11 7
114	28	0.0	1	7 21
115	11	0.0	1	4 7
116	15	0.0	1	7 8
117	27	0.0	1	14 13
118	19	0.0	1	4 15
119	24	0.0	1	10 14
120	19	0.0	1	4 15
121	11	0.0	1	4 7
122	13	0.0	1	4 9
123	24	0.0	1	10 14
124	13	0.0	1	5 8
125	21	0.0	1	5 16
126	18	0.0	1	8 10
127	53	0.0	1	31 22
128	17	0.0	1	6 11
129	9	0.0	1	1 8
130	9	0.0	1	2 7
131	10	0.0	1	2 8
132	25	0.0	1	4 21
133	16	0.0	1	7 9
134	16	0.0	1	4 12
135	14	0.0	1	4 10
136	10	0.0	1	1 9
137	11	0.0	1	2 9
138	13	0.0	1	2 11
139	14	0.0	1	1 13
140	12	0.0	1	2 10
141	28	0.0	1	16 12
142	13	0.0	1	3 10
143	15	0.0	1	3 12
144	10	0.0	1	1 9
145	17	0.0	1	5 12
146	20	0.0	1	12 8
147	16	0.0	1	10 6
148	9	0.0	1	4 5
149	15	0.0	1	6 9
150	18	0.0	1	2 16
151	16	0.0	1	7 9
152	15	0.0	1	6 9
153	15	0.0	1	4 11
154	17	0.0	1	8 9
155	19	0.0	1	11 8
156	26	0.0	1	16 10
157	28	0.0	1	19 9
158	19	0.0	1	13 6
159	27	0.0	1	16 11
160	39	0.0	1	32 7
161	30	0.0	1	22 8
162	29	0.0	1	25 4
163	17	0.0	1	12 5
164	27	0.0	1	18 9
165	5	0.0	1	3 2
166	24	0.0	1	18 6
167	27	0.0	1	22 5
168	20	0.0	1	13 7
169	28	0.0	1	17 11
170	13	0.0	1	10 3
171	4	0.0	1	2 2
172	16	0.0	1	11 5
173	13	0.0	1	10 3
174	14	0.0	1	11 3
175	15	0.0	1	11 4
176	13	0.0	1	10 3
177	5	0.0	1	4 1
178	6	0.0	1	3 3
179	6	0.0	1	3 3
180	12	0.0	1	10 2
181	10	0.0	1	10
182	2	0.0	1	0 2
183	5	0.0	1	5
184	6	0.0	1	1 5
185	18	0.0	1	17 1
186	2	0.0	1	1 1
187	4	0.0	1	4
188	1	0.0	1	1
189	2	0.0	1	2
190	5	0.0	1	1 4
191	5	0.0	1	3 2
192	8	0.0	1	6 2
193	5	0.0	1	4 1
194	3	0.0	1	0 3
195	5	0.0	1	3 2
196	6	0.0	1	5 1
197	6	0.0	1	2 4
198	7	0.0	1	5 2
199	4	0.0	1	4
200	8	0.0	1	5 3
201	1	0.0	1	1
202	1	0.0	1	1
203	10	0.0	1	8 2
205	1	0.0	1	1
206	5	0.0	1	4 1
207	2	0.0	1	1 1
208	8	0.0	1	7 1
209	9	0.0	1	9
210	4	0.0	1	4
211	1	0.0	1	1
212	3	0.0	1	3
213	4	0.0	1	4
214	4	0.0	1	4
215	5	0.0	1	5
216	1	0.0	1	1
217	2	0.0	1	2
218	3	0.0	1	2 1
219	1	0.0	1	0 1
220	1	0.0	1	1
221	2	0.0	1	2
222	1	0.0	1	1
223	1	0.0	1	0 1
225	2	0.0	1	2
226	3	0.0	1	2 1
227	4	0.0	1	4
228	2	0.0	1	2
229	1	0.0	1	1
230	1	0.0	1	1
231	4	0.0	1	4
232	3	0.0	1	3
233	1	0.0	1	1
234	2	0.0	1	2
237	2	0.0	1	1 1
238	1	0.0	1	1
239	2	0.0	1	2
240	2	0.0	1	0 2
242	1	0.0	1	1
244	1	0.0	1	0 1
245	4	0.0	1	0 4
246	4	0.0	1	1 3
247	4	0.0	1	0 4
248	9	0.0	1	2 7
249	7	0.0	1	0 7
250	30	0.0	1	0 30
251	832	0.0	1	0 832

RUN STATISTICS FOR INPUT FILE: SC2289/host_removal/SC2289_R2.fastq.gz
=============================================
705956 sequences processed in total
The length threshold of paired-end sequences gets evaluated later on (in the validation step)

Validate paired-end files SC2289_R1_trimmed.fq.gz and SC2289_R2_trimmed.fq.gz
file_1: SC2289_R1_trimmed.fq.gz, file_2: SC2289_R2_trimmed.fq.gz


>>>>> Now validing the length of the 2 paired-end infiles: SC2289_R1_trimmed.fq.gz and SC2289_R2_trimmed.fq.gz <<<<<
Writing validated paired-end Read 1 reads to SC2289_R1_val_1.fq.gz
Writing validated paired-end Read 2 reads to SC2289_R2_val_2.fq.gz

Total number of sequences analysed: 705956

Number of sequence pairs removed because at least one read was shorter than the length cutoff (20 bp): 6934 (0.98%)


  >>> Now running FastQC on the validated data SC2289_R1_val_1.fq.gz<<<

Started analysis of SC2289_R1_val_1.fq.gz
Approx 5% complete for SC2289_R1_val_1.fq.gz
Approx 10% complete for SC2289_R1_val_1.fq.gz
Approx 15% complete for SC2289_R1_val_1.fq.gz
Approx 20% complete for SC2289_R1_val_1.fq.gz
Approx 25% complete for SC2289_R1_val_1.fq.gz
Approx 30% complete for SC2289_R1_val_1.fq.gz
Approx 35% complete for SC2289_R1_val_1.fq.gz
Approx 40% complete for SC2289_R1_val_1.fq.gz
Approx 45% complete for SC2289_R1_val_1.fq.gz
Approx 50% complete for SC2289_R1_val_1.fq.gz
Approx 55% complete for SC2289_R1_val_1.fq.gz
Approx 60% complete for SC2289_R1_val_1.fq.gz
Approx 65% complete for SC2289_R1_val_1.fq.gz
Approx 70% complete for SC2289_R1_val_1.fq.gz
Approx 75% complete for SC2289_R1_val_1.fq.gz
Approx 80% complete for SC2289_R1_val_1.fq.gz
Approx 85% complete for SC2289_R1_val_1.fq.gz
Approx 90% complete for SC2289_R1_val_1.fq.gz
Approx 95% complete for SC2289_R1_val_1.fq.gz

  >>> Now running FastQC on the validated data SC2289_R2_val_2.fq.gz<<<

Started analysis of SC2289_R2_val_2.fq.gz
Approx 5% complete for SC2289_R2_val_2.fq.gz
Approx 10% complete for SC2289_R2_val_2.fq.gz
Approx 15% complete for SC2289_R2_val_2.fq.gz
Approx 20% complete for SC2289_R2_val_2.fq.gz
Approx 25% complete for SC2289_R2_val_2.fq.gz
Approx 30% complete for SC2289_R2_val_2.fq.gz
Approx 35% complete for SC2289_R2_val_2.fq.gz
Approx 40% complete for SC2289_R2_val_2.fq.gz
Approx 45% complete for SC2289_R2_val_2.fq.gz
Approx 50% complete for SC2289_R2_val_2.fq.gz
Approx 55% complete for SC2289_R2_val_2.fq.gz
Approx 60% complete for SC2289_R2_val_2.fq.gz
Approx 65% complete for SC2289_R2_val_2.fq.gz
Approx 70% complete for SC2289_R2_val_2.fq.gz
Approx 75% complete for SC2289_R2_val_2.fq.gz
Approx 80% complete for SC2289_R2_val_2.fq.gz
Approx 85% complete for SC2289_R2_val_2.fq.gz
Approx 90% complete for SC2289_R2_val_2.fq.gz
Approx 95% complete for SC2289_R2_val_2.fq.gz
Deleting both intermediate output files SC2289_R1_trimmed.fq.gz and SC2289_R2_trimmed.fq.gz

====================================================================================================

