Aligning contigs to reference...
	Aligning contigs to the reference
Filtering alignments...
Parsing coords...
Loading reference...
	Loaded [MN908947.3]
	Total Regions: 1
	Total Region Length: 29903
Analyzing contigs...
CONTIG: Consensus_Plate4BLANK2.consensus_threshold_0.75_quality_20 (29903bp)
Best alignment score: 877.0 (LEN: 877, IDY: 100.00), Total number of alignments: 30
			Looking for the best set of alignments (out of 30 total alignments)
		This contig has several significant sets of alignments. [An ambiguously mapped contig]
		Using only the very best set (option --ambiguity-usage is set to "one").
			The best set is below. Score: 8849.5, number of alignments: 30, unaligned bases: 20898
		This contig is misassembled.
			Real Alignment 1: 343 849 | 343 849 | 507 507 | 100.0 | MN908947.3 Consensus_Plate4BLANK2.consensus_threshold_0.75_quality_20
			  Incorrectly estimated size of scaffold gap between these two alignments: gap length difference = 0 (local)
			Real Alignment 2: 1087 1312 | 1087 1312 | 226 226 | 100.0 | MN908947.3 Consensus_Plate4BLANK2.consensus_threshold_0.75_quality_20
			  Incorrectly estimated size of scaffold gap between these two alignments: gap length difference = 0 (local)
			Real Alignment 3: 4175 4402 | 4175 4402 | 228 228 | 100.0 | MN908947.3 Consensus_Plate4BLANK2.consensus_threshold_0.75_quality_20
			  Incorrectly estimated size of scaffold gap between these two alignments: gap length difference = 0 (local)
			Real Alignment 4: 5394 5620 | 5394 5620 | 227 227 | 100.0 | MN908947.3 Consensus_Plate4BLANK2.consensus_threshold_0.75_quality_20
			  Incorrectly estimated size of scaffold gap between these two alignments: gap length difference = 0 (local)
			Real Alignment 5: 7440 7648 | 7440 7648 | 209 209 | 100.0 | MN908947.3 Consensus_Plate4BLANK2.consensus_threshold_0.75_quality_20
			  Incorrectly estimated size of scaffold gap between these two alignments: gap length difference = 0 (local)
			Real Alignment 6: 7969 8319 | 7969 8319 | 351 351 | 100.0 | MN908947.3 Consensus_Plate4BLANK2.consensus_threshold_0.75_quality_20
			  Incorrectly estimated size of scaffold gap between these two alignments: gap length difference = 0 (local)
			Real Alignment 7: 8992 9184 | 8992 9184 | 193 193 | 100.0 | MN908947.3 Consensus_Plate4BLANK2.consensus_threshold_0.75_quality_20
			  Incorrectly estimated size of scaffold gap between these two alignments: gap length difference = 0 (local)
			Real Alignment 8: 11148 11218 | 11148 11218 | 71 71 | 100.0 | MN908947.3 Consensus_Plate4BLANK2.consensus_threshold_0.75_quality_20
			  Incorrectly estimated size of scaffold gap between these two alignments: gap length difference = 0 (local)
			Real Alignment 9: 11332 11668 | 11332 11668 | 337 337 | 100.0 | MN908947.3 Consensus_Plate4BLANK2.consensus_threshold_0.75_quality_20
			  Incorrectly estimated size of scaffold gap between these two alignments: gap length difference = 0 (local)
			Real Alignment 10: 12010 12114 | 12010 12114 | 105 105 | 100.0 | MN908947.3 Consensus_Plate4BLANK2.consensus_threshold_0.75_quality_20
			  Incorrectly estimated size of scaffold gap between these two alignments: gap length difference = 0 (local)
			Real Alignment 11: 12440 12779 | 12440 12779 | 340 340 | 99.64 | MN908947.3 Consensus_Plate4BLANK2.consensus_threshold_0.75_quality_20
			  Incorrectly estimated size of scaffold gap between these two alignments: gap length difference = 0 (local)
			Real Alignment 12: 13030 13378 | 13030 13378 | 349 349 | 100.0 | MN908947.3 Consensus_Plate4BLANK2.consensus_threshold_0.75_quality_20
			  Incorrectly estimated size of scaffold gap between these two alignments: gap length difference = 0 (local)
			Real Alignment 13: 13622 14271 | 13622 14271 | 650 650 | 100.0 | MN908947.3 Consensus_Plate4BLANK2.consensus_threshold_0.75_quality_20
			  Incorrectly estimated size of scaffold gap between these two alignments: gap length difference = 0 (local)
			Real Alignment 14: 14676 14796 | 14676 14796 | 121 121 | 99.17 | MN908947.3 Consensus_Plate4BLANK2.consensus_threshold_0.75_quality_20
			  Incorrectly estimated size of scaffold gap between these two alignments: gap length difference = 0 (local)
			Real Alignment 15: 14997 15116 | 14997 15116 | 120 120 | 100.0 | MN908947.3 Consensus_Plate4BLANK2.consensus_threshold_0.75_quality_20
			  Incorrectly estimated size of scaffold gap between these two alignments: gap length difference = 0 (local)
			Real Alignment 16: 15310 16186 | 15310 16186 | 877 877 | 100.0 | MN908947.3 Consensus_Plate4BLANK2.consensus_threshold_0.75_quality_20
			  Incorrectly estimated size of scaffold gap between these two alignments: gap length difference = 0 (local)
			Real Alignment 17: 16583 16663 | 16583 16663 | 81 81 | 100.0 | MN908947.3 Consensus_Plate4BLANK2.consensus_threshold_0.75_quality_20
			  Incorrectly estimated size of scaffold gap between these two alignments: gap length difference = 0 (local)
			Real Alignment 18: 17407 17738 | 17407 17738 | 332 332 | 100.0 | MN908947.3 Consensus_Plate4BLANK2.consensus_threshold_0.75_quality_20
			  Incorrectly estimated size of scaffold gap between these two alignments: gap length difference = 0 (local)
			Real Alignment 19: 17994 18217 | 17994 18217 | 224 224 | 100.0 | MN908947.3 Consensus_Plate4BLANK2.consensus_threshold_0.75_quality_20
			  Incorrectly estimated size of scaffold gap between these two alignments: gap length difference = 0 (local)
			Real Alignment 20: 18424 18503 | 18424 18503 | 80 80 | 100.0 | MN908947.3 Consensus_Plate4BLANK2.consensus_threshold_0.75_quality_20
			  Incorrectly estimated size of scaffold gap between these two alignments: gap length difference = 0 (local)
			Real Alignment 21: 18619 18957 | 18619 18957 | 339 339 | 100.0 | MN908947.3 Consensus_Plate4BLANK2.consensus_threshold_0.75_quality_20
			  Incorrectly estimated size of scaffold gap between these two alignments: gap length difference = 0 (local)
			Real Alignment 22: 20814 21427 | 20814 21427 | 614 614 | 100.0 | MN908947.3 Consensus_Plate4BLANK2.consensus_threshold_0.75_quality_20
			  Incorrectly estimated size of scaffold gap between these two alignments: gap length difference = 0 (local)
			Real Alignment 23: 21788 22212 | 21788 22212 | 425 425 | 99.71 | MN908947.3 Consensus_Plate4BLANK2.consensus_threshold_0.75_quality_20
			  Incorrectly estimated size of scaffold gap between these two alignments: gap length difference = 0 (local)
			Real Alignment 24: 23145 23500 | 23145 23500 | 356 356 | 99.44 | MN908947.3 Consensus_Plate4BLANK2.consensus_threshold_0.75_quality_20
			  Incorrectly estimated size of scaffold gap between these two alignments: gap length difference = 0 (local)
			Real Alignment 25: 23813 24145 | 23813 24145 | 333 333 | 100.0 | MN908947.3 Consensus_Plate4BLANK2.consensus_threshold_0.75_quality_20
			  Incorrectly estimated size of scaffold gap between these two alignments: gap length difference = 0 (local)
			Real Alignment 26: 24828 24946 | 24828 24946 | 119 119 | 100.0 | MN908947.3 Consensus_Plate4BLANK2.consensus_threshold_0.75_quality_20
			  Incorrectly estimated size of scaffold gap between these two alignments: gap length difference = 0 (local)
			Real Alignment 27: 25302 25646 | 25302 25646 | 345 345 | 100.0 | MN908947.3 Consensus_Plate4BLANK2.consensus_threshold_0.75_quality_20
			  Incorrectly estimated size of scaffold gap between these two alignments: gap length difference = 0 (local)
			Real Alignment 28: 28255 28442 | 28255 28442 | 188 188 | 100.0 | MN908947.3 Consensus_Plate4BLANK2.consensus_threshold_0.75_quality_20
			  Incorrectly estimated size of scaffold gap between these two alignments: gap length difference = 0 (local)
			Real Alignment 29: 28700 29008 | 28700 29008 | 309 309 | 98.38 | MN908947.3 Consensus_Plate4BLANK2.consensus_threshold_0.75_quality_20
			  Incorrectly estimated size of scaffold gap between these two alignments: gap length difference = 0 (local)
			Real Alignment 30: 29317 29665 | 29317 29665 | 349 349 | 100.0 | MN908947.3 Consensus_Plate4BLANK2.consensus_threshold_0.75_quality_20

Analyzing coverage...
Writing SNPs into /workspace/home/nasirja/covid-19-signal/subset_viral_7_results_dir/Plate4BLANK2/quast/contigs_reports/minimap_output/Plate4BLANK2-consensus.used_snps.gz

Analysis is finished!
Founded SNPs were written into /workspace/home/nasirja/covid-19-signal/subset_viral_7_results_dir/Plate4BLANK2/quast/contigs_reports/minimap_output/Plate4BLANK2-consensus.used_snps.gz

Results:
	Local Misassemblies: 0
	Misassemblies: 0
		Relocations: 0
		Translocations: 0
		Inversions: 0
	Scaffold gap extensive misassemblies: 0
	Scaffold gap local misassemblies: 29
	Misassembled Contigs: 0
	Misassembled Contig Bases: 0
	Misassemblies Inter-Contig Overlap: 0
Unaligned Contigs: 0 + 0 part
Half Unaligned Contigs with Misassemblies: 0
Unaligned Contig Bases: 0

Ambiguously Mapped Contigs: 1
Total Bases in Ambiguously Mapped Contigs: 29903
Extra Bases in Ambiguously Mapped Contigs: 0
Note that --allow-ambiguity option was set to "one" and only first alignment per each of these contigs was used.

	Covered Bases: 9005

	SNPs: 10
	Insertions: 0
	Deletions: 0

