================================================================================
breseq 0.35.0     http://barricklab.org/breseq

Active Developers: Barrick JE, Deatherage DE
Contact:           <jeffrey.e.barrick@gmail.com>

breseq is free software; you can redistribute it and/or modify it under the
terms the GNU General Public License as published by the Free Software 
Foundation; either version 2, or (at your option) any later version.

Copyright (c) 2008-2010 Michigan State University
Copyright (c) 2011-2017 The University of Texas at Austin

If you use breseq in your research, please cite:

  Deatherage, D.E., Barrick, J.E. (2014) Identification of mutations
  in laboratory-evolved microbes from next-generation sequencing
  data using breseq. Methods Mol. Biol. 1151: 165–188.

If you use structural variation (junction) predictions, please cite:

  Barrick, J.E., Colburn, G., Deatherage D.E., Traverse, C.C.,
  Strand, M.D., Borges, J.J., Knoester, D.B., Reba, A., Meyer, A.G. 
  (2014) Identifying structural variation in haploid microbial genomes 
  from short-read resequencing data using breseq. BMC Genomics 15:1039.
================================================================================
---> bowtie2  :: version 2.4.5 [/workspace/home/nasirja/covid-19-signal/.snakemake/conda/1f267c8dfdaa0356ebaad13adc66d00a/bin/bowtie2]
---> R        :: version 3.5.1 [/workspace/home/nasirja/covid-19-signal/.snakemake/conda/1f267c8dfdaa0356ebaad13adc66d00a/bin/R]
+++   NOW PROCESSING Read and reference sequence file input
  READ FILE::SC2290_R1
    Converting/filtering FASTQ file...
    Original base quality format: SANGER New format: SANGER
    Original reads: 677 bases: 83174
    Filtered reads: none
    Analyzed reads: 677 bases: 83174
  READ FILE::SC2290_R2
    Converting/filtering FASTQ file...
    Original base quality format: SANGER New format: SANGER
    Original reads: 677 bases: 83079
    Filtered reads: none
    Analyzed reads: 677 bases: 83079
  ::TOTAL::
    Original reads: 1354 bases: 166253
    Analyzed reads: 1354 bases: 166253
[samtools] faidx SC2290/breseq/data/reference.fasta
  REFERENCE: MN908947
  LENGTH: 29903
+++   NOW PROCESSING Read alignment to reference genome
[system] bowtie2-build -q SC2290/breseq/data/reference.fasta SC2290/breseq/02_reference_alignment/reference
Renaming SC2290/breseq/02_reference_alignment/reference.3.bt2.tmp to SC2290/breseq/02_reference_alignment/reference.3.bt2
Renaming SC2290/breseq/02_reference_alignment/reference.4.bt2.tmp to SC2290/breseq/02_reference_alignment/reference.4.bt2
Renaming SC2290/breseq/02_reference_alignment/reference.1.bt2.tmp to SC2290/breseq/02_reference_alignment/reference.1.bt2
Renaming SC2290/breseq/02_reference_alignment/reference.2.bt2.tmp to SC2290/breseq/02_reference_alignment/reference.2.bt2
Renaming SC2290/breseq/02_reference_alignment/reference.rev.1.bt2.tmp to SC2290/breseq/02_reference_alignment/reference.rev.1.bt2
Renaming SC2290/breseq/02_reference_alignment/reference.rev.2.bt2.tmp to SC2290/breseq/02_reference_alignment/reference.rev.2.bt2
[system] bowtie2 -t --no-unal -p 4 -L 31 --ma 1 --mp 3 --np 0 --rdg 2,3 --rfg 2,3 --ignore-quals --local -i S,1,0.25 --score-min L,1,0.9 -k 2000 --reorder -x SC2290/breseq/02_reference_alignment/reference -U SC2290/breseq/01_sequence_conversion/SC2290_R1.converted.fastq -S SC2290/breseq/02_reference_alignment/SC2290_R1.stage1.sam --un SC2290/breseq/02_reference_alignment/SC2290_R1.stage1.unmatched.fastq
Time loading reference: 00:00:00
Time loading forward index: 00:00:00
Time loading mirror index: 00:00:00
Multiseed full-index search: 00:00:00
677 reads; of these:
  677 (100.00%) were unpaired; of these:
    580 (85.67%) aligned 0 times
    97 (14.33%) aligned exactly 1 time
    0 (0.00%) aligned >1 times
14.33% overall alignment rate
Time searching: 00:00:00
Overall time: 00:00:00
[system] bowtie2 -t --no-unal -p 4 -L 17 --ma 1 --mp 3 --np 0 --rdg 2,3 --rfg 2,3 --ignore-quals --local -i S,1,0.25 --score-min L,6,0.2 -k 2000 --reorder -x SC2290/breseq/02_reference_alignment/reference -U SC2290/breseq/02_reference_alignment/SC2290_R1.stage1.unmatched.fastq -S SC2290/breseq/02_reference_alignment/SC2290_R1.stage2.matched.sam
Time loading reference: 00:00:00
Time loading forward index: 00:00:00
Time loading mirror index: 00:00:00
Multiseed full-index search: 00:00:00
580 reads; of these:
  580 (100.00%) were unpaired; of these:
    128 (22.07%) aligned 0 times
    20 (3.45%) aligned exactly 1 time
    432 (74.48%) aligned >1 times
77.93% overall alignment rate
Time searching: 00:00:00
Overall time: 00:00:00
[system] bowtie2 -t --no-unal -p 4 -L 31 --ma 1 --mp 3 --np 0 --rdg 2,3 --rfg 2,3 --ignore-quals --local -i S,1,0.25 --score-min L,1,0.9 -k 2000 --reorder -x SC2290/breseq/02_reference_alignment/reference -U SC2290/breseq/01_sequence_conversion/SC2290_R2.converted.fastq -S SC2290/breseq/02_reference_alignment/SC2290_R2.stage1.sam --un SC2290/breseq/02_reference_alignment/SC2290_R2.stage1.unmatched.fastq
Time loading reference: 00:00:00
Time loading forward index: 00:00:00
Time loading mirror index: 00:00:00
Multiseed full-index search: 00:00:00
677 reads; of these:
  677 (100.00%) were unpaired; of these:
    583 (86.12%) aligned 0 times
    94 (13.88%) aligned exactly 1 time
    0 (0.00%) aligned >1 times
13.88% overall alignment rate
Time searching: 00:00:00
Overall time: 00:00:00
[system] bowtie2 -t --no-unal -p 4 -L 17 --ma 1 --mp 3 --np 0 --rdg 2,3 --rfg 2,3 --ignore-quals --local -i S,1,0.25 --score-min L,6,0.2 -k 2000 --reorder -x SC2290/breseq/02_reference_alignment/reference -U SC2290/breseq/02_reference_alignment/SC2290_R2.stage1.unmatched.fastq -S SC2290/breseq/02_reference_alignment/SC2290_R2.stage2.matched.sam
Time loading reference: 00:00:00
Time loading forward index: 00:00:00
Time loading mirror index: 00:00:00
Multiseed full-index search: 00:00:00
583 reads; of these:
  583 (100.00%) were unpaired; of these:
    128 (21.96%) aligned 0 times
    20 (3.43%) aligned exactly 1 time
    435 (74.61%) aligned >1 times
78.04% overall alignment rate
Time searching: 00:00:00
Overall time: 00:00:00
[system] rm -f SC2290/breseq/02_reference_alignment/reference*
[system] rm -f SC2290/breseq/02_reference_alignment/SC2290_R1.stage1.unmatched.fastq
[system] rm -f SC2290/breseq/02_reference_alignment/SC2290_R1.stage1.sam
[system] rm -f SC2290/breseq/02_reference_alignment/SC2290_R1.stage2.matched.sam
[system] rm -f SC2290/breseq/02_reference_alignment/SC2290_R2.stage1.unmatched.fastq
[system] rm -f SC2290/breseq/02_reference_alignment/SC2290_R2.stage1.sam
[system] rm -f SC2290/breseq/02_reference_alignment/SC2290_R2.stage2.matched.sam
+++   NOW PROCESSING Preprocessing alignments for candidate junction identification
Preprocessing alignments.
  READ FILE::SC2290_R1
  READ FILE::SC2290_R2
  Summary... 
  Aligned reads:                                 1098
  Read alignments:                               2685
  Alignments split on indels:                       2
  Reads with alignments split on indels:            2
  Split alignments:                              2458
  Reads with split alignments:                    869
+++   NOW PROCESSING Preliminary analysis of coverage distribution
[samtools] import SC2290/breseq/data/reference.fasta.fai SC2290/breseq/03_candidate_junctions/best.sam SC2290/breseq/03_candidate_junctions/best.unsorted.bam
[samtools] sort --threads 4 -o SC2290/breseq/03_candidate_junctions/best.bam -T SC2290/breseq/03_candidate_junctions/best.bam SC2290/breseq/03_candidate_junctions/best.unsorted.bam
[samtools] index SC2290/breseq/03_candidate_junctions/best.bam SC2290/breseq/03_candidate_junctions/best.bam.bai
  REFERENCE: MN908947
  LENGTH: 29903
    POSITION:10000
    POSITION:20000
[system] R --vanilla < /workspace/home/nasirja/covid-19-signal/.snakemake/conda/1f267c8dfdaa0356ebaad13adc66d00a/bin/../share/breseq/coverage_distribution.r > SC2290/breseq/03_candidate_junctions/0.unique_only_coverage_distribution.tab.r.log distribution_file=SC2290/breseq/03_candidate_junctions/0.unique_only_coverage_distribution.tab plot_file=SC2290/breseq/03_candidate_junctions/0.coverage.pdf deletion_propagation_pr_cutoff=0.000289143
[system] rm -f SC2290/breseq/03_candidate_junctions/best.unsorted.bam
[system] rm -f SC2290/breseq/03_candidate_junctions/best.sam
[system] rm -f SC2290/breseq/03_candidate_junctions/best.bam
[system] rm -f SC2290/breseq/03_candidate_junctions/best.bam.bai
[system] rm -f SC2290/breseq/03_candidate_junctions/0.coverage.pdf
[system] rm -f SC2290/breseq/03_candidate_junctions/0.unique_only_coverage_distribution.tab
[system] rm -f SC2290/breseq/03_candidate_junctions/0.unique_only_coverage_distribution.tab.r.log
+++   NOW PROCESSING Identifying junction candidates
  READ FILE::SC2290_R1
  READ FILE::SC2290_R2
  Passed alignment pairs examined: 644
  Taking top candidate junctions...
  Minimum number to keep:     100 
  Maximum number to keep:    5000 
  Maximum length to keep:    2990 bases
    Initial: Number = 52, Cumulative Length = 27161 bases
      Testing Pos Hash Score =    6, Num =      2, Length =   1038
      Testing Pos Hash Score =    4, Num =      6, Length =   3117
      Testing Pos Hash Score =    3, Num =     10, Length =   5188
      Testing Pos Hash Score =    2, Num =     29, Length =  15214 [Omitted Similar =      5]
    Accepted: Number = 47, Pos Hash Score >= 2, Cumulative Length = 24557 bases
[samtools] faidx SC2290/breseq/03_candidate_junctions/candidate_junction.fasta
[system] rm -f SC2290/breseq/03_candidate_junctions/SC2290_R1.split.sam
[system] rm -f SC2290/breseq/03_candidate_junctions/SC2290_R2.split.sam
+++   NOW PROCESSING Re-alignment to junction candidates
[system] bowtie2-build -q SC2290/breseq/03_candidate_junctions/candidate_junction.fasta SC2290/breseq/04_candidate_junction_alignment/candidate_junction
Renaming SC2290/breseq/04_candidate_junction_alignment/candidate_junction.3.bt2.tmp to SC2290/breseq/04_candidate_junction_alignment/candidate_junction.3.bt2
Renaming SC2290/breseq/04_candidate_junction_alignment/candidate_junction.4.bt2.tmp to SC2290/breseq/04_candidate_junction_alignment/candidate_junction.4.bt2
Renaming SC2290/breseq/04_candidate_junction_alignment/candidate_junction.1.bt2.tmp to SC2290/breseq/04_candidate_junction_alignment/candidate_junction.1.bt2
Renaming SC2290/breseq/04_candidate_junction_alignment/candidate_junction.2.bt2.tmp to SC2290/breseq/04_candidate_junction_alignment/candidate_junction.2.bt2
Renaming SC2290/breseq/04_candidate_junction_alignment/candidate_junction.rev.1.bt2.tmp to SC2290/breseq/04_candidate_junction_alignment/candidate_junction.rev.1.bt2
Renaming SC2290/breseq/04_candidate_junction_alignment/candidate_junction.rev.2.bt2.tmp to SC2290/breseq/04_candidate_junction_alignment/candidate_junction.rev.2.bt2
[system] bowtie2 -t --no-unal -p 4 --local  -L 31 --ma 1 --mp 3 --np 0 --rdg 2,3 --rfg 2,3 --ignore-quals --local -i S,1,0.25 --score-min L,1,0.70 -k 2000 --reorder -x SC2290/breseq/04_candidate_junction_alignment/candidate_junction -U SC2290/breseq/01_sequence_conversion/SC2290_R1.converted.fastq -S SC2290/breseq/04_candidate_junction_alignment/SC2290_R1.candidate_junction.sam
Time loading reference: 00:00:00
Time loading forward index: 00:00:00
Time loading mirror index: 00:00:00
Multiseed full-index search: 00:00:00
677 reads; of these:
  677 (100.00%) were unpaired; of these:
    256 (37.81%) aligned 0 times
    45 (6.65%) aligned exactly 1 time
    376 (55.54%) aligned >1 times
62.19% overall alignment rate
Time searching: 00:00:00
Overall time: 00:00:00
[system] bowtie2 -t --no-unal -p 4 --local  -L 31 --ma 1 --mp 3 --np 0 --rdg 2,3 --rfg 2,3 --ignore-quals --local -i S,1,0.25 --score-min L,1,0.70 -k 2000 --reorder -x SC2290/breseq/04_candidate_junction_alignment/candidate_junction -U SC2290/breseq/01_sequence_conversion/SC2290_R2.converted.fastq -S SC2290/breseq/04_candidate_junction_alignment/SC2290_R2.candidate_junction.sam
Time loading reference: 00:00:00
Time loading forward index: 00:00:00
Time loading mirror index: 00:00:00
Multiseed full-index search: 00:00:00
677 reads; of these:
  677 (100.00%) were unpaired; of these:
    249 (36.78%) aligned 0 times
    52 (7.68%) aligned exactly 1 time
    376 (55.54%) aligned >1 times
63.22% overall alignment rate
Time searching: 00:00:00
Overall time: 00:00:00
[system] rm -f SC2290/breseq/04_candidate_junction_alignment/candidate_junction*
+++   NOW PROCESSING Resolving best read alignments
  READ FILE:SC2290_R1
  READ FILE:SC2290_R2
[system] rm -f SC2290/breseq/01_sequence_conversion/SC2290_R1.converted.fastq
[system] rm -f SC2290/breseq/01_sequence_conversion/SC2290_R2.converted.fastq
[system] rm -f SC2290/breseq/02_reference_alignment/SC2290_R1.reference.sam
[system] rm -f SC2290/breseq/02_reference_alignment/SC2290_R2.reference.sam
[system] rm -f SC2290/breseq/04_candidate_junction_alignment/SC2290_R1.candidate_junction.sam*
[system] rm -f SC2290/breseq/04_candidate_junction_alignment/SC2290_R2.candidate_junction.sam*
+++   NOW PROCESSING Creating BAM files
[samtools] import SC2290/breseq/03_candidate_junctions/candidate_junction.fasta.fai SC2290/breseq/05_alignment_correction/junction.sam SC2290/breseq/06_bam/junction.unsorted.bam
[samtools] sort --threads 4 -o SC2290/breseq/06_bam/junction.bam -T SC2290/breseq/06_bam/junction.bam SC2290/breseq/06_bam/junction.unsorted.bam
[system] rm -f SC2290/breseq/06_bam/junction.unsorted.bam
[samtools] index SC2290/breseq/06_bam/junction.bam SC2290/breseq/06_bam/junction.bam.bai
[samtools] import SC2290/breseq/data/reference.fasta.fai SC2290/breseq/05_alignment_correction/reference.sam SC2290/breseq/06_bam/reference.unsorted.bam
[samtools] sort --threads 4 -o SC2290/breseq/data/reference.bam -T SC2290/breseq/data/reference.bam SC2290/breseq/06_bam/reference.unsorted.bam
[system] rm -f SC2290/breseq/06_bam/reference.unsorted.bam
[samtools] index SC2290/breseq/data/reference.bam SC2290/breseq/data/reference.bam.bai
[system] rm -f SC2290/breseq/05_alignment_correction/reference.sam
[system] rm -f SC2290/breseq/05_alignment_correction/junction.sam
+++   NOW PROCESSING Tabulating error counts
  REFERENCE: MN908947
  LENGTH: 29903
    POSITION:10000
    POSITION:20000
+++   NOW PROCESSING Re-calibrating base error rates
[system] R --vanilla < /workspace/home/nasirja/covid-19-signal/.snakemake/conda/1f267c8dfdaa0356ebaad13adc66d00a/bin/../share/breseq/coverage_distribution.r > SC2290/breseq/07_error_calibration/0.unique_only_coverage_distribution.tab.r.log distribution_file=SC2290/breseq/07_error_calibration/0.unique_only_coverage_distribution.tab plot_file=SC2290/breseq/output/calibration/0.unique_coverage.pdf deletion_propagation_pr_cutoff=0.000289143
[system] R --vanilla in_file=SC2290/breseq/07_error_calibration/base_qual_error_prob.SC2290_R1.tab out_file=SC2290/breseq/output/calibration/SC2290_R1.error_rates.pdf < /workspace/home/nasirja/covid-19-signal/.snakemake/conda/1f267c8dfdaa0356ebaad13adc66d00a/bin/../share/breseq/plot_error_rate.r > SC2290/breseq/07_error_calibration/SC2290_R1.plot_error_rate.log
[system] R --vanilla in_file=SC2290/breseq/07_error_calibration/base_qual_error_prob.SC2290_R2.tab out_file=SC2290/breseq/output/calibration/SC2290_R2.error_rates.pdf < /workspace/home/nasirja/covid-19-signal/.snakemake/conda/1f267c8dfdaa0356ebaad13adc66d00a/bin/../share/breseq/plot_error_rate.r > SC2290/breseq/07_error_calibration/SC2290_R2.plot_error_rate.log
+++   NOW PROCESSING Examining read alignment evidence
  REFERENCE: MN908947
  LENGTH: 29903
    POSITION:10000
    POSITION:20000
+++   NOW PROCESSING Polymorphism statistics
[system] R --vanilla total_length=29903 in_file=SC2290/breseq/08_mutation_identification/polymorphism_statistics_input.tab out_file=SC2290/breseq/08_mutation_identification/polymorphism_statistics_output.tab qual_file=SC2290/breseq/08_mutation_identification/error_counts.tab < /workspace/home/nasirja/covid-19-signal/.snakemake/conda/1f267c8dfdaa0356ebaad13adc66d00a/bin/../share/breseq/polymorphism_statistics.r > SC2290/breseq/08_mutation_identification/polymorphism_statistics_output.log
+++   NOW PROCESSING Output
Creating merged genome diff evidence file...
Predicting mutations from evidence...
  Preparing junctions...
  Predicting mobile element insertions...
  Predicting large deletions...
  Predicting small indels and substitutions from junctions...
  Predicting small indels and substitutions from alignments...
  Making final adjustments to mutations...
  Writing final GD file...
  Writing final VCF file...
Annotating mutations...
Drawing coverage plots...
Creating coverage plot for region: MN908947:1-29903
Creating index HTML table...
[system] rm -f SC2290/breseq/01_sequence_conversion/*.trims
[system] rm -f SC2290/breseq/03_candidate_junctions/candidate_junction.fasta
[system] rm -f SC2290/breseq/03_candidate_junctions/candidate_junction.fasta.fai
[system] rm -f SC2290/breseq/05_alignment_correction/jc_evidence.gd
[system] rm -f SC2290/breseq/06_bam/junction.bam
[system] rm -f SC2290/breseq/06_bam/junction.bam.bai
+++   SUCCESSFULLY COMPLETED
