================================================================================
breseq 0.35.0     http://barricklab.org/breseq

Active Developers: Barrick JE, Deatherage DE
Contact:           <jeffrey.e.barrick@gmail.com>

breseq is free software; you can redistribute it and/or modify it under the
terms the GNU General Public License as published by the Free Software 
Foundation; either version 2, or (at your option) any later version.

Copyright (c) 2008-2010 Michigan State University
Copyright (c) 2011-2017 The University of Texas at Austin

If you use breseq in your research, please cite:

  Deatherage, D.E., Barrick, J.E. (2014) Identification of mutations
  in laboratory-evolved microbes from next-generation sequencing
  data using breseq. Methods Mol. Biol. 1151: 165–188.

If you use structural variation (junction) predictions, please cite:

  Barrick, J.E., Colburn, G., Deatherage D.E., Traverse, C.C.,
  Strand, M.D., Borges, J.J., Knoester, D.B., Reba, A., Meyer, A.G. 
  (2014) Identifying structural variation in haploid microbial genomes 
  from short-read resequencing data using breseq. BMC Genomics 15:1039.
================================================================================
---> bowtie2  :: version 2.4.5 [/workspace/home/nasirja/covid-19-signal/.snakemake/conda/1f267c8dfdaa0356ebaad13adc66d00a/bin/bowtie2]
---> R        :: version 3.5.1 [/workspace/home/nasirja/covid-19-signal/.snakemake/conda/1f267c8dfdaa0356ebaad13adc66d00a/bin/R]
+++   NOW PROCESSING Read and reference sequence file input
  READ FILE::SC2268_R1
    Converting/filtering FASTQ file...
    Original base quality format: SANGER New format: SANGER
    Original reads: 602481 bases: 149756841
    Filtered reads: none
    Analyzed reads: 602481 bases: 149756841
  READ FILE::SC2268_R2
    Converting/filtering FASTQ file...
    Original base quality format: SANGER New format: SANGER
    Original reads: 602481 bases: 149426230
    Filtered reads: none
    Analyzed reads: 602481 bases: 149426230
  ::TOTAL::
    Original reads: 1204962 bases: 299183071
    Analyzed reads: 1204962 bases: 299183071
[samtools] faidx SC2268/breseq/data/reference.fasta
  REFERENCE: MN908947
  LENGTH: 29903
+++   NOW PROCESSING Read alignment to reference genome
[system] bowtie2-build -q SC2268/breseq/data/reference.fasta SC2268/breseq/02_reference_alignment/reference
Renaming SC2268/breseq/02_reference_alignment/reference.3.bt2.tmp to SC2268/breseq/02_reference_alignment/reference.3.bt2
Renaming SC2268/breseq/02_reference_alignment/reference.4.bt2.tmp to SC2268/breseq/02_reference_alignment/reference.4.bt2
Renaming SC2268/breseq/02_reference_alignment/reference.1.bt2.tmp to SC2268/breseq/02_reference_alignment/reference.1.bt2
Renaming SC2268/breseq/02_reference_alignment/reference.2.bt2.tmp to SC2268/breseq/02_reference_alignment/reference.2.bt2
Renaming SC2268/breseq/02_reference_alignment/reference.rev.1.bt2.tmp to SC2268/breseq/02_reference_alignment/reference.rev.1.bt2
Renaming SC2268/breseq/02_reference_alignment/reference.rev.2.bt2.tmp to SC2268/breseq/02_reference_alignment/reference.rev.2.bt2
[system] bowtie2 -t --no-unal -p 4 -L 31 --ma 1 --mp 3 --np 0 --rdg 2,3 --rfg 2,3 --ignore-quals --local -i S,1,0.25 --score-min L,1,0.9 -k 2000 --reorder -x SC2268/breseq/02_reference_alignment/reference -U SC2268/breseq/01_sequence_conversion/SC2268_R1.converted.fastq -S SC2268/breseq/02_reference_alignment/SC2268_R1.stage1.sam --un SC2268/breseq/02_reference_alignment/SC2268_R1.stage1.unmatched.fastq
Time loading reference: 00:00:00
Time loading forward index: 00:00:00
Time loading mirror index: 00:00:00
Multiseed full-index search: 00:00:35
602481 reads; of these:
  602481 (100.00%) were unpaired; of these:
    25787 (4.28%) aligned 0 times
    576694 (95.72%) aligned exactly 1 time
    0 (0.00%) aligned >1 times
95.72% overall alignment rate
Time searching: 00:00:35
Overall time: 00:00:35
[system] bowtie2 -t --no-unal -p 4 -L 29 --ma 1 --mp 3 --np 0 --rdg 2,3 --rfg 2,3 --ignore-quals --local -i S,1,0.25 --score-min L,6,0.2 -k 2000 --reorder -x SC2268/breseq/02_reference_alignment/reference -U SC2268/breseq/02_reference_alignment/SC2268_R1.stage1.unmatched.fastq -S SC2268/breseq/02_reference_alignment/SC2268_R1.stage2.matched.sam
Time loading reference: 00:00:00
Time loading forward index: 00:00:00
Time loading mirror index: 00:00:00
Multiseed full-index search: 00:00:03
25787 reads; of these:
  25787 (100.00%) were unpaired; of these:
    125 (0.48%) aligned 0 times
    17711 (68.68%) aligned exactly 1 time
    7951 (30.83%) aligned >1 times
99.52% overall alignment rate
Time searching: 00:00:03
Overall time: 00:00:03
[system] bowtie2 -t --no-unal -p 4 -L 31 --ma 1 --mp 3 --np 0 --rdg 2,3 --rfg 2,3 --ignore-quals --local -i S,1,0.25 --score-min L,1,0.9 -k 2000 --reorder -x SC2268/breseq/02_reference_alignment/reference -U SC2268/breseq/01_sequence_conversion/SC2268_R2.converted.fastq -S SC2268/breseq/02_reference_alignment/SC2268_R2.stage1.sam --un SC2268/breseq/02_reference_alignment/SC2268_R2.stage1.unmatched.fastq
Time loading reference: 00:00:00
Time loading forward index: 00:00:00
Time loading mirror index: 00:00:00
Multiseed full-index search: 00:00:33
602481 reads; of these:
  602481 (100.00%) were unpaired; of these:
    30609 (5.08%) aligned 0 times
    571872 (94.92%) aligned exactly 1 time
    0 (0.00%) aligned >1 times
94.92% overall alignment rate
Time searching: 00:00:33
Overall time: 00:00:33
[system] bowtie2 -t --no-unal -p 4 -L 29 --ma 1 --mp 3 --np 0 --rdg 2,3 --rfg 2,3 --ignore-quals --local -i S,1,0.25 --score-min L,6,0.2 -k 2000 --reorder -x SC2268/breseq/02_reference_alignment/reference -U SC2268/breseq/02_reference_alignment/SC2268_R2.stage1.unmatched.fastq -S SC2268/breseq/02_reference_alignment/SC2268_R2.stage2.matched.sam
Time loading reference: 00:00:00
Time loading forward index: 00:00:00
Time loading mirror index: 00:00:00
Multiseed full-index search: 00:00:03
30609 reads; of these:
  30609 (100.00%) were unpaired; of these:
    92 (0.30%) aligned 0 times
    22965 (75.03%) aligned exactly 1 time
    7552 (24.67%) aligned >1 times
99.70% overall alignment rate
Time searching: 00:00:03
Overall time: 00:00:03
[system] rm -f SC2268/breseq/02_reference_alignment/reference*
[system] rm -f SC2268/breseq/02_reference_alignment/SC2268_R1.stage1.unmatched.fastq
[system] rm -f SC2268/breseq/02_reference_alignment/SC2268_R1.stage1.sam
[system] rm -f SC2268/breseq/02_reference_alignment/SC2268_R1.stage2.matched.sam
[system] rm -f SC2268/breseq/02_reference_alignment/SC2268_R2.stage1.unmatched.fastq
[system] rm -f SC2268/breseq/02_reference_alignment/SC2268_R2.stage1.sam
[system] rm -f SC2268/breseq/02_reference_alignment/SC2268_R2.stage2.matched.sam
+++   NOW PROCESSING Preprocessing alignments for candidate junction identification
Preprocessing alignments.
  READ FILE::SC2268_R1
    ALIGNED READ:100000
    ALIGNED READ:200000
    ALIGNED READ:300000
    ALIGNED READ:400000
    ALIGNED READ:500000
    ALIGNED READ:600000
  READ FILE::SC2268_R2
    ALIGNED READ:700000
    ALIGNED READ:800000
    ALIGNED READ:900000
    ALIGNED READ:1000000
    ALIGNED READ:1100000
    ALIGNED READ:1200000
  Summary... 
  Aligned reads:                              1204745
  Read alignments:                            1220518
  Alignments split on indels:                    4024
  Reads with alignments split on indels:         4024
  Split alignments:                             39189
  Reads with split alignments:                  19393
+++   NOW PROCESSING Preliminary analysis of coverage distribution
[samtools] import SC2268/breseq/data/reference.fasta.fai SC2268/breseq/03_candidate_junctions/best.sam SC2268/breseq/03_candidate_junctions/best.unsorted.bam
[samtools] sort --threads 4 -o SC2268/breseq/03_candidate_junctions/best.bam -T SC2268/breseq/03_candidate_junctions/best.bam SC2268/breseq/03_candidate_junctions/best.unsorted.bam
[samtools] index SC2268/breseq/03_candidate_junctions/best.bam SC2268/breseq/03_candidate_junctions/best.bam.bai
  REFERENCE: MN908947
  LENGTH: 29903
    POSITION:10000
    POSITION:20000
[system] R --vanilla < /workspace/home/nasirja/covid-19-signal/.snakemake/conda/1f267c8dfdaa0356ebaad13adc66d00a/bin/../share/breseq/coverage_distribution.r > SC2268/breseq/03_candidate_junctions/0.unique_only_coverage_distribution.tab.r.log distribution_file=SC2268/breseq/03_candidate_junctions/0.unique_only_coverage_distribution.tab plot_file=SC2268/breseq/03_candidate_junctions/0.coverage.pdf deletion_propagation_pr_cutoff=0.000289143
[system] rm -f SC2268/breseq/03_candidate_junctions/best.unsorted.bam
[system] rm -f SC2268/breseq/03_candidate_junctions/best.sam
[system] rm -f SC2268/breseq/03_candidate_junctions/best.bam
[system] rm -f SC2268/breseq/03_candidate_junctions/best.bam.bai
[system] rm -f SC2268/breseq/03_candidate_junctions/0.coverage.pdf
[system] rm -f SC2268/breseq/03_candidate_junctions/0.unique_only_coverage_distribution.tab
[system] rm -f SC2268/breseq/03_candidate_junctions/0.unique_only_coverage_distribution.tab.r.log
+++   NOW PROCESSING Identifying junction candidates
  READ FILE::SC2268_R1
    ALIGNED READ:10000 CANDIDATE JUNCTIONS:2004
  READ FILE::SC2268_R2
  Passed alignment pairs examined: 14181
  Taking top candidate junctions...
  Minimum number to keep:     100 
  Maximum number to keep:    5000 
  Maximum length to keep:    2990 bases
    Initial: Number = 978, Cumulative Length = 489316 bases
      Testing Pos Hash Score =   18, Num =      1, Length =    505
      Testing Pos Hash Score =   17, Num =      1, Length =    327
      Testing Pos Hash Score =   15, Num =      1, Length =    505
      Testing Pos Hash Score =   14, Num =      1, Length =    519
      Testing Pos Hash Score =   11, Num =      2, Length =   1009
      Testing Pos Hash Score =   10, Num =      2, Length =   1009
      Testing Pos Hash Score =    9, Num =      4, Length =   2014
      Testing Pos Hash Score =    8, Num =      3, Length =   1509
      Testing Pos Hash Score =    7, Num =     11, Length =   5380
      Testing Pos Hash Score =    6, Num =     10, Length =   5042
      Testing Pos Hash Score =    5, Num =     28, Length =  14126
      Testing Pos Hash Score =    4, Num =     58, Length =  28266
    Accepted: Number = 64, Pos Hash Score >= 5, Cumulative Length = 31945 bases
[samtools] faidx SC2268/breseq/03_candidate_junctions/candidate_junction.fasta
[system] rm -f SC2268/breseq/03_candidate_junctions/SC2268_R1.split.sam
[system] rm -f SC2268/breseq/03_candidate_junctions/SC2268_R2.split.sam
+++   NOW PROCESSING Re-alignment to junction candidates
[system] bowtie2-build -q SC2268/breseq/03_candidate_junctions/candidate_junction.fasta SC2268/breseq/04_candidate_junction_alignment/candidate_junction
Renaming SC2268/breseq/04_candidate_junction_alignment/candidate_junction.3.bt2.tmp to SC2268/breseq/04_candidate_junction_alignment/candidate_junction.3.bt2
Renaming SC2268/breseq/04_candidate_junction_alignment/candidate_junction.4.bt2.tmp to SC2268/breseq/04_candidate_junction_alignment/candidate_junction.4.bt2
Renaming SC2268/breseq/04_candidate_junction_alignment/candidate_junction.1.bt2.tmp to SC2268/breseq/04_candidate_junction_alignment/candidate_junction.1.bt2
Renaming SC2268/breseq/04_candidate_junction_alignment/candidate_junction.2.bt2.tmp to SC2268/breseq/04_candidate_junction_alignment/candidate_junction.2.bt2
Renaming SC2268/breseq/04_candidate_junction_alignment/candidate_junction.rev.1.bt2.tmp to SC2268/breseq/04_candidate_junction_alignment/candidate_junction.rev.1.bt2
Renaming SC2268/breseq/04_candidate_junction_alignment/candidate_junction.rev.2.bt2.tmp to SC2268/breseq/04_candidate_junction_alignment/candidate_junction.rev.2.bt2
[system] bowtie2 -t --no-unal -p 4 --local  -L 31 --ma 1 --mp 3 --np 0 --rdg 2,3 --rfg 2,3 --ignore-quals --local -i S,1,0.25 --score-min L,1,0.70 -k 2000 --reorder -x SC2268/breseq/04_candidate_junction_alignment/candidate_junction -U SC2268/breseq/01_sequence_conversion/SC2268_R1.converted.fastq -S SC2268/breseq/04_candidate_junction_alignment/SC2268_R1.candidate_junction.sam
Time loading reference: 00:00:00
Time loading forward index: 00:00:00
Time loading mirror index: 00:00:00
Multiseed full-index search: 00:00:36
602481 reads; of these:
  602481 (100.00%) were unpaired; of these:
    377121 (62.59%) aligned 0 times
    123891 (20.56%) aligned exactly 1 time
    101469 (16.84%) aligned >1 times
37.41% overall alignment rate
Time searching: 00:00:36
Overall time: 00:00:36
[system] bowtie2 -t --no-unal -p 4 --local  -L 31 --ma 1 --mp 3 --np 0 --rdg 2,3 --rfg 2,3 --ignore-quals --local -i S,1,0.25 --score-min L,1,0.70 -k 2000 --reorder -x SC2268/breseq/04_candidate_junction_alignment/candidate_junction -U SC2268/breseq/01_sequence_conversion/SC2268_R2.converted.fastq -S SC2268/breseq/04_candidate_junction_alignment/SC2268_R2.candidate_junction.sam
Time loading reference: 00:00:00
Time loading forward index: 00:00:00
Time loading mirror index: 00:00:00
Multiseed full-index search: 00:00:38
602481 reads; of these:
  602481 (100.00%) were unpaired; of these:
    378541 (62.83%) aligned 0 times
    122602 (20.35%) aligned exactly 1 time
    101338 (16.82%) aligned >1 times
37.17% overall alignment rate
Time searching: 00:00:38
Overall time: 00:00:38
[system] rm -f SC2268/breseq/04_candidate_junction_alignment/candidate_junction*
+++   NOW PROCESSING Resolving best read alignments
  READ FILE:SC2268_R1
    READS:10000
    READS:20000
    READS:30000
    READS:40000
    READS:50000
    READS:60000
    READS:70000
    READS:80000
    READS:90000
    READS:100000
    READS:110000
    READS:120000
    READS:130000
    READS:140000
    READS:150000
    READS:160000
    READS:170000
    READS:180000
    READS:190000
    READS:200000
    READS:210000
    READS:220000
    READS:230000
    READS:240000
    READS:250000
    READS:260000
    READS:270000
    READS:280000
    READS:290000
    READS:300000
    READS:310000
    READS:320000
    READS:330000
    READS:340000
    READS:350000
    READS:360000
    READS:370000
    READS:380000
    READS:390000
    READS:400000
    READS:410000
    READS:420000
    READS:430000
    READS:440000
    READS:450000
    READS:460000
    READS:470000
    READS:480000
    READS:490000
    READS:500000
    READS:510000
    READS:520000
    READS:530000
    READS:540000
    READS:550000
    READS:560000
    READS:570000
    READS:580000
    READS:590000
    READS:600000
  READ FILE:SC2268_R2
    READS:610000
    READS:620000
    READS:630000
    READS:640000
    READS:650000
    READS:660000
    READS:670000
    READS:680000
    READS:690000
    READS:700000
    READS:710000
    READS:720000
    READS:730000
    READS:740000
    READS:750000
    READS:760000
    READS:770000
    READS:780000
    READS:790000
    READS:800000
    READS:810000
    READS:820000
    READS:830000
    READS:840000
    READS:850000
    READS:860000
    READS:870000
    READS:880000
    READS:890000
    READS:900000
    READS:910000
    READS:920000
    READS:930000
    READS:940000
    READS:950000
    READS:960000
    READS:970000
    READS:980000
    READS:990000
    READS:1000000
    READS:1010000
    READS:1020000
    READS:1030000
    READS:1040000
    READS:1050000
    READS:1060000
    READS:1070000
    READS:1080000
    READS:1090000
    READS:1100000
    READS:1110000
    READS:1120000
    READS:1130000
    READS:1140000
    READS:1150000
    READS:1160000
    READS:1170000
    READS:1180000
    READS:1190000
    READS:1200000
[system] rm -f SC2268/breseq/01_sequence_conversion/SC2268_R1.converted.fastq
[system] rm -f SC2268/breseq/01_sequence_conversion/SC2268_R2.converted.fastq
[system] rm -f SC2268/breseq/02_reference_alignment/SC2268_R1.reference.sam
[system] rm -f SC2268/breseq/02_reference_alignment/SC2268_R2.reference.sam
[system] rm -f SC2268/breseq/04_candidate_junction_alignment/SC2268_R1.candidate_junction.sam*
[system] rm -f SC2268/breseq/04_candidate_junction_alignment/SC2268_R2.candidate_junction.sam*
+++   NOW PROCESSING Creating BAM files
[samtools] import SC2268/breseq/03_candidate_junctions/candidate_junction.fasta.fai SC2268/breseq/05_alignment_correction/junction.sam SC2268/breseq/06_bam/junction.unsorted.bam
[samtools] sort --threads 4 -o SC2268/breseq/06_bam/junction.bam -T SC2268/breseq/06_bam/junction.bam SC2268/breseq/06_bam/junction.unsorted.bam
[system] rm -f SC2268/breseq/06_bam/junction.unsorted.bam
[samtools] index SC2268/breseq/06_bam/junction.bam SC2268/breseq/06_bam/junction.bam.bai
[samtools] import SC2268/breseq/data/reference.fasta.fai SC2268/breseq/05_alignment_correction/reference.sam SC2268/breseq/06_bam/reference.unsorted.bam
[samtools] sort --threads 4 -o SC2268/breseq/data/reference.bam -T SC2268/breseq/data/reference.bam SC2268/breseq/06_bam/reference.unsorted.bam
[system] rm -f SC2268/breseq/06_bam/reference.unsorted.bam
[samtools] index SC2268/breseq/data/reference.bam SC2268/breseq/data/reference.bam.bai
[system] rm -f SC2268/breseq/05_alignment_correction/reference.sam
[system] rm -f SC2268/breseq/05_alignment_correction/junction.sam
+++   NOW PROCESSING Tabulating error counts
  REFERENCE: MN908947
  LENGTH: 29903
    POSITION:10000
    POSITION:20000
+++   NOW PROCESSING Re-calibrating base error rates
[system] R --vanilla < /workspace/home/nasirja/covid-19-signal/.snakemake/conda/1f267c8dfdaa0356ebaad13adc66d00a/bin/../share/breseq/coverage_distribution.r > SC2268/breseq/07_error_calibration/0.unique_only_coverage_distribution.tab.r.log distribution_file=SC2268/breseq/07_error_calibration/0.unique_only_coverage_distribution.tab plot_file=SC2268/breseq/output/calibration/0.unique_coverage.pdf deletion_propagation_pr_cutoff=0.000289143
[system] R --vanilla in_file=SC2268/breseq/07_error_calibration/base_qual_error_prob.SC2268_R1.tab out_file=SC2268/breseq/output/calibration/SC2268_R1.error_rates.pdf < /workspace/home/nasirja/covid-19-signal/.snakemake/conda/1f267c8dfdaa0356ebaad13adc66d00a/bin/../share/breseq/plot_error_rate.r > SC2268/breseq/07_error_calibration/SC2268_R1.plot_error_rate.log
[system] R --vanilla in_file=SC2268/breseq/07_error_calibration/base_qual_error_prob.SC2268_R2.tab out_file=SC2268/breseq/output/calibration/SC2268_R2.error_rates.pdf < /workspace/home/nasirja/covid-19-signal/.snakemake/conda/1f267c8dfdaa0356ebaad13adc66d00a/bin/../share/breseq/plot_error_rate.r > SC2268/breseq/07_error_calibration/SC2268_R2.plot_error_rate.log
+++   NOW PROCESSING Examining read alignment evidence
  REFERENCE: MN908947
  LENGTH: 29903
    POSITION:10000
    POSITION:20000
+++   NOW PROCESSING Polymorphism statistics
[system] R --vanilla total_length=29903 in_file=SC2268/breseq/08_mutation_identification/polymorphism_statistics_input.tab out_file=SC2268/breseq/08_mutation_identification/polymorphism_statistics_output.tab qual_file=SC2268/breseq/08_mutation_identification/error_counts.tab < /workspace/home/nasirja/covid-19-signal/.snakemake/conda/1f267c8dfdaa0356ebaad13adc66d00a/bin/../share/breseq/polymorphism_statistics.r > SC2268/breseq/08_mutation_identification/polymorphism_statistics_output.log
+++   NOW PROCESSING Output
Creating merged genome diff evidence file...
Predicting mutations from evidence...
  Preparing junctions...
  Predicting mobile element insertions...
  Predicting large deletions...
  Predicting small indels and substitutions from junctions...
  Predicting small indels and substitutions from alignments...
  Making final adjustments to mutations...
  Writing final GD file...
  Writing final VCF file...
Annotating mutations...
Drawing coverage plots...
Creating coverage plot for region: MN908947:1-29903
Creating index HTML table...
[system] rm -f SC2268/breseq/01_sequence_conversion/*.trims
[system] rm -f SC2268/breseq/03_candidate_junctions/candidate_junction.fasta
[system] rm -f SC2268/breseq/03_candidate_junctions/candidate_junction.fasta.fai
[system] rm -f SC2268/breseq/05_alignment_correction/jc_evidence.gd
[system] rm -f SC2268/breseq/06_bam/junction.bam
[system] rm -f SC2268/breseq/06_bam/junction.bam.bai
+++   SUCCESSFULLY COMPLETED
