Path to Cutadapt set as: 'cutadapt' (default)
Cutadapt seems to be working fine (tested command 'cutadapt --version')
Cutadapt version: 4.1
Could not detect version of Python used by Cutadapt from the first line of Cutadapt (but found this: >>>#!/bin/sh<<<)
Letting the (modified) Cutadapt deal with the Python version instead
Parallel gzip (pigz) detected. Proceeding with multicore (de)compression using 2 cores

No quality encoding type selected. Assuming that the data provided uses Sanger encoded Phred scores (default)

Output will be written into the directory: /workspace/home/nasirja/covid-19-signal/subset_viral_7_results_dir/SC2225/adapter_trimmed/


AUTO-DETECTING ADAPTER TYPE
===========================
Attempting to auto-detect adapter type from the first 1 million sequences of the first file (>> SC2225/host_removal/SC2225_R1.fastq.gz <<)

Found perfect matches for the following adapter sequences:
Adapter type	Count	Sequence	Sequences analysed	Percentage
Illumina	24364	AGATCGGAAGAGC	1000000	2.44
Nextera	0	CTGTCTCTTATA	1000000	0.00
smallRNA	0	TGGAATTCTCGG	1000000	0.00
Using Illumina adapter for trimming (count: 24364). Second best hit was Nextera (count: 0)

Writing report to '/workspace/home/nasirja/covid-19-signal/subset_viral_7_results_dir/SC2225/adapter_trimmed/SC2225_R1.fastq.gz_trimming_report.txt'

SUMMARISING RUN PARAMETERS
==========================
Input filename: SC2225/host_removal/SC2225_R1.fastq.gz
Trimming mode: paired-end
Trim Galore version: 0.6.4_dev
Cutadapt version: 4.1
Python version: could not detect
Number of cores used for trimming: 2
Quality Phred score cutoff: 20
Quality encoding type selected: ASCII+33
Adapter sequence: 'AGATCGGAAGAGC' (Illumina TruSeq, Sanger iPCR; auto-detected)
Maximum trimming error rate: 0.1 (default)
Minimum required adapter overlap (stringency): 1 bp
Minimum required sequence length for both reads before a sequence pair gets removed: 20 bp
Running FastQC on the data once trimming has completed
Output file(s) will be GZIP compressed

Cutadapt seems to be fairly up-to-date (version 4.1). Setting -j 2
Writing final adapter and quality trimmed output to SC2225_R1_trimmed.fq.gz


  >>> Now performing quality (cutoff '-q 20') and adapter trimming in a single pass for the adapter sequence: 'AGATCGGAAGAGC' from file SC2225/host_removal/SC2225_R1.fastq.gz <<< 
This is cutadapt 4.1 with Python 3.9.13
Command line parameters: -j 2 -e 0.1 -q 20 -O 1 -a AGATCGGAAGAGC SC2225/host_removal/SC2225_R1.fastq.gz
Processing single-end reads on 2 cores ...
Finished in 45.13 s (43 µs/read; 1.40 M reads/minute).

=== Summary ===

Total reads processed:               1,050,817
Reads with adapters:                   369,068 (35.1%)
Reads written (passing filters):     1,050,817 (100.0%)

Total basepairs processed:   263,755,067 bp
Quality-trimmed:               2,229,277 bp (0.8%)
Total written (filtered):    258,882,917 bp (98.2%)

=== Adapter 1 ===

Sequence: AGATCGGAAGAGC; Type: regular 3'; Length: 13; Trimmed: 369068 times

Minimum overlap: 1
No. of allowed errors:
1-9 bp: 0; 10-13 bp: 1

Bases preceding removed adapters:
  A: 37.6%
  C: 17.3%
  G: 12.1%
  T: 32.5%
  none/other: 0.5%

Overview of removed sequences
length	count	expect	max.err	error counts
1	239168	262704.2	0	239168
2	87498	65676.1	0	87498
3	7085	16419.0	0	7085
4	2954	4104.8	0	2954
5	139	1026.2	0	139
6	137	256.5	0	137
7	3172	64.1	0	3172
8	103	16.0	0	103
9	166	4.0	0	166
10	159	1.0	1	149 10
11	56	0.3	1	50 6
12	200	0.1	1	189 11
13	99	0.0	1	91 8
14	86	0.0	1	76 10
15	114	0.0	1	103 11
16	87	0.0	1	77 10
17	110	0.0	1	99 11
18	577	0.0	1	549 28
19	855	0.0	1	803 52
20	614	0.0	1	586 28
21	160	0.0	1	150 10
22	97	0.0	1	79 18
23	91	0.0	1	80 11
24	1065	0.0	1	1036 29
25	241	0.0	1	222 19
26	68	0.0	1	59 9
27	80	0.0	1	70 10
28	157	0.0	1	134 23
29	56	0.0	1	45 11
30	76	0.0	1	68 8
31	100	0.0	1	84 16
32	165	0.0	1	158 7
33	72	0.0	1	65 7
34	148	0.0	1	134 14
35	82	0.0	1	75 7
36	368	0.0	1	354 14
37	778	0.0	1	752 26
38	355	0.0	1	338 17
39	49	0.0	1	42 7
40	194	0.0	1	172 22
41	434	0.0	1	397 37
42	161	0.0	1	147 14
43	404	0.0	1	385 19
44	137	0.0	1	130 7
45	230	0.0	1	221 9
46	110	0.0	1	102 8
47	99	0.0	1	86 13
48	36	0.0	1	31 5
49	72	0.0	1	63 9
50	51	0.0	1	42 9
51	86	0.0	1	76 10
52	56	0.0	1	51 5
53	56	0.0	1	50 6
54	118	0.0	1	101 17
55	68	0.0	1	65 3
56	38	0.0	1	32 6
57	65	0.0	1	58 7
58	68	0.0	1	60 8
59	80	0.0	1	76 4
60	52	0.0	1	42 10
61	74	0.0	1	69 5
62	50	0.0	1	49 1
63	74	0.0	1	65 9
64	48	0.0	1	40 8
65	68	0.0	1	61 7
66	59	0.0	1	50 9
67	29	0.0	1	26 3
68	76	0.0	1	65 11
69	336	0.0	1	319 17
70	131	0.0	1	120 11
71	155	0.0	1	129 26
72	202	0.0	1	181 21
73	262	0.0	1	231 31
74	466	0.0	1	401 65
75	1047	0.0	1	915 132
76	2837	0.0	1	2678 159
77	2236	0.0	1	2103 133
78	1413	0.0	1	1304 109
79	842	0.0	1	785 57
80	582	0.0	1	529 53
81	413	0.0	1	369 44
82	310	0.0	1	278 32
83	241	0.0	1	220 21
84	220	0.0	1	200 20
85	173	0.0	1	154 19
86	153	0.0	1	132 21
87	141	0.0	1	128 13
88	117	0.0	1	108 9
89	174	0.0	1	148 26
90	86	0.0	1	75 11
91	92	0.0	1	76 16
92	91	0.0	1	85 6
93	101	0.0	1	93 8
94	439	0.0	1	423 16
95	98	0.0	1	91 7
96	162	0.0	1	153 9
97	69	0.0	1	65 4
98	51	0.0	1	45 6
99	55	0.0	1	47 8
100	52	0.0	1	43 9
101	46	0.0	1	42 4
102	49	0.0	1	39 10
103	45	0.0	1	40 5
104	54	0.0	1	49 5
105	103	0.0	1	90 13
106	36	0.0	1	34 2
107	36	0.0	1	29 7
108	39	0.0	1	38 1
109	38	0.0	1	28 10
110	48	0.0	1	40 8
111	36	0.0	1	30 6
112	38	0.0	1	30 8
113	63	0.0	1	57 6
114	42	0.0	1	32 10
115	21	0.0	1	16 5
116	29	0.0	1	23 6
117	58	0.0	1	49 9
118	26	0.0	1	21 5
119	23	0.0	1	17 6
120	22	0.0	1	18 4
121	27	0.0	1	19 8
122	13	0.0	1	12 1
123	32	0.0	1	30 2
124	38	0.0	1	30 8
125	22	0.0	1	15 7
126	30	0.0	1	23 7
127	75	0.0	1	72 3
128	20	0.0	1	15 5
129	33	0.0	1	29 4
130	17	0.0	1	13 4
131	21	0.0	1	14 7
132	26	0.0	1	20 6
133	59	0.0	1	51 8
134	18	0.0	1	13 5
135	19	0.0	1	15 4
136	6	0.0	1	5 1
137	17	0.0	1	10 7
138	11	0.0	1	8 3
139	14	0.0	1	12 2
140	18	0.0	1	13 5
141	40	0.0	1	38 2
142	23	0.0	1	16 7
143	25	0.0	1	19 6
144	16	0.0	1	11 5
145	19	0.0	1	14 5
146	37	0.0	1	32 5
147	61	0.0	1	55 6
148	19	0.0	1	16 3
149	35	0.0	1	31 4
150	25	0.0	1	21 4
151	51	0.0	1	47 4
152	38	0.0	1	27 11
153	62	0.0	1	52 10
154	72	0.0	1	66 6
155	43	0.0	1	36 7
156	156	0.0	1	144 12
157	62	0.0	1	53 9
158	57	0.0	1	50 7
159	75	0.0	1	64 11
160	124	0.0	1	112 12
161	77	0.0	1	66 11
162	68	0.0	1	63 5
163	41	0.0	1	35 6
164	71	0.0	1	67 4
165	43	0.0	1	37 6
166	86	0.0	1	77 9
167	95	0.0	1	91 4
168	74	0.0	1	68 6
169	40	0.0	1	34 6
170	31	0.0	1	27 4
171	22	0.0	1	18 4
172	106	0.0	1	98 8
173	58	0.0	1	52 6
174	37	0.0	1	33 4
175	82	0.0	1	75 7
176	54	0.0	1	49 5
177	33	0.0	1	31 2
178	24	0.0	1	18 6
179	15	0.0	1	12 3
180	56	0.0	1	52 4
181	57	0.0	1	51 6
182	15	0.0	1	12 3
183	25	0.0	1	19 6
184	8	0.0	1	6 2
185	94	0.0	1	90 4
186	10	0.0	1	9 1
187	38	0.0	1	32 6
188	11	0.0	1	9 2
189	19	0.0	1	19
190	22	0.0	1	17 5
191	6	0.0	1	6
192	30	0.0	1	28 2
193	21	0.0	1	20 1
194	15	0.0	1	9 6
195	8	0.0	1	4 4
196	18	0.0	1	13 5
197	5	0.0	1	3 2
198	11	0.0	1	10 1
199	8	0.0	1	7 1
200	10	0.0	1	8 2
201	7	0.0	1	7
202	1	0.0	1	1
203	14	0.0	1	14
204	12	0.0	1	11 1
205	9	0.0	1	8 1
206	8	0.0	1	7 1
207	16	0.0	1	16
208	17	0.0	1	13 4
209	20	0.0	1	18 2
210	28	0.0	1	28
211	9	0.0	1	7 2
212	15	0.0	1	14 1
213	12	0.0	1	10 2
214	15	0.0	1	14 1
215	8	0.0	1	8
216	7	0.0	1	6 1
217	6	0.0	1	6
218	5	0.0	1	4 1
219	2	0.0	1	1 1
220	1	0.0	1	1
221	7	0.0	1	4 3
222	3	0.0	1	3
225	2	0.0	1	1 1
227	3	0.0	1	0 3
228	3	0.0	1	1 2
229	2	0.0	1	1 1
232	4	0.0	1	2 2
234	2	0.0	1	1 1
235	2	0.0	1	2
237	1	0.0	1	0 1
238	1	0.0	1	0 1
239	1	0.0	1	0 1
241	2	0.0	1	0 2
243	4	0.0	1	0 4
245	5	0.0	1	0 5
246	7	0.0	1	1 6
247	1	0.0	1	0 1
248	5	0.0	1	0 5
249	8	0.0	1	0 8
250	17	0.0	1	0 17
251	397	0.0	1	0 397

RUN STATISTICS FOR INPUT FILE: SC2225/host_removal/SC2225_R1.fastq.gz
=============================================
1050817 sequences processed in total
The length threshold of paired-end sequences gets evaluated later on (in the validation step)

Writing report to '/workspace/home/nasirja/covid-19-signal/subset_viral_7_results_dir/SC2225/adapter_trimmed/SC2225_R2.fastq.gz_trimming_report.txt'

SUMMARISING RUN PARAMETERS
==========================
Input filename: SC2225/host_removal/SC2225_R2.fastq.gz
Trimming mode: paired-end
Trim Galore version: 0.6.4_dev
Cutadapt version: 4.1
Python version: could not detect
Number of cores used for trimming: 2
Quality Phred score cutoff: 20
Quality encoding type selected: ASCII+33
Adapter sequence: 'AGATCGGAAGAGC' (Illumina TruSeq, Sanger iPCR; auto-detected)
Maximum trimming error rate: 0.1 (default)
Minimum required adapter overlap (stringency): 1 bp
Minimum required sequence length for both reads before a sequence pair gets removed: 20 bp
Running FastQC on the data once trimming has completed
Output file(s) will be GZIP compressed

Cutadapt seems to be fairly up-to-date (version 4.1). Setting -j -j 2
Writing final adapter and quality trimmed output to SC2225_R2_trimmed.fq.gz


  >>> Now performing quality (cutoff '-q 20') and adapter trimming in a single pass for the adapter sequence: 'AGATCGGAAGAGC' from file SC2225/host_removal/SC2225_R2.fastq.gz <<< 
This is cutadapt 4.1 with Python 3.9.13
Command line parameters: -j 2 -e 0.1 -q 20 -O 1 -a AGATCGGAAGAGC SC2225/host_removal/SC2225_R2.fastq.gz
Processing single-end reads on 2 cores ...
Finished in 42.73 s (41 µs/read; 1.48 M reads/minute).

=== Summary ===

Total reads processed:               1,050,817
Reads with adapters:                   353,600 (33.7%)
Reads written (passing filters):     1,050,817 (100.0%)

Total basepairs processed:   263,755,067 bp
Quality-trimmed:               4,209,910 bp (1.6%)
Total written (filtered):    257,276,979 bp (97.5%)

=== Adapter 1 ===

Sequence: AGATCGGAAGAGC; Type: regular 3'; Length: 13; Trimmed: 353600 times

Minimum overlap: 1
No. of allowed errors:
1-9 bp: 0; 10-13 bp: 1

Bases preceding removed adapters:
  A: 40.8%
  C: 16.8%
  G: 11.3%
  T: 30.5%
  none/other: 0.6%

Overview of removed sequences
length	count	expect	max.err	error counts
1	239818	262704.2	0	239818
2	72830	65676.1	0	72830
3	8091	16419.0	0	8091
4	2234	4104.8	0	2234
5	127	1026.2	0	127
6	130	256.5	0	130
7	3227	64.1	0	3227
8	80	16.0	0	80
9	178	4.0	0	178
10	173	1.0	1	164 9
11	75	0.3	1	66 9
12	236	0.1	1	219 17
13	45	0.0	1	34 11
14	248	0.0	1	232 16
15	92	0.0	1	84 8
16	63	0.0	1	62 1
17	292	0.0	1	266 26
18	168	0.0	1	135 33
19	944	0.0	1	802 142
20	236	0.0	1	218 18
21	33	0.0	1	27 6
22	91	0.0	1	83 8
23	91	0.0	1	81 10
24	1242	0.0	1	1193 49
25	46	0.0	1	41 5
26	119	0.0	1	111 8
27	107	0.0	1	99 8
28	134	0.0	1	122 12
29	34	0.0	1	26 8
30	164	0.0	1	148 16
31	18	0.0	1	16 2
32	120	0.0	1	110 10
33	109	0.0	1	102 7
34	184	0.0	1	175 9
35	126	0.0	1	112 14
36	946	0.0	1	909 37
37	456	0.0	1	432 24
38	266	0.0	1	252 14
39	209	0.0	1	196 13
40	264	0.0	1	246 18
41	423	0.0	1	395 28
42	368	0.0	1	348 20
43	630	0.0	1	609 21
44	526	0.0	1	494 32
45	619	0.0	1	583 36
46	477	0.0	1	463 14
47	294	0.0	1	282 12
48	240	0.0	1	232 8
49	153	0.0	1	151 2
50	113	0.0	1	104 9
51	129	0.0	1	127 2
52	104	0.0	1	100 4
53	166	0.0	1	154 12
54	354	0.0	1	343 11
55	117	0.0	1	112 5
56	262	0.0	1	238 24
57	617	0.0	1	604 13
58	301	0.0	1	292 9
59	93	0.0	1	88 5
60	206	0.0	1	203 3
61	82	0.0	1	80 2
62	78	0.0	1	74 4
63	137	0.0	1	131 6
64	69	0.0	1	66 3
65	33	0.0	1	32 1
66	30	0.0	1	28 2
67	17	0.0	1	13 4
68	34	0.0	1	33 1
69	80	0.0	1	77 3
70	35	0.0	1	32 3
71	20	0.0	1	16 4
72	31	0.0	1	29 2
73	61	0.0	1	55 6
74	49	0.0	1	45 4
75	74	0.0	1	65 9
76	127	0.0	1	116 11
77	217	0.0	1	191 26
78	462	0.0	1	420 42
79	793	0.0	1	675 118
80	1787	0.0	1	1623 164
81	1791	0.0	1	1587 204
82	1203	0.0	1	976 227
83	862	0.0	1	726 136
84	494	0.0	1	389 105
85	351	0.0	1	276 75
86	235	0.0	1	194 41
87	148	0.0	1	115 33
88	127	0.0	1	92 35
89	129	0.0	1	107 22
90	81	0.0	1	63 18
91	80	0.0	1	63 17
92	67	0.0	1	50 17
93	60	0.0	1	48 12
94	321	0.0	1	308 13
95	59	0.0	1	49 10
96	92	0.0	1	80 12
97	41	0.0	1	32 9
98	48	0.0	1	35 13
99	34	0.0	1	22 12
100	31	0.0	1	19 12
101	25	0.0	1	17 8
102	30	0.0	1	21 9
103	26	0.0	1	17 9
104	25	0.0	1	17 8
105	64	0.0	1	54 10
106	17	0.0	1	8 9
107	28	0.0	1	15 13
108	29	0.0	1	20 9
109	18	0.0	1	10 8
110	20	0.0	1	10 10
111	27	0.0	1	17 10
112	16	0.0	1	9 7
113	39	0.0	1	34 5
114	12	0.0	1	6 6
115	10	0.0	1	1 9
116	13	0.0	1	5 8
117	34	0.0	1	29 5
118	15	0.0	1	11 4
119	10	0.0	1	6 4
120	10	0.0	1	5 5
121	9	0.0	1	5 4
122	14	0.0	1	7 7
123	40	0.0	1	30 10
124	23	0.0	1	17 6
125	10	0.0	1	5 5
126	11	0.0	1	7 4
127	55	0.0	1	46 9
128	16	0.0	1	13 3
129	26	0.0	1	18 8
130	9	0.0	1	3 6
131	18	0.0	1	13 5
132	6	0.0	1	4 2
133	37	0.0	1	31 6
134	23	0.0	1	15 8
135	5	0.0	1	4 1
136	9	0.0	1	5 4
137	15	0.0	1	7 8
138	7	0.0	1	4 3
139	4	0.0	1	3 1
140	10	0.0	1	7 3
141	38	0.0	1	30 8
142	8	0.0	1	5 3
143	10	0.0	1	5 5
144	8	0.0	1	4 4
145	5	0.0	1	4 1
146	19	0.0	1	18 1
147	33	0.0	1	30 3
148	6	0.0	1	3 3
149	30	0.0	1	25 5
150	12	0.0	1	7 5
151	33	0.0	1	25 8
152	17	0.0	1	12 5
153	36	0.0	1	30 6
154	47	0.0	1	46 1
155	22	0.0	1	18 4
156	114	0.0	1	106 8
157	45	0.0	1	43 2
158	26	0.0	1	24 2
159	50	0.0	1	41 9
160	80	0.0	1	74 6
161	46	0.0	1	44 2
162	41	0.0	1	37 4
163	25	0.0	1	19 6
164	38	0.0	1	35 3
165	29	0.0	1	24 5
166	56	0.0	1	51 5
167	66	0.0	1	62 4
168	49	0.0	1	43 6
169	34	0.0	1	28 6
170	14	0.0	1	12 2
171	9	0.0	1	7 2
172	55	0.0	1	51 4
173	24	0.0	1	21 3
174	26	0.0	1	23 3
175	65	0.0	1	62 3
176	42	0.0	1	40 2
177	26	0.0	1	26
178	16	0.0	1	14 2
179	10	0.0	1	10
180	43	0.0	1	39 4
181	30	0.0	1	30
182	4	0.0	1	4
183	14	0.0	1	11 3
184	9	0.0	1	9
185	51	0.0	1	48 3
186	8	0.0	1	7 1
187	19	0.0	1	17 2
188	4	0.0	1	4
189	10	0.0	1	8 2
190	22	0.0	1	22
191	9	0.0	1	8 1
192	23	0.0	1	23
193	11	0.0	1	10 1
194	8	0.0	1	6 2
195	3	0.0	1	3
196	4	0.0	1	3 1
197	6	0.0	1	6
198	3	0.0	1	3
199	3	0.0	1	3
200	4	0.0	1	3 1
201	2	0.0	1	2
202	3	0.0	1	3
203	10	0.0	1	10
204	5	0.0	1	4 1
205	3	0.0	1	3
206	3	0.0	1	3
207	12	0.0	1	12
208	10	0.0	1	10
209	10	0.0	1	10
210	15	0.0	1	14 1
211	11	0.0	1	8 3
212	7	0.0	1	7
213	3	0.0	1	2 1
214	8	0.0	1	8
215	5	0.0	1	4 1
216	6	0.0	1	6
217	3	0.0	1	3
218	3	0.0	1	2 1
219	1	0.0	1	1
222	2	0.0	1	1 1
224	1	0.0	1	1
226	1	0.0	1	1
227	2	0.0	1	1 1
228	2	0.0	1	2
235	1	0.0	1	1
238	1	0.0	1	1
240	1	0.0	1	1
242	1	0.0	1	0 1
246	2	0.0	1	0 2
247	3	0.0	1	0 3
248	2	0.0	1	0 2
249	7	0.0	1	0 7
250	12	0.0	1	0 12
251	321	0.0	1	0 321

RUN STATISTICS FOR INPUT FILE: SC2225/host_removal/SC2225_R2.fastq.gz
=============================================
1050817 sequences processed in total
The length threshold of paired-end sequences gets evaluated later on (in the validation step)

Validate paired-end files SC2225_R1_trimmed.fq.gz and SC2225_R2_trimmed.fq.gz
file_1: SC2225_R1_trimmed.fq.gz, file_2: SC2225_R2_trimmed.fq.gz


>>>>> Now validing the length of the 2 paired-end infiles: SC2225_R1_trimmed.fq.gz and SC2225_R2_trimmed.fq.gz <<<<<
Writing validated paired-end Read 1 reads to SC2225_R1_val_1.fq.gz
Writing validated paired-end Read 2 reads to SC2225_R2_val_2.fq.gz

Total number of sequences analysed: 1050817

Number of sequence pairs removed because at least one read was shorter than the length cutoff (20 bp): 4695 (0.45%)


  >>> Now running FastQC on the validated data SC2225_R1_val_1.fq.gz<<<

Started analysis of SC2225_R1_val_1.fq.gz
Approx 5% complete for SC2225_R1_val_1.fq.gz
Approx 10% complete for SC2225_R1_val_1.fq.gz
Approx 15% complete for SC2225_R1_val_1.fq.gz
Approx 20% complete for SC2225_R1_val_1.fq.gz
Approx 25% complete for SC2225_R1_val_1.fq.gz
Approx 30% complete for SC2225_R1_val_1.fq.gz
Approx 35% complete for SC2225_R1_val_1.fq.gz
Approx 40% complete for SC2225_R1_val_1.fq.gz
Approx 45% complete for SC2225_R1_val_1.fq.gz
Approx 50% complete for SC2225_R1_val_1.fq.gz
Approx 55% complete for SC2225_R1_val_1.fq.gz
Approx 60% complete for SC2225_R1_val_1.fq.gz
Approx 65% complete for SC2225_R1_val_1.fq.gz
Approx 70% complete for SC2225_R1_val_1.fq.gz
Approx 75% complete for SC2225_R1_val_1.fq.gz
Approx 80% complete for SC2225_R1_val_1.fq.gz
Approx 85% complete for SC2225_R1_val_1.fq.gz
Approx 90% complete for SC2225_R1_val_1.fq.gz
Approx 95% complete for SC2225_R1_val_1.fq.gz

  >>> Now running FastQC on the validated data SC2225_R2_val_2.fq.gz<<<

Started analysis of SC2225_R2_val_2.fq.gz
Approx 5% complete for SC2225_R2_val_2.fq.gz
Approx 10% complete for SC2225_R2_val_2.fq.gz
Approx 15% complete for SC2225_R2_val_2.fq.gz
Approx 20% complete for SC2225_R2_val_2.fq.gz
Approx 25% complete for SC2225_R2_val_2.fq.gz
Approx 30% complete for SC2225_R2_val_2.fq.gz
Approx 35% complete for SC2225_R2_val_2.fq.gz
Approx 40% complete for SC2225_R2_val_2.fq.gz
Approx 45% complete for SC2225_R2_val_2.fq.gz
Approx 50% complete for SC2225_R2_val_2.fq.gz
Approx 55% complete for SC2225_R2_val_2.fq.gz
Approx 60% complete for SC2225_R2_val_2.fq.gz
Approx 65% complete for SC2225_R2_val_2.fq.gz
Approx 70% complete for SC2225_R2_val_2.fq.gz
Approx 75% complete for SC2225_R2_val_2.fq.gz
Approx 80% complete for SC2225_R2_val_2.fq.gz
Approx 85% complete for SC2225_R2_val_2.fq.gz
Approx 90% complete for SC2225_R2_val_2.fq.gz
Approx 95% complete for SC2225_R2_val_2.fq.gz
Deleting both intermediate output files SC2225_R1_trimmed.fq.gz and SC2225_R2_trimmed.fq.gz

====================================================================================================

