Path to Cutadapt set as: 'cutadapt' (default)
Cutadapt seems to be working fine (tested command 'cutadapt --version')
Cutadapt version: 4.1
Could not detect version of Python used by Cutadapt from the first line of Cutadapt (but found this: >>>#!/bin/sh<<<)
Letting the (modified) Cutadapt deal with the Python version instead
Parallel gzip (pigz) detected. Proceeding with multicore (de)compression using 2 cores

No quality encoding type selected. Assuming that the data provided uses Sanger encoded Phred scores (default)

Output will be written into the directory: /workspace/home/nasirja/covid-19-signal/subset_viral_7_results_dir/SC2209/adapter_trimmed/


AUTO-DETECTING ADAPTER TYPE
===========================
Attempting to auto-detect adapter type from the first 1 million sequences of the first file (>> SC2209/host_removal/SC2209_R1.fastq.gz <<)

Found perfect matches for the following adapter sequences:
Adapter type	Count	Sequence	Sequences analysed	Percentage
Illumina	10722	AGATCGGAAGAGC	738859	1.45
Nextera	1	CTGTCTCTTATA	738859	0.00
smallRNA	0	TGGAATTCTCGG	738859	0.00
Using Illumina adapter for trimming (count: 10722). Second best hit was Nextera (count: 1)

Writing report to '/workspace/home/nasirja/covid-19-signal/subset_viral_7_results_dir/SC2209/adapter_trimmed/SC2209_R1.fastq.gz_trimming_report.txt'

SUMMARISING RUN PARAMETERS
==========================
Input filename: SC2209/host_removal/SC2209_R1.fastq.gz
Trimming mode: paired-end
Trim Galore version: 0.6.4_dev
Cutadapt version: 4.1
Python version: could not detect
Number of cores used for trimming: 2
Quality Phred score cutoff: 20
Quality encoding type selected: ASCII+33
Adapter sequence: 'AGATCGGAAGAGC' (Illumina TruSeq, Sanger iPCR; auto-detected)
Maximum trimming error rate: 0.1 (default)
Minimum required adapter overlap (stringency): 1 bp
Minimum required sequence length for both reads before a sequence pair gets removed: 20 bp
Running FastQC on the data once trimming has completed
Output file(s) will be GZIP compressed

Cutadapt seems to be fairly up-to-date (version 4.1). Setting -j 2
Writing final adapter and quality trimmed output to SC2209_R1_trimmed.fq.gz


  >>> Now performing quality (cutoff '-q 20') and adapter trimming in a single pass for the adapter sequence: 'AGATCGGAAGAGC' from file SC2209/host_removal/SC2209_R1.fastq.gz <<< 
This is cutadapt 4.1 with Python 3.9.13
Command line parameters: -j 2 -e 0.1 -q 20 -O 1 -a AGATCGGAAGAGC SC2209/host_removal/SC2209_R1.fastq.gz
Processing single-end reads on 2 cores ...
Finished in 24.67 s (33 µs/read; 1.80 M reads/minute).

=== Summary ===

Total reads processed:                 738,859
Reads with adapters:                   248,450 (33.6%)
Reads written (passing filters):       738,859 (100.0%)

Total basepairs processed:   185,453,609 bp
Quality-trimmed:               1,893,957 bp (1.0%)
Total written (filtered):    182,218,180 bp (98.3%)

=== Adapter 1 ===

Sequence: AGATCGGAAGAGC; Type: regular 3'; Length: 13; Trimmed: 248450 times

Minimum overlap: 1
No. of allowed errors:
1-9 bp: 0; 10-13 bp: 1

Bases preceding removed adapters:
  A: 36.8%
  C: 18.2%
  G: 10.3%
  T: 34.3%
  none/other: 0.4%

Overview of removed sequences
length	count	expect	max.err	error counts
1	171884	184714.8	0	171884
2	57669	46178.7	0	57669
3	3832	11544.7	0	3832
4	828	2886.2	0	828
5	74	721.5	0	74
6	49	180.4	0	49
7	1434	45.1	0	1434
8	54	11.3	0	54
9	90	2.8	0	90
10	74	0.7	1	61 13
11	26	0.2	1	20 6
12	32	0.0	1	27 5
13	23	0.0	1	21 2
14	28	0.0	1	25 3
15	31	0.0	1	27 4
16	20	0.0	1	16 4
17	26	0.0	1	17 9
18	50	0.0	1	38 12
19	18	0.0	1	12 6
20	24	0.0	1	22 2
21	18	0.0	1	14 4
22	27	0.0	1	22 5
23	42	0.0	1	34 8
24	412	0.0	1	389 23
25	99	0.0	1	83 16
26	25	0.0	1	18 7
27	56	0.0	1	40 16
28	83	0.0	1	64 19
29	50	0.0	1	38 12
30	44	0.0	1	37 7
31	27	0.0	1	16 11
32	63	0.0	1	51 12
33	35	0.0	1	28 7
34	53	0.0	1	39 14
35	53	0.0	1	36 17
36	152	0.0	1	125 27
37	155	0.0	1	145 10
38	79	0.0	1	64 15
39	31	0.0	1	25 6
40	49	0.0	1	40 9
41	51	0.0	1	44 7
42	68	0.0	1	57 11
43	238	0.0	1	224 14
44	151	0.0	1	146 5
45	329	0.0	1	317 12
46	215	0.0	1	202 13
47	87	0.0	1	71 16
48	35	0.0	1	27 8
49	56	0.0	1	50 6
50	30	0.0	1	22 8
51	54	0.0	1	42 12
52	52	0.0	1	32 20
53	71	0.0	1	62 9
54	79	0.0	1	60 19
55	65	0.0	1	52 13
56	25	0.0	1	16 9
57	37	0.0	1	31 6
58	34	0.0	1	29 5
59	85	0.0	1	75 10
60	32	0.0	1	23 9
61	35	0.0	1	32 3
62	30	0.0	1	28 2
63	50	0.0	1	44 6
64	30	0.0	1	27 3
65	38	0.0	1	31 7
66	65	0.0	1	55 10
67	30	0.0	1	20 10
68	51	0.0	1	41 10
69	151	0.0	1	133 18
70	60	0.0	1	44 16
71	70	0.0	1	63 7
72	118	0.0	1	98 20
73	173	0.0	1	135 38
74	275	0.0	1	215 60
75	493	0.0	1	404 89
76	1188	0.0	1	1076 112
77	1052	0.0	1	967 85
78	576	0.0	1	519 57
79	380	0.0	1	349 31
80	250	0.0	1	230 20
81	173	0.0	1	153 20
82	118	0.0	1	96 22
83	121	0.0	1	106 15
84	97	0.0	1	84 13
85	75	0.0	1	64 11
86	97	0.0	1	82 15
87	71	0.0	1	62 9
88	65	0.0	1	59 6
89	52	0.0	1	45 7
90	36	0.0	1	31 5
91	39	0.0	1	33 6
92	44	0.0	1	42 2
93	38	0.0	1	34 4
94	108	0.0	1	98 10
95	44	0.0	1	38 6
96	64	0.0	1	54 10
97	33	0.0	1	25 8
98	26	0.0	1	21 5
99	31	0.0	1	28 3
100	27	0.0	1	26 1
101	17	0.0	1	15 2
102	10	0.0	1	8 2
103	14	0.0	1	11 3
104	22	0.0	1	16 6
105	26	0.0	1	22 4
106	34	0.0	1	28 6
107	30	0.0	1	23 7
108	26	0.0	1	20 6
109	31	0.0	1	20 11
110	12	0.0	1	10 2
111	79	0.0	1	75 4
112	28	0.0	1	25 3
113	34	0.0	1	32 2
114	28	0.0	1	28
115	17	0.0	1	12 5
116	20	0.0	1	16 4
117	26	0.0	1	19 7
118	24	0.0	1	22 2
119	7	0.0	1	6 1
120	6	0.0	1	2 4
121	14	0.0	1	11 3
122	15	0.0	1	10 5
123	15	0.0	1	13 2
124	11	0.0	1	7 4
125	8	0.0	1	6 2
126	25	0.0	1	21 4
127	48	0.0	1	46 2
128	11	0.0	1	9 2
129	21	0.0	1	19 2
130	11	0.0	1	8 3
131	12	0.0	1	8 4
132	11	0.0	1	7 4
133	21	0.0	1	19 2
134	26	0.0	1	21 5
135	14	0.0	1	12 2
136	23	0.0	1	19 4
137	13	0.0	1	12 1
138	5	0.0	1	3 2
139	8	0.0	1	6 2
140	9	0.0	1	6 3
141	10	0.0	1	7 3
142	12	0.0	1	5 7
143	6	0.0	1	2 4
144	8	0.0	1	6 2
145	14	0.0	1	6 8
146	6	0.0	1	2 4
147	35	0.0	1	32 3
148	13	0.0	1	10 3
149	20	0.0	1	17 3
150	16	0.0	1	10 6
151	21	0.0	1	18 3
152	15	0.0	1	10 5
153	24	0.0	1	19 5
154	46	0.0	1	41 5
155	13	0.0	1	9 4
156	72	0.0	1	68 4
157	36	0.0	1	31 5
158	21	0.0	1	14 7
159	20	0.0	1	16 4
160	28	0.0	1	25 3
161	31	0.0	1	27 4
162	15	0.0	1	11 4
163	15	0.0	1	13 2
164	12	0.0	1	8 4
165	28	0.0	1	19 9
166	51	0.0	1	46 5
167	47	0.0	1	43 4
168	30	0.0	1	29 1
169	22	0.0	1	19 3
170	10	0.0	1	7 3
171	4	0.0	1	2 2
172	30	0.0	1	27 3
173	14	0.0	1	14
174	13	0.0	1	10 3
175	42	0.0	1	36 6
176	15	0.0	1	14 1
177	11	0.0	1	9 2
178	13	0.0	1	7 6
179	5	0.0	1	5
180	8	0.0	1	8
181	35	0.0	1	31 4
182	6	0.0	1	2 4
183	10	0.0	1	8 2
184	7	0.0	1	4 3
185	28	0.0	1	25 3
186	8	0.0	1	5 3
187	5	0.0	1	4 1
188	15	0.0	1	9 6
189	15	0.0	1	13 2
190	15	0.0	1	13 2
191	6	0.0	1	6
192	10	0.0	1	9 1
193	8	0.0	1	6 2
194	8	0.0	1	5 3
195	4	0.0	1	3 1
196	11	0.0	1	8 3
197	11	0.0	1	10 1
198	7	0.0	1	5 2
199	8	0.0	1	7 1
200	12	0.0	1	10 2
201	7	0.0	1	7
202	11	0.0	1	8 3
203	19	0.0	1	19
204	5	0.0	1	5
205	7	0.0	1	6 1
206	13	0.0	1	13
207	13	0.0	1	12 1
208	14	0.0	1	13 1
209	21	0.0	1	20 1
210	26	0.0	1	22 4
211	12	0.0	1	11 1
212	10	0.0	1	9 1
213	6	0.0	1	6
214	8	0.0	1	8
215	19	0.0	1	18 1
216	6	0.0	1	4 2
217	10	0.0	1	8 2
219	2	0.0	1	2
220	2	0.0	1	0 2
222	2	0.0	1	2
223	2	0.0	1	1 1
224	2	0.0	1	1 1
225	1	0.0	1	0 1
226	2	0.0	1	0 2
230	1	0.0	1	0 1
236	2	0.0	1	2
239	1	0.0	1	0 1
241	1	0.0	1	0 1
242	1	0.0	1	0 1
243	2	0.0	1	0 2
244	3	0.0	1	0 3
245	5	0.0	1	0 5
247	2	0.0	1	0 2
248	4	0.0	1	0 4
249	1	0.0	1	0 1
250	15	0.0	1	0 15
251	212	0.0	1	0 212

RUN STATISTICS FOR INPUT FILE: SC2209/host_removal/SC2209_R1.fastq.gz
=============================================
738859 sequences processed in total
The length threshold of paired-end sequences gets evaluated later on (in the validation step)

Writing report to '/workspace/home/nasirja/covid-19-signal/subset_viral_7_results_dir/SC2209/adapter_trimmed/SC2209_R2.fastq.gz_trimming_report.txt'

SUMMARISING RUN PARAMETERS
==========================
Input filename: SC2209/host_removal/SC2209_R2.fastq.gz
Trimming mode: paired-end
Trim Galore version: 0.6.4_dev
Cutadapt version: 4.1
Python version: could not detect
Number of cores used for trimming: 2
Quality Phred score cutoff: 20
Quality encoding type selected: ASCII+33
Adapter sequence: 'AGATCGGAAGAGC' (Illumina TruSeq, Sanger iPCR; auto-detected)
Maximum trimming error rate: 0.1 (default)
Minimum required adapter overlap (stringency): 1 bp
Minimum required sequence length for both reads before a sequence pair gets removed: 20 bp
Running FastQC on the data once trimming has completed
Output file(s) will be GZIP compressed

Cutadapt seems to be fairly up-to-date (version 4.1). Setting -j -j 2
Writing final adapter and quality trimmed output to SC2209_R2_trimmed.fq.gz


  >>> Now performing quality (cutoff '-q 20') and adapter trimming in a single pass for the adapter sequence: 'AGATCGGAAGAGC' from file SC2209/host_removal/SC2209_R2.fastq.gz <<< 
This is cutadapt 4.1 with Python 3.9.13
Command line parameters: -j 2 -e 0.1 -q 20 -O 1 -a AGATCGGAAGAGC SC2209/host_removal/SC2209_R2.fastq.gz
Processing single-end reads on 2 cores ...
Finished in 27.71 s (38 µs/read; 1.60 M reads/minute).

=== Summary ===

Total reads processed:                 738,859
Reads with adapters:                   243,778 (33.0%)
Reads written (passing filters):       738,859 (100.0%)

Total basepairs processed:   185,453,609 bp
Quality-trimmed:               3,939,712 bp (2.1%)
Total written (filtered):    180,494,057 bp (97.3%)

=== Adapter 1 ===

Sequence: AGATCGGAAGAGC; Type: regular 3'; Length: 13; Trimmed: 243778 times

Minimum overlap: 1
No. of allowed errors:
1-9 bp: 0; 10-13 bp: 1

Bases preceding removed adapters:
  A: 40.4%
  C: 17.2%
  G: 11.0%
  T: 31.0%
  none/other: 0.5%

Overview of removed sequences
length	count	expect	max.err	error counts
1	177519	184714.8	0	177519
2	48608	46178.7	0	48608
3	4632	11544.7	0	4632
4	1042	2886.2	0	1042
5	64	721.5	0	64
6	48	180.4	0	48
7	1403	45.1	0	1403
8	29	11.3	0	29
9	79	2.8	0	78 1
10	63	0.7	1	58 5
11	21	0.2	1	14 7
12	31	0.0	1	28 3
13	11	0.0	1	2 9
14	45	0.0	1	39 6
15	16	0.0	1	10 6
16	18	0.0	1	14 4
17	26	0.0	1	20 6
18	13	0.0	1	10 3
19	35	0.0	1	32 3
20	19	0.0	1	17 2
21	9	0.0	1	8 1
22	19	0.0	1	17 2
23	42	0.0	1	34 8
24	478	0.0	1	456 22
25	14	0.0	1	13 1
26	34	0.0	1	24 10
27	49	0.0	1	37 12
28	69	0.0	1	63 6
29	30	0.0	1	23 7
30	83	0.0	1	70 13
31	21	0.0	1	19 2
32	107	0.0	1	92 15
33	62	0.0	1	55 7
34	30	0.0	1	25 5
35	60	0.0	1	54 6
36	144	0.0	1	131 13
37	240	0.0	1	229 11
38	59	0.0	1	58 1
39	139	0.0	1	113 26
40	130	0.0	1	116 14
41	131	0.0	1	110 21
42	386	0.0	1	326 60
43	763	0.0	1	701 62
44	673	0.0	1	616 57
45	512	0.0	1	478 34
46	205	0.0	1	185 20
47	256	0.0	1	242 14
48	133	0.0	1	125 8
49	80	0.0	1	71 9
50	68	0.0	1	62 6
51	65	0.0	1	54 11
52	54	0.0	1	47 7
53	85	0.0	1	74 11
54	130	0.0	1	116 14
55	60	0.0	1	47 13
56	164	0.0	1	138 26
57	280	0.0	1	266 14
58	96	0.0	1	90 6
59	57	0.0	1	51 6
60	80	0.0	1	77 3
61	18	0.0	1	15 3
62	10	0.0	1	10
63	23	0.0	1	21 2
64	13	0.0	1	10 3
65	9	0.0	1	8 1
66	7	0.0	1	6 1
67	8	0.0	1	6 2
68	5	0.0	1	3 2
69	23	0.0	1	21 2
70	10	0.0	1	7 3
71	3	0.0	1	3
72	5	0.0	1	3 2
73	12	0.0	1	8 4
74	10	0.0	1	6 4
75	13	0.0	1	10 3
76	24	0.0	1	22 2
77	37	0.0	1	27 10
78	48	0.0	1	37 11
79	118	0.0	1	95 23
80	240	0.0	1	201 39
81	281	0.0	1	223 58
82	262	0.0	1	191 71
83	265	0.0	1	202 63
84	214	0.0	1	158 56
85	167	0.0	1	131 36
86	118	0.0	1	89 29
87	109	0.0	1	63 46
88	66	0.0	1	40 26
89	58	0.0	1	42 16
90	44	0.0	1	34 10
91	36	0.0	1	28 8
92	37	0.0	1	26 11
93	25	0.0	1	18 7
94	70	0.0	1	60 10
95	22	0.0	1	18 4
96	47	0.0	1	36 11
97	19	0.0	1	14 5
98	16	0.0	1	11 5
99	12	0.0	1	8 4
100	17	0.0	1	15 2
101	11	0.0	1	10 1
102	8	0.0	1	6 2
103	7	0.0	1	4 3
104	3	0.0	1	2 1
105	15	0.0	1	13 2
106	11	0.0	1	5 6
107	8	0.0	1	6 2
108	17	0.0	1	10 7
109	13	0.0	1	8 5
110	10	0.0	1	6 4
111	57	0.0	1	50 7
112	18	0.0	1	11 7
113	8	0.0	1	6 2
114	11	0.0	1	6 5
115	22	0.0	1	14 8
116	6	0.0	1	3 3
117	16	0.0	1	10 6
118	6	0.0	1	3 3
119	7	0.0	1	2 5
120	7	0.0	1	4 3
121	8	0.0	1	2 6
122	4	0.0	1	3 1
123	6	0.0	1	4 2
124	4	0.0	1	1 3
125	9	0.0	1	2 7
126	8	0.0	1	5 3
127	35	0.0	1	28 7
128	6	0.0	1	2 4
129	14	0.0	1	8 6
130	7	0.0	1	3 4
131	3	0.0	1	1 2
132	7	0.0	1	4 3
133	11	0.0	1	5 6
134	11	0.0	1	6 5
135	7	0.0	1	3 4
136	9	0.0	1	4 5
137	6	0.0	1	3 3
138	4	0.0	1	1 3
139	4	0.0	1	2 2
140	4	0.0	1	1 3
141	5	0.0	1	4 1
142	7	0.0	1	3 4
143	7	0.0	1	3 4
144	3	0.0	1	1 2
145	9	0.0	1	4 5
146	9	0.0	1	6 3
147	13	0.0	1	13
148	6	0.0	1	3 3
149	9	0.0	1	5 4
150	7	0.0	1	4 3
151	8	0.0	1	7 1
153	20	0.0	1	14 6
154	26	0.0	1	25 1
155	10	0.0	1	8 2
156	57	0.0	1	53 4
157	22	0.0	1	20 2
158	6	0.0	1	5 1
159	9	0.0	1	9
160	24	0.0	1	21 3
161	12	0.0	1	10 2
162	10	0.0	1	5 5
163	10	0.0	1	6 4
164	10	0.0	1	9 1
165	16	0.0	1	14 2
166	28	0.0	1	25 3
167	29	0.0	1	27 2
168	24	0.0	1	22 2
169	9	0.0	1	8 1
170	5	0.0	1	4 1
171	5	0.0	1	4 1
172	16	0.0	1	16
173	8	0.0	1	8
174	10	0.0	1	7 3
175	32	0.0	1	29 3
176	6	0.0	1	5 1
177	6	0.0	1	5 1
178	7	0.0	1	6 1
179	5	0.0	1	4 1
180	4	0.0	1	4
181	21	0.0	1	19 2
182	2	0.0	1	2
183	6	0.0	1	6
185	18	0.0	1	17 1
186	8	0.0	1	6 2
187	7	0.0	1	7
188	5	0.0	1	4 1
189	11	0.0	1	11
190	15	0.0	1	14 1
191	6	0.0	1	6
192	9	0.0	1	9
193	9	0.0	1	9
194	7	0.0	1	7
195	7	0.0	1	6 1
196	4	0.0	1	4
197	11	0.0	1	11
198	2	0.0	1	2
199	4	0.0	1	4
200	3	0.0	1	2 1
201	3	0.0	1	3
202	8	0.0	1	8
203	15	0.0	1	15
204	4	0.0	1	4
205	6	0.0	1	5 1
206	10	0.0	1	10
207	8	0.0	1	8
208	17	0.0	1	14 3
209	11	0.0	1	9 2
210	14	0.0	1	13 1
211	7	0.0	1	7
212	9	0.0	1	9
213	4	0.0	1	4
214	5	0.0	1	4 1
215	12	0.0	1	12
216	2	0.0	1	2
217	7	0.0	1	6 1
218	1	0.0	1	0 1
221	2	0.0	1	2
224	1	0.0	1	0 1
235	1	0.0	1	1
241	1	0.0	1	0 1
244	2	0.0	1	0 2
246	1	0.0	1	0 1
247	2	0.0	1	0 2
250	6	0.0	1	0 6
251	187	0.0	1	0 187

RUN STATISTICS FOR INPUT FILE: SC2209/host_removal/SC2209_R2.fastq.gz
=============================================
738859 sequences processed in total
The length threshold of paired-end sequences gets evaluated later on (in the validation step)

Validate paired-end files SC2209_R1_trimmed.fq.gz and SC2209_R2_trimmed.fq.gz
file_1: SC2209_R1_trimmed.fq.gz, file_2: SC2209_R2_trimmed.fq.gz


>>>>> Now validing the length of the 2 paired-end infiles: SC2209_R1_trimmed.fq.gz and SC2209_R2_trimmed.fq.gz <<<<<
Writing validated paired-end Read 1 reads to SC2209_R1_val_1.fq.gz
Writing validated paired-end Read 2 reads to SC2209_R2_val_2.fq.gz

Total number of sequences analysed: 738859

Number of sequence pairs removed because at least one read was shorter than the length cutoff (20 bp): 3040 (0.41%)


  >>> Now running FastQC on the validated data SC2209_R1_val_1.fq.gz<<<

Started analysis of SC2209_R1_val_1.fq.gz
Approx 5% complete for SC2209_R1_val_1.fq.gz
Approx 10% complete for SC2209_R1_val_1.fq.gz
Approx 15% complete for SC2209_R1_val_1.fq.gz
Approx 20% complete for SC2209_R1_val_1.fq.gz
Approx 25% complete for SC2209_R1_val_1.fq.gz
Approx 30% complete for SC2209_R1_val_1.fq.gz
Approx 35% complete for SC2209_R1_val_1.fq.gz
Approx 40% complete for SC2209_R1_val_1.fq.gz
Approx 45% complete for SC2209_R1_val_1.fq.gz
Approx 50% complete for SC2209_R1_val_1.fq.gz
Approx 55% complete for SC2209_R1_val_1.fq.gz
Approx 60% complete for SC2209_R1_val_1.fq.gz
Approx 65% complete for SC2209_R1_val_1.fq.gz
Approx 70% complete for SC2209_R1_val_1.fq.gz
Approx 75% complete for SC2209_R1_val_1.fq.gz
Approx 80% complete for SC2209_R1_val_1.fq.gz
Approx 85% complete for SC2209_R1_val_1.fq.gz
Approx 90% complete for SC2209_R1_val_1.fq.gz
Approx 95% complete for SC2209_R1_val_1.fq.gz

  >>> Now running FastQC on the validated data SC2209_R2_val_2.fq.gz<<<

Started analysis of SC2209_R2_val_2.fq.gz
Approx 5% complete for SC2209_R2_val_2.fq.gz
Approx 10% complete for SC2209_R2_val_2.fq.gz
Approx 15% complete for SC2209_R2_val_2.fq.gz
Approx 20% complete for SC2209_R2_val_2.fq.gz
Approx 25% complete for SC2209_R2_val_2.fq.gz
Approx 30% complete for SC2209_R2_val_2.fq.gz
Approx 35% complete for SC2209_R2_val_2.fq.gz
Approx 40% complete for SC2209_R2_val_2.fq.gz
Approx 45% complete for SC2209_R2_val_2.fq.gz
Approx 50% complete for SC2209_R2_val_2.fq.gz
Approx 55% complete for SC2209_R2_val_2.fq.gz
Approx 60% complete for SC2209_R2_val_2.fq.gz
Approx 65% complete for SC2209_R2_val_2.fq.gz
Approx 70% complete for SC2209_R2_val_2.fq.gz
Approx 75% complete for SC2209_R2_val_2.fq.gz
Approx 80% complete for SC2209_R2_val_2.fq.gz
Approx 85% complete for SC2209_R2_val_2.fq.gz
Approx 90% complete for SC2209_R2_val_2.fq.gz
Approx 95% complete for SC2209_R2_val_2.fq.gz
Deleting both intermediate output files SC2209_R1_trimmed.fq.gz and SC2209_R2_trimmed.fq.gz

====================================================================================================

