[M::bwa_idx_load_from_disk] read 0 ALT contigs
[M::process] read 79682 sequences (20000182 bp)...
[M::process] read 79682 sequences (20000182 bp)...
[M::mem_pestat] # candidate unique pairs for (FF, FR, RF, RR): (4, 37488, 3, 3)
[M::mem_pestat] skip orientation FF as there are not enough pairs
[M::mem_pestat] analyzing insert size distribution for orientation FR...
[M::mem_pestat] (25, 50, 75) percentile: (382, 388, 397)
[M::mem_pestat] low and high boundaries for computing mean and std.dev: (352, 427)
[M::mem_pestat] mean and std.dev: (390.40, 11.25)
[M::mem_pestat] low and high boundaries for proper pairs: (337, 442)
[M::mem_pestat] skip orientation RF as there are not enough pairs
[M::mem_pestat] skip orientation RR as there are not enough pairs
[M::mem_process_seqs] Processed 79682 reads in 27.536 CPU sec, 17.148 real sec
[M::process] read 79682 sequences (20000182 bp)...
[M::mem_pestat] # candidate unique pairs for (FF, FR, RF, RR): (2, 37569, 9, 4)
[M::mem_pestat] skip orientation FF as there are not enough pairs
[M::mem_pestat] analyzing insert size distribution for orientation FR...
[M::mem_pestat] (25, 50, 75) percentile: (382, 388, 397)
[M::mem_pestat] low and high boundaries for computing mean and std.dev: (352, 427)
[M::mem_pestat] mean and std.dev: (390.37, 11.19)
[M::mem_pestat] low and high boundaries for proper pairs: (337, 442)
[M::mem_pestat] skip orientation RF as there are not enough pairs
[M::mem_pestat] skip orientation RR as there are not enough pairs
[M::mem_process_seqs] Processed 79682 reads in 22.428 CPU sec, 10.932 real sec
[M::process] read 79682 sequences (20000182 bp)...
[M::mem_pestat] # candidate unique pairs for (FF, FR, RF, RR): (2, 37515, 7, 5)
[M::mem_pestat] skip orientation FF as there are not enough pairs
[M::mem_pestat] analyzing insert size distribution for orientation FR...
[M::mem_pestat] (25, 50, 75) percentile: (382, 388, 397)
[M::mem_pestat] low and high boundaries for computing mean and std.dev: (352, 427)
[M::mem_pestat] mean and std.dev: (390.37, 11.21)
[M::mem_pestat] low and high boundaries for proper pairs: (337, 442)
[M::mem_pestat] skip orientation RF as there are not enough pairs
[M::mem_pestat] skip orientation RR as there are not enough pairs
[M::mem_process_seqs] Processed 79682 reads in 20.869 CPU sec, 10.144 real sec
[M::process] read 79682 sequences (20000182 bp)...
[M::mem_pestat] # candidate unique pairs for (FF, FR, RF, RR): (2, 37524, 10, 7)
[M::mem_pestat] skip orientation FF as there are not enough pairs
[M::mem_pestat] analyzing insert size distribution for orientation FR...
[M::mem_pestat] (25, 50, 75) percentile: (382, 388, 397)
[M::mem_pestat] low and high boundaries for computing mean and std.dev: (352, 427)
[M::mem_pestat] mean and std.dev: (390.24, 11.14)
[M::mem_pestat] low and high boundaries for proper pairs: (337, 442)
[M::mem_pestat] analyzing insert size distribution for orientation RF...
[M::mem_pestat] (25, 50, 75) percentile: (814, 814, 814)
[M::mem_pestat] low and high boundaries for computing mean and std.dev: (814, 814)
[M::mem_pestat] mean and std.dev: (814.00, 0.00)
[M::mem_pestat] low and high boundaries for proper pairs: (814, 814)
[M::mem_pestat] skip orientation RR as there are not enough pairs
[M::mem_pestat] skip orientation RF
[M::mem_process_seqs] Processed 79682 reads in 18.475 CPU sec, 8.952 real sec
[M::process] read 79682 sequences (20000182 bp)...
[M::mem_pestat] # candidate unique pairs for (FF, FR, RF, RR): (1, 37413, 10, 3)
[M::mem_pestat] skip orientation FF as there are not enough pairs
[M::mem_pestat] analyzing insert size distribution for orientation FR...
[M::mem_pestat] (25, 50, 75) percentile: (382, 388, 397)
[M::mem_pestat] low and high boundaries for computing mean and std.dev: (352, 427)
[M::mem_pestat] mean and std.dev: (390.30, 11.18)
[M::mem_pestat] low and high boundaries for proper pairs: (337, 442)
[M::mem_pestat] analyzing insert size distribution for orientation RF...
[M::mem_pestat] (25, 50, 75) percentile: (613, 814, 5657)
[M::mem_pestat] low and high boundaries for computing mean and std.dev: (1, 15745)
[M::mem_pestat] mean and std.dev: (2712.00, 3327.74)
[M::mem_pestat] low and high boundaries for proper pairs: (1, 20789)
[M::mem_pestat] skip orientation RR as there are not enough pairs
[M::mem_pestat] skip orientation RF
[M::mem_process_seqs] Processed 79682 reads in 24.533 CPU sec, 11.979 real sec
[M::process] read 79682 sequences (20000182 bp)...
[M::mem_pestat] # candidate unique pairs for (FF, FR, RF, RR): (1, 37568, 4, 4)
[M::mem_pestat] skip orientation FF as there are not enough pairs
[M::mem_pestat] analyzing insert size distribution for orientation FR...
[M::mem_pestat] (25, 50, 75) percentile: (382, 388, 397)
[M::mem_pestat] low and high boundaries for computing mean and std.dev: (352, 427)
[M::mem_pestat] mean and std.dev: (390.35, 11.16)
[M::mem_pestat] low and high boundaries for proper pairs: (337, 442)
[M::mem_pestat] skip orientation RF as there are not enough pairs
[M::mem_pestat] skip orientation RR as there are not enough pairs
[M::mem_process_seqs] Processed 79682 reads in 22.325 CPU sec, 10.851 real sec
[M::process] read 79682 sequences (20000182 bp)...
[M::mem_pestat] # candidate unique pairs for (FF, FR, RF, RR): (4, 37550, 2, 3)
[M::mem_pestat] skip orientation FF as there are not enough pairs
[M::mem_pestat] analyzing insert size distribution for orientation FR...
[M::mem_pestat] (25, 50, 75) percentile: (382, 388, 397)
[M::mem_pestat] low and high boundaries for computing mean and std.dev: (352, 427)
[M::mem_pestat] mean and std.dev: (390.27, 11.11)
[M::mem_pestat] low and high boundaries for proper pairs: (337, 442)
[M::mem_pestat] skip orientation RF as there are not enough pairs
[M::mem_pestat] skip orientation RR as there are not enough pairs
[M::mem_process_seqs] Processed 79682 reads in 28.403 CPU sec, 13.913 real sec
[M::process] read 13880 sequences (3483880 bp)...
[M::mem_pestat] # candidate unique pairs for (FF, FR, RF, RR): (4, 37566, 4, 0)
[M::mem_pestat] skip orientation FF as there are not enough pairs
[M::mem_pestat] analyzing insert size distribution for orientation FR...
[M::mem_pestat] (25, 50, 75) percentile: (382, 388, 397)
[M::mem_pestat] low and high boundaries for computing mean and std.dev: (352, 427)
[M::mem_pestat] mean and std.dev: (390.30, 11.13)
[M::mem_pestat] low and high boundaries for proper pairs: (337, 442)
[M::mem_pestat] skip orientation RF as there are not enough pairs
[M::mem_pestat] skip orientation RR as there are not enough pairs
[M::mem_process_seqs] Processed 79682 reads in 23.592 CPU sec, 11.691 real sec
[M::mem_pestat] # candidate unique pairs for (FF, FR, RF, RR): (2, 6514, 1, 0)
[M::mem_pestat] skip orientation FF as there are not enough pairs
[M::mem_pestat] analyzing insert size distribution for orientation FR...
[M::mem_pestat] (25, 50, 75) percentile: (382, 387, 394)
[M::mem_pestat] low and high boundaries for computing mean and std.dev: (358, 418)
[M::mem_pestat] mean and std.dev: (390.23, 10.61)
[M::mem_pestat] low and high boundaries for proper pairs: (346, 433)
[M::mem_pestat] skip orientation RF as there are not enough pairs
[M::mem_pestat] skip orientation RR as there are not enough pairs
[M::mem_process_seqs] Processed 13880 reads in 4.017 CPU sec, 1.983 real sec
[main] Version: 0.7.17-r1188
[main] CMD: bwa mem -t 2 /workspace/lab/mcarthurlab/nasirja/covid-19-signal/data/composite_human_viral_reference.fna E3/raw_fastq/E3_R1.fastq.gz E3/raw_fastq/E3_R2.fastq.gz
[main] Real time: 106.905 sec; CPU: 198.303 sec
viral read count = 613570 (94.20%)
human read count = 0 (0.00%) 
unmapped read count = 37766 (5.80%)
